[0.019s] Invoking command in '/home/nuc/rm_vision_ws/build/armor_tracker': AMENT_PREFIX_PATH=/home/nuc/rm_vision_ws/install/auto_aim_interfaces:${AMENT_PREFIX_PATH} CMAKE_PREFIX_PATH=/home/nuc/rm_vision_ws/install/auto_aim_interfaces:/home/nuc/ros_ws_ADD_NEW/install/rm_vision_bringup:/home/nuc/ros_ws_ADD_NEW/install/rm_serial_driver:/home/nuc/ros_ws_ADD_NEW/install/rm_gimbal_description:/home/nuc/ros_ws_ADD_NEW/install/hik_camera:/home/nuc/ros_ws_ADD_NEW/install/armor_tracker:/home/nuc/ros_ws_ADD_NEW/install/armor_detector:/home/nuc/ros_ws_ADD_NEW/install/auto_aim_interfaces:/opt/ros/humble LD_LIBRARY_PATH=/home/nuc/rm_vision_ws/install/auto_aim_interfaces/lib:${LD_LIBRARY_PATH} PYTHONPATH=/home/nuc/rm_vision_ws/install/auto_aim_interfaces/local/lib/python3.10/dist-packages:${PYTHONPATH} /usr/bin/cmake --build /home/nuc/rm_vision_ws/build/armor_tracker -- -j16 -l16
[0.053s] [35m[1mConsolidate compiler generated dependencies of target armor_tracker[0m
[0.067s] [ 33%] Built target armor_tracker_node
[0.074s] [100%] Built target armor_tracker
[0.094s] Invoked command in '/home/nuc/rm_vision_ws/build/armor_tracker' returned '0': AMENT_PREFIX_PATH=/home/nuc/rm_vision_ws/install/auto_aim_interfaces:${AMENT_PREFIX_PATH} CMAKE_PREFIX_PATH=/home/nuc/rm_vision_ws/install/auto_aim_interfaces:/home/nuc/ros_ws_ADD_NEW/install/rm_vision_bringup:/home/nuc/ros_ws_ADD_NEW/install/rm_serial_driver:/home/nuc/ros_ws_ADD_NEW/install/rm_gimbal_description:/home/nuc/ros_ws_ADD_NEW/install/hik_camera:/home/nuc/ros_ws_ADD_NEW/install/armor_tracker:/home/nuc/ros_ws_ADD_NEW/install/armor_detector:/home/nuc/ros_ws_ADD_NEW/install/auto_aim_interfaces:/opt/ros/humble LD_LIBRARY_PATH=/home/nuc/rm_vision_ws/install/auto_aim_interfaces/lib:${LD_LIBRARY_PATH} PYTHONPATH=/home/nuc/rm_vision_ws/install/auto_aim_interfaces/local/lib/python3.10/dist-packages:${PYTHONPATH} /usr/bin/cmake --build /home/nuc/rm_vision_ws/build/armor_tracker -- -j16 -l16
[0.126s] Invoking command in '/home/nuc/rm_vision_ws/build/armor_tracker': AMENT_PREFIX_PATH=/home/nuc/rm_vision_ws/install/auto_aim_interfaces:${AMENT_PREFIX_PATH} CMAKE_PREFIX_PATH=/home/nuc/rm_vision_ws/install/auto_aim_interfaces:/home/nuc/ros_ws_ADD_NEW/install/rm_vision_bringup:/home/nuc/ros_ws_ADD_NEW/install/rm_serial_driver:/home/nuc/ros_ws_ADD_NEW/install/rm_gimbal_description:/home/nuc/ros_ws_ADD_NEW/install/hik_camera:/home/nuc/ros_ws_ADD_NEW/install/armor_tracker:/home/nuc/ros_ws_ADD_NEW/install/armor_detector:/home/nuc/ros_ws_ADD_NEW/install/auto_aim_interfaces:/opt/ros/humble LD_LIBRARY_PATH=/home/nuc/rm_vision_ws/install/auto_aim_interfaces/lib:${LD_LIBRARY_PATH} PYTHONPATH=/home/nuc/rm_vision_ws/install/auto_aim_interfaces/local/lib/python3.10/dist-packages:${PYTHONPATH} /usr/bin/cmake --install /home/nuc/rm_vision_ws/build/armor_tracker
[0.135s] -- Install configuration: ""
[0.136s] -- Execute custom install script
[0.137s] -- Up-to-date symlink: /home/nuc/rm_vision_ws/install/armor_tracker/lib/armor_tracker/armor_tracker_node
[0.137s] -- Up-to-date symlink: /home/nuc/rm_vision_ws/install/armor_tracker/include/armor_tracker/extended_kalman_filter.hpp
[0.137s] -- Up-to-date symlink: /home/nuc/rm_vision_ws/install/armor_tracker/include/armor_tracker/tracker.hpp
[0.137s] -- Up-to-date symlink: /home/nuc/rm_vision_ws/install/armor_tracker/include/armor_tracker/tracker_node.hpp
[0.137s] -- Up-to-date symlink: /home/nuc/rm_vision_ws/install/armor_tracker/share/armor_tracker/environment/library_path.sh
[0.137s] -- Up-to-date symlink: /home/nuc/rm_vision_ws/install/armor_tracker/share/armor_tracker/environment/library_path.dsv
[0.137s] -- Up-to-date symlink: /home/nuc/rm_vision_ws/install/armor_tracker/lib/libarmor_tracker.so
[0.137s] -- Up-to-date symlink: /home/nuc/rm_vision_ws/install/armor_tracker/share/ament_index/resource_index/package_run_dependencies/armor_tracker
[0.138s] -- Up-to-date symlink: /home/nuc/rm_vision_ws/install/armor_tracker/share/ament_index/resource_index/parent_prefix_path/armor_tracker
[0.138s] -- Up-to-date symlink: /home/nuc/rm_vision_ws/install/armor_tracker/share/armor_tracker/environment/ament_prefix_path.sh
[0.138s] -- Up-to-date symlink: /home/nuc/rm_vision_ws/install/armor_tracker/share/armor_tracker/environment/ament_prefix_path.dsv
[0.138s] -- Up-to-date symlink: /home/nuc/rm_vision_ws/install/armor_tracker/share/armor_tracker/environment/path.sh
[0.138s] -- Up-to-date symlink: /home/nuc/rm_vision_ws/install/armor_tracker/share/armor_tracker/environment/path.dsv
[0.138s] -- Up-to-date symlink: /home/nuc/rm_vision_ws/install/armor_tracker/share/armor_tracker/local_setup.bash
[0.138s] -- Up-to-date symlink: /home/nuc/rm_vision_ws/install/armor_tracker/share/armor_tracker/local_setup.sh
[0.139s] -- Up-to-date symlink: /home/nuc/rm_vision_ws/install/armor_tracker/share/armor_tracker/local_setup.zsh
[0.139s] -- Up-to-date symlink: /home/nuc/rm_vision_ws/install/armor_tracker/share/armor_tracker/local_setup.dsv
[0.139s] -- Symlinking: /home/nuc/rm_vision_ws/install/armor_tracker/share/armor_tracker/package.dsv
[0.145s] -- Up-to-date symlink: /home/nuc/rm_vision_ws/install/armor_tracker/share/ament_index/resource_index/packages/armor_tracker
[0.146s] -- Up-to-date symlink: /home/nuc/rm_vision_ws/install/armor_tracker/share/ament_index/resource_index/rclcpp_components/armor_tracker
[0.146s] -- Up-to-date symlink: /home/nuc/rm_vision_ws/install/armor_tracker/share/armor_tracker/cmake/ament_cmake_export_dependencies-extras.cmake
[0.146s] -- Up-to-date symlink: /home/nuc/rm_vision_ws/install/armor_tracker/share/armor_tracker/cmake/ament_cmake_export_include_directories-extras.cmake
[0.146s] -- Up-to-date symlink: /home/nuc/rm_vision_ws/install/armor_tracker/share/armor_tracker/cmake/ament_cmake_export_libraries-extras.cmake
[0.146s] -- Up-to-date symlink: /home/nuc/rm_vision_ws/install/armor_tracker/share/armor_tracker/cmake/armor_trackerConfig.cmake
[0.146s] -- Up-to-date symlink: /home/nuc/rm_vision_ws/install/armor_tracker/share/armor_tracker/cmake/armor_trackerConfig-version.cmake
[0.146s] -- Up-to-date symlink: /home/nuc/rm_vision_ws/install/armor_tracker/share/armor_tracker/package.xml
[0.159s] Invoked command in '/home/nuc/rm_vision_ws/build/armor_tracker' returned '0': AMENT_PREFIX_PATH=/home/nuc/rm_vision_ws/install/auto_aim_interfaces:${AMENT_PREFIX_PATH} CMAKE_PREFIX_PATH=/home/nuc/rm_vision_ws/install/auto_aim_interfaces:/home/nuc/ros_ws_ADD_NEW/install/rm_vision_bringup:/home/nuc/ros_ws_ADD_NEW/install/rm_serial_driver:/home/nuc/ros_ws_ADD_NEW/install/rm_gimbal_description:/home/nuc/ros_ws_ADD_NEW/install/hik_camera:/home/nuc/ros_ws_ADD_NEW/install/armor_tracker:/home/nuc/ros_ws_ADD_NEW/install/armor_detector:/home/nuc/ros_ws_ADD_NEW/install/auto_aim_interfaces:/opt/ros/humble LD_LIBRARY_PATH=/home/nuc/rm_vision_ws/install/auto_aim_interfaces/lib:${LD_LIBRARY_PATH} PYTHONPATH=/home/nuc/rm_vision_ws/install/auto_aim_interfaces/local/lib/python3.10/dist-packages:${PYTHONPATH} /usr/bin/cmake --install /home/nuc/rm_vision_ws/build/armor_tracker
