[ 28%] Built target buff_tracker_node
[100%] Built target buff_tracker
-- Install configuration: ""
-- Up-to-date: /home/rosnoetic/vision_ws/rm_shaobing_vision/install/buff_tracker/lib/buff_tracker/buff_tracker_node
-- Up-to-date: /home/rosnoetic/vision_ws/rm_shaobing_vision/install/buff_tracker/include
-- Up-to-date: /home/rosnoetic/vision_ws/rm_shaobing_vision/install/buff_tracker/include/buff_tracker
-- Up-to-date: /home/rosnoetic/vision_ws/rm_shaobing_vision/install/buff_tracker/include/buff_tracker/tracker.hpp
-- Up-to-date: /home/rosnoetic/vision_ws/rm_shaobing_vision/install/buff_tracker/include/buff_tracker/extended_kalman_filter.hpp
-- Up-to-date: /home/rosnoetic/vision_ws/rm_shaobing_vision/install/buff_tracker/include/buff_tracker/tracker_node.hpp
-- Up-to-date: /home/rosnoetic/vision_ws/rm_shaobing_vision/install/buff_tracker/include/buff_tracker/gauss_newton_solver.hpp
-- Up-to-date: /home/rosnoetic/vision_ws/rm_shaobing_vision/install/buff_tracker/share/buff_tracker/environment/library_path.dsv
-- Up-to-date: /home/rosnoetic/vision_ws/rm_shaobing_vision/install/buff_tracker/lib/libbuff_tracker.so
-- Up-to-date: /home/rosnoetic/vision_ws/rm_shaobing_vision/install/buff_tracker/share/ament_index/resource_index/package_run_dependencies/buff_tracker
-- Up-to-date: /home/rosnoetic/vision_ws/rm_shaobing_vision/install/buff_tracker/share/ament_index/resource_index/parent_prefix_path/buff_tracker
-- Up-to-date: /home/rosnoetic/vision_ws/rm_shaobing_vision/install/buff_tracker/share/buff_tracker/environment/ament_prefix_path.dsv
-- Up-to-date: /home/rosnoetic/vision_ws/rm_shaobing_vision/install/buff_tracker/share/buff_tracker/environment/path.dsv
-- Up-to-date: /home/rosnoetic/vision_ws/rm_shaobing_vision/install/buff_tracker/share/buff_tracker/local_setup.bash
-- Up-to-date: /home/rosnoetic/vision_ws/rm_shaobing_vision/install/buff_tracker/share/buff_tracker/local_setup.sh
-- Up-to-date: /home/rosnoetic/vision_ws/rm_shaobing_vision/install/buff_tracker/share/buff_tracker/local_setup.zsh
-- Up-to-date: /home/rosnoetic/vision_ws/rm_shaobing_vision/install/buff_tracker/share/buff_tracker/local_setup.dsv
-- Installing: /home/rosnoetic/vision_ws/rm_shaobing_vision/install/buff_tracker/share/buff_tracker/package.dsv
-- Up-to-date: /home/rosnoetic/vision_ws/rm_shaobing_vision/install/buff_tracker/share/ament_index/resource_index/packages/buff_tracker
-- Up-to-date: /home/rosnoetic/vision_ws/rm_shaobing_vision/install/buff_tracker/share/ament_index/resource_index/rclcpp_components/buff_tracker
-- Up-to-date: /home/rosnoetic/vision_ws/rm_shaobing_vision/install/buff_tracker/share/buff_tracker/cmake/ament_cmake_export_dependencies-extras.cmake
-- Up-to-date: /home/rosnoetic/vision_ws/rm_shaobing_vision/install/buff_tracker/share/buff_tracker/cmake/ament_cmake_export_include_directories-extras.cmake
-- Up-to-date: /home/rosnoetic/vision_ws/rm_shaobing_vision/install/buff_tracker/share/buff_tracker/cmake/ament_cmake_export_libraries-extras.cmake
-- Up-to-date: /home/rosnoetic/vision_ws/rm_shaobing_vision/install/buff_tracker/share/buff_tracker/cmake/buff_trackerConfig.cmake
-- Up-to-date: /home/rosnoetic/vision_ws/rm_shaobing_vision/install/buff_tracker/share/buff_tracker/cmake/buff_trackerConfig-version.cmake
-- Up-to-date: /home/rosnoetic/vision_ws/rm_shaobing_vision/install/buff_tracker/share/buff_tracker/package.xml
