[0.114s] Invoking command in '/home/rosnoetic/rm_shaobing_vision/build/rm_serial_driver': AMENT_PREFIX_PATH=/home/rosnoetic/rm_shaobing_vision/install/auto_aim_interfaces:${AMENT_PREFIX_PATH} CMAKE_PREFIX_PATH=/home/rosnoetic/rm_shaobing_vision/install/auto_aim_interfaces:/home/rosnoetic/ros_ws/install/rm_vision_bringup:/home/rosnoetic/ros_ws/install/rm_serial_driver:/home/rosnoetic/ros_ws/install/rm_gimbal_description:/home/rosnoetic/ros_ws/install/hik_camera:/home/rosnoetic/ros_ws/install/armor_tracker:/home/rosnoetic/ros_ws/install/armor_detector:/home/rosnoetic/ros_ws/install/auto_aim_interfaces:/opt/ros/humble LD_LIBRARY_PATH=/home/rosnoetic/rm_shaobing_vision/install/auto_aim_interfaces/lib:/opt/MVS/lib/64:/opt/MVS/lib/32:/opt/MVS/lib/64:/opt/MVS/lib/32:/home/rosnoetic/ros_ws/install/rm_serial_driver/lib:/home/rosnoetic/ros_ws/install/hik_camera/lib:/home/rosnoetic/ros_ws/install/armor_tracker/lib:/home/rosnoetic/ros_ws/install/armor_detector/lib:/home/rosnoetic/ros_ws/install/auto_aim_interfaces/lib:/usr/lib/x86_64-linux-gnu/gazebo-11/plugins:/opt/ros/humble/opt/rviz_ogre_vendor/lib:/opt/ros/humble/lib/x86_64-linux-gnu:/opt/ros/humble/lib:/opt/MVS/lib/64:/opt/MVS/lib/32:/opt/MVS/lib/64:/opt/MVS/lib/32 PYTHONPATH=/home/rosnoetic/rm_shaobing_vision/install/auto_aim_interfaces/local/lib/python3.10/dist-packages:${PYTHONPATH} /usr/bin/cmake --build /home/rosnoetic/rm_shaobing_vision/build/rm_serial_driver -- -j16 -l16
[0.592s] [35m[1mConsolidate compiler generated dependencies of target rm_serial_driver[0m
[0.711s] [ 40%] Built target rm_serial_driver_node
[0.822s] [ 60%] [32m[1mLinking CXX shared library librm_serial_driver.so[0m
[4.994s] [100%] Built target rm_serial_driver
[5.077s] Invoked command in '/home/rosnoetic/rm_shaobing_vision/build/rm_serial_driver' returned '0': AMENT_PREFIX_PATH=/home/rosnoetic/rm_shaobing_vision/install/auto_aim_interfaces:${AMENT_PREFIX_PATH} CMAKE_PREFIX_PATH=/home/rosnoetic/rm_shaobing_vision/install/auto_aim_interfaces:/home/rosnoetic/ros_ws/install/rm_vision_bringup:/home/rosnoetic/ros_ws/install/rm_serial_driver:/home/rosnoetic/ros_ws/install/rm_gimbal_description:/home/rosnoetic/ros_ws/install/hik_camera:/home/rosnoetic/ros_ws/install/armor_tracker:/home/rosnoetic/ros_ws/install/armor_detector:/home/rosnoetic/ros_ws/install/auto_aim_interfaces:/opt/ros/humble LD_LIBRARY_PATH=/home/rosnoetic/rm_shaobing_vision/install/auto_aim_interfaces/lib:/opt/MVS/lib/64:/opt/MVS/lib/32:/opt/MVS/lib/64:/opt/MVS/lib/32:/home/rosnoetic/ros_ws/install/rm_serial_driver/lib:/home/rosnoetic/ros_ws/install/hik_camera/lib:/home/rosnoetic/ros_ws/install/armor_tracker/lib:/home/rosnoetic/ros_ws/install/armor_detector/lib:/home/rosnoetic/ros_ws/install/auto_aim_interfaces/lib:/usr/lib/x86_64-linux-gnu/gazebo-11/plugins:/opt/ros/humble/opt/rviz_ogre_vendor/lib:/opt/ros/humble/lib/x86_64-linux-gnu:/opt/ros/humble/lib:/opt/MVS/lib/64:/opt/MVS/lib/32:/opt/MVS/lib/64:/opt/MVS/lib/32 PYTHONPATH=/home/rosnoetic/rm_shaobing_vision/install/auto_aim_interfaces/local/lib/python3.10/dist-packages:${PYTHONPATH} /usr/bin/cmake --build /home/rosnoetic/rm_shaobing_vision/build/rm_serial_driver -- -j16 -l16
[5.491s] Invoking command in '/home/rosnoetic/rm_shaobing_vision/build/rm_serial_driver': AMENT_PREFIX_PATH=/home/rosnoetic/rm_shaobing_vision/install/auto_aim_interfaces:${AMENT_PREFIX_PATH} CMAKE_PREFIX_PATH=/home/rosnoetic/rm_shaobing_vision/install/auto_aim_interfaces:/home/rosnoetic/ros_ws/install/rm_vision_bringup:/home/rosnoetic/ros_ws/install/rm_serial_driver:/home/rosnoetic/ros_ws/install/rm_gimbal_description:/home/rosnoetic/ros_ws/install/hik_camera:/home/rosnoetic/ros_ws/install/armor_tracker:/home/rosnoetic/ros_ws/install/armor_detector:/home/rosnoetic/ros_ws/install/auto_aim_interfaces:/opt/ros/humble LD_LIBRARY_PATH=/home/rosnoetic/rm_shaobing_vision/install/auto_aim_interfaces/lib:/opt/MVS/lib/64:/opt/MVS/lib/32:/opt/MVS/lib/64:/opt/MVS/lib/32:/home/rosnoetic/ros_ws/install/rm_serial_driver/lib:/home/rosnoetic/ros_ws/install/hik_camera/lib:/home/rosnoetic/ros_ws/install/armor_tracker/lib:/home/rosnoetic/ros_ws/install/armor_detector/lib:/home/rosnoetic/ros_ws/install/auto_aim_interfaces/lib:/usr/lib/x86_64-linux-gnu/gazebo-11/plugins:/opt/ros/humble/opt/rviz_ogre_vendor/lib:/opt/ros/humble/lib/x86_64-linux-gnu:/opt/ros/humble/lib:/opt/MVS/lib/64:/opt/MVS/lib/32:/opt/MVS/lib/64:/opt/MVS/lib/32 PYTHONPATH=/home/rosnoetic/rm_shaobing_vision/install/auto_aim_interfaces/local/lib/python3.10/dist-packages:${PYTHONPATH} /usr/bin/cmake --install /home/rosnoetic/rm_shaobing_vision/build/rm_serial_driver
[5.553s] -- Install configuration: ""
[5.559s] -- Up-to-date: /home/rosnoetic/rm_shaobing_vision/install/rm_serial_driver/lib/rm_serial_driver/rm_serial_driver_node
[5.561s] -- Up-to-date: /home/rosnoetic/rm_shaobing_vision/install/rm_serial_driver/include
[5.561s] -- Up-to-date: /home/rosnoetic/rm_shaobing_vision/install/rm_serial_driver/include/rm_serial_driver
[5.561s] -- Up-to-date: /home/rosnoetic/rm_shaobing_vision/install/rm_serial_driver/include/rm_serial_driver/crc.hpp
[5.562s] -- Installing: /home/rosnoetic/rm_shaobing_vision/install/rm_serial_driver/include/rm_serial_driver/packet.hpp
[5.567s] -- Up-to-date: /home/rosnoetic/rm_shaobing_vision/install/rm_serial_driver/include/rm_serial_driver/rm_serial_driver.hpp
[5.568s] -- Up-to-date: /home/rosnoetic/rm_shaobing_vision/install/rm_serial_driver/share/rm_serial_driver/environment/library_path.sh
[5.569s] -- Up-to-date: /home/rosnoetic/rm_shaobing_vision/install/rm_serial_driver/share/rm_serial_driver/environment/library_path.dsv
[5.577s] -- Installing: /home/rosnoetic/rm_shaobing_vision/install/rm_serial_driver/lib/librm_serial_driver.so
[5.661s] -- Set runtime path of "/home/rosnoetic/rm_shaobing_vision/install/rm_serial_driver/lib/librm_serial_driver.so" to ""
[5.662s] -- Up-to-date: /home/rosnoetic/rm_shaobing_vision/install/rm_serial_driver/share/rm_serial_driver/config
[5.662s] -- Up-to-date: /home/rosnoetic/rm_shaobing_vision/install/rm_serial_driver/share/rm_serial_driver/config/serial_driver.yaml
[5.663s] -- Up-to-date: /home/rosnoetic/rm_shaobing_vision/install/rm_serial_driver/share/rm_serial_driver/launch
[5.664s] -- Up-to-date: /home/rosnoetic/rm_shaobing_vision/install/rm_serial_driver/share/rm_serial_driver/launch/serial_driver.launch.py
[5.664s] -- Up-to-date: /home/rosnoetic/rm_shaobing_vision/install/rm_serial_driver/share/ament_index/resource_index/package_run_dependencies/rm_serial_driver
[5.664s] -- Up-to-date: /home/rosnoetic/rm_shaobing_vision/install/rm_serial_driver/share/ament_index/resource_index/parent_prefix_path/rm_serial_driver
[5.665s] -- Up-to-date: /home/rosnoetic/rm_shaobing_vision/install/rm_serial_driver/share/rm_serial_driver/environment/ament_prefix_path.sh
[5.665s] -- Up-to-date: /home/rosnoetic/rm_shaobing_vision/install/rm_serial_driver/share/rm_serial_driver/environment/ament_prefix_path.dsv
[5.665s] -- Up-to-date: /home/rosnoetic/rm_shaobing_vision/install/rm_serial_driver/share/rm_serial_driver/environment/path.sh
[5.666s] -- Up-to-date: /home/rosnoetic/rm_shaobing_vision/install/rm_serial_driver/share/rm_serial_driver/environment/path.dsv
[5.666s] -- Up-to-date: /home/rosnoetic/rm_shaobing_vision/install/rm_serial_driver/share/rm_serial_driver/local_setup.bash
[5.667s] -- Up-to-date: /home/rosnoetic/rm_shaobing_vision/install/rm_serial_driver/share/rm_serial_driver/local_setup.sh
[5.667s] -- Up-to-date: /home/rosnoetic/rm_shaobing_vision/install/rm_serial_driver/share/rm_serial_driver/local_setup.zsh
[5.667s] -- Up-to-date: /home/rosnoetic/rm_shaobing_vision/install/rm_serial_driver/share/rm_serial_driver/local_setup.dsv
[5.668s] -- Installing: /home/rosnoetic/rm_shaobing_vision/install/rm_serial_driver/share/rm_serial_driver/package.dsv
[5.671s] -- Up-to-date: /home/rosnoetic/rm_shaobing_vision/install/rm_serial_driver/share/ament_index/resource_index/packages/rm_serial_driver
[5.671s] -- Up-to-date: /home/rosnoetic/rm_shaobing_vision/install/rm_serial_driver/share/ament_index/resource_index/rclcpp_components/rm_serial_driver
[5.671s] -- Up-to-date: /home/rosnoetic/rm_shaobing_vision/install/rm_serial_driver/share/rm_serial_driver/cmake/ament_cmake_export_dependencies-extras.cmake
[5.671s] -- Up-to-date: /home/rosnoetic/rm_shaobing_vision/install/rm_serial_driver/share/rm_serial_driver/cmake/ament_cmake_export_include_directories-extras.cmake
[5.672s] -- Up-to-date: /home/rosnoetic/rm_shaobing_vision/install/rm_serial_driver/share/rm_serial_driver/cmake/ament_cmake_export_libraries-extras.cmake
[5.672s] -- Up-to-date: /home/rosnoetic/rm_shaobing_vision/install/rm_serial_driver/share/rm_serial_driver/cmake/rm_serial_driverConfig.cmake
[5.672s] -- Up-to-date: /home/rosnoetic/rm_shaobing_vision/install/rm_serial_driver/share/rm_serial_driver/cmake/rm_serial_driverConfig-version.cmake
[5.673s] -- Up-to-date: /home/rosnoetic/rm_shaobing_vision/install/rm_serial_driver/share/rm_serial_driver/package.xml
[5.680s] Invoked command in '/home/rosnoetic/rm_shaobing_vision/build/rm_serial_driver' returned '0': AMENT_PREFIX_PATH=/home/rosnoetic/rm_shaobing_vision/install/auto_aim_interfaces:${AMENT_PREFIX_PATH} CMAKE_PREFIX_PATH=/home/rosnoetic/rm_shaobing_vision/install/auto_aim_interfaces:/home/rosnoetic/ros_ws/install/rm_vision_bringup:/home/rosnoetic/ros_ws/install/rm_serial_driver:/home/rosnoetic/ros_ws/install/rm_gimbal_description:/home/rosnoetic/ros_ws/install/hik_camera:/home/rosnoetic/ros_ws/install/armor_tracker:/home/rosnoetic/ros_ws/install/armor_detector:/home/rosnoetic/ros_ws/install/auto_aim_interfaces:/opt/ros/humble LD_LIBRARY_PATH=/home/rosnoetic/rm_shaobing_vision/install/auto_aim_interfaces/lib:/opt/MVS/lib/64:/opt/MVS/lib/32:/opt/MVS/lib/64:/opt/MVS/lib/32:/home/rosnoetic/ros_ws/install/rm_serial_driver/lib:/home/rosnoetic/ros_ws/install/hik_camera/lib:/home/rosnoetic/ros_ws/install/armor_tracker/lib:/home/rosnoetic/ros_ws/install/armor_detector/lib:/home/rosnoetic/ros_ws/install/auto_aim_interfaces/lib:/usr/lib/x86_64-linux-gnu/gazebo-11/plugins:/opt/ros/humble/opt/rviz_ogre_vendor/lib:/opt/ros/humble/lib/x86_64-linux-gnu:/opt/ros/humble/lib:/opt/MVS/lib/64:/opt/MVS/lib/32:/opt/MVS/lib/64:/opt/MVS/lib/32 PYTHONPATH=/home/rosnoetic/rm_shaobing_vision/install/auto_aim_interfaces/local/lib/python3.10/dist-packages:${PYTHONPATH} /usr/bin/cmake --install /home/rosnoetic/rm_shaobing_vision/build/rm_serial_driver
