[0.007s] Invoking command in '/home/nuc/rm_vision_ws/build/buff_tracker': AMENT_PREFIX_PATH=/home/nuc/rm_vision_ws/install/buff_interfaces:${AMENT_PREFIX_PATH} CMAKE_PREFIX_PATH=/home/nuc/rm_vision_ws/install/buff_interfaces:/opt/ros/humble LD_LIBRARY_PATH=/home/nuc/rm_vision_ws/install/buff_interfaces/lib:/opt/MVS/lib/64:/opt/MVS/lib/32:/opt/MVS/lib/64:/opt/MVS/lib/32:/usr/lib/x86_64-linux-gnu/gazebo-11/plugins:/opt/ros/humble/opt/rviz_ogre_vendor/lib:/opt/ros/humble/lib/x86_64-linux-gnu:/opt/ros/humble/opt/openvdb_vendor/lib:/opt/ros/humble/lib:/opt/MVS/lib/64:/opt/MVS/lib/32 PYTHONPATH=/home/nuc/rm_vision_ws/install/buff_interfaces/local/lib/python3.10/dist-packages:${PYTHONPATH} /usr/bin/cmake /home/nuc/rm_vision_ws/src/rm_buff/buff_tracker -DAMENT_CMAKE_SYMLINK_INSTALL=1 -DCMAKE_INSTALL_PREFIX=/home/nuc/rm_vision_ws/install/buff_tracker
[0.052s] -- The C compiler identification is GNU 11.4.0
[0.098s] -- The CXX compiler identification is GNU 11.4.0
[0.103s] -- Detecting C compiler ABI info
[0.156s] -- Detecting C compiler ABI info - done
[0.161s] -- Check for working C compiler: /usr/bin/cc - skipped
[0.161s] -- Detecting C compile features
[0.161s] -- Detecting C compile features - done
[0.163s] -- Detecting CXX compiler ABI info
[0.226s] -- Detecting CXX compiler ABI info - done
[0.234s] -- Check for working CXX compiler: /usr/bin/c++ - skipped
[0.234s] -- Detecting CXX compile features
[0.234s] -- Detecting CXX compile features - done
[0.236s] -- Found ament_cmake_auto: 1.3.10 (/opt/ros/humble/share/ament_cmake_auto/cmake)
[0.360s] -- Found Python3: /usr/bin/python3 (found version "3.10.12") found components: Interpreter 
[0.418s] -- Override CMake install command with custom implementation using symlinks instead of copying resources
[0.446s] -- Found OpenCV: /usr (found version "4.5.4") 
[0.521s] -- Found rosidl_generator_c: 3.1.5 (/opt/ros/humble/share/rosidl_generator_c/cmake)
[0.523s] -- Found rosidl_adapter: 3.1.5 (/opt/ros/humble/share/rosidl_adapter/cmake)
[0.529s] -- Found rosidl_generator_cpp: 3.1.5 (/opt/ros/humble/share/rosidl_generator_cpp/cmake)
[0.536s] -- Using all available rosidl_typesupport_c: rosidl_typesupport_fastrtps_c;rosidl_typesupport_introspection_c
[0.545s] -- Using all available rosidl_typesupport_cpp: rosidl_typesupport_fastrtps_cpp;rosidl_typesupport_introspection_cpp
[0.573s] -- Found rmw_implementation_cmake: 6.1.2 (/opt/ros/humble/share/rmw_implementation_cmake/cmake)
[0.575s] -- Found rmw_fastrtps_cpp: 6.2.7 (/opt/ros/humble/share/rmw_fastrtps_cpp/cmake)
[0.639s] -- Found OpenSSL: /usr/lib/x86_64-linux-gnu/libcrypto.so (found version "3.0.2")  
[0.662s] -- Found FastRTPS: /opt/ros/humble/include  
[0.696s] -- Using RMW implementation 'rmw_fastrtps_cpp' as default
[0.701s] -- Looking for pthread.h
[0.764s] -- Looking for pthread.h - found
[0.764s] -- Performing Test CMAKE_HAVE_LIBC_PTHREAD
[0.829s] -- Performing Test CMAKE_HAVE_LIBC_PTHREAD - Success
[0.830s] -- Found Threads: TRUE  
[1.021s] -- Found eigen3_cmake_module: 0.1.1 (/opt/ros/humble/share/eigen3_cmake_module/cmake)
[1.022s] -- Found Eigen3: TRUE (found version "3.4.0") 
[1.022s] -- Ensuring Eigen3 include directory is part of orocos-kdl CMake target
[1.123s] -- Found ament_lint_auto: 0.12.11 (/opt/ros/humble/share/ament_lint_auto/cmake)
[1.145s] -- Added test 'cppcheck' to perform static code analysis on C / C++ code
[1.146s] -- Configured cppcheck include dirs: /home/nuc/rm_vision_ws/src/rm_buff/buff_tracker/include
[1.146s] -- Configured cppcheck exclude dirs and/or files: 
[1.146s] -- Added test 'lint_cmake' to check CMake code style
[1.147s] -- Added test 'xmllint' to check XML markup files
[1.150s] -- Configuring done
[1.172s] -- Generating done
[1.174s] -- Build files have been written to: /home/nuc/rm_vision_ws/build/buff_tracker
[1.186s] Invoked command in '/home/nuc/rm_vision_ws/build/buff_tracker' returned '0': AMENT_PREFIX_PATH=/home/nuc/rm_vision_ws/install/buff_interfaces:${AMENT_PREFIX_PATH} CMAKE_PREFIX_PATH=/home/nuc/rm_vision_ws/install/buff_interfaces:/opt/ros/humble LD_LIBRARY_PATH=/home/nuc/rm_vision_ws/install/buff_interfaces/lib:/opt/MVS/lib/64:/opt/MVS/lib/32:/opt/MVS/lib/64:/opt/MVS/lib/32:/usr/lib/x86_64-linux-gnu/gazebo-11/plugins:/opt/ros/humble/opt/rviz_ogre_vendor/lib:/opt/ros/humble/lib/x86_64-linux-gnu:/opt/ros/humble/opt/openvdb_vendor/lib:/opt/ros/humble/lib:/opt/MVS/lib/64:/opt/MVS/lib/32 PYTHONPATH=/home/nuc/rm_vision_ws/install/buff_interfaces/local/lib/python3.10/dist-packages:${PYTHONPATH} /usr/bin/cmake /home/nuc/rm_vision_ws/src/rm_buff/buff_tracker -DAMENT_CMAKE_SYMLINK_INSTALL=1 -DCMAKE_INSTALL_PREFIX=/home/nuc/rm_vision_ws/install/buff_tracker
[1.187s] Invoking command in '/home/nuc/rm_vision_ws/build/buff_tracker': AMENT_PREFIX_PATH=/home/nuc/rm_vision_ws/install/buff_interfaces:${AMENT_PREFIX_PATH} CMAKE_PREFIX_PATH=/home/nuc/rm_vision_ws/install/buff_interfaces:/opt/ros/humble LD_LIBRARY_PATH=/home/nuc/rm_vision_ws/install/buff_interfaces/lib:/opt/MVS/lib/64:/opt/MVS/lib/32:/opt/MVS/lib/64:/opt/MVS/lib/32:/usr/lib/x86_64-linux-gnu/gazebo-11/plugins:/opt/ros/humble/opt/rviz_ogre_vendor/lib:/opt/ros/humble/lib/x86_64-linux-gnu:/opt/ros/humble/opt/openvdb_vendor/lib:/opt/ros/humble/lib:/opt/MVS/lib/64:/opt/MVS/lib/32 PYTHONPATH=/home/nuc/rm_vision_ws/install/buff_interfaces/local/lib/python3.10/dist-packages:${PYTHONPATH} /usr/bin/cmake --build /home/nuc/rm_vision_ws/build/buff_tracker -- -j16 -l16
[1.241s] [ 42%] [32mBuilding CXX object CMakeFiles/buff_tracker_node.dir/rclcpp_components/node_main_buff_tracker_node.cpp.o[0m
[1.241s] [ 42%] [32mBuilding CXX object CMakeFiles/buff_tracker.dir/src/tracker.cpp.o[0m
[1.241s] [ 42%] [32mBuilding CXX object CMakeFiles/buff_tracker.dir/src/tracker_node.cpp.o[0m
[1.241s] [ 57%] [32mBuilding CXX object CMakeFiles/buff_tracker.dir/src/gauss_newton_solver.cpp.o[0m
[1.241s] [ 71%] [32mBuilding CXX object CMakeFiles/buff_tracker.dir/src/extended_kalman_filter.cpp.o[0m
[7.259s] [ 85%] [32m[1mLinking CXX executable buff_tracker_node[0m
[7.798s] [ 85%] Built target buff_tracker_node
[27.393s] [ 57%] [32m[1mLinking CXX shared library libbuff_tracker.so[0m
[30.364s] [100%] Built target buff_tracker
[30.382s] Invoked command in '/home/nuc/rm_vision_ws/build/buff_tracker' returned '0': AMENT_PREFIX_PATH=/home/nuc/rm_vision_ws/install/buff_interfaces:${AMENT_PREFIX_PATH} CMAKE_PREFIX_PATH=/home/nuc/rm_vision_ws/install/buff_interfaces:/opt/ros/humble LD_LIBRARY_PATH=/home/nuc/rm_vision_ws/install/buff_interfaces/lib:/opt/MVS/lib/64:/opt/MVS/lib/32:/opt/MVS/lib/64:/opt/MVS/lib/32:/usr/lib/x86_64-linux-gnu/gazebo-11/plugins:/opt/ros/humble/opt/rviz_ogre_vendor/lib:/opt/ros/humble/lib/x86_64-linux-gnu:/opt/ros/humble/opt/openvdb_vendor/lib:/opt/ros/humble/lib:/opt/MVS/lib/64:/opt/MVS/lib/32 PYTHONPATH=/home/nuc/rm_vision_ws/install/buff_interfaces/local/lib/python3.10/dist-packages:${PYTHONPATH} /usr/bin/cmake --build /home/nuc/rm_vision_ws/build/buff_tracker -- -j16 -l16
[30.424s] Invoking command in '/home/nuc/rm_vision_ws/build/buff_tracker': AMENT_PREFIX_PATH=/home/nuc/rm_vision_ws/install/buff_interfaces:${AMENT_PREFIX_PATH} CMAKE_PREFIX_PATH=/home/nuc/rm_vision_ws/install/buff_interfaces:/opt/ros/humble LD_LIBRARY_PATH=/home/nuc/rm_vision_ws/install/buff_interfaces/lib:/opt/MVS/lib/64:/opt/MVS/lib/32:/opt/MVS/lib/64:/opt/MVS/lib/32:/usr/lib/x86_64-linux-gnu/gazebo-11/plugins:/opt/ros/humble/opt/rviz_ogre_vendor/lib:/opt/ros/humble/lib/x86_64-linux-gnu:/opt/ros/humble/opt/openvdb_vendor/lib:/opt/ros/humble/lib:/opt/MVS/lib/64:/opt/MVS/lib/32 PYTHONPATH=/home/nuc/rm_vision_ws/install/buff_interfaces/local/lib/python3.10/dist-packages:${PYTHONPATH} /usr/bin/cmake --install /home/nuc/rm_vision_ws/build/buff_tracker
[30.435s] -- Install configuration: ""
[30.436s] -- Execute custom install script
[30.436s] -- Symlinking: /home/nuc/rm_vision_ws/install/buff_tracker/lib/buff_tracker/buff_tracker_node
[30.450s] -- Symlinking: /home/nuc/rm_vision_ws/install/buff_tracker/include/buff_tracker/extended_kalman_filter.hpp
[30.463s] -- Symlinking: /home/nuc/rm_vision_ws/install/buff_tracker/include/buff_tracker/gauss_newton_solver.hpp
[30.476s] -- Symlinking: /home/nuc/rm_vision_ws/install/buff_tracker/include/buff_tracker/tracker.hpp
[30.488s] -- Symlinking: /home/nuc/rm_vision_ws/install/buff_tracker/include/buff_tracker/tracker_node.hpp
[30.502s] -- Symlinking: /home/nuc/rm_vision_ws/install/buff_tracker/share/buff_tracker/environment/library_path.sh
[30.515s] -- Symlinking: /home/nuc/rm_vision_ws/install/buff_tracker/share/buff_tracker/environment/library_path.dsv
[30.531s] -- Symlinking: /home/nuc/rm_vision_ws/install/buff_tracker/lib/libbuff_tracker.so
[30.546s] -- Symlinking: /home/nuc/rm_vision_ws/install/buff_tracker/share/ament_index/resource_index/package_run_dependencies/buff_tracker
[30.561s] -- Symlinking: /home/nuc/rm_vision_ws/install/buff_tracker/share/ament_index/resource_index/parent_prefix_path/buff_tracker
[30.576s] -- Symlinking: /home/nuc/rm_vision_ws/install/buff_tracker/share/buff_tracker/environment/ament_prefix_path.sh
[30.589s] -- Symlinking: /home/nuc/rm_vision_ws/install/buff_tracker/share/buff_tracker/environment/ament_prefix_path.dsv
[30.602s] -- Symlinking: /home/nuc/rm_vision_ws/install/buff_tracker/share/buff_tracker/environment/path.sh
[30.615s] -- Symlinking: /home/nuc/rm_vision_ws/install/buff_tracker/share/buff_tracker/environment/path.dsv
[30.631s] -- Symlinking: /home/nuc/rm_vision_ws/install/buff_tracker/share/buff_tracker/local_setup.bash
[30.645s] -- Symlinking: /home/nuc/rm_vision_ws/install/buff_tracker/share/buff_tracker/local_setup.sh
[30.659s] -- Symlinking: /home/nuc/rm_vision_ws/install/buff_tracker/share/buff_tracker/local_setup.zsh
[30.674s] -- Symlinking: /home/nuc/rm_vision_ws/install/buff_tracker/share/buff_tracker/local_setup.dsv
[30.688s] -- Symlinking: /home/nuc/rm_vision_ws/install/buff_tracker/share/buff_tracker/package.dsv
[30.700s] -- Symlinking: /home/nuc/rm_vision_ws/install/buff_tracker/share/ament_index/resource_index/packages/buff_tracker
[30.714s] -- Symlinking: /home/nuc/rm_vision_ws/install/buff_tracker/share/ament_index/resource_index/rclcpp_components/buff_tracker
[30.730s] -- Symlinking: /home/nuc/rm_vision_ws/install/buff_tracker/share/buff_tracker/cmake/ament_cmake_export_dependencies-extras.cmake
[30.746s] -- Symlinking: /home/nuc/rm_vision_ws/install/buff_tracker/share/buff_tracker/cmake/ament_cmake_export_include_directories-extras.cmake
[30.761s] -- Symlinking: /home/nuc/rm_vision_ws/install/buff_tracker/share/buff_tracker/cmake/ament_cmake_export_libraries-extras.cmake
[30.775s] -- Symlinking: /home/nuc/rm_vision_ws/install/buff_tracker/share/buff_tracker/cmake/buff_trackerConfig.cmake
[30.790s] -- Symlinking: /home/nuc/rm_vision_ws/install/buff_tracker/share/buff_tracker/cmake/buff_trackerConfig-version.cmake
[30.805s] -- Symlinking: /home/nuc/rm_vision_ws/install/buff_tracker/share/buff_tracker/package.xml
[30.824s] Invoked command in '/home/nuc/rm_vision_ws/build/buff_tracker' returned '0': AMENT_PREFIX_PATH=/home/nuc/rm_vision_ws/install/buff_interfaces:${AMENT_PREFIX_PATH} CMAKE_PREFIX_PATH=/home/nuc/rm_vision_ws/install/buff_interfaces:/opt/ros/humble LD_LIBRARY_PATH=/home/nuc/rm_vision_ws/install/buff_interfaces/lib:/opt/MVS/lib/64:/opt/MVS/lib/32:/opt/MVS/lib/64:/opt/MVS/lib/32:/usr/lib/x86_64-linux-gnu/gazebo-11/plugins:/opt/ros/humble/opt/rviz_ogre_vendor/lib:/opt/ros/humble/lib/x86_64-linux-gnu:/opt/ros/humble/opt/openvdb_vendor/lib:/opt/ros/humble/lib:/opt/MVS/lib/64:/opt/MVS/lib/32 PYTHONPATH=/home/nuc/rm_vision_ws/install/buff_interfaces/local/lib/python3.10/dist-packages:${PYTHONPATH} /usr/bin/cmake --install /home/nuc/rm_vision_ws/build/buff_tracker
