[0.038s] Invoking command in '/home/rosnoetic/vision_ws/rm_shaobing_vision/build/armor_tracker': AMENT_PREFIX_PATH=/home/rosnoetic/vision_ws/rm_shaobing_vision/install/auto_aim_interfaces:${AMENT_PREFIX_PATH} CMAKE_PREFIX_PATH=/home/rosnoetic/vision_ws/rm_shaobing_vision/install/auto_aim_interfaces:/home/rosnoetic/ros_ws/install/rm_vision_bringup:/home/rosnoetic/ros_ws/install/rm_serial_driver:/home/rosnoetic/ros_ws/install/rm_gimbal_description:/home/rosnoetic/ros_ws/install/hik_camera:/home/rosnoetic/ros_ws/install/armor_tracker:/home/rosnoetic/ros_ws/install/armor_detector:/home/rosnoetic/ros_ws/install/auto_aim_interfaces:/opt/ros/humble LD_LIBRARY_PATH=/home/rosnoetic/vision_ws/rm_shaobing_vision/install/auto_aim_interfaces/lib:/opt/MVS/lib/64:/opt/MVS/lib/32:/opt/MVS/lib/64:/opt/MVS/lib/32:/home/rosnoetic/ros_ws/install/rm_serial_driver/lib:/home/rosnoetic/ros_ws/install/hik_camera/lib:/home/rosnoetic/ros_ws/install/armor_tracker/lib:/home/rosnoetic/ros_ws/install/armor_detector/lib:/home/rosnoetic/ros_ws/install/auto_aim_interfaces/lib:/usr/lib/x86_64-linux-gnu/gazebo-11/plugins:/opt/ros/humble/opt/rviz_ogre_vendor/lib:/opt/ros/humble/lib/x86_64-linux-gnu:/opt/ros/humble/lib:/opt/MVS/lib/64:/opt/MVS/lib/32:/opt/MVS/lib/64:/opt/MVS/lib/32 PYTHONPATH=/home/rosnoetic/vision_ws/rm_shaobing_vision/install/auto_aim_interfaces/local/lib/python3.10/dist-packages:${PYTHONPATH} /usr/bin/cmake --build /home/rosnoetic/vision_ws/rm_shaobing_vision/build/armor_tracker -- -j16 -l16
[0.081s] -- Found ament_cmake_auto: 1.3.10 (/opt/ros/humble/share/ament_cmake_auto/cmake)
[0.423s] -- Found rosidl_generator_c: 3.1.5 (/opt/ros/humble/share/rosidl_generator_c/cmake)
[0.428s] -- Found rosidl_adapter: 3.1.5 (/opt/ros/humble/share/rosidl_adapter/cmake)
[0.432s] -- Found rosidl_generator_cpp: 3.1.5 (/opt/ros/humble/share/rosidl_generator_cpp/cmake)
[0.444s] -- Using all available rosidl_typesupport_c: rosidl_typesupport_fastrtps_c;rosidl_typesupport_introspection_c
[0.458s] -- Using all available rosidl_typesupport_cpp: rosidl_typesupport_fastrtps_cpp;rosidl_typesupport_introspection_cpp
[0.581s] -- Found rmw_implementation_cmake: 6.1.2 (/opt/ros/humble/share/rmw_implementation_cmake/cmake)
[0.592s] -- Found rmw_fastrtps_cpp: 6.2.7 (/opt/ros/humble/share/rmw_fastrtps_cpp/cmake)
[0.806s] -- Using RMW implementation 'rmw_fastrtps_cpp' as default
[1.159s] -- Found eigen3_cmake_module: 0.1.1 (/opt/ros/humble/share/eigen3_cmake_module/cmake)
[1.163s] -- Ensuring Eigen3 include directory is part of orocos-kdl CMake target
[1.335s] -- Found ament_lint_auto: 0.12.11 (/opt/ros/humble/share/ament_lint_auto/cmake)
[1.370s] -- Added test 'cppcheck' to perform static code analysis on C / C++ code
[1.370s] -- Configured cppcheck include dirs: /home/rosnoetic/vision_ws/rm_shaobing_vision/src/rm_auto_aim/armor_tracker/include
[1.370s] -- Configured cppcheck exclude dirs and/or files: 
[1.372s] -- Added test 'lint_cmake' to check CMake code style
[1.374s] -- Added test 'xmllint' to check XML markup files
[1.376s] -- Added test 'clang_format' to check C / C++ code style
[1.379s] -- Configuring done
[1.414s] -- Generating done
[1.420s] -- Build files have been written to: /home/rosnoetic/vision_ws/rm_shaobing_vision/build/armor_tracker
[1.474s] [35m[1mConsolidate compiler generated dependencies of target armor_tracker_node[0m
[1.476s] [35m[1mConsolidate compiler generated dependencies of target armor_tracker[0m
[1.508s] [ 33%] Built target armor_tracker_node
[1.529s] [ 50%] [32mBuilding CXX object CMakeFiles/armor_tracker.dir/src/tracker_node.cpp.o[0m
[1.530s] [ 66%] [32mBuilding CXX object CMakeFiles/armor_tracker.dir/src/tracker.cpp.o[0m
[40.192s] [ 83%] [32m[1mLinking CXX shared library libarmor_tracker.so[0m
[42.305s] [100%] Built target armor_tracker
[42.333s] Invoked command in '/home/rosnoetic/vision_ws/rm_shaobing_vision/build/armor_tracker' returned '0': AMENT_PREFIX_PATH=/home/rosnoetic/vision_ws/rm_shaobing_vision/install/auto_aim_interfaces:${AMENT_PREFIX_PATH} CMAKE_PREFIX_PATH=/home/rosnoetic/vision_ws/rm_shaobing_vision/install/auto_aim_interfaces:/home/rosnoetic/ros_ws/install/rm_vision_bringup:/home/rosnoetic/ros_ws/install/rm_serial_driver:/home/rosnoetic/ros_ws/install/rm_gimbal_description:/home/rosnoetic/ros_ws/install/hik_camera:/home/rosnoetic/ros_ws/install/armor_tracker:/home/rosnoetic/ros_ws/install/armor_detector:/home/rosnoetic/ros_ws/install/auto_aim_interfaces:/opt/ros/humble LD_LIBRARY_PATH=/home/rosnoetic/vision_ws/rm_shaobing_vision/install/auto_aim_interfaces/lib:/opt/MVS/lib/64:/opt/MVS/lib/32:/opt/MVS/lib/64:/opt/MVS/lib/32:/home/rosnoetic/ros_ws/install/rm_serial_driver/lib:/home/rosnoetic/ros_ws/install/hik_camera/lib:/home/rosnoetic/ros_ws/install/armor_tracker/lib:/home/rosnoetic/ros_ws/install/armor_detector/lib:/home/rosnoetic/ros_ws/install/auto_aim_interfaces/lib:/usr/lib/x86_64-linux-gnu/gazebo-11/plugins:/opt/ros/humble/opt/rviz_ogre_vendor/lib:/opt/ros/humble/lib/x86_64-linux-gnu:/opt/ros/humble/lib:/opt/MVS/lib/64:/opt/MVS/lib/32:/opt/MVS/lib/64:/opt/MVS/lib/32 PYTHONPATH=/home/rosnoetic/vision_ws/rm_shaobing_vision/install/auto_aim_interfaces/local/lib/python3.10/dist-packages:${PYTHONPATH} /usr/bin/cmake --build /home/rosnoetic/vision_ws/rm_shaobing_vision/build/armor_tracker -- -j16 -l16
[42.501s] Invoking command in '/home/rosnoetic/vision_ws/rm_shaobing_vision/build/armor_tracker': AMENT_PREFIX_PATH=/home/rosnoetic/vision_ws/rm_shaobing_vision/install/auto_aim_interfaces:${AMENT_PREFIX_PATH} CMAKE_PREFIX_PATH=/home/rosnoetic/vision_ws/rm_shaobing_vision/install/auto_aim_interfaces:/home/rosnoetic/ros_ws/install/rm_vision_bringup:/home/rosnoetic/ros_ws/install/rm_serial_driver:/home/rosnoetic/ros_ws/install/rm_gimbal_description:/home/rosnoetic/ros_ws/install/hik_camera:/home/rosnoetic/ros_ws/install/armor_tracker:/home/rosnoetic/ros_ws/install/armor_detector:/home/rosnoetic/ros_ws/install/auto_aim_interfaces:/opt/ros/humble LD_LIBRARY_PATH=/home/rosnoetic/vision_ws/rm_shaobing_vision/install/auto_aim_interfaces/lib:/opt/MVS/lib/64:/opt/MVS/lib/32:/opt/MVS/lib/64:/opt/MVS/lib/32:/home/rosnoetic/ros_ws/install/rm_serial_driver/lib:/home/rosnoetic/ros_ws/install/hik_camera/lib:/home/rosnoetic/ros_ws/install/armor_tracker/lib:/home/rosnoetic/ros_ws/install/armor_detector/lib:/home/rosnoetic/ros_ws/install/auto_aim_interfaces/lib:/usr/lib/x86_64-linux-gnu/gazebo-11/plugins:/opt/ros/humble/opt/rviz_ogre_vendor/lib:/opt/ros/humble/lib/x86_64-linux-gnu:/opt/ros/humble/lib:/opt/MVS/lib/64:/opt/MVS/lib/32:/opt/MVS/lib/64:/opt/MVS/lib/32 PYTHONPATH=/home/rosnoetic/vision_ws/rm_shaobing_vision/install/auto_aim_interfaces/local/lib/python3.10/dist-packages:${PYTHONPATH} /usr/bin/cmake --install /home/rosnoetic/vision_ws/rm_shaobing_vision/build/armor_tracker
[42.518s] -- Install configuration: ""
[42.522s] -- Up-to-date: /home/rosnoetic/vision_ws/rm_shaobing_vision/install/armor_tracker/lib/armor_tracker/armor_tracker_node
[42.522s] -- Up-to-date: /home/rosnoetic/vision_ws/rm_shaobing_vision/install/armor_tracker/include
[42.523s] -- Up-to-date: /home/rosnoetic/vision_ws/rm_shaobing_vision/install/armor_tracker/include/armor_tracker
[42.525s] -- Up-to-date: /home/rosnoetic/vision_ws/rm_shaobing_vision/install/armor_tracker/include/armor_tracker/tracker.hpp
[42.525s] -- Up-to-date: /home/rosnoetic/vision_ws/rm_shaobing_vision/install/armor_tracker/include/armor_tracker/extended_kalman_filter.hpp
[42.525s] -- Up-to-date: /home/rosnoetic/vision_ws/rm_shaobing_vision/install/armor_tracker/include/armor_tracker/tracker_node.hpp
[42.527s] -- Installing: /home/rosnoetic/vision_ws/rm_shaobing_vision/install/armor_tracker/share/armor_tracker/environment/library_path.dsv
[42.530s] -- Installing: /home/rosnoetic/vision_ws/rm_shaobing_vision/install/armor_tracker/lib/libarmor_tracker.so
[42.553s] -- Set runtime path of "/home/rosnoetic/vision_ws/rm_shaobing_vision/install/armor_tracker/lib/libarmor_tracker.so" to ""
[42.603s] -- Up-to-date: /home/rosnoetic/vision_ws/rm_shaobing_vision/install/armor_tracker/share/ament_index/resource_index/package_run_dependencies/armor_tracker
[42.604s] -- Up-to-date: /home/rosnoetic/vision_ws/rm_shaobing_vision/install/armor_tracker/share/ament_index/resource_index/parent_prefix_path/armor_tracker
[42.605s] -- Installing: /home/rosnoetic/vision_ws/rm_shaobing_vision/install/armor_tracker/share/armor_tracker/environment/ament_prefix_path.dsv
[42.607s] -- Installing: /home/rosnoetic/vision_ws/rm_shaobing_vision/install/armor_tracker/share/armor_tracker/environment/path.dsv
[42.609s] -- Up-to-date: /home/rosnoetic/vision_ws/rm_shaobing_vision/install/armor_tracker/share/armor_tracker/local_setup.bash
[42.609s] -- Up-to-date: /home/rosnoetic/vision_ws/rm_shaobing_vision/install/armor_tracker/share/armor_tracker/local_setup.sh
[42.609s] -- Up-to-date: /home/rosnoetic/vision_ws/rm_shaobing_vision/install/armor_tracker/share/armor_tracker/local_setup.zsh
[42.609s] -- Installing: /home/rosnoetic/vision_ws/rm_shaobing_vision/install/armor_tracker/share/armor_tracker/local_setup.dsv
[42.611s] -- Installing: /home/rosnoetic/vision_ws/rm_shaobing_vision/install/armor_tracker/share/armor_tracker/package.dsv
[42.613s] -- Up-to-date: /home/rosnoetic/vision_ws/rm_shaobing_vision/install/armor_tracker/share/ament_index/resource_index/packages/armor_tracker
[42.614s] -- Up-to-date: /home/rosnoetic/vision_ws/rm_shaobing_vision/install/armor_tracker/share/ament_index/resource_index/rclcpp_components/armor_tracker
[42.615s] -- Up-to-date: /home/rosnoetic/vision_ws/rm_shaobing_vision/install/armor_tracker/share/armor_tracker/cmake/ament_cmake_export_dependencies-extras.cmake
[42.616s] -- Up-to-date: /home/rosnoetic/vision_ws/rm_shaobing_vision/install/armor_tracker/share/armor_tracker/cmake/ament_cmake_export_include_directories-extras.cmake
[42.616s] -- Up-to-date: /home/rosnoetic/vision_ws/rm_shaobing_vision/install/armor_tracker/share/armor_tracker/cmake/ament_cmake_export_libraries-extras.cmake
[42.616s] -- Up-to-date: /home/rosnoetic/vision_ws/rm_shaobing_vision/install/armor_tracker/share/armor_tracker/cmake/armor_trackerConfig.cmake
[42.617s] -- Up-to-date: /home/rosnoetic/vision_ws/rm_shaobing_vision/install/armor_tracker/share/armor_tracker/cmake/armor_trackerConfig-version.cmake
[42.617s] -- Up-to-date: /home/rosnoetic/vision_ws/rm_shaobing_vision/install/armor_tracker/share/armor_tracker/package.xml
[42.621s] Invoked command in '/home/rosnoetic/vision_ws/rm_shaobing_vision/build/armor_tracker' returned '0': AMENT_PREFIX_PATH=/home/rosnoetic/vision_ws/rm_shaobing_vision/install/auto_aim_interfaces:${AMENT_PREFIX_PATH} CMAKE_PREFIX_PATH=/home/rosnoetic/vision_ws/rm_shaobing_vision/install/auto_aim_interfaces:/home/rosnoetic/ros_ws/install/rm_vision_bringup:/home/rosnoetic/ros_ws/install/rm_serial_driver:/home/rosnoetic/ros_ws/install/rm_gimbal_description:/home/rosnoetic/ros_ws/install/hik_camera:/home/rosnoetic/ros_ws/install/armor_tracker:/home/rosnoetic/ros_ws/install/armor_detector:/home/rosnoetic/ros_ws/install/auto_aim_interfaces:/opt/ros/humble LD_LIBRARY_PATH=/home/rosnoetic/vision_ws/rm_shaobing_vision/install/auto_aim_interfaces/lib:/opt/MVS/lib/64:/opt/MVS/lib/32:/opt/MVS/lib/64:/opt/MVS/lib/32:/home/rosnoetic/ros_ws/install/rm_serial_driver/lib:/home/rosnoetic/ros_ws/install/hik_camera/lib:/home/rosnoetic/ros_ws/install/armor_tracker/lib:/home/rosnoetic/ros_ws/install/armor_detector/lib:/home/rosnoetic/ros_ws/install/auto_aim_interfaces/lib:/usr/lib/x86_64-linux-gnu/gazebo-11/plugins:/opt/ros/humble/opt/rviz_ogre_vendor/lib:/opt/ros/humble/lib/x86_64-linux-gnu:/opt/ros/humble/lib:/opt/MVS/lib/64:/opt/MVS/lib/32:/opt/MVS/lib/64:/opt/MVS/lib/32 PYTHONPATH=/home/rosnoetic/vision_ws/rm_shaobing_vision/install/auto_aim_interfaces/local/lib/python3.10/dist-packages:${PYTHONPATH} /usr/bin/cmake --install /home/rosnoetic/vision_ws/rm_shaobing_vision/build/armor_tracker
