[0.025s] Invoking command in '/home/rosnoetic/rm_shaobing_vision/build/buff_tracker': AMENT_PREFIX_PATH=/home/rosnoetic/rm_shaobing_vision/install/buff_interfaces:${AMENT_PREFIX_PATH} CMAKE_PREFIX_PATH=/home/rosnoetic/rm_shaobing_vision/install/buff_interfaces:/home/rosnoetic/ros_ws/install/rm_vision_bringup:/home/rosnoetic/ros_ws/install/rm_serial_driver:/home/rosnoetic/ros_ws/install/rm_gimbal_description:/home/rosnoetic/ros_ws/install/hik_camera:/home/rosnoetic/ros_ws/install/armor_tracker:/home/rosnoetic/ros_ws/install/armor_detector:/home/rosnoetic/ros_ws/install/auto_aim_interfaces:/opt/ros/humble LD_LIBRARY_PATH=/home/rosnoetic/rm_shaobing_vision/install/buff_interfaces/lib:/opt/MVS/lib/64:/opt/MVS/lib/32:/opt/MVS/lib/64:/opt/MVS/lib/32:/home/rosnoetic/ros_ws/install/rm_serial_driver/lib:/home/rosnoetic/ros_ws/install/hik_camera/lib:/home/rosnoetic/ros_ws/install/armor_tracker/lib:/home/rosnoetic/ros_ws/install/armor_detector/lib:/home/rosnoetic/ros_ws/install/auto_aim_interfaces/lib:/usr/lib/x86_64-linux-gnu/gazebo-11/plugins:/opt/ros/humble/opt/rviz_ogre_vendor/lib:/opt/ros/humble/lib/x86_64-linux-gnu:/opt/ros/humble/lib:/opt/MVS/lib/64:/opt/MVS/lib/32:/opt/MVS/lib/64:/opt/MVS/lib/32 PYTHONPATH=/home/rosnoetic/rm_shaobing_vision/install/buff_interfaces/local/lib/python3.10/dist-packages:${PYTHONPATH} /usr/bin/cmake /home/rosnoetic/rm_shaobing_vision/src/rm_buff/buff_tracker -DCMAKE_INSTALL_PREFIX=/home/rosnoetic/rm_shaobing_vision/install/buff_tracker
[0.126s] -- The C compiler identification is GNU 11.4.0
[0.225s] -- The CXX compiler identification is GNU 11.4.0
[0.237s] -- Detecting C compiler ABI info
[0.367s] -- Detecting C compiler ABI info - done
[0.375s] -- Check for working C compiler: /usr/bin/cc - skipped
[0.376s] -- Detecting C compile features
[0.376s] -- Detecting C compile features - done
[0.380s] -- Detecting CXX compiler ABI info
[0.527s] -- Detecting CXX compiler ABI info - done
[0.536s] -- Check for working CXX compiler: /usr/bin/c++ - skipped
[0.536s] -- Detecting CXX compile features
[0.537s] -- Detecting CXX compile features - done
[0.540s] -- Found ament_cmake_auto: 1.3.10 (/opt/ros/humble/share/ament_cmake_auto/cmake)
[0.769s] -- Found Python3: /usr/bin/python3 (found version "3.10.12") found components: Interpreter 
[0.911s] -- Found OpenCV: /usr (found version "4.5.4") 
[1.062s] -- Found rosidl_generator_c: 3.1.5 (/opt/ros/humble/share/rosidl_generator_c/cmake)
[1.070s] -- Found rosidl_adapter: 3.1.5 (/opt/ros/humble/share/rosidl_adapter/cmake)
[1.083s] -- Found rosidl_generator_cpp: 3.1.5 (/opt/ros/humble/share/rosidl_generator_cpp/cmake)
[1.100s] -- Using all available rosidl_typesupport_c: rosidl_typesupport_fastrtps_c;rosidl_typesupport_introspection_c
[1.125s] -- Using all available rosidl_typesupport_cpp: rosidl_typesupport_fastrtps_cpp;rosidl_typesupport_introspection_cpp
[1.190s] -- Found rmw_implementation_cmake: 6.1.2 (/opt/ros/humble/share/rmw_implementation_cmake/cmake)
[1.196s] -- Found rmw_fastrtps_cpp: 6.2.7 (/opt/ros/humble/share/rmw_fastrtps_cpp/cmake)
[1.354s] -- Found OpenSSL: /usr/lib/x86_64-linux-gnu/libcrypto.so (found version "3.0.2")  
[1.388s] -- Found FastRTPS: /opt/ros/humble/include  
[1.441s] -- Using RMW implementation 'rmw_fastrtps_cpp' as default
[1.455s] -- Looking for pthread.h
[1.589s] -- Looking for pthread.h - found
[1.589s] -- Performing Test CMAKE_HAVE_LIBC_PTHREAD
[1.734s] -- Performing Test CMAKE_HAVE_LIBC_PTHREAD - Success
[1.736s] -- Found Threads: TRUE  
[1.993s] -- Found eigen3_cmake_module: 0.1.1 (/opt/ros/humble/share/eigen3_cmake_module/cmake)
[1.996s] -- Found Eigen3: TRUE (found version "3.4.0") 
[1.996s] -- Ensuring Eigen3 include directory is part of orocos-kdl CMake target
[2.135s] -- Found ament_lint_auto: 0.12.11 (/opt/ros/humble/share/ament_lint_auto/cmake)
[2.168s] -- Added test 'cppcheck' to perform static code analysis on C / C++ code
[2.169s] -- Configured cppcheck include dirs: /home/rosnoetic/rm_shaobing_vision/src/rm_buff/buff_tracker/include
[2.170s] -- Configured cppcheck exclude dirs and/or files: 
[2.172s] -- Added test 'lint_cmake' to check CMake code style
[2.173s] -- Added test 'xmllint' to check XML markup files
[2.177s] -- Configuring done
[2.205s] -- Generating done
[2.208s] -- Build files have been written to: /home/rosnoetic/rm_shaobing_vision/build/buff_tracker
[2.226s] Invoked command in '/home/rosnoetic/rm_shaobing_vision/build/buff_tracker' returned '0': AMENT_PREFIX_PATH=/home/rosnoetic/rm_shaobing_vision/install/buff_interfaces:${AMENT_PREFIX_PATH} CMAKE_PREFIX_PATH=/home/rosnoetic/rm_shaobing_vision/install/buff_interfaces:/home/rosnoetic/ros_ws/install/rm_vision_bringup:/home/rosnoetic/ros_ws/install/rm_serial_driver:/home/rosnoetic/ros_ws/install/rm_gimbal_description:/home/rosnoetic/ros_ws/install/hik_camera:/home/rosnoetic/ros_ws/install/armor_tracker:/home/rosnoetic/ros_ws/install/armor_detector:/home/rosnoetic/ros_ws/install/auto_aim_interfaces:/opt/ros/humble LD_LIBRARY_PATH=/home/rosnoetic/rm_shaobing_vision/install/buff_interfaces/lib:/opt/MVS/lib/64:/opt/MVS/lib/32:/opt/MVS/lib/64:/opt/MVS/lib/32:/home/rosnoetic/ros_ws/install/rm_serial_driver/lib:/home/rosnoetic/ros_ws/install/hik_camera/lib:/home/rosnoetic/ros_ws/install/armor_tracker/lib:/home/rosnoetic/ros_ws/install/armor_detector/lib:/home/rosnoetic/ros_ws/install/auto_aim_interfaces/lib:/usr/lib/x86_64-linux-gnu/gazebo-11/plugins:/opt/ros/humble/opt/rviz_ogre_vendor/lib:/opt/ros/humble/lib/x86_64-linux-gnu:/opt/ros/humble/lib:/opt/MVS/lib/64:/opt/MVS/lib/32:/opt/MVS/lib/64:/opt/MVS/lib/32 PYTHONPATH=/home/rosnoetic/rm_shaobing_vision/install/buff_interfaces/local/lib/python3.10/dist-packages:${PYTHONPATH} /usr/bin/cmake /home/rosnoetic/rm_shaobing_vision/src/rm_buff/buff_tracker -DCMAKE_INSTALL_PREFIX=/home/rosnoetic/rm_shaobing_vision/install/buff_tracker
[2.229s] Invoking command in '/home/rosnoetic/rm_shaobing_vision/build/buff_tracker': AMENT_PREFIX_PATH=/home/rosnoetic/rm_shaobing_vision/install/buff_interfaces:${AMENT_PREFIX_PATH} CMAKE_PREFIX_PATH=/home/rosnoetic/rm_shaobing_vision/install/buff_interfaces:/home/rosnoetic/ros_ws/install/rm_vision_bringup:/home/rosnoetic/ros_ws/install/rm_serial_driver:/home/rosnoetic/ros_ws/install/rm_gimbal_description:/home/rosnoetic/ros_ws/install/hik_camera:/home/rosnoetic/ros_ws/install/armor_tracker:/home/rosnoetic/ros_ws/install/armor_detector:/home/rosnoetic/ros_ws/install/auto_aim_interfaces:/opt/ros/humble LD_LIBRARY_PATH=/home/rosnoetic/rm_shaobing_vision/install/buff_interfaces/lib:/opt/MVS/lib/64:/opt/MVS/lib/32:/opt/MVS/lib/64:/opt/MVS/lib/32:/home/rosnoetic/ros_ws/install/rm_serial_driver/lib:/home/rosnoetic/ros_ws/install/hik_camera/lib:/home/rosnoetic/ros_ws/install/armor_tracker/lib:/home/rosnoetic/ros_ws/install/armor_detector/lib:/home/rosnoetic/ros_ws/install/auto_aim_interfaces/lib:/usr/lib/x86_64-linux-gnu/gazebo-11/plugins:/opt/ros/humble/opt/rviz_ogre_vendor/lib:/opt/ros/humble/lib/x86_64-linux-gnu:/opt/ros/humble/lib:/opt/MVS/lib/64:/opt/MVS/lib/32:/opt/MVS/lib/64:/opt/MVS/lib/32 PYTHONPATH=/home/rosnoetic/rm_shaobing_vision/install/buff_interfaces/local/lib/python3.10/dist-packages:${PYTHONPATH} /usr/bin/cmake --build /home/rosnoetic/rm_shaobing_vision/build/buff_tracker -- -j16 -l16
[2.435s] [ 14%] [32mBuilding CXX object CMakeFiles/buff_tracker.dir/src/extended_kalman_filter.cpp.o[0m
[2.435s] [ 42%] [32mBuilding CXX object CMakeFiles/buff_tracker.dir/src/tracker.cpp.o[0m
[2.435s] [ 28%] [32mBuilding CXX object CMakeFiles/buff_tracker_node.dir/rclcpp_components/node_main_buff_tracker_node.cpp.o[0m
[2.473s] [ 57%] [32mBuilding CXX object CMakeFiles/buff_tracker.dir/src/gauss_newton_solver.cpp.o[0m
[2.474s] [ 71%] [32mBuilding CXX object CMakeFiles/buff_tracker.dir/src/tracker_node.cpp.o[0m
[14.492s] [ 85%] [32m[1mLinking CXX executable buff_tracker_node[0m
[17.584s] [ 85%] Built target buff_tracker_node
[41.279s] [100%] [32m[1mLinking CXX shared library libbuff_tracker.so[0m
[44.189s] [100%] Built target buff_tracker
[44.211s] Invoked command in '/home/rosnoetic/rm_shaobing_vision/build/buff_tracker' returned '0': AMENT_PREFIX_PATH=/home/rosnoetic/rm_shaobing_vision/install/buff_interfaces:${AMENT_PREFIX_PATH} CMAKE_PREFIX_PATH=/home/rosnoetic/rm_shaobing_vision/install/buff_interfaces:/home/rosnoetic/ros_ws/install/rm_vision_bringup:/home/rosnoetic/ros_ws/install/rm_serial_driver:/home/rosnoetic/ros_ws/install/rm_gimbal_description:/home/rosnoetic/ros_ws/install/hik_camera:/home/rosnoetic/ros_ws/install/armor_tracker:/home/rosnoetic/ros_ws/install/armor_detector:/home/rosnoetic/ros_ws/install/auto_aim_interfaces:/opt/ros/humble LD_LIBRARY_PATH=/home/rosnoetic/rm_shaobing_vision/install/buff_interfaces/lib:/opt/MVS/lib/64:/opt/MVS/lib/32:/opt/MVS/lib/64:/opt/MVS/lib/32:/home/rosnoetic/ros_ws/install/rm_serial_driver/lib:/home/rosnoetic/ros_ws/install/hik_camera/lib:/home/rosnoetic/ros_ws/install/armor_tracker/lib:/home/rosnoetic/ros_ws/install/armor_detector/lib:/home/rosnoetic/ros_ws/install/auto_aim_interfaces/lib:/usr/lib/x86_64-linux-gnu/gazebo-11/plugins:/opt/ros/humble/opt/rviz_ogre_vendor/lib:/opt/ros/humble/lib/x86_64-linux-gnu:/opt/ros/humble/lib:/opt/MVS/lib/64:/opt/MVS/lib/32:/opt/MVS/lib/64:/opt/MVS/lib/32 PYTHONPATH=/home/rosnoetic/rm_shaobing_vision/install/buff_interfaces/local/lib/python3.10/dist-packages:${PYTHONPATH} /usr/bin/cmake --build /home/rosnoetic/rm_shaobing_vision/build/buff_tracker -- -j16 -l16
[44.352s] Invoking command in '/home/rosnoetic/rm_shaobing_vision/build/buff_tracker': AMENT_PREFIX_PATH=/home/rosnoetic/rm_shaobing_vision/install/buff_interfaces:${AMENT_PREFIX_PATH} CMAKE_PREFIX_PATH=/home/rosnoetic/rm_shaobing_vision/install/buff_interfaces:/home/rosnoetic/ros_ws/install/rm_vision_bringup:/home/rosnoetic/ros_ws/install/rm_serial_driver:/home/rosnoetic/ros_ws/install/rm_gimbal_description:/home/rosnoetic/ros_ws/install/hik_camera:/home/rosnoetic/ros_ws/install/armor_tracker:/home/rosnoetic/ros_ws/install/armor_detector:/home/rosnoetic/ros_ws/install/auto_aim_interfaces:/opt/ros/humble LD_LIBRARY_PATH=/home/rosnoetic/rm_shaobing_vision/install/buff_interfaces/lib:/opt/MVS/lib/64:/opt/MVS/lib/32:/opt/MVS/lib/64:/opt/MVS/lib/32:/home/rosnoetic/ros_ws/install/rm_serial_driver/lib:/home/rosnoetic/ros_ws/install/hik_camera/lib:/home/rosnoetic/ros_ws/install/armor_tracker/lib:/home/rosnoetic/ros_ws/install/armor_detector/lib:/home/rosnoetic/ros_ws/install/auto_aim_interfaces/lib:/usr/lib/x86_64-linux-gnu/gazebo-11/plugins:/opt/ros/humble/opt/rviz_ogre_vendor/lib:/opt/ros/humble/lib/x86_64-linux-gnu:/opt/ros/humble/lib:/opt/MVS/lib/64:/opt/MVS/lib/32:/opt/MVS/lib/64:/opt/MVS/lib/32 PYTHONPATH=/home/rosnoetic/rm_shaobing_vision/install/buff_interfaces/local/lib/python3.10/dist-packages:${PYTHONPATH} /usr/bin/cmake --install /home/rosnoetic/rm_shaobing_vision/build/buff_tracker
[44.367s] -- Install configuration: ""
[44.367s] -- Installing: /home/rosnoetic/rm_shaobing_vision/install/buff_tracker/lib/buff_tracker/buff_tracker_node
[44.368s] -- Set runtime path of "/home/rosnoetic/rm_shaobing_vision/install/buff_tracker/lib/buff_tracker/buff_tracker_node" to ""
[44.369s] -- Installing: /home/rosnoetic/rm_shaobing_vision/install/buff_tracker/include
[44.369s] -- Installing: /home/rosnoetic/rm_shaobing_vision/install/buff_tracker/include/buff_tracker
[44.369s] -- Installing: /home/rosnoetic/rm_shaobing_vision/install/buff_tracker/include/buff_tracker/tracker.hpp
[44.369s] -- Installing: /home/rosnoetic/rm_shaobing_vision/install/buff_tracker/include/buff_tracker/extended_kalman_filter.hpp
[44.370s] -- Installing: /home/rosnoetic/rm_shaobing_vision/install/buff_tracker/include/buff_tracker/tracker_node.hpp
[44.371s] -- Installing: /home/rosnoetic/rm_shaobing_vision/install/buff_tracker/include/buff_tracker/gauss_newton_solver.hpp
[44.371s] -- Installing: /home/rosnoetic/rm_shaobing_vision/install/buff_tracker/share/buff_tracker/environment/library_path.sh
[44.371s] -- Installing: /home/rosnoetic/rm_shaobing_vision/install/buff_tracker/share/buff_tracker/environment/library_path.dsv
[44.371s] -- Installing: /home/rosnoetic/rm_shaobing_vision/install/buff_tracker/lib/libbuff_tracker.so
[44.393s] -- Set runtime path of "/home/rosnoetic/rm_shaobing_vision/install/buff_tracker/lib/libbuff_tracker.so" to ""
[44.394s] -- Installing: /home/rosnoetic/rm_shaobing_vision/install/buff_tracker/share/ament_index/resource_index/package_run_dependencies/buff_tracker
[44.394s] -- Installing: /home/rosnoetic/rm_shaobing_vision/install/buff_tracker/share/ament_index/resource_index/parent_prefix_path/buff_tracker
[44.394s] -- Installing: /home/rosnoetic/rm_shaobing_vision/install/buff_tracker/share/buff_tracker/environment/ament_prefix_path.sh
[44.395s] -- Installing: /home/rosnoetic/rm_shaobing_vision/install/buff_tracker/share/buff_tracker/environment/ament_prefix_path.dsv
[44.395s] -- Installing: /home/rosnoetic/rm_shaobing_vision/install/buff_tracker/share/buff_tracker/environment/path.sh
[44.395s] -- Installing: /home/rosnoetic/rm_shaobing_vision/install/buff_tracker/share/buff_tracker/environment/path.dsv
[44.395s] -- Installing: /home/rosnoetic/rm_shaobing_vision/install/buff_tracker/share/buff_tracker/local_setup.bash
[44.395s] -- Installing: /home/rosnoetic/rm_shaobing_vision/install/buff_tracker/share/buff_tracker/local_setup.sh
[44.396s] -- Installing: /home/rosnoetic/rm_shaobing_vision/install/buff_tracker/share/buff_tracker/local_setup.zsh
[44.397s] -- Installing: /home/rosnoetic/rm_shaobing_vision/install/buff_tracker/share/buff_tracker/local_setup.dsv
[44.397s] -- Installing: /home/rosnoetic/rm_shaobing_vision/install/buff_tracker/share/buff_tracker/package.dsv
[44.398s] -- Installing: /home/rosnoetic/rm_shaobing_vision/install/buff_tracker/share/ament_index/resource_index/packages/buff_tracker
[44.398s] -- Installing: /home/rosnoetic/rm_shaobing_vision/install/buff_tracker/share/ament_index/resource_index/rclcpp_components/buff_tracker
[44.398s] -- Installing: /home/rosnoetic/rm_shaobing_vision/install/buff_tracker/share/buff_tracker/cmake/ament_cmake_export_dependencies-extras.cmake
[44.398s] -- Installing: /home/rosnoetic/rm_shaobing_vision/install/buff_tracker/share/buff_tracker/cmake/ament_cmake_export_include_directories-extras.cmake
[44.399s] -- Installing: /home/rosnoetic/rm_shaobing_vision/install/buff_tracker/share/buff_tracker/cmake/ament_cmake_export_libraries-extras.cmake
[44.399s] -- Installing: /home/rosnoetic/rm_shaobing_vision/install/buff_tracker/share/buff_tracker/cmake/buff_trackerConfig.cmake
[44.399s] -- Installing: /home/rosnoetic/rm_shaobing_vision/install/buff_tracker/share/buff_tracker/cmake/buff_trackerConfig-version.cmake
[44.399s] -- Installing: /home/rosnoetic/rm_shaobing_vision/install/buff_tracker/share/buff_tracker/package.xml
[44.403s] Invoked command in '/home/rosnoetic/rm_shaobing_vision/build/buff_tracker' returned '0': AMENT_PREFIX_PATH=/home/rosnoetic/rm_shaobing_vision/install/buff_interfaces:${AMENT_PREFIX_PATH} CMAKE_PREFIX_PATH=/home/rosnoetic/rm_shaobing_vision/install/buff_interfaces:/home/rosnoetic/ros_ws/install/rm_vision_bringup:/home/rosnoetic/ros_ws/install/rm_serial_driver:/home/rosnoetic/ros_ws/install/rm_gimbal_description:/home/rosnoetic/ros_ws/install/hik_camera:/home/rosnoetic/ros_ws/install/armor_tracker:/home/rosnoetic/ros_ws/install/armor_detector:/home/rosnoetic/ros_ws/install/auto_aim_interfaces:/opt/ros/humble LD_LIBRARY_PATH=/home/rosnoetic/rm_shaobing_vision/install/buff_interfaces/lib:/opt/MVS/lib/64:/opt/MVS/lib/32:/opt/MVS/lib/64:/opt/MVS/lib/32:/home/rosnoetic/ros_ws/install/rm_serial_driver/lib:/home/rosnoetic/ros_ws/install/hik_camera/lib:/home/rosnoetic/ros_ws/install/armor_tracker/lib:/home/rosnoetic/ros_ws/install/armor_detector/lib:/home/rosnoetic/ros_ws/install/auto_aim_interfaces/lib:/usr/lib/x86_64-linux-gnu/gazebo-11/plugins:/opt/ros/humble/opt/rviz_ogre_vendor/lib:/opt/ros/humble/lib/x86_64-linux-gnu:/opt/ros/humble/lib:/opt/MVS/lib/64:/opt/MVS/lib/32:/opt/MVS/lib/64:/opt/MVS/lib/32 PYTHONPATH=/home/rosnoetic/rm_shaobing_vision/install/buff_interfaces/local/lib/python3.10/dist-packages:${PYTHONPATH} /usr/bin/cmake --install /home/rosnoetic/rm_shaobing_vision/build/buff_tracker
