[0.056s] Invoking command in '/home/rosnoetic/rm_shaobing_vision/build/rm_auto_record': CMAKE_PREFIX_PATH=/home/rosnoetic/ros_ws/install/rm_vision_bringup:/home/rosnoetic/ros_ws/install/rm_serial_driver:/home/rosnoetic/ros_ws/install/rm_gimbal_description:/home/rosnoetic/ros_ws/install/hik_camera:/home/rosnoetic/ros_ws/install/armor_tracker:/home/rosnoetic/ros_ws/install/armor_detector:/home/rosnoetic/ros_ws/install/auto_aim_interfaces:/opt/ros/humble /usr/bin/cmake /home/rosnoetic/rm_shaobing_vision/src/rm_auto_record -DCMAKE_INSTALL_PREFIX=/home/rosnoetic/rm_shaobing_vision/install/rm_auto_record
[0.183s] -- The C compiler identification is GNU 11.4.0
[0.284s] -- The CXX compiler identification is GNU 11.4.0
[0.295s] -- Detecting C compiler ABI info
[0.427s] -- Detecting C compiler ABI info - done
[0.438s] -- Check for working C compiler: /usr/bin/cc - skipped
[0.438s] -- Detecting C compile features
[0.439s] -- Detecting C compile features - done
[0.442s] -- Detecting CXX compiler ABI info
[0.589s] -- Detecting CXX compiler ABI info - done
[0.599s] -- Check for working CXX compiler: /usr/bin/c++ - skipped
[0.599s] -- Detecting CXX compile features
[0.600s] -- Detecting CXX compile features - done
[0.603s] -- Found ament_cmake_auto: 1.3.10 (/opt/ros/humble/share/ament_cmake_auto/cmake)
[0.839s] -- Found Python3: /usr/bin/python3 (found version "3.10.12") found components: Interpreter 
[1.114s] -- Found rosidl_generator_c: 3.1.5 (/opt/ros/humble/share/rosidl_generator_c/cmake)
[1.129s] -- Found rosidl_adapter: 3.1.5 (/opt/ros/humble/share/rosidl_adapter/cmake)
[1.134s] -- Found rosidl_generator_cpp: 3.1.5 (/opt/ros/humble/share/rosidl_generator_cpp/cmake)
[1.149s] -- Using all available rosidl_typesupport_c: rosidl_typesupport_fastrtps_c;rosidl_typesupport_introspection_c
[1.171s] -- Using all available rosidl_typesupport_cpp: rosidl_typesupport_fastrtps_cpp;rosidl_typesupport_introspection_cpp
[1.236s] -- Found rmw_implementation_cmake: 6.1.2 (/opt/ros/humble/share/rmw_implementation_cmake/cmake)
[1.241s] -- Found rmw_fastrtps_cpp: 6.2.7 (/opt/ros/humble/share/rmw_fastrtps_cpp/cmake)
[1.397s] -- Found OpenSSL: /usr/lib/x86_64-linux-gnu/libcrypto.so (found version "3.0.2")  
[1.434s] -- Found FastRTPS: /opt/ros/humble/include  
[1.486s] -- Using RMW implementation 'rmw_fastrtps_cpp' as default
[1.499s] -- Looking for pthread.h
[1.634s] -- Looking for pthread.h - found
[1.634s] -- Performing Test CMAKE_HAVE_LIBC_PTHREAD
[1.767s] -- Performing Test CMAKE_HAVE_LIBC_PTHREAD - Success
[1.769s] -- Found Threads: TRUE  
[1.997s] -- Found ament_lint_auto: 0.12.11 (/opt/ros/humble/share/ament_lint_auto/cmake)
[2.028s] -- Added test 'cppcheck' to perform static code analysis on C / C++ code
[2.028s] -- Configured cppcheck include dirs: /home/rosnoetic/rm_shaobing_vision/src/rm_auto_record/include
[2.028s] -- Configured cppcheck exclude dirs and/or files: 
[2.028s] -- Added test 'cpplint' to check C / C++ code against the Google style
[2.028s] -- Configured cpplint exclude dirs and/or files: 
[2.029s] -- Added test 'flake8' to check Python code syntax and style conventions
[2.029s] -- Added test 'lint_cmake' to check CMake code style
[2.030s] -- Added test 'pep257' to check Python code against some of the docstring style conventions in PEP 257
[2.031s] -- Added test 'xmllint' to check XML markup files
[2.035s] -- Configuring done
[2.053s] -- Generating done
[2.056s] -- Build files have been written to: /home/rosnoetic/rm_shaobing_vision/build/rm_auto_record
[2.071s] Invoked command in '/home/rosnoetic/rm_shaobing_vision/build/rm_auto_record' returned '0': CMAKE_PREFIX_PATH=/home/rosnoetic/ros_ws/install/rm_vision_bringup:/home/rosnoetic/ros_ws/install/rm_serial_driver:/home/rosnoetic/ros_ws/install/rm_gimbal_description:/home/rosnoetic/ros_ws/install/hik_camera:/home/rosnoetic/ros_ws/install/armor_tracker:/home/rosnoetic/ros_ws/install/armor_detector:/home/rosnoetic/ros_ws/install/auto_aim_interfaces:/opt/ros/humble /usr/bin/cmake /home/rosnoetic/rm_shaobing_vision/src/rm_auto_record -DCMAKE_INSTALL_PREFIX=/home/rosnoetic/rm_shaobing_vision/install/rm_auto_record
[2.074s] Invoking command in '/home/rosnoetic/rm_shaobing_vision/build/rm_auto_record': CMAKE_PREFIX_PATH=/home/rosnoetic/ros_ws/install/rm_vision_bringup:/home/rosnoetic/ros_ws/install/rm_serial_driver:/home/rosnoetic/ros_ws/install/rm_gimbal_description:/home/rosnoetic/ros_ws/install/hik_camera:/home/rosnoetic/ros_ws/install/armor_tracker:/home/rosnoetic/ros_ws/install/armor_detector:/home/rosnoetic/ros_ws/install/auto_aim_interfaces:/opt/ros/humble /usr/bin/cmake --build /home/rosnoetic/rm_shaobing_vision/build/rm_auto_record -- -j16 -l16
[2.174s] [ 50%] [32mBuilding CXX object CMakeFiles/rm_auto_record_node.dir/rclcpp_components/node_main_rm_auto_record_node.cpp.o[0m
[2.174s] [ 50%] [32mBuilding CXX object CMakeFiles/rm_auto_record.dir/src/record_node.cpp.o[0m
[14.224s] [ 75%] [32m[1mLinking CXX executable rm_auto_record_node[0m
[14.447s] [ 75%] Built target rm_auto_record_node
[41.422s] [100%] [32m[1mLinking CXX shared library librm_auto_record.so[0m
[43.922s] [100%] Built target rm_auto_record
[43.975s] Invoked command in '/home/rosnoetic/rm_shaobing_vision/build/rm_auto_record' returned '0': CMAKE_PREFIX_PATH=/home/rosnoetic/ros_ws/install/rm_vision_bringup:/home/rosnoetic/ros_ws/install/rm_serial_driver:/home/rosnoetic/ros_ws/install/rm_gimbal_description:/home/rosnoetic/ros_ws/install/hik_camera:/home/rosnoetic/ros_ws/install/armor_tracker:/home/rosnoetic/ros_ws/install/armor_detector:/home/rosnoetic/ros_ws/install/auto_aim_interfaces:/opt/ros/humble /usr/bin/cmake --build /home/rosnoetic/rm_shaobing_vision/build/rm_auto_record -- -j16 -l16
[44.187s] Invoking command in '/home/rosnoetic/rm_shaobing_vision/build/rm_auto_record': CMAKE_PREFIX_PATH=/home/rosnoetic/ros_ws/install/rm_vision_bringup:/home/rosnoetic/ros_ws/install/rm_serial_driver:/home/rosnoetic/ros_ws/install/rm_gimbal_description:/home/rosnoetic/ros_ws/install/hik_camera:/home/rosnoetic/ros_ws/install/armor_tracker:/home/rosnoetic/ros_ws/install/armor_detector:/home/rosnoetic/ros_ws/install/auto_aim_interfaces:/opt/ros/humble /usr/bin/cmake --install /home/rosnoetic/rm_shaobing_vision/build/rm_auto_record
[44.204s] -- Install configuration: ""
[44.221s] -- Installing: /home/rosnoetic/rm_shaobing_vision/install/rm_auto_record/lib/rm_auto_record/rm_auto_record_node
[44.226s] -- Set runtime path of "/home/rosnoetic/rm_shaobing_vision/install/rm_auto_record/lib/rm_auto_record/rm_auto_record_node" to ""
[44.226s] -- Installing: /home/rosnoetic/rm_shaobing_vision/install/rm_auto_record/include
[44.226s] -- Installing: /home/rosnoetic/rm_shaobing_vision/install/rm_auto_record/include/rm_auto_record
[44.226s] -- Installing: /home/rosnoetic/rm_shaobing_vision/install/rm_auto_record/include/rm_auto_record/record_node.hpp
[44.230s] -- Installing: /home/rosnoetic/rm_shaobing_vision/install/rm_auto_record/share/rm_auto_record/environment/library_path.sh
[44.237s] -- Installing: /home/rosnoetic/rm_shaobing_vision/install/rm_auto_record/share/rm_auto_record/environment/library_path.dsv
[44.243s] -- Installing: /home/rosnoetic/rm_shaobing_vision/install/rm_auto_record/lib/librm_auto_record.so
[44.264s] -- Set runtime path of "/home/rosnoetic/rm_shaobing_vision/install/rm_auto_record/lib/librm_auto_record.so" to ""
[44.264s] -- Installing: /home/rosnoetic/rm_shaobing_vision/install/rm_auto_record/share/rm_auto_record/config
[44.264s] -- Installing: /home/rosnoetic/rm_shaobing_vision/install/rm_auto_record/share/rm_auto_record/config/node_params.yaml
[44.271s] -- Installing: /home/rosnoetic/rm_shaobing_vision/install/rm_auto_record/share/rm_auto_record/launch
[44.272s] -- Installing: /home/rosnoetic/rm_shaobing_vision/install/rm_auto_record/share/rm_auto_record/launch/auto_record.launch.py
[44.283s] -- Installing: /home/rosnoetic/rm_shaobing_vision/install/rm_auto_record/share/ament_index/resource_index/package_run_dependencies/rm_auto_record
[44.286s] -- Installing: /home/rosnoetic/rm_shaobing_vision/install/rm_auto_record/share/ament_index/resource_index/parent_prefix_path/rm_auto_record
[44.300s] -- Installing: /home/rosnoetic/rm_shaobing_vision/install/rm_auto_record/share/rm_auto_record/environment/ament_prefix_path.sh
[44.301s] -- Installing: /home/rosnoetic/rm_shaobing_vision/install/rm_auto_record/share/rm_auto_record/environment/ament_prefix_path.dsv
[44.304s] -- Installing: /home/rosnoetic/rm_shaobing_vision/install/rm_auto_record/share/rm_auto_record/environment/path.sh
[44.307s] -- Installing: /home/rosnoetic/rm_shaobing_vision/install/rm_auto_record/share/rm_auto_record/environment/path.dsv
[44.308s] -- Installing: /home/rosnoetic/rm_shaobing_vision/install/rm_auto_record/share/rm_auto_record/local_setup.bash
[44.310s] -- Installing: /home/rosnoetic/rm_shaobing_vision/install/rm_auto_record/share/rm_auto_record/local_setup.sh
[44.312s] -- Installing: /home/rosnoetic/rm_shaobing_vision/install/rm_auto_record/share/rm_auto_record/local_setup.zsh
[44.315s] -- Installing: /home/rosnoetic/rm_shaobing_vision/install/rm_auto_record/share/rm_auto_record/local_setup.dsv
[44.316s] -- Installing: /home/rosnoetic/rm_shaobing_vision/install/rm_auto_record/share/rm_auto_record/package.dsv
[44.319s] -- Installing: /home/rosnoetic/rm_shaobing_vision/install/rm_auto_record/share/ament_index/resource_index/packages/rm_auto_record
[44.319s] -- Installing: /home/rosnoetic/rm_shaobing_vision/install/rm_auto_record/share/ament_index/resource_index/rclcpp_components/rm_auto_record
[44.321s] -- Installing: /home/rosnoetic/rm_shaobing_vision/install/rm_auto_record/share/rm_auto_record/cmake/ament_cmake_export_dependencies-extras.cmake
[44.322s] -- Installing: /home/rosnoetic/rm_shaobing_vision/install/rm_auto_record/share/rm_auto_record/cmake/ament_cmake_export_include_directories-extras.cmake
[44.324s] -- Installing: /home/rosnoetic/rm_shaobing_vision/install/rm_auto_record/share/rm_auto_record/cmake/ament_cmake_export_libraries-extras.cmake
[44.325s] -- Installing: /home/rosnoetic/rm_shaobing_vision/install/rm_auto_record/share/rm_auto_record/cmake/rm_auto_recordConfig.cmake
[44.329s] -- Installing: /home/rosnoetic/rm_shaobing_vision/install/rm_auto_record/share/rm_auto_record/cmake/rm_auto_recordConfig-version.cmake
[44.332s] -- Installing: /home/rosnoetic/rm_shaobing_vision/install/rm_auto_record/share/rm_auto_record/package.xml
[44.341s] Invoked command in '/home/rosnoetic/rm_shaobing_vision/build/rm_auto_record' returned '0': CMAKE_PREFIX_PATH=/home/rosnoetic/ros_ws/install/rm_vision_bringup:/home/rosnoetic/ros_ws/install/rm_serial_driver:/home/rosnoetic/ros_ws/install/rm_gimbal_description:/home/rosnoetic/ros_ws/install/hik_camera:/home/rosnoetic/ros_ws/install/armor_tracker:/home/rosnoetic/ros_ws/install/armor_detector:/home/rosnoetic/ros_ws/install/auto_aim_interfaces:/opt/ros/humble /usr/bin/cmake --install /home/rosnoetic/rm_shaobing_vision/build/rm_auto_record
