In file included from [01m[K/opt/ros/humble/include/rclcpp/rclcpp/logging.hpp:24[m[K,
                 from [01m[K/home/nuc/rm_vision_ws/src/rm_serial_driver/src/rm_serial_driver.cpp:6[m[K:
[01m[K/home/nuc/rm_vision_ws/src/rm_serial_driver/src/rm_serial_driver.cpp:[m[K In member function ‘[01m[Kvoid rm_serial_driver::RMSerialDriver::sendData(auto_aim_interfaces::msg::Target_<std::allocator<void> >::SharedPtr)[m[K’:
[01m[K/home/nuc/rm_vision_ws/src/rm_serial_driver/src/rm_serial_driver.cpp:187:38:[m[K [01;31m[Kerror: [m[Kformat ‘[01m[K%ld[m[K’ expects argument of type ‘[01m[Klong int[m[K’, but argument 14 has type ‘[01m[Kint[m[K’ [[01;31m[K]8;;https://gcc.gnu.org/onlinedocs/gcc/Warning-Options.html#index-Wformat=-Werror=format=]8;;[m[K]
  187 |             RCLCPP_INFO(get_logger(),[01;31m[K"%x %d %d %d %d %d %d %d %d %ld"[m[K,packet.pitch,packet.header,packet.id,packet.armors_num,packet.x,packet.y,packet.z,packet.vx,packet.vy,[32m[Kpacket.vz[m[K,sizeof(packet));
      |                                      [01;31m[K^~~~~~~~~~~~~~~~~~~~~~~~~~~~~~~~[m[K                                                                                                       [32m[K~~~~~~~~~[m[K
      |                                                                                                                                                                                    [32m[K|[m[K
      |                                                                                                                                                                                    [32m[Kint[m[K
[01m[K/home/nuc/rm_vision_ws/src/rm_serial_driver/src/rm_serial_driver.cpp:187:68:[m[K [01;36m[Knote: [m[Kformat string is defined here
  187 |      RCLCPP_INFO(get_logger(),"%x %d %d %d %d %d %d %d %d [01;36m[K%ld[m[K",packet.pitch,packet.header,packet.id,packet.armors_num,packet.x,packet.y,packet.z,packet.vx,packet.vy,packet.vz,sizeof(packet));
      |                                                           [01;36m[K~~^[m[K
      |                                                             [01;36m[K|[m[K
      |                                                             [01;36m[Klong int[m[K
      |                                                           [32m[K%d[m[K
In file included from [01m[K/opt/ros/humble/include/rclcpp/rclcpp/logging.hpp:24[m[K,
                 from [01m[K/home/nuc/rm_vision_ws/src/rm_serial_driver/src/rm_serial_driver.cpp:6[m[K:
[01m[K/home/nuc/rm_vision_ws/src/rm_serial_driver/src/rm_serial_driver.cpp:187:38:[m[K [01;31m[Kerror: [m[Ktoo many arguments for format [[01;31m[K]8;;https://gcc.gnu.org/onlinedocs/gcc/Warning-Options.html#index-Wformat-extra-args-Werror=format-extra-args]8;;[m[K]
  187 |             RCLCPP_INFO(get_logger(),[01;31m[K"%x %d %d %d %d %d %d %d %d %ld"[m[K,packet.pitch,packet.header,packet.id,packet.armors_num,packet.x,packet.y,packet.z,packet.vx,packet.vy,packet.vz,sizeof(packet));
      |                                      [01;31m[K^~~~~~~~~~~~~~~~~~~~~~~~~~~~~~~~[m[K
cc1plus: all warnings being treated as errors
gmake[2]: *** [CMakeFiles/rm_serial_driver.dir/build.make:76：CMakeFiles/rm_serial_driver.dir/src/rm_serial_driver.cpp.o] 错误 1
gmake[1]: *** [CMakeFiles/Makefile2:139：CMakeFiles/rm_serial_driver.dir/all] 错误 2
gmake: *** [Makefile:146：all] 错误 2
