-- Found ament_cmake_auto: 1.3.10 (/opt/ros/humble/share/ament_cmake_auto/cmake)
-- Override CMake install command with custom implementation using symlinks instead of copying resources
-- Found rosidl_generator_c: 3.1.5 (/opt/ros/humble/share/rosidl_generator_c/cmake)
-- Found rosidl_adapter: 3.1.5 (/opt/ros/humble/share/rosidl_adapter/cmake)
-- Found rosidl_generator_cpp: 3.1.5 (/opt/ros/humble/share/rosidl_generator_cpp/cmake)
-- Using all available rosidl_typesupport_c: rosidl_typesupport_fastrtps_c;rosidl_typesupport_introspection_c
-- Using all available rosidl_typesupport_cpp: rosidl_typesupport_fastrtps_cpp;rosidl_typesupport_introspection_cpp
-- Found rmw_implementation_cmake: 6.1.2 (/opt/ros/humble/share/rmw_implementation_cmake/cmake)
-- Found rmw_fastrtps_cpp: 6.2.7 (/opt/ros/humble/share/rmw_fastrtps_cpp/cmake)
-- Using RMW implementation 'rmw_fastrtps_cpp' as default
-- Found asio_cmake_module: 1.2.0 (/opt/ros/humble/share/asio_cmake_module/cmake)
-- Found eigen3_cmake_module: 0.1.1 (/opt/ros/humble/share/eigen3_cmake_module/cmake)
-- Ensuring Eigen3 include directory is part of orocos-kdl CMake target
-- Found ament_lint_auto: 0.12.11 (/opt/ros/humble/share/ament_lint_auto/cmake)
-- Added test 'cppcheck' to perform static code analysis on C / C++ code
-- Configured cppcheck include dirs: /home/nuc/rm_vision_ws/src/rm_serial_driver/include
-- Configured cppcheck exclude dirs and/or files: 
-- Added test 'cpplint' to check C / C++ code against the Google style
-- Configured cpplint exclude dirs and/or files: 
-- Added test 'flake8' to check Python code syntax and style conventions
-- Added test 'lint_cmake' to check CMake code style
-- Added test 'pep257' to check Python code against some of the docstring style conventions in PEP 257
-- Added test 'xmllint' to check XML markup files
-- Added test 'clang_format' to check C / C++ code style
-- Configuring done
-- Generating done
-- Build files have been written to: /home/nuc/rm_vision_ws/build/rm_serial_driver
[35m[1mConsolidate compiler generated dependencies of target rm_serial_driver_node[0m
[35m[1mConsolidate compiler generated dependencies of target rm_serial_driver[0m
[ 40%] Built target rm_serial_driver_node
[ 60%] [32mBuilding CXX object CMakeFiles/rm_serial_driver.dir/src/crc.cpp.o[0m
[ 80%] [32mBuilding CXX object CMakeFiles/rm_serial_driver.dir/src/rm_serial_driver.cpp.o[0m
In file included from [01m[K/opt/ros/humble/include/rclcpp/rclcpp/logging.hpp:24[m[K,
                 from [01m[K/home/nuc/rm_vision_ws/src/rm_serial_driver/src/rm_serial_driver.cpp:6[m[K:
[01m[K/home/nuc/rm_vision_ws/src/rm_serial_driver/src/rm_serial_driver.cpp:[m[K In member function ‘[01m[Kvoid rm_serial_driver::RMSerialDriver::sendData(auto_aim_interfaces::msg::Target_<std::allocator<void> >::SharedPtr)[m[K’:
[01m[K/home/nuc/rm_vision_ws/src/rm_serial_driver/src/rm_serial_driver.cpp:187:38:[m[K [01;31m[Kerror: [m[Kformat ‘[01m[K%ld[m[K’ expects argument of type ‘[01m[Klong int[m[K’, but argument 14 has type ‘[01m[Kint[m[K’ [[01;31m[K]8;;https://gcc.gnu.org/onlinedocs/gcc/Warning-Options.html#index-Wformat=-Werror=format=]8;;[m[K]
  187 |             RCLCPP_INFO(get_logger(),[01;31m[K"%x %d %d %d %d %d %d %d %d %ld"[m[K,packet.pitch,packet.header,packet.id,packet.armors_num,packet.x,packet.y,packet.z,packet.vx,packet.vy,[32m[Kpacket.vz[m[K,sizeof(packet));
      |                                      [01;31m[K^~~~~~~~~~~~~~~~~~~~~~~~~~~~~~~~[m[K                                                                                                       [32m[K~~~~~~~~~[m[K
      |                                                                                                                                                                                    [32m[K|[m[K
      |                                                                                                                                                                                    [32m[Kint[m[K
[01m[K/home/nuc/rm_vision_ws/src/rm_serial_driver/src/rm_serial_driver.cpp:187:68:[m[K [01;36m[Knote: [m[Kformat string is defined here
  187 |      RCLCPP_INFO(get_logger(),"%x %d %d %d %d %d %d %d %d [01;36m[K%ld[m[K",packet.pitch,packet.header,packet.id,packet.armors_num,packet.x,packet.y,packet.z,packet.vx,packet.vy,packet.vz,sizeof(packet));
      |                                                           [01;36m[K~~^[m[K
      |                                                             [01;36m[K|[m[K
      |                                                             [01;36m[Klong int[m[K
      |                                                           [32m[K%d[m[K
In file included from [01m[K/opt/ros/humble/include/rclcpp/rclcpp/logging.hpp:24[m[K,
                 from [01m[K/home/nuc/rm_vision_ws/src/rm_serial_driver/src/rm_serial_driver.cpp:6[m[K:
[01m[K/home/nuc/rm_vision_ws/src/rm_serial_driver/src/rm_serial_driver.cpp:187:38:[m[K [01;31m[Kerror: [m[Ktoo many arguments for format [[01;31m[K]8;;https://gcc.gnu.org/onlinedocs/gcc/Warning-Options.html#index-Wformat-extra-args-Werror=format-extra-args]8;;[m[K]
  187 |             RCLCPP_INFO(get_logger(),[01;31m[K"%x %d %d %d %d %d %d %d %d %ld"[m[K,packet.pitch,packet.header,packet.id,packet.armors_num,packet.x,packet.y,packet.z,packet.vx,packet.vy,packet.vz,sizeof(packet));
      |                                      [01;31m[K^~~~~~~~~~~~~~~~~~~~~~~~~~~~~~~~[m[K
cc1plus: all warnings being treated as errors
gmake[2]: *** [CMakeFiles/rm_serial_driver.dir/build.make:76：CMakeFiles/rm_serial_driver.dir/src/rm_serial_driver.cpp.o] 错误 1
gmake[1]: *** [CMakeFiles/Makefile2:139：CMakeFiles/rm_serial_driver.dir/all] 错误 2
gmake: *** [Makefile:146：all] 错误 2
