[0.022s] Invoking command in '/home/rosnoetic/rm_shaobing_vision/build/buff_detector': AMENT_PREFIX_PATH=/home/rosnoetic/rm_shaobing_vision/install/buff_interfaces:${AMENT_PREFIX_PATH} CMAKE_PREFIX_PATH=/home/rosnoetic/rm_shaobing_vision/install/buff_interfaces:/home/rosnoetic/ros_ws/install/rm_vision_bringup:/home/rosnoetic/ros_ws/install/rm_serial_driver:/home/rosnoetic/ros_ws/install/rm_gimbal_description:/home/rosnoetic/ros_ws/install/hik_camera:/home/rosnoetic/ros_ws/install/armor_tracker:/home/rosnoetic/ros_ws/install/armor_detector:/home/rosnoetic/ros_ws/install/auto_aim_interfaces:/opt/ros/humble LD_LIBRARY_PATH=/home/rosnoetic/rm_shaobing_vision/install/buff_interfaces/lib:/opt/MVS/lib/64:/opt/MVS/lib/32:/opt/MVS/lib/64:/opt/MVS/lib/32:/home/rosnoetic/ros_ws/install/rm_serial_driver/lib:/home/rosnoetic/ros_ws/install/hik_camera/lib:/home/rosnoetic/ros_ws/install/armor_tracker/lib:/home/rosnoetic/ros_ws/install/armor_detector/lib:/home/rosnoetic/ros_ws/install/auto_aim_interfaces/lib:/usr/lib/x86_64-linux-gnu/gazebo-11/plugins:/opt/ros/humble/opt/rviz_ogre_vendor/lib:/opt/ros/humble/lib/x86_64-linux-gnu:/opt/ros/humble/lib:/opt/MVS/lib/64:/opt/MVS/lib/32:/opt/MVS/lib/64:/opt/MVS/lib/32 PYTHONPATH=/home/rosnoetic/rm_shaobing_vision/install/buff_interfaces/local/lib/python3.10/dist-packages:${PYTHONPATH} /usr/bin/cmake /home/rosnoetic/rm_shaobing_vision/src/rm_buff/buff_detector -DCMAKE_INSTALL_PREFIX=/home/rosnoetic/rm_shaobing_vision/install/buff_detector
[0.129s] -- The C compiler identification is GNU 11.4.0
[0.224s] -- The CXX compiler identification is GNU 11.4.0
[0.236s] -- Detecting C compiler ABI info
[0.367s] -- Detecting C compiler ABI info - done
[0.377s] -- Check for working C compiler: /usr/bin/cc - skipped
[0.378s] -- Detecting C compile features
[0.378s] -- Detecting C compile features - done
[0.382s] -- Detecting CXX compiler ABI info
[0.529s] -- Detecting CXX compiler ABI info - done
[0.538s] -- Check for working CXX compiler: /usr/bin/c++ - skipped
[0.539s] -- Detecting CXX compile features
[0.539s] -- Detecting CXX compile features - done
[0.543s] -- Found ament_cmake_auto: 1.3.10 (/opt/ros/humble/share/ament_cmake_auto/cmake)
[0.776s] -- Found Python3: /usr/bin/python3 (found version "3.10.12") found components: Interpreter 
[0.918s] -- Found OpenCV: /usr (found version "4.5.4") 
[0.927s] -- Looking for pthread.h
[1.058s] -- Looking for pthread.h - found
[1.059s] -- Performing Test CMAKE_HAVE_LIBC_PTHREAD
[1.192s] -- Performing Test CMAKE_HAVE_LIBC_PTHREAD - Success
[1.193s] -- Found Threads: TRUE  
[1.345s] -- Found rosidl_generator_c: 3.1.5 (/opt/ros/humble/share/rosidl_generator_c/cmake)
[1.352s] -- Found rosidl_adapter: 3.1.5 (/opt/ros/humble/share/rosidl_adapter/cmake)
[1.364s] -- Found rosidl_generator_cpp: 3.1.5 (/opt/ros/humble/share/rosidl_generator_cpp/cmake)
[1.380s] -- Using all available rosidl_typesupport_c: rosidl_typesupport_fastrtps_c;rosidl_typesupport_introspection_c
[1.401s] -- Using all available rosidl_typesupport_cpp: rosidl_typesupport_fastrtps_cpp;rosidl_typesupport_introspection_cpp
[1.463s] -- Found rmw_implementation_cmake: 6.1.2 (/opt/ros/humble/share/rmw_implementation_cmake/cmake)
[1.468s] -- Found rmw_fastrtps_cpp: 6.2.7 (/opt/ros/humble/share/rmw_fastrtps_cpp/cmake)
[1.648s] -- Found OpenSSL: /usr/lib/x86_64-linux-gnu/libcrypto.so (found version "3.0.2")  
[1.674s] -- Found FastRTPS: /opt/ros/humble/include  
[1.736s] -- Using RMW implementation 'rmw_fastrtps_cpp' as default
[1.975s] -- Found eigen3_cmake_module: 0.1.1 (/opt/ros/humble/share/eigen3_cmake_module/cmake)
[1.980s] -- Found Eigen3: TRUE (found version "3.4.0") 
[1.980s] -- Ensuring Eigen3 include directory is part of orocos-kdl CMake target
[2.086s] -- Found ament_lint_auto: 0.12.11 (/opt/ros/humble/share/ament_lint_auto/cmake)
[2.117s] -- Added test 'cppcheck' to perform static code analysis on C / C++ code
[2.119s] -- Configured cppcheck include dirs: /home/rosnoetic/rm_shaobing_vision/src/rm_buff/buff_detector/include
[2.119s] -- Configured cppcheck exclude dirs and/or files: 
[2.119s] -- Added test 'flake8' to check Python code syntax and style conventions
[2.121s] -- Added test 'lint_cmake' to check CMake code style
[2.121s] -- Added test 'pep257' to check Python code against some of the docstring style conventions in PEP 257
[2.121s] -- Added test 'xmllint' to check XML markup files
[2.129s] -- Configuring done
[2.163s] -- Generating done
[2.163s] -- Build files have been written to: /home/rosnoetic/rm_shaobing_vision/build/buff_detector
[2.184s] Invoked command in '/home/rosnoetic/rm_shaobing_vision/build/buff_detector' returned '0': AMENT_PREFIX_PATH=/home/rosnoetic/rm_shaobing_vision/install/buff_interfaces:${AMENT_PREFIX_PATH} CMAKE_PREFIX_PATH=/home/rosnoetic/rm_shaobing_vision/install/buff_interfaces:/home/rosnoetic/ros_ws/install/rm_vision_bringup:/home/rosnoetic/ros_ws/install/rm_serial_driver:/home/rosnoetic/ros_ws/install/rm_gimbal_description:/home/rosnoetic/ros_ws/install/hik_camera:/home/rosnoetic/ros_ws/install/armor_tracker:/home/rosnoetic/ros_ws/install/armor_detector:/home/rosnoetic/ros_ws/install/auto_aim_interfaces:/opt/ros/humble LD_LIBRARY_PATH=/home/rosnoetic/rm_shaobing_vision/install/buff_interfaces/lib:/opt/MVS/lib/64:/opt/MVS/lib/32:/opt/MVS/lib/64:/opt/MVS/lib/32:/home/rosnoetic/ros_ws/install/rm_serial_driver/lib:/home/rosnoetic/ros_ws/install/hik_camera/lib:/home/rosnoetic/ros_ws/install/armor_tracker/lib:/home/rosnoetic/ros_ws/install/armor_detector/lib:/home/rosnoetic/ros_ws/install/auto_aim_interfaces/lib:/usr/lib/x86_64-linux-gnu/gazebo-11/plugins:/opt/ros/humble/opt/rviz_ogre_vendor/lib:/opt/ros/humble/lib/x86_64-linux-gnu:/opt/ros/humble/lib:/opt/MVS/lib/64:/opt/MVS/lib/32:/opt/MVS/lib/64:/opt/MVS/lib/32 PYTHONPATH=/home/rosnoetic/rm_shaobing_vision/install/buff_interfaces/local/lib/python3.10/dist-packages:${PYTHONPATH} /usr/bin/cmake /home/rosnoetic/rm_shaobing_vision/src/rm_buff/buff_detector -DCMAKE_INSTALL_PREFIX=/home/rosnoetic/rm_shaobing_vision/install/buff_detector
[2.185s] Invoking command in '/home/rosnoetic/rm_shaobing_vision/build/buff_detector': AMENT_PREFIX_PATH=/home/rosnoetic/rm_shaobing_vision/install/buff_interfaces:${AMENT_PREFIX_PATH} CMAKE_PREFIX_PATH=/home/rosnoetic/rm_shaobing_vision/install/buff_interfaces:/home/rosnoetic/ros_ws/install/rm_vision_bringup:/home/rosnoetic/ros_ws/install/rm_serial_driver:/home/rosnoetic/ros_ws/install/rm_gimbal_description:/home/rosnoetic/ros_ws/install/hik_camera:/home/rosnoetic/ros_ws/install/armor_tracker:/home/rosnoetic/ros_ws/install/armor_detector:/home/rosnoetic/ros_ws/install/auto_aim_interfaces:/opt/ros/humble LD_LIBRARY_PATH=/home/rosnoetic/rm_shaobing_vision/install/buff_interfaces/lib:/opt/MVS/lib/64:/opt/MVS/lib/32:/opt/MVS/lib/64:/opt/MVS/lib/32:/home/rosnoetic/ros_ws/install/rm_serial_driver/lib:/home/rosnoetic/ros_ws/install/hik_camera/lib:/home/rosnoetic/ros_ws/install/armor_tracker/lib:/home/rosnoetic/ros_ws/install/armor_detector/lib:/home/rosnoetic/ros_ws/install/auto_aim_interfaces/lib:/usr/lib/x86_64-linux-gnu/gazebo-11/plugins:/opt/ros/humble/opt/rviz_ogre_vendor/lib:/opt/ros/humble/lib/x86_64-linux-gnu:/opt/ros/humble/lib:/opt/MVS/lib/64:/opt/MVS/lib/32:/opt/MVS/lib/64:/opt/MVS/lib/32 PYTHONPATH=/home/rosnoetic/rm_shaobing_vision/install/buff_interfaces/local/lib/python3.10/dist-packages:${PYTHONPATH} /usr/bin/cmake --build /home/rosnoetic/rm_shaobing_vision/build/buff_detector -- -j16 -l16
[2.292s] [ 16%] [32mBuilding CXX object CMakeFiles/buff_detector.dir/src/detector.cpp.o[0m
[2.292s] [ 33%] [32mBuilding CXX object CMakeFiles/buff_detector_node.dir/rclcpp_components/node_main_buff_detector_node.cpp.o[0m
[2.313s] [ 50%] [32mBuilding CXX object CMakeFiles/buff_detector.dir/src/detector_node.cpp.o[0m
[2.313s] [ 66%] [32mBuilding CXX object CMakeFiles/buff_detector.dir/src/pnp_solver.cpp.o[0m
[14.424s] [ 83%] [32m[1mLinking CXX executable buff_detector_node[0m
[17.592s] [ 83%] Built target buff_detector_node
[44.499s] [100%] [32m[1mLinking CXX shared library libbuff_detector.so[0m
[46.611s] [100%] Built target buff_detector
[46.634s] Invoked command in '/home/rosnoetic/rm_shaobing_vision/build/buff_detector' returned '0': AMENT_PREFIX_PATH=/home/rosnoetic/rm_shaobing_vision/install/buff_interfaces:${AMENT_PREFIX_PATH} CMAKE_PREFIX_PATH=/home/rosnoetic/rm_shaobing_vision/install/buff_interfaces:/home/rosnoetic/ros_ws/install/rm_vision_bringup:/home/rosnoetic/ros_ws/install/rm_serial_driver:/home/rosnoetic/ros_ws/install/rm_gimbal_description:/home/rosnoetic/ros_ws/install/hik_camera:/home/rosnoetic/ros_ws/install/armor_tracker:/home/rosnoetic/ros_ws/install/armor_detector:/home/rosnoetic/ros_ws/install/auto_aim_interfaces:/opt/ros/humble LD_LIBRARY_PATH=/home/rosnoetic/rm_shaobing_vision/install/buff_interfaces/lib:/opt/MVS/lib/64:/opt/MVS/lib/32:/opt/MVS/lib/64:/opt/MVS/lib/32:/home/rosnoetic/ros_ws/install/rm_serial_driver/lib:/home/rosnoetic/ros_ws/install/hik_camera/lib:/home/rosnoetic/ros_ws/install/armor_tracker/lib:/home/rosnoetic/ros_ws/install/armor_detector/lib:/home/rosnoetic/ros_ws/install/auto_aim_interfaces/lib:/usr/lib/x86_64-linux-gnu/gazebo-11/plugins:/opt/ros/humble/opt/rviz_ogre_vendor/lib:/opt/ros/humble/lib/x86_64-linux-gnu:/opt/ros/humble/lib:/opt/MVS/lib/64:/opt/MVS/lib/32:/opt/MVS/lib/64:/opt/MVS/lib/32 PYTHONPATH=/home/rosnoetic/rm_shaobing_vision/install/buff_interfaces/local/lib/python3.10/dist-packages:${PYTHONPATH} /usr/bin/cmake --build /home/rosnoetic/rm_shaobing_vision/build/buff_detector -- -j16 -l16
[46.738s] Invoking command in '/home/rosnoetic/rm_shaobing_vision/build/buff_detector': AMENT_PREFIX_PATH=/home/rosnoetic/rm_shaobing_vision/install/buff_interfaces:${AMENT_PREFIX_PATH} CMAKE_PREFIX_PATH=/home/rosnoetic/rm_shaobing_vision/install/buff_interfaces:/home/rosnoetic/ros_ws/install/rm_vision_bringup:/home/rosnoetic/ros_ws/install/rm_serial_driver:/home/rosnoetic/ros_ws/install/rm_gimbal_description:/home/rosnoetic/ros_ws/install/hik_camera:/home/rosnoetic/ros_ws/install/armor_tracker:/home/rosnoetic/ros_ws/install/armor_detector:/home/rosnoetic/ros_ws/install/auto_aim_interfaces:/opt/ros/humble LD_LIBRARY_PATH=/home/rosnoetic/rm_shaobing_vision/install/buff_interfaces/lib:/opt/MVS/lib/64:/opt/MVS/lib/32:/opt/MVS/lib/64:/opt/MVS/lib/32:/home/rosnoetic/ros_ws/install/rm_serial_driver/lib:/home/rosnoetic/ros_ws/install/hik_camera/lib:/home/rosnoetic/ros_ws/install/armor_tracker/lib:/home/rosnoetic/ros_ws/install/armor_detector/lib:/home/rosnoetic/ros_ws/install/auto_aim_interfaces/lib:/usr/lib/x86_64-linux-gnu/gazebo-11/plugins:/opt/ros/humble/opt/rviz_ogre_vendor/lib:/opt/ros/humble/lib/x86_64-linux-gnu:/opt/ros/humble/lib:/opt/MVS/lib/64:/opt/MVS/lib/32:/opt/MVS/lib/64:/opt/MVS/lib/32 PYTHONPATH=/home/rosnoetic/rm_shaobing_vision/install/buff_interfaces/local/lib/python3.10/dist-packages:${PYTHONPATH} /usr/bin/cmake --install /home/rosnoetic/rm_shaobing_vision/build/buff_detector
[46.752s] -- Install configuration: ""
[46.752s] -- Installing: /home/rosnoetic/rm_shaobing_vision/install/buff_detector/lib/buff_detector/buff_detector_node
[46.753s] -- Set runtime path of "/home/rosnoetic/rm_shaobing_vision/install/buff_detector/lib/buff_detector/buff_detector_node" to ""
[46.753s] -- Installing: /home/rosnoetic/rm_shaobing_vision/install/buff_detector/include
[46.753s] -- Installing: /home/rosnoetic/rm_shaobing_vision/install/buff_detector/include/buff_detector
[46.753s] -- Installing: /home/rosnoetic/rm_shaobing_vision/install/buff_detector/include/buff_detector/blade.hpp
[46.753s] -- Installing: /home/rosnoetic/rm_shaobing_vision/install/buff_detector/include/buff_detector/detector.hpp
[46.753s] -- Installing: /home/rosnoetic/rm_shaobing_vision/install/buff_detector/include/buff_detector/pnp_solver.hpp
[46.753s] -- Installing: /home/rosnoetic/rm_shaobing_vision/install/buff_detector/include/buff_detector/detector_node.hpp
[46.753s] -- Installing: /home/rosnoetic/rm_shaobing_vision/install/buff_detector/share/buff_detector/environment/library_path.sh
[46.754s] -- Installing: /home/rosnoetic/rm_shaobing_vision/install/buff_detector/share/buff_detector/environment/library_path.dsv
[46.754s] -- Installing: /home/rosnoetic/rm_shaobing_vision/install/buff_detector/lib/libbuff_detector.so
[46.770s] -- Set runtime path of "/home/rosnoetic/rm_shaobing_vision/install/buff_detector/lib/libbuff_detector.so" to ""
[46.770s] -- Installing: /home/rosnoetic/rm_shaobing_vision/install/buff_detector/share/buff_detector/models
[46.770s] -- Installing: /home/rosnoetic/rm_shaobing_vision/install/buff_detector/share/buff_detector/models/buff_quantized.xml
[46.772s] -- Installing: /home/rosnoetic/rm_shaobing_vision/install/buff_detector/share/buff_detector/models/buff_quantized.bin
[46.775s] -- Installing: /home/rosnoetic/rm_shaobing_vision/install/buff_detector/share/buff_detector/launch
[46.775s] -- Installing: /home/rosnoetic/rm_shaobing_vision/install/buff_detector/share/buff_detector/launch/buff_detector.launch.py
[46.775s] -- Installing: /home/rosnoetic/rm_shaobing_vision/install/buff_detector/share/ament_index/resource_index/package_run_dependencies/buff_detector
[46.775s] -- Installing: /home/rosnoetic/rm_shaobing_vision/install/buff_detector/share/ament_index/resource_index/parent_prefix_path/buff_detector
[46.776s] -- Installing: /home/rosnoetic/rm_shaobing_vision/install/buff_detector/share/buff_detector/environment/ament_prefix_path.sh
[46.776s] -- Installing: /home/rosnoetic/rm_shaobing_vision/install/buff_detector/share/buff_detector/environment/ament_prefix_path.dsv
[46.776s] -- Installing: /home/rosnoetic/rm_shaobing_vision/install/buff_detector/share/buff_detector/environment/path.sh
[46.776s] -- Installing: /home/rosnoetic/rm_shaobing_vision/install/buff_detector/share/buff_detector/environment/path.dsv
[46.777s] -- Installing: /home/rosnoetic/rm_shaobing_vision/install/buff_detector/share/buff_detector/local_setup.bash
[46.777s] -- Installing: /home/rosnoetic/rm_shaobing_vision/install/buff_detector/share/buff_detector/local_setup.sh
[46.778s] -- Installing: /home/rosnoetic/rm_shaobing_vision/install/buff_detector/share/buff_detector/local_setup.zsh
[46.778s] -- Installing: /home/rosnoetic/rm_shaobing_vision/install/buff_detector/share/buff_detector/local_setup.dsv
[46.778s] -- Installing: /home/rosnoetic/rm_shaobing_vision/install/buff_detector/share/buff_detector/package.dsv
[46.778s] -- Installing: /home/rosnoetic/rm_shaobing_vision/install/buff_detector/share/ament_index/resource_index/packages/buff_detector
[46.779s] -- Installing: /home/rosnoetic/rm_shaobing_vision/install/buff_detector/share/ament_index/resource_index/rclcpp_components/buff_detector
[46.779s] -- Installing: /home/rosnoetic/rm_shaobing_vision/install/buff_detector/share/buff_detector/cmake/ament_cmake_export_dependencies-extras.cmake
[46.779s] -- Installing: /home/rosnoetic/rm_shaobing_vision/install/buff_detector/share/buff_detector/cmake/ament_cmake_export_include_directories-extras.cmake
[46.779s] -- Installing: /home/rosnoetic/rm_shaobing_vision/install/buff_detector/share/buff_detector/cmake/ament_cmake_export_libraries-extras.cmake
[46.779s] -- Installing: /home/rosnoetic/rm_shaobing_vision/install/buff_detector/share/buff_detector/cmake/buff_detectorConfig.cmake
[46.779s] -- Installing: /home/rosnoetic/rm_shaobing_vision/install/buff_detector/share/buff_detector/cmake/buff_detectorConfig-version.cmake
[46.780s] -- Installing: /home/rosnoetic/rm_shaobing_vision/install/buff_detector/share/buff_detector/package.xml
[46.783s] Invoked command in '/home/rosnoetic/rm_shaobing_vision/build/buff_detector' returned '0': AMENT_PREFIX_PATH=/home/rosnoetic/rm_shaobing_vision/install/buff_interfaces:${AMENT_PREFIX_PATH} CMAKE_PREFIX_PATH=/home/rosnoetic/rm_shaobing_vision/install/buff_interfaces:/home/rosnoetic/ros_ws/install/rm_vision_bringup:/home/rosnoetic/ros_ws/install/rm_serial_driver:/home/rosnoetic/ros_ws/install/rm_gimbal_description:/home/rosnoetic/ros_ws/install/hik_camera:/home/rosnoetic/ros_ws/install/armor_tracker:/home/rosnoetic/ros_ws/install/armor_detector:/home/rosnoetic/ros_ws/install/auto_aim_interfaces:/opt/ros/humble LD_LIBRARY_PATH=/home/rosnoetic/rm_shaobing_vision/install/buff_interfaces/lib:/opt/MVS/lib/64:/opt/MVS/lib/32:/opt/MVS/lib/64:/opt/MVS/lib/32:/home/rosnoetic/ros_ws/install/rm_serial_driver/lib:/home/rosnoetic/ros_ws/install/hik_camera/lib:/home/rosnoetic/ros_ws/install/armor_tracker/lib:/home/rosnoetic/ros_ws/install/armor_detector/lib:/home/rosnoetic/ros_ws/install/auto_aim_interfaces/lib:/usr/lib/x86_64-linux-gnu/gazebo-11/plugins:/opt/ros/humble/opt/rviz_ogre_vendor/lib:/opt/ros/humble/lib/x86_64-linux-gnu:/opt/ros/humble/lib:/opt/MVS/lib/64:/opt/MVS/lib/32:/opt/MVS/lib/64:/opt/MVS/lib/32 PYTHONPATH=/home/rosnoetic/rm_shaobing_vision/install/buff_interfaces/local/lib/python3.10/dist-packages:${PYTHONPATH} /usr/bin/cmake --install /home/rosnoetic/rm_shaobing_vision/build/buff_detector
