[0.035s] Invoking command in '/home/rosnoetic/rm_shaobing_vision/build/rm_serial_driver': AMENT_PREFIX_PATH=/home/rosnoetic/rm_shaobing_vision/install/auto_aim_interfaces:${AMENT_PREFIX_PATH} CMAKE_PREFIX_PATH=/home/rosnoetic/rm_shaobing_vision/install/auto_aim_interfaces:/home/rosnoetic/ros_ws/install/rm_vision_bringup:/home/rosnoetic/ros_ws/install/rm_serial_driver:/home/rosnoetic/ros_ws/install/rm_gimbal_description:/home/rosnoetic/ros_ws/install/hik_camera:/home/rosnoetic/ros_ws/install/armor_tracker:/home/rosnoetic/ros_ws/install/armor_detector:/home/rosnoetic/ros_ws/install/auto_aim_interfaces:/opt/ros/humble LD_LIBRARY_PATH=/home/rosnoetic/rm_shaobing_vision/install/auto_aim_interfaces/lib:/opt/MVS/lib/64:/opt/MVS/lib/32:/opt/MVS/lib/64:/opt/MVS/lib/32:/home/rosnoetic/ros_ws/install/rm_serial_driver/lib:/home/rosnoetic/ros_ws/install/hik_camera/lib:/home/rosnoetic/ros_ws/install/armor_tracker/lib:/home/rosnoetic/ros_ws/install/armor_detector/lib:/home/rosnoetic/ros_ws/install/auto_aim_interfaces/lib:/usr/lib/x86_64-linux-gnu/gazebo-11/plugins:/opt/ros/humble/opt/rviz_ogre_vendor/lib:/opt/ros/humble/lib/x86_64-linux-gnu:/opt/ros/humble/lib:/opt/MVS/lib/64:/opt/MVS/lib/32:/opt/MVS/lib/64:/opt/MVS/lib/32 PYTHONPATH=/home/rosnoetic/rm_shaobing_vision/install/auto_aim_interfaces/local/lib/python3.10/dist-packages:${PYTHONPATH} /usr/bin/cmake /home/rosnoetic/rm_shaobing_vision/src/rm_serial_driver -DCMAKE_INSTALL_PREFIX=/home/rosnoetic/rm_shaobing_vision/install/rm_serial_driver
[0.143s] -- The C compiler identification is GNU 11.4.0
[0.240s] -- The CXX compiler identification is GNU 11.4.0
[0.252s] -- Detecting C compiler ABI info
[0.383s] -- Detecting C compiler ABI info - done
[0.392s] -- Check for working C compiler: /usr/bin/cc - skipped
[0.392s] -- Detecting C compile features
[0.393s] -- Detecting C compile features - done
[0.397s] -- Detecting CXX compiler ABI info
[0.554s] -- Detecting CXX compiler ABI info - done
[0.571s] -- Check for working CXX compiler: /usr/bin/c++ - skipped
[0.571s] -- Detecting CXX compile features
[0.571s] -- Detecting CXX compile features - done
[0.572s] -- Found ament_cmake_auto: 1.3.10 (/opt/ros/humble/share/ament_cmake_auto/cmake)
[0.868s] -- Found Python3: /usr/bin/python3 (found version "3.10.12") found components: Interpreter 
[1.488s] -- Found rosidl_generator_c: 3.1.5 (/opt/ros/humble/share/rosidl_generator_c/cmake)
[1.488s] -- Found rosidl_adapter: 3.1.5 (/opt/ros/humble/share/rosidl_adapter/cmake)
[1.508s] -- Found rosidl_generator_cpp: 3.1.5 (/opt/ros/humble/share/rosidl_generator_cpp/cmake)
[1.549s] -- Using all available rosidl_typesupport_c: rosidl_typesupport_fastrtps_c;rosidl_typesupport_introspection_c
[1.580s] -- Using all available rosidl_typesupport_cpp: rosidl_typesupport_fastrtps_cpp;rosidl_typesupport_introspection_cpp
[1.677s] -- Found rmw_implementation_cmake: 6.1.2 (/opt/ros/humble/share/rmw_implementation_cmake/cmake)
[1.677s] -- Found rmw_fastrtps_cpp: 6.2.7 (/opt/ros/humble/share/rmw_fastrtps_cpp/cmake)
[2.367s] -- Found OpenSSL: /usr/lib/x86_64-linux-gnu/libcrypto.so (found version "3.0.2")  
[2.453s] -- Found FastRTPS: /opt/ros/humble/include  
[2.584s] -- Using RMW implementation 'rmw_fastrtps_cpp' as default
[2.621s] -- Looking for pthread.h
[3.069s] -- Looking for pthread.h - found
[3.071s] -- Performing Test CMAKE_HAVE_LIBC_PTHREAD
[3.556s] -- Performing Test CMAKE_HAVE_LIBC_PTHREAD - Success
[3.556s] -- Found Threads: TRUE  
[4.092s] -- Found eigen3_cmake_module: 0.1.1 (/opt/ros/humble/share/eigen3_cmake_module/cmake)
[4.095s] -- Found Eigen3: TRUE (found version "3.4.0") 
[4.096s] -- Ensuring Eigen3 include directory is part of orocos-kdl CMake target
[4.292s] -- Found ament_lint_auto: 0.12.11 (/opt/ros/humble/share/ament_lint_auto/cmake)
[4.340s] -- Added test 'cppcheck' to perform static code analysis on C / C++ code
[4.341s] -- Configured cppcheck include dirs: /home/rosnoetic/rm_shaobing_vision/src/rm_serial_driver/include
[4.341s] -- Configured cppcheck exclude dirs and/or files: 
[4.341s] -- Added test 'cpplint' to check C / C++ code against the Google style
[4.341s] -- Configured cpplint exclude dirs and/or files: 
[4.353s] -- Added test 'flake8' to check Python code syntax and style conventions
[4.374s] -- Added test 'lint_cmake' to check CMake code style
[4.374s] -- Added test 'pep257' to check Python code against some of the docstring style conventions in PEP 257
[4.374s] -- Added test 'xmllint' to check XML markup files
[4.374s] -- Added test 'clang_format' to check C / C++ code style
[4.375s] -- Configuring done
[4.426s] -- Generating done
[4.426s] -- Build files have been written to: /home/rosnoetic/rm_shaobing_vision/build/rm_serial_driver
[4.526s] Invoked command in '/home/rosnoetic/rm_shaobing_vision/build/rm_serial_driver' returned '0': AMENT_PREFIX_PATH=/home/rosnoetic/rm_shaobing_vision/install/auto_aim_interfaces:${AMENT_PREFIX_PATH} CMAKE_PREFIX_PATH=/home/rosnoetic/rm_shaobing_vision/install/auto_aim_interfaces:/home/rosnoetic/ros_ws/install/rm_vision_bringup:/home/rosnoetic/ros_ws/install/rm_serial_driver:/home/rosnoetic/ros_ws/install/rm_gimbal_description:/home/rosnoetic/ros_ws/install/hik_camera:/home/rosnoetic/ros_ws/install/armor_tracker:/home/rosnoetic/ros_ws/install/armor_detector:/home/rosnoetic/ros_ws/install/auto_aim_interfaces:/opt/ros/humble LD_LIBRARY_PATH=/home/rosnoetic/rm_shaobing_vision/install/auto_aim_interfaces/lib:/opt/MVS/lib/64:/opt/MVS/lib/32:/opt/MVS/lib/64:/opt/MVS/lib/32:/home/rosnoetic/ros_ws/install/rm_serial_driver/lib:/home/rosnoetic/ros_ws/install/hik_camera/lib:/home/rosnoetic/ros_ws/install/armor_tracker/lib:/home/rosnoetic/ros_ws/install/armor_detector/lib:/home/rosnoetic/ros_ws/install/auto_aim_interfaces/lib:/usr/lib/x86_64-linux-gnu/gazebo-11/plugins:/opt/ros/humble/opt/rviz_ogre_vendor/lib:/opt/ros/humble/lib/x86_64-linux-gnu:/opt/ros/humble/lib:/opt/MVS/lib/64:/opt/MVS/lib/32:/opt/MVS/lib/64:/opt/MVS/lib/32 PYTHONPATH=/home/rosnoetic/rm_shaobing_vision/install/auto_aim_interfaces/local/lib/python3.10/dist-packages:${PYTHONPATH} /usr/bin/cmake /home/rosnoetic/rm_shaobing_vision/src/rm_serial_driver -DCMAKE_INSTALL_PREFIX=/home/rosnoetic/rm_shaobing_vision/install/rm_serial_driver
[4.527s] Invoking command in '/home/rosnoetic/rm_shaobing_vision/build/rm_serial_driver': AMENT_PREFIX_PATH=/home/rosnoetic/rm_shaobing_vision/install/auto_aim_interfaces:${AMENT_PREFIX_PATH} CMAKE_PREFIX_PATH=/home/rosnoetic/rm_shaobing_vision/install/auto_aim_interfaces:/home/rosnoetic/ros_ws/install/rm_vision_bringup:/home/rosnoetic/ros_ws/install/rm_serial_driver:/home/rosnoetic/ros_ws/install/rm_gimbal_description:/home/rosnoetic/ros_ws/install/hik_camera:/home/rosnoetic/ros_ws/install/armor_tracker:/home/rosnoetic/ros_ws/install/armor_detector:/home/rosnoetic/ros_ws/install/auto_aim_interfaces:/opt/ros/humble LD_LIBRARY_PATH=/home/rosnoetic/rm_shaobing_vision/install/auto_aim_interfaces/lib:/opt/MVS/lib/64:/opt/MVS/lib/32:/opt/MVS/lib/64:/opt/MVS/lib/32:/home/rosnoetic/ros_ws/install/rm_serial_driver/lib:/home/rosnoetic/ros_ws/install/hik_camera/lib:/home/rosnoetic/ros_ws/install/armor_tracker/lib:/home/rosnoetic/ros_ws/install/armor_detector/lib:/home/rosnoetic/ros_ws/install/auto_aim_interfaces/lib:/usr/lib/x86_64-linux-gnu/gazebo-11/plugins:/opt/ros/humble/opt/rviz_ogre_vendor/lib:/opt/ros/humble/lib/x86_64-linux-gnu:/opt/ros/humble/lib:/opt/MVS/lib/64:/opt/MVS/lib/32:/opt/MVS/lib/64:/opt/MVS/lib/32 PYTHONPATH=/home/rosnoetic/rm_shaobing_vision/install/auto_aim_interfaces/local/lib/python3.10/dist-packages:${PYTHONPATH} /usr/bin/cmake --build /home/rosnoetic/rm_shaobing_vision/build/rm_serial_driver -- -j16 -l16
[5.109s] [ 20%] [32mBuilding CXX object CMakeFiles/rm_serial_driver_node.dir/rclcpp_components/node_main_rm_serial_driver_node.cpp.o[0m
[5.168s] [ 40%] [32mBuilding CXX object CMakeFiles/rm_serial_driver.dir/src/rm_serial_driver.cpp.o[0m
[5.334s] [ 60%] [32mBuilding CXX object CMakeFiles/rm_serial_driver.dir/src/crc.cpp.o[0m
[18.484s] [ 80%] [32m[1mLinking CXX executable rm_serial_driver_node[0m
[18.823s] [ 80%] Built target rm_serial_driver_node
[42.456s] [100%] [32m[1mLinking CXX shared library librm_serial_driver.so[0m
[43.688s] [100%] Built target rm_serial_driver
[43.714s] Invoked command in '/home/rosnoetic/rm_shaobing_vision/build/rm_serial_driver' returned '0': AMENT_PREFIX_PATH=/home/rosnoetic/rm_shaobing_vision/install/auto_aim_interfaces:${AMENT_PREFIX_PATH} CMAKE_PREFIX_PATH=/home/rosnoetic/rm_shaobing_vision/install/auto_aim_interfaces:/home/rosnoetic/ros_ws/install/rm_vision_bringup:/home/rosnoetic/ros_ws/install/rm_serial_driver:/home/rosnoetic/ros_ws/install/rm_gimbal_description:/home/rosnoetic/ros_ws/install/hik_camera:/home/rosnoetic/ros_ws/install/armor_tracker:/home/rosnoetic/ros_ws/install/armor_detector:/home/rosnoetic/ros_ws/install/auto_aim_interfaces:/opt/ros/humble LD_LIBRARY_PATH=/home/rosnoetic/rm_shaobing_vision/install/auto_aim_interfaces/lib:/opt/MVS/lib/64:/opt/MVS/lib/32:/opt/MVS/lib/64:/opt/MVS/lib/32:/home/rosnoetic/ros_ws/install/rm_serial_driver/lib:/home/rosnoetic/ros_ws/install/hik_camera/lib:/home/rosnoetic/ros_ws/install/armor_tracker/lib:/home/rosnoetic/ros_ws/install/armor_detector/lib:/home/rosnoetic/ros_ws/install/auto_aim_interfaces/lib:/usr/lib/x86_64-linux-gnu/gazebo-11/plugins:/opt/ros/humble/opt/rviz_ogre_vendor/lib:/opt/ros/humble/lib/x86_64-linux-gnu:/opt/ros/humble/lib:/opt/MVS/lib/64:/opt/MVS/lib/32:/opt/MVS/lib/64:/opt/MVS/lib/32 PYTHONPATH=/home/rosnoetic/rm_shaobing_vision/install/auto_aim_interfaces/local/lib/python3.10/dist-packages:${PYTHONPATH} /usr/bin/cmake --build /home/rosnoetic/rm_shaobing_vision/build/rm_serial_driver -- -j16 -l16
[43.824s] Invoking command in '/home/rosnoetic/rm_shaobing_vision/build/rm_serial_driver': AMENT_PREFIX_PATH=/home/rosnoetic/rm_shaobing_vision/install/auto_aim_interfaces:${AMENT_PREFIX_PATH} CMAKE_PREFIX_PATH=/home/rosnoetic/rm_shaobing_vision/install/auto_aim_interfaces:/home/rosnoetic/ros_ws/install/rm_vision_bringup:/home/rosnoetic/ros_ws/install/rm_serial_driver:/home/rosnoetic/ros_ws/install/rm_gimbal_description:/home/rosnoetic/ros_ws/install/hik_camera:/home/rosnoetic/ros_ws/install/armor_tracker:/home/rosnoetic/ros_ws/install/armor_detector:/home/rosnoetic/ros_ws/install/auto_aim_interfaces:/opt/ros/humble LD_LIBRARY_PATH=/home/rosnoetic/rm_shaobing_vision/install/auto_aim_interfaces/lib:/opt/MVS/lib/64:/opt/MVS/lib/32:/opt/MVS/lib/64:/opt/MVS/lib/32:/home/rosnoetic/ros_ws/install/rm_serial_driver/lib:/home/rosnoetic/ros_ws/install/hik_camera/lib:/home/rosnoetic/ros_ws/install/armor_tracker/lib:/home/rosnoetic/ros_ws/install/armor_detector/lib:/home/rosnoetic/ros_ws/install/auto_aim_interfaces/lib:/usr/lib/x86_64-linux-gnu/gazebo-11/plugins:/opt/ros/humble/opt/rviz_ogre_vendor/lib:/opt/ros/humble/lib/x86_64-linux-gnu:/opt/ros/humble/lib:/opt/MVS/lib/64:/opt/MVS/lib/32:/opt/MVS/lib/64:/opt/MVS/lib/32 PYTHONPATH=/home/rosnoetic/rm_shaobing_vision/install/auto_aim_interfaces/local/lib/python3.10/dist-packages:${PYTHONPATH} /usr/bin/cmake --install /home/rosnoetic/rm_shaobing_vision/build/rm_serial_driver
[43.838s] -- Install configuration: ""
[43.838s] -- Installing: /home/rosnoetic/rm_shaobing_vision/install/rm_serial_driver/lib/rm_serial_driver/rm_serial_driver_node
[43.839s] -- Set runtime path of "/home/rosnoetic/rm_shaobing_vision/install/rm_serial_driver/lib/rm_serial_driver/rm_serial_driver_node" to ""
[43.839s] -- Installing: /home/rosnoetic/rm_shaobing_vision/install/rm_serial_driver/include
[43.839s] -- Installing: /home/rosnoetic/rm_shaobing_vision/install/rm_serial_driver/include/rm_serial_driver
[43.839s] -- Installing: /home/rosnoetic/rm_shaobing_vision/install/rm_serial_driver/include/rm_serial_driver/crc.hpp
[43.840s] -- Installing: /home/rosnoetic/rm_shaobing_vision/install/rm_serial_driver/include/rm_serial_driver/packet.hpp
[43.840s] -- Installing: /home/rosnoetic/rm_shaobing_vision/install/rm_serial_driver/include/rm_serial_driver/rm_serial_driver.hpp
[43.840s] -- Installing: /home/rosnoetic/rm_shaobing_vision/install/rm_serial_driver/share/rm_serial_driver/environment/library_path.sh
[43.841s] -- Installing: /home/rosnoetic/rm_shaobing_vision/install/rm_serial_driver/share/rm_serial_driver/environment/library_path.dsv
[43.841s] -- Installing: /home/rosnoetic/rm_shaobing_vision/install/rm_serial_driver/lib/librm_serial_driver.so
[43.854s] -- Set runtime path of "/home/rosnoetic/rm_shaobing_vision/install/rm_serial_driver/lib/librm_serial_driver.so" to ""
[43.855s] -- Installing: /home/rosnoetic/rm_shaobing_vision/install/rm_serial_driver/share/rm_serial_driver/config
[43.855s] -- Installing: /home/rosnoetic/rm_shaobing_vision/install/rm_serial_driver/share/rm_serial_driver/config/serial_driver.yaml
[43.855s] -- Installing: /home/rosnoetic/rm_shaobing_vision/install/rm_serial_driver/share/rm_serial_driver/launch
[43.855s] -- Installing: /home/rosnoetic/rm_shaobing_vision/install/rm_serial_driver/share/rm_serial_driver/launch/serial_driver.launch.py
[43.856s] -- Installing: /home/rosnoetic/rm_shaobing_vision/install/rm_serial_driver/share/ament_index/resource_index/package_run_dependencies/rm_serial_driver
[43.857s] -- Installing: /home/rosnoetic/rm_shaobing_vision/install/rm_serial_driver/share/ament_index/resource_index/parent_prefix_path/rm_serial_driver
[43.857s] -- Installing: /home/rosnoetic/rm_shaobing_vision/install/rm_serial_driver/share/rm_serial_driver/environment/ament_prefix_path.sh
[43.858s] -- Installing: /home/rosnoetic/rm_shaobing_vision/install/rm_serial_driver/share/rm_serial_driver/environment/ament_prefix_path.dsv
[43.858s] -- Installing: /home/rosnoetic/rm_shaobing_vision/install/rm_serial_driver/share/rm_serial_driver/environment/path.sh
[43.859s] -- Installing: /home/rosnoetic/rm_shaobing_vision/install/rm_serial_driver/share/rm_serial_driver/environment/path.dsv
[43.859s] -- Installing: /home/rosnoetic/rm_shaobing_vision/install/rm_serial_driver/share/rm_serial_driver/local_setup.bash
[43.860s] -- Installing: /home/rosnoetic/rm_shaobing_vision/install/rm_serial_driver/share/rm_serial_driver/local_setup.sh
[43.860s] -- Installing: /home/rosnoetic/rm_shaobing_vision/install/rm_serial_driver/share/rm_serial_driver/local_setup.zsh
[43.860s] -- Installing: /home/rosnoetic/rm_shaobing_vision/install/rm_serial_driver/share/rm_serial_driver/local_setup.dsv
[43.860s] -- Installing: /home/rosnoetic/rm_shaobing_vision/install/rm_serial_driver/share/rm_serial_driver/package.dsv
[43.861s] -- Installing: /home/rosnoetic/rm_shaobing_vision/install/rm_serial_driver/share/ament_index/resource_index/packages/rm_serial_driver
[43.861s] -- Installing: /home/rosnoetic/rm_shaobing_vision/install/rm_serial_driver/share/ament_index/resource_index/rclcpp_components/rm_serial_driver
[43.863s] -- Installing: /home/rosnoetic/rm_shaobing_vision/install/rm_serial_driver/share/rm_serial_driver/cmake/ament_cmake_export_dependencies-extras.cmake
[43.863s] -- Installing: /home/rosnoetic/rm_shaobing_vision/install/rm_serial_driver/share/rm_serial_driver/cmake/ament_cmake_export_include_directories-extras.cmake
[43.863s] -- Installing: /home/rosnoetic/rm_shaobing_vision/install/rm_serial_driver/share/rm_serial_driver/cmake/ament_cmake_export_libraries-extras.cmake
[43.863s] -- Installing: /home/rosnoetic/rm_shaobing_vision/install/rm_serial_driver/share/rm_serial_driver/cmake/rm_serial_driverConfig.cmake
[43.863s] -- Installing: /home/rosnoetic/rm_shaobing_vision/install/rm_serial_driver/share/rm_serial_driver/cmake/rm_serial_driverConfig-version.cmake
[43.863s] -- Installing: /home/rosnoetic/rm_shaobing_vision/install/rm_serial_driver/share/rm_serial_driver/package.xml
[43.864s] Invoked command in '/home/rosnoetic/rm_shaobing_vision/build/rm_serial_driver' returned '0': AMENT_PREFIX_PATH=/home/rosnoetic/rm_shaobing_vision/install/auto_aim_interfaces:${AMENT_PREFIX_PATH} CMAKE_PREFIX_PATH=/home/rosnoetic/rm_shaobing_vision/install/auto_aim_interfaces:/home/rosnoetic/ros_ws/install/rm_vision_bringup:/home/rosnoetic/ros_ws/install/rm_serial_driver:/home/rosnoetic/ros_ws/install/rm_gimbal_description:/home/rosnoetic/ros_ws/install/hik_camera:/home/rosnoetic/ros_ws/install/armor_tracker:/home/rosnoetic/ros_ws/install/armor_detector:/home/rosnoetic/ros_ws/install/auto_aim_interfaces:/opt/ros/humble LD_LIBRARY_PATH=/home/rosnoetic/rm_shaobing_vision/install/auto_aim_interfaces/lib:/opt/MVS/lib/64:/opt/MVS/lib/32:/opt/MVS/lib/64:/opt/MVS/lib/32:/home/rosnoetic/ros_ws/install/rm_serial_driver/lib:/home/rosnoetic/ros_ws/install/hik_camera/lib:/home/rosnoetic/ros_ws/install/armor_tracker/lib:/home/rosnoetic/ros_ws/install/armor_detector/lib:/home/rosnoetic/ros_ws/install/auto_aim_interfaces/lib:/usr/lib/x86_64-linux-gnu/gazebo-11/plugins:/opt/ros/humble/opt/rviz_ogre_vendor/lib:/opt/ros/humble/lib/x86_64-linux-gnu:/opt/ros/humble/lib:/opt/MVS/lib/64:/opt/MVS/lib/32:/opt/MVS/lib/64:/opt/MVS/lib/32 PYTHONPATH=/home/rosnoetic/rm_shaobing_vision/install/auto_aim_interfaces/local/lib/python3.10/dist-packages:${PYTHONPATH} /usr/bin/cmake --install /home/rosnoetic/rm_shaobing_vision/build/rm_serial_driver
