[0.041s] Invoking command in '/home/rosnoetic/vision_ws/rm_shaobing_vision/build/buff_tracker': AMENT_PREFIX_PATH=/home/rosnoetic/vision_ws/rm_shaobing_vision/install/buff_interfaces:${AMENT_PREFIX_PATH} CMAKE_PREFIX_PATH=/home/rosnoetic/vision_ws/rm_shaobing_vision/install/buff_interfaces:/home/rosnoetic/ros_ws/install/rm_vision_bringup:/home/rosnoetic/ros_ws/install/rm_serial_driver:/home/rosnoetic/ros_ws/install/rm_gimbal_description:/home/rosnoetic/ros_ws/install/hik_camera:/home/rosnoetic/ros_ws/install/armor_tracker:/home/rosnoetic/ros_ws/install/armor_detector:/home/rosnoetic/ros_ws/install/auto_aim_interfaces:/opt/ros/humble LD_LIBRARY_PATH=/home/rosnoetic/vision_ws/rm_shaobing_vision/install/buff_interfaces/lib:/opt/MVS/lib/64:/opt/MVS/lib/32:/opt/MVS/lib/64:/opt/MVS/lib/32:/home/rosnoetic/ros_ws/install/rm_serial_driver/lib:/home/rosnoetic/ros_ws/install/hik_camera/lib:/home/rosnoetic/ros_ws/install/armor_tracker/lib:/home/rosnoetic/ros_ws/install/armor_detector/lib:/home/rosnoetic/ros_ws/install/auto_aim_interfaces/lib:/usr/lib/x86_64-linux-gnu/gazebo-11/plugins:/opt/ros/humble/opt/rviz_ogre_vendor/lib:/opt/ros/humble/lib/x86_64-linux-gnu:/opt/ros/humble/lib:/opt/MVS/lib/64:/opt/MVS/lib/32:/opt/MVS/lib/64:/opt/MVS/lib/32 PYTHONPATH=/home/rosnoetic/vision_ws/rm_shaobing_vision/install/buff_interfaces/local/lib/python3.10/dist-packages:${PYTHONPATH} /usr/bin/cmake --build /home/rosnoetic/vision_ws/rm_shaobing_vision/build/buff_tracker -- -j16 -l16
[0.169s] [ 28%] Built target buff_tracker_node
[0.181s] [100%] Built target buff_tracker
[0.200s] Invoked command in '/home/rosnoetic/vision_ws/rm_shaobing_vision/build/buff_tracker' returned '0': AMENT_PREFIX_PATH=/home/rosnoetic/vision_ws/rm_shaobing_vision/install/buff_interfaces:${AMENT_PREFIX_PATH} CMAKE_PREFIX_PATH=/home/rosnoetic/vision_ws/rm_shaobing_vision/install/buff_interfaces:/home/rosnoetic/ros_ws/install/rm_vision_bringup:/home/rosnoetic/ros_ws/install/rm_serial_driver:/home/rosnoetic/ros_ws/install/rm_gimbal_description:/home/rosnoetic/ros_ws/install/hik_camera:/home/rosnoetic/ros_ws/install/armor_tracker:/home/rosnoetic/ros_ws/install/armor_detector:/home/rosnoetic/ros_ws/install/auto_aim_interfaces:/opt/ros/humble LD_LIBRARY_PATH=/home/rosnoetic/vision_ws/rm_shaobing_vision/install/buff_interfaces/lib:/opt/MVS/lib/64:/opt/MVS/lib/32:/opt/MVS/lib/64:/opt/MVS/lib/32:/home/rosnoetic/ros_ws/install/rm_serial_driver/lib:/home/rosnoetic/ros_ws/install/hik_camera/lib:/home/rosnoetic/ros_ws/install/armor_tracker/lib:/home/rosnoetic/ros_ws/install/armor_detector/lib:/home/rosnoetic/ros_ws/install/auto_aim_interfaces/lib:/usr/lib/x86_64-linux-gnu/gazebo-11/plugins:/opt/ros/humble/opt/rviz_ogre_vendor/lib:/opt/ros/humble/lib/x86_64-linux-gnu:/opt/ros/humble/lib:/opt/MVS/lib/64:/opt/MVS/lib/32:/opt/MVS/lib/64:/opt/MVS/lib/32 PYTHONPATH=/home/rosnoetic/vision_ws/rm_shaobing_vision/install/buff_interfaces/local/lib/python3.10/dist-packages:${PYTHONPATH} /usr/bin/cmake --build /home/rosnoetic/vision_ws/rm_shaobing_vision/build/buff_tracker -- -j16 -l16
[0.336s] Invoking command in '/home/rosnoetic/vision_ws/rm_shaobing_vision/build/buff_tracker': AMENT_PREFIX_PATH=/home/rosnoetic/vision_ws/rm_shaobing_vision/install/buff_interfaces:${AMENT_PREFIX_PATH} CMAKE_PREFIX_PATH=/home/rosnoetic/vision_ws/rm_shaobing_vision/install/buff_interfaces:/home/rosnoetic/ros_ws/install/rm_vision_bringup:/home/rosnoetic/ros_ws/install/rm_serial_driver:/home/rosnoetic/ros_ws/install/rm_gimbal_description:/home/rosnoetic/ros_ws/install/hik_camera:/home/rosnoetic/ros_ws/install/armor_tracker:/home/rosnoetic/ros_ws/install/armor_detector:/home/rosnoetic/ros_ws/install/auto_aim_interfaces:/opt/ros/humble LD_LIBRARY_PATH=/home/rosnoetic/vision_ws/rm_shaobing_vision/install/buff_interfaces/lib:/opt/MVS/lib/64:/opt/MVS/lib/32:/opt/MVS/lib/64:/opt/MVS/lib/32:/home/rosnoetic/ros_ws/install/rm_serial_driver/lib:/home/rosnoetic/ros_ws/install/hik_camera/lib:/home/rosnoetic/ros_ws/install/armor_tracker/lib:/home/rosnoetic/ros_ws/install/armor_detector/lib:/home/rosnoetic/ros_ws/install/auto_aim_interfaces/lib:/usr/lib/x86_64-linux-gnu/gazebo-11/plugins:/opt/ros/humble/opt/rviz_ogre_vendor/lib:/opt/ros/humble/lib/x86_64-linux-gnu:/opt/ros/humble/lib:/opt/MVS/lib/64:/opt/MVS/lib/32:/opt/MVS/lib/64:/opt/MVS/lib/32 PYTHONPATH=/home/rosnoetic/vision_ws/rm_shaobing_vision/install/buff_interfaces/local/lib/python3.10/dist-packages:${PYTHONPATH} /usr/bin/cmake --install /home/rosnoetic/vision_ws/rm_shaobing_vision/build/buff_tracker
[0.356s] -- Install configuration: ""
[0.357s] -- Up-to-date: /home/rosnoetic/vision_ws/rm_shaobing_vision/install/buff_tracker/lib/buff_tracker/buff_tracker_node
[0.357s] -- Up-to-date: /home/rosnoetic/vision_ws/rm_shaobing_vision/install/buff_tracker/include
[0.357s] -- Up-to-date: /home/rosnoetic/vision_ws/rm_shaobing_vision/install/buff_tracker/include/buff_tracker
[0.357s] -- Up-to-date: /home/rosnoetic/vision_ws/rm_shaobing_vision/install/buff_tracker/include/buff_tracker/tracker.hpp
[0.357s] -- Up-to-date: /home/rosnoetic/vision_ws/rm_shaobing_vision/install/buff_tracker/include/buff_tracker/extended_kalman_filter.hpp
[0.357s] -- Up-to-date: /home/rosnoetic/vision_ws/rm_shaobing_vision/install/buff_tracker/include/buff_tracker/tracker_node.hpp
[0.357s] -- Up-to-date: /home/rosnoetic/vision_ws/rm_shaobing_vision/install/buff_tracker/include/buff_tracker/gauss_newton_solver.hpp
[0.357s] -- Up-to-date: /home/rosnoetic/vision_ws/rm_shaobing_vision/install/buff_tracker/share/buff_tracker/environment/library_path.dsv
[0.357s] -- Up-to-date: /home/rosnoetic/vision_ws/rm_shaobing_vision/install/buff_tracker/lib/libbuff_tracker.so
[0.358s] -- Up-to-date: /home/rosnoetic/vision_ws/rm_shaobing_vision/install/buff_tracker/share/ament_index/resource_index/package_run_dependencies/buff_tracker
[0.358s] -- Up-to-date: /home/rosnoetic/vision_ws/rm_shaobing_vision/install/buff_tracker/share/ament_index/resource_index/parent_prefix_path/buff_tracker
[0.358s] -- Up-to-date: /home/rosnoetic/vision_ws/rm_shaobing_vision/install/buff_tracker/share/buff_tracker/environment/ament_prefix_path.dsv
[0.359s] -- Up-to-date: /home/rosnoetic/vision_ws/rm_shaobing_vision/install/buff_tracker/share/buff_tracker/environment/path.dsv
[0.359s] -- Up-to-date: /home/rosnoetic/vision_ws/rm_shaobing_vision/install/buff_tracker/share/buff_tracker/local_setup.bash
[0.359s] -- Up-to-date: /home/rosnoetic/vision_ws/rm_shaobing_vision/install/buff_tracker/share/buff_tracker/local_setup.sh
[0.359s] -- Up-to-date: /home/rosnoetic/vision_ws/rm_shaobing_vision/install/buff_tracker/share/buff_tracker/local_setup.zsh
[0.360s] -- Up-to-date: /home/rosnoetic/vision_ws/rm_shaobing_vision/install/buff_tracker/share/buff_tracker/local_setup.dsv
[0.360s] -- Installing: /home/rosnoetic/vision_ws/rm_shaobing_vision/install/buff_tracker/share/buff_tracker/package.dsv
[0.360s] -- Up-to-date: /home/rosnoetic/vision_ws/rm_shaobing_vision/install/buff_tracker/share/ament_index/resource_index/packages/buff_tracker
[0.360s] -- Up-to-date: /home/rosnoetic/vision_ws/rm_shaobing_vision/install/buff_tracker/share/ament_index/resource_index/rclcpp_components/buff_tracker
[0.360s] -- Up-to-date: /home/rosnoetic/vision_ws/rm_shaobing_vision/install/buff_tracker/share/buff_tracker/cmake/ament_cmake_export_dependencies-extras.cmake
[0.360s] -- Up-to-date: /home/rosnoetic/vision_ws/rm_shaobing_vision/install/buff_tracker/share/buff_tracker/cmake/ament_cmake_export_include_directories-extras.cmake
[0.361s] -- Up-to-date: /home/rosnoetic/vision_ws/rm_shaobing_vision/install/buff_tracker/share/buff_tracker/cmake/ament_cmake_export_libraries-extras.cmake
[0.361s] -- Up-to-date: /home/rosnoetic/vision_ws/rm_shaobing_vision/install/buff_tracker/share/buff_tracker/cmake/buff_trackerConfig.cmake
[0.361s] -- Up-to-date: /home/rosnoetic/vision_ws/rm_shaobing_vision/install/buff_tracker/share/buff_tracker/cmake/buff_trackerConfig-version.cmake
[0.361s] -- Up-to-date: /home/rosnoetic/vision_ws/rm_shaobing_vision/install/buff_tracker/share/buff_tracker/package.xml
[0.361s] Invoked command in '/home/rosnoetic/vision_ws/rm_shaobing_vision/build/buff_tracker' returned '0': AMENT_PREFIX_PATH=/home/rosnoetic/vision_ws/rm_shaobing_vision/install/buff_interfaces:${AMENT_PREFIX_PATH} CMAKE_PREFIX_PATH=/home/rosnoetic/vision_ws/rm_shaobing_vision/install/buff_interfaces:/home/rosnoetic/ros_ws/install/rm_vision_bringup:/home/rosnoetic/ros_ws/install/rm_serial_driver:/home/rosnoetic/ros_ws/install/rm_gimbal_description:/home/rosnoetic/ros_ws/install/hik_camera:/home/rosnoetic/ros_ws/install/armor_tracker:/home/rosnoetic/ros_ws/install/armor_detector:/home/rosnoetic/ros_ws/install/auto_aim_interfaces:/opt/ros/humble LD_LIBRARY_PATH=/home/rosnoetic/vision_ws/rm_shaobing_vision/install/buff_interfaces/lib:/opt/MVS/lib/64:/opt/MVS/lib/32:/opt/MVS/lib/64:/opt/MVS/lib/32:/home/rosnoetic/ros_ws/install/rm_serial_driver/lib:/home/rosnoetic/ros_ws/install/hik_camera/lib:/home/rosnoetic/ros_ws/install/armor_tracker/lib:/home/rosnoetic/ros_ws/install/armor_detector/lib:/home/rosnoetic/ros_ws/install/auto_aim_interfaces/lib:/usr/lib/x86_64-linux-gnu/gazebo-11/plugins:/opt/ros/humble/opt/rviz_ogre_vendor/lib:/opt/ros/humble/lib/x86_64-linux-gnu:/opt/ros/humble/lib:/opt/MVS/lib/64:/opt/MVS/lib/32:/opt/MVS/lib/64:/opt/MVS/lib/32 PYTHONPATH=/home/rosnoetic/vision_ws/rm_shaobing_vision/install/buff_interfaces/local/lib/python3.10/dist-packages:${PYTHONPATH} /usr/bin/cmake --install /home/rosnoetic/vision_ws/rm_shaobing_vision/build/buff_tracker
