[0.020s] Invoking command in '/home/nuc/rm_vision_ws/build/rm_auto_record': CMAKE_PREFIX_PATH=${CMAKE_PREFIX_PATH}:/opt/ros/humble /usr/bin/cmake --build /home/nuc/rm_vision_ws/build/rm_auto_record -- -j16 -l16
[0.116s] [ 50%] Built target rm_auto_record_node
[0.119s] [100%] Built target rm_auto_record
[0.136s] Invoked command in '/home/nuc/rm_vision_ws/build/rm_auto_record' returned '0': CMAKE_PREFIX_PATH=${CMAKE_PREFIX_PATH}:/opt/ros/humble /usr/bin/cmake --build /home/nuc/rm_vision_ws/build/rm_auto_record -- -j16 -l16
[0.169s] Invoking command in '/home/nuc/rm_vision_ws/build/rm_auto_record': CMAKE_PREFIX_PATH=${CMAKE_PREFIX_PATH}:/opt/ros/humble /usr/bin/cmake --install /home/nuc/rm_vision_ws/build/rm_auto_record
[0.175s] -- Install configuration: ""
[0.176s] -- Execute custom install script
[0.176s] -- Up-to-date symlink: /home/nuc/rm_vision_ws/install/rm_auto_record/lib/rm_auto_record/rm_auto_record_node
[0.176s] -- Up-to-date symlink: /home/nuc/rm_vision_ws/install/rm_auto_record/include/rm_auto_record/record_node.hpp
[0.176s] -- Up-to-date symlink: /home/nuc/rm_vision_ws/install/rm_auto_record/share/rm_auto_record/environment/library_path.sh
[0.177s] -- Up-to-date symlink: /home/nuc/rm_vision_ws/install/rm_auto_record/share/rm_auto_record/environment/library_path.dsv
[0.177s] -- Up-to-date symlink: /home/nuc/rm_vision_ws/install/rm_auto_record/lib/librm_auto_record.so
[0.178s] -- Up-to-date symlink: /home/nuc/rm_vision_ws/install/rm_auto_record/share/rm_auto_record/config/node_params.yaml
[0.178s] -- Up-to-date symlink: /home/nuc/rm_vision_ws/install/rm_auto_record/share/rm_auto_record/launch/auto_record.launch.py
[0.178s] -- Up-to-date symlink: /home/nuc/rm_vision_ws/install/rm_auto_record/share/ament_index/resource_index/package_run_dependencies/rm_auto_record
[0.179s] -- Up-to-date symlink: /home/nuc/rm_vision_ws/install/rm_auto_record/share/ament_index/resource_index/parent_prefix_path/rm_auto_record
[0.179s] -- Up-to-date symlink: /home/nuc/rm_vision_ws/install/rm_auto_record/share/rm_auto_record/environment/ament_prefix_path.sh
[0.179s] -- Up-to-date symlink: /home/nuc/rm_vision_ws/install/rm_auto_record/share/rm_auto_record/environment/ament_prefix_path.dsv
[0.179s] -- Up-to-date symlink: /home/nuc/rm_vision_ws/install/rm_auto_record/share/rm_auto_record/environment/path.sh
[0.179s] -- Up-to-date symlink: /home/nuc/rm_vision_ws/install/rm_auto_record/share/rm_auto_record/environment/path.dsv
[0.180s] -- Up-to-date symlink: /home/nuc/rm_vision_ws/install/rm_auto_record/share/rm_auto_record/local_setup.bash
[0.180s] -- Up-to-date symlink: /home/nuc/rm_vision_ws/install/rm_auto_record/share/rm_auto_record/local_setup.sh
[0.180s] -- Up-to-date symlink: /home/nuc/rm_vision_ws/install/rm_auto_record/share/rm_auto_record/local_setup.zsh
[0.180s] -- Up-to-date symlink: /home/nuc/rm_vision_ws/install/rm_auto_record/share/rm_auto_record/local_setup.dsv
[0.181s] -- Symlinking: /home/nuc/rm_vision_ws/install/rm_auto_record/share/rm_auto_record/package.dsv
[0.191s] -- Up-to-date symlink: /home/nuc/rm_vision_ws/install/rm_auto_record/share/ament_index/resource_index/packages/rm_auto_record
[0.192s] -- Up-to-date symlink: /home/nuc/rm_vision_ws/install/rm_auto_record/share/ament_index/resource_index/rclcpp_components/rm_auto_record
[0.192s] -- Up-to-date symlink: /home/nuc/rm_vision_ws/install/rm_auto_record/share/rm_auto_record/cmake/ament_cmake_export_dependencies-extras.cmake
[0.192s] -- Up-to-date symlink: /home/nuc/rm_vision_ws/install/rm_auto_record/share/rm_auto_record/cmake/ament_cmake_export_include_directories-extras.cmake
[0.192s] -- Up-to-date symlink: /home/nuc/rm_vision_ws/install/rm_auto_record/share/rm_auto_record/cmake/ament_cmake_export_libraries-extras.cmake
[0.192s] -- Up-to-date symlink: /home/nuc/rm_vision_ws/install/rm_auto_record/share/rm_auto_record/cmake/rm_auto_recordConfig.cmake
[0.192s] -- Up-to-date symlink: /home/nuc/rm_vision_ws/install/rm_auto_record/share/rm_auto_record/cmake/rm_auto_recordConfig-version.cmake
[0.193s] -- Up-to-date symlink: /home/nuc/rm_vision_ws/install/rm_auto_record/share/rm_auto_record/package.xml
[0.195s] Invoked command in '/home/nuc/rm_vision_ws/build/rm_auto_record' returned '0': CMAKE_PREFIX_PATH=${CMAKE_PREFIX_PATH}:/opt/ros/humble /usr/bin/cmake --install /home/nuc/rm_vision_ws/build/rm_auto_record
