[0.049s] Invoking command in '/home/rosnoetic/vision_ws/rm_shaobing_vision/build/rm_gimbal_description': CMAKE_PREFIX_PATH=${CMAKE_PREFIX_PATH}:/home/rosnoetic/ros_ws/install/rm_vision_bringup:/home/rosnoetic/ros_ws/install/rm_serial_driver:/home/rosnoetic/ros_ws/install/rm_gimbal_description:/home/rosnoetic/ros_ws/install/hik_camera:/home/rosnoetic/ros_ws/install/armor_tracker:/home/rosnoetic/ros_ws/install/armor_detector:/home/rosnoetic/ros_ws/install/auto_aim_interfaces:/opt/ros/humble /usr/bin/cmake /home/rosnoetic/vision_ws/rm_shaobing_vision/src/rm_gimbal_description -DCMAKE_INSTALL_PREFIX=/home/rosnoetic/vision_ws/rm_shaobing_vision/install/rm_gimbal_description
[0.368s] -- The C compiler identification is GNU 11.4.0
[0.689s] -- The CXX compiler identification is GNU 11.4.0
[0.699s] -- Detecting C compiler ABI info
[0.840s] -- Detecting C compiler ABI info - done
[0.849s] -- Check for working C compiler: /usr/bin/cc - skipped
[0.850s] -- Detecting C compile features
[0.852s] -- Detecting C compile features - done
[0.861s] -- Detecting CXX compiler ABI info
[1.046s] -- Detecting CXX compiler ABI info - done
[1.056s] -- Check for working CXX compiler: /usr/bin/c++ - skipped
[1.057s] -- Detecting CXX compile features
[1.057s] -- Detecting CXX compile features - done
[1.071s] -- Found ament_cmake: 1.3.10 (/opt/ros/humble/share/ament_cmake/cmake)
[1.333s] -- Found Python3: /usr/bin/python3 (found version "3.10.12") found components: Interpreter 
[1.587s] -- Found ament_lint_auto: 0.12.11 (/opt/ros/humble/share/ament_lint_auto/cmake)
[1.760s] -- Added test 'lint_cmake' to check CMake code style
[1.763s] -- Added test 'xmllint' to check XML markup files
[1.768s] -- Configuring done
[1.773s] -- Generating done
[1.774s] -- Build files have been written to: /home/rosnoetic/vision_ws/rm_shaobing_vision/build/rm_gimbal_description
[1.780s] Invoked command in '/home/rosnoetic/vision_ws/rm_shaobing_vision/build/rm_gimbal_description' returned '0': CMAKE_PREFIX_PATH=${CMAKE_PREFIX_PATH}:/home/rosnoetic/ros_ws/install/rm_vision_bringup:/home/rosnoetic/ros_ws/install/rm_serial_driver:/home/rosnoetic/ros_ws/install/rm_gimbal_description:/home/rosnoetic/ros_ws/install/hik_camera:/home/rosnoetic/ros_ws/install/armor_tracker:/home/rosnoetic/ros_ws/install/armor_detector:/home/rosnoetic/ros_ws/install/auto_aim_interfaces:/opt/ros/humble /usr/bin/cmake /home/rosnoetic/vision_ws/rm_shaobing_vision/src/rm_gimbal_description -DCMAKE_INSTALL_PREFIX=/home/rosnoetic/vision_ws/rm_shaobing_vision/install/rm_gimbal_description
[1.785s] Invoking command in '/home/rosnoetic/vision_ws/rm_shaobing_vision/build/rm_gimbal_description': CMAKE_PREFIX_PATH=${CMAKE_PREFIX_PATH}:/home/rosnoetic/ros_ws/install/rm_vision_bringup:/home/rosnoetic/ros_ws/install/rm_serial_driver:/home/rosnoetic/ros_ws/install/rm_gimbal_description:/home/rosnoetic/ros_ws/install/hik_camera:/home/rosnoetic/ros_ws/install/armor_tracker:/home/rosnoetic/ros_ws/install/armor_detector:/home/rosnoetic/ros_ws/install/auto_aim_interfaces:/opt/ros/humble /usr/bin/cmake --build /home/rosnoetic/vision_ws/rm_shaobing_vision/build/rm_gimbal_description -- -j16 -l16
[1.858s] Invoked command in '/home/rosnoetic/vision_ws/rm_shaobing_vision/build/rm_gimbal_description' returned '0': CMAKE_PREFIX_PATH=${CMAKE_PREFIX_PATH}:/home/rosnoetic/ros_ws/install/rm_vision_bringup:/home/rosnoetic/ros_ws/install/rm_serial_driver:/home/rosnoetic/ros_ws/install/rm_gimbal_description:/home/rosnoetic/ros_ws/install/hik_camera:/home/rosnoetic/ros_ws/install/armor_tracker:/home/rosnoetic/ros_ws/install/armor_detector:/home/rosnoetic/ros_ws/install/auto_aim_interfaces:/opt/ros/humble /usr/bin/cmake --build /home/rosnoetic/vision_ws/rm_shaobing_vision/build/rm_gimbal_description -- -j16 -l16
[1.948s] Invoking command in '/home/rosnoetic/vision_ws/rm_shaobing_vision/build/rm_gimbal_description': CMAKE_PREFIX_PATH=${CMAKE_PREFIX_PATH}:/home/rosnoetic/ros_ws/install/rm_vision_bringup:/home/rosnoetic/ros_ws/install/rm_serial_driver:/home/rosnoetic/ros_ws/install/rm_gimbal_description:/home/rosnoetic/ros_ws/install/hik_camera:/home/rosnoetic/ros_ws/install/armor_tracker:/home/rosnoetic/ros_ws/install/armor_detector:/home/rosnoetic/ros_ws/install/auto_aim_interfaces:/opt/ros/humble /usr/bin/cmake --install /home/rosnoetic/vision_ws/rm_shaobing_vision/build/rm_gimbal_description
[1.962s] -- Install configuration: ""
[1.962s] -- Up-to-date: /home/rosnoetic/vision_ws/rm_shaobing_vision/install/rm_gimbal_description/share/rm_gimbal_description/urdf
[1.962s] -- Installing: /home/rosnoetic/vision_ws/rm_shaobing_vision/install/rm_gimbal_description/share/rm_gimbal_description/urdf/rm_gimbal.urdf.xacro
[1.963s] -- Installing: /home/rosnoetic/vision_ws/rm_shaobing_vision/install/rm_gimbal_description/share/ament_index/resource_index/package_run_dependencies/rm_gimbal_description
[1.964s] -- Installing: /home/rosnoetic/vision_ws/rm_shaobing_vision/install/rm_gimbal_description/share/ament_index/resource_index/parent_prefix_path/rm_gimbal_description
[1.964s] -- Installing: /home/rosnoetic/vision_ws/rm_shaobing_vision/install/rm_gimbal_description/share/rm_gimbal_description/environment/ament_prefix_path.dsv
[1.964s] -- Installing: /home/rosnoetic/vision_ws/rm_shaobing_vision/install/rm_gimbal_description/share/rm_gimbal_description/environment/path.dsv
[1.964s] -- Installing: /home/rosnoetic/vision_ws/rm_shaobing_vision/install/rm_gimbal_description/share/rm_gimbal_description/local_setup.bash
[1.965s] -- Installing: /home/rosnoetic/vision_ws/rm_shaobing_vision/install/rm_gimbal_description/share/rm_gimbal_description/local_setup.sh
[1.965s] -- Installing: /home/rosnoetic/vision_ws/rm_shaobing_vision/install/rm_gimbal_description/share/rm_gimbal_description/local_setup.zsh
[1.966s] -- Installing: /home/rosnoetic/vision_ws/rm_shaobing_vision/install/rm_gimbal_description/share/rm_gimbal_description/local_setup.dsv
[1.966s] -- Installing: /home/rosnoetic/vision_ws/rm_shaobing_vision/install/rm_gimbal_description/share/rm_gimbal_description/package.dsv
[1.966s] -- Installing: /home/rosnoetic/vision_ws/rm_shaobing_vision/install/rm_gimbal_description/share/ament_index/resource_index/packages/rm_gimbal_description
[1.966s] -- Installing: /home/rosnoetic/vision_ws/rm_shaobing_vision/install/rm_gimbal_description/share/rm_gimbal_description/cmake/rm_gimbal_descriptionConfig.cmake
[1.967s] -- Installing: /home/rosnoetic/vision_ws/rm_shaobing_vision/install/rm_gimbal_description/share/rm_gimbal_description/cmake/rm_gimbal_descriptionConfig-version.cmake
[1.967s] -- Installing: /home/rosnoetic/vision_ws/rm_shaobing_vision/install/rm_gimbal_description/share/rm_gimbal_description/package.xml
[1.970s] Invoked command in '/home/rosnoetic/vision_ws/rm_shaobing_vision/build/rm_gimbal_description' returned '0': CMAKE_PREFIX_PATH=${CMAKE_PREFIX_PATH}:/home/rosnoetic/ros_ws/install/rm_vision_bringup:/home/rosnoetic/ros_ws/install/rm_serial_driver:/home/rosnoetic/ros_ws/install/rm_gimbal_description:/home/rosnoetic/ros_ws/install/hik_camera:/home/rosnoetic/ros_ws/install/armor_tracker:/home/rosnoetic/ros_ws/install/armor_detector:/home/rosnoetic/ros_ws/install/auto_aim_interfaces:/opt/ros/humble /usr/bin/cmake --install /home/rosnoetic/vision_ws/rm_shaobing_vision/build/rm_gimbal_description
