[0.064s] Invoking command in '/home/rosnoetic/vision_ws/rm_shaobing_vision/build/rm_auto_record': CMAKE_PREFIX_PATH=/home/rosnoetic/ros_ws/install/rm_vision_bringup:/home/rosnoetic/ros_ws/install/rm_serial_driver:/home/rosnoetic/ros_ws/install/rm_gimbal_description:/home/rosnoetic/ros_ws/install/hik_camera:/home/rosnoetic/ros_ws/install/armor_tracker:/home/rosnoetic/ros_ws/install/armor_detector:/home/rosnoetic/ros_ws/install/auto_aim_interfaces:/opt/ros/humble /usr/bin/cmake --build /home/rosnoetic/vision_ws/rm_shaobing_vision/build/rm_auto_record -- -j16 -l16
[0.202s] [35m[1mConsolidate compiler generated dependencies of target rm_auto_record_node[0m
[0.222s] [35m[1mConsolidate compiler generated dependencies of target rm_auto_record[0m
[0.278s] [ 50%] Built target rm_auto_record_node
[0.302s] [100%] Built target rm_auto_record
[0.390s] Invoked command in '/home/rosnoetic/vision_ws/rm_shaobing_vision/build/rm_auto_record' returned '0': CMAKE_PREFIX_PATH=/home/rosnoetic/ros_ws/install/rm_vision_bringup:/home/rosnoetic/ros_ws/install/rm_serial_driver:/home/rosnoetic/ros_ws/install/rm_gimbal_description:/home/rosnoetic/ros_ws/install/hik_camera:/home/rosnoetic/ros_ws/install/armor_tracker:/home/rosnoetic/ros_ws/install/armor_detector:/home/rosnoetic/ros_ws/install/auto_aim_interfaces:/opt/ros/humble /usr/bin/cmake --build /home/rosnoetic/vision_ws/rm_shaobing_vision/build/rm_auto_record -- -j16 -l16
[0.620s] Invoking command in '/home/rosnoetic/vision_ws/rm_shaobing_vision/build/rm_auto_record': CMAKE_PREFIX_PATH=/home/rosnoetic/ros_ws/install/rm_vision_bringup:/home/rosnoetic/ros_ws/install/rm_serial_driver:/home/rosnoetic/ros_ws/install/rm_gimbal_description:/home/rosnoetic/ros_ws/install/hik_camera:/home/rosnoetic/ros_ws/install/armor_tracker:/home/rosnoetic/ros_ws/install/armor_detector:/home/rosnoetic/ros_ws/install/auto_aim_interfaces:/opt/ros/humble /usr/bin/cmake --install /home/rosnoetic/vision_ws/rm_shaobing_vision/build/rm_auto_record
[0.639s] -- Install configuration: ""
[0.641s] -- Up-to-date: /home/rosnoetic/vision_ws/rm_shaobing_vision/install/rm_auto_record/lib/rm_auto_record/rm_auto_record_node
[0.642s] -- Up-to-date: /home/rosnoetic/vision_ws/rm_shaobing_vision/install/rm_auto_record/include
[0.647s] -- Up-to-date: /home/rosnoetic/vision_ws/rm_shaobing_vision/install/rm_auto_record/include/rm_auto_record
[0.648s] -- Up-to-date: /home/rosnoetic/vision_ws/rm_shaobing_vision/install/rm_auto_record/include/rm_auto_record/record_node.hpp
[0.648s] -- Up-to-date: /home/rosnoetic/vision_ws/rm_shaobing_vision/install/rm_auto_record/share/rm_auto_record/environment/library_path.dsv
[0.652s] -- Up-to-date: /home/rosnoetic/vision_ws/rm_shaobing_vision/install/rm_auto_record/lib/librm_auto_record.so
[0.652s] -- Up-to-date: /home/rosnoetic/vision_ws/rm_shaobing_vision/install/rm_auto_record/share/rm_auto_record/config
[0.652s] -- Up-to-date: /home/rosnoetic/vision_ws/rm_shaobing_vision/install/rm_auto_record/share/rm_auto_record/config/node_params.yaml
[0.652s] -- Up-to-date: /home/rosnoetic/vision_ws/rm_shaobing_vision/install/rm_auto_record/share/rm_auto_record/launch
[0.652s] -- Up-to-date: /home/rosnoetic/vision_ws/rm_shaobing_vision/install/rm_auto_record/share/rm_auto_record/launch/auto_record.launch.py
[0.652s] -- Up-to-date: /home/rosnoetic/vision_ws/rm_shaobing_vision/install/rm_auto_record/share/ament_index/resource_index/package_run_dependencies/rm_auto_record
[0.653s] -- Up-to-date: /home/rosnoetic/vision_ws/rm_shaobing_vision/install/rm_auto_record/share/ament_index/resource_index/parent_prefix_path/rm_auto_record
[0.653s] -- Up-to-date: /home/rosnoetic/vision_ws/rm_shaobing_vision/install/rm_auto_record/share/rm_auto_record/environment/ament_prefix_path.dsv
[0.653s] -- Up-to-date: /home/rosnoetic/vision_ws/rm_shaobing_vision/install/rm_auto_record/share/rm_auto_record/environment/path.dsv
[0.653s] -- Up-to-date: /home/rosnoetic/vision_ws/rm_shaobing_vision/install/rm_auto_record/share/rm_auto_record/local_setup.bash
[0.653s] -- Up-to-date: /home/rosnoetic/vision_ws/rm_shaobing_vision/install/rm_auto_record/share/rm_auto_record/local_setup.sh
[0.653s] -- Up-to-date: /home/rosnoetic/vision_ws/rm_shaobing_vision/install/rm_auto_record/share/rm_auto_record/local_setup.zsh
[0.653s] -- Up-to-date: /home/rosnoetic/vision_ws/rm_shaobing_vision/install/rm_auto_record/share/rm_auto_record/local_setup.dsv
[0.653s] -- Installing: /home/rosnoetic/vision_ws/rm_shaobing_vision/install/rm_auto_record/share/rm_auto_record/package.dsv
[0.653s] -- Up-to-date: /home/rosnoetic/vision_ws/rm_shaobing_vision/install/rm_auto_record/share/ament_index/resource_index/packages/rm_auto_record
[0.653s] -- Up-to-date: /home/rosnoetic/vision_ws/rm_shaobing_vision/install/rm_auto_record/share/ament_index/resource_index/rclcpp_components/rm_auto_record
[0.653s] -- Up-to-date: /home/rosnoetic/vision_ws/rm_shaobing_vision/install/rm_auto_record/share/rm_auto_record/cmake/ament_cmake_export_dependencies-extras.cmake
[0.654s] -- Up-to-date: /home/rosnoetic/vision_ws/rm_shaobing_vision/install/rm_auto_record/share/rm_auto_record/cmake/ament_cmake_export_include_directories-extras.cmake
[0.654s] -- Up-to-date: /home/rosnoetic/vision_ws/rm_shaobing_vision/install/rm_auto_record/share/rm_auto_record/cmake/ament_cmake_export_libraries-extras.cmake
[0.656s] -- Up-to-date: /home/rosnoetic/vision_ws/rm_shaobing_vision/install/rm_auto_record/share/rm_auto_record/cmake/rm_auto_recordConfig.cmake
[0.658s] -- Up-to-date: /home/rosnoetic/vision_ws/rm_shaobing_vision/install/rm_auto_record/share/rm_auto_record/cmake/rm_auto_recordConfig-version.cmake
[0.658s] -- Up-to-date: /home/rosnoetic/vision_ws/rm_shaobing_vision/install/rm_auto_record/share/rm_auto_record/package.xml
[0.683s] Invoked command in '/home/rosnoetic/vision_ws/rm_shaobing_vision/build/rm_auto_record' returned '0': CMAKE_PREFIX_PATH=/home/rosnoetic/ros_ws/install/rm_vision_bringup:/home/rosnoetic/ros_ws/install/rm_serial_driver:/home/rosnoetic/ros_ws/install/rm_gimbal_description:/home/rosnoetic/ros_ws/install/hik_camera:/home/rosnoetic/ros_ws/install/armor_tracker:/home/rosnoetic/ros_ws/install/armor_detector:/home/rosnoetic/ros_ws/install/auto_aim_interfaces:/opt/ros/humble /usr/bin/cmake --install /home/rosnoetic/vision_ws/rm_shaobing_vision/build/rm_auto_record
