-- The C compiler identification is GNU 11.4.0
-- The CXX compiler identification is GNU 11.4.0
-- Detecting C compiler ABI info
-- Detecting C compiler ABI info - done
-- Check for working C compiler: /usr/bin/cc - skipped
-- Detecting C compile features
-- Detecting C compile features - done
-- Detecting CXX compiler ABI info
-- Detecting CXX compiler ABI info - done
-- Check for working CXX compiler: /usr/bin/c++ - skipped
-- Detecting CXX compile features
-- Detecting CXX compile features - done
-- Found ament_cmake: 1.3.10 (/opt/ros/humble/share/ament_cmake/cmake)
-- Found Python3: /usr/bin/python3 (found version "3.10.12") found components: Interpreter 
-- Found rosidl_default_generators: 1.2.0 (/opt/ros/humble/share/rosidl_default_generators/cmake)
-- Using all available rosidl_typesupport_c: rosidl_typesupport_fastrtps_c;rosidl_typesupport_introspection_c
-- Found rosidl_adapter: 3.1.5 (/opt/ros/humble/share/rosidl_adapter/cmake)
-- Using all available rosidl_typesupport_cpp: rosidl_typesupport_fastrtps_cpp;rosidl_typesupport_introspection_cpp
-- Found geometry_msgs: 4.2.4 (/opt/ros/humble/share/geometry_msgs/cmake)
-- Found ament_cmake_ros: 0.10.0 (/opt/ros/humble/share/ament_cmake_ros/cmake)
-- Using all available rosidl_typesupport_c: rosidl_typesupport_fastrtps_c;rosidl_typesupport_introspection_c
-- Using all available rosidl_typesupport_cpp: rosidl_typesupport_fastrtps_cpp;rosidl_typesupport_introspection_cpp
-- Found PythonInterp: /usr/bin/python3 (found suitable version "3.10.12", minimum required is "3.6") 
-- Found python_cmake_module: 0.10.0 (/opt/ros/humble/share/python_cmake_module/cmake)
-- Found PythonLibs: /usr/lib/x86_64-linux-gnu/libpython3.10.so (found suitable version "3.10.12", minimum required is "3.5") 
-- Using PYTHON_EXECUTABLE: /usr/bin/python3
-- Using PYTHON_INCLUDE_DIRS: /usr/include/python3.10
-- Using PYTHON_LIBRARIES: /usr/lib/x86_64-linux-gnu/libpython3.10.so
-- Found PythonExtra: .so  
-- Configuring done
-- Generating done
-- Build files have been written to: /home/rosnoetic/vision_ws/rm_shaobing_vision/build/buff_interfaces
[  1%] [34m[1mGenerating C code for ROS interfaces[0m
[  2%] [34m[1mGenerating C++ code for ROS interfaces[0m
[  2%] Built target ament_cmake_python_copy_buff_interfaces
running egg_info
creating buff_interfaces.egg-info
writing buff_interfaces.egg-info/PKG-INFO
writing dependency_links to buff_interfaces.egg-info/dependency_links.txt
writing top-level names to buff_interfaces.egg-info/top_level.txt
writing manifest file 'buff_interfaces.egg-info/SOURCES.txt'
reading manifest file 'buff_interfaces.egg-info/SOURCES.txt'
writing manifest file 'buff_interfaces.egg-info/SOURCES.txt'
[  2%] Built target ament_cmake_python_build_buff_interfaces_egg
[  2%] Built target buff_interfaces__cpp
[  3%] [34m[1mGenerating C++ type support dispatch for ROS interfaces[0m
[  5%] [34m[1mGenerating C++ introspection for ROS interfaces[0m
[  6%] [34m[1mGenerating C++ type support for eProsima Fast-RTPS[0m
[  7%] [32mBuilding C object CMakeFiles/buff_interfaces__rosidl_generator_c.dir/rosidl_generator_c/buff_interfaces/msg/detail/blade__functions.c.o[0m
[  8%] [32mBuilding C object CMakeFiles/buff_interfaces__rosidl_generator_c.dir/rosidl_generator_c/buff_interfaces/msg/detail/blade_array__functions.c.o[0m
[ 10%] [32mBuilding C object CMakeFiles/buff_interfaces__rosidl_generator_c.dir/rosidl_generator_c/buff_interfaces/msg/detail/debug_blade__functions.c.o[0m
[ 11%] [32mBuilding C object CMakeFiles/buff_interfaces__rosidl_generator_c.dir/rosidl_generator_c/buff_interfaces/msg/detail/debug_blade_array__functions.c.o[0m
[ 12%] [32mBuilding C object CMakeFiles/buff_interfaces__rosidl_generator_c.dir/rosidl_generator_c/buff_interfaces/msg/detail/rune__functions.c.o[0m
[ 13%] [32mBuilding C object CMakeFiles/buff_interfaces__rosidl_generator_c.dir/rosidl_generator_c/buff_interfaces/msg/detail/time_info__functions.c.o[0m
[ 15%] [32mBuilding C object CMakeFiles/buff_interfaces__rosidl_generator_c.dir/rosidl_generator_c/buff_interfaces/msg/detail/rune_info__functions.c.o[0m
[ 16%] [32m[1mLinking C shared library libbuff_interfaces__rosidl_generator_c.so[0m
[ 17%] [32mBuilding CXX object CMakeFiles/buff_interfaces__rosidl_typesupport_cpp.dir/rosidl_typesupport_cpp/buff_interfaces/msg/blade__type_support.cpp.o[0m
[ 18%] [32mBuilding CXX object CMakeFiles/buff_interfaces__rosidl_typesupport_cpp.dir/rosidl_typesupport_cpp/buff_interfaces/msg/blade_array__type_support.cpp.o[0m
[ 20%] [32mBuilding CXX object CMakeFiles/buff_interfaces__rosidl_typesupport_cpp.dir/rosidl_typesupport_cpp/buff_interfaces/msg/debug_blade__type_support.cpp.o[0m
[ 21%] [32mBuilding CXX object CMakeFiles/buff_interfaces__rosidl_typesupport_cpp.dir/rosidl_typesupport_cpp/buff_interfaces/msg/debug_blade_array__type_support.cpp.o[0m
[ 22%] [32mBuilding CXX object CMakeFiles/buff_interfaces__rosidl_typesupport_cpp.dir/rosidl_typesupport_cpp/buff_interfaces/msg/rune__type_support.cpp.o[0m
[ 22%] Built target buff_interfaces__rosidl_generator_c
[ 24%] [32mBuilding CXX object CMakeFiles/buff_interfaces__rosidl_typesupport_cpp.dir/rosidl_typesupport_cpp/buff_interfaces/msg/rune_info__type_support.cpp.o[0m
[ 25%] [32mBuilding CXX object CMakeFiles/buff_interfaces__rosidl_typesupport_cpp.dir/rosidl_typesupport_cpp/buff_interfaces/msg/time_info__type_support.cpp.o[0m
[ 26%] [34m[1mGenerating C type support for eProsima Fast-RTPS[0m
[ 27%] [34m[1mGenerating C introspection for ROS interfaces[0m
[ 29%] [34m[1mGenerating C type support dispatch for ROS interfaces[0m
[ 30%] [32mBuilding CXX object CMakeFiles/buff_interfaces__rosidl_typesupport_introspection_cpp.dir/rosidl_typesupport_introspection_cpp/buff_interfaces/msg/detail/blade_array__type_support.cpp.o[0m
[ 31%] [32mBuilding CXX object CMakeFiles/buff_interfaces__rosidl_typesupport_introspection_cpp.dir/rosidl_typesupport_introspection_cpp/buff_interfaces/msg/detail/blade__type_support.cpp.o[0m
[ 32%] [32mBuilding CXX object CMakeFiles/buff_interfaces__rosidl_typesupport_introspection_cpp.dir/rosidl_typesupport_introspection_cpp/buff_interfaces/msg/detail/rune__type_support.cpp.o[0m
[ 34%] [32mBuilding CXX object CMakeFiles/buff_interfaces__rosidl_typesupport_introspection_cpp.dir/rosidl_typesupport_introspection_cpp/buff_interfaces/msg/detail/debug_blade_array__type_support.cpp.o[0m
[ 35%] [32mBuilding CXX object CMakeFiles/buff_interfaces__rosidl_typesupport_introspection_cpp.dir/rosidl_typesupport_introspection_cpp/buff_interfaces/msg/detail/debug_blade__type_support.cpp.o[0m
[ 36%] [32mBuilding CXX object CMakeFiles/buff_interfaces__rosidl_typesupport_fastrtps_cpp.dir/rosidl_typesupport_fastrtps_cpp/buff_interfaces/msg/detail/dds_fastrtps/blade__type_support.cpp.o[0m
[ 37%] [32mBuilding CXX object CMakeFiles/buff_interfaces__rosidl_typesupport_fastrtps_cpp.dir/rosidl_typesupport_fastrtps_cpp/buff_interfaces/msg/detail/dds_fastrtps/blade_array__type_support.cpp.o[0m
[ 39%] [32mBuilding CXX object CMakeFiles/buff_interfaces__rosidl_typesupport_introspection_cpp.dir/rosidl_typesupport_introspection_cpp/buff_interfaces/msg/detail/rune_info__type_support.cpp.o[0m
[ 40%] [32mBuilding CXX object CMakeFiles/buff_interfaces__rosidl_typesupport_introspection_cpp.dir/rosidl_typesupport_introspection_cpp/buff_interfaces/msg/detail/time_info__type_support.cpp.o[0m
[ 41%] [32mBuilding CXX object CMakeFiles/buff_interfaces__rosidl_typesupport_fastrtps_cpp.dir/rosidl_typesupport_fastrtps_cpp/buff_interfaces/msg/detail/dds_fastrtps/debug_blade_array__type_support.cpp.o[0m
[ 43%] [32mBuilding CXX object CMakeFiles/buff_interfaces__rosidl_typesupport_fastrtps_cpp.dir/rosidl_typesupport_fastrtps_cpp/buff_interfaces/msg/detail/dds_fastrtps/rune__type_support.cpp.o[0m
[ 44%] [32mBuilding CXX object CMakeFiles/buff_interfaces__rosidl_typesupport_fastrtps_cpp.dir/rosidl_typesupport_fastrtps_cpp/buff_interfaces/msg/detail/dds_fastrtps/debug_blade__type_support.cpp.o[0m
[ 45%] [32m[1mLinking CXX shared library libbuff_interfaces__rosidl_typesupport_cpp.so[0m
[ 46%] [32mBuilding CXX object CMakeFiles/buff_interfaces__rosidl_typesupport_c.dir/rosidl_typesupport_c/buff_interfaces/msg/blade__type_support.cpp.o[0m
[ 48%] [32mBuilding CXX object CMakeFiles/buff_interfaces__rosidl_typesupport_fastrtps_cpp.dir/rosidl_typesupport_fastrtps_cpp/buff_interfaces/msg/detail/dds_fastrtps/rune_info__type_support.cpp.o[0m
[ 49%] [32mBuilding CXX object CMakeFiles/buff_interfaces__rosidl_typesupport_fastrtps_cpp.dir/rosidl_typesupport_fastrtps_cpp/buff_interfaces/msg/detail/dds_fastrtps/time_info__type_support.cpp.o[0m
[ 50%] [32mBuilding CXX object CMakeFiles/buff_interfaces__rosidl_typesupport_c.dir/rosidl_typesupport_c/buff_interfaces/msg/blade_array__type_support.cpp.o[0m
[ 51%] [32mBuilding CXX object CMakeFiles/buff_interfaces__rosidl_typesupport_fastrtps_c.dir/rosidl_typesupport_fastrtps_c/buff_interfaces/msg/detail/blade__type_support_c.cpp.o[0m
[ 51%] Built target buff_interfaces__rosidl_typesupport_cpp
[ 53%] [32mBuilding CXX object CMakeFiles/buff_interfaces__rosidl_typesupport_c.dir/rosidl_typesupport_c/buff_interfaces/msg/debug_blade__type_support.cpp.o[0m
[ 54%] [32mBuilding CXX object CMakeFiles/buff_interfaces__rosidl_typesupport_c.dir/rosidl_typesupport_c/buff_interfaces/msg/debug_blade_array__type_support.cpp.o[0m
[ 55%] [32mBuilding CXX object CMakeFiles/buff_interfaces__rosidl_typesupport_fastrtps_c.dir/rosidl_typesupport_fastrtps_c/buff_interfaces/msg/detail/blade_array__type_support_c.cpp.o[0m
[ 56%] [32mBuilding C object CMakeFiles/buff_interfaces__rosidl_typesupport_introspection_c.dir/rosidl_typesupport_introspection_c/buff_interfaces/msg/detail/blade__type_support.c.o[0m
[ 58%] [32mBuilding CXX object CMakeFiles/buff_interfaces__rosidl_typesupport_c.dir/rosidl_typesupport_c/buff_interfaces/msg/rune__type_support.cpp.o[0m
[ 59%] [32mBuilding CXX object CMakeFiles/buff_interfaces__rosidl_typesupport_fastrtps_c.dir/rosidl_typesupport_fastrtps_c/buff_interfaces/msg/detail/debug_blade__type_support_c.cpp.o[0m
[ 60%] [32mBuilding C object CMakeFiles/buff_interfaces__rosidl_typesupport_introspection_c.dir/rosidl_typesupport_introspection_c/buff_interfaces/msg/detail/blade_array__type_support.c.o[0m
[ 62%] [32mBuilding C object CMakeFiles/buff_interfaces__rosidl_typesupport_introspection_c.dir/rosidl_typesupport_introspection_c/buff_interfaces/msg/detail/debug_blade__type_support.c.o[0m
[ 63%] [32mBuilding CXX object CMakeFiles/buff_interfaces__rosidl_typesupport_c.dir/rosidl_typesupport_c/buff_interfaces/msg/rune_info__type_support.cpp.o[0m
[ 64%] [32mBuilding C object CMakeFiles/buff_interfaces__rosidl_typesupport_introspection_c.dir/rosidl_typesupport_introspection_c/buff_interfaces/msg/detail/debug_blade_array__type_support.c.o[0m
[ 65%] [32mBuilding C object CMakeFiles/buff_interfaces__rosidl_typesupport_introspection_c.dir/rosidl_typesupport_introspection_c/buff_interfaces/msg/detail/rune__type_support.c.o[0m
[ 67%] [32mBuilding CXX object CMakeFiles/buff_interfaces__rosidl_typesupport_fastrtps_c.dir/rosidl_typesupport_fastrtps_c/buff_interfaces/msg/detail/debug_blade_array__type_support_c.cpp.o[0m
[ 68%] [32mBuilding CXX object CMakeFiles/buff_interfaces__rosidl_typesupport_c.dir/rosidl_typesupport_c/buff_interfaces/msg/time_info__type_support.cpp.o[0m
[ 69%] [32mBuilding C object CMakeFiles/buff_interfaces__rosidl_typesupport_introspection_c.dir/rosidl_typesupport_introspection_c/buff_interfaces/msg/detail/rune_info__type_support.c.o[0m
[ 70%] [32mBuilding C object CMakeFiles/buff_interfaces__rosidl_typesupport_introspection_c.dir/rosidl_typesupport_introspection_c/buff_interfaces/msg/detail/time_info__type_support.c.o[0m
[ 72%] [32mBuilding CXX object CMakeFiles/buff_interfaces__rosidl_typesupport_fastrtps_c.dir/rosidl_typesupport_fastrtps_c/buff_interfaces/msg/detail/rune__type_support_c.cpp.o[0m
[ 73%] [32m[1mLinking CXX shared library libbuff_interfaces__rosidl_typesupport_c.so[0m
[ 74%] [32mBuilding CXX object CMakeFiles/buff_interfaces__rosidl_typesupport_fastrtps_c.dir/rosidl_typesupport_fastrtps_c/buff_interfaces/msg/detail/rune_info__type_support_c.cpp.o[0m
[ 75%] [32mBuilding CXX object CMakeFiles/buff_interfaces__rosidl_typesupport_fastrtps_c.dir/rosidl_typesupport_fastrtps_c/buff_interfaces/msg/detail/time_info__type_support_c.cpp.o[0m
[ 77%] [32m[1mLinking C shared library libbuff_interfaces__rosidl_typesupport_introspection_c.so[0m
[ 78%] [32m[1mLinking CXX shared library libbuff_interfaces__rosidl_typesupport_introspection_cpp.so[0m
[ 78%] Built target buff_interfaces__rosidl_typesupport_introspection_c
[ 78%] Built target buff_interfaces__rosidl_typesupport_c
[ 79%] [32m[1mLinking CXX shared library libbuff_interfaces__rosidl_typesupport_fastrtps_cpp.so[0m
[ 79%] Built target buff_interfaces__rosidl_typesupport_introspection_cpp
[ 79%] Built target buff_interfaces__rosidl_typesupport_fastrtps_cpp
[ 81%] [32m[1mLinking CXX shared library libbuff_interfaces__rosidl_typesupport_fastrtps_c.so[0m
[ 81%] Built target buff_interfaces__rosidl_typesupport_fastrtps_c
[ 81%] Built target buff_interfaces
[ 82%] [34m[1mGenerating Python code for ROS interfaces[0m
[ 82%] Built target buff_interfaces__py
[ 83%] [32mBuilding C object CMakeFiles/buff_interfaces__rosidl_generator_py.dir/rosidl_generator_py/buff_interfaces/msg/_blade_s.c.o[0m
[ 84%] [32mBuilding C object CMakeFiles/buff_interfaces__rosidl_generator_py.dir/rosidl_generator_py/buff_interfaces/msg/_blade_array_s.c.o[0m
[ 86%] [32mBuilding C object CMakeFiles/buff_interfaces__rosidl_generator_py.dir/rosidl_generator_py/buff_interfaces/msg/_rune_s.c.o[0m
[ 87%] [32mBuilding C object CMakeFiles/buff_interfaces__rosidl_generator_py.dir/rosidl_generator_py/buff_interfaces/msg/_debug_blade_s.c.o[0m
[ 88%] [32mBuilding C object CMakeFiles/buff_interfaces__rosidl_generator_py.dir/rosidl_generator_py/buff_interfaces/msg/_time_info_s.c.o[0m
[ 89%] [32mBuilding C object CMakeFiles/buff_interfaces__rosidl_generator_py.dir/rosidl_generator_py/buff_interfaces/msg/_debug_blade_array_s.c.o[0m
[ 91%] [32mBuilding C object CMakeFiles/buff_interfaces__rosidl_generator_py.dir/rosidl_generator_py/buff_interfaces/msg/_rune_info_s.c.o[0m
[ 92%] [32m[1mLinking C shared library rosidl_generator_py/buff_interfaces/libbuff_interfaces__rosidl_generator_py.so[0m
[ 92%] Built target buff_interfaces__rosidl_generator_py
[ 93%] [32mBuilding C object CMakeFiles/buff_interfaces__rosidl_typesupport_c__pyext.dir/rosidl_generator_py/buff_interfaces/_buff_interfaces_s.ep.rosidl_typesupport_c.c.o[0m
[ 94%] [32mBuilding C object CMakeFiles/buff_interfaces__rosidl_typesupport_fastrtps_c__pyext.dir/rosidl_generator_py/buff_interfaces/_buff_interfaces_s.ep.rosidl_typesupport_fastrtps_c.c.o[0m
[ 96%] [32mBuilding C object CMakeFiles/buff_interfaces__rosidl_typesupport_introspection_c__pyext.dir/rosidl_generator_py/buff_interfaces/_buff_interfaces_s.ep.rosidl_typesupport_introspection_c.c.o[0m
[ 97%] [32m[1mLinking C shared library rosidl_generator_py/buff_interfaces/buff_interfaces_s__rosidl_typesupport_c.cpython-310-x86_64-linux-gnu.so[0m
[ 98%] [32m[1mLinking C shared library rosidl_generator_py/buff_interfaces/buff_interfaces_s__rosidl_typesupport_fastrtps_c.cpython-310-x86_64-linux-gnu.so[0m
[100%] [32m[1mLinking C shared library rosidl_generator_py/buff_interfaces/buff_interfaces_s__rosidl_typesupport_introspection_c.cpython-310-x86_64-linux-gnu.so[0m
[100%] Built target buff_interfaces__rosidl_typesupport_c__pyext
[100%] Built target buff_interfaces__rosidl_typesupport_fastrtps_c__pyext
[100%] Built target buff_interfaces__rosidl_typesupport_introspection_c__pyext
-- Install configuration: ""
-- Installing: /home/rosnoetic/vision_ws/rm_shaobing_vision/install/buff_interfaces/share/ament_index/resource_index/rosidl_interfaces/buff_interfaces
-- Up-to-date: /home/rosnoetic/vision_ws/rm_shaobing_vision/install/buff_interfaces/include/buff_interfaces/buff_interfaces
-- Up-to-date: /home/rosnoetic/vision_ws/rm_shaobing_vision/install/buff_interfaces/include/buff_interfaces/buff_interfaces/msg
-- Installing: /home/rosnoetic/vision_ws/rm_shaobing_vision/install/buff_interfaces/include/buff_interfaces/buff_interfaces/msg/time_info.h
-- Installing: /home/rosnoetic/vision_ws/rm_shaobing_vision/install/buff_interfaces/include/buff_interfaces/buff_interfaces/msg/blade_array.h
-- Installing: /home/rosnoetic/vision_ws/rm_shaobing_vision/install/buff_interfaces/include/buff_interfaces/buff_interfaces/msg/debug_blade.h
-- Installing: /home/rosnoetic/vision_ws/rm_shaobing_vision/install/buff_interfaces/include/buff_interfaces/buff_interfaces/msg/rune.h
-- Installing: /home/rosnoetic/vision_ws/rm_shaobing_vision/install/buff_interfaces/include/buff_interfaces/buff_interfaces/msg/debug_blade_array.h
-- Installing: /home/rosnoetic/vision_ws/rm_shaobing_vision/install/buff_interfaces/include/buff_interfaces/buff_interfaces/msg/blade.h
-- Installing: /home/rosnoetic/vision_ws/rm_shaobing_vision/install/buff_interfaces/include/buff_interfaces/buff_interfaces/msg/rosidl_generator_c__visibility_control.h
-- Installing: /home/rosnoetic/vision_ws/rm_shaobing_vision/install/buff_interfaces/include/buff_interfaces/buff_interfaces/msg/rune_info.h
-- Up-to-date: /home/rosnoetic/vision_ws/rm_shaobing_vision/install/buff_interfaces/include/buff_interfaces/buff_interfaces/msg/detail
-- Installing: /home/rosnoetic/vision_ws/rm_shaobing_vision/install/buff_interfaces/include/buff_interfaces/buff_interfaces/msg/detail/rune_info__struct.h
-- Installing: /home/rosnoetic/vision_ws/rm_shaobing_vision/install/buff_interfaces/include/buff_interfaces/buff_interfaces/msg/detail/debug_blade_array__struct.h
-- Installing: /home/rosnoetic/vision_ws/rm_shaobing_vision/install/buff_interfaces/include/buff_interfaces/buff_interfaces/msg/detail/debug_blade_array__functions.c
-- Installing: /home/rosnoetic/vision_ws/rm_shaobing_vision/install/buff_interfaces/include/buff_interfaces/buff_interfaces/msg/detail/blade_array__struct.h
-- Installing: /home/rosnoetic/vision_ws/rm_shaobing_vision/install/buff_interfaces/include/buff_interfaces/buff_interfaces/msg/detail/rune_info__functions.c
-- Installing: /home/rosnoetic/vision_ws/rm_shaobing_vision/install/buff_interfaces/include/buff_interfaces/buff_interfaces/msg/detail/debug_blade__type_support.h
-- Installing: /home/rosnoetic/vision_ws/rm_shaobing_vision/install/buff_interfaces/include/buff_interfaces/buff_interfaces/msg/detail/blade__struct.h
-- Installing: /home/rosnoetic/vision_ws/rm_shaobing_vision/install/buff_interfaces/include/buff_interfaces/buff_interfaces/msg/detail/debug_blade__functions.h
-- Installing: /home/rosnoetic/vision_ws/rm_shaobing_vision/install/buff_interfaces/include/buff_interfaces/buff_interfaces/msg/detail/rune__functions.c
-- Installing: /home/rosnoetic/vision_ws/rm_shaobing_vision/install/buff_interfaces/include/buff_interfaces/buff_interfaces/msg/detail/blade__functions.c
-- Installing: /home/rosnoetic/vision_ws/rm_shaobing_vision/install/buff_interfaces/include/buff_interfaces/buff_interfaces/msg/detail/blade__functions.h
-- Installing: /home/rosnoetic/vision_ws/rm_shaobing_vision/install/buff_interfaces/include/buff_interfaces/buff_interfaces/msg/detail/blade__type_support.h
-- Installing: /home/rosnoetic/vision_ws/rm_shaobing_vision/install/buff_interfaces/include/buff_interfaces/buff_interfaces/msg/detail/rune__functions.h
-- Installing: /home/rosnoetic/vision_ws/rm_shaobing_vision/install/buff_interfaces/include/buff_interfaces/buff_interfaces/msg/detail/blade_array__type_support.h
-- Installing: /home/rosnoetic/vision_ws/rm_shaobing_vision/install/buff_interfaces/include/buff_interfaces/buff_interfaces/msg/detail/debug_blade_array__type_support.h
-- Installing: /home/rosnoetic/vision_ws/rm_shaobing_vision/install/buff_interfaces/include/buff_interfaces/buff_interfaces/msg/detail/time_info__functions.c
-- Installing: /home/rosnoetic/vision_ws/rm_shaobing_vision/install/buff_interfaces/include/buff_interfaces/buff_interfaces/msg/detail/rune_info__type_support.h
-- Installing: /home/rosnoetic/vision_ws/rm_shaobing_vision/install/buff_interfaces/include/buff_interfaces/buff_interfaces/msg/detail/time_info__type_support.h
-- Installing: /home/rosnoetic/vision_ws/rm_shaobing_vision/install/buff_interfaces/include/buff_interfaces/buff_interfaces/msg/detail/blade_array__functions.c
-- Installing: /home/rosnoetic/vision_ws/rm_shaobing_vision/install/buff_interfaces/include/buff_interfaces/buff_interfaces/msg/detail/rune__type_support.h
-- Installing: /home/rosnoetic/vision_ws/rm_shaobing_vision/install/buff_interfaces/include/buff_interfaces/buff_interfaces/msg/detail/debug_blade__functions.c
-- Installing: /home/rosnoetic/vision_ws/rm_shaobing_vision/install/buff_interfaces/include/buff_interfaces/buff_interfaces/msg/detail/debug_blade_array__functions.h
-- Installing: /home/rosnoetic/vision_ws/rm_shaobing_vision/install/buff_interfaces/include/buff_interfaces/buff_interfaces/msg/detail/blade_array__functions.h
-- Installing: /home/rosnoetic/vision_ws/rm_shaobing_vision/install/buff_interfaces/include/buff_interfaces/buff_interfaces/msg/detail/time_info__functions.h
-- Installing: /home/rosnoetic/vision_ws/rm_shaobing_vision/install/buff_interfaces/include/buff_interfaces/buff_interfaces/msg/detail/rune_info__functions.h
-- Installing: /home/rosnoetic/vision_ws/rm_shaobing_vision/install/buff_interfaces/include/buff_interfaces/buff_interfaces/msg/detail/time_info__struct.h
-- Installing: /home/rosnoetic/vision_ws/rm_shaobing_vision/install/buff_interfaces/include/buff_interfaces/buff_interfaces/msg/detail/rune__struct.h
-- Installing: /home/rosnoetic/vision_ws/rm_shaobing_vision/install/buff_interfaces/include/buff_interfaces/buff_interfaces/msg/detail/debug_blade__struct.h
-- Installing: /home/rosnoetic/vision_ws/rm_shaobing_vision/install/buff_interfaces/share/buff_interfaces/environment/library_path.dsv
-- Installing: /home/rosnoetic/vision_ws/rm_shaobing_vision/install/buff_interfaces/lib/libbuff_interfaces__rosidl_generator_c.so
-- Set runtime path of "/home/rosnoetic/vision_ws/rm_shaobing_vision/install/buff_interfaces/lib/libbuff_interfaces__rosidl_generator_c.so" to ""
-- Up-to-date: /home/rosnoetic/vision_ws/rm_shaobing_vision/install/buff_interfaces/include/buff_interfaces/buff_interfaces
-- Up-to-date: /home/rosnoetic/vision_ws/rm_shaobing_vision/install/buff_interfaces/include/buff_interfaces/buff_interfaces/msg
-- Installing: /home/rosnoetic/vision_ws/rm_shaobing_vision/install/buff_interfaces/include/buff_interfaces/buff_interfaces/msg/rosidl_typesupport_fastrtps_c__visibility_control.h
-- Up-to-date: /home/rosnoetic/vision_ws/rm_shaobing_vision/install/buff_interfaces/include/buff_interfaces/buff_interfaces/msg/detail
-- Installing: /home/rosnoetic/vision_ws/rm_shaobing_vision/install/buff_interfaces/include/buff_interfaces/buff_interfaces/msg/detail/rune_info__rosidl_typesupport_fastrtps_c.h
-- Installing: /home/rosnoetic/vision_ws/rm_shaobing_vision/install/buff_interfaces/include/buff_interfaces/buff_interfaces/msg/detail/time_info__rosidl_typesupport_fastrtps_c.h
-- Installing: /home/rosnoetic/vision_ws/rm_shaobing_vision/install/buff_interfaces/include/buff_interfaces/buff_interfaces/msg/detail/rune__rosidl_typesupport_fastrtps_c.h
-- Installing: /home/rosnoetic/vision_ws/rm_shaobing_vision/install/buff_interfaces/include/buff_interfaces/buff_interfaces/msg/detail/debug_blade__rosidl_typesupport_fastrtps_c.h
-- Installing: /home/rosnoetic/vision_ws/rm_shaobing_vision/install/buff_interfaces/include/buff_interfaces/buff_interfaces/msg/detail/blade_array__rosidl_typesupport_fastrtps_c.h
-- Installing: /home/rosnoetic/vision_ws/rm_shaobing_vision/install/buff_interfaces/include/buff_interfaces/buff_interfaces/msg/detail/blade__rosidl_typesupport_fastrtps_c.h
-- Installing: /home/rosnoetic/vision_ws/rm_shaobing_vision/install/buff_interfaces/include/buff_interfaces/buff_interfaces/msg/detail/debug_blade_array__rosidl_typesupport_fastrtps_c.h
-- Installing: /home/rosnoetic/vision_ws/rm_shaobing_vision/install/buff_interfaces/lib/libbuff_interfaces__rosidl_typesupport_fastrtps_c.so
-- Set runtime path of "/home/rosnoetic/vision_ws/rm_shaobing_vision/install/buff_interfaces/lib/libbuff_interfaces__rosidl_typesupport_fastrtps_c.so" to ""
-- Up-to-date: /home/rosnoetic/vision_ws/rm_shaobing_vision/install/buff_interfaces/include/buff_interfaces/buff_interfaces
-- Up-to-date: /home/rosnoetic/vision_ws/rm_shaobing_vision/install/buff_interfaces/include/buff_interfaces/buff_interfaces/msg
-- Installing: /home/rosnoetic/vision_ws/rm_shaobing_vision/install/buff_interfaces/include/buff_interfaces/buff_interfaces/msg/rosidl_typesupport_introspection_c__visibility_control.h
-- Up-to-date: /home/rosnoetic/vision_ws/rm_shaobing_vision/install/buff_interfaces/include/buff_interfaces/buff_interfaces/msg/detail
-- Installing: /home/rosnoetic/vision_ws/rm_shaobing_vision/install/buff_interfaces/include/buff_interfaces/buff_interfaces/msg/detail/time_info__type_support.c
-- Installing: /home/rosnoetic/vision_ws/rm_shaobing_vision/install/buff_interfaces/include/buff_interfaces/buff_interfaces/msg/detail/rune__type_support.c
-- Installing: /home/rosnoetic/vision_ws/rm_shaobing_vision/install/buff_interfaces/include/buff_interfaces/buff_interfaces/msg/detail/rune__rosidl_typesupport_introspection_c.h
-- Installing: /home/rosnoetic/vision_ws/rm_shaobing_vision/install/buff_interfaces/include/buff_interfaces/buff_interfaces/msg/detail/debug_blade_array__rosidl_typesupport_introspection_c.h
-- Installing: /home/rosnoetic/vision_ws/rm_shaobing_vision/install/buff_interfaces/include/buff_interfaces/buff_interfaces/msg/detail/blade_array__rosidl_typesupport_introspection_c.h
-- Installing: /home/rosnoetic/vision_ws/rm_shaobing_vision/install/buff_interfaces/include/buff_interfaces/buff_interfaces/msg/detail/blade_array__type_support.c
-- Installing: /home/rosnoetic/vision_ws/rm_shaobing_vision/install/buff_interfaces/include/buff_interfaces/buff_interfaces/msg/detail/blade__rosidl_typesupport_introspection_c.h
-- Installing: /home/rosnoetic/vision_ws/rm_shaobing_vision/install/buff_interfaces/include/buff_interfaces/buff_interfaces/msg/detail/rune_info__rosidl_typesupport_introspection_c.h
-- Installing: /home/rosnoetic/vision_ws/rm_shaobing_vision/install/buff_interfaces/include/buff_interfaces/buff_interfaces/msg/detail/debug_blade_array__type_support.c
-- Installing: /home/rosnoetic/vision_ws/rm_shaobing_vision/install/buff_interfaces/include/buff_interfaces/buff_interfaces/msg/detail/rune_info__type_support.c
-- Installing: /home/rosnoetic/vision_ws/rm_shaobing_vision/install/buff_interfaces/include/buff_interfaces/buff_interfaces/msg/detail/time_info__rosidl_typesupport_introspection_c.h
-- Installing: /home/rosnoetic/vision_ws/rm_shaobing_vision/install/buff_interfaces/include/buff_interfaces/buff_interfaces/msg/detail/debug_blade__type_support.c
-- Installing: /home/rosnoetic/vision_ws/rm_shaobing_vision/install/buff_interfaces/include/buff_interfaces/buff_interfaces/msg/detail/blade__type_support.c
-- Installing: /home/rosnoetic/vision_ws/rm_shaobing_vision/install/buff_interfaces/include/buff_interfaces/buff_interfaces/msg/detail/debug_blade__rosidl_typesupport_introspection_c.h
-- Installing: /home/rosnoetic/vision_ws/rm_shaobing_vision/install/buff_interfaces/lib/libbuff_interfaces__rosidl_typesupport_introspection_c.so
-- Set runtime path of "/home/rosnoetic/vision_ws/rm_shaobing_vision/install/buff_interfaces/lib/libbuff_interfaces__rosidl_typesupport_introspection_c.so" to ""
-- Installing: /home/rosnoetic/vision_ws/rm_shaobing_vision/install/buff_interfaces/lib/libbuff_interfaces__rosidl_typesupport_c.so
-- Set runtime path of "/home/rosnoetic/vision_ws/rm_shaobing_vision/install/buff_interfaces/lib/libbuff_interfaces__rosidl_typesupport_c.so" to ""
-- Up-to-date: /home/rosnoetic/vision_ws/rm_shaobing_vision/install/buff_interfaces/include/buff_interfaces/buff_interfaces
-- Up-to-date: /home/rosnoetic/vision_ws/rm_shaobing_vision/install/buff_interfaces/include/buff_interfaces/buff_interfaces/msg
-- Installing: /home/rosnoetic/vision_ws/rm_shaobing_vision/install/buff_interfaces/include/buff_interfaces/buff_interfaces/msg/debug_blade_array.hpp
-- Installing: /home/rosnoetic/vision_ws/rm_shaobing_vision/install/buff_interfaces/include/buff_interfaces/buff_interfaces/msg/blade.hpp
-- Installing: /home/rosnoetic/vision_ws/rm_shaobing_vision/install/buff_interfaces/include/buff_interfaces/buff_interfaces/msg/debug_blade.hpp
-- Installing: /home/rosnoetic/vision_ws/rm_shaobing_vision/install/buff_interfaces/include/buff_interfaces/buff_interfaces/msg/rune.hpp
-- Installing: /home/rosnoetic/vision_ws/rm_shaobing_vision/install/buff_interfaces/include/buff_interfaces/buff_interfaces/msg/blade_array.hpp
-- Installing: /home/rosnoetic/vision_ws/rm_shaobing_vision/install/buff_interfaces/include/buff_interfaces/buff_interfaces/msg/rune_info.hpp
-- Installing: /home/rosnoetic/vision_ws/rm_shaobing_vision/install/buff_interfaces/include/buff_interfaces/buff_interfaces/msg/time_info.hpp
-- Up-to-date: /home/rosnoetic/vision_ws/rm_shaobing_vision/install/buff_interfaces/include/buff_interfaces/buff_interfaces/msg/detail
-- Installing: /home/rosnoetic/vision_ws/rm_shaobing_vision/install/buff_interfaces/include/buff_interfaces/buff_interfaces/msg/detail/blade_array__traits.hpp
-- Installing: /home/rosnoetic/vision_ws/rm_shaobing_vision/install/buff_interfaces/include/buff_interfaces/buff_interfaces/msg/detail/time_info__struct.hpp
-- Installing: /home/rosnoetic/vision_ws/rm_shaobing_vision/install/buff_interfaces/include/buff_interfaces/buff_interfaces/msg/detail/debug_blade_array__struct.hpp
-- Installing: /home/rosnoetic/vision_ws/rm_shaobing_vision/install/buff_interfaces/include/buff_interfaces/buff_interfaces/msg/detail/debug_blade_array__builder.hpp
-- Installing: /home/rosnoetic/vision_ws/rm_shaobing_vision/install/buff_interfaces/include/buff_interfaces/buff_interfaces/msg/detail/debug_blade__traits.hpp
-- Installing: /home/rosnoetic/vision_ws/rm_shaobing_vision/install/buff_interfaces/include/buff_interfaces/buff_interfaces/msg/detail/debug_blade_array__traits.hpp
-- Installing: /home/rosnoetic/vision_ws/rm_shaobing_vision/install/buff_interfaces/include/buff_interfaces/buff_interfaces/msg/detail/blade__builder.hpp
-- Installing: /home/rosnoetic/vision_ws/rm_shaobing_vision/install/buff_interfaces/include/buff_interfaces/buff_interfaces/msg/detail/blade_array__struct.hpp
-- Installing: /home/rosnoetic/vision_ws/rm_shaobing_vision/install/buff_interfaces/include/buff_interfaces/buff_interfaces/msg/detail/debug_blade__struct.hpp
-- Installing: /home/rosnoetic/vision_ws/rm_shaobing_vision/install/buff_interfaces/include/buff_interfaces/buff_interfaces/msg/detail/blade__struct.hpp
-- Installing: /home/rosnoetic/vision_ws/rm_shaobing_vision/install/buff_interfaces/include/buff_interfaces/buff_interfaces/msg/detail/blade_array__builder.hpp
-- Installing: /home/rosnoetic/vision_ws/rm_shaobing_vision/install/buff_interfaces/include/buff_interfaces/buff_interfaces/msg/detail/rune__struct.hpp
-- Installing: /home/rosnoetic/vision_ws/rm_shaobing_vision/install/buff_interfaces/include/buff_interfaces/buff_interfaces/msg/detail/time_info__builder.hpp
-- Installing: /home/rosnoetic/vision_ws/rm_shaobing_vision/install/buff_interfaces/include/buff_interfaces/buff_interfaces/msg/detail/rune_info__builder.hpp
-- Installing: /home/rosnoetic/vision_ws/rm_shaobing_vision/install/buff_interfaces/include/buff_interfaces/buff_interfaces/msg/detail/rune_info__struct.hpp
-- Installing: /home/rosnoetic/vision_ws/rm_shaobing_vision/install/buff_interfaces/include/buff_interfaces/buff_interfaces/msg/detail/blade__traits.hpp
-- Installing: /home/rosnoetic/vision_ws/rm_shaobing_vision/install/buff_interfaces/include/buff_interfaces/buff_interfaces/msg/detail/rune__builder.hpp
-- Installing: /home/rosnoetic/vision_ws/rm_shaobing_vision/install/buff_interfaces/include/buff_interfaces/buff_interfaces/msg/detail/rune_info__traits.hpp
-- Installing: /home/rosnoetic/vision_ws/rm_shaobing_vision/install/buff_interfaces/include/buff_interfaces/buff_interfaces/msg/detail/rune__traits.hpp
-- Installing: /home/rosnoetic/vision_ws/rm_shaobing_vision/install/buff_interfaces/include/buff_interfaces/buff_interfaces/msg/detail/debug_blade__builder.hpp
-- Installing: /home/rosnoetic/vision_ws/rm_shaobing_vision/install/buff_interfaces/include/buff_interfaces/buff_interfaces/msg/detail/time_info__traits.hpp
-- Up-to-date: /home/rosnoetic/vision_ws/rm_shaobing_vision/install/buff_interfaces/include/buff_interfaces/buff_interfaces
-- Up-to-date: /home/rosnoetic/vision_ws/rm_shaobing_vision/install/buff_interfaces/include/buff_interfaces/buff_interfaces/msg
-- Installing: /home/rosnoetic/vision_ws/rm_shaobing_vision/install/buff_interfaces/include/buff_interfaces/buff_interfaces/msg/rosidl_typesupport_fastrtps_cpp__visibility_control.h
-- Up-to-date: /home/rosnoetic/vision_ws/rm_shaobing_vision/install/buff_interfaces/include/buff_interfaces/buff_interfaces/msg/detail
-- Installing: /home/rosnoetic/vision_ws/rm_shaobing_vision/install/buff_interfaces/include/buff_interfaces/buff_interfaces/msg/detail/rune__rosidl_typesupport_fastrtps_cpp.hpp
-- Installing: /home/rosnoetic/vision_ws/rm_shaobing_vision/install/buff_interfaces/include/buff_interfaces/buff_interfaces/msg/detail/time_info__rosidl_typesupport_fastrtps_cpp.hpp
-- Installing: /home/rosnoetic/vision_ws/rm_shaobing_vision/install/buff_interfaces/include/buff_interfaces/buff_interfaces/msg/detail/blade_array__rosidl_typesupport_fastrtps_cpp.hpp
-- Installing: /home/rosnoetic/vision_ws/rm_shaobing_vision/install/buff_interfaces/include/buff_interfaces/buff_interfaces/msg/detail/debug_blade__rosidl_typesupport_fastrtps_cpp.hpp
-- Installing: /home/rosnoetic/vision_ws/rm_shaobing_vision/install/buff_interfaces/include/buff_interfaces/buff_interfaces/msg/detail/dds_fastrtps
-- Installing: /home/rosnoetic/vision_ws/rm_shaobing_vision/install/buff_interfaces/include/buff_interfaces/buff_interfaces/msg/detail/rune_info__rosidl_typesupport_fastrtps_cpp.hpp
-- Installing: /home/rosnoetic/vision_ws/rm_shaobing_vision/install/buff_interfaces/include/buff_interfaces/buff_interfaces/msg/detail/debug_blade_array__rosidl_typesupport_fastrtps_cpp.hpp
-- Installing: /home/rosnoetic/vision_ws/rm_shaobing_vision/install/buff_interfaces/include/buff_interfaces/buff_interfaces/msg/detail/blade__rosidl_typesupport_fastrtps_cpp.hpp
-- Installing: /home/rosnoetic/vision_ws/rm_shaobing_vision/install/buff_interfaces/lib/libbuff_interfaces__rosidl_typesupport_fastrtps_cpp.so
-- Set runtime path of "/home/rosnoetic/vision_ws/rm_shaobing_vision/install/buff_interfaces/lib/libbuff_interfaces__rosidl_typesupport_fastrtps_cpp.so" to ""
-- Up-to-date: /home/rosnoetic/vision_ws/rm_shaobing_vision/install/buff_interfaces/include/buff_interfaces/buff_interfaces
-- Up-to-date: /home/rosnoetic/vision_ws/rm_shaobing_vision/install/buff_interfaces/include/buff_interfaces/buff_interfaces/msg
-- Up-to-date: /home/rosnoetic/vision_ws/rm_shaobing_vision/install/buff_interfaces/include/buff_interfaces/buff_interfaces/msg/detail
-- Installing: /home/rosnoetic/vision_ws/rm_shaobing_vision/install/buff_interfaces/include/buff_interfaces/buff_interfaces/msg/detail/debug_blade_array__rosidl_typesupport_introspection_cpp.hpp
-- Installing: /home/rosnoetic/vision_ws/rm_shaobing_vision/install/buff_interfaces/include/buff_interfaces/buff_interfaces/msg/detail/rune__type_support.cpp
-- Installing: /home/rosnoetic/vision_ws/rm_shaobing_vision/install/buff_interfaces/include/buff_interfaces/buff_interfaces/msg/detail/debug_blade__rosidl_typesupport_introspection_cpp.hpp
-- Installing: /home/rosnoetic/vision_ws/rm_shaobing_vision/install/buff_interfaces/include/buff_interfaces/buff_interfaces/msg/detail/blade__rosidl_typesupport_introspection_cpp.hpp
-- Installing: /home/rosnoetic/vision_ws/rm_shaobing_vision/install/buff_interfaces/include/buff_interfaces/buff_interfaces/msg/detail/blade_array__rosidl_typesupport_introspection_cpp.hpp
-- Installing: /home/rosnoetic/vision_ws/rm_shaobing_vision/install/buff_interfaces/include/buff_interfaces/buff_interfaces/msg/detail/debug_blade__type_support.cpp
-- Installing: /home/rosnoetic/vision_ws/rm_shaobing_vision/install/buff_interfaces/include/buff_interfaces/buff_interfaces/msg/detail/rune_info__rosidl_typesupport_introspection_cpp.hpp
-- Installing: /home/rosnoetic/vision_ws/rm_shaobing_vision/install/buff_interfaces/include/buff_interfaces/buff_interfaces/msg/detail/blade__type_support.cpp
-- Installing: /home/rosnoetic/vision_ws/rm_shaobing_vision/install/buff_interfaces/include/buff_interfaces/buff_interfaces/msg/detail/blade_array__type_support.cpp
-- Installing: /home/rosnoetic/vision_ws/rm_shaobing_vision/install/buff_interfaces/include/buff_interfaces/buff_interfaces/msg/detail/rune__rosidl_typesupport_introspection_cpp.hpp
-- Installing: /home/rosnoetic/vision_ws/rm_shaobing_vision/install/buff_interfaces/include/buff_interfaces/buff_interfaces/msg/detail/time_info__rosidl_typesupport_introspection_cpp.hpp
-- Installing: /home/rosnoetic/vision_ws/rm_shaobing_vision/install/buff_interfaces/include/buff_interfaces/buff_interfaces/msg/detail/debug_blade_array__type_support.cpp
-- Installing: /home/rosnoetic/vision_ws/rm_shaobing_vision/install/buff_interfaces/include/buff_interfaces/buff_interfaces/msg/detail/rune_info__type_support.cpp
-- Installing: /home/rosnoetic/vision_ws/rm_shaobing_vision/install/buff_interfaces/include/buff_interfaces/buff_interfaces/msg/detail/time_info__type_support.cpp
-- Installing: /home/rosnoetic/vision_ws/rm_shaobing_vision/install/buff_interfaces/lib/libbuff_interfaces__rosidl_typesupport_introspection_cpp.so
-- Set runtime path of "/home/rosnoetic/vision_ws/rm_shaobing_vision/install/buff_interfaces/lib/libbuff_interfaces__rosidl_typesupport_introspection_cpp.so" to ""
-- Installing: /home/rosnoetic/vision_ws/rm_shaobing_vision/install/buff_interfaces/lib/libbuff_interfaces__rosidl_typesupport_cpp.so
-- Set runtime path of "/home/rosnoetic/vision_ws/rm_shaobing_vision/install/buff_interfaces/lib/libbuff_interfaces__rosidl_typesupport_cpp.so" to ""
-- Installing: /home/rosnoetic/vision_ws/rm_shaobing_vision/install/buff_interfaces/share/buff_interfaces/environment/pythonpath.sh
-- Installing: /home/rosnoetic/vision_ws/rm_shaobing_vision/install/buff_interfaces/share/buff_interfaces/environment/pythonpath.dsv
-- Up-to-date: /home/rosnoetic/vision_ws/rm_shaobing_vision/install/buff_interfaces/local/lib/python3.10/dist-packages/buff_interfaces-1.0.0-py3.10.egg-info
-- Installing: /home/rosnoetic/vision_ws/rm_shaobing_vision/install/buff_interfaces/local/lib/python3.10/dist-packages/buff_interfaces-1.0.0-py3.10.egg-info/top_level.txt
-- Installing: /home/rosnoetic/vision_ws/rm_shaobing_vision/install/buff_interfaces/local/lib/python3.10/dist-packages/buff_interfaces-1.0.0-py3.10.egg-info/dependency_links.txt
-- Installing: /home/rosnoetic/vision_ws/rm_shaobing_vision/install/buff_interfaces/local/lib/python3.10/dist-packages/buff_interfaces-1.0.0-py3.10.egg-info/PKG-INFO
-- Installing: /home/rosnoetic/vision_ws/rm_shaobing_vision/install/buff_interfaces/local/lib/python3.10/dist-packages/buff_interfaces-1.0.0-py3.10.egg-info/SOURCES.txt
-- Up-to-date: /home/rosnoetic/vision_ws/rm_shaobing_vision/install/buff_interfaces/local/lib/python3.10/dist-packages/buff_interfaces
-- Installing: /home/rosnoetic/vision_ws/rm_shaobing_vision/install/buff_interfaces/local/lib/python3.10/dist-packages/buff_interfaces/__init__.py
-- Installing: /home/rosnoetic/vision_ws/rm_shaobing_vision/install/buff_interfaces/local/lib/python3.10/dist-packages/buff_interfaces/buff_interfaces_s__rosidl_typesupport_introspection_c.cpython-310-x86_64-linux-gnu.so
-- Up-to-date: /home/rosnoetic/vision_ws/rm_shaobing_vision/install/buff_interfaces/local/lib/python3.10/dist-packages/buff_interfaces/msg
-- Installing: /home/rosnoetic/vision_ws/rm_shaobing_vision/install/buff_interfaces/local/lib/python3.10/dist-packages/buff_interfaces/msg/_rune.py
-- Installing: /home/rosnoetic/vision_ws/rm_shaobing_vision/install/buff_interfaces/local/lib/python3.10/dist-packages/buff_interfaces/msg/_rune_s.c
-- Installing: /home/rosnoetic/vision_ws/rm_shaobing_vision/install/buff_interfaces/local/lib/python3.10/dist-packages/buff_interfaces/msg/_debug_blade.py
-- Installing: /home/rosnoetic/vision_ws/rm_shaobing_vision/install/buff_interfaces/local/lib/python3.10/dist-packages/buff_interfaces/msg/__init__.py
-- Installing: /home/rosnoetic/vision_ws/rm_shaobing_vision/install/buff_interfaces/local/lib/python3.10/dist-packages/buff_interfaces/msg/_blade.py
-- Installing: /home/rosnoetic/vision_ws/rm_shaobing_vision/install/buff_interfaces/local/lib/python3.10/dist-packages/buff_interfaces/msg/_blade_array.py
-- Installing: /home/rosnoetic/vision_ws/rm_shaobing_vision/install/buff_interfaces/local/lib/python3.10/dist-packages/buff_interfaces/msg/_debug_blade_s.c
-- Installing: /home/rosnoetic/vision_ws/rm_shaobing_vision/install/buff_interfaces/local/lib/python3.10/dist-packages/buff_interfaces/msg/_time_info_s.c
-- Installing: /home/rosnoetic/vision_ws/rm_shaobing_vision/install/buff_interfaces/local/lib/python3.10/dist-packages/buff_interfaces/msg/_blade_s.c
-- Installing: /home/rosnoetic/vision_ws/rm_shaobing_vision/install/buff_interfaces/local/lib/python3.10/dist-packages/buff_interfaces/msg/_debug_blade_array.py
-- Installing: /home/rosnoetic/vision_ws/rm_shaobing_vision/install/buff_interfaces/local/lib/python3.10/dist-packages/buff_interfaces/msg/_time_info.py
-- Installing: /home/rosnoetic/vision_ws/rm_shaobing_vision/install/buff_interfaces/local/lib/python3.10/dist-packages/buff_interfaces/msg/_rune_info.py
-- Installing: /home/rosnoetic/vision_ws/rm_shaobing_vision/install/buff_interfaces/local/lib/python3.10/dist-packages/buff_interfaces/msg/_rune_info_s.c
-- Installing: /home/rosnoetic/vision_ws/rm_shaobing_vision/install/buff_interfaces/local/lib/python3.10/dist-packages/buff_interfaces/msg/_debug_blade_array_s.c
-- Installing: /home/rosnoetic/vision_ws/rm_shaobing_vision/install/buff_interfaces/local/lib/python3.10/dist-packages/buff_interfaces/msg/_blade_array_s.c
-- Installing: /home/rosnoetic/vision_ws/rm_shaobing_vision/install/buff_interfaces/local/lib/python3.10/dist-packages/buff_interfaces/libbuff_interfaces__rosidl_generator_py.so
-- Installing: /home/rosnoetic/vision_ws/rm_shaobing_vision/install/buff_interfaces/local/lib/python3.10/dist-packages/buff_interfaces/buff_interfaces_s__rosidl_typesupport_c.cpython-310-x86_64-linux-gnu.so
-- Installing: /home/rosnoetic/vision_ws/rm_shaobing_vision/install/buff_interfaces/local/lib/python3.10/dist-packages/buff_interfaces/_buff_interfaces_s.ep.rosidl_typesupport_c.c
-- Installing: /home/rosnoetic/vision_ws/rm_shaobing_vision/install/buff_interfaces/local/lib/python3.10/dist-packages/buff_interfaces/_buff_interfaces_s.ep.rosidl_typesupport_introspection_c.c
-- Installing: /home/rosnoetic/vision_ws/rm_shaobing_vision/install/buff_interfaces/local/lib/python3.10/dist-packages/buff_interfaces/buff_interfaces_s__rosidl_typesupport_fastrtps_c.cpython-310-x86_64-linux-gnu.so
-- Installing: /home/rosnoetic/vision_ws/rm_shaobing_vision/install/buff_interfaces/local/lib/python3.10/dist-packages/buff_interfaces/_buff_interfaces_s.ep.rosidl_typesupport_fastrtps_c.c
Listing '/home/rosnoetic/vision_ws/rm_shaobing_vision/install/buff_interfaces/local/lib/python3.10/dist-packages/buff_interfaces'...
Compiling '/home/rosnoetic/vision_ws/rm_shaobing_vision/install/buff_interfaces/local/lib/python3.10/dist-packages/buff_interfaces/__init__.py'...
Listing '/home/rosnoetic/vision_ws/rm_shaobing_vision/install/buff_interfaces/local/lib/python3.10/dist-packages/buff_interfaces/msg'...
Compiling '/home/rosnoetic/vision_ws/rm_shaobing_vision/install/buff_interfaces/local/lib/python3.10/dist-packages/buff_interfaces/msg/__init__.py'...
Compiling '/home/rosnoetic/vision_ws/rm_shaobing_vision/install/buff_interfaces/local/lib/python3.10/dist-packages/buff_interfaces/msg/_blade.py'...
Compiling '/home/rosnoetic/vision_ws/rm_shaobing_vision/install/buff_interfaces/local/lib/python3.10/dist-packages/buff_interfaces/msg/_blade_array.py'...
Compiling '/home/rosnoetic/vision_ws/rm_shaobing_vision/install/buff_interfaces/local/lib/python3.10/dist-packages/buff_interfaces/msg/_debug_blade.py'...
Compiling '/home/rosnoetic/vision_ws/rm_shaobing_vision/install/buff_interfaces/local/lib/python3.10/dist-packages/buff_interfaces/msg/_debug_blade_array.py'...
Compiling '/home/rosnoetic/vision_ws/rm_shaobing_vision/install/buff_interfaces/local/lib/python3.10/dist-packages/buff_interfaces/msg/_rune.py'...
Compiling '/home/rosnoetic/vision_ws/rm_shaobing_vision/install/buff_interfaces/local/lib/python3.10/dist-packages/buff_interfaces/msg/_rune_info.py'...
Compiling '/home/rosnoetic/vision_ws/rm_shaobing_vision/install/buff_interfaces/local/lib/python3.10/dist-packages/buff_interfaces/msg/_time_info.py'...
-- Installing: /home/rosnoetic/vision_ws/rm_shaobing_vision/install/buff_interfaces/local/lib/python3.10/dist-packages/buff_interfaces/buff_interfaces_s__rosidl_typesupport_fastrtps_c.cpython-310-x86_64-linux-gnu.so
-- Set runtime path of "/home/rosnoetic/vision_ws/rm_shaobing_vision/install/buff_interfaces/local/lib/python3.10/dist-packages/buff_interfaces/buff_interfaces_s__rosidl_typesupport_fastrtps_c.cpython-310-x86_64-linux-gnu.so" to ""
-- Installing: /home/rosnoetic/vision_ws/rm_shaobing_vision/install/buff_interfaces/local/lib/python3.10/dist-packages/buff_interfaces/buff_interfaces_s__rosidl_typesupport_introspection_c.cpython-310-x86_64-linux-gnu.so
-- Set runtime path of "/home/rosnoetic/vision_ws/rm_shaobing_vision/install/buff_interfaces/local/lib/python3.10/dist-packages/buff_interfaces/buff_interfaces_s__rosidl_typesupport_introspection_c.cpython-310-x86_64-linux-gnu.so" to ""
-- Installing: /home/rosnoetic/vision_ws/rm_shaobing_vision/install/buff_interfaces/local/lib/python3.10/dist-packages/buff_interfaces/buff_interfaces_s__rosidl_typesupport_c.cpython-310-x86_64-linux-gnu.so
-- Set runtime path of "/home/rosnoetic/vision_ws/rm_shaobing_vision/install/buff_interfaces/local/lib/python3.10/dist-packages/buff_interfaces/buff_interfaces_s__rosidl_typesupport_c.cpython-310-x86_64-linux-gnu.so" to ""
-- Installing: /home/rosnoetic/vision_ws/rm_shaobing_vision/install/buff_interfaces/lib/libbuff_interfaces__rosidl_generator_py.so
-- Set runtime path of "/home/rosnoetic/vision_ws/rm_shaobing_vision/install/buff_interfaces/lib/libbuff_interfaces__rosidl_generator_py.so" to ""
-- Installing: /home/rosnoetic/vision_ws/rm_shaobing_vision/install/buff_interfaces/share/buff_interfaces/msg/Blade.idl
-- Installing: /home/rosnoetic/vision_ws/rm_shaobing_vision/install/buff_interfaces/share/buff_interfaces/msg/BladeArray.idl
-- Installing: /home/rosnoetic/vision_ws/rm_shaobing_vision/install/buff_interfaces/share/buff_interfaces/msg/DebugBlade.idl
-- Installing: /home/rosnoetic/vision_ws/rm_shaobing_vision/install/buff_interfaces/share/buff_interfaces/msg/DebugBladeArray.idl
-- Installing: /home/rosnoetic/vision_ws/rm_shaobing_vision/install/buff_interfaces/share/buff_interfaces/msg/Rune.idl
-- Installing: /home/rosnoetic/vision_ws/rm_shaobing_vision/install/buff_interfaces/share/buff_interfaces/msg/RuneInfo.idl
-- Installing: /home/rosnoetic/vision_ws/rm_shaobing_vision/install/buff_interfaces/share/buff_interfaces/msg/TimeInfo.idl
-- Installing: /home/rosnoetic/vision_ws/rm_shaobing_vision/install/buff_interfaces/share/buff_interfaces/msg/Blade.msg
-- Installing: /home/rosnoetic/vision_ws/rm_shaobing_vision/install/buff_interfaces/share/buff_interfaces/msg/BladeArray.msg
-- Installing: /home/rosnoetic/vision_ws/rm_shaobing_vision/install/buff_interfaces/share/buff_interfaces/msg/DebugBlade.msg
-- Installing: /home/rosnoetic/vision_ws/rm_shaobing_vision/install/buff_interfaces/share/buff_interfaces/msg/DebugBladeArray.msg
-- Installing: /home/rosnoetic/vision_ws/rm_shaobing_vision/install/buff_interfaces/share/buff_interfaces/msg/Rune.msg
-- Installing: /home/rosnoetic/vision_ws/rm_shaobing_vision/install/buff_interfaces/share/buff_interfaces/msg/RuneInfo.msg
-- Installing: /home/rosnoetic/vision_ws/rm_shaobing_vision/install/buff_interfaces/share/buff_interfaces/msg/TimeInfo.msg
-- Installing: /home/rosnoetic/vision_ws/rm_shaobing_vision/install/buff_interfaces/share/ament_index/resource_index/package_run_dependencies/buff_interfaces
-- Installing: /home/rosnoetic/vision_ws/rm_shaobing_vision/install/buff_interfaces/share/ament_index/resource_index/parent_prefix_path/buff_interfaces
-- Installing: /home/rosnoetic/vision_ws/rm_shaobing_vision/install/buff_interfaces/share/buff_interfaces/environment/ament_prefix_path.dsv
-- Installing: /home/rosnoetic/vision_ws/rm_shaobing_vision/install/buff_interfaces/share/buff_interfaces/environment/path.dsv
-- Installing: /home/rosnoetic/vision_ws/rm_shaobing_vision/install/buff_interfaces/share/buff_interfaces/local_setup.bash
-- Installing: /home/rosnoetic/vision_ws/rm_shaobing_vision/install/buff_interfaces/share/buff_interfaces/local_setup.sh
-- Installing: /home/rosnoetic/vision_ws/rm_shaobing_vision/install/buff_interfaces/share/buff_interfaces/local_setup.zsh
-- Installing: /home/rosnoetic/vision_ws/rm_shaobing_vision/install/buff_interfaces/share/buff_interfaces/local_setup.dsv
-- Installing: /home/rosnoetic/vision_ws/rm_shaobing_vision/install/buff_interfaces/share/buff_interfaces/package.dsv
-- Installing: /home/rosnoetic/vision_ws/rm_shaobing_vision/install/buff_interfaces/share/ament_index/resource_index/packages/buff_interfaces
-- Installing: /home/rosnoetic/vision_ws/rm_shaobing_vision/install/buff_interfaces/share/buff_interfaces/cmake/export_buff_interfaces__rosidl_generator_cExport.cmake
-- Installing: /home/rosnoetic/vision_ws/rm_shaobing_vision/install/buff_interfaces/share/buff_interfaces/cmake/export_buff_interfaces__rosidl_generator_cExport-noconfig.cmake
-- Installing: /home/rosnoetic/vision_ws/rm_shaobing_vision/install/buff_interfaces/share/buff_interfaces/cmake/export_buff_interfaces__rosidl_typesupport_fastrtps_cExport.cmake
-- Installing: /home/rosnoetic/vision_ws/rm_shaobing_vision/install/buff_interfaces/share/buff_interfaces/cmake/export_buff_interfaces__rosidl_typesupport_fastrtps_cExport-noconfig.cmake
-- Installing: /home/rosnoetic/vision_ws/rm_shaobing_vision/install/buff_interfaces/share/buff_interfaces/cmake/buff_interfaces__rosidl_typesupport_introspection_cExport.cmake
-- Installing: /home/rosnoetic/vision_ws/rm_shaobing_vision/install/buff_interfaces/share/buff_interfaces/cmake/buff_interfaces__rosidl_typesupport_introspection_cExport-noconfig.cmake
-- Installing: /home/rosnoetic/vision_ws/rm_shaobing_vision/install/buff_interfaces/share/buff_interfaces/cmake/buff_interfaces__rosidl_typesupport_cExport.cmake
-- Installing: /home/rosnoetic/vision_ws/rm_shaobing_vision/install/buff_interfaces/share/buff_interfaces/cmake/buff_interfaces__rosidl_typesupport_cExport-noconfig.cmake
-- Installing: /home/rosnoetic/vision_ws/rm_shaobing_vision/install/buff_interfaces/share/buff_interfaces/cmake/export_buff_interfaces__rosidl_generator_cppExport.cmake
-- Installing: /home/rosnoetic/vision_ws/rm_shaobing_vision/install/buff_interfaces/share/buff_interfaces/cmake/export_buff_interfaces__rosidl_typesupport_fastrtps_cppExport.cmake
-- Installing: /home/rosnoetic/vision_ws/rm_shaobing_vision/install/buff_interfaces/share/buff_interfaces/cmake/export_buff_interfaces__rosidl_typesupport_fastrtps_cppExport-noconfig.cmake
-- Installing: /home/rosnoetic/vision_ws/rm_shaobing_vision/install/buff_interfaces/share/buff_interfaces/cmake/buff_interfaces__rosidl_typesupport_introspection_cppExport.cmake
-- Installing: /home/rosnoetic/vision_ws/rm_shaobing_vision/install/buff_interfaces/share/buff_interfaces/cmake/buff_interfaces__rosidl_typesupport_introspection_cppExport-noconfig.cmake
-- Installing: /home/rosnoetic/vision_ws/rm_shaobing_vision/install/buff_interfaces/share/buff_interfaces/cmake/buff_interfaces__rosidl_typesupport_cppExport.cmake
-- Installing: /home/rosnoetic/vision_ws/rm_shaobing_vision/install/buff_interfaces/share/buff_interfaces/cmake/buff_interfaces__rosidl_typesupport_cppExport-noconfig.cmake
-- Installing: /home/rosnoetic/vision_ws/rm_shaobing_vision/install/buff_interfaces/share/buff_interfaces/cmake/export_buff_interfaces__rosidl_generator_pyExport.cmake
-- Installing: /home/rosnoetic/vision_ws/rm_shaobing_vision/install/buff_interfaces/share/buff_interfaces/cmake/export_buff_interfaces__rosidl_generator_pyExport-noconfig.cmake
-- Installing: /home/rosnoetic/vision_ws/rm_shaobing_vision/install/buff_interfaces/share/buff_interfaces/cmake/rosidl_cmake-extras.cmake
-- Installing: /home/rosnoetic/vision_ws/rm_shaobing_vision/install/buff_interfaces/share/buff_interfaces/cmake/ament_cmake_export_dependencies-extras.cmake
-- Installing: /home/rosnoetic/vision_ws/rm_shaobing_vision/install/buff_interfaces/share/buff_interfaces/cmake/ament_cmake_export_include_directories-extras.cmake
-- Installing: /home/rosnoetic/vision_ws/rm_shaobing_vision/install/buff_interfaces/share/buff_interfaces/cmake/ament_cmake_export_libraries-extras.cmake
-- Installing: /home/rosnoetic/vision_ws/rm_shaobing_vision/install/buff_interfaces/share/buff_interfaces/cmake/ament_cmake_export_targets-extras.cmake
-- Installing: /home/rosnoetic/vision_ws/rm_shaobing_vision/install/buff_interfaces/share/buff_interfaces/cmake/rosidl_cmake_export_typesupport_targets-extras.cmake
-- Installing: /home/rosnoetic/vision_ws/rm_shaobing_vision/install/buff_interfaces/share/buff_interfaces/cmake/rosidl_cmake_export_typesupport_libraries-extras.cmake
-- Installing: /home/rosnoetic/vision_ws/rm_shaobing_vision/install/buff_interfaces/share/buff_interfaces/cmake/buff_interfacesConfig.cmake
-- Installing: /home/rosnoetic/vision_ws/rm_shaobing_vision/install/buff_interfaces/share/buff_interfaces/cmake/buff_interfacesConfig-version.cmake
-- Installing: /home/rosnoetic/vision_ws/rm_shaobing_vision/install/buff_interfaces/share/buff_interfaces/package.xml
