[0.051s] Invoking command in '/home/rosnoetic/vision_ws/rm_shaobing_vision/build/auto_aim_interfaces': CMAKE_PREFIX_PATH=${CMAKE_PREFIX_PATH}:/home/rosnoetic/ros_ws/install/rm_vision_bringup:/home/rosnoetic/ros_ws/install/rm_serial_driver:/home/rosnoetic/ros_ws/install/rm_gimbal_description:/home/rosnoetic/ros_ws/install/hik_camera:/home/rosnoetic/ros_ws/install/armor_tracker:/home/rosnoetic/ros_ws/install/armor_detector:/home/rosnoetic/ros_ws/install/auto_aim_interfaces:/opt/ros/humble /usr/bin/cmake /home/rosnoetic/vision_ws/rm_shaobing_vision/src/rm_auto_aim/auto_aim_interfaces -DCMAKE_INSTALL_PREFIX=/home/rosnoetic/vision_ws/rm_shaobing_vision/install/auto_aim_interfaces
[0.391s] -- The C compiler identification is GNU 11.4.0
[0.676s] -- The CXX compiler identification is GNU 11.4.0
[0.708s] -- Detecting C compiler ABI info
[0.858s] -- Detecting C compiler ABI info - done
[0.867s] -- Check for working C compiler: /usr/bin/cc - skipped
[0.868s] -- Detecting C compile features
[0.869s] -- Detecting C compile features - done
[0.881s] -- Detecting CXX compiler ABI info
[1.067s] -- Detecting CXX compiler ABI info - done
[1.076s] -- Check for working CXX compiler: /usr/bin/c++ - skipped
[1.077s] -- Detecting CXX compile features
[1.077s] -- Detecting CXX compile features - done
[1.089s] -- Found ament_cmake: 1.3.10 (/opt/ros/humble/share/ament_cmake/cmake)
[1.350s] -- Found Python3: /usr/bin/python3 (found version "3.10.12") found components: Interpreter 
[1.607s] -- Found rosidl_default_generators: 1.2.0 (/opt/ros/humble/share/rosidl_default_generators/cmake)
[1.623s] -- Using all available rosidl_typesupport_c: rosidl_typesupport_fastrtps_c;rosidl_typesupport_introspection_c
[1.653s] -- Found rosidl_adapter: 3.1.5 (/opt/ros/humble/share/rosidl_adapter/cmake)
[1.804s] -- Using all available rosidl_typesupport_cpp: rosidl_typesupport_fastrtps_cpp;rosidl_typesupport_introspection_cpp
[1.908s] -- Found geometry_msgs: 4.2.4 (/opt/ros/humble/share/geometry_msgs/cmake)
[2.473s] -- Found ament_cmake_ros: 0.10.0 (/opt/ros/humble/share/ament_cmake_ros/cmake)
[2.855s] -- Using all available rosidl_typesupport_c: rosidl_typesupport_fastrtps_c;rosidl_typesupport_introspection_c
[3.315s] -- Using all available rosidl_typesupport_cpp: rosidl_typesupport_fastrtps_cpp;rosidl_typesupport_introspection_cpp
[3.351s] -- Found PythonInterp: /usr/bin/python3 (found suitable version "3.10.12", minimum required is "3.6") 
[3.359s] -- Found python_cmake_module: 0.10.0 (/opt/ros/humble/share/python_cmake_module/cmake)
[3.414s] -- Found PythonLibs: /usr/lib/x86_64-linux-gnu/libpython3.10.so (found suitable version "3.10.12", minimum required is "3.5") 
[3.414s] -- Using PYTHON_EXECUTABLE: /usr/bin/python3
[3.414s] -- Using PYTHON_INCLUDE_DIRS: /usr/include/python3.10
[3.415s] -- Using PYTHON_LIBRARIES: /usr/lib/x86_64-linux-gnu/libpython3.10.so
[3.447s] -- Found PythonExtra: .so  
[3.559s] -- Configuring done
[3.626s] -- Generating done
[3.630s] -- Build files have been written to: /home/rosnoetic/vision_ws/rm_shaobing_vision/build/auto_aim_interfaces
[3.645s] Invoked command in '/home/rosnoetic/vision_ws/rm_shaobing_vision/build/auto_aim_interfaces' returned '0': CMAKE_PREFIX_PATH=${CMAKE_PREFIX_PATH}:/home/rosnoetic/ros_ws/install/rm_vision_bringup:/home/rosnoetic/ros_ws/install/rm_serial_driver:/home/rosnoetic/ros_ws/install/rm_gimbal_description:/home/rosnoetic/ros_ws/install/hik_camera:/home/rosnoetic/ros_ws/install/armor_tracker:/home/rosnoetic/ros_ws/install/armor_detector:/home/rosnoetic/ros_ws/install/auto_aim_interfaces:/opt/ros/humble /usr/bin/cmake /home/rosnoetic/vision_ws/rm_shaobing_vision/src/rm_auto_aim/auto_aim_interfaces -DCMAKE_INSTALL_PREFIX=/home/rosnoetic/vision_ws/rm_shaobing_vision/install/auto_aim_interfaces
[3.646s] Invoking command in '/home/rosnoetic/vision_ws/rm_shaobing_vision/build/auto_aim_interfaces': CMAKE_PREFIX_PATH=${CMAKE_PREFIX_PATH}:/home/rosnoetic/ros_ws/install/rm_vision_bringup:/home/rosnoetic/ros_ws/install/rm_serial_driver:/home/rosnoetic/ros_ws/install/rm_gimbal_description:/home/rosnoetic/ros_ws/install/hik_camera:/home/rosnoetic/ros_ws/install/armor_tracker:/home/rosnoetic/ros_ws/install/armor_detector:/home/rosnoetic/ros_ws/install/auto_aim_interfaces:/opt/ros/humble /usr/bin/cmake --build /home/rosnoetic/vision_ws/rm_shaobing_vision/build/auto_aim_interfaces -- -j16 -l16
[3.732s] [  1%] [34m[1mGenerating C code for ROS interfaces[0m
[3.765s] [  2%] [34m[1mGenerating C++ code for ROS interfaces[0m
[3.779s] [  2%] Built target ament_cmake_python_copy_auto_aim_interfaces
[4.434s] running egg_info
[4.436s] creating auto_aim_interfaces.egg-info
[4.441s] writing auto_aim_interfaces.egg-info/PKG-INFO
[4.446s] writing dependency_links to auto_aim_interfaces.egg-info/dependency_links.txt
[4.446s] writing top-level names to auto_aim_interfaces.egg-info/top_level.txt
[4.446s] writing manifest file 'auto_aim_interfaces.egg-info/SOURCES.txt'
[4.449s] reading manifest file 'auto_aim_interfaces.egg-info/SOURCES.txt'
[4.449s] writing manifest file 'auto_aim_interfaces.egg-info/SOURCES.txt'
[4.533s] [  2%] Built target ament_cmake_python_build_auto_aim_interfaces_egg
[5.133s] [  2%] Built target auto_aim_interfaces__cpp
[5.192s] [  3%] [34m[1mGenerating C++ type support dispatch for ROS interfaces[0m
[5.209s] [  4%] [34m[1mGenerating C++ type support for eProsima Fast-RTPS[0m
[5.209s] [  5%] [32mBuilding C object CMakeFiles/auto_aim_interfaces__rosidl_generator_c.dir/rosidl_generator_c/auto_aim_interfaces/msg/detail/armor__functions.c.o[0m
[5.209s] [  6%] [32mBuilding C object CMakeFiles/auto_aim_interfaces__rosidl_generator_c.dir/rosidl_generator_c/auto_aim_interfaces/msg/detail/armors__functions.c.o[0m
[5.236s] [  8%] [32mBuilding C object CMakeFiles/auto_aim_interfaces__rosidl_generator_c.dir/rosidl_generator_c/auto_aim_interfaces/msg/detail/debug_light__functions.c.o[0m
[5.237s] [  8%] [34m[1mGenerating C++ introspection for ROS interfaces[0m
[5.237s] [  9%] [32mBuilding C object CMakeFiles/auto_aim_interfaces__rosidl_generator_c.dir/rosidl_generator_c/auto_aim_interfaces/msg/detail/target__functions.c.o[0m
[5.275s] [ 10%] [32mBuilding C object CMakeFiles/auto_aim_interfaces__rosidl_generator_c.dir/rosidl_generator_c/auto_aim_interfaces/msg/detail/debug_lights__functions.c.o[0m
[5.403s] [ 11%] [32mBuilding C object CMakeFiles/auto_aim_interfaces__rosidl_generator_c.dir/rosidl_generator_c/auto_aim_interfaces/msg/detail/debug_armor__functions.c.o[0m
[5.485s] [ 12%] [32mBuilding C object CMakeFiles/auto_aim_interfaces__rosidl_generator_c.dir/rosidl_generator_c/auto_aim_interfaces/msg/detail/debug_armors__functions.c.o[0m
[5.485s] [ 13%] [32mBuilding C object CMakeFiles/auto_aim_interfaces__rosidl_generator_c.dir/rosidl_generator_c/auto_aim_interfaces/msg/detail/tracker_info__functions.c.o[0m
[5.516s] [ 14%] [32mBuilding C object CMakeFiles/auto_aim_interfaces__rosidl_generator_c.dir/rosidl_generator_c/auto_aim_interfaces/msg/detail/time_info__functions.c.o[0m
[5.850s] [ 15%] [32m[1mLinking C shared library libauto_aim_interfaces__rosidl_generator_c.so[0m
[6.392s] [ 15%] Built target auto_aim_interfaces__rosidl_generator_c
[6.470s] [ 16%] [34m[1mGenerating C type support for eProsima Fast-RTPS[0m
[6.616s] [ 17%] [34m[1mGenerating C type support dispatch for ROS interfaces[0m
[6.848s] [ 18%] [34m[1mGenerating C introspection for ROS interfaces[0m
[7.117s] [ 20%] [32mBuilding CXX object CMakeFiles/auto_aim_interfaces__rosidl_typesupport_cpp.dir/rosidl_typesupport_cpp/auto_aim_interfaces/msg/armor__type_support.cpp.o[0m
[7.282s] [ 21%] [32mBuilding CXX object CMakeFiles/auto_aim_interfaces__rosidl_typesupport_cpp.dir/rosidl_typesupport_cpp/auto_aim_interfaces/msg/armors__type_support.cpp.o[0m
[7.433s] [ 22%] [32mBuilding CXX object CMakeFiles/auto_aim_interfaces__rosidl_typesupport_cpp.dir/rosidl_typesupport_cpp/auto_aim_interfaces/msg/target__type_support.cpp.o[0m
[7.489s] [ 23%] [32mBuilding CXX object CMakeFiles/auto_aim_interfaces__rosidl_typesupport_cpp.dir/rosidl_typesupport_cpp/auto_aim_interfaces/msg/debug_light__type_support.cpp.o[0m
[7.490s] [ 24%] [32mBuilding CXX object CMakeFiles/auto_aim_interfaces__rosidl_typesupport_cpp.dir/rosidl_typesupport_cpp/auto_aim_interfaces/msg/debug_armors__type_support.cpp.o[0m
[7.566s] [ 25%] [32mBuilding CXX object CMakeFiles/auto_aim_interfaces__rosidl_typesupport_cpp.dir/rosidl_typesupport_cpp/auto_aim_interfaces/msg/tracker_info__type_support.cpp.o[0m
[7.567s] [ 26%] [32mBuilding CXX object CMakeFiles/auto_aim_interfaces__rosidl_typesupport_cpp.dir/rosidl_typesupport_cpp/auto_aim_interfaces/msg/debug_armor__type_support.cpp.o[0m
[7.635s] [ 27%] [32mBuilding CXX object CMakeFiles/auto_aim_interfaces__rosidl_typesupport_cpp.dir/rosidl_typesupport_cpp/auto_aim_interfaces/msg/time_info__type_support.cpp.o[0m
[7.688s] [ 28%] [32mBuilding CXX object CMakeFiles/auto_aim_interfaces__rosidl_typesupport_cpp.dir/rosidl_typesupport_cpp/auto_aim_interfaces/msg/debug_lights__type_support.cpp.o[0m
[7.818s] [ 29%] [32mBuilding CXX object CMakeFiles/auto_aim_interfaces__rosidl_typesupport_fastrtps_cpp.dir/rosidl_typesupport_fastrtps_cpp/auto_aim_interfaces/msg/detail/dds_fastrtps/armor__type_support.cpp.o[0m
[7.979s] [ 30%] [32mBuilding CXX object CMakeFiles/auto_aim_interfaces__rosidl_typesupport_fastrtps_cpp.dir/rosidl_typesupport_fastrtps_cpp/auto_aim_interfaces/msg/detail/dds_fastrtps/target__type_support.cpp.o[0m
[8.074s] [ 31%] [32mBuilding CXX object CMakeFiles/auto_aim_interfaces__rosidl_typesupport_introspection_cpp.dir/rosidl_typesupport_introspection_cpp/auto_aim_interfaces/msg/detail/armor__type_support.cpp.o[0m
[8.253s] [ 32%] [32mBuilding CXX object CMakeFiles/auto_aim_interfaces__rosidl_typesupport_fastrtps_cpp.dir/rosidl_typesupport_fastrtps_cpp/auto_aim_interfaces/msg/detail/dds_fastrtps/armors__type_support.cpp.o[0m
[9.724s] [ 33%] [32mBuilding CXX object CMakeFiles/auto_aim_interfaces__rosidl_typesupport_introspection_cpp.dir/rosidl_typesupport_introspection_cpp/auto_aim_interfaces/msg/detail/armors__type_support.cpp.o[0m
[10.313s] [ 34%] [32mBuilding CXX object CMakeFiles/auto_aim_interfaces__rosidl_typesupport_introspection_cpp.dir/rosidl_typesupport_introspection_cpp/auto_aim_interfaces/msg/detail/debug_light__type_support.cpp.o[0m
[10.374s] [ 35%] [32mBuilding CXX object CMakeFiles/auto_aim_interfaces__rosidl_typesupport_introspection_cpp.dir/rosidl_typesupport_introspection_cpp/auto_aim_interfaces/msg/detail/target__type_support.cpp.o[0m
[10.412s] [ 36%] [32mBuilding CXX object CMakeFiles/auto_aim_interfaces__rosidl_typesupport_fastrtps_cpp.dir/rosidl_typesupport_fastrtps_cpp/auto_aim_interfaces/msg/detail/dds_fastrtps/debug_light__type_support.cpp.o[0m
[10.501s] [ 37%] [32mBuilding CXX object CMakeFiles/auto_aim_interfaces__rosidl_typesupport_fastrtps_cpp.dir/rosidl_typesupport_fastrtps_cpp/auto_aim_interfaces/msg/detail/dds_fastrtps/debug_lights__type_support.cpp.o[0m
[10.502s] [ 38%] [32mBuilding CXX object CMakeFiles/auto_aim_interfaces__rosidl_typesupport_fastrtps_cpp.dir/rosidl_typesupport_fastrtps_cpp/auto_aim_interfaces/msg/detail/dds_fastrtps/debug_armor__type_support.cpp.o[0m
[10.815s] [ 40%] [32mBuilding CXX object CMakeFiles/auto_aim_interfaces__rosidl_typesupport_c.dir/rosidl_typesupport_c/auto_aim_interfaces/msg/armor__type_support.cpp.o[0m
[11.401s] [ 41%] [32mBuilding CXX object CMakeFiles/auto_aim_interfaces__rosidl_typesupport_fastrtps_cpp.dir/rosidl_typesupport_fastrtps_cpp/auto_aim_interfaces/msg/detail/dds_fastrtps/debug_armors__type_support.cpp.o[0m
[11.441s] [ 42%] [32mBuilding CXX object CMakeFiles/auto_aim_interfaces__rosidl_typesupport_c.dir/rosidl_typesupport_c/auto_aim_interfaces/msg/armors__type_support.cpp.o[0m
[12.394s] [ 43%] [32mBuilding CXX object CMakeFiles/auto_aim_interfaces__rosidl_typesupport_c.dir/rosidl_typesupport_c/auto_aim_interfaces/msg/target__type_support.cpp.o[0m
[12.526s] [ 44%] [32mBuilding CXX object CMakeFiles/auto_aim_interfaces__rosidl_typesupport_fastrtps_cpp.dir/rosidl_typesupport_fastrtps_cpp/auto_aim_interfaces/msg/detail/dds_fastrtps/tracker_info__type_support.cpp.o[0m
[12.527s] [ 45%] [32m[1mLinking CXX shared library libauto_aim_interfaces__rosidl_typesupport_cpp.so[0m
[12.709s] [ 46%] [32mBuilding CXX object CMakeFiles/auto_aim_interfaces__rosidl_typesupport_fastrtps_cpp.dir/rosidl_typesupport_fastrtps_cpp/auto_aim_interfaces/msg/detail/dds_fastrtps/time_info__type_support.cpp.o[0m
[12.723s] [ 47%] [32mBuilding CXX object CMakeFiles/auto_aim_interfaces__rosidl_typesupport_c.dir/rosidl_typesupport_c/auto_aim_interfaces/msg/debug_light__type_support.cpp.o[0m
[12.878s] [ 47%] Built target auto_aim_interfaces__rosidl_typesupport_cpp
[13.031s] [ 48%] [32mBuilding CXX object CMakeFiles/auto_aim_interfaces__rosidl_typesupport_c.dir/rosidl_typesupport_c/auto_aim_interfaces/msg/debug_lights__type_support.cpp.o[0m
[13.032s] [ 49%] [32mBuilding CXX object CMakeFiles/auto_aim_interfaces__rosidl_typesupport_introspection_cpp.dir/rosidl_typesupport_introspection_cpp/auto_aim_interfaces/msg/detail/debug_lights__type_support.cpp.o[0m
[13.161s] [ 50%] [32mBuilding CXX object CMakeFiles/auto_aim_interfaces__rosidl_typesupport_c.dir/rosidl_typesupport_c/auto_aim_interfaces/msg/debug_armor__type_support.cpp.o[0m
[13.172s] [ 51%] [32mBuilding CXX object CMakeFiles/auto_aim_interfaces__rosidl_typesupport_introspection_cpp.dir/rosidl_typesupport_introspection_cpp/auto_aim_interfaces/msg/detail/debug_armor__type_support.cpp.o[0m
[13.339s] [ 52%] [32mBuilding CXX object CMakeFiles/auto_aim_interfaces__rosidl_typesupport_introspection_cpp.dir/rosidl_typesupport_introspection_cpp/auto_aim_interfaces/msg/detail/tracker_info__type_support.cpp.o[0m
[13.340s] [ 53%] [32mBuilding CXX object CMakeFiles/auto_aim_interfaces__rosidl_typesupport_c.dir/rosidl_typesupport_c/auto_aim_interfaces/msg/debug_armors__type_support.cpp.o[0m
[13.461s] [ 54%] [32mBuilding CXX object CMakeFiles/auto_aim_interfaces__rosidl_typesupport_introspection_cpp.dir/rosidl_typesupport_introspection_cpp/auto_aim_interfaces/msg/detail/time_info__type_support.cpp.o[0m
[13.462s] [ 55%] [32mBuilding CXX object CMakeFiles/auto_aim_interfaces__rosidl_typesupport_introspection_cpp.dir/rosidl_typesupport_introspection_cpp/auto_aim_interfaces/msg/detail/debug_armors__type_support.cpp.o[0m
[13.479s] [ 56%] [32mBuilding C object CMakeFiles/auto_aim_interfaces__rosidl_typesupport_introspection_c.dir/rosidl_typesupport_introspection_c/auto_aim_interfaces/msg/detail/armor__type_support.c.o[0m
[13.523s] [ 57%] [32mBuilding CXX object CMakeFiles/auto_aim_interfaces__rosidl_typesupport_fastrtps_c.dir/rosidl_typesupport_fastrtps_c/auto_aim_interfaces/msg/detail/armor__type_support_c.cpp.o[0m
[13.578s] [ 58%] [32mBuilding CXX object CMakeFiles/auto_aim_interfaces__rosidl_typesupport_c.dir/rosidl_typesupport_c/auto_aim_interfaces/msg/tracker_info__type_support.cpp.o[0m
[13.668s] [ 60%] [32mBuilding CXX object CMakeFiles/auto_aim_interfaces__rosidl_typesupport_fastrtps_c.dir/rosidl_typesupport_fastrtps_c/auto_aim_interfaces/msg/detail/armors__type_support_c.cpp.o[0m
[13.925s] [ 61%] [32mBuilding C object CMakeFiles/auto_aim_interfaces__rosidl_typesupport_introspection_c.dir/rosidl_typesupport_introspection_c/auto_aim_interfaces/msg/detail/armors__type_support.c.o[0m
[13.929s] [ 62%] [32mBuilding CXX object CMakeFiles/auto_aim_interfaces__rosidl_typesupport_c.dir/rosidl_typesupport_c/auto_aim_interfaces/msg/time_info__type_support.cpp.o[0m
[14.050s] [ 63%] [32mBuilding CXX object CMakeFiles/auto_aim_interfaces__rosidl_typesupport_fastrtps_c.dir/rosidl_typesupport_fastrtps_c/auto_aim_interfaces/msg/detail/target__type_support_c.cpp.o[0m
[14.061s] [ 64%] [32mBuilding C object CMakeFiles/auto_aim_interfaces__rosidl_typesupport_introspection_c.dir/rosidl_typesupport_introspection_c/auto_aim_interfaces/msg/detail/target__type_support.c.o[0m
[14.120s] [ 65%] [32mBuilding CXX object CMakeFiles/auto_aim_interfaces__rosidl_typesupport_fastrtps_c.dir/rosidl_typesupport_fastrtps_c/auto_aim_interfaces/msg/detail/debug_light__type_support_c.cpp.o[0m
[14.175s] [ 66%] [32mBuilding C object CMakeFiles/auto_aim_interfaces__rosidl_typesupport_introspection_c.dir/rosidl_typesupport_introspection_c/auto_aim_interfaces/msg/detail/debug_light__type_support.c.o[0m
[14.310s] [ 67%] [32m[1mLinking CXX shared library libauto_aim_interfaces__rosidl_typesupport_c.so[0m
[14.310s] [ 68%] [32mBuilding C object CMakeFiles/auto_aim_interfaces__rosidl_typesupport_introspection_c.dir/rosidl_typesupport_introspection_c/auto_aim_interfaces/msg/detail/debug_lights__type_support.c.o[0m
[14.335s] [ 69%] [32mBuilding C object CMakeFiles/auto_aim_interfaces__rosidl_typesupport_introspection_c.dir/rosidl_typesupport_introspection_c/auto_aim_interfaces/msg/detail/debug_armor__type_support.c.o[0m
[14.612s] [ 70%] [32mBuilding C object CMakeFiles/auto_aim_interfaces__rosidl_typesupport_introspection_c.dir/rosidl_typesupport_introspection_c/auto_aim_interfaces/msg/detail/debug_armors__type_support.c.o[0m
[14.652s] [ 71%] [32mBuilding C object CMakeFiles/auto_aim_interfaces__rosidl_typesupport_introspection_c.dir/rosidl_typesupport_introspection_c/auto_aim_interfaces/msg/detail/tracker_info__type_support.c.o[0m
[14.842s] [ 72%] [32mBuilding CXX object CMakeFiles/auto_aim_interfaces__rosidl_typesupport_fastrtps_c.dir/rosidl_typesupport_fastrtps_c/auto_aim_interfaces/msg/detail/debug_armor__type_support_c.cpp.o[0m
[14.847s] [ 73%] [32mBuilding CXX object CMakeFiles/auto_aim_interfaces__rosidl_typesupport_fastrtps_c.dir/rosidl_typesupport_fastrtps_c/auto_aim_interfaces/msg/detail/debug_lights__type_support_c.cpp.o[0m
[14.854s] [ 74%] [32mBuilding CXX object CMakeFiles/auto_aim_interfaces__rosidl_typesupport_fastrtps_c.dir/rosidl_typesupport_fastrtps_c/auto_aim_interfaces/msg/detail/debug_armors__type_support_c.cpp.o[0m
[14.855s] [ 74%] Built target auto_aim_interfaces__rosidl_typesupport_c
[14.885s] [ 75%] [32mBuilding C object CMakeFiles/auto_aim_interfaces__rosidl_typesupport_introspection_c.dir/rosidl_typesupport_introspection_c/auto_aim_interfaces/msg/detail/time_info__type_support.c.o[0m
[14.951s] [ 76%] [32mBuilding CXX object CMakeFiles/auto_aim_interfaces__rosidl_typesupport_fastrtps_c.dir/rosidl_typesupport_fastrtps_c/auto_aim_interfaces/msg/detail/time_info__type_support_c.cpp.o[0m
[15.026s] [ 77%] [32mBuilding CXX object CMakeFiles/auto_aim_interfaces__rosidl_typesupport_fastrtps_c.dir/rosidl_typesupport_fastrtps_c/auto_aim_interfaces/msg/detail/tracker_info__type_support_c.cpp.o[0m
[15.148s] [ 78%] [32m[1mLinking C shared library libauto_aim_interfaces__rosidl_typesupport_introspection_c.so[0m
[15.260s] [ 80%] [32m[1mLinking CXX shared library libauto_aim_interfaces__rosidl_typesupport_fastrtps_cpp.so[0m
[15.496s] [ 80%] Built target auto_aim_interfaces__rosidl_typesupport_introspection_c
[15.546s] [ 81%] [32m[1mLinking CXX shared library libauto_aim_interfaces__rosidl_typesupport_introspection_cpp.so[0m
[15.644s] [ 81%] Built target auto_aim_interfaces__rosidl_typesupport_fastrtps_cpp
[15.848s] [ 81%] Built target auto_aim_interfaces__rosidl_typesupport_introspection_cpp
[15.889s] [ 82%] [32m[1mLinking CXX shared library libauto_aim_interfaces__rosidl_typesupport_fastrtps_c.so[0m
[16.060s] [ 82%] Built target auto_aim_interfaces__rosidl_typesupport_fastrtps_c
[16.119s] [ 82%] Built target auto_aim_interfaces
[16.177s] [ 83%] [34m[1mGenerating Python code for ROS interfaces[0m
[17.697s] [ 83%] Built target auto_aim_interfaces__py
[17.783s] [ 84%] [32mBuilding C object CMakeFiles/auto_aim_interfaces__rosidl_generator_py.dir/rosidl_generator_py/auto_aim_interfaces/msg/_armor_s.c.o[0m
[17.793s] [ 85%] [32mBuilding C object CMakeFiles/auto_aim_interfaces__rosidl_generator_py.dir/rosidl_generator_py/auto_aim_interfaces/msg/_armors_s.c.o[0m
[17.810s] [ 86%] [32mBuilding C object CMakeFiles/auto_aim_interfaces__rosidl_generator_py.dir/rosidl_generator_py/auto_aim_interfaces/msg/_debug_light_s.c.o[0m
[17.810s] [ 87%] [32mBuilding C object CMakeFiles/auto_aim_interfaces__rosidl_generator_py.dir/rosidl_generator_py/auto_aim_interfaces/msg/_target_s.c.o[0m
[17.823s] [ 88%] [32mBuilding C object CMakeFiles/auto_aim_interfaces__rosidl_generator_py.dir/rosidl_generator_py/auto_aim_interfaces/msg/_debug_armors_s.c.o[0m
[17.838s] [ 89%] [32mBuilding C object CMakeFiles/auto_aim_interfaces__rosidl_generator_py.dir/rosidl_generator_py/auto_aim_interfaces/msg/_debug_lights_s.c.o[0m
[17.840s] [ 90%] [32mBuilding C object CMakeFiles/auto_aim_interfaces__rosidl_generator_py.dir/rosidl_generator_py/auto_aim_interfaces/msg/_debug_armor_s.c.o[0m
[17.846s] [ 91%] [32mBuilding C object CMakeFiles/auto_aim_interfaces__rosidl_generator_py.dir/rosidl_generator_py/auto_aim_interfaces/msg/_tracker_info_s.c.o[0m
[17.978s] [ 92%] [32mBuilding C object CMakeFiles/auto_aim_interfaces__rosidl_generator_py.dir/rosidl_generator_py/auto_aim_interfaces/msg/_time_info_s.c.o[0m
[18.389s] [ 93%] [32m[1mLinking C shared library rosidl_generator_py/auto_aim_interfaces/libauto_aim_interfaces__rosidl_generator_py.so[0m
[18.488s] [ 93%] Built target auto_aim_interfaces__rosidl_generator_py
[18.550s] [ 94%] [32mBuilding C object CMakeFiles/auto_aim_interfaces__rosidl_typesupport_fastrtps_c__pyext.dir/rosidl_generator_py/auto_aim_interfaces/_auto_aim_interfaces_s.ep.rosidl_typesupport_fastrtps_c.c.o[0m
[18.556s] [ 95%] [32mBuilding C object CMakeFiles/auto_aim_interfaces__rosidl_typesupport_introspection_c__pyext.dir/rosidl_generator_py/auto_aim_interfaces/_auto_aim_interfaces_s.ep.rosidl_typesupport_introspection_c.c.o[0m
[18.579s] [ 96%] [32mBuilding C object CMakeFiles/auto_aim_interfaces__rosidl_typesupport_c__pyext.dir/rosidl_generator_py/auto_aim_interfaces/_auto_aim_interfaces_s.ep.rosidl_typesupport_c.c.o[0m
[18.800s] [ 97%] [32m[1mLinking C shared library rosidl_generator_py/auto_aim_interfaces/auto_aim_interfaces_s__rosidl_typesupport_introspection_c.cpython-310-x86_64-linux-gnu.so[0m
[18.802s] [ 98%] [32m[1mLinking C shared library rosidl_generator_py/auto_aim_interfaces/auto_aim_interfaces_s__rosidl_typesupport_fastrtps_c.cpython-310-x86_64-linux-gnu.so[0m
[18.818s] [100%] [32m[1mLinking C shared library rosidl_generator_py/auto_aim_interfaces/auto_aim_interfaces_s__rosidl_typesupport_c.cpython-310-x86_64-linux-gnu.so[0m
[18.923s] [100%] Built target auto_aim_interfaces__rosidl_typesupport_fastrtps_c__pyext
[18.938s] [100%] Built target auto_aim_interfaces__rosidl_typesupport_c__pyext
[18.947s] [100%] Built target auto_aim_interfaces__rosidl_typesupport_introspection_c__pyext
[18.983s] Invoked command in '/home/rosnoetic/vision_ws/rm_shaobing_vision/build/auto_aim_interfaces' returned '0': CMAKE_PREFIX_PATH=${CMAKE_PREFIX_PATH}:/home/rosnoetic/ros_ws/install/rm_vision_bringup:/home/rosnoetic/ros_ws/install/rm_serial_driver:/home/rosnoetic/ros_ws/install/rm_gimbal_description:/home/rosnoetic/ros_ws/install/hik_camera:/home/rosnoetic/ros_ws/install/armor_tracker:/home/rosnoetic/ros_ws/install/armor_detector:/home/rosnoetic/ros_ws/install/auto_aim_interfaces:/opt/ros/humble /usr/bin/cmake --build /home/rosnoetic/vision_ws/rm_shaobing_vision/build/auto_aim_interfaces -- -j16 -l16
[19.955s] Invoking command in '/home/rosnoetic/vision_ws/rm_shaobing_vision/build/auto_aim_interfaces': CMAKE_PREFIX_PATH=${CMAKE_PREFIX_PATH}:/home/rosnoetic/ros_ws/install/rm_vision_bringup:/home/rosnoetic/ros_ws/install/rm_serial_driver:/home/rosnoetic/ros_ws/install/rm_gimbal_description:/home/rosnoetic/ros_ws/install/hik_camera:/home/rosnoetic/ros_ws/install/armor_tracker:/home/rosnoetic/ros_ws/install/armor_detector:/home/rosnoetic/ros_ws/install/auto_aim_interfaces:/opt/ros/humble /usr/bin/cmake --install /home/rosnoetic/vision_ws/rm_shaobing_vision/build/auto_aim_interfaces
[19.972s] -- Install configuration: ""
[19.973s] -- Installing: /home/rosnoetic/vision_ws/rm_shaobing_vision/install/auto_aim_interfaces/share/ament_index/resource_index/rosidl_interfaces/auto_aim_interfaces
[19.973s] -- Up-to-date: /home/rosnoetic/vision_ws/rm_shaobing_vision/install/auto_aim_interfaces/include/auto_aim_interfaces/auto_aim_interfaces
[19.973s] -- Up-to-date: /home/rosnoetic/vision_ws/rm_shaobing_vision/install/auto_aim_interfaces/include/auto_aim_interfaces/auto_aim_interfaces/msg
[19.973s] -- Installing: /home/rosnoetic/vision_ws/rm_shaobing_vision/install/auto_aim_interfaces/include/auto_aim_interfaces/auto_aim_interfaces/msg/time_info.h
[19.974s] -- Installing: /home/rosnoetic/vision_ws/rm_shaobing_vision/install/auto_aim_interfaces/include/auto_aim_interfaces/auto_aim_interfaces/msg/debug_light.h
[19.974s] -- Installing: /home/rosnoetic/vision_ws/rm_shaobing_vision/install/auto_aim_interfaces/include/auto_aim_interfaces/auto_aim_interfaces/msg/armor.h
[19.974s] -- Installing: /home/rosnoetic/vision_ws/rm_shaobing_vision/install/auto_aim_interfaces/include/auto_aim_interfaces/auto_aim_interfaces/msg/rosidl_generator_c__visibility_control.h
[19.974s] -- Installing: /home/rosnoetic/vision_ws/rm_shaobing_vision/install/auto_aim_interfaces/include/auto_aim_interfaces/auto_aim_interfaces/msg/armors.h
[19.975s] -- Installing: /home/rosnoetic/vision_ws/rm_shaobing_vision/install/auto_aim_interfaces/include/auto_aim_interfaces/auto_aim_interfaces/msg/tracker_info.h
[19.975s] -- Installing: /home/rosnoetic/vision_ws/rm_shaobing_vision/install/auto_aim_interfaces/include/auto_aim_interfaces/auto_aim_interfaces/msg/debug_armor.h
[19.975s] -- Installing: /home/rosnoetic/vision_ws/rm_shaobing_vision/install/auto_aim_interfaces/include/auto_aim_interfaces/auto_aim_interfaces/msg/debug_armors.h
[19.976s] -- Installing: /home/rosnoetic/vision_ws/rm_shaobing_vision/install/auto_aim_interfaces/include/auto_aim_interfaces/auto_aim_interfaces/msg/target.h
[19.976s] -- Installing: /home/rosnoetic/vision_ws/rm_shaobing_vision/install/auto_aim_interfaces/include/auto_aim_interfaces/auto_aim_interfaces/msg/debug_lights.h
[19.976s] -- Up-to-date: /home/rosnoetic/vision_ws/rm_shaobing_vision/install/auto_aim_interfaces/include/auto_aim_interfaces/auto_aim_interfaces/msg/detail
[19.976s] -- Installing: /home/rosnoetic/vision_ws/rm_shaobing_vision/install/auto_aim_interfaces/include/auto_aim_interfaces/auto_aim_interfaces/msg/detail/debug_light__type_support.h
[19.977s] -- Installing: /home/rosnoetic/vision_ws/rm_shaobing_vision/install/auto_aim_interfaces/include/auto_aim_interfaces/auto_aim_interfaces/msg/detail/debug_armor__functions.h
[19.977s] -- Installing: /home/rosnoetic/vision_ws/rm_shaobing_vision/install/auto_aim_interfaces/include/auto_aim_interfaces/auto_aim_interfaces/msg/detail/target__functions.h
[19.978s] -- Installing: /home/rosnoetic/vision_ws/rm_shaobing_vision/install/auto_aim_interfaces/include/auto_aim_interfaces/auto_aim_interfaces/msg/detail/armor__struct.h
[19.978s] -- Installing: /home/rosnoetic/vision_ws/rm_shaobing_vision/install/auto_aim_interfaces/include/auto_aim_interfaces/auto_aim_interfaces/msg/detail/tracker_info__struct.h
[19.978s] -- Installing: /home/rosnoetic/vision_ws/rm_shaobing_vision/install/auto_aim_interfaces/include/auto_aim_interfaces/auto_aim_interfaces/msg/detail/debug_lights__functions.h
[19.978s] -- Installing: /home/rosnoetic/vision_ws/rm_shaobing_vision/install/auto_aim_interfaces/include/auto_aim_interfaces/auto_aim_interfaces/msg/detail/tracker_info__type_support.h
[19.978s] -- Installing: /home/rosnoetic/vision_ws/rm_shaobing_vision/install/auto_aim_interfaces/include/auto_aim_interfaces/auto_aim_interfaces/msg/detail/debug_light__functions.h
[19.978s] -- Installing: /home/rosnoetic/vision_ws/rm_shaobing_vision/install/auto_aim_interfaces/include/auto_aim_interfaces/auto_aim_interfaces/msg/detail/target__type_support.h
[19.979s] -- Installing: /home/rosnoetic/vision_ws/rm_shaobing_vision/install/auto_aim_interfaces/include/auto_aim_interfaces/auto_aim_interfaces/msg/detail/target__functions.c
[19.980s] -- Installing: /home/rosnoetic/vision_ws/rm_shaobing_vision/install/auto_aim_interfaces/include/auto_aim_interfaces/auto_aim_interfaces/msg/detail/debug_armors__functions.h
[19.980s] -- Installing: /home/rosnoetic/vision_ws/rm_shaobing_vision/install/auto_aim_interfaces/include/auto_aim_interfaces/auto_aim_interfaces/msg/detail/target__struct.h
[19.980s] -- Installing: /home/rosnoetic/vision_ws/rm_shaobing_vision/install/auto_aim_interfaces/include/auto_aim_interfaces/auto_aim_interfaces/msg/detail/debug_armor__struct.h
[19.980s] -- Installing: /home/rosnoetic/vision_ws/rm_shaobing_vision/install/auto_aim_interfaces/include/auto_aim_interfaces/auto_aim_interfaces/msg/detail/armor__type_support.h
[19.981s] -- Installing: /home/rosnoetic/vision_ws/rm_shaobing_vision/install/auto_aim_interfaces/include/auto_aim_interfaces/auto_aim_interfaces/msg/detail/armors__type_support.h
[19.981s] -- Installing: /home/rosnoetic/vision_ws/rm_shaobing_vision/install/auto_aim_interfaces/include/auto_aim_interfaces/auto_aim_interfaces/msg/detail/armor__functions.h
[19.981s] -- Installing: /home/rosnoetic/vision_ws/rm_shaobing_vision/install/auto_aim_interfaces/include/auto_aim_interfaces/auto_aim_interfaces/msg/detail/debug_lights__type_support.h
[19.982s] -- Installing: /home/rosnoetic/vision_ws/rm_shaobing_vision/install/auto_aim_interfaces/include/auto_aim_interfaces/auto_aim_interfaces/msg/detail/time_info__functions.c
[19.982s] -- Installing: /home/rosnoetic/vision_ws/rm_shaobing_vision/install/auto_aim_interfaces/include/auto_aim_interfaces/auto_aim_interfaces/msg/detail/time_info__type_support.h
[19.982s] -- Installing: /home/rosnoetic/vision_ws/rm_shaobing_vision/install/auto_aim_interfaces/include/auto_aim_interfaces/auto_aim_interfaces/msg/detail/debug_armors__type_support.h
[19.982s] -- Installing: /home/rosnoetic/vision_ws/rm_shaobing_vision/install/auto_aim_interfaces/include/auto_aim_interfaces/auto_aim_interfaces/msg/detail/debug_armor__functions.c
[19.982s] -- Installing: /home/rosnoetic/vision_ws/rm_shaobing_vision/install/auto_aim_interfaces/include/auto_aim_interfaces/auto_aim_interfaces/msg/detail/debug_light__functions.c
[19.983s] -- Installing: /home/rosnoetic/vision_ws/rm_shaobing_vision/install/auto_aim_interfaces/include/auto_aim_interfaces/auto_aim_interfaces/msg/detail/debug_armor__type_support.h
[19.984s] -- Installing: /home/rosnoetic/vision_ws/rm_shaobing_vision/install/auto_aim_interfaces/include/auto_aim_interfaces/auto_aim_interfaces/msg/detail/debug_lights__functions.c
[19.984s] -- Installing: /home/rosnoetic/vision_ws/rm_shaobing_vision/install/auto_aim_interfaces/include/auto_aim_interfaces/auto_aim_interfaces/msg/detail/armor__functions.c
[19.984s] -- Installing: /home/rosnoetic/vision_ws/rm_shaobing_vision/install/auto_aim_interfaces/include/auto_aim_interfaces/auto_aim_interfaces/msg/detail/armors__functions.c
[19.984s] -- Installing: /home/rosnoetic/vision_ws/rm_shaobing_vision/install/auto_aim_interfaces/include/auto_aim_interfaces/auto_aim_interfaces/msg/detail/debug_lights__struct.h
[19.984s] -- Installing: /home/rosnoetic/vision_ws/rm_shaobing_vision/install/auto_aim_interfaces/include/auto_aim_interfaces/auto_aim_interfaces/msg/detail/armors__functions.h
[19.984s] -- Installing: /home/rosnoetic/vision_ws/rm_shaobing_vision/install/auto_aim_interfaces/include/auto_aim_interfaces/auto_aim_interfaces/msg/detail/tracker_info__functions.h
[19.984s] -- Installing: /home/rosnoetic/vision_ws/rm_shaobing_vision/install/auto_aim_interfaces/include/auto_aim_interfaces/auto_aim_interfaces/msg/detail/tracker_info__functions.c
[19.984s] -- Installing: /home/rosnoetic/vision_ws/rm_shaobing_vision/install/auto_aim_interfaces/include/auto_aim_interfaces/auto_aim_interfaces/msg/detail/time_info__functions.h
[19.984s] -- Installing: /home/rosnoetic/vision_ws/rm_shaobing_vision/install/auto_aim_interfaces/include/auto_aim_interfaces/auto_aim_interfaces/msg/detail/debug_armors__struct.h
[19.985s] -- Installing: /home/rosnoetic/vision_ws/rm_shaobing_vision/install/auto_aim_interfaces/include/auto_aim_interfaces/auto_aim_interfaces/msg/detail/time_info__struct.h
[19.985s] -- Installing: /home/rosnoetic/vision_ws/rm_shaobing_vision/install/auto_aim_interfaces/include/auto_aim_interfaces/auto_aim_interfaces/msg/detail/armors__struct.h
[19.985s] -- Installing: /home/rosnoetic/vision_ws/rm_shaobing_vision/install/auto_aim_interfaces/include/auto_aim_interfaces/auto_aim_interfaces/msg/detail/debug_armors__functions.c
[19.985s] -- Installing: /home/rosnoetic/vision_ws/rm_shaobing_vision/install/auto_aim_interfaces/include/auto_aim_interfaces/auto_aim_interfaces/msg/detail/debug_light__struct.h
[19.985s] -- Installing: /home/rosnoetic/vision_ws/rm_shaobing_vision/install/auto_aim_interfaces/share/auto_aim_interfaces/environment/library_path.dsv
[19.987s] -- Installing: /home/rosnoetic/vision_ws/rm_shaobing_vision/install/auto_aim_interfaces/lib/libauto_aim_interfaces__rosidl_generator_c.so
[19.988s] -- Set runtime path of "/home/rosnoetic/vision_ws/rm_shaobing_vision/install/auto_aim_interfaces/lib/libauto_aim_interfaces__rosidl_generator_c.so" to ""
[19.988s] -- Up-to-date: /home/rosnoetic/vision_ws/rm_shaobing_vision/install/auto_aim_interfaces/include/auto_aim_interfaces/auto_aim_interfaces
[19.988s] -- Up-to-date: /home/rosnoetic/vision_ws/rm_shaobing_vision/install/auto_aim_interfaces/include/auto_aim_interfaces/auto_aim_interfaces/msg
[19.988s] -- Installing: /home/rosnoetic/vision_ws/rm_shaobing_vision/install/auto_aim_interfaces/include/auto_aim_interfaces/auto_aim_interfaces/msg/rosidl_typesupport_fastrtps_c__visibility_control.h
[19.989s] -- Up-to-date: /home/rosnoetic/vision_ws/rm_shaobing_vision/install/auto_aim_interfaces/include/auto_aim_interfaces/auto_aim_interfaces/msg/detail
[19.989s] -- Installing: /home/rosnoetic/vision_ws/rm_shaobing_vision/install/auto_aim_interfaces/include/auto_aim_interfaces/auto_aim_interfaces/msg/detail/target__rosidl_typesupport_fastrtps_c.h
[19.989s] -- Installing: /home/rosnoetic/vision_ws/rm_shaobing_vision/install/auto_aim_interfaces/include/auto_aim_interfaces/auto_aim_interfaces/msg/detail/debug_light__rosidl_typesupport_fastrtps_c.h
[19.989s] -- Installing: /home/rosnoetic/vision_ws/rm_shaobing_vision/install/auto_aim_interfaces/include/auto_aim_interfaces/auto_aim_interfaces/msg/detail/time_info__rosidl_typesupport_fastrtps_c.h
[19.990s] -- Installing: /home/rosnoetic/vision_ws/rm_shaobing_vision/install/auto_aim_interfaces/include/auto_aim_interfaces/auto_aim_interfaces/msg/detail/debug_lights__rosidl_typesupport_fastrtps_c.h
[19.990s] -- Installing: /home/rosnoetic/vision_ws/rm_shaobing_vision/install/auto_aim_interfaces/include/auto_aim_interfaces/auto_aim_interfaces/msg/detail/debug_armor__rosidl_typesupport_fastrtps_c.h
[19.991s] -- Installing: /home/rosnoetic/vision_ws/rm_shaobing_vision/install/auto_aim_interfaces/include/auto_aim_interfaces/auto_aim_interfaces/msg/detail/debug_armors__rosidl_typesupport_fastrtps_c.h
[19.991s] -- Installing: /home/rosnoetic/vision_ws/rm_shaobing_vision/install/auto_aim_interfaces/include/auto_aim_interfaces/auto_aim_interfaces/msg/detail/tracker_info__rosidl_typesupport_fastrtps_c.h
[19.991s] -- Installing: /home/rosnoetic/vision_ws/rm_shaobing_vision/install/auto_aim_interfaces/include/auto_aim_interfaces/auto_aim_interfaces/msg/detail/armor__rosidl_typesupport_fastrtps_c.h
[19.991s] -- Installing: /home/rosnoetic/vision_ws/rm_shaobing_vision/install/auto_aim_interfaces/include/auto_aim_interfaces/auto_aim_interfaces/msg/detail/armors__rosidl_typesupport_fastrtps_c.h
[19.993s] -- Installing: /home/rosnoetic/vision_ws/rm_shaobing_vision/install/auto_aim_interfaces/lib/libauto_aim_interfaces__rosidl_typesupport_fastrtps_c.so
[19.994s] -- Set runtime path of "/home/rosnoetic/vision_ws/rm_shaobing_vision/install/auto_aim_interfaces/lib/libauto_aim_interfaces__rosidl_typesupport_fastrtps_c.so" to ""
[19.994s] -- Up-to-date: /home/rosnoetic/vision_ws/rm_shaobing_vision/install/auto_aim_interfaces/include/auto_aim_interfaces/auto_aim_interfaces
[19.994s] -- Up-to-date: /home/rosnoetic/vision_ws/rm_shaobing_vision/install/auto_aim_interfaces/include/auto_aim_interfaces/auto_aim_interfaces/msg
[19.995s] -- Installing: /home/rosnoetic/vision_ws/rm_shaobing_vision/install/auto_aim_interfaces/include/auto_aim_interfaces/auto_aim_interfaces/msg/rosidl_typesupport_introspection_c__visibility_control.h
[19.995s] -- Up-to-date: /home/rosnoetic/vision_ws/rm_shaobing_vision/install/auto_aim_interfaces/include/auto_aim_interfaces/auto_aim_interfaces/msg/detail
[19.996s] -- Installing: /home/rosnoetic/vision_ws/rm_shaobing_vision/install/auto_aim_interfaces/include/auto_aim_interfaces/auto_aim_interfaces/msg/detail/tracker_info__rosidl_typesupport_introspection_c.h
[19.996s] -- Installing: /home/rosnoetic/vision_ws/rm_shaobing_vision/install/auto_aim_interfaces/include/auto_aim_interfaces/auto_aim_interfaces/msg/detail/time_info__type_support.c
[19.996s] -- Installing: /home/rosnoetic/vision_ws/rm_shaobing_vision/install/auto_aim_interfaces/include/auto_aim_interfaces/auto_aim_interfaces/msg/detail/armor__rosidl_typesupport_introspection_c.h
[19.996s] -- Installing: /home/rosnoetic/vision_ws/rm_shaobing_vision/install/auto_aim_interfaces/include/auto_aim_interfaces/auto_aim_interfaces/msg/detail/debug_light__type_support.c
[19.997s] -- Installing: /home/rosnoetic/vision_ws/rm_shaobing_vision/install/auto_aim_interfaces/include/auto_aim_interfaces/auto_aim_interfaces/msg/detail/armors__type_support.c
[19.997s] -- Installing: /home/rosnoetic/vision_ws/rm_shaobing_vision/install/auto_aim_interfaces/include/auto_aim_interfaces/auto_aim_interfaces/msg/detail/debug_armors__rosidl_typesupport_introspection_c.h
[19.997s] -- Installing: /home/rosnoetic/vision_ws/rm_shaobing_vision/install/auto_aim_interfaces/include/auto_aim_interfaces/auto_aim_interfaces/msg/detail/armor__type_support.c
[19.998s] -- Installing: /home/rosnoetic/vision_ws/rm_shaobing_vision/install/auto_aim_interfaces/include/auto_aim_interfaces/auto_aim_interfaces/msg/detail/debug_lights__rosidl_typesupport_introspection_c.h
[19.998s] -- Installing: /home/rosnoetic/vision_ws/rm_shaobing_vision/install/auto_aim_interfaces/include/auto_aim_interfaces/auto_aim_interfaces/msg/detail/debug_armor__rosidl_typesupport_introspection_c.h
[19.998s] -- Installing: /home/rosnoetic/vision_ws/rm_shaobing_vision/install/auto_aim_interfaces/include/auto_aim_interfaces/auto_aim_interfaces/msg/detail/debug_lights__type_support.c
[19.998s] -- Installing: /home/rosnoetic/vision_ws/rm_shaobing_vision/install/auto_aim_interfaces/include/auto_aim_interfaces/auto_aim_interfaces/msg/detail/target__type_support.c
[19.998s] -- Installing: /home/rosnoetic/vision_ws/rm_shaobing_vision/install/auto_aim_interfaces/include/auto_aim_interfaces/auto_aim_interfaces/msg/detail/tracker_info__type_support.c
[19.999s] -- Installing: /home/rosnoetic/vision_ws/rm_shaobing_vision/install/auto_aim_interfaces/include/auto_aim_interfaces/auto_aim_interfaces/msg/detail/debug_armors__type_support.c
[19.999s] -- Installing: /home/rosnoetic/vision_ws/rm_shaobing_vision/install/auto_aim_interfaces/include/auto_aim_interfaces/auto_aim_interfaces/msg/detail/time_info__rosidl_typesupport_introspection_c.h
[19.999s] -- Installing: /home/rosnoetic/vision_ws/rm_shaobing_vision/install/auto_aim_interfaces/include/auto_aim_interfaces/auto_aim_interfaces/msg/detail/target__rosidl_typesupport_introspection_c.h
[19.999s] -- Installing: /home/rosnoetic/vision_ws/rm_shaobing_vision/install/auto_aim_interfaces/include/auto_aim_interfaces/auto_aim_interfaces/msg/detail/debug_light__rosidl_typesupport_introspection_c.h
[19.999s] -- Installing: /home/rosnoetic/vision_ws/rm_shaobing_vision/install/auto_aim_interfaces/include/auto_aim_interfaces/auto_aim_interfaces/msg/detail/armors__rosidl_typesupport_introspection_c.h
[19.999s] -- Installing: /home/rosnoetic/vision_ws/rm_shaobing_vision/install/auto_aim_interfaces/include/auto_aim_interfaces/auto_aim_interfaces/msg/detail/debug_armor__type_support.c
[20.000s] -- Installing: /home/rosnoetic/vision_ws/rm_shaobing_vision/install/auto_aim_interfaces/lib/libauto_aim_interfaces__rosidl_typesupport_introspection_c.so
[20.001s] -- Set runtime path of "/home/rosnoetic/vision_ws/rm_shaobing_vision/install/auto_aim_interfaces/lib/libauto_aim_interfaces__rosidl_typesupport_introspection_c.so" to ""
[20.003s] -- Installing: /home/rosnoetic/vision_ws/rm_shaobing_vision/install/auto_aim_interfaces/lib/libauto_aim_interfaces__rosidl_typesupport_c.so
[20.004s] -- Set runtime path of "/home/rosnoetic/vision_ws/rm_shaobing_vision/install/auto_aim_interfaces/lib/libauto_aim_interfaces__rosidl_typesupport_c.so" to ""
[20.004s] -- Up-to-date: /home/rosnoetic/vision_ws/rm_shaobing_vision/install/auto_aim_interfaces/include/auto_aim_interfaces/auto_aim_interfaces
[20.004s] -- Up-to-date: /home/rosnoetic/vision_ws/rm_shaobing_vision/install/auto_aim_interfaces/include/auto_aim_interfaces/auto_aim_interfaces/msg
[20.005s] -- Installing: /home/rosnoetic/vision_ws/rm_shaobing_vision/install/auto_aim_interfaces/include/auto_aim_interfaces/auto_aim_interfaces/msg/debug_armors.hpp
[20.005s] -- Installing: /home/rosnoetic/vision_ws/rm_shaobing_vision/install/auto_aim_interfaces/include/auto_aim_interfaces/auto_aim_interfaces/msg/armor.hpp
[20.006s] -- Installing: /home/rosnoetic/vision_ws/rm_shaobing_vision/install/auto_aim_interfaces/include/auto_aim_interfaces/auto_aim_interfaces/msg/debug_lights.hpp
[20.006s] -- Installing: /home/rosnoetic/vision_ws/rm_shaobing_vision/install/auto_aim_interfaces/include/auto_aim_interfaces/auto_aim_interfaces/msg/target.hpp
[20.006s] -- Installing: /home/rosnoetic/vision_ws/rm_shaobing_vision/install/auto_aim_interfaces/include/auto_aim_interfaces/auto_aim_interfaces/msg/armors.hpp
[20.007s] -- Installing: /home/rosnoetic/vision_ws/rm_shaobing_vision/install/auto_aim_interfaces/include/auto_aim_interfaces/auto_aim_interfaces/msg/debug_light.hpp
[20.007s] -- Installing: /home/rosnoetic/vision_ws/rm_shaobing_vision/install/auto_aim_interfaces/include/auto_aim_interfaces/auto_aim_interfaces/msg/debug_armor.hpp
[20.007s] -- Installing: /home/rosnoetic/vision_ws/rm_shaobing_vision/install/auto_aim_interfaces/include/auto_aim_interfaces/auto_aim_interfaces/msg/time_info.hpp
[20.007s] -- Up-to-date: /home/rosnoetic/vision_ws/rm_shaobing_vision/install/auto_aim_interfaces/include/auto_aim_interfaces/auto_aim_interfaces/msg/detail
[20.008s] -- Installing: /home/rosnoetic/vision_ws/rm_shaobing_vision/install/auto_aim_interfaces/include/auto_aim_interfaces/auto_aim_interfaces/msg/detail/debug_armors__traits.hpp
[20.008s] -- Installing: /home/rosnoetic/vision_ws/rm_shaobing_vision/install/auto_aim_interfaces/include/auto_aim_interfaces/auto_aim_interfaces/msg/detail/debug_light__builder.hpp
[20.008s] -- Installing: /home/rosnoetic/vision_ws/rm_shaobing_vision/install/auto_aim_interfaces/include/auto_aim_interfaces/auto_aim_interfaces/msg/detail/debug_armors__struct.hpp
[20.009s] -- Installing: /home/rosnoetic/vision_ws/rm_shaobing_vision/install/auto_aim_interfaces/include/auto_aim_interfaces/auto_aim_interfaces/msg/detail/time_info__struct.hpp
[20.009s] -- Installing: /home/rosnoetic/vision_ws/rm_shaobing_vision/install/auto_aim_interfaces/include/auto_aim_interfaces/auto_aim_interfaces/msg/detail/target__builder.hpp
[20.009s] -- Installing: /home/rosnoetic/vision_ws/rm_shaobing_vision/install/auto_aim_interfaces/include/auto_aim_interfaces/auto_aim_interfaces/msg/detail/armor__builder.hpp
[20.009s] -- Installing: /home/rosnoetic/vision_ws/rm_shaobing_vision/install/auto_aim_interfaces/include/auto_aim_interfaces/auto_aim_interfaces/msg/detail/debug_lights__struct.hpp
[20.010s] -- Installing: /home/rosnoetic/vision_ws/rm_shaobing_vision/install/auto_aim_interfaces/include/auto_aim_interfaces/auto_aim_interfaces/msg/detail/debug_armor__builder.hpp
[20.010s] -- Installing: /home/rosnoetic/vision_ws/rm_shaobing_vision/install/auto_aim_interfaces/include/auto_aim_interfaces/auto_aim_interfaces/msg/detail/tracker_info__builder.hpp
[20.010s] -- Installing: /home/rosnoetic/vision_ws/rm_shaobing_vision/install/auto_aim_interfaces/include/auto_aim_interfaces/auto_aim_interfaces/msg/detail/debug_light__struct.hpp
[20.010s] -- Installing: /home/rosnoetic/vision_ws/rm_shaobing_vision/install/auto_aim_interfaces/include/auto_aim_interfaces/auto_aim_interfaces/msg/detail/armor__traits.hpp
[20.011s] -- Installing: /home/rosnoetic/vision_ws/rm_shaobing_vision/install/auto_aim_interfaces/include/auto_aim_interfaces/auto_aim_interfaces/msg/detail/armor__struct.hpp
[20.011s] -- Installing: /home/rosnoetic/vision_ws/rm_shaobing_vision/install/auto_aim_interfaces/include/auto_aim_interfaces/auto_aim_interfaces/msg/detail/debug_armor__struct.hpp
[20.011s] -- Installing: /home/rosnoetic/vision_ws/rm_shaobing_vision/install/auto_aim_interfaces/include/auto_aim_interfaces/auto_aim_interfaces/msg/detail/tracker_info__struct.hpp
[20.011s] -- Installing: /home/rosnoetic/vision_ws/rm_shaobing_vision/install/auto_aim_interfaces/include/auto_aim_interfaces/auto_aim_interfaces/msg/detail/debug_light__traits.hpp
[20.012s] -- Installing: /home/rosnoetic/vision_ws/rm_shaobing_vision/install/auto_aim_interfaces/include/auto_aim_interfaces/auto_aim_interfaces/msg/detail/target__traits.hpp
[20.013s] -- Installing: /home/rosnoetic/vision_ws/rm_shaobing_vision/install/auto_aim_interfaces/include/auto_aim_interfaces/auto_aim_interfaces/msg/detail/tracker_info__traits.hpp
[20.013s] -- Installing: /home/rosnoetic/vision_ws/rm_shaobing_vision/install/auto_aim_interfaces/include/auto_aim_interfaces/auto_aim_interfaces/msg/detail/time_info__builder.hpp
[20.013s] -- Installing: /home/rosnoetic/vision_ws/rm_shaobing_vision/install/auto_aim_interfaces/include/auto_aim_interfaces/auto_aim_interfaces/msg/detail/target__struct.hpp
[20.014s] -- Installing: /home/rosnoetic/vision_ws/rm_shaobing_vision/install/auto_aim_interfaces/include/auto_aim_interfaces/auto_aim_interfaces/msg/detail/armors__builder.hpp
[20.014s] -- Installing: /home/rosnoetic/vision_ws/rm_shaobing_vision/install/auto_aim_interfaces/include/auto_aim_interfaces/auto_aim_interfaces/msg/detail/debug_lights__traits.hpp
[20.014s] -- Installing: /home/rosnoetic/vision_ws/rm_shaobing_vision/install/auto_aim_interfaces/include/auto_aim_interfaces/auto_aim_interfaces/msg/detail/time_info__traits.hpp
[20.014s] -- Installing: /home/rosnoetic/vision_ws/rm_shaobing_vision/install/auto_aim_interfaces/include/auto_aim_interfaces/auto_aim_interfaces/msg/detail/armors__struct.hpp
[20.015s] -- Installing: /home/rosnoetic/vision_ws/rm_shaobing_vision/install/auto_aim_interfaces/include/auto_aim_interfaces/auto_aim_interfaces/msg/detail/debug_lights__builder.hpp
[20.015s] -- Installing: /home/rosnoetic/vision_ws/rm_shaobing_vision/install/auto_aim_interfaces/include/auto_aim_interfaces/auto_aim_interfaces/msg/detail/debug_armor__traits.hpp
[20.015s] -- Installing: /home/rosnoetic/vision_ws/rm_shaobing_vision/install/auto_aim_interfaces/include/auto_aim_interfaces/auto_aim_interfaces/msg/detail/armors__traits.hpp
[20.015s] -- Installing: /home/rosnoetic/vision_ws/rm_shaobing_vision/install/auto_aim_interfaces/include/auto_aim_interfaces/auto_aim_interfaces/msg/detail/debug_armors__builder.hpp
[20.015s] -- Installing: /home/rosnoetic/vision_ws/rm_shaobing_vision/install/auto_aim_interfaces/include/auto_aim_interfaces/auto_aim_interfaces/msg/tracker_info.hpp
[20.015s] -- Up-to-date: /home/rosnoetic/vision_ws/rm_shaobing_vision/install/auto_aim_interfaces/include/auto_aim_interfaces/auto_aim_interfaces
[20.015s] -- Up-to-date: /home/rosnoetic/vision_ws/rm_shaobing_vision/install/auto_aim_interfaces/include/auto_aim_interfaces/auto_aim_interfaces/msg
[20.015s] -- Installing: /home/rosnoetic/vision_ws/rm_shaobing_vision/install/auto_aim_interfaces/include/auto_aim_interfaces/auto_aim_interfaces/msg/rosidl_typesupport_fastrtps_cpp__visibility_control.h
[20.016s] -- Up-to-date: /home/rosnoetic/vision_ws/rm_shaobing_vision/install/auto_aim_interfaces/include/auto_aim_interfaces/auto_aim_interfaces/msg/detail
[20.016s] -- Installing: /home/rosnoetic/vision_ws/rm_shaobing_vision/install/auto_aim_interfaces/include/auto_aim_interfaces/auto_aim_interfaces/msg/detail/armor__rosidl_typesupport_fastrtps_cpp.hpp
[20.016s] -- Installing: /home/rosnoetic/vision_ws/rm_shaobing_vision/install/auto_aim_interfaces/include/auto_aim_interfaces/auto_aim_interfaces/msg/detail/target__rosidl_typesupport_fastrtps_cpp.hpp
[20.016s] -- Installing: /home/rosnoetic/vision_ws/rm_shaobing_vision/install/auto_aim_interfaces/include/auto_aim_interfaces/auto_aim_interfaces/msg/detail/armors__rosidl_typesupport_fastrtps_cpp.hpp
[20.016s] -- Installing: /home/rosnoetic/vision_ws/rm_shaobing_vision/install/auto_aim_interfaces/include/auto_aim_interfaces/auto_aim_interfaces/msg/detail/debug_armors__rosidl_typesupport_fastrtps_cpp.hpp
[20.016s] -- Installing: /home/rosnoetic/vision_ws/rm_shaobing_vision/install/auto_aim_interfaces/include/auto_aim_interfaces/auto_aim_interfaces/msg/detail/debug_lights__rosidl_typesupport_fastrtps_cpp.hpp
[20.016s] -- Installing: /home/rosnoetic/vision_ws/rm_shaobing_vision/install/auto_aim_interfaces/include/auto_aim_interfaces/auto_aim_interfaces/msg/detail/debug_light__rosidl_typesupport_fastrtps_cpp.hpp
[20.016s] -- Installing: /home/rosnoetic/vision_ws/rm_shaobing_vision/install/auto_aim_interfaces/include/auto_aim_interfaces/auto_aim_interfaces/msg/detail/time_info__rosidl_typesupport_fastrtps_cpp.hpp
[20.016s] -- Installing: /home/rosnoetic/vision_ws/rm_shaobing_vision/install/auto_aim_interfaces/include/auto_aim_interfaces/auto_aim_interfaces/msg/detail/dds_fastrtps
[20.016s] -- Installing: /home/rosnoetic/vision_ws/rm_shaobing_vision/install/auto_aim_interfaces/include/auto_aim_interfaces/auto_aim_interfaces/msg/detail/tracker_info__rosidl_typesupport_fastrtps_cpp.hpp
[20.016s] -- Installing: /home/rosnoetic/vision_ws/rm_shaobing_vision/install/auto_aim_interfaces/include/auto_aim_interfaces/auto_aim_interfaces/msg/detail/debug_armor__rosidl_typesupport_fastrtps_cpp.hpp
[20.017s] -- Installing: /home/rosnoetic/vision_ws/rm_shaobing_vision/install/auto_aim_interfaces/lib/libauto_aim_interfaces__rosidl_typesupport_fastrtps_cpp.so
[20.019s] -- Set runtime path of "/home/rosnoetic/vision_ws/rm_shaobing_vision/install/auto_aim_interfaces/lib/libauto_aim_interfaces__rosidl_typesupport_fastrtps_cpp.so" to ""
[20.020s] -- Up-to-date: /home/rosnoetic/vision_ws/rm_shaobing_vision/install/auto_aim_interfaces/include/auto_aim_interfaces/auto_aim_interfaces
[20.020s] -- Up-to-date: /home/rosnoetic/vision_ws/rm_shaobing_vision/install/auto_aim_interfaces/include/auto_aim_interfaces/auto_aim_interfaces/msg
[20.021s] -- Up-to-date: /home/rosnoetic/vision_ws/rm_shaobing_vision/install/auto_aim_interfaces/include/auto_aim_interfaces/auto_aim_interfaces/msg/detail
[20.021s] -- Installing: /home/rosnoetic/vision_ws/rm_shaobing_vision/install/auto_aim_interfaces/include/auto_aim_interfaces/auto_aim_interfaces/msg/detail/armor__type_support.cpp
[20.021s] -- Installing: /home/rosnoetic/vision_ws/rm_shaobing_vision/install/auto_aim_interfaces/include/auto_aim_interfaces/auto_aim_interfaces/msg/detail/debug_armor__type_support.cpp
[20.021s] -- Installing: /home/rosnoetic/vision_ws/rm_shaobing_vision/install/auto_aim_interfaces/include/auto_aim_interfaces/auto_aim_interfaces/msg/detail/debug_armors__type_support.cpp
[20.022s] -- Installing: /home/rosnoetic/vision_ws/rm_shaobing_vision/install/auto_aim_interfaces/include/auto_aim_interfaces/auto_aim_interfaces/msg/detail/armors__rosidl_typesupport_introspection_cpp.hpp
[20.022s] -- Installing: /home/rosnoetic/vision_ws/rm_shaobing_vision/install/auto_aim_interfaces/include/auto_aim_interfaces/auto_aim_interfaces/msg/detail/armors__type_support.cpp
[20.022s] -- Installing: /home/rosnoetic/vision_ws/rm_shaobing_vision/install/auto_aim_interfaces/include/auto_aim_interfaces/auto_aim_interfaces/msg/detail/tracker_info__type_support.cpp
[20.022s] -- Installing: /home/rosnoetic/vision_ws/rm_shaobing_vision/install/auto_aim_interfaces/include/auto_aim_interfaces/auto_aim_interfaces/msg/detail/debug_lights__rosidl_typesupport_introspection_cpp.hpp
[20.023s] -- Installing: /home/rosnoetic/vision_ws/rm_shaobing_vision/install/auto_aim_interfaces/include/auto_aim_interfaces/auto_aim_interfaces/msg/detail/target__type_support.cpp
[20.023s] -- Installing: /home/rosnoetic/vision_ws/rm_shaobing_vision/install/auto_aim_interfaces/include/auto_aim_interfaces/auto_aim_interfaces/msg/detail/debug_light__rosidl_typesupport_introspection_cpp.hpp
[20.023s] -- Installing: /home/rosnoetic/vision_ws/rm_shaobing_vision/install/auto_aim_interfaces/include/auto_aim_interfaces/auto_aim_interfaces/msg/detail/tracker_info__rosidl_typesupport_introspection_cpp.hpp
[20.024s] -- Installing: /home/rosnoetic/vision_ws/rm_shaobing_vision/install/auto_aim_interfaces/include/auto_aim_interfaces/auto_aim_interfaces/msg/detail/debug_light__type_support.cpp
[20.024s] -- Installing: /home/rosnoetic/vision_ws/rm_shaobing_vision/install/auto_aim_interfaces/include/auto_aim_interfaces/auto_aim_interfaces/msg/detail/debug_lights__type_support.cpp
[20.024s] -- Installing: /home/rosnoetic/vision_ws/rm_shaobing_vision/install/auto_aim_interfaces/include/auto_aim_interfaces/auto_aim_interfaces/msg/detail/time_info__rosidl_typesupport_introspection_cpp.hpp
[20.025s] -- Installing: /home/rosnoetic/vision_ws/rm_shaobing_vision/install/auto_aim_interfaces/include/auto_aim_interfaces/auto_aim_interfaces/msg/detail/debug_armor__rosidl_typesupport_introspection_cpp.hpp
[20.025s] -- Installing: /home/rosnoetic/vision_ws/rm_shaobing_vision/install/auto_aim_interfaces/include/auto_aim_interfaces/auto_aim_interfaces/msg/detail/target__rosidl_typesupport_introspection_cpp.hpp
[20.025s] -- Installing: /home/rosnoetic/vision_ws/rm_shaobing_vision/install/auto_aim_interfaces/include/auto_aim_interfaces/auto_aim_interfaces/msg/detail/debug_armors__rosidl_typesupport_introspection_cpp.hpp
[20.025s] -- Installing: /home/rosnoetic/vision_ws/rm_shaobing_vision/install/auto_aim_interfaces/include/auto_aim_interfaces/auto_aim_interfaces/msg/detail/armor__rosidl_typesupport_introspection_cpp.hpp
[20.025s] -- Installing: /home/rosnoetic/vision_ws/rm_shaobing_vision/install/auto_aim_interfaces/include/auto_aim_interfaces/auto_aim_interfaces/msg/detail/time_info__type_support.cpp
[20.026s] -- Installing: /home/rosnoetic/vision_ws/rm_shaobing_vision/install/auto_aim_interfaces/lib/libauto_aim_interfaces__rosidl_typesupport_introspection_cpp.so
[20.026s] -- Set runtime path of "/home/rosnoetic/vision_ws/rm_shaobing_vision/install/auto_aim_interfaces/lib/libauto_aim_interfaces__rosidl_typesupport_introspection_cpp.so" to ""
[20.029s] -- Installing: /home/rosnoetic/vision_ws/rm_shaobing_vision/install/auto_aim_interfaces/lib/libauto_aim_interfaces__rosidl_typesupport_cpp.so
[20.030s] -- Set runtime path of "/home/rosnoetic/vision_ws/rm_shaobing_vision/install/auto_aim_interfaces/lib/libauto_aim_interfaces__rosidl_typesupport_cpp.so" to ""
[20.030s] -- Installing: /home/rosnoetic/vision_ws/rm_shaobing_vision/install/auto_aim_interfaces/share/auto_aim_interfaces/environment/pythonpath.sh
[20.030s] -- Installing: /home/rosnoetic/vision_ws/rm_shaobing_vision/install/auto_aim_interfaces/share/auto_aim_interfaces/environment/pythonpath.dsv
[20.031s] -- Up-to-date: /home/rosnoetic/vision_ws/rm_shaobing_vision/install/auto_aim_interfaces/local/lib/python3.10/dist-packages/auto_aim_interfaces-2.0.0-py3.10.egg-info
[20.031s] -- Installing: /home/rosnoetic/vision_ws/rm_shaobing_vision/install/auto_aim_interfaces/local/lib/python3.10/dist-packages/auto_aim_interfaces-2.0.0-py3.10.egg-info/top_level.txt
[20.032s] -- Installing: /home/rosnoetic/vision_ws/rm_shaobing_vision/install/auto_aim_interfaces/local/lib/python3.10/dist-packages/auto_aim_interfaces-2.0.0-py3.10.egg-info/dependency_links.txt
[20.032s] -- Installing: /home/rosnoetic/vision_ws/rm_shaobing_vision/install/auto_aim_interfaces/local/lib/python3.10/dist-packages/auto_aim_interfaces-2.0.0-py3.10.egg-info/PKG-INFO
[20.032s] -- Installing: /home/rosnoetic/vision_ws/rm_shaobing_vision/install/auto_aim_interfaces/local/lib/python3.10/dist-packages/auto_aim_interfaces-2.0.0-py3.10.egg-info/SOURCES.txt
[20.032s] -- Up-to-date: /home/rosnoetic/vision_ws/rm_shaobing_vision/install/auto_aim_interfaces/local/lib/python3.10/dist-packages/auto_aim_interfaces
[20.032s] -- Installing: /home/rosnoetic/vision_ws/rm_shaobing_vision/install/auto_aim_interfaces/local/lib/python3.10/dist-packages/auto_aim_interfaces/auto_aim_interfaces_s__rosidl_typesupport_c.cpython-310-x86_64-linux-gnu.so
[20.032s] -- Installing: /home/rosnoetic/vision_ws/rm_shaobing_vision/install/auto_aim_interfaces/local/lib/python3.10/dist-packages/auto_aim_interfaces/libauto_aim_interfaces__rosidl_generator_py.so
[20.033s] -- Installing: /home/rosnoetic/vision_ws/rm_shaobing_vision/install/auto_aim_interfaces/local/lib/python3.10/dist-packages/auto_aim_interfaces/_auto_aim_interfaces_s.ep.rosidl_typesupport_introspection_c.c
[20.033s] -- Installing: /home/rosnoetic/vision_ws/rm_shaobing_vision/install/auto_aim_interfaces/local/lib/python3.10/dist-packages/auto_aim_interfaces/__init__.py
[20.033s] -- Up-to-date: /home/rosnoetic/vision_ws/rm_shaobing_vision/install/auto_aim_interfaces/local/lib/python3.10/dist-packages/auto_aim_interfaces/msg
[20.033s] -- Installing: /home/rosnoetic/vision_ws/rm_shaobing_vision/install/auto_aim_interfaces/local/lib/python3.10/dist-packages/auto_aim_interfaces/msg/_target_s.c
[20.033s] -- Installing: /home/rosnoetic/vision_ws/rm_shaobing_vision/install/auto_aim_interfaces/local/lib/python3.10/dist-packages/auto_aim_interfaces/msg/_target.py
[20.035s] -- Installing: /home/rosnoetic/vision_ws/rm_shaobing_vision/install/auto_aim_interfaces/local/lib/python3.10/dist-packages/auto_aim_interfaces/msg/_armor.py
[20.035s] -- Installing: /home/rosnoetic/vision_ws/rm_shaobing_vision/install/auto_aim_interfaces/local/lib/python3.10/dist-packages/auto_aim_interfaces/msg/_debug_armor_s.c
[20.036s] -- Installing: /home/rosnoetic/vision_ws/rm_shaobing_vision/install/auto_aim_interfaces/local/lib/python3.10/dist-packages/auto_aim_interfaces/msg/_debug_lights.py
[20.036s] -- Installing: /home/rosnoetic/vision_ws/rm_shaobing_vision/install/auto_aim_interfaces/local/lib/python3.10/dist-packages/auto_aim_interfaces/msg/_armors_s.c
[20.037s] -- Installing: /home/rosnoetic/vision_ws/rm_shaobing_vision/install/auto_aim_interfaces/local/lib/python3.10/dist-packages/auto_aim_interfaces/msg/__init__.py
[20.037s] -- Installing: /home/rosnoetic/vision_ws/rm_shaobing_vision/install/auto_aim_interfaces/local/lib/python3.10/dist-packages/auto_aim_interfaces/msg/_armors.py
[20.037s] -- Installing: /home/rosnoetic/vision_ws/rm_shaobing_vision/install/auto_aim_interfaces/local/lib/python3.10/dist-packages/auto_aim_interfaces/msg/_time_info_s.c
[20.037s] -- Installing: /home/rosnoetic/vision_ws/rm_shaobing_vision/install/auto_aim_interfaces/local/lib/python3.10/dist-packages/auto_aim_interfaces/msg/_tracker_info.py
[20.037s] -- Installing: /home/rosnoetic/vision_ws/rm_shaobing_vision/install/auto_aim_interfaces/local/lib/python3.10/dist-packages/auto_aim_interfaces/msg/_debug_armors.py
[20.037s] -- Installing: /home/rosnoetic/vision_ws/rm_shaobing_vision/install/auto_aim_interfaces/local/lib/python3.10/dist-packages/auto_aim_interfaces/msg/_armor_s.c
[20.038s] -- Installing: /home/rosnoetic/vision_ws/rm_shaobing_vision/install/auto_aim_interfaces/local/lib/python3.10/dist-packages/auto_aim_interfaces/msg/_debug_armors_s.c
[20.038s] -- Installing: /home/rosnoetic/vision_ws/rm_shaobing_vision/install/auto_aim_interfaces/local/lib/python3.10/dist-packages/auto_aim_interfaces/msg/_tracker_info_s.c
[20.038s] -- Installing: /home/rosnoetic/vision_ws/rm_shaobing_vision/install/auto_aim_interfaces/local/lib/python3.10/dist-packages/auto_aim_interfaces/msg/_debug_light_s.c
[20.038s] -- Installing: /home/rosnoetic/vision_ws/rm_shaobing_vision/install/auto_aim_interfaces/local/lib/python3.10/dist-packages/auto_aim_interfaces/msg/_debug_lights_s.c
[20.039s] -- Installing: /home/rosnoetic/vision_ws/rm_shaobing_vision/install/auto_aim_interfaces/local/lib/python3.10/dist-packages/auto_aim_interfaces/msg/_time_info.py
[20.039s] -- Installing: /home/rosnoetic/vision_ws/rm_shaobing_vision/install/auto_aim_interfaces/local/lib/python3.10/dist-packages/auto_aim_interfaces/msg/_debug_armor.py
[20.039s] -- Installing: /home/rosnoetic/vision_ws/rm_shaobing_vision/install/auto_aim_interfaces/local/lib/python3.10/dist-packages/auto_aim_interfaces/msg/_debug_light.py
[20.039s] -- Installing: /home/rosnoetic/vision_ws/rm_shaobing_vision/install/auto_aim_interfaces/local/lib/python3.10/dist-packages/auto_aim_interfaces/_auto_aim_interfaces_s.ep.rosidl_typesupport_c.c
[20.039s] -- Installing: /home/rosnoetic/vision_ws/rm_shaobing_vision/install/auto_aim_interfaces/local/lib/python3.10/dist-packages/auto_aim_interfaces/_auto_aim_interfaces_s.ep.rosidl_typesupport_fastrtps_c.c
[20.039s] -- Installing: /home/rosnoetic/vision_ws/rm_shaobing_vision/install/auto_aim_interfaces/local/lib/python3.10/dist-packages/auto_aim_interfaces/auto_aim_interfaces_s__rosidl_typesupport_fastrtps_c.cpython-310-x86_64-linux-gnu.so
[20.039s] -- Installing: /home/rosnoetic/vision_ws/rm_shaobing_vision/install/auto_aim_interfaces/local/lib/python3.10/dist-packages/auto_aim_interfaces/auto_aim_interfaces_s__rosidl_typesupport_introspection_c.cpython-310-x86_64-linux-gnu.so
[20.114s] Listing '/home/rosnoetic/vision_ws/rm_shaobing_vision/install/auto_aim_interfaces/local/lib/python3.10/dist-packages/auto_aim_interfaces'...
[20.114s] Compiling '/home/rosnoetic/vision_ws/rm_shaobing_vision/install/auto_aim_interfaces/local/lib/python3.10/dist-packages/auto_aim_interfaces/__init__.py'...
[20.114s] Listing '/home/rosnoetic/vision_ws/rm_shaobing_vision/install/auto_aim_interfaces/local/lib/python3.10/dist-packages/auto_aim_interfaces/msg'...
[20.114s] Compiling '/home/rosnoetic/vision_ws/rm_shaobing_vision/install/auto_aim_interfaces/local/lib/python3.10/dist-packages/auto_aim_interfaces/msg/__init__.py'...
[20.114s] Compiling '/home/rosnoetic/vision_ws/rm_shaobing_vision/install/auto_aim_interfaces/local/lib/python3.10/dist-packages/auto_aim_interfaces/msg/_armor.py'...
[20.114s] Compiling '/home/rosnoetic/vision_ws/rm_shaobing_vision/install/auto_aim_interfaces/local/lib/python3.10/dist-packages/auto_aim_interfaces/msg/_armors.py'...
[20.115s] Compiling '/home/rosnoetic/vision_ws/rm_shaobing_vision/install/auto_aim_interfaces/local/lib/python3.10/dist-packages/auto_aim_interfaces/msg/_debug_armor.py'...
[20.115s] Compiling '/home/rosnoetic/vision_ws/rm_shaobing_vision/install/auto_aim_interfaces/local/lib/python3.10/dist-packages/auto_aim_interfaces/msg/_debug_armors.py'...
[20.115s] Compiling '/home/rosnoetic/vision_ws/rm_shaobing_vision/install/auto_aim_interfaces/local/lib/python3.10/dist-packages/auto_aim_interfaces/msg/_debug_light.py'...
[20.115s] Compiling '/home/rosnoetic/vision_ws/rm_shaobing_vision/install/auto_aim_interfaces/local/lib/python3.10/dist-packages/auto_aim_interfaces/msg/_debug_lights.py'...
[20.115s] Compiling '/home/rosnoetic/vision_ws/rm_shaobing_vision/install/auto_aim_interfaces/local/lib/python3.10/dist-packages/auto_aim_interfaces/msg/_target.py'...
[20.115s] Compiling '/home/rosnoetic/vision_ws/rm_shaobing_vision/install/auto_aim_interfaces/local/lib/python3.10/dist-packages/auto_aim_interfaces/msg/_time_info.py'...
[20.116s] Compiling '/home/rosnoetic/vision_ws/rm_shaobing_vision/install/auto_aim_interfaces/local/lib/python3.10/dist-packages/auto_aim_interfaces/msg/_tracker_info.py'...
[20.120s] -- Installing: /home/rosnoetic/vision_ws/rm_shaobing_vision/install/auto_aim_interfaces/local/lib/python3.10/dist-packages/auto_aim_interfaces/auto_aim_interfaces_s__rosidl_typesupport_fastrtps_c.cpython-310-x86_64-linux-gnu.so
[20.121s] -- Set runtime path of "/home/rosnoetic/vision_ws/rm_shaobing_vision/install/auto_aim_interfaces/local/lib/python3.10/dist-packages/auto_aim_interfaces/auto_aim_interfaces_s__rosidl_typesupport_fastrtps_c.cpython-310-x86_64-linux-gnu.so" to ""
[20.121s] -- Installing: /home/rosnoetic/vision_ws/rm_shaobing_vision/install/auto_aim_interfaces/local/lib/python3.10/dist-packages/auto_aim_interfaces/auto_aim_interfaces_s__rosidl_typesupport_introspection_c.cpython-310-x86_64-linux-gnu.so
[20.122s] -- Set runtime path of "/home/rosnoetic/vision_ws/rm_shaobing_vision/install/auto_aim_interfaces/local/lib/python3.10/dist-packages/auto_aim_interfaces/auto_aim_interfaces_s__rosidl_typesupport_introspection_c.cpython-310-x86_64-linux-gnu.so" to ""
[20.122s] -- Installing: /home/rosnoetic/vision_ws/rm_shaobing_vision/install/auto_aim_interfaces/local/lib/python3.10/dist-packages/auto_aim_interfaces/auto_aim_interfaces_s__rosidl_typesupport_c.cpython-310-x86_64-linux-gnu.so
[20.123s] -- Set runtime path of "/home/rosnoetic/vision_ws/rm_shaobing_vision/install/auto_aim_interfaces/local/lib/python3.10/dist-packages/auto_aim_interfaces/auto_aim_interfaces_s__rosidl_typesupport_c.cpython-310-x86_64-linux-gnu.so" to ""
[20.125s] -- Installing: /home/rosnoetic/vision_ws/rm_shaobing_vision/install/auto_aim_interfaces/lib/libauto_aim_interfaces__rosidl_generator_py.so
[20.125s] -- Set runtime path of "/home/rosnoetic/vision_ws/rm_shaobing_vision/install/auto_aim_interfaces/lib/libauto_aim_interfaces__rosidl_generator_py.so" to ""
[20.126s] -- Installing: /home/rosnoetic/vision_ws/rm_shaobing_vision/install/auto_aim_interfaces/share/auto_aim_interfaces/msg/Armor.idl
[20.126s] -- Installing: /home/rosnoetic/vision_ws/rm_shaobing_vision/install/auto_aim_interfaces/share/auto_aim_interfaces/msg/Armors.idl
[20.126s] -- Installing: /home/rosnoetic/vision_ws/rm_shaobing_vision/install/auto_aim_interfaces/share/auto_aim_interfaces/msg/Target.idl
[20.127s] -- Installing: /home/rosnoetic/vision_ws/rm_shaobing_vision/install/auto_aim_interfaces/share/auto_aim_interfaces/msg/DebugLight.idl
[20.127s] -- Installing: /home/rosnoetic/vision_ws/rm_shaobing_vision/install/auto_aim_interfaces/share/auto_aim_interfaces/msg/DebugLights.idl
[20.127s] -- Installing: /home/rosnoetic/vision_ws/rm_shaobing_vision/install/auto_aim_interfaces/share/auto_aim_interfaces/msg/DebugArmor.idl
[20.128s] -- Installing: /home/rosnoetic/vision_ws/rm_shaobing_vision/install/auto_aim_interfaces/share/auto_aim_interfaces/msg/DebugArmors.idl
[20.128s] -- Installing: /home/rosnoetic/vision_ws/rm_shaobing_vision/install/auto_aim_interfaces/share/auto_aim_interfaces/msg/TrackerInfo.idl
[20.129s] -- Installing: /home/rosnoetic/vision_ws/rm_shaobing_vision/install/auto_aim_interfaces/share/auto_aim_interfaces/msg/TimeInfo.idl
[20.129s] -- Installing: /home/rosnoetic/vision_ws/rm_shaobing_vision/install/auto_aim_interfaces/share/auto_aim_interfaces/msg/Armor.msg
[20.129s] -- Installing: /home/rosnoetic/vision_ws/rm_shaobing_vision/install/auto_aim_interfaces/share/auto_aim_interfaces/msg/Armors.msg
[20.130s] -- Installing: /home/rosnoetic/vision_ws/rm_shaobing_vision/install/auto_aim_interfaces/share/auto_aim_interfaces/msg/Target.msg
[20.130s] -- Installing: /home/rosnoetic/vision_ws/rm_shaobing_vision/install/auto_aim_interfaces/share/auto_aim_interfaces/msg/DebugLight.msg
[20.130s] -- Installing: /home/rosnoetic/vision_ws/rm_shaobing_vision/install/auto_aim_interfaces/share/auto_aim_interfaces/msg/DebugLights.msg
[20.130s] -- Installing: /home/rosnoetic/vision_ws/rm_shaobing_vision/install/auto_aim_interfaces/share/auto_aim_interfaces/msg/DebugArmor.msg
[20.131s] -- Installing: /home/rosnoetic/vision_ws/rm_shaobing_vision/install/auto_aim_interfaces/share/auto_aim_interfaces/msg/DebugArmors.msg
[20.131s] -- Installing: /home/rosnoetic/vision_ws/rm_shaobing_vision/install/auto_aim_interfaces/share/auto_aim_interfaces/msg/TrackerInfo.msg
[20.131s] -- Installing: /home/rosnoetic/vision_ws/rm_shaobing_vision/install/auto_aim_interfaces/share/auto_aim_interfaces/msg/TimeInfo.msg
[20.132s] -- Installing: /home/rosnoetic/vision_ws/rm_shaobing_vision/install/auto_aim_interfaces/share/ament_index/resource_index/package_run_dependencies/auto_aim_interfaces
[20.132s] -- Installing: /home/rosnoetic/vision_ws/rm_shaobing_vision/install/auto_aim_interfaces/share/ament_index/resource_index/parent_prefix_path/auto_aim_interfaces
[20.132s] -- Installing: /home/rosnoetic/vision_ws/rm_shaobing_vision/install/auto_aim_interfaces/share/auto_aim_interfaces/environment/ament_prefix_path.dsv
[20.132s] -- Installing: /home/rosnoetic/vision_ws/rm_shaobing_vision/install/auto_aim_interfaces/share/auto_aim_interfaces/environment/path.dsv
[20.133s] -- Installing: /home/rosnoetic/vision_ws/rm_shaobing_vision/install/auto_aim_interfaces/share/auto_aim_interfaces/local_setup.bash
[20.133s] -- Installing: /home/rosnoetic/vision_ws/rm_shaobing_vision/install/auto_aim_interfaces/share/auto_aim_interfaces/local_setup.sh
[20.133s] -- Installing: /home/rosnoetic/vision_ws/rm_shaobing_vision/install/auto_aim_interfaces/share/auto_aim_interfaces/local_setup.zsh
[20.133s] -- Installing: /home/rosnoetic/vision_ws/rm_shaobing_vision/install/auto_aim_interfaces/share/auto_aim_interfaces/local_setup.dsv
[20.134s] -- Installing: /home/rosnoetic/vision_ws/rm_shaobing_vision/install/auto_aim_interfaces/share/auto_aim_interfaces/package.dsv
[20.134s] -- Installing: /home/rosnoetic/vision_ws/rm_shaobing_vision/install/auto_aim_interfaces/share/ament_index/resource_index/packages/auto_aim_interfaces
[20.135s] -- Installing: /home/rosnoetic/vision_ws/rm_shaobing_vision/install/auto_aim_interfaces/share/auto_aim_interfaces/cmake/export_auto_aim_interfaces__rosidl_generator_cExport.cmake
[20.135s] -- Installing: /home/rosnoetic/vision_ws/rm_shaobing_vision/install/auto_aim_interfaces/share/auto_aim_interfaces/cmake/export_auto_aim_interfaces__rosidl_generator_cExport-noconfig.cmake
[20.135s] -- Installing: /home/rosnoetic/vision_ws/rm_shaobing_vision/install/auto_aim_interfaces/share/auto_aim_interfaces/cmake/export_auto_aim_interfaces__rosidl_typesupport_fastrtps_cExport.cmake
[20.136s] -- Installing: /home/rosnoetic/vision_ws/rm_shaobing_vision/install/auto_aim_interfaces/share/auto_aim_interfaces/cmake/export_auto_aim_interfaces__rosidl_typesupport_fastrtps_cExport-noconfig.cmake
[20.137s] -- Installing: /home/rosnoetic/vision_ws/rm_shaobing_vision/install/auto_aim_interfaces/share/auto_aim_interfaces/cmake/auto_aim_interfaces__rosidl_typesupport_introspection_cExport.cmake
[20.137s] -- Installing: /home/rosnoetic/vision_ws/rm_shaobing_vision/install/auto_aim_interfaces/share/auto_aim_interfaces/cmake/auto_aim_interfaces__rosidl_typesupport_introspection_cExport-noconfig.cmake
[20.138s] -- Installing: /home/rosnoetic/vision_ws/rm_shaobing_vision/install/auto_aim_interfaces/share/auto_aim_interfaces/cmake/auto_aim_interfaces__rosidl_typesupport_cExport.cmake
[20.139s] -- Installing: /home/rosnoetic/vision_ws/rm_shaobing_vision/install/auto_aim_interfaces/share/auto_aim_interfaces/cmake/auto_aim_interfaces__rosidl_typesupport_cExport-noconfig.cmake
[20.140s] -- Installing: /home/rosnoetic/vision_ws/rm_shaobing_vision/install/auto_aim_interfaces/share/auto_aim_interfaces/cmake/export_auto_aim_interfaces__rosidl_generator_cppExport.cmake
[20.141s] -- Installing: /home/rosnoetic/vision_ws/rm_shaobing_vision/install/auto_aim_interfaces/share/auto_aim_interfaces/cmake/export_auto_aim_interfaces__rosidl_typesupport_fastrtps_cppExport.cmake
[20.142s] -- Installing: /home/rosnoetic/vision_ws/rm_shaobing_vision/install/auto_aim_interfaces/share/auto_aim_interfaces/cmake/export_auto_aim_interfaces__rosidl_typesupport_fastrtps_cppExport-noconfig.cmake
[20.142s] -- Installing: /home/rosnoetic/vision_ws/rm_shaobing_vision/install/auto_aim_interfaces/share/auto_aim_interfaces/cmake/auto_aim_interfaces__rosidl_typesupport_introspection_cppExport.cmake
[20.143s] -- Installing: /home/rosnoetic/vision_ws/rm_shaobing_vision/install/auto_aim_interfaces/share/auto_aim_interfaces/cmake/auto_aim_interfaces__rosidl_typesupport_introspection_cppExport-noconfig.cmake
[20.144s] -- Installing: /home/rosnoetic/vision_ws/rm_shaobing_vision/install/auto_aim_interfaces/share/auto_aim_interfaces/cmake/auto_aim_interfaces__rosidl_typesupport_cppExport.cmake
[20.144s] -- Installing: /home/rosnoetic/vision_ws/rm_shaobing_vision/install/auto_aim_interfaces/share/auto_aim_interfaces/cmake/auto_aim_interfaces__rosidl_typesupport_cppExport-noconfig.cmake
[20.146s] -- Installing: /home/rosnoetic/vision_ws/rm_shaobing_vision/install/auto_aim_interfaces/share/auto_aim_interfaces/cmake/export_auto_aim_interfaces__rosidl_generator_pyExport.cmake
[20.146s] -- Installing: /home/rosnoetic/vision_ws/rm_shaobing_vision/install/auto_aim_interfaces/share/auto_aim_interfaces/cmake/export_auto_aim_interfaces__rosidl_generator_pyExport-noconfig.cmake
[20.147s] -- Installing: /home/rosnoetic/vision_ws/rm_shaobing_vision/install/auto_aim_interfaces/share/auto_aim_interfaces/cmake/rosidl_cmake-extras.cmake
[20.147s] -- Installing: /home/rosnoetic/vision_ws/rm_shaobing_vision/install/auto_aim_interfaces/share/auto_aim_interfaces/cmake/ament_cmake_export_dependencies-extras.cmake
[20.148s] -- Installing: /home/rosnoetic/vision_ws/rm_shaobing_vision/install/auto_aim_interfaces/share/auto_aim_interfaces/cmake/ament_cmake_export_include_directories-extras.cmake
[20.148s] -- Installing: /home/rosnoetic/vision_ws/rm_shaobing_vision/install/auto_aim_interfaces/share/auto_aim_interfaces/cmake/ament_cmake_export_libraries-extras.cmake
[20.148s] -- Installing: /home/rosnoetic/vision_ws/rm_shaobing_vision/install/auto_aim_interfaces/share/auto_aim_interfaces/cmake/ament_cmake_export_targets-extras.cmake
[20.148s] -- Installing: /home/rosnoetic/vision_ws/rm_shaobing_vision/install/auto_aim_interfaces/share/auto_aim_interfaces/cmake/rosidl_cmake_export_typesupport_targets-extras.cmake
[20.148s] -- Installing: /home/rosnoetic/vision_ws/rm_shaobing_vision/install/auto_aim_interfaces/share/auto_aim_interfaces/cmake/rosidl_cmake_export_typesupport_libraries-extras.cmake
[20.149s] -- Installing: /home/rosnoetic/vision_ws/rm_shaobing_vision/install/auto_aim_interfaces/share/auto_aim_interfaces/cmake/auto_aim_interfacesConfig.cmake
[20.149s] -- Installing: /home/rosnoetic/vision_ws/rm_shaobing_vision/install/auto_aim_interfaces/share/auto_aim_interfaces/cmake/auto_aim_interfacesConfig-version.cmake
[20.149s] -- Installing: /home/rosnoetic/vision_ws/rm_shaobing_vision/install/auto_aim_interfaces/share/auto_aim_interfaces/package.xml
[20.152s] Invoked command in '/home/rosnoetic/vision_ws/rm_shaobing_vision/build/auto_aim_interfaces' returned '0': CMAKE_PREFIX_PATH=${CMAKE_PREFIX_PATH}:/home/rosnoetic/ros_ws/install/rm_vision_bringup:/home/rosnoetic/ros_ws/install/rm_serial_driver:/home/rosnoetic/ros_ws/install/rm_gimbal_description:/home/rosnoetic/ros_ws/install/hik_camera:/home/rosnoetic/ros_ws/install/armor_tracker:/home/rosnoetic/ros_ws/install/armor_detector:/home/rosnoetic/ros_ws/install/auto_aim_interfaces:/opt/ros/humble /usr/bin/cmake --install /home/rosnoetic/vision_ws/rm_shaobing_vision/build/auto_aim_interfaces
