[0.013s] Invoking command in '/home/nuc/rm_vision_ws/build/rm_buff_bringup': AMENT_PREFIX_PATH=/home/nuc/rm_vision_ws/install/rm_serial_driver:/home/nuc/rm_vision_ws/install/buff_tracker:/home/nuc/rm_vision_ws/install/buff_detector:/home/nuc/rm_vision_ws/install/rm_gimbal_description:/home/nuc/rm_vision_ws/install/buff_interfaces:/home/nuc/rm_vision_ws/install/auto_aim_interfaces:${AMENT_PREFIX_PATH} CMAKE_PREFIX_PATH=/home/nuc/rm_vision_ws/install/rm_serial_driver:/home/nuc/rm_vision_ws/install/buff_tracker:/home/nuc/rm_vision_ws/install/buff_detector:/home/nuc/rm_vision_ws/install/rm_gimbal_description:/home/nuc/rm_vision_ws/install/buff_interfaces:/home/nuc/rm_vision_ws/install/auto_aim_interfaces:/opt/ros/humble LD_LIBRARY_PATH=/home/nuc/rm_vision_ws/install/rm_serial_driver/lib:/home/nuc/rm_vision_ws/install/buff_tracker/lib:/home/nuc/rm_vision_ws/install/buff_detector/lib:/home/nuc/rm_vision_ws/install/buff_interfaces/lib:/home/nuc/rm_vision_ws/install/auto_aim_interfaces/lib:/opt/MVS/lib/64:/opt/MVS/lib/32:/opt/MVS/lib/64:/opt/MVS/lib/32:/usr/lib/x86_64-linux-gnu/gazebo-11/plugins:/opt/ros/humble/opt/rviz_ogre_vendor/lib:/opt/ros/humble/lib/x86_64-linux-gnu:/opt/ros/humble/opt/openvdb_vendor/lib:/opt/ros/humble/lib:/opt/MVS/lib/64:/opt/MVS/lib/32 PYTHONPATH=/home/nuc/rm_vision_ws/install/buff_interfaces/local/lib/python3.10/dist-packages:/home/nuc/rm_vision_ws/install/auto_aim_interfaces/local/lib/python3.10/dist-packages:${PYTHONPATH} /usr/bin/cmake /home/nuc/rm_vision_ws/src/rm_buff/rm_buff_bringup -DAMENT_CMAKE_SYMLINK_INSTALL=1 -DCMAKE_INSTALL_PREFIX=/home/nuc/rm_vision_ws/install/rm_buff_bringup
[0.060s] -- The C compiler identification is GNU 11.4.0
[0.106s] -- The CXX compiler identification is GNU 11.4.0
[0.112s] -- Detecting C compiler ABI info
[0.171s] -- Detecting C compiler ABI info - done
[0.176s] -- Check for working C compiler: /usr/bin/cc - skipped
[0.176s] -- Detecting C compile features
[0.176s] -- Detecting C compile features - done
[0.178s] -- Detecting CXX compiler ABI info
[0.247s] -- Detecting CXX compiler ABI info - done
[0.253s] -- Check for working CXX compiler: /usr/bin/c++ - skipped
[0.254s] -- Detecting CXX compile features
[0.254s] -- Detecting CXX compile features - done
[0.255s] -- Found ament_cmake_auto: 1.3.10 (/opt/ros/humble/share/ament_cmake_auto/cmake)
[0.380s] -- Found Python3: /usr/bin/python3 (found version "3.10.12") found components: Interpreter 
[0.428s] -- Override CMake install command with custom implementation using symlinks instead of copying resources
[0.450s] -- Found ament_lint_auto: 0.12.11 (/opt/ros/humble/share/ament_lint_auto/cmake)
[0.511s] -- Added test 'flake8' to check Python code syntax and style conventions
[0.511s] -- Added test 'lint_cmake' to check CMake code style
[0.511s] -- Added test 'pep257' to check Python code against some of the docstring style conventions in PEP 257
[0.512s] -- Added test 'xmllint' to check XML markup files
[0.513s] -- Configuring done
[0.514s] -- Generating done
[0.515s] -- Build files have been written to: /home/nuc/rm_vision_ws/build/rm_buff_bringup
[0.519s] Invoked command in '/home/nuc/rm_vision_ws/build/rm_buff_bringup' returned '0': AMENT_PREFIX_PATH=/home/nuc/rm_vision_ws/install/rm_serial_driver:/home/nuc/rm_vision_ws/install/buff_tracker:/home/nuc/rm_vision_ws/install/buff_detector:/home/nuc/rm_vision_ws/install/rm_gimbal_description:/home/nuc/rm_vision_ws/install/buff_interfaces:/home/nuc/rm_vision_ws/install/auto_aim_interfaces:${AMENT_PREFIX_PATH} CMAKE_PREFIX_PATH=/home/nuc/rm_vision_ws/install/rm_serial_driver:/home/nuc/rm_vision_ws/install/buff_tracker:/home/nuc/rm_vision_ws/install/buff_detector:/home/nuc/rm_vision_ws/install/rm_gimbal_description:/home/nuc/rm_vision_ws/install/buff_interfaces:/home/nuc/rm_vision_ws/install/auto_aim_interfaces:/opt/ros/humble LD_LIBRARY_PATH=/home/nuc/rm_vision_ws/install/rm_serial_driver/lib:/home/nuc/rm_vision_ws/install/buff_tracker/lib:/home/nuc/rm_vision_ws/install/buff_detector/lib:/home/nuc/rm_vision_ws/install/buff_interfaces/lib:/home/nuc/rm_vision_ws/install/auto_aim_interfaces/lib:/opt/MVS/lib/64:/opt/MVS/lib/32:/opt/MVS/lib/64:/opt/MVS/lib/32:/usr/lib/x86_64-linux-gnu/gazebo-11/plugins:/opt/ros/humble/opt/rviz_ogre_vendor/lib:/opt/ros/humble/lib/x86_64-linux-gnu:/opt/ros/humble/opt/openvdb_vendor/lib:/opt/ros/humble/lib:/opt/MVS/lib/64:/opt/MVS/lib/32 PYTHONPATH=/home/nuc/rm_vision_ws/install/buff_interfaces/local/lib/python3.10/dist-packages:/home/nuc/rm_vision_ws/install/auto_aim_interfaces/local/lib/python3.10/dist-packages:${PYTHONPATH} /usr/bin/cmake /home/nuc/rm_vision_ws/src/rm_buff/rm_buff_bringup -DAMENT_CMAKE_SYMLINK_INSTALL=1 -DCMAKE_INSTALL_PREFIX=/home/nuc/rm_vision_ws/install/rm_buff_bringup
[0.521s] Invoking command in '/home/nuc/rm_vision_ws/build/rm_buff_bringup': AMENT_PREFIX_PATH=/home/nuc/rm_vision_ws/install/rm_serial_driver:/home/nuc/rm_vision_ws/install/buff_tracker:/home/nuc/rm_vision_ws/install/buff_detector:/home/nuc/rm_vision_ws/install/rm_gimbal_description:/home/nuc/rm_vision_ws/install/buff_interfaces:/home/nuc/rm_vision_ws/install/auto_aim_interfaces:${AMENT_PREFIX_PATH} CMAKE_PREFIX_PATH=/home/nuc/rm_vision_ws/install/rm_serial_driver:/home/nuc/rm_vision_ws/install/buff_tracker:/home/nuc/rm_vision_ws/install/buff_detector:/home/nuc/rm_vision_ws/install/rm_gimbal_description:/home/nuc/rm_vision_ws/install/buff_interfaces:/home/nuc/rm_vision_ws/install/auto_aim_interfaces:/opt/ros/humble LD_LIBRARY_PATH=/home/nuc/rm_vision_ws/install/rm_serial_driver/lib:/home/nuc/rm_vision_ws/install/buff_tracker/lib:/home/nuc/rm_vision_ws/install/buff_detector/lib:/home/nuc/rm_vision_ws/install/buff_interfaces/lib:/home/nuc/rm_vision_ws/install/auto_aim_interfaces/lib:/opt/MVS/lib/64:/opt/MVS/lib/32:/opt/MVS/lib/64:/opt/MVS/lib/32:/usr/lib/x86_64-linux-gnu/gazebo-11/plugins:/opt/ros/humble/opt/rviz_ogre_vendor/lib:/opt/ros/humble/lib/x86_64-linux-gnu:/opt/ros/humble/opt/openvdb_vendor/lib:/opt/ros/humble/lib:/opt/MVS/lib/64:/opt/MVS/lib/32 PYTHONPATH=/home/nuc/rm_vision_ws/install/buff_interfaces/local/lib/python3.10/dist-packages:/home/nuc/rm_vision_ws/install/auto_aim_interfaces/local/lib/python3.10/dist-packages:${PYTHONPATH} /usr/bin/cmake --build /home/nuc/rm_vision_ws/build/rm_buff_bringup -- -j16 -l16
[0.556s] Invoked command in '/home/nuc/rm_vision_ws/build/rm_buff_bringup' returned '0': AMENT_PREFIX_PATH=/home/nuc/rm_vision_ws/install/rm_serial_driver:/home/nuc/rm_vision_ws/install/buff_tracker:/home/nuc/rm_vision_ws/install/buff_detector:/home/nuc/rm_vision_ws/install/rm_gimbal_description:/home/nuc/rm_vision_ws/install/buff_interfaces:/home/nuc/rm_vision_ws/install/auto_aim_interfaces:${AMENT_PREFIX_PATH} CMAKE_PREFIX_PATH=/home/nuc/rm_vision_ws/install/rm_serial_driver:/home/nuc/rm_vision_ws/install/buff_tracker:/home/nuc/rm_vision_ws/install/buff_detector:/home/nuc/rm_vision_ws/install/rm_gimbal_description:/home/nuc/rm_vision_ws/install/buff_interfaces:/home/nuc/rm_vision_ws/install/auto_aim_interfaces:/opt/ros/humble LD_LIBRARY_PATH=/home/nuc/rm_vision_ws/install/rm_serial_driver/lib:/home/nuc/rm_vision_ws/install/buff_tracker/lib:/home/nuc/rm_vision_ws/install/buff_detector/lib:/home/nuc/rm_vision_ws/install/buff_interfaces/lib:/home/nuc/rm_vision_ws/install/auto_aim_interfaces/lib:/opt/MVS/lib/64:/opt/MVS/lib/32:/opt/MVS/lib/64:/opt/MVS/lib/32:/usr/lib/x86_64-linux-gnu/gazebo-11/plugins:/opt/ros/humble/opt/rviz_ogre_vendor/lib:/opt/ros/humble/lib/x86_64-linux-gnu:/opt/ros/humble/opt/openvdb_vendor/lib:/opt/ros/humble/lib:/opt/MVS/lib/64:/opt/MVS/lib/32 PYTHONPATH=/home/nuc/rm_vision_ws/install/buff_interfaces/local/lib/python3.10/dist-packages:/home/nuc/rm_vision_ws/install/auto_aim_interfaces/local/lib/python3.10/dist-packages:${PYTHONPATH} /usr/bin/cmake --build /home/nuc/rm_vision_ws/build/rm_buff_bringup -- -j16 -l16
[0.581s] Invoking command in '/home/nuc/rm_vision_ws/build/rm_buff_bringup': AMENT_PREFIX_PATH=/home/nuc/rm_vision_ws/install/rm_serial_driver:/home/nuc/rm_vision_ws/install/buff_tracker:/home/nuc/rm_vision_ws/install/buff_detector:/home/nuc/rm_vision_ws/install/rm_gimbal_description:/home/nuc/rm_vision_ws/install/buff_interfaces:/home/nuc/rm_vision_ws/install/auto_aim_interfaces:${AMENT_PREFIX_PATH} CMAKE_PREFIX_PATH=/home/nuc/rm_vision_ws/install/rm_serial_driver:/home/nuc/rm_vision_ws/install/buff_tracker:/home/nuc/rm_vision_ws/install/buff_detector:/home/nuc/rm_vision_ws/install/rm_gimbal_description:/home/nuc/rm_vision_ws/install/buff_interfaces:/home/nuc/rm_vision_ws/install/auto_aim_interfaces:/opt/ros/humble LD_LIBRARY_PATH=/home/nuc/rm_vision_ws/install/rm_serial_driver/lib:/home/nuc/rm_vision_ws/install/buff_tracker/lib:/home/nuc/rm_vision_ws/install/buff_detector/lib:/home/nuc/rm_vision_ws/install/buff_interfaces/lib:/home/nuc/rm_vision_ws/install/auto_aim_interfaces/lib:/opt/MVS/lib/64:/opt/MVS/lib/32:/opt/MVS/lib/64:/opt/MVS/lib/32:/usr/lib/x86_64-linux-gnu/gazebo-11/plugins:/opt/ros/humble/opt/rviz_ogre_vendor/lib:/opt/ros/humble/lib/x86_64-linux-gnu:/opt/ros/humble/opt/openvdb_vendor/lib:/opt/ros/humble/lib:/opt/MVS/lib/64:/opt/MVS/lib/32 PYTHONPATH=/home/nuc/rm_vision_ws/install/buff_interfaces/local/lib/python3.10/dist-packages:/home/nuc/rm_vision_ws/install/auto_aim_interfaces/local/lib/python3.10/dist-packages:${PYTHONPATH} /usr/bin/cmake --install /home/nuc/rm_vision_ws/build/rm_buff_bringup
[0.590s] -- Install configuration: ""
[0.591s] -- Execute custom install script
[0.591s] -- Symlinking: /home/nuc/rm_vision_ws/install/rm_buff_bringup/share/rm_buff_bringup/launch/rm_buff_bringup.launch.py
[0.605s] -- Symlinking: /home/nuc/rm_vision_ws/install/rm_buff_bringup/share/rm_buff_bringup/config/launch_params.yaml
[0.617s] -- Symlinking: /home/nuc/rm_vision_ws/install/rm_buff_bringup/share/ament_index/resource_index/package_run_dependencies/rm_buff_bringup
[0.631s] -- Symlinking: /home/nuc/rm_vision_ws/install/rm_buff_bringup/share/ament_index/resource_index/parent_prefix_path/rm_buff_bringup
[0.644s] -- Symlinking: /home/nuc/rm_vision_ws/install/rm_buff_bringup/share/rm_buff_bringup/environment/ament_prefix_path.sh
[0.657s] -- Symlinking: /home/nuc/rm_vision_ws/install/rm_buff_bringup/share/rm_buff_bringup/environment/ament_prefix_path.dsv
[0.672s] -- Symlinking: /home/nuc/rm_vision_ws/install/rm_buff_bringup/share/rm_buff_bringup/environment/path.sh
[0.687s] -- Symlinking: /home/nuc/rm_vision_ws/install/rm_buff_bringup/share/rm_buff_bringup/environment/path.dsv
[0.701s] -- Symlinking: /home/nuc/rm_vision_ws/install/rm_buff_bringup/share/rm_buff_bringup/local_setup.bash
[0.714s] -- Symlinking: /home/nuc/rm_vision_ws/install/rm_buff_bringup/share/rm_buff_bringup/local_setup.sh
[0.727s] -- Symlinking: /home/nuc/rm_vision_ws/install/rm_buff_bringup/share/rm_buff_bringup/local_setup.zsh
[0.739s] -- Symlinking: /home/nuc/rm_vision_ws/install/rm_buff_bringup/share/rm_buff_bringup/local_setup.dsv
[0.751s] -- Symlinking: /home/nuc/rm_vision_ws/install/rm_buff_bringup/share/rm_buff_bringup/package.dsv
[0.764s] -- Symlinking: /home/nuc/rm_vision_ws/install/rm_buff_bringup/share/ament_index/resource_index/packages/rm_buff_bringup
[0.777s] -- Symlinking: /home/nuc/rm_vision_ws/install/rm_buff_bringup/share/rm_buff_bringup/cmake/rm_buff_bringupConfig.cmake
[0.788s] -- Symlinking: /home/nuc/rm_vision_ws/install/rm_buff_bringup/share/rm_buff_bringup/cmake/rm_buff_bringupConfig-version.cmake
[0.800s] -- Symlinking: /home/nuc/rm_vision_ws/install/rm_buff_bringup/share/rm_buff_bringup/package.xml
[0.814s] Invoked command in '/home/nuc/rm_vision_ws/build/rm_buff_bringup' returned '0': AMENT_PREFIX_PATH=/home/nuc/rm_vision_ws/install/rm_serial_driver:/home/nuc/rm_vision_ws/install/buff_tracker:/home/nuc/rm_vision_ws/install/buff_detector:/home/nuc/rm_vision_ws/install/rm_gimbal_description:/home/nuc/rm_vision_ws/install/buff_interfaces:/home/nuc/rm_vision_ws/install/auto_aim_interfaces:${AMENT_PREFIX_PATH} CMAKE_PREFIX_PATH=/home/nuc/rm_vision_ws/install/rm_serial_driver:/home/nuc/rm_vision_ws/install/buff_tracker:/home/nuc/rm_vision_ws/install/buff_detector:/home/nuc/rm_vision_ws/install/rm_gimbal_description:/home/nuc/rm_vision_ws/install/buff_interfaces:/home/nuc/rm_vision_ws/install/auto_aim_interfaces:/opt/ros/humble LD_LIBRARY_PATH=/home/nuc/rm_vision_ws/install/rm_serial_driver/lib:/home/nuc/rm_vision_ws/install/buff_tracker/lib:/home/nuc/rm_vision_ws/install/buff_detector/lib:/home/nuc/rm_vision_ws/install/buff_interfaces/lib:/home/nuc/rm_vision_ws/install/auto_aim_interfaces/lib:/opt/MVS/lib/64:/opt/MVS/lib/32:/opt/MVS/lib/64:/opt/MVS/lib/32:/usr/lib/x86_64-linux-gnu/gazebo-11/plugins:/opt/ros/humble/opt/rviz_ogre_vendor/lib:/opt/ros/humble/lib/x86_64-linux-gnu:/opt/ros/humble/opt/openvdb_vendor/lib:/opt/ros/humble/lib:/opt/MVS/lib/64:/opt/MVS/lib/32 PYTHONPATH=/home/nuc/rm_vision_ws/install/buff_interfaces/local/lib/python3.10/dist-packages:/home/nuc/rm_vision_ws/install/auto_aim_interfaces/local/lib/python3.10/dist-packages:${PYTHONPATH} /usr/bin/cmake --install /home/nuc/rm_vision_ws/build/rm_buff_bringup
