[0.023s] Invoking command in '/home/nuc/rm_vision_ws/build/auto_aim_interfaces': CMAKE_PREFIX_PATH=${CMAKE_PREFIX_PATH}:/opt/ros/humble /usr/bin/cmake --build /home/nuc/rm_vision_ws/build/auto_aim_interfaces -- -j16 -l16
[0.105s] [  1%] Built target auto_aim_interfaces__cpp
[0.114s] [  1%] Built target ament_cmake_python_symlink_auto_aim_interfaces
[0.117s] [ 12%] Built target auto_aim_interfaces__rosidl_generator_c
[0.141s] [ 24%] Built target auto_aim_interfaces__rosidl_typesupport_introspection_cpp
[0.150s] [ 35%] Built target auto_aim_interfaces__rosidl_typesupport_fastrtps_cpp
[0.152s] [ 47%] Built target auto_aim_interfaces__rosidl_typesupport_cpp
[0.153s] [ 70%] Built target auto_aim_interfaces__rosidl_typesupport_c
[0.153s] [ 70%] Built target auto_aim_interfaces__rosidl_typesupport_fastrtps_c
[0.159s] [ 82%] Built target auto_aim_interfaces__rosidl_typesupport_introspection_c
[0.182s] [ 82%] Built target auto_aim_interfaces
[0.206s] [ 83%] Built target auto_aim_interfaces__py
[0.233s] [ 93%] Built target auto_aim_interfaces__rosidl_generator_py
[0.257s] [ 95%] Built target auto_aim_interfaces__rosidl_typesupport_fastrtps_c__pyext
[0.259s] [ 97%] Built target auto_aim_interfaces__rosidl_typesupport_c__pyext
[0.260s] [100%] Built target auto_aim_interfaces__rosidl_typesupport_introspection_c__pyext
[0.302s] running egg_info
[0.302s] writing auto_aim_interfaces.egg-info/PKG-INFO
[0.303s] writing dependency_links to auto_aim_interfaces.egg-info/dependency_links.txt
[0.303s] writing top-level names to auto_aim_interfaces.egg-info/top_level.txt
[0.305s] reading manifest file 'auto_aim_interfaces.egg-info/SOURCES.txt'
[0.305s] writing manifest file 'auto_aim_interfaces.egg-info/SOURCES.txt'
[0.328s] [100%] Built target ament_cmake_python_build_auto_aim_interfaces_egg
[0.338s] Invoked command in '/home/nuc/rm_vision_ws/build/auto_aim_interfaces' returned '0': CMAKE_PREFIX_PATH=${CMAKE_PREFIX_PATH}:/opt/ros/humble /usr/bin/cmake --build /home/nuc/rm_vision_ws/build/auto_aim_interfaces -- -j16 -l16
[0.613s] Invoking command in '/home/nuc/rm_vision_ws/build/auto_aim_interfaces': CMAKE_PREFIX_PATH=${CMAKE_PREFIX_PATH}:/opt/ros/humble /usr/bin/cmake --install /home/nuc/rm_vision_ws/build/auto_aim_interfaces
[0.621s] -- Install configuration: ""
[0.621s] -- Execute custom install script
[0.622s] -- Up-to-date symlink: /home/nuc/rm_vision_ws/install/auto_aim_interfaces/share/ament_index/resource_index/rosidl_interfaces/auto_aim_interfaces
[0.623s] -- Up-to-date symlink: /home/nuc/rm_vision_ws/install/auto_aim_interfaces/include/auto_aim_interfaces/auto_aim_interfaces/msg/armor.h
[0.623s] -- Up-to-date symlink: /home/nuc/rm_vision_ws/install/auto_aim_interfaces/include/auto_aim_interfaces/auto_aim_interfaces/msg/armors.h
[0.623s] -- Up-to-date symlink: /home/nuc/rm_vision_ws/install/auto_aim_interfaces/include/auto_aim_interfaces/auto_aim_interfaces/msg/debug_armor.h
[0.623s] -- Up-to-date symlink: /home/nuc/rm_vision_ws/install/auto_aim_interfaces/include/auto_aim_interfaces/auto_aim_interfaces/msg/debug_armors.h
[0.623s] -- Up-to-date symlink: /home/nuc/rm_vision_ws/install/auto_aim_interfaces/include/auto_aim_interfaces/auto_aim_interfaces/msg/debug_light.h
[0.623s] -- Up-to-date symlink: /home/nuc/rm_vision_ws/install/auto_aim_interfaces/include/auto_aim_interfaces/auto_aim_interfaces/msg/debug_lights.h
[0.623s] -- Up-to-date symlink: /home/nuc/rm_vision_ws/install/auto_aim_interfaces/include/auto_aim_interfaces/auto_aim_interfaces/msg/detail/armor__functions.h
[0.623s] -- Up-to-date symlink: /home/nuc/rm_vision_ws/install/auto_aim_interfaces/include/auto_aim_interfaces/auto_aim_interfaces/msg/detail/armor__struct.h
[0.624s] -- Up-to-date symlink: /home/nuc/rm_vision_ws/install/auto_aim_interfaces/include/auto_aim_interfaces/auto_aim_interfaces/msg/detail/armor__type_support.h
[0.624s] -- Up-to-date symlink: /home/nuc/rm_vision_ws/install/auto_aim_interfaces/include/auto_aim_interfaces/auto_aim_interfaces/msg/detail/armors__functions.h
[0.624s] -- Up-to-date symlink: /home/nuc/rm_vision_ws/install/auto_aim_interfaces/include/auto_aim_interfaces/auto_aim_interfaces/msg/detail/armors__struct.h
[0.624s] -- Up-to-date symlink: /home/nuc/rm_vision_ws/install/auto_aim_interfaces/include/auto_aim_interfaces/auto_aim_interfaces/msg/detail/armors__type_support.h
[0.624s] -- Up-to-date symlink: /home/nuc/rm_vision_ws/install/auto_aim_interfaces/include/auto_aim_interfaces/auto_aim_interfaces/msg/detail/debug_armor__functions.h
[0.624s] -- Up-to-date symlink: /home/nuc/rm_vision_ws/install/auto_aim_interfaces/include/auto_aim_interfaces/auto_aim_interfaces/msg/detail/debug_armor__struct.h
[0.624s] -- Up-to-date symlink: /home/nuc/rm_vision_ws/install/auto_aim_interfaces/include/auto_aim_interfaces/auto_aim_interfaces/msg/detail/debug_armor__type_support.h
[0.625s] -- Up-to-date symlink: /home/nuc/rm_vision_ws/install/auto_aim_interfaces/include/auto_aim_interfaces/auto_aim_interfaces/msg/detail/debug_armors__functions.h
[0.625s] -- Up-to-date symlink: /home/nuc/rm_vision_ws/install/auto_aim_interfaces/include/auto_aim_interfaces/auto_aim_interfaces/msg/detail/debug_armors__struct.h
[0.625s] -- Up-to-date symlink: /home/nuc/rm_vision_ws/install/auto_aim_interfaces/include/auto_aim_interfaces/auto_aim_interfaces/msg/detail/debug_armors__type_support.h
[0.625s] -- Up-to-date symlink: /home/nuc/rm_vision_ws/install/auto_aim_interfaces/include/auto_aim_interfaces/auto_aim_interfaces/msg/detail/debug_light__functions.h
[0.625s] -- Up-to-date symlink: /home/nuc/rm_vision_ws/install/auto_aim_interfaces/include/auto_aim_interfaces/auto_aim_interfaces/msg/detail/debug_light__struct.h
[0.625s] -- Up-to-date symlink: /home/nuc/rm_vision_ws/install/auto_aim_interfaces/include/auto_aim_interfaces/auto_aim_interfaces/msg/detail/debug_light__type_support.h
[0.625s] -- Up-to-date symlink: /home/nuc/rm_vision_ws/install/auto_aim_interfaces/include/auto_aim_interfaces/auto_aim_interfaces/msg/detail/debug_lights__functions.h
[0.626s] -- Up-to-date symlink: /home/nuc/rm_vision_ws/install/auto_aim_interfaces/include/auto_aim_interfaces/auto_aim_interfaces/msg/detail/debug_lights__struct.h
[0.626s] -- Up-to-date symlink: /home/nuc/rm_vision_ws/install/auto_aim_interfaces/include/auto_aim_interfaces/auto_aim_interfaces/msg/detail/debug_lights__type_support.h
[0.626s] -- Up-to-date symlink: /home/nuc/rm_vision_ws/install/auto_aim_interfaces/include/auto_aim_interfaces/auto_aim_interfaces/msg/detail/target__functions.h
[0.626s] -- Up-to-date symlink: /home/nuc/rm_vision_ws/install/auto_aim_interfaces/include/auto_aim_interfaces/auto_aim_interfaces/msg/detail/target__struct.h
[0.626s] -- Up-to-date symlink: /home/nuc/rm_vision_ws/install/auto_aim_interfaces/include/auto_aim_interfaces/auto_aim_interfaces/msg/detail/target__type_support.h
[0.626s] -- Up-to-date symlink: /home/nuc/rm_vision_ws/install/auto_aim_interfaces/include/auto_aim_interfaces/auto_aim_interfaces/msg/detail/time_info__functions.h
[0.626s] -- Up-to-date symlink: /home/nuc/rm_vision_ws/install/auto_aim_interfaces/include/auto_aim_interfaces/auto_aim_interfaces/msg/detail/time_info__struct.h
[0.626s] -- Up-to-date symlink: /home/nuc/rm_vision_ws/install/auto_aim_interfaces/include/auto_aim_interfaces/auto_aim_interfaces/msg/detail/time_info__type_support.h
[0.627s] -- Up-to-date symlink: /home/nuc/rm_vision_ws/install/auto_aim_interfaces/include/auto_aim_interfaces/auto_aim_interfaces/msg/detail/tracker_info__functions.h
[0.627s] -- Up-to-date symlink: /home/nuc/rm_vision_ws/install/auto_aim_interfaces/include/auto_aim_interfaces/auto_aim_interfaces/msg/detail/tracker_info__struct.h
[0.627s] -- Up-to-date symlink: /home/nuc/rm_vision_ws/install/auto_aim_interfaces/include/auto_aim_interfaces/auto_aim_interfaces/msg/detail/tracker_info__type_support.h
[0.627s] -- Up-to-date symlink: /home/nuc/rm_vision_ws/install/auto_aim_interfaces/include/auto_aim_interfaces/auto_aim_interfaces/msg/rosidl_generator_c__visibility_control.h
[0.627s] -- Up-to-date symlink: /home/nuc/rm_vision_ws/install/auto_aim_interfaces/include/auto_aim_interfaces/auto_aim_interfaces/msg/target.h
[0.627s] -- Up-to-date symlink: /home/nuc/rm_vision_ws/install/auto_aim_interfaces/include/auto_aim_interfaces/auto_aim_interfaces/msg/time_info.h
[0.628s] -- Up-to-date symlink: /home/nuc/rm_vision_ws/install/auto_aim_interfaces/include/auto_aim_interfaces/auto_aim_interfaces/msg/tracker_info.h
[0.628s] -- Up-to-date symlink: /home/nuc/rm_vision_ws/install/auto_aim_interfaces/share/auto_aim_interfaces/environment/library_path.sh
[0.628s] -- Up-to-date symlink: /home/nuc/rm_vision_ws/install/auto_aim_interfaces/share/auto_aim_interfaces/environment/library_path.dsv
[0.628s] -- Up-to-date symlink: /home/nuc/rm_vision_ws/install/auto_aim_interfaces/include/auto_aim_interfaces/auto_aim_interfaces/msg/detail/armor__rosidl_typesupport_fastrtps_c.h
[0.628s] -- Up-to-date symlink: /home/nuc/rm_vision_ws/install/auto_aim_interfaces/include/auto_aim_interfaces/auto_aim_interfaces/msg/detail/armors__rosidl_typesupport_fastrtps_c.h
[0.629s] -- Up-to-date symlink: /home/nuc/rm_vision_ws/install/auto_aim_interfaces/include/auto_aim_interfaces/auto_aim_interfaces/msg/detail/debug_armor__rosidl_typesupport_fastrtps_c.h
[0.629s] -- Up-to-date symlink: /home/nuc/rm_vision_ws/install/auto_aim_interfaces/include/auto_aim_interfaces/auto_aim_interfaces/msg/detail/debug_armors__rosidl_typesupport_fastrtps_c.h
[0.629s] -- Up-to-date symlink: /home/nuc/rm_vision_ws/install/auto_aim_interfaces/include/auto_aim_interfaces/auto_aim_interfaces/msg/detail/debug_light__rosidl_typesupport_fastrtps_c.h
[0.629s] -- Up-to-date symlink: /home/nuc/rm_vision_ws/install/auto_aim_interfaces/include/auto_aim_interfaces/auto_aim_interfaces/msg/detail/debug_lights__rosidl_typesupport_fastrtps_c.h
[0.629s] -- Up-to-date symlink: /home/nuc/rm_vision_ws/install/auto_aim_interfaces/include/auto_aim_interfaces/auto_aim_interfaces/msg/detail/target__rosidl_typesupport_fastrtps_c.h
[0.629s] -- Up-to-date symlink: /home/nuc/rm_vision_ws/install/auto_aim_interfaces/include/auto_aim_interfaces/auto_aim_interfaces/msg/detail/time_info__rosidl_typesupport_fastrtps_c.h
[0.629s] -- Up-to-date symlink: /home/nuc/rm_vision_ws/install/auto_aim_interfaces/include/auto_aim_interfaces/auto_aim_interfaces/msg/detail/tracker_info__rosidl_typesupport_fastrtps_c.h
[0.629s] -- Up-to-date symlink: /home/nuc/rm_vision_ws/install/auto_aim_interfaces/include/auto_aim_interfaces/auto_aim_interfaces/msg/rosidl_typesupport_fastrtps_c__visibility_control.h
[0.630s] -- Up-to-date symlink: /home/nuc/rm_vision_ws/install/auto_aim_interfaces/include/auto_aim_interfaces/auto_aim_interfaces/msg/detail/armor__rosidl_typesupport_introspection_c.h
[0.630s] -- Up-to-date symlink: /home/nuc/rm_vision_ws/install/auto_aim_interfaces/include/auto_aim_interfaces/auto_aim_interfaces/msg/detail/armors__rosidl_typesupport_introspection_c.h
[0.630s] -- Up-to-date symlink: /home/nuc/rm_vision_ws/install/auto_aim_interfaces/include/auto_aim_interfaces/auto_aim_interfaces/msg/detail/debug_armor__rosidl_typesupport_introspection_c.h
[0.630s] -- Up-to-date symlink: /home/nuc/rm_vision_ws/install/auto_aim_interfaces/include/auto_aim_interfaces/auto_aim_interfaces/msg/detail/debug_armors__rosidl_typesupport_introspection_c.h
[0.630s] -- Up-to-date symlink: /home/nuc/rm_vision_ws/install/auto_aim_interfaces/include/auto_aim_interfaces/auto_aim_interfaces/msg/detail/debug_light__rosidl_typesupport_introspection_c.h
[0.630s] -- Up-to-date symlink: /home/nuc/rm_vision_ws/install/auto_aim_interfaces/include/auto_aim_interfaces/auto_aim_interfaces/msg/detail/debug_lights__rosidl_typesupport_introspection_c.h
[0.631s] -- Up-to-date symlink: /home/nuc/rm_vision_ws/install/auto_aim_interfaces/include/auto_aim_interfaces/auto_aim_interfaces/msg/detail/target__rosidl_typesupport_introspection_c.h
[0.631s] -- Up-to-date symlink: /home/nuc/rm_vision_ws/install/auto_aim_interfaces/include/auto_aim_interfaces/auto_aim_interfaces/msg/detail/time_info__rosidl_typesupport_introspection_c.h
[0.631s] -- Up-to-date symlink: /home/nuc/rm_vision_ws/install/auto_aim_interfaces/include/auto_aim_interfaces/auto_aim_interfaces/msg/detail/tracker_info__rosidl_typesupport_introspection_c.h
[0.631s] -- Up-to-date symlink: /home/nuc/rm_vision_ws/install/auto_aim_interfaces/include/auto_aim_interfaces/auto_aim_interfaces/msg/rosidl_typesupport_introspection_c__visibility_control.h
[0.631s] -- Up-to-date symlink: /home/nuc/rm_vision_ws/install/auto_aim_interfaces/include/auto_aim_interfaces/auto_aim_interfaces/msg/armor.hpp
[0.632s] -- Up-to-date symlink: /home/nuc/rm_vision_ws/install/auto_aim_interfaces/include/auto_aim_interfaces/auto_aim_interfaces/msg/armors.hpp
[0.632s] -- Up-to-date symlink: /home/nuc/rm_vision_ws/install/auto_aim_interfaces/include/auto_aim_interfaces/auto_aim_interfaces/msg/debug_armor.hpp
[0.632s] -- Up-to-date symlink: /home/nuc/rm_vision_ws/install/auto_aim_interfaces/include/auto_aim_interfaces/auto_aim_interfaces/msg/debug_armors.hpp
[0.632s] -- Up-to-date symlink: /home/nuc/rm_vision_ws/install/auto_aim_interfaces/include/auto_aim_interfaces/auto_aim_interfaces/msg/debug_light.hpp
[0.632s] -- Up-to-date symlink: /home/nuc/rm_vision_ws/install/auto_aim_interfaces/include/auto_aim_interfaces/auto_aim_interfaces/msg/debug_lights.hpp
[0.632s] -- Up-to-date symlink: /home/nuc/rm_vision_ws/install/auto_aim_interfaces/include/auto_aim_interfaces/auto_aim_interfaces/msg/detail/armor__builder.hpp
[0.632s] -- Up-to-date symlink: /home/nuc/rm_vision_ws/install/auto_aim_interfaces/include/auto_aim_interfaces/auto_aim_interfaces/msg/detail/armor__struct.hpp
[0.633s] -- Up-to-date symlink: /home/nuc/rm_vision_ws/install/auto_aim_interfaces/include/auto_aim_interfaces/auto_aim_interfaces/msg/detail/armor__traits.hpp
[0.633s] -- Up-to-date symlink: /home/nuc/rm_vision_ws/install/auto_aim_interfaces/include/auto_aim_interfaces/auto_aim_interfaces/msg/detail/armors__builder.hpp
[0.633s] -- Up-to-date symlink: /home/nuc/rm_vision_ws/install/auto_aim_interfaces/include/auto_aim_interfaces/auto_aim_interfaces/msg/detail/armors__struct.hpp
[0.633s] -- Up-to-date symlink: /home/nuc/rm_vision_ws/install/auto_aim_interfaces/include/auto_aim_interfaces/auto_aim_interfaces/msg/detail/armors__traits.hpp
[0.633s] -- Up-to-date symlink: /home/nuc/rm_vision_ws/install/auto_aim_interfaces/include/auto_aim_interfaces/auto_aim_interfaces/msg/detail/debug_armor__builder.hpp
[0.633s] -- Up-to-date symlink: /home/nuc/rm_vision_ws/install/auto_aim_interfaces/include/auto_aim_interfaces/auto_aim_interfaces/msg/detail/debug_armor__struct.hpp
[0.633s] -- Up-to-date symlink: /home/nuc/rm_vision_ws/install/auto_aim_interfaces/include/auto_aim_interfaces/auto_aim_interfaces/msg/detail/debug_armor__traits.hpp
[0.634s] -- Up-to-date symlink: /home/nuc/rm_vision_ws/install/auto_aim_interfaces/include/auto_aim_interfaces/auto_aim_interfaces/msg/detail/debug_armors__builder.hpp
[0.634s] -- Up-to-date symlink: /home/nuc/rm_vision_ws/install/auto_aim_interfaces/include/auto_aim_interfaces/auto_aim_interfaces/msg/detail/debug_armors__struct.hpp
[0.634s] -- Up-to-date symlink: /home/nuc/rm_vision_ws/install/auto_aim_interfaces/include/auto_aim_interfaces/auto_aim_interfaces/msg/detail/debug_armors__traits.hpp
[0.634s] -- Up-to-date symlink: /home/nuc/rm_vision_ws/install/auto_aim_interfaces/include/auto_aim_interfaces/auto_aim_interfaces/msg/detail/debug_light__builder.hpp
[0.634s] -- Up-to-date symlink: /home/nuc/rm_vision_ws/install/auto_aim_interfaces/include/auto_aim_interfaces/auto_aim_interfaces/msg/detail/debug_light__struct.hpp
[0.634s] -- Up-to-date symlink: /home/nuc/rm_vision_ws/install/auto_aim_interfaces/include/auto_aim_interfaces/auto_aim_interfaces/msg/detail/debug_light__traits.hpp
[0.634s] -- Up-to-date symlink: /home/nuc/rm_vision_ws/install/auto_aim_interfaces/include/auto_aim_interfaces/auto_aim_interfaces/msg/detail/debug_lights__builder.hpp
[0.634s] -- Up-to-date symlink: /home/nuc/rm_vision_ws/install/auto_aim_interfaces/include/auto_aim_interfaces/auto_aim_interfaces/msg/detail/debug_lights__struct.hpp
[0.635s] -- Up-to-date symlink: /home/nuc/rm_vision_ws/install/auto_aim_interfaces/include/auto_aim_interfaces/auto_aim_interfaces/msg/detail/debug_lights__traits.hpp
[0.635s] -- Up-to-date symlink: /home/nuc/rm_vision_ws/install/auto_aim_interfaces/include/auto_aim_interfaces/auto_aim_interfaces/msg/detail/target__builder.hpp
[0.635s] -- Up-to-date symlink: /home/nuc/rm_vision_ws/install/auto_aim_interfaces/include/auto_aim_interfaces/auto_aim_interfaces/msg/detail/target__struct.hpp
[0.635s] -- Up-to-date symlink: /home/nuc/rm_vision_ws/install/auto_aim_interfaces/include/auto_aim_interfaces/auto_aim_interfaces/msg/detail/target__traits.hpp
[0.635s] -- Up-to-date symlink: /home/nuc/rm_vision_ws/install/auto_aim_interfaces/include/auto_aim_interfaces/auto_aim_interfaces/msg/detail/time_info__builder.hpp
[0.635s] -- Up-to-date symlink: /home/nuc/rm_vision_ws/install/auto_aim_interfaces/include/auto_aim_interfaces/auto_aim_interfaces/msg/detail/time_info__struct.hpp
[0.635s] -- Up-to-date symlink: /home/nuc/rm_vision_ws/install/auto_aim_interfaces/include/auto_aim_interfaces/auto_aim_interfaces/msg/detail/time_info__traits.hpp
[0.636s] -- Up-to-date symlink: /home/nuc/rm_vision_ws/install/auto_aim_interfaces/include/auto_aim_interfaces/auto_aim_interfaces/msg/detail/tracker_info__builder.hpp
[0.636s] -- Up-to-date symlink: /home/nuc/rm_vision_ws/install/auto_aim_interfaces/include/auto_aim_interfaces/auto_aim_interfaces/msg/detail/tracker_info__struct.hpp
[0.636s] -- Up-to-date symlink: /home/nuc/rm_vision_ws/install/auto_aim_interfaces/include/auto_aim_interfaces/auto_aim_interfaces/msg/detail/tracker_info__traits.hpp
[0.636s] -- Up-to-date symlink: /home/nuc/rm_vision_ws/install/auto_aim_interfaces/include/auto_aim_interfaces/auto_aim_interfaces/msg/target.hpp
[0.636s] -- Up-to-date symlink: /home/nuc/rm_vision_ws/install/auto_aim_interfaces/include/auto_aim_interfaces/auto_aim_interfaces/msg/time_info.hpp
[0.637s] -- Up-to-date symlink: /home/nuc/rm_vision_ws/install/auto_aim_interfaces/include/auto_aim_interfaces/auto_aim_interfaces/msg/tracker_info.hpp
[0.637s] -- Up-to-date symlink: /home/nuc/rm_vision_ws/install/auto_aim_interfaces/include/auto_aim_interfaces/auto_aim_interfaces/msg/detail/armor__rosidl_typesupport_fastrtps_cpp.hpp
[0.637s] -- Up-to-date symlink: /home/nuc/rm_vision_ws/install/auto_aim_interfaces/include/auto_aim_interfaces/auto_aim_interfaces/msg/detail/armors__rosidl_typesupport_fastrtps_cpp.hpp
[0.637s] -- Up-to-date symlink: /home/nuc/rm_vision_ws/install/auto_aim_interfaces/include/auto_aim_interfaces/auto_aim_interfaces/msg/detail/debug_armor__rosidl_typesupport_fastrtps_cpp.hpp
[0.637s] -- Up-to-date symlink: /home/nuc/rm_vision_ws/install/auto_aim_interfaces/include/auto_aim_interfaces/auto_aim_interfaces/msg/detail/debug_armors__rosidl_typesupport_fastrtps_cpp.hpp
[0.637s] -- Up-to-date symlink: /home/nuc/rm_vision_ws/install/auto_aim_interfaces/include/auto_aim_interfaces/auto_aim_interfaces/msg/detail/debug_light__rosidl_typesupport_fastrtps_cpp.hpp
[0.637s] -- Up-to-date symlink: /home/nuc/rm_vision_ws/install/auto_aim_interfaces/include/auto_aim_interfaces/auto_aim_interfaces/msg/detail/debug_lights__rosidl_typesupport_fastrtps_cpp.hpp
[0.637s] -- Up-to-date symlink: /home/nuc/rm_vision_ws/install/auto_aim_interfaces/include/auto_aim_interfaces/auto_aim_interfaces/msg/detail/target__rosidl_typesupport_fastrtps_cpp.hpp
[0.638s] -- Up-to-date symlink: /home/nuc/rm_vision_ws/install/auto_aim_interfaces/include/auto_aim_interfaces/auto_aim_interfaces/msg/detail/time_info__rosidl_typesupport_fastrtps_cpp.hpp
[0.638s] -- Up-to-date symlink: /home/nuc/rm_vision_ws/install/auto_aim_interfaces/include/auto_aim_interfaces/auto_aim_interfaces/msg/detail/tracker_info__rosidl_typesupport_fastrtps_cpp.hpp
[0.638s] -- Up-to-date symlink: /home/nuc/rm_vision_ws/install/auto_aim_interfaces/include/auto_aim_interfaces/auto_aim_interfaces/msg/rosidl_typesupport_fastrtps_cpp__visibility_control.h
[0.638s] -- Up-to-date symlink: /home/nuc/rm_vision_ws/install/auto_aim_interfaces/include/auto_aim_interfaces/auto_aim_interfaces/msg/detail/armor__rosidl_typesupport_introspection_cpp.hpp
[0.639s] -- Up-to-date symlink: /home/nuc/rm_vision_ws/install/auto_aim_interfaces/include/auto_aim_interfaces/auto_aim_interfaces/msg/detail/armors__rosidl_typesupport_introspection_cpp.hpp
[0.639s] -- Up-to-date symlink: /home/nuc/rm_vision_ws/install/auto_aim_interfaces/include/auto_aim_interfaces/auto_aim_interfaces/msg/detail/debug_armor__rosidl_typesupport_introspection_cpp.hpp
[0.639s] -- Up-to-date symlink: /home/nuc/rm_vision_ws/install/auto_aim_interfaces/include/auto_aim_interfaces/auto_aim_interfaces/msg/detail/debug_armors__rosidl_typesupport_introspection_cpp.hpp
[0.639s] -- Up-to-date symlink: /home/nuc/rm_vision_ws/install/auto_aim_interfaces/include/auto_aim_interfaces/auto_aim_interfaces/msg/detail/debug_light__rosidl_typesupport_introspection_cpp.hpp
[0.639s] -- Up-to-date symlink: /home/nuc/rm_vision_ws/install/auto_aim_interfaces/include/auto_aim_interfaces/auto_aim_interfaces/msg/detail/debug_lights__rosidl_typesupport_introspection_cpp.hpp
[0.640s] -- Up-to-date symlink: /home/nuc/rm_vision_ws/install/auto_aim_interfaces/include/auto_aim_interfaces/auto_aim_interfaces/msg/detail/target__rosidl_typesupport_introspection_cpp.hpp
[0.640s] -- Up-to-date symlink: /home/nuc/rm_vision_ws/install/auto_aim_interfaces/include/auto_aim_interfaces/auto_aim_interfaces/msg/detail/time_info__rosidl_typesupport_introspection_cpp.hpp
[0.640s] -- Up-to-date symlink: /home/nuc/rm_vision_ws/install/auto_aim_interfaces/include/auto_aim_interfaces/auto_aim_interfaces/msg/detail/tracker_info__rosidl_typesupport_introspection_cpp.hpp
[0.640s] -- Up-to-date symlink: /home/nuc/rm_vision_ws/install/auto_aim_interfaces/share/auto_aim_interfaces/environment/pythonpath.sh
[0.640s] -- Up-to-date symlink: /home/nuc/rm_vision_ws/install/auto_aim_interfaces/share/auto_aim_interfaces/environment/pythonpath.dsv
[0.640s] -- Up-to-date symlink: /home/nuc/rm_vision_ws/install/auto_aim_interfaces/local/lib/python3.10/dist-packages/auto_aim_interfaces-2.0.0-py3.10.egg-info/PKG-INFO
[0.640s] -- Up-to-date symlink: /home/nuc/rm_vision_ws/install/auto_aim_interfaces/local/lib/python3.10/dist-packages/auto_aim_interfaces-2.0.0-py3.10.egg-info/SOURCES.txt
[0.640s] -- Up-to-date symlink: /home/nuc/rm_vision_ws/install/auto_aim_interfaces/local/lib/python3.10/dist-packages/auto_aim_interfaces-2.0.0-py3.10.egg-info/dependency_links.txt
[0.640s] -- Up-to-date symlink: /home/nuc/rm_vision_ws/install/auto_aim_interfaces/local/lib/python3.10/dist-packages/auto_aim_interfaces-2.0.0-py3.10.egg-info/top_level.txt
[0.641s] -- Up-to-date symlink: /home/nuc/rm_vision_ws/install/auto_aim_interfaces/local/lib/python3.10/dist-packages/auto_aim_interfaces/__init__.py
[0.641s] -- Up-to-date symlink: /home/nuc/rm_vision_ws/install/auto_aim_interfaces/local/lib/python3.10/dist-packages/auto_aim_interfaces/_auto_aim_interfaces_s.ep.rosidl_typesupport_c.c
[0.641s] -- Up-to-date symlink: /home/nuc/rm_vision_ws/install/auto_aim_interfaces/local/lib/python3.10/dist-packages/auto_aim_interfaces/_auto_aim_interfaces_s.ep.rosidl_typesupport_fastrtps_c.c
[0.641s] -- Up-to-date symlink: /home/nuc/rm_vision_ws/install/auto_aim_interfaces/local/lib/python3.10/dist-packages/auto_aim_interfaces/_auto_aim_interfaces_s.ep.rosidl_typesupport_introspection_c.c
[0.641s] -- Up-to-date symlink: /home/nuc/rm_vision_ws/install/auto_aim_interfaces/local/lib/python3.10/dist-packages/auto_aim_interfaces/auto_aim_interfaces_s__rosidl_typesupport_c.cpython-310-x86_64-linux-gnu.so
[0.642s] -- Up-to-date symlink: /home/nuc/rm_vision_ws/install/auto_aim_interfaces/local/lib/python3.10/dist-packages/auto_aim_interfaces/auto_aim_interfaces_s__rosidl_typesupport_fastrtps_c.cpython-310-x86_64-linux-gnu.so
[0.642s] -- Up-to-date symlink: /home/nuc/rm_vision_ws/install/auto_aim_interfaces/local/lib/python3.10/dist-packages/auto_aim_interfaces/auto_aim_interfaces_s__rosidl_typesupport_introspection_c.cpython-310-x86_64-linux-gnu.so
[0.642s] -- Up-to-date symlink: /home/nuc/rm_vision_ws/install/auto_aim_interfaces/local/lib/python3.10/dist-packages/auto_aim_interfaces/libauto_aim_interfaces__rosidl_generator_py.so
[0.642s] -- Up-to-date symlink: /home/nuc/rm_vision_ws/install/auto_aim_interfaces/local/lib/python3.10/dist-packages/auto_aim_interfaces/msg/__init__.py
[0.642s] -- Up-to-date symlink: /home/nuc/rm_vision_ws/install/auto_aim_interfaces/local/lib/python3.10/dist-packages/auto_aim_interfaces/msg/_armor.py
[0.643s] -- Up-to-date symlink: /home/nuc/rm_vision_ws/install/auto_aim_interfaces/local/lib/python3.10/dist-packages/auto_aim_interfaces/msg/_armor_s.c
[0.643s] -- Up-to-date symlink: /home/nuc/rm_vision_ws/install/auto_aim_interfaces/local/lib/python3.10/dist-packages/auto_aim_interfaces/msg/_armors.py
[0.643s] -- Up-to-date symlink: /home/nuc/rm_vision_ws/install/auto_aim_interfaces/local/lib/python3.10/dist-packages/auto_aim_interfaces/msg/_armors_s.c
[0.643s] -- Up-to-date symlink: /home/nuc/rm_vision_ws/install/auto_aim_interfaces/local/lib/python3.10/dist-packages/auto_aim_interfaces/msg/_debug_armor.py
[0.644s] -- Up-to-date symlink: /home/nuc/rm_vision_ws/install/auto_aim_interfaces/local/lib/python3.10/dist-packages/auto_aim_interfaces/msg/_debug_armor_s.c
[0.644s] -- Up-to-date symlink: /home/nuc/rm_vision_ws/install/auto_aim_interfaces/local/lib/python3.10/dist-packages/auto_aim_interfaces/msg/_debug_armors.py
[0.644s] -- Up-to-date symlink: /home/nuc/rm_vision_ws/install/auto_aim_interfaces/local/lib/python3.10/dist-packages/auto_aim_interfaces/msg/_debug_armors_s.c
[0.645s] -- Up-to-date symlink: /home/nuc/rm_vision_ws/install/auto_aim_interfaces/local/lib/python3.10/dist-packages/auto_aim_interfaces/msg/_debug_light.py
[0.645s] -- Up-to-date symlink: /home/nuc/rm_vision_ws/install/auto_aim_interfaces/local/lib/python3.10/dist-packages/auto_aim_interfaces/msg/_debug_light_s.c
[0.645s] -- Up-to-date symlink: /home/nuc/rm_vision_ws/install/auto_aim_interfaces/local/lib/python3.10/dist-packages/auto_aim_interfaces/msg/_debug_lights.py
[0.645s] -- Up-to-date symlink: /home/nuc/rm_vision_ws/install/auto_aim_interfaces/local/lib/python3.10/dist-packages/auto_aim_interfaces/msg/_debug_lights_s.c
[0.645s] -- Up-to-date symlink: /home/nuc/rm_vision_ws/install/auto_aim_interfaces/local/lib/python3.10/dist-packages/auto_aim_interfaces/msg/_target.py
[0.645s] -- Up-to-date symlink: /home/nuc/rm_vision_ws/install/auto_aim_interfaces/local/lib/python3.10/dist-packages/auto_aim_interfaces/msg/_target_s.c
[0.645s] -- Up-to-date symlink: /home/nuc/rm_vision_ws/install/auto_aim_interfaces/local/lib/python3.10/dist-packages/auto_aim_interfaces/msg/_time_info.py
[0.645s] -- Up-to-date symlink: /home/nuc/rm_vision_ws/install/auto_aim_interfaces/local/lib/python3.10/dist-packages/auto_aim_interfaces/msg/_time_info_s.c
[0.645s] -- Up-to-date symlink: /home/nuc/rm_vision_ws/install/auto_aim_interfaces/local/lib/python3.10/dist-packages/auto_aim_interfaces/msg/_tracker_info.py
[0.645s] -- Up-to-date symlink: /home/nuc/rm_vision_ws/install/auto_aim_interfaces/local/lib/python3.10/dist-packages/auto_aim_interfaces/msg/_tracker_info_s.c
[0.645s] -- Up-to-date symlink: /home/nuc/rm_vision_ws/install/auto_aim_interfaces/local/lib/python3.10/dist-packages/auto_aim_interfaces/auto_aim_interfaces_s__rosidl_typesupport_fastrtps_c.cpython-310-x86_64-linux-gnu.so
[0.646s] -- Up-to-date symlink: /home/nuc/rm_vision_ws/install/auto_aim_interfaces/local/lib/python3.10/dist-packages/auto_aim_interfaces/auto_aim_interfaces_s__rosidl_typesupport_introspection_c.cpython-310-x86_64-linux-gnu.so
[0.647s] -- Up-to-date symlink: /home/nuc/rm_vision_ws/install/auto_aim_interfaces/local/lib/python3.10/dist-packages/auto_aim_interfaces/auto_aim_interfaces_s__rosidl_typesupport_c.cpython-310-x86_64-linux-gnu.so
[0.647s] -- Up-to-date symlink: /home/nuc/rm_vision_ws/install/auto_aim_interfaces/share/auto_aim_interfaces/msg/Armor.idl
[0.647s] -- Up-to-date symlink: /home/nuc/rm_vision_ws/install/auto_aim_interfaces/share/auto_aim_interfaces/msg/Armors.idl
[0.647s] -- Up-to-date symlink: /home/nuc/rm_vision_ws/install/auto_aim_interfaces/share/auto_aim_interfaces/msg/Target.idl
[0.647s] -- Up-to-date symlink: /home/nuc/rm_vision_ws/install/auto_aim_interfaces/share/auto_aim_interfaces/msg/DebugLight.idl
[0.647s] -- Up-to-date symlink: /home/nuc/rm_vision_ws/install/auto_aim_interfaces/share/auto_aim_interfaces/msg/DebugLights.idl
[0.647s] -- Up-to-date symlink: /home/nuc/rm_vision_ws/install/auto_aim_interfaces/share/auto_aim_interfaces/msg/DebugArmor.idl
[0.648s] -- Up-to-date symlink: /home/nuc/rm_vision_ws/install/auto_aim_interfaces/share/auto_aim_interfaces/msg/DebugArmors.idl
[0.648s] -- Up-to-date symlink: /home/nuc/rm_vision_ws/install/auto_aim_interfaces/share/auto_aim_interfaces/msg/TrackerInfo.idl
[0.648s] -- Up-to-date symlink: /home/nuc/rm_vision_ws/install/auto_aim_interfaces/share/auto_aim_interfaces/msg/TimeInfo.idl
[0.648s] -- Up-to-date symlink: /home/nuc/rm_vision_ws/install/auto_aim_interfaces/share/auto_aim_interfaces/msg/Armor.msg
[0.648s] -- Up-to-date symlink: /home/nuc/rm_vision_ws/install/auto_aim_interfaces/share/auto_aim_interfaces/msg/Armors.msg
[0.648s] -- Up-to-date symlink: /home/nuc/rm_vision_ws/install/auto_aim_interfaces/share/auto_aim_interfaces/msg/Target.msg
[0.648s] -- Up-to-date symlink: /home/nuc/rm_vision_ws/install/auto_aim_interfaces/share/auto_aim_interfaces/msg/DebugLight.msg
[0.648s] -- Up-to-date symlink: /home/nuc/rm_vision_ws/install/auto_aim_interfaces/share/auto_aim_interfaces/msg/DebugLights.msg
[0.648s] -- Up-to-date symlink: /home/nuc/rm_vision_ws/install/auto_aim_interfaces/share/auto_aim_interfaces/msg/DebugArmor.msg
[0.648s] -- Up-to-date symlink: /home/nuc/rm_vision_ws/install/auto_aim_interfaces/share/auto_aim_interfaces/msg/DebugArmors.msg
[0.649s] -- Up-to-date symlink: /home/nuc/rm_vision_ws/install/auto_aim_interfaces/share/auto_aim_interfaces/msg/TrackerInfo.msg
[0.649s] -- Up-to-date symlink: /home/nuc/rm_vision_ws/install/auto_aim_interfaces/share/auto_aim_interfaces/msg/TimeInfo.msg
[0.649s] -- Up-to-date symlink: /home/nuc/rm_vision_ws/install/auto_aim_interfaces/share/ament_index/resource_index/package_run_dependencies/auto_aim_interfaces
[0.649s] -- Up-to-date symlink: /home/nuc/rm_vision_ws/install/auto_aim_interfaces/share/ament_index/resource_index/parent_prefix_path/auto_aim_interfaces
[0.649s] -- Up-to-date symlink: /home/nuc/rm_vision_ws/install/auto_aim_interfaces/share/auto_aim_interfaces/environment/ament_prefix_path.sh
[0.649s] -- Up-to-date symlink: /home/nuc/rm_vision_ws/install/auto_aim_interfaces/share/auto_aim_interfaces/environment/ament_prefix_path.dsv
[0.649s] -- Up-to-date symlink: /home/nuc/rm_vision_ws/install/auto_aim_interfaces/share/auto_aim_interfaces/environment/path.sh
[0.649s] -- Up-to-date symlink: /home/nuc/rm_vision_ws/install/auto_aim_interfaces/share/auto_aim_interfaces/environment/path.dsv
[0.650s] -- Up-to-date symlink: /home/nuc/rm_vision_ws/install/auto_aim_interfaces/share/auto_aim_interfaces/local_setup.bash
[0.650s] -- Up-to-date symlink: /home/nuc/rm_vision_ws/install/auto_aim_interfaces/share/auto_aim_interfaces/local_setup.sh
[0.650s] -- Up-to-date symlink: /home/nuc/rm_vision_ws/install/auto_aim_interfaces/share/auto_aim_interfaces/local_setup.zsh
[0.650s] -- Up-to-date symlink: /home/nuc/rm_vision_ws/install/auto_aim_interfaces/share/auto_aim_interfaces/local_setup.dsv
[0.650s] -- Symlinking: /home/nuc/rm_vision_ws/install/auto_aim_interfaces/share/auto_aim_interfaces/package.dsv
[0.659s] -- Up-to-date symlink: /home/nuc/rm_vision_ws/install/auto_aim_interfaces/share/ament_index/resource_index/packages/auto_aim_interfaces
[0.659s] -- Up-to-date symlink: /home/nuc/rm_vision_ws/install/auto_aim_interfaces/share/auto_aim_interfaces/cmake/rosidl_cmake-extras.cmake
[0.659s] -- Up-to-date symlink: /home/nuc/rm_vision_ws/install/auto_aim_interfaces/share/auto_aim_interfaces/cmake/ament_cmake_export_dependencies-extras.cmake
[0.659s] -- Up-to-date symlink: /home/nuc/rm_vision_ws/install/auto_aim_interfaces/share/auto_aim_interfaces/cmake/ament_cmake_export_include_directories-extras.cmake
[0.659s] -- Up-to-date symlink: /home/nuc/rm_vision_ws/install/auto_aim_interfaces/share/auto_aim_interfaces/cmake/ament_cmake_export_libraries-extras.cmake
[0.659s] -- Up-to-date symlink: /home/nuc/rm_vision_ws/install/auto_aim_interfaces/share/auto_aim_interfaces/cmake/ament_cmake_export_targets-extras.cmake
[0.659s] -- Up-to-date symlink: /home/nuc/rm_vision_ws/install/auto_aim_interfaces/share/auto_aim_interfaces/cmake/rosidl_cmake_export_typesupport_targets-extras.cmake
[0.660s] -- Up-to-date symlink: /home/nuc/rm_vision_ws/install/auto_aim_interfaces/share/auto_aim_interfaces/cmake/rosidl_cmake_export_typesupport_libraries-extras.cmake
[0.660s] -- Up-to-date symlink: /home/nuc/rm_vision_ws/install/auto_aim_interfaces/share/auto_aim_interfaces/cmake/auto_aim_interfacesConfig.cmake
[0.660s] -- Up-to-date symlink: /home/nuc/rm_vision_ws/install/auto_aim_interfaces/share/auto_aim_interfaces/cmake/auto_aim_interfacesConfig-version.cmake
[0.660s] -- Up-to-date symlink: /home/nuc/rm_vision_ws/install/auto_aim_interfaces/share/auto_aim_interfaces/package.xml
[0.660s] -- Up-to-date: /home/nuc/rm_vision_ws/install/auto_aim_interfaces/lib/libauto_aim_interfaces__rosidl_generator_c.so
[0.661s] -- Up-to-date: /home/nuc/rm_vision_ws/install/auto_aim_interfaces/lib/libauto_aim_interfaces__rosidl_typesupport_fastrtps_c.so
[0.661s] -- Up-to-date: /home/nuc/rm_vision_ws/install/auto_aim_interfaces/lib/libauto_aim_interfaces__rosidl_typesupport_introspection_c.so
[0.661s] -- Up-to-date: /home/nuc/rm_vision_ws/install/auto_aim_interfaces/lib/libauto_aim_interfaces__rosidl_typesupport_c.so
[0.662s] -- Up-to-date: /home/nuc/rm_vision_ws/install/auto_aim_interfaces/lib/libauto_aim_interfaces__rosidl_typesupport_fastrtps_cpp.so
[0.662s] -- Up-to-date: /home/nuc/rm_vision_ws/install/auto_aim_interfaces/lib/libauto_aim_interfaces__rosidl_typesupport_introspection_cpp.so
[0.662s] -- Up-to-date: /home/nuc/rm_vision_ws/install/auto_aim_interfaces/lib/libauto_aim_interfaces__rosidl_typesupport_cpp.so
[0.685s] Listing '/home/nuc/rm_vision_ws/install/auto_aim_interfaces/local/lib/python3.10/dist-packages/auto_aim_interfaces'...
[0.685s] Listing '/home/nuc/rm_vision_ws/install/auto_aim_interfaces/local/lib/python3.10/dist-packages/auto_aim_interfaces/msg'...
[0.688s] -- Up-to-date: /home/nuc/rm_vision_ws/install/auto_aim_interfaces/lib/libauto_aim_interfaces__rosidl_generator_py.so
[0.689s] -- Up-to-date: /home/nuc/rm_vision_ws/install/auto_aim_interfaces/share/auto_aim_interfaces/cmake/export_auto_aim_interfaces__rosidl_generator_cExport.cmake
[0.689s] -- Up-to-date: /home/nuc/rm_vision_ws/install/auto_aim_interfaces/share/auto_aim_interfaces/cmake/export_auto_aim_interfaces__rosidl_generator_cExport-noconfig.cmake
[0.689s] -- Up-to-date: /home/nuc/rm_vision_ws/install/auto_aim_interfaces/share/auto_aim_interfaces/cmake/export_auto_aim_interfaces__rosidl_typesupport_fastrtps_cExport.cmake
[0.689s] -- Up-to-date: /home/nuc/rm_vision_ws/install/auto_aim_interfaces/share/auto_aim_interfaces/cmake/export_auto_aim_interfaces__rosidl_typesupport_fastrtps_cExport-noconfig.cmake
[0.689s] -- Up-to-date: /home/nuc/rm_vision_ws/install/auto_aim_interfaces/share/auto_aim_interfaces/cmake/auto_aim_interfaces__rosidl_typesupport_introspection_cExport.cmake
[0.689s] -- Up-to-date: /home/nuc/rm_vision_ws/install/auto_aim_interfaces/share/auto_aim_interfaces/cmake/auto_aim_interfaces__rosidl_typesupport_introspection_cExport-noconfig.cmake
[0.689s] -- Up-to-date: /home/nuc/rm_vision_ws/install/auto_aim_interfaces/share/auto_aim_interfaces/cmake/auto_aim_interfaces__rosidl_typesupport_cExport.cmake
[0.689s] -- Up-to-date: /home/nuc/rm_vision_ws/install/auto_aim_interfaces/share/auto_aim_interfaces/cmake/auto_aim_interfaces__rosidl_typesupport_cExport-noconfig.cmake
[0.689s] -- Up-to-date: /home/nuc/rm_vision_ws/install/auto_aim_interfaces/share/auto_aim_interfaces/cmake/export_auto_aim_interfaces__rosidl_generator_cppExport.cmake
[0.690s] -- Up-to-date: /home/nuc/rm_vision_ws/install/auto_aim_interfaces/share/auto_aim_interfaces/cmake/export_auto_aim_interfaces__rosidl_typesupport_fastrtps_cppExport.cmake
[0.690s] -- Up-to-date: /home/nuc/rm_vision_ws/install/auto_aim_interfaces/share/auto_aim_interfaces/cmake/export_auto_aim_interfaces__rosidl_typesupport_fastrtps_cppExport-noconfig.cmake
[0.690s] -- Up-to-date: /home/nuc/rm_vision_ws/install/auto_aim_interfaces/share/auto_aim_interfaces/cmake/auto_aim_interfaces__rosidl_typesupport_introspection_cppExport.cmake
[0.690s] -- Up-to-date: /home/nuc/rm_vision_ws/install/auto_aim_interfaces/share/auto_aim_interfaces/cmake/auto_aim_interfaces__rosidl_typesupport_introspection_cppExport-noconfig.cmake
[0.690s] -- Up-to-date: /home/nuc/rm_vision_ws/install/auto_aim_interfaces/share/auto_aim_interfaces/cmake/auto_aim_interfaces__rosidl_typesupport_cppExport.cmake
[0.690s] -- Up-to-date: /home/nuc/rm_vision_ws/install/auto_aim_interfaces/share/auto_aim_interfaces/cmake/auto_aim_interfaces__rosidl_typesupport_cppExport-noconfig.cmake
[0.690s] -- Up-to-date: /home/nuc/rm_vision_ws/install/auto_aim_interfaces/share/auto_aim_interfaces/cmake/export_auto_aim_interfaces__rosidl_generator_pyExport.cmake
[0.690s] -- Up-to-date: /home/nuc/rm_vision_ws/install/auto_aim_interfaces/share/auto_aim_interfaces/cmake/export_auto_aim_interfaces__rosidl_generator_pyExport-noconfig.cmake
[0.692s] Invoked command in '/home/nuc/rm_vision_ws/build/auto_aim_interfaces' returned '0': CMAKE_PREFIX_PATH=${CMAKE_PREFIX_PATH}:/opt/ros/humble /usr/bin/cmake --install /home/nuc/rm_vision_ws/build/auto_aim_interfaces
