[0.145s] Invoking command in '/home/rosnoetic/rm_shaobing_vision/build/armor_tracker': AMENT_PREFIX_PATH=/home/rosnoetic/rm_shaobing_vision/install/auto_aim_interfaces:${AMENT_PREFIX_PATH} CMAKE_PREFIX_PATH=/home/rosnoetic/rm_shaobing_vision/install/auto_aim_interfaces:/home/rosnoetic/ros_ws/install/rm_vision_bringup:/home/rosnoetic/ros_ws/install/rm_serial_driver:/home/rosnoetic/ros_ws/install/rm_gimbal_description:/home/rosnoetic/ros_ws/install/hik_camera:/home/rosnoetic/ros_ws/install/armor_tracker:/home/rosnoetic/ros_ws/install/armor_detector:/home/rosnoetic/ros_ws/install/auto_aim_interfaces:/opt/ros/humble LD_LIBRARY_PATH=/home/rosnoetic/rm_shaobing_vision/install/auto_aim_interfaces/lib:/opt/MVS/lib/64:/opt/MVS/lib/32:/opt/MVS/lib/64:/opt/MVS/lib/32:/home/rosnoetic/ros_ws/install/rm_serial_driver/lib:/home/rosnoetic/ros_ws/install/hik_camera/lib:/home/rosnoetic/ros_ws/install/armor_tracker/lib:/home/rosnoetic/ros_ws/install/armor_detector/lib:/home/rosnoetic/ros_ws/install/auto_aim_interfaces/lib:/usr/lib/x86_64-linux-gnu/gazebo-11/plugins:/opt/ros/humble/opt/rviz_ogre_vendor/lib:/opt/ros/humble/lib/x86_64-linux-gnu:/opt/ros/humble/lib:/opt/MVS/lib/64:/opt/MVS/lib/32:/opt/MVS/lib/64:/opt/MVS/lib/32 PYTHONPATH=/home/rosnoetic/rm_shaobing_vision/install/auto_aim_interfaces/local/lib/python3.10/dist-packages:${PYTHONPATH} /usr/bin/cmake --build /home/rosnoetic/rm_shaobing_vision/build/armor_tracker -- -j16 -l16
[0.646s] [35m[1mConsolidate compiler generated dependencies of target armor_tracker[0m
[0.739s] [ 33%] Built target armor_tracker_node
[0.926s] [100%] Built target armor_tracker
[1.029s] Invoked command in '/home/rosnoetic/rm_shaobing_vision/build/armor_tracker' returned '0': AMENT_PREFIX_PATH=/home/rosnoetic/rm_shaobing_vision/install/auto_aim_interfaces:${AMENT_PREFIX_PATH} CMAKE_PREFIX_PATH=/home/rosnoetic/rm_shaobing_vision/install/auto_aim_interfaces:/home/rosnoetic/ros_ws/install/rm_vision_bringup:/home/rosnoetic/ros_ws/install/rm_serial_driver:/home/rosnoetic/ros_ws/install/rm_gimbal_description:/home/rosnoetic/ros_ws/install/hik_camera:/home/rosnoetic/ros_ws/install/armor_tracker:/home/rosnoetic/ros_ws/install/armor_detector:/home/rosnoetic/ros_ws/install/auto_aim_interfaces:/opt/ros/humble LD_LIBRARY_PATH=/home/rosnoetic/rm_shaobing_vision/install/auto_aim_interfaces/lib:/opt/MVS/lib/64:/opt/MVS/lib/32:/opt/MVS/lib/64:/opt/MVS/lib/32:/home/rosnoetic/ros_ws/install/rm_serial_driver/lib:/home/rosnoetic/ros_ws/install/hik_camera/lib:/home/rosnoetic/ros_ws/install/armor_tracker/lib:/home/rosnoetic/ros_ws/install/armor_detector/lib:/home/rosnoetic/ros_ws/install/auto_aim_interfaces/lib:/usr/lib/x86_64-linux-gnu/gazebo-11/plugins:/opt/ros/humble/opt/rviz_ogre_vendor/lib:/opt/ros/humble/lib/x86_64-linux-gnu:/opt/ros/humble/lib:/opt/MVS/lib/64:/opt/MVS/lib/32:/opt/MVS/lib/64:/opt/MVS/lib/32 PYTHONPATH=/home/rosnoetic/rm_shaobing_vision/install/auto_aim_interfaces/local/lib/python3.10/dist-packages:${PYTHONPATH} /usr/bin/cmake --build /home/rosnoetic/rm_shaobing_vision/build/armor_tracker -- -j16 -l16
[1.527s] Invoking command in '/home/rosnoetic/rm_shaobing_vision/build/armor_tracker': AMENT_PREFIX_PATH=/home/rosnoetic/rm_shaobing_vision/install/auto_aim_interfaces:${AMENT_PREFIX_PATH} CMAKE_PREFIX_PATH=/home/rosnoetic/rm_shaobing_vision/install/auto_aim_interfaces:/home/rosnoetic/ros_ws/install/rm_vision_bringup:/home/rosnoetic/ros_ws/install/rm_serial_driver:/home/rosnoetic/ros_ws/install/rm_gimbal_description:/home/rosnoetic/ros_ws/install/hik_camera:/home/rosnoetic/ros_ws/install/armor_tracker:/home/rosnoetic/ros_ws/install/armor_detector:/home/rosnoetic/ros_ws/install/auto_aim_interfaces:/opt/ros/humble LD_LIBRARY_PATH=/home/rosnoetic/rm_shaobing_vision/install/auto_aim_interfaces/lib:/opt/MVS/lib/64:/opt/MVS/lib/32:/opt/MVS/lib/64:/opt/MVS/lib/32:/home/rosnoetic/ros_ws/install/rm_serial_driver/lib:/home/rosnoetic/ros_ws/install/hik_camera/lib:/home/rosnoetic/ros_ws/install/armor_tracker/lib:/home/rosnoetic/ros_ws/install/armor_detector/lib:/home/rosnoetic/ros_ws/install/auto_aim_interfaces/lib:/usr/lib/x86_64-linux-gnu/gazebo-11/plugins:/opt/ros/humble/opt/rviz_ogre_vendor/lib:/opt/ros/humble/lib/x86_64-linux-gnu:/opt/ros/humble/lib:/opt/MVS/lib/64:/opt/MVS/lib/32:/opt/MVS/lib/64:/opt/MVS/lib/32 PYTHONPATH=/home/rosnoetic/rm_shaobing_vision/install/auto_aim_interfaces/local/lib/python3.10/dist-packages:${PYTHONPATH} /usr/bin/cmake --install /home/rosnoetic/rm_shaobing_vision/build/armor_tracker
[1.589s] -- Install configuration: ""
[1.592s] -- Up-to-date: /home/rosnoetic/rm_shaobing_vision/install/armor_tracker/lib/armor_tracker/armor_tracker_node
[1.598s] -- Up-to-date: /home/rosnoetic/rm_shaobing_vision/install/armor_tracker/include
[1.598s] -- Up-to-date: /home/rosnoetic/rm_shaobing_vision/install/armor_tracker/include/armor_tracker
[1.598s] -- Up-to-date: /home/rosnoetic/rm_shaobing_vision/install/armor_tracker/include/armor_tracker/tracker.hpp
[1.599s] -- Up-to-date: /home/rosnoetic/rm_shaobing_vision/install/armor_tracker/include/armor_tracker/extended_kalman_filter.hpp
[1.599s] -- Up-to-date: /home/rosnoetic/rm_shaobing_vision/install/armor_tracker/include/armor_tracker/tracker_node.hpp
[1.599s] -- Up-to-date: /home/rosnoetic/rm_shaobing_vision/install/armor_tracker/share/armor_tracker/environment/library_path.sh
[1.599s] -- Up-to-date: /home/rosnoetic/rm_shaobing_vision/install/armor_tracker/share/armor_tracker/environment/library_path.dsv
[1.609s] -- Up-to-date: /home/rosnoetic/rm_shaobing_vision/install/armor_tracker/lib/libarmor_tracker.so
[1.613s] -- Up-to-date: /home/rosnoetic/rm_shaobing_vision/install/armor_tracker/share/ament_index/resource_index/package_run_dependencies/armor_tracker
[1.613s] -- Up-to-date: /home/rosnoetic/rm_shaobing_vision/install/armor_tracker/share/ament_index/resource_index/parent_prefix_path/armor_tracker
[1.614s] -- Up-to-date: /home/rosnoetic/rm_shaobing_vision/install/armor_tracker/share/armor_tracker/environment/ament_prefix_path.sh
[1.615s] -- Up-to-date: /home/rosnoetic/rm_shaobing_vision/install/armor_tracker/share/armor_tracker/environment/ament_prefix_path.dsv
[1.616s] -- Up-to-date: /home/rosnoetic/rm_shaobing_vision/install/armor_tracker/share/armor_tracker/environment/path.sh
[1.616s] -- Up-to-date: /home/rosnoetic/rm_shaobing_vision/install/armor_tracker/share/armor_tracker/environment/path.dsv
[1.617s] -- Up-to-date: /home/rosnoetic/rm_shaobing_vision/install/armor_tracker/share/armor_tracker/local_setup.bash
[1.617s] -- Up-to-date: /home/rosnoetic/rm_shaobing_vision/install/armor_tracker/share/armor_tracker/local_setup.sh
[1.617s] -- Up-to-date: /home/rosnoetic/rm_shaobing_vision/install/armor_tracker/share/armor_tracker/local_setup.zsh
[1.618s] -- Up-to-date: /home/rosnoetic/rm_shaobing_vision/install/armor_tracker/share/armor_tracker/local_setup.dsv
[1.618s] -- Installing: /home/rosnoetic/rm_shaobing_vision/install/armor_tracker/share/armor_tracker/package.dsv
[1.621s] -- Up-to-date: /home/rosnoetic/rm_shaobing_vision/install/armor_tracker/share/ament_index/resource_index/packages/armor_tracker
[1.621s] -- Up-to-date: /home/rosnoetic/rm_shaobing_vision/install/armor_tracker/share/ament_index/resource_index/rclcpp_components/armor_tracker
[1.622s] -- Up-to-date: /home/rosnoetic/rm_shaobing_vision/install/armor_tracker/share/armor_tracker/cmake/ament_cmake_export_dependencies-extras.cmake
[1.623s] -- Up-to-date: /home/rosnoetic/rm_shaobing_vision/install/armor_tracker/share/armor_tracker/cmake/ament_cmake_export_include_directories-extras.cmake
[1.623s] -- Up-to-date: /home/rosnoetic/rm_shaobing_vision/install/armor_tracker/share/armor_tracker/cmake/ament_cmake_export_libraries-extras.cmake
[1.623s] -- Up-to-date: /home/rosnoetic/rm_shaobing_vision/install/armor_tracker/share/armor_tracker/cmake/armor_trackerConfig.cmake
[1.625s] -- Up-to-date: /home/rosnoetic/rm_shaobing_vision/install/armor_tracker/share/armor_tracker/cmake/armor_trackerConfig-version.cmake
[1.625s] -- Up-to-date: /home/rosnoetic/rm_shaobing_vision/install/armor_tracker/share/armor_tracker/package.xml
[1.630s] Invoked command in '/home/rosnoetic/rm_shaobing_vision/build/armor_tracker' returned '0': AMENT_PREFIX_PATH=/home/rosnoetic/rm_shaobing_vision/install/auto_aim_interfaces:${AMENT_PREFIX_PATH} CMAKE_PREFIX_PATH=/home/rosnoetic/rm_shaobing_vision/install/auto_aim_interfaces:/home/rosnoetic/ros_ws/install/rm_vision_bringup:/home/rosnoetic/ros_ws/install/rm_serial_driver:/home/rosnoetic/ros_ws/install/rm_gimbal_description:/home/rosnoetic/ros_ws/install/hik_camera:/home/rosnoetic/ros_ws/install/armor_tracker:/home/rosnoetic/ros_ws/install/armor_detector:/home/rosnoetic/ros_ws/install/auto_aim_interfaces:/opt/ros/humble LD_LIBRARY_PATH=/home/rosnoetic/rm_shaobing_vision/install/auto_aim_interfaces/lib:/opt/MVS/lib/64:/opt/MVS/lib/32:/opt/MVS/lib/64:/opt/MVS/lib/32:/home/rosnoetic/ros_ws/install/rm_serial_driver/lib:/home/rosnoetic/ros_ws/install/hik_camera/lib:/home/rosnoetic/ros_ws/install/armor_tracker/lib:/home/rosnoetic/ros_ws/install/armor_detector/lib:/home/rosnoetic/ros_ws/install/auto_aim_interfaces/lib:/usr/lib/x86_64-linux-gnu/gazebo-11/plugins:/opt/ros/humble/opt/rviz_ogre_vendor/lib:/opt/ros/humble/lib/x86_64-linux-gnu:/opt/ros/humble/lib:/opt/MVS/lib/64:/opt/MVS/lib/32:/opt/MVS/lib/64:/opt/MVS/lib/32 PYTHONPATH=/home/rosnoetic/rm_shaobing_vision/install/auto_aim_interfaces/local/lib/python3.10/dist-packages:${PYTHONPATH} /usr/bin/cmake --install /home/rosnoetic/rm_shaobing_vision/build/armor_tracker
