[0.009s] Invoking command in '/home/nuc/rm_vision_ws/build/hik_camera': CMAKE_PREFIX_PATH=/opt/ros/humble /usr/bin/cmake /home/nuc/rm_vision_ws/src/ros2_hik_camera -DAMENT_CMAKE_SYMLINK_INSTALL=1 -DCMAKE_INSTALL_PREFIX=/home/nuc/rm_vision_ws/install/hik_camera
[0.050s] -- The C compiler identification is GNU 11.4.0
[0.094s] -- The CXX compiler identification is GNU 11.4.0
[0.100s] -- Detecting C compiler ABI info
[0.156s] -- Detecting C compiler ABI info - done
[0.161s] -- Check for working C compiler: /usr/bin/cc - skipped
[0.161s] -- Detecting C compile features
[0.161s] -- Detecting C compile features - done
[0.163s] -- Detecting CXX compiler ABI info
[0.223s] -- Detecting CXX compiler ABI info - done
[0.232s] -- Check for working CXX compiler: /usr/bin/c++ - skipped
[0.232s] -- Detecting CXX compile features
[0.232s] -- Detecting CXX compile features - done
[0.234s] -- Found ament_cmake_auto: 1.3.10 (/opt/ros/humble/share/ament_cmake_auto/cmake)
[0.353s] -- Found Python3: /usr/bin/python3 (found version "3.10.12") found components: Interpreter 
[0.400s] -- Override CMake install command with custom implementation using symlinks instead of copying resources
[0.493s] -- Found rosidl_generator_c: 3.1.5 (/opt/ros/humble/share/rosidl_generator_c/cmake)
[0.496s] -- Found rosidl_adapter: 3.1.5 (/opt/ros/humble/share/rosidl_adapter/cmake)
[0.501s] -- Found rosidl_generator_cpp: 3.1.5 (/opt/ros/humble/share/rosidl_generator_cpp/cmake)
[0.508s] -- Using all available rosidl_typesupport_c: rosidl_typesupport_fastrtps_c;rosidl_typesupport_introspection_c
[0.519s] -- Using all available rosidl_typesupport_cpp: rosidl_typesupport_fastrtps_cpp;rosidl_typesupport_introspection_cpp
[0.547s] -- Found rmw_implementation_cmake: 6.1.2 (/opt/ros/humble/share/rmw_implementation_cmake/cmake)
[0.548s] -- Found rmw_fastrtps_cpp: 6.2.7 (/opt/ros/humble/share/rmw_fastrtps_cpp/cmake)
[0.613s] -- Found OpenSSL: /usr/lib/x86_64-linux-gnu/libcrypto.so (found version "3.0.2")  
[0.634s] -- Found FastRTPS: /opt/ros/humble/include  
[0.667s] -- Using RMW implementation 'rmw_fastrtps_cpp' as default
[0.675s] -- Looking for pthread.h
[0.732s] -- Looking for pthread.h - found
[0.732s] -- Performing Test CMAKE_HAVE_LIBC_PTHREAD
[0.795s] -- Performing Test CMAKE_HAVE_LIBC_PTHREAD - Success
[0.796s] -- Found Threads: TRUE  
[0.902s] -- Found ament_lint_auto: 0.12.11 (/opt/ros/humble/share/ament_lint_auto/cmake)
[0.916s] -- Added test 'cppcheck' to perform static code analysis on C / C++ code
[0.916s] -- Configured cppcheck include dirs: /home/nuc/rm_vision_ws/src/ros2_hik_camera/hikSDK/include
[0.916s] -- Configured cppcheck exclude dirs and/or files: 
[0.916s] -- Added test 'flake8' to check Python code syntax and style conventions
[0.917s] -- Added test 'lint_cmake' to check CMake code style
[0.917s] -- Added test 'pep257' to check Python code against some of the docstring style conventions in PEP 257
[0.918s] -- Added test 'xmllint' to check XML markup files
[0.919s] -- Configuring done
[0.928s] -- Generating done
[0.929s] -- Build files have been written to: /home/nuc/rm_vision_ws/build/hik_camera
[0.938s] Invoked command in '/home/nuc/rm_vision_ws/build/hik_camera' returned '0': CMAKE_PREFIX_PATH=/opt/ros/humble /usr/bin/cmake /home/nuc/rm_vision_ws/src/ros2_hik_camera -DAMENT_CMAKE_SYMLINK_INSTALL=1 -DCMAKE_INSTALL_PREFIX=/home/nuc/rm_vision_ws/install/hik_camera
[0.939s] Invoking command in '/home/nuc/rm_vision_ws/build/hik_camera': CMAKE_PREFIX_PATH=/opt/ros/humble /usr/bin/cmake --build /home/nuc/rm_vision_ws/build/hik_camera -- -j16 -l16
[0.984s] [ 25%] [32mBuilding CXX object CMakeFiles/hik_camera_node.dir/rclcpp_components/node_main_hik_camera_node.cpp.o[0m
[0.984s] [ 50%] [32mBuilding CXX object CMakeFiles/hik_camera.dir/src/hik_camera_node.cpp.o[0m
[7.427s] [ 75%] [32m[1mLinking CXX shared library libhik_camera.so[0m
[7.595s] [ 75%] Built target hik_camera
[7.666s] [100%] [32m[1mLinking CXX executable hik_camera_node[0m
[7.845s] [100%] Built target hik_camera_node
[7.856s] Invoked command in '/home/nuc/rm_vision_ws/build/hik_camera' returned '0': CMAKE_PREFIX_PATH=/opt/ros/humble /usr/bin/cmake --build /home/nuc/rm_vision_ws/build/hik_camera -- -j16 -l16
[7.880s] Invoking command in '/home/nuc/rm_vision_ws/build/hik_camera': CMAKE_PREFIX_PATH=/opt/ros/humble /usr/bin/cmake --install /home/nuc/rm_vision_ws/build/hik_camera
[7.885s] -- Install configuration: ""
[7.886s] -- Execute custom install script
[7.886s] -- Symlinking: /home/nuc/rm_vision_ws/install/hik_camera/lib/libFormatConversion.so
[7.892s] -- Symlinking: /home/nuc/rm_vision_ws/install/hik_camera/lib/libMVRender.so
[7.899s] -- Symlinking: /home/nuc/rm_vision_ws/install/hik_camera/lib/libMediaProcess.so
[7.908s] -- Symlinking: /home/nuc/rm_vision_ws/install/hik_camera/lib/libMvCameraControl.so
[7.917s] -- Symlinking: /home/nuc/rm_vision_ws/install/hik_camera/lib/libMvUsb3vTL.so
[7.925s] -- Symlinking: /home/nuc/rm_vision_ws/install/hik_camera/lib/hik_camera/hik_camera_node
[7.935s] -- Symlinking: /home/nuc/rm_vision_ws/install/hik_camera/share/hik_camera/environment/library_path.sh
[7.944s] -- Symlinking: /home/nuc/rm_vision_ws/install/hik_camera/share/hik_camera/environment/library_path.dsv
[7.951s] -- Symlinking: /home/nuc/rm_vision_ws/install/hik_camera/lib/libhik_camera.so
[7.960s] -- Symlinking: /home/nuc/rm_vision_ws/install/hik_camera/share/hik_camera/config/camera_info.yaml
[7.968s] -- Symlinking: /home/nuc/rm_vision_ws/install/hik_camera/share/hik_camera/config/camera_params.yaml
[7.977s] -- Symlinking: /home/nuc/rm_vision_ws/install/hik_camera/share/hik_camera/launch/hik_camera.launch.py
[7.982s] -- Symlinking: /home/nuc/rm_vision_ws/install/hik_camera/share/ament_index/resource_index/package_run_dependencies/hik_camera
[7.990s] -- Symlinking: /home/nuc/rm_vision_ws/install/hik_camera/share/ament_index/resource_index/parent_prefix_path/hik_camera
[8.000s] -- Symlinking: /home/nuc/rm_vision_ws/install/hik_camera/share/hik_camera/environment/ament_prefix_path.sh
[8.009s] -- Symlinking: /home/nuc/rm_vision_ws/install/hik_camera/share/hik_camera/environment/ament_prefix_path.dsv
[8.015s] -- Symlinking: /home/nuc/rm_vision_ws/install/hik_camera/share/hik_camera/environment/path.sh
[8.023s] -- Symlinking: /home/nuc/rm_vision_ws/install/hik_camera/share/hik_camera/environment/path.dsv
[8.031s] -- Symlinking: /home/nuc/rm_vision_ws/install/hik_camera/share/hik_camera/local_setup.bash
[8.038s] -- Symlinking: /home/nuc/rm_vision_ws/install/hik_camera/share/hik_camera/local_setup.sh
[8.044s] -- Symlinking: /home/nuc/rm_vision_ws/install/hik_camera/share/hik_camera/local_setup.zsh
[8.051s] -- Symlinking: /home/nuc/rm_vision_ws/install/hik_camera/share/hik_camera/local_setup.dsv
[8.058s] -- Symlinking: /home/nuc/rm_vision_ws/install/hik_camera/share/hik_camera/package.dsv
[8.066s] -- Symlinking: /home/nuc/rm_vision_ws/install/hik_camera/share/ament_index/resource_index/packages/hik_camera
[8.074s] -- Symlinking: /home/nuc/rm_vision_ws/install/hik_camera/share/ament_index/resource_index/rclcpp_components/hik_camera
[8.081s] -- Symlinking: /home/nuc/rm_vision_ws/install/hik_camera/share/hik_camera/cmake/ament_cmake_export_dependencies-extras.cmake
[8.089s] -- Symlinking: /home/nuc/rm_vision_ws/install/hik_camera/share/hik_camera/cmake/ament_cmake_export_libraries-extras.cmake
[8.096s] -- Symlinking: /home/nuc/rm_vision_ws/install/hik_camera/share/hik_camera/cmake/hik_cameraConfig.cmake
[8.104s] -- Symlinking: /home/nuc/rm_vision_ws/install/hik_camera/share/hik_camera/cmake/hik_cameraConfig-version.cmake
[8.111s] -- Symlinking: /home/nuc/rm_vision_ws/install/hik_camera/share/hik_camera/package.xml
[8.119s] Invoked command in '/home/nuc/rm_vision_ws/build/hik_camera' returned '0': CMAKE_PREFIX_PATH=/opt/ros/humble /usr/bin/cmake --install /home/nuc/rm_vision_ws/build/hik_camera
