[0.012s] Invoking command in '/home/nuc/rm_vision_ws/build/rm_auto_aim': AMENT_PREFIX_PATH=/home/nuc/rm_vision_ws/install/armor_tracker:/home/nuc/rm_vision_ws/install/armor_detector:/home/nuc/rm_vision_ws/install/auto_aim_interfaces:${AMENT_PREFIX_PATH} CMAKE_PREFIX_PATH=/home/nuc/rm_vision_ws/install/armor_tracker:/home/nuc/rm_vision_ws/install/armor_detector:/home/nuc/rm_vision_ws/install/auto_aim_interfaces:/opt/ros/humble LD_LIBRARY_PATH=/home/nuc/rm_vision_ws/install/armor_tracker/lib:/home/nuc/rm_vision_ws/install/armor_detector/lib:/home/nuc/rm_vision_ws/install/auto_aim_interfaces/lib:/opt/MVS/lib/64:/opt/MVS/lib/32:/opt/MVS/lib/64:/opt/MVS/lib/32:/usr/lib/x86_64-linux-gnu/gazebo-11/plugins:/opt/ros/humble/opt/rviz_ogre_vendor/lib:/opt/ros/humble/lib/x86_64-linux-gnu:/opt/ros/humble/opt/openvdb_vendor/lib:/opt/ros/humble/lib:/opt/MVS/lib/64:/opt/MVS/lib/32 PYTHONPATH=/home/nuc/rm_vision_ws/install/auto_aim_interfaces/local/lib/python3.10/dist-packages:${PYTHONPATH} /usr/bin/cmake /home/nuc/rm_vision_ws/src/rm_auto_aim/rm_auto_aim -DAMENT_CMAKE_SYMLINK_INSTALL=1 -DCMAKE_INSTALL_PREFIX=/home/nuc/rm_vision_ws/install/rm_auto_aim
[0.069s] -- The C compiler identification is GNU 11.4.0
[0.127s] -- The CXX compiler identification is GNU 11.4.0
[0.135s] -- Detecting C compiler ABI info
[0.207s] -- Detecting C compiler ABI info - done
[0.216s] -- Check for working C compiler: /usr/bin/cc - skipped
[0.216s] -- Detecting C compile features
[0.217s] -- Detecting C compile features - done
[0.221s] -- Detecting CXX compiler ABI info
[0.314s] -- Detecting CXX compiler ABI info - done
[0.320s] -- Check for working CXX compiler: /usr/bin/c++ - skipped
[0.320s] -- Detecting CXX compile features
[0.320s] -- Detecting CXX compile features - done
[0.322s] -- Found ament_cmake_auto: 1.3.10 (/opt/ros/humble/share/ament_cmake_auto/cmake)
[0.513s] -- Found Python3: /usr/bin/python3 (found version "3.10.12") found components: Interpreter 
[0.590s] -- Override CMake install command with custom implementation using symlinks instead of copying resources
[0.622s] -- Found ament_lint_auto: 0.12.11 (/opt/ros/humble/share/ament_lint_auto/cmake)
[0.725s] -- Added test 'lint_cmake' to check CMake code style
[0.726s] -- Added test 'xmllint' to check XML markup files
[0.728s] -- Configuring done
[0.732s] -- Generating done
[0.733s] -- Build files have been written to: /home/nuc/rm_vision_ws/build/rm_auto_aim
[0.741s] Invoked command in '/home/nuc/rm_vision_ws/build/rm_auto_aim' returned '0': AMENT_PREFIX_PATH=/home/nuc/rm_vision_ws/install/armor_tracker:/home/nuc/rm_vision_ws/install/armor_detector:/home/nuc/rm_vision_ws/install/auto_aim_interfaces:${AMENT_PREFIX_PATH} CMAKE_PREFIX_PATH=/home/nuc/rm_vision_ws/install/armor_tracker:/home/nuc/rm_vision_ws/install/armor_detector:/home/nuc/rm_vision_ws/install/auto_aim_interfaces:/opt/ros/humble LD_LIBRARY_PATH=/home/nuc/rm_vision_ws/install/armor_tracker/lib:/home/nuc/rm_vision_ws/install/armor_detector/lib:/home/nuc/rm_vision_ws/install/auto_aim_interfaces/lib:/opt/MVS/lib/64:/opt/MVS/lib/32:/opt/MVS/lib/64:/opt/MVS/lib/32:/usr/lib/x86_64-linux-gnu/gazebo-11/plugins:/opt/ros/humble/opt/rviz_ogre_vendor/lib:/opt/ros/humble/lib/x86_64-linux-gnu:/opt/ros/humble/opt/openvdb_vendor/lib:/opt/ros/humble/lib:/opt/MVS/lib/64:/opt/MVS/lib/32 PYTHONPATH=/home/nuc/rm_vision_ws/install/auto_aim_interfaces/local/lib/python3.10/dist-packages:${PYTHONPATH} /usr/bin/cmake /home/nuc/rm_vision_ws/src/rm_auto_aim/rm_auto_aim -DAMENT_CMAKE_SYMLINK_INSTALL=1 -DCMAKE_INSTALL_PREFIX=/home/nuc/rm_vision_ws/install/rm_auto_aim
[0.744s] Invoking command in '/home/nuc/rm_vision_ws/build/rm_auto_aim': AMENT_PREFIX_PATH=/home/nuc/rm_vision_ws/install/armor_tracker:/home/nuc/rm_vision_ws/install/armor_detector:/home/nuc/rm_vision_ws/install/auto_aim_interfaces:${AMENT_PREFIX_PATH} CMAKE_PREFIX_PATH=/home/nuc/rm_vision_ws/install/armor_tracker:/home/nuc/rm_vision_ws/install/armor_detector:/home/nuc/rm_vision_ws/install/auto_aim_interfaces:/opt/ros/humble LD_LIBRARY_PATH=/home/nuc/rm_vision_ws/install/armor_tracker/lib:/home/nuc/rm_vision_ws/install/armor_detector/lib:/home/nuc/rm_vision_ws/install/auto_aim_interfaces/lib:/opt/MVS/lib/64:/opt/MVS/lib/32:/opt/MVS/lib/64:/opt/MVS/lib/32:/usr/lib/x86_64-linux-gnu/gazebo-11/plugins:/opt/ros/humble/opt/rviz_ogre_vendor/lib:/opt/ros/humble/lib/x86_64-linux-gnu:/opt/ros/humble/opt/openvdb_vendor/lib:/opt/ros/humble/lib:/opt/MVS/lib/64:/opt/MVS/lib/32 PYTHONPATH=/home/nuc/rm_vision_ws/install/auto_aim_interfaces/local/lib/python3.10/dist-packages:${PYTHONPATH} /usr/bin/cmake --build /home/nuc/rm_vision_ws/build/rm_auto_aim -- -j16 -l16
[0.805s] Invoked command in '/home/nuc/rm_vision_ws/build/rm_auto_aim' returned '0': AMENT_PREFIX_PATH=/home/nuc/rm_vision_ws/install/armor_tracker:/home/nuc/rm_vision_ws/install/armor_detector:/home/nuc/rm_vision_ws/install/auto_aim_interfaces:${AMENT_PREFIX_PATH} CMAKE_PREFIX_PATH=/home/nuc/rm_vision_ws/install/armor_tracker:/home/nuc/rm_vision_ws/install/armor_detector:/home/nuc/rm_vision_ws/install/auto_aim_interfaces:/opt/ros/humble LD_LIBRARY_PATH=/home/nuc/rm_vision_ws/install/armor_tracker/lib:/home/nuc/rm_vision_ws/install/armor_detector/lib:/home/nuc/rm_vision_ws/install/auto_aim_interfaces/lib:/opt/MVS/lib/64:/opt/MVS/lib/32:/opt/MVS/lib/64:/opt/MVS/lib/32:/usr/lib/x86_64-linux-gnu/gazebo-11/plugins:/opt/ros/humble/opt/rviz_ogre_vendor/lib:/opt/ros/humble/lib/x86_64-linux-gnu:/opt/ros/humble/opt/openvdb_vendor/lib:/opt/ros/humble/lib:/opt/MVS/lib/64:/opt/MVS/lib/32 PYTHONPATH=/home/nuc/rm_vision_ws/install/auto_aim_interfaces/local/lib/python3.10/dist-packages:${PYTHONPATH} /usr/bin/cmake --build /home/nuc/rm_vision_ws/build/rm_auto_aim -- -j16 -l16
[0.840s] Invoking command in '/home/nuc/rm_vision_ws/build/rm_auto_aim': AMENT_PREFIX_PATH=/home/nuc/rm_vision_ws/install/armor_tracker:/home/nuc/rm_vision_ws/install/armor_detector:/home/nuc/rm_vision_ws/install/auto_aim_interfaces:${AMENT_PREFIX_PATH} CMAKE_PREFIX_PATH=/home/nuc/rm_vision_ws/install/armor_tracker:/home/nuc/rm_vision_ws/install/armor_detector:/home/nuc/rm_vision_ws/install/auto_aim_interfaces:/opt/ros/humble LD_LIBRARY_PATH=/home/nuc/rm_vision_ws/install/armor_tracker/lib:/home/nuc/rm_vision_ws/install/armor_detector/lib:/home/nuc/rm_vision_ws/install/auto_aim_interfaces/lib:/opt/MVS/lib/64:/opt/MVS/lib/32:/opt/MVS/lib/64:/opt/MVS/lib/32:/usr/lib/x86_64-linux-gnu/gazebo-11/plugins:/opt/ros/humble/opt/rviz_ogre_vendor/lib:/opt/ros/humble/lib/x86_64-linux-gnu:/opt/ros/humble/opt/openvdb_vendor/lib:/opt/ros/humble/lib:/opt/MVS/lib/64:/opt/MVS/lib/32 PYTHONPATH=/home/nuc/rm_vision_ws/install/auto_aim_interfaces/local/lib/python3.10/dist-packages:${PYTHONPATH} /usr/bin/cmake --install /home/nuc/rm_vision_ws/build/rm_auto_aim
[0.855s] -- Install configuration: ""
[0.855s] -- Execute custom install script
[0.856s] -- Symlinking: /home/nuc/rm_vision_ws/install/rm_auto_aim/share/ament_index/resource_index/package_run_dependencies/rm_auto_aim
[0.872s] -- Symlinking: /home/nuc/rm_vision_ws/install/rm_auto_aim/share/ament_index/resource_index/parent_prefix_path/rm_auto_aim
[0.886s] -- Symlinking: /home/nuc/rm_vision_ws/install/rm_auto_aim/share/rm_auto_aim/environment/ament_prefix_path.sh
[0.899s] -- Symlinking: /home/nuc/rm_vision_ws/install/rm_auto_aim/share/rm_auto_aim/environment/ament_prefix_path.dsv
[0.913s] -- Symlinking: /home/nuc/rm_vision_ws/install/rm_auto_aim/share/rm_auto_aim/environment/path.sh
[0.927s] -- Symlinking: /home/nuc/rm_vision_ws/install/rm_auto_aim/share/rm_auto_aim/environment/path.dsv
[0.941s] -- Symlinking: /home/nuc/rm_vision_ws/install/rm_auto_aim/share/rm_auto_aim/local_setup.bash
[0.954s] -- Symlinking: /home/nuc/rm_vision_ws/install/rm_auto_aim/share/rm_auto_aim/local_setup.sh
[0.969s] -- Symlinking: /home/nuc/rm_vision_ws/install/rm_auto_aim/share/rm_auto_aim/local_setup.zsh
[0.984s] -- Symlinking: /home/nuc/rm_vision_ws/install/rm_auto_aim/share/rm_auto_aim/local_setup.dsv
[0.999s] -- Symlinking: /home/nuc/rm_vision_ws/install/rm_auto_aim/share/rm_auto_aim/package.dsv
[1.015s] -- Symlinking: /home/nuc/rm_vision_ws/install/rm_auto_aim/share/ament_index/resource_index/packages/rm_auto_aim
[1.030s] -- Symlinking: /home/nuc/rm_vision_ws/install/rm_auto_aim/share/rm_auto_aim/cmake/rm_auto_aimConfig.cmake
[1.044s] -- Symlinking: /home/nuc/rm_vision_ws/install/rm_auto_aim/share/rm_auto_aim/cmake/rm_auto_aimConfig-version.cmake
[1.058s] -- Symlinking: /home/nuc/rm_vision_ws/install/rm_auto_aim/share/rm_auto_aim/package.xml
[1.075s] Invoked command in '/home/nuc/rm_vision_ws/build/rm_auto_aim' returned '0': AMENT_PREFIX_PATH=/home/nuc/rm_vision_ws/install/armor_tracker:/home/nuc/rm_vision_ws/install/armor_detector:/home/nuc/rm_vision_ws/install/auto_aim_interfaces:${AMENT_PREFIX_PATH} CMAKE_PREFIX_PATH=/home/nuc/rm_vision_ws/install/armor_tracker:/home/nuc/rm_vision_ws/install/armor_detector:/home/nuc/rm_vision_ws/install/auto_aim_interfaces:/opt/ros/humble LD_LIBRARY_PATH=/home/nuc/rm_vision_ws/install/armor_tracker/lib:/home/nuc/rm_vision_ws/install/armor_detector/lib:/home/nuc/rm_vision_ws/install/auto_aim_interfaces/lib:/opt/MVS/lib/64:/opt/MVS/lib/32:/opt/MVS/lib/64:/opt/MVS/lib/32:/usr/lib/x86_64-linux-gnu/gazebo-11/plugins:/opt/ros/humble/opt/rviz_ogre_vendor/lib:/opt/ros/humble/lib/x86_64-linux-gnu:/opt/ros/humble/opt/openvdb_vendor/lib:/opt/ros/humble/lib:/opt/MVS/lib/64:/opt/MVS/lib/32 PYTHONPATH=/home/nuc/rm_vision_ws/install/auto_aim_interfaces/local/lib/python3.10/dist-packages:${PYTHONPATH} /usr/bin/cmake --install /home/nuc/rm_vision_ws/build/rm_auto_aim
