[0.070s] Invoking command in '/home/rosnoetic/vision_ws/rm_shaobing_vision/build/armor_tracker': AMENT_PREFIX_PATH=/home/rosnoetic/vision_ws/rm_shaobing_vision/install/auto_aim_interfaces:${AMENT_PREFIX_PATH} CMAKE_PREFIX_PATH=/home/rosnoetic/vision_ws/rm_shaobing_vision/install/auto_aim_interfaces:/home/rosnoetic/ros_ws/install/rm_vision_bringup:/home/rosnoetic/ros_ws/install/rm_serial_driver:/home/rosnoetic/ros_ws/install/rm_gimbal_description:/home/rosnoetic/ros_ws/install/hik_camera:/home/rosnoetic/ros_ws/install/armor_tracker:/home/rosnoetic/ros_ws/install/armor_detector:/home/rosnoetic/ros_ws/install/auto_aim_interfaces:/opt/ros/humble LD_LIBRARY_PATH=/home/rosnoetic/vision_ws/rm_shaobing_vision/install/auto_aim_interfaces/lib:/opt/MVS/lib/64:/opt/MVS/lib/32:/opt/MVS/lib/64:/opt/MVS/lib/32:/home/rosnoetic/ros_ws/install/rm_serial_driver/lib:/home/rosnoetic/ros_ws/install/hik_camera/lib:/home/rosnoetic/ros_ws/install/armor_tracker/lib:/home/rosnoetic/ros_ws/install/armor_detector/lib:/home/rosnoetic/ros_ws/install/auto_aim_interfaces/lib:/usr/lib/x86_64-linux-gnu/gazebo-11/plugins:/opt/ros/humble/opt/rviz_ogre_vendor/lib:/opt/ros/humble/lib/x86_64-linux-gnu:/opt/ros/humble/lib:/opt/MVS/lib/64:/opt/MVS/lib/32:/opt/MVS/lib/64:/opt/MVS/lib/32 PYTHONPATH=/home/rosnoetic/vision_ws/rm_shaobing_vision/install/auto_aim_interfaces/local/lib/python3.10/dist-packages:${PYTHONPATH} /usr/bin/cmake --build /home/rosnoetic/vision_ws/rm_shaobing_vision/build/armor_tracker -- -j16 -l16
[0.219s] [35m[1mConsolidate compiler generated dependencies of target armor_tracker_node[0m
[0.240s] [35m[1mConsolidate compiler generated dependencies of target armor_tracker[0m
[0.253s] [ 33%] Built target armor_tracker_node
[0.298s] [ 50%] [32mBuilding CXX object CMakeFiles/armor_tracker.dir/src/tracker.cpp.o[0m
[0.300s] [ 66%] [32mBuilding CXX object CMakeFiles/armor_tracker.dir/src/tracker_node.cpp.o[0m
[3.420s] In file included from [01m[K/home/rosnoetic/vision_ws/rm_shaobing_vision/src/rm_auto_aim/armor_tracker/src/tracker.cpp:5[m[K:
[3.421s] [01m[K/home/rosnoetic/vision_ws/rm_shaobing_vision/src/rm_auto_aim/armor_tracker/include/armor_tracker/tracker.hpp:47:87:[m[K [01;31m[Kerror: [m[Kexpected ‘[01m[K;[m[K’ at end of member declaration
[3.421s]    47 |   double findDominantFrequency(const std::vector<double> &signal, double sampling_rate[01;31m[K)[m[K
[3.421s]       |                                                                                       [01;31m[K^[m[K
[3.421s]       |                                                                                        [32m[K;[m[K
[9.454s] In file included from [01m[K/home/rosnoetic/vision_ws/rm_shaobing_vision/src/rm_auto_aim/armor_tracker/include/armor_tracker/tracker_node.hpp:25[m[K,
[9.454s]                  from [01m[K/home/rosnoetic/vision_ws/rm_shaobing_vision/src/rm_auto_aim/armor_tracker/src/tracker_node.cpp:5[m[K:
[9.454s] [01m[K/home/rosnoetic/vision_ws/rm_shaobing_vision/src/rm_auto_aim/armor_tracker/include/armor_tracker/tracker.hpp:47:87:[m[K [01;31m[Kerror: [m[Kexpected ‘[01m[K;[m[K’ at end of member declaration
[9.454s]    47 |   double findDominantFrequency(const std::vector<double> &signal, double sampling_rate[01;31m[K)[m[K
[9.454s]       |                                                                                       [01;31m[K^[m[K
[9.454s]       |                                                                                        [32m[K;[m[K
[12.037s] gmake[2]: *** [CMakeFiles/armor_tracker.dir/build.make:90：CMakeFiles/armor_tracker.dir/src/tracker.cpp.o] 错误 1
[12.037s] gmake[2]: *** 正在等待未完成的任务....
[17.150s] gmake[2]: *** [CMakeFiles/armor_tracker.dir/build.make:104：CMakeFiles/armor_tracker.dir/src/tracker_node.cpp.o] 错误 1
[17.150s] gmake[1]: *** [CMakeFiles/Makefile2:139：CMakeFiles/armor_tracker.dir/all] 错误 2
[17.151s] gmake: *** [Makefile:146：all] 错误 2
[17.156s] Invoked command in '/home/rosnoetic/vision_ws/rm_shaobing_vision/build/armor_tracker' returned '2': AMENT_PREFIX_PATH=/home/rosnoetic/vision_ws/rm_shaobing_vision/install/auto_aim_interfaces:${AMENT_PREFIX_PATH} CMAKE_PREFIX_PATH=/home/rosnoetic/vision_ws/rm_shaobing_vision/install/auto_aim_interfaces:/home/rosnoetic/ros_ws/install/rm_vision_bringup:/home/rosnoetic/ros_ws/install/rm_serial_driver:/home/rosnoetic/ros_ws/install/rm_gimbal_description:/home/rosnoetic/ros_ws/install/hik_camera:/home/rosnoetic/ros_ws/install/armor_tracker:/home/rosnoetic/ros_ws/install/armor_detector:/home/rosnoetic/ros_ws/install/auto_aim_interfaces:/opt/ros/humble LD_LIBRARY_PATH=/home/rosnoetic/vision_ws/rm_shaobing_vision/install/auto_aim_interfaces/lib:/opt/MVS/lib/64:/opt/MVS/lib/32:/opt/MVS/lib/64:/opt/MVS/lib/32:/home/rosnoetic/ros_ws/install/rm_serial_driver/lib:/home/rosnoetic/ros_ws/install/hik_camera/lib:/home/rosnoetic/ros_ws/install/armor_tracker/lib:/home/rosnoetic/ros_ws/install/armor_detector/lib:/home/rosnoetic/ros_ws/install/auto_aim_interfaces/lib:/usr/lib/x86_64-linux-gnu/gazebo-11/plugins:/opt/ros/humble/opt/rviz_ogre_vendor/lib:/opt/ros/humble/lib/x86_64-linux-gnu:/opt/ros/humble/lib:/opt/MVS/lib/64:/opt/MVS/lib/32:/opt/MVS/lib/64:/opt/MVS/lib/32 PYTHONPATH=/home/rosnoetic/vision_ws/rm_shaobing_vision/install/auto_aim_interfaces/local/lib/python3.10/dist-packages:${PYTHONPATH} /usr/bin/cmake --build /home/rosnoetic/vision_ws/rm_shaobing_vision/build/armor_tracker -- -j16 -l16
