[0.019s] Invoking command in '/home/nuc/rm_vision_ws/build/rm_gimbal_description': CMAKE_PREFIX_PATH=${CMAKE_PREFIX_PATH}:/opt/ros/humble /usr/bin/cmake /home/nuc/rm_vision_ws/src/rm_gimbal_description -DCMAKE_INSTALL_PREFIX=/home/nuc/rm_vision_ws/install/rm_gimbal_description
[0.060s] -- Found ament_cmake: 1.3.10 (/opt/ros/humble/share/ament_cmake/cmake)
[0.167s] -- Override CMake install command with custom implementation using symlinks instead of copying resources
[0.174s] -- Found ament_lint_auto: 0.12.11 (/opt/ros/humble/share/ament_lint_auto/cmake)
[0.243s] -- Added test 'lint_cmake' to check CMake code style
[0.247s] -- Added test 'xmllint' to check XML markup files
[0.248s] -- Configuring done
[0.253s] -- Generating done
[0.254s] -- Build files have been written to: /home/nuc/rm_vision_ws/build/rm_gimbal_description
[0.257s] Invoked command in '/home/nuc/rm_vision_ws/build/rm_gimbal_description' returned '0': CMAKE_PREFIX_PATH=${CMAKE_PREFIX_PATH}:/opt/ros/humble /usr/bin/cmake /home/nuc/rm_vision_ws/src/rm_gimbal_description -DCMAKE_INSTALL_PREFIX=/home/nuc/rm_vision_ws/install/rm_gimbal_description
[0.259s] Invoking command in '/home/nuc/rm_vision_ws/build/rm_gimbal_description': CMAKE_PREFIX_PATH=${CMAKE_PREFIX_PATH}:/opt/ros/humble /usr/bin/cmake --build /home/nuc/rm_vision_ws/build/rm_gimbal_description -- -j16 -l16
[0.301s] Invoked command in '/home/nuc/rm_vision_ws/build/rm_gimbal_description' returned '0': CMAKE_PREFIX_PATH=${CMAKE_PREFIX_PATH}:/opt/ros/humble /usr/bin/cmake --build /home/nuc/rm_vision_ws/build/rm_gimbal_description -- -j16 -l16
[0.340s] Invoking command in '/home/nuc/rm_vision_ws/build/rm_gimbal_description': CMAKE_PREFIX_PATH=${CMAKE_PREFIX_PATH}:/opt/ros/humble /usr/bin/cmake --install /home/nuc/rm_vision_ws/build/rm_gimbal_description
[0.349s] -- Install configuration: ""
[0.349s] -- Execute custom install script
[0.350s] -- Up-to-date symlink: /home/nuc/rm_vision_ws/install/rm_gimbal_description/share/rm_gimbal_description/urdf/rm_gimbal.urdf.xacro
[0.350s] -- Up-to-date symlink: /home/nuc/rm_vision_ws/install/rm_gimbal_description/share/ament_index/resource_index/package_run_dependencies/rm_gimbal_description
[0.350s] -- Up-to-date symlink: /home/nuc/rm_vision_ws/install/rm_gimbal_description/share/ament_index/resource_index/parent_prefix_path/rm_gimbal_description
[0.350s] -- Up-to-date symlink: /home/nuc/rm_vision_ws/install/rm_gimbal_description/share/rm_gimbal_description/environment/ament_prefix_path.sh
[0.351s] -- Up-to-date symlink: /home/nuc/rm_vision_ws/install/rm_gimbal_description/share/rm_gimbal_description/environment/ament_prefix_path.dsv
[0.351s] -- Up-to-date symlink: /home/nuc/rm_vision_ws/install/rm_gimbal_description/share/rm_gimbal_description/environment/path.sh
[0.351s] -- Up-to-date symlink: /home/nuc/rm_vision_ws/install/rm_gimbal_description/share/rm_gimbal_description/environment/path.dsv
[0.351s] -- Up-to-date symlink: /home/nuc/rm_vision_ws/install/rm_gimbal_description/share/rm_gimbal_description/local_setup.bash
[0.352s] -- Up-to-date symlink: /home/nuc/rm_vision_ws/install/rm_gimbal_description/share/rm_gimbal_description/local_setup.sh
[0.352s] -- Up-to-date symlink: /home/nuc/rm_vision_ws/install/rm_gimbal_description/share/rm_gimbal_description/local_setup.zsh
[0.352s] -- Up-to-date symlink: /home/nuc/rm_vision_ws/install/rm_gimbal_description/share/rm_gimbal_description/local_setup.dsv
[0.352s] -- Symlinking: /home/nuc/rm_vision_ws/install/rm_gimbal_description/share/rm_gimbal_description/package.dsv
[0.361s] -- Up-to-date symlink: /home/nuc/rm_vision_ws/install/rm_gimbal_description/share/ament_index/resource_index/packages/rm_gimbal_description
[0.361s] -- Up-to-date symlink: /home/nuc/rm_vision_ws/install/rm_gimbal_description/share/rm_gimbal_description/cmake/rm_gimbal_descriptionConfig.cmake
[0.361s] -- Up-to-date symlink: /home/nuc/rm_vision_ws/install/rm_gimbal_description/share/rm_gimbal_description/cmake/rm_gimbal_descriptionConfig-version.cmake
[0.361s] -- Up-to-date symlink: /home/nuc/rm_vision_ws/install/rm_gimbal_description/share/rm_gimbal_description/package.xml
[0.363s] Invoked command in '/home/nuc/rm_vision_ws/build/rm_gimbal_description' returned '0': CMAKE_PREFIX_PATH=${CMAKE_PREFIX_PATH}:/opt/ros/humble /usr/bin/cmake --install /home/nuc/rm_vision_ws/build/rm_gimbal_description
