[0.007s] Invoking command in '/home/nuc/rm_vision_ws/build/buff_tracker': AMENT_PREFIX_PATH=/home/nuc/rm_vision_ws/install/buff_interfaces:${AMENT_PREFIX_PATH} CMAKE_PREFIX_PATH=/home/nuc/rm_vision_ws/install/buff_interfaces:/home/nuc/ros_ws_ADD_NEW/install/rm_vision_bringup:/home/nuc/ros_ws_ADD_NEW/install/rm_serial_driver:/home/nuc/ros_ws_ADD_NEW/install/rm_gimbal_description:/home/nuc/ros_ws_ADD_NEW/install/hik_camera:/home/nuc/ros_ws_ADD_NEW/install/armor_tracker:/home/nuc/ros_ws_ADD_NEW/install/armor_detector:/home/nuc/ros_ws_ADD_NEW/install/auto_aim_interfaces:/opt/ros/humble LD_LIBRARY_PATH=/home/nuc/rm_vision_ws/install/buff_interfaces/lib:${LD_LIBRARY_PATH} PYTHONPATH=/home/nuc/rm_vision_ws/install/buff_interfaces/local/lib/python3.10/dist-packages:${PYTHONPATH} /usr/bin/cmake --build /home/nuc/rm_vision_ws/build/buff_tracker -- -j16 -l16
[0.053s] [35m[1mConsolidate compiler generated dependencies of target buff_tracker[0m
[0.064s] [ 28%] Built target buff_tracker_node
[0.076s] [100%] Built target buff_tracker
[0.087s] Invoked command in '/home/nuc/rm_vision_ws/build/buff_tracker' returned '0': AMENT_PREFIX_PATH=/home/nuc/rm_vision_ws/install/buff_interfaces:${AMENT_PREFIX_PATH} CMAKE_PREFIX_PATH=/home/nuc/rm_vision_ws/install/buff_interfaces:/home/nuc/ros_ws_ADD_NEW/install/rm_vision_bringup:/home/nuc/ros_ws_ADD_NEW/install/rm_serial_driver:/home/nuc/ros_ws_ADD_NEW/install/rm_gimbal_description:/home/nuc/ros_ws_ADD_NEW/install/hik_camera:/home/nuc/ros_ws_ADD_NEW/install/armor_tracker:/home/nuc/ros_ws_ADD_NEW/install/armor_detector:/home/nuc/ros_ws_ADD_NEW/install/auto_aim_interfaces:/opt/ros/humble LD_LIBRARY_PATH=/home/nuc/rm_vision_ws/install/buff_interfaces/lib:${LD_LIBRARY_PATH} PYTHONPATH=/home/nuc/rm_vision_ws/install/buff_interfaces/local/lib/python3.10/dist-packages:${PYTHONPATH} /usr/bin/cmake --build /home/nuc/rm_vision_ws/build/buff_tracker -- -j16 -l16
[0.121s] Invoking command in '/home/nuc/rm_vision_ws/build/buff_tracker': AMENT_PREFIX_PATH=/home/nuc/rm_vision_ws/install/buff_interfaces:${AMENT_PREFIX_PATH} CMAKE_PREFIX_PATH=/home/nuc/rm_vision_ws/install/buff_interfaces:/home/nuc/ros_ws_ADD_NEW/install/rm_vision_bringup:/home/nuc/ros_ws_ADD_NEW/install/rm_serial_driver:/home/nuc/ros_ws_ADD_NEW/install/rm_gimbal_description:/home/nuc/ros_ws_ADD_NEW/install/hik_camera:/home/nuc/ros_ws_ADD_NEW/install/armor_tracker:/home/nuc/ros_ws_ADD_NEW/install/armor_detector:/home/nuc/ros_ws_ADD_NEW/install/auto_aim_interfaces:/opt/ros/humble LD_LIBRARY_PATH=/home/nuc/rm_vision_ws/install/buff_interfaces/lib:${LD_LIBRARY_PATH} PYTHONPATH=/home/nuc/rm_vision_ws/install/buff_interfaces/local/lib/python3.10/dist-packages:${PYTHONPATH} /usr/bin/cmake --install /home/nuc/rm_vision_ws/build/buff_tracker
[0.129s] -- Install configuration: ""
[0.129s] -- Execute custom install script
[0.129s] -- Up-to-date symlink: /home/nuc/rm_vision_ws/install/buff_tracker/lib/buff_tracker/buff_tracker_node
[0.130s] -- Up-to-date symlink: /home/nuc/rm_vision_ws/install/buff_tracker/include/buff_tracker/extended_kalman_filter.hpp
[0.130s] -- Up-to-date symlink: /home/nuc/rm_vision_ws/install/buff_tracker/include/buff_tracker/gauss_newton_solver.hpp
[0.130s] -- Up-to-date symlink: /home/nuc/rm_vision_ws/install/buff_tracker/include/buff_tracker/tracker.hpp
[0.130s] -- Up-to-date symlink: /home/nuc/rm_vision_ws/install/buff_tracker/include/buff_tracker/tracker_node.hpp
[0.130s] -- Up-to-date symlink: /home/nuc/rm_vision_ws/install/buff_tracker/share/buff_tracker/environment/library_path.sh
[0.130s] -- Up-to-date symlink: /home/nuc/rm_vision_ws/install/buff_tracker/share/buff_tracker/environment/library_path.dsv
[0.131s] -- Up-to-date symlink: /home/nuc/rm_vision_ws/install/buff_tracker/lib/libbuff_tracker.so
[0.131s] -- Up-to-date symlink: /home/nuc/rm_vision_ws/install/buff_tracker/share/ament_index/resource_index/package_run_dependencies/buff_tracker
[0.131s] -- Up-to-date symlink: /home/nuc/rm_vision_ws/install/buff_tracker/share/ament_index/resource_index/parent_prefix_path/buff_tracker
[0.131s] -- Up-to-date symlink: /home/nuc/rm_vision_ws/install/buff_tracker/share/buff_tracker/environment/ament_prefix_path.sh
[0.132s] -- Up-to-date symlink: /home/nuc/rm_vision_ws/install/buff_tracker/share/buff_tracker/environment/ament_prefix_path.dsv
[0.132s] -- Up-to-date symlink: /home/nuc/rm_vision_ws/install/buff_tracker/share/buff_tracker/environment/path.sh
[0.132s] -- Up-to-date symlink: /home/nuc/rm_vision_ws/install/buff_tracker/share/buff_tracker/environment/path.dsv
[0.132s] -- Up-to-date symlink: /home/nuc/rm_vision_ws/install/buff_tracker/share/buff_tracker/local_setup.bash
[0.132s] -- Up-to-date symlink: /home/nuc/rm_vision_ws/install/buff_tracker/share/buff_tracker/local_setup.sh
[0.132s] -- Up-to-date symlink: /home/nuc/rm_vision_ws/install/buff_tracker/share/buff_tracker/local_setup.zsh
[0.132s] -- Up-to-date symlink: /home/nuc/rm_vision_ws/install/buff_tracker/share/buff_tracker/local_setup.dsv
[0.132s] -- Symlinking: /home/nuc/rm_vision_ws/install/buff_tracker/share/buff_tracker/package.dsv
[0.140s] -- Up-to-date symlink: /home/nuc/rm_vision_ws/install/buff_tracker/share/ament_index/resource_index/packages/buff_tracker
[0.140s] -- Up-to-date symlink: /home/nuc/rm_vision_ws/install/buff_tracker/share/ament_index/resource_index/rclcpp_components/buff_tracker
[0.141s] -- Up-to-date symlink: /home/nuc/rm_vision_ws/install/buff_tracker/share/buff_tracker/cmake/ament_cmake_export_dependencies-extras.cmake
[0.141s] -- Up-to-date symlink: /home/nuc/rm_vision_ws/install/buff_tracker/share/buff_tracker/cmake/ament_cmake_export_include_directories-extras.cmake
[0.141s] -- Up-to-date symlink: /home/nuc/rm_vision_ws/install/buff_tracker/share/buff_tracker/cmake/ament_cmake_export_libraries-extras.cmake
[0.141s] -- Up-to-date symlink: /home/nuc/rm_vision_ws/install/buff_tracker/share/buff_tracker/cmake/buff_trackerConfig.cmake
[0.141s] -- Up-to-date symlink: /home/nuc/rm_vision_ws/install/buff_tracker/share/buff_tracker/cmake/buff_trackerConfig-version.cmake
[0.141s] -- Up-to-date symlink: /home/nuc/rm_vision_ws/install/buff_tracker/share/buff_tracker/package.xml
[0.145s] Invoked command in '/home/nuc/rm_vision_ws/build/buff_tracker' returned '0': AMENT_PREFIX_PATH=/home/nuc/rm_vision_ws/install/buff_interfaces:${AMENT_PREFIX_PATH} CMAKE_PREFIX_PATH=/home/nuc/rm_vision_ws/install/buff_interfaces:/home/nuc/ros_ws_ADD_NEW/install/rm_vision_bringup:/home/nuc/ros_ws_ADD_NEW/install/rm_serial_driver:/home/nuc/ros_ws_ADD_NEW/install/rm_gimbal_description:/home/nuc/ros_ws_ADD_NEW/install/hik_camera:/home/nuc/ros_ws_ADD_NEW/install/armor_tracker:/home/nuc/ros_ws_ADD_NEW/install/armor_detector:/home/nuc/ros_ws_ADD_NEW/install/auto_aim_interfaces:/opt/ros/humble LD_LIBRARY_PATH=/home/nuc/rm_vision_ws/install/buff_interfaces/lib:${LD_LIBRARY_PATH} PYTHONPATH=/home/nuc/rm_vision_ws/install/buff_interfaces/local/lib/python3.10/dist-packages:${PYTHONPATH} /usr/bin/cmake --install /home/nuc/rm_vision_ws/build/buff_tracker
