[0.057s] Invoking command in '/home/rosnoetic/rm_shaobing_vision/build/rm_auto_record': CMAKE_PREFIX_PATH=${CMAKE_PREFIX_PATH}:/home/rosnoetic/ros_ws/install/rm_vision_bringup:/home/rosnoetic/ros_ws/install/rm_serial_driver:/home/rosnoetic/ros_ws/install/rm_gimbal_description:/home/rosnoetic/ros_ws/install/hik_camera:/home/rosnoetic/ros_ws/install/armor_tracker:/home/rosnoetic/ros_ws/install/armor_detector:/home/rosnoetic/ros_ws/install/auto_aim_interfaces:/opt/ros/humble /usr/bin/cmake --build /home/rosnoetic/rm_shaobing_vision/build/rm_auto_record -- -j16 -l16
[0.162s] [35m[1mConsolidate compiler generated dependencies of target rm_auto_record[0m
[0.176s] [35m[1mConsolidate compiler generated dependencies of target rm_auto_record_node[0m
[0.203s] [ 50%] Built target rm_auto_record
[0.257s] [100%] Built target rm_auto_record_node
[0.412s] Invoked command in '/home/rosnoetic/rm_shaobing_vision/build/rm_auto_record' returned '0': CMAKE_PREFIX_PATH=${CMAKE_PREFIX_PATH}:/home/rosnoetic/ros_ws/install/rm_vision_bringup:/home/rosnoetic/ros_ws/install/rm_serial_driver:/home/rosnoetic/ros_ws/install/rm_gimbal_description:/home/rosnoetic/ros_ws/install/hik_camera:/home/rosnoetic/ros_ws/install/armor_tracker:/home/rosnoetic/ros_ws/install/armor_detector:/home/rosnoetic/ros_ws/install/auto_aim_interfaces:/opt/ros/humble /usr/bin/cmake --build /home/rosnoetic/rm_shaobing_vision/build/rm_auto_record -- -j16 -l16
[0.588s] Invoking command in '/home/rosnoetic/rm_shaobing_vision/build/rm_auto_record': CMAKE_PREFIX_PATH=${CMAKE_PREFIX_PATH}:/home/rosnoetic/ros_ws/install/rm_vision_bringup:/home/rosnoetic/ros_ws/install/rm_serial_driver:/home/rosnoetic/ros_ws/install/rm_gimbal_description:/home/rosnoetic/ros_ws/install/hik_camera:/home/rosnoetic/ros_ws/install/armor_tracker:/home/rosnoetic/ros_ws/install/armor_detector:/home/rosnoetic/ros_ws/install/auto_aim_interfaces:/opt/ros/humble /usr/bin/cmake --install /home/rosnoetic/rm_shaobing_vision/build/rm_auto_record
[0.622s] -- Install configuration: ""
[0.623s] -- Up-to-date: /home/rosnoetic/rm_shaobing_vision/install/rm_auto_record/lib/rm_auto_record/rm_auto_record_node
[0.623s] -- Up-to-date: /home/rosnoetic/rm_shaobing_vision/install/rm_auto_record/include
[0.623s] -- Up-to-date: /home/rosnoetic/rm_shaobing_vision/install/rm_auto_record/include/rm_auto_record
[0.623s] -- Up-to-date: /home/rosnoetic/rm_shaobing_vision/install/rm_auto_record/include/rm_auto_record/record_node.hpp
[0.623s] -- Up-to-date: /home/rosnoetic/rm_shaobing_vision/install/rm_auto_record/share/rm_auto_record/environment/library_path.sh
[0.623s] -- Up-to-date: /home/rosnoetic/rm_shaobing_vision/install/rm_auto_record/share/rm_auto_record/environment/library_path.dsv
[0.623s] -- Up-to-date: /home/rosnoetic/rm_shaobing_vision/install/rm_auto_record/lib/librm_auto_record.so
[0.623s] -- Up-to-date: /home/rosnoetic/rm_shaobing_vision/install/rm_auto_record/share/rm_auto_record/config
[0.623s] -- Up-to-date: /home/rosnoetic/rm_shaobing_vision/install/rm_auto_record/share/rm_auto_record/config/node_params.yaml
[0.623s] -- Up-to-date: /home/rosnoetic/rm_shaobing_vision/install/rm_auto_record/share/rm_auto_record/launch
[0.624s] -- Up-to-date: /home/rosnoetic/rm_shaobing_vision/install/rm_auto_record/share/rm_auto_record/launch/auto_record.launch.py
[0.624s] -- Up-to-date: /home/rosnoetic/rm_shaobing_vision/install/rm_auto_record/share/ament_index/resource_index/package_run_dependencies/rm_auto_record
[0.624s] -- Up-to-date: /home/rosnoetic/rm_shaobing_vision/install/rm_auto_record/share/ament_index/resource_index/parent_prefix_path/rm_auto_record
[0.624s] -- Up-to-date: /home/rosnoetic/rm_shaobing_vision/install/rm_auto_record/share/rm_auto_record/environment/ament_prefix_path.sh
[0.624s] -- Up-to-date: /home/rosnoetic/rm_shaobing_vision/install/rm_auto_record/share/rm_auto_record/environment/ament_prefix_path.dsv
[0.625s] -- Up-to-date: /home/rosnoetic/rm_shaobing_vision/install/rm_auto_record/share/rm_auto_record/environment/path.sh
[0.625s] -- Up-to-date: /home/rosnoetic/rm_shaobing_vision/install/rm_auto_record/share/rm_auto_record/environment/path.dsv
[0.625s] -- Up-to-date: /home/rosnoetic/rm_shaobing_vision/install/rm_auto_record/share/rm_auto_record/local_setup.bash
[0.625s] -- Up-to-date: /home/rosnoetic/rm_shaobing_vision/install/rm_auto_record/share/rm_auto_record/local_setup.sh
[0.626s] -- Up-to-date: /home/rosnoetic/rm_shaobing_vision/install/rm_auto_record/share/rm_auto_record/local_setup.zsh
[0.626s] -- Up-to-date: /home/rosnoetic/rm_shaobing_vision/install/rm_auto_record/share/rm_auto_record/local_setup.dsv
[0.626s] -- Installing: /home/rosnoetic/rm_shaobing_vision/install/rm_auto_record/share/rm_auto_record/package.dsv
[0.627s] -- Up-to-date: /home/rosnoetic/rm_shaobing_vision/install/rm_auto_record/share/ament_index/resource_index/packages/rm_auto_record
[0.627s] -- Up-to-date: /home/rosnoetic/rm_shaobing_vision/install/rm_auto_record/share/ament_index/resource_index/rclcpp_components/rm_auto_record
[0.627s] -- Up-to-date: /home/rosnoetic/rm_shaobing_vision/install/rm_auto_record/share/rm_auto_record/cmake/ament_cmake_export_dependencies-extras.cmake
[0.628s] -- Up-to-date: /home/rosnoetic/rm_shaobing_vision/install/rm_auto_record/share/rm_auto_record/cmake/ament_cmake_export_include_directories-extras.cmake
[0.628s] -- Up-to-date: /home/rosnoetic/rm_shaobing_vision/install/rm_auto_record/share/rm_auto_record/cmake/ament_cmake_export_libraries-extras.cmake
[0.628s] -- Up-to-date: /home/rosnoetic/rm_shaobing_vision/install/rm_auto_record/share/rm_auto_record/cmake/rm_auto_recordConfig.cmake
[0.628s] -- Up-to-date: /home/rosnoetic/rm_shaobing_vision/install/rm_auto_record/share/rm_auto_record/cmake/rm_auto_recordConfig-version.cmake
[0.628s] -- Up-to-date: /home/rosnoetic/rm_shaobing_vision/install/rm_auto_record/share/rm_auto_record/package.xml
[0.653s] Invoked command in '/home/rosnoetic/rm_shaobing_vision/build/rm_auto_record' returned '0': CMAKE_PREFIX_PATH=${CMAKE_PREFIX_PATH}:/home/rosnoetic/ros_ws/install/rm_vision_bringup:/home/rosnoetic/ros_ws/install/rm_serial_driver:/home/rosnoetic/ros_ws/install/rm_gimbal_description:/home/rosnoetic/ros_ws/install/hik_camera:/home/rosnoetic/ros_ws/install/armor_tracker:/home/rosnoetic/ros_ws/install/armor_detector:/home/rosnoetic/ros_ws/install/auto_aim_interfaces:/opt/ros/humble /usr/bin/cmake --install /home/rosnoetic/rm_shaobing_vision/build/rm_auto_record
