[0.111s] Invoking command in '/home/rosnoetic/rm_shaobing_vision/build/buff_detector': AMENT_PREFIX_PATH=/home/rosnoetic/rm_shaobing_vision/install/buff_interfaces:${AMENT_PREFIX_PATH} CMAKE_PREFIX_PATH=/home/rosnoetic/rm_shaobing_vision/install/buff_interfaces:/home/rosnoetic/ros_ws/install/rm_vision_bringup:/home/rosnoetic/ros_ws/install/rm_serial_driver:/home/rosnoetic/ros_ws/install/rm_gimbal_description:/home/rosnoetic/ros_ws/install/hik_camera:/home/rosnoetic/ros_ws/install/armor_tracker:/home/rosnoetic/ros_ws/install/armor_detector:/home/rosnoetic/ros_ws/install/auto_aim_interfaces:/opt/ros/humble LD_LIBRARY_PATH=/home/rosnoetic/rm_shaobing_vision/install/buff_interfaces/lib:/opt/MVS/lib/64:/opt/MVS/lib/32:/opt/MVS/lib/64:/opt/MVS/lib/32:/home/rosnoetic/ros_ws/install/rm_serial_driver/lib:/home/rosnoetic/ros_ws/install/hik_camera/lib:/home/rosnoetic/ros_ws/install/armor_tracker/lib:/home/rosnoetic/ros_ws/install/armor_detector/lib:/home/rosnoetic/ros_ws/install/auto_aim_interfaces/lib:/usr/lib/x86_64-linux-gnu/gazebo-11/plugins:/opt/ros/humble/opt/rviz_ogre_vendor/lib:/opt/ros/humble/lib/x86_64-linux-gnu:/opt/ros/humble/lib:/opt/MVS/lib/64:/opt/MVS/lib/32:/opt/MVS/lib/64:/opt/MVS/lib/32 PYTHONPATH=/home/rosnoetic/rm_shaobing_vision/install/buff_interfaces/local/lib/python3.10/dist-packages:${PYTHONPATH} /usr/bin/cmake --build /home/rosnoetic/rm_shaobing_vision/build/buff_detector -- -j16 -l16
[0.692s] [ 33%] Built target buff_detector_node
[0.737s] [100%] Built target buff_detector
[0.831s] Invoked command in '/home/rosnoetic/rm_shaobing_vision/build/buff_detector' returned '0': AMENT_PREFIX_PATH=/home/rosnoetic/rm_shaobing_vision/install/buff_interfaces:${AMENT_PREFIX_PATH} CMAKE_PREFIX_PATH=/home/rosnoetic/rm_shaobing_vision/install/buff_interfaces:/home/rosnoetic/ros_ws/install/rm_vision_bringup:/home/rosnoetic/ros_ws/install/rm_serial_driver:/home/rosnoetic/ros_ws/install/rm_gimbal_description:/home/rosnoetic/ros_ws/install/hik_camera:/home/rosnoetic/ros_ws/install/armor_tracker:/home/rosnoetic/ros_ws/install/armor_detector:/home/rosnoetic/ros_ws/install/auto_aim_interfaces:/opt/ros/humble LD_LIBRARY_PATH=/home/rosnoetic/rm_shaobing_vision/install/buff_interfaces/lib:/opt/MVS/lib/64:/opt/MVS/lib/32:/opt/MVS/lib/64:/opt/MVS/lib/32:/home/rosnoetic/ros_ws/install/rm_serial_driver/lib:/home/rosnoetic/ros_ws/install/hik_camera/lib:/home/rosnoetic/ros_ws/install/armor_tracker/lib:/home/rosnoetic/ros_ws/install/armor_detector/lib:/home/rosnoetic/ros_ws/install/auto_aim_interfaces/lib:/usr/lib/x86_64-linux-gnu/gazebo-11/plugins:/opt/ros/humble/opt/rviz_ogre_vendor/lib:/opt/ros/humble/lib/x86_64-linux-gnu:/opt/ros/humble/lib:/opt/MVS/lib/64:/opt/MVS/lib/32:/opt/MVS/lib/64:/opt/MVS/lib/32 PYTHONPATH=/home/rosnoetic/rm_shaobing_vision/install/buff_interfaces/local/lib/python3.10/dist-packages:${PYTHONPATH} /usr/bin/cmake --build /home/rosnoetic/rm_shaobing_vision/build/buff_detector -- -j16 -l16
[1.341s] Invoking command in '/home/rosnoetic/rm_shaobing_vision/build/buff_detector': AMENT_PREFIX_PATH=/home/rosnoetic/rm_shaobing_vision/install/buff_interfaces:${AMENT_PREFIX_PATH} CMAKE_PREFIX_PATH=/home/rosnoetic/rm_shaobing_vision/install/buff_interfaces:/home/rosnoetic/ros_ws/install/rm_vision_bringup:/home/rosnoetic/ros_ws/install/rm_serial_driver:/home/rosnoetic/ros_ws/install/rm_gimbal_description:/home/rosnoetic/ros_ws/install/hik_camera:/home/rosnoetic/ros_ws/install/armor_tracker:/home/rosnoetic/ros_ws/install/armor_detector:/home/rosnoetic/ros_ws/install/auto_aim_interfaces:/opt/ros/humble LD_LIBRARY_PATH=/home/rosnoetic/rm_shaobing_vision/install/buff_interfaces/lib:/opt/MVS/lib/64:/opt/MVS/lib/32:/opt/MVS/lib/64:/opt/MVS/lib/32:/home/rosnoetic/ros_ws/install/rm_serial_driver/lib:/home/rosnoetic/ros_ws/install/hik_camera/lib:/home/rosnoetic/ros_ws/install/armor_tracker/lib:/home/rosnoetic/ros_ws/install/armor_detector/lib:/home/rosnoetic/ros_ws/install/auto_aim_interfaces/lib:/usr/lib/x86_64-linux-gnu/gazebo-11/plugins:/opt/ros/humble/opt/rviz_ogre_vendor/lib:/opt/ros/humble/lib/x86_64-linux-gnu:/opt/ros/humble/lib:/opt/MVS/lib/64:/opt/MVS/lib/32:/opt/MVS/lib/64:/opt/MVS/lib/32 PYTHONPATH=/home/rosnoetic/rm_shaobing_vision/install/buff_interfaces/local/lib/python3.10/dist-packages:${PYTHONPATH} /usr/bin/cmake --install /home/rosnoetic/rm_shaobing_vision/build/buff_detector
[1.413s] -- Install configuration: ""
[1.414s] -- Up-to-date: /home/rosnoetic/rm_shaobing_vision/install/buff_detector/lib/buff_detector/buff_detector_node
[1.419s] -- Up-to-date: /home/rosnoetic/rm_shaobing_vision/install/buff_detector/include
[1.419s] -- Up-to-date: /home/rosnoetic/rm_shaobing_vision/install/buff_detector/include/buff_detector
[1.419s] -- Up-to-date: /home/rosnoetic/rm_shaobing_vision/install/buff_detector/include/buff_detector/blade.hpp
[1.420s] -- Up-to-date: /home/rosnoetic/rm_shaobing_vision/install/buff_detector/include/buff_detector/detector.hpp
[1.420s] -- Up-to-date: /home/rosnoetic/rm_shaobing_vision/install/buff_detector/include/buff_detector/pnp_solver.hpp
[1.420s] -- Up-to-date: /home/rosnoetic/rm_shaobing_vision/install/buff_detector/include/buff_detector/detector_node.hpp
[1.421s] -- Up-to-date: /home/rosnoetic/rm_shaobing_vision/install/buff_detector/share/buff_detector/environment/library_path.sh
[1.421s] -- Up-to-date: /home/rosnoetic/rm_shaobing_vision/install/buff_detector/share/buff_detector/environment/library_path.dsv
[1.422s] -- Up-to-date: /home/rosnoetic/rm_shaobing_vision/install/buff_detector/lib/libbuff_detector.so
[1.432s] -- Up-to-date: /home/rosnoetic/rm_shaobing_vision/install/buff_detector/share/buff_detector/models
[1.433s] -- Up-to-date: /home/rosnoetic/rm_shaobing_vision/install/buff_detector/share/buff_detector/models/buff_quantized.xml
[1.433s] -- Up-to-date: /home/rosnoetic/rm_shaobing_vision/install/buff_detector/share/buff_detector/models/buff_quantized.bin
[1.433s] -- Up-to-date: /home/rosnoetic/rm_shaobing_vision/install/buff_detector/share/buff_detector/launch
[1.434s] -- Up-to-date: /home/rosnoetic/rm_shaobing_vision/install/buff_detector/share/buff_detector/launch/buff_detector.launch.py
[1.434s] -- Up-to-date: /home/rosnoetic/rm_shaobing_vision/install/buff_detector/share/ament_index/resource_index/package_run_dependencies/buff_detector
[1.434s] -- Up-to-date: /home/rosnoetic/rm_shaobing_vision/install/buff_detector/share/ament_index/resource_index/parent_prefix_path/buff_detector
[1.435s] -- Up-to-date: /home/rosnoetic/rm_shaobing_vision/install/buff_detector/share/buff_detector/environment/ament_prefix_path.sh
[1.437s] -- Up-to-date: /home/rosnoetic/rm_shaobing_vision/install/buff_detector/share/buff_detector/environment/ament_prefix_path.dsv
[1.437s] -- Up-to-date: /home/rosnoetic/rm_shaobing_vision/install/buff_detector/share/buff_detector/environment/path.sh
[1.438s] -- Up-to-date: /home/rosnoetic/rm_shaobing_vision/install/buff_detector/share/buff_detector/environment/path.dsv
[1.438s] -- Up-to-date: /home/rosnoetic/rm_shaobing_vision/install/buff_detector/share/buff_detector/local_setup.bash
[1.439s] -- Up-to-date: /home/rosnoetic/rm_shaobing_vision/install/buff_detector/share/buff_detector/local_setup.sh
[1.439s] -- Up-to-date: /home/rosnoetic/rm_shaobing_vision/install/buff_detector/share/buff_detector/local_setup.zsh
[1.444s] -- Up-to-date: /home/rosnoetic/rm_shaobing_vision/install/buff_detector/share/buff_detector/local_setup.dsv
[1.444s] -- Installing: /home/rosnoetic/rm_shaobing_vision/install/buff_detector/share/buff_detector/package.dsv
[1.444s] -- Up-to-date: /home/rosnoetic/rm_shaobing_vision/install/buff_detector/share/ament_index/resource_index/packages/buff_detector
[1.445s] -- Up-to-date: /home/rosnoetic/rm_shaobing_vision/install/buff_detector/share/ament_index/resource_index/rclcpp_components/buff_detector
[1.445s] -- Up-to-date: /home/rosnoetic/rm_shaobing_vision/install/buff_detector/share/buff_detector/cmake/ament_cmake_export_dependencies-extras.cmake
[1.445s] -- Up-to-date: /home/rosnoetic/rm_shaobing_vision/install/buff_detector/share/buff_detector/cmake/ament_cmake_export_include_directories-extras.cmake
[1.445s] -- Up-to-date: /home/rosnoetic/rm_shaobing_vision/install/buff_detector/share/buff_detector/cmake/ament_cmake_export_libraries-extras.cmake
[1.446s] -- Up-to-date: /home/rosnoetic/rm_shaobing_vision/install/buff_detector/share/buff_detector/cmake/buff_detectorConfig.cmake
[1.446s] -- Up-to-date: /home/rosnoetic/rm_shaobing_vision/install/buff_detector/share/buff_detector/cmake/buff_detectorConfig-version.cmake
[1.446s] -- Up-to-date: /home/rosnoetic/rm_shaobing_vision/install/buff_detector/share/buff_detector/package.xml
[1.456s] Invoked command in '/home/rosnoetic/rm_shaobing_vision/build/buff_detector' returned '0': AMENT_PREFIX_PATH=/home/rosnoetic/rm_shaobing_vision/install/buff_interfaces:${AMENT_PREFIX_PATH} CMAKE_PREFIX_PATH=/home/rosnoetic/rm_shaobing_vision/install/buff_interfaces:/home/rosnoetic/ros_ws/install/rm_vision_bringup:/home/rosnoetic/ros_ws/install/rm_serial_driver:/home/rosnoetic/ros_ws/install/rm_gimbal_description:/home/rosnoetic/ros_ws/install/hik_camera:/home/rosnoetic/ros_ws/install/armor_tracker:/home/rosnoetic/ros_ws/install/armor_detector:/home/rosnoetic/ros_ws/install/auto_aim_interfaces:/opt/ros/humble LD_LIBRARY_PATH=/home/rosnoetic/rm_shaobing_vision/install/buff_interfaces/lib:/opt/MVS/lib/64:/opt/MVS/lib/32:/opt/MVS/lib/64:/opt/MVS/lib/32:/home/rosnoetic/ros_ws/install/rm_serial_driver/lib:/home/rosnoetic/ros_ws/install/hik_camera/lib:/home/rosnoetic/ros_ws/install/armor_tracker/lib:/home/rosnoetic/ros_ws/install/armor_detector/lib:/home/rosnoetic/ros_ws/install/auto_aim_interfaces/lib:/usr/lib/x86_64-linux-gnu/gazebo-11/plugins:/opt/ros/humble/opt/rviz_ogre_vendor/lib:/opt/ros/humble/lib/x86_64-linux-gnu:/opt/ros/humble/lib:/opt/MVS/lib/64:/opt/MVS/lib/32:/opt/MVS/lib/64:/opt/MVS/lib/32 PYTHONPATH=/home/rosnoetic/rm_shaobing_vision/install/buff_interfaces/local/lib/python3.10/dist-packages:${PYTHONPATH} /usr/bin/cmake --install /home/rosnoetic/rm_shaobing_vision/build/buff_detector
