[0.018s] Invoking command in '/home/nuc/rm_vision_ws/build/armor_tracker': CMAKE_PREFIX_PATH=/home/nuc/rm_vision_ws/install/auto_aim_interfaces:/home/nuc/rm_vision_ws/install/rm_vision_bringup:/home/nuc/rm_vision_ws/install/rm_buff_bringup:/home/nuc/rm_vision_ws/install/rm_serial_driver:/home/nuc/rm_vision_ws/install/rm_gimbal_description:/home/nuc/rm_vision_ws/install/rm_buff:/home/nuc/rm_vision_ws/install/rm_auto_record:/home/nuc/rm_vision_ws/install/rm_auto_aim:/home/nuc/rm_vision_ws/install/hik_camera:/home/nuc/rm_vision_ws/install/buff_tracker:/home/nuc/rm_vision_ws/install/buff_detector:/home/nuc/rm_vision_ws/install/buff_interfaces:/home/nuc/rm_vision_ws/install/armor_tracker:/home/nuc/rm_vision_ws/install/armor_detector:/home/nuc/pb_rmsimulation/install/teb_local_planner:/home/nuc/pb_rmsimulation/install/teb_msgs:/home/nuc/pb_rmsimulation/install/ros2_livox_simulation:/home/nuc/pb_rmsimulation/install/rm_navigation:/home/nuc/pb_rmsimulation/install/rm_nav_bringup:/home/nuc/pb_rmsimulation/install/pointcloud_to_laserscan:/home/nuc/pb_rmsimulation/install/point_lio:/home/nuc/pb_rmsimulation/install/pb_rm_simulation:/home/nuc/pb_rmsimulation/install/icp_registration:/home/nuc/pb_rmsimulation/install/fast_lio:/home/nuc/pb_rmsimulation/install/livox_ros_driver2:/home/nuc/pb_rmsimulation/install/linefit_ground_segmentation_ros:/home/nuc/pb_rmsimulation/install/linefit_ground_segmentation:/home/nuc/pb_rmsimulation/install/imu_complementary_filter:/home/nuc/pb_rmsimulation/install/fake_vel_transform:/home/nuc/pb_rmsimulation/install/costmap_converter:/home/nuc/pb_rmsimulation/install/costmap_converter_msgs:/home/nuc/ros_ws_ADD_NEW/install/rm_vision_bringup:/home/nuc/ros_ws_ADD_NEW/install/rm_serial_driver:/home/nuc/ros_ws_ADD_NEW/install/rm_gimbal_description:/home/nuc/ros_ws_ADD_NEW/install/hik_camera:/home/nuc/ros_ws_ADD_NEW/install/armor_tracker:/home/nuc/ros_ws_ADD_NEW/install/armor_detector:/home/nuc/ros_ws_ADD_NEW/install/auto_aim_interfaces:/opt/ros/humble LD_LIBRARY_PATH=/home/nuc/rm_vision_ws/install/auto_aim_interfaces/lib:/opt/MVS/lib/64:/opt/MVS/lib/32:/home/nuc/rm_vision_ws/install/rm_serial_driver/lib:/home/nuc/rm_vision_ws/install/rm_auto_record/lib:/home/nuc/rm_vision_ws/install/hik_camera/lib:/home/nuc/rm_vision_ws/install/buff_tracker/lib:/home/nuc/rm_vision_ws/install/buff_detector/lib:/home/nuc/rm_vision_ws/install/buff_interfaces/lib:/home/nuc/rm_vision_ws/install/armor_tracker/lib:/home/nuc/rm_vision_ws/install/armor_detector/lib:/home/nuc/pb_rmsimulation/install/teb_local_planner/lib:/home/nuc/pb_rmsimulation/install/teb_msgs/lib:/home/nuc/pb_rmsimulation/install/ros2_livox_simulation/lib:/home/nuc/pb_rmsimulation/install/pointcloud_to_laserscan/lib:/home/nuc/pb_rmsimulation/install/livox_sdk2/lib:/home/nuc/pb_rmsimulation/install/icp_registration/lib:/home/nuc/pb_rmsimulation/install/fast_lio/lib:/home/nuc/pb_rmsimulation/install/livox_ros_driver2/lib:/home/nuc/pb_rmsimulation/install/linefit_ground_segmentation/lib:/home/nuc/pb_rmsimulation/install/imu_complementary_filter/lib:/home/nuc/pb_rmsimulation/install/fake_vel_transform/lib:/home/nuc/pb_rmsimulation/install/costmap_converter/lib:/home/nuc/pb_rmsimulation/install/costmap_converter_msgs/lib:/home/nuc/ros_ws_ADD_NEW/install/rm_serial_driver/lib:/home/nuc/ros_ws_ADD_NEW/install/hik_camera/lib:/home/nuc/ros_ws_ADD_NEW/install/armor_tracker/lib:/home/nuc/ros_ws_ADD_NEW/install/armor_detector/lib:/home/nuc/ros_ws_ADD_NEW/install/auto_aim_interfaces/lib:/usr/lib/x86_64-linux-gnu/gazebo-11/plugins:/opt/ros/humble/opt/rviz_ogre_vendor/lib:/opt/ros/humble/lib/x86_64-linux-gnu:/opt/ros/humble/opt/openvdb_vendor/lib:/opt/ros/humble/lib:/opt/MVS/lib/64:/opt/MVS/lib/32:/opt/MVS/lib/64:/opt/MVS/lib/32 /usr/bin/cmake --build /home/nuc/rm_vision_ws/build/armor_tracker -- -j16 -l16
[0.059s] [35m[1mConsolidate compiler generated dependencies of target armor_tracker[0m
[0.065s] [ 33%] Built target armor_tracker_node
[0.084s] [ 50%] [32mBuilding CXX object CMakeFiles/armor_tracker.dir/src/tracker.cpp.o[0m
[2.064s] In file included from [01m[K/opt/ros/humble/include/rclcpp/rclcpp/client.hpp:40[m[K,
[2.064s]                  from [01m[K/opt/ros/humble/include/rclcpp/rclcpp/callback_group.hpp:24[m[K,
[2.064s]                  from [01m[K/opt/ros/humble/include/rclcpp/rclcpp/any_executable.hpp:20[m[K,
[2.064s]                  from [01m[K/opt/ros/humble/include/rclcpp/rclcpp/memory_strategy.hpp:25[m[K,
[2.064s]                  from [01m[K/opt/ros/humble/include/rclcpp/rclcpp/memory_strategies.hpp:18[m[K,
[2.064s]                  from [01m[K/opt/ros/humble/include/rclcpp/rclcpp/executor_options.hpp:20[m[K,
[2.064s]                  from [01m[K/opt/ros/humble/include/rclcpp/rclcpp/executor.hpp:37[m[K,
[2.064s]                  from [01m[K/opt/ros/humble/include/rclcpp/rclcpp/executors/multi_threaded_executor.hpp:25[m[K,
[2.064s]                  from [01m[K/opt/ros/humble/include/rclcpp/rclcpp/executors.hpp:21[m[K,
[2.064s]                  from [01m[K/opt/ros/humble/include/rclcpp/rclcpp/rclcpp.hpp:155[m[K,
[2.064s]                  from [01m[K/opt/ros/humble/include/tf2_ros/tf2_ros/buffer_interface.h:48[m[K,
[2.064s]                  from [01m[K/opt/ros/humble/include/tf2_geometry_msgs/tf2_geometry_msgs/tf2_geometry_msgs.hpp:60[m[K,
[2.064s]                  from [01m[K/home/nuc/rm_vision_ws/src/rm_auto_aim/armor_tracker/src/tracker.cpp:13[m[K:
[2.064s] [01m[K/home/nuc/rm_vision_ws/src/rm_auto_aim/armor_tracker/src/tracker.cpp:[m[K In member function ‘[01m[Kvoid rm_auto_aim::Tracker::update(const SharedPtr&)[m[K’:
[2.064s] [01m[K/home/nuc/rm_vision_ws/src/rm_auto_aim/armor_tracker/src/tracker.cpp:160:15:[m[K [01;31m[Kerror: [m[K‘[01m[Kget_logger[m[K’ was not declared in this scope; did you mean ‘[01m[Krclcpp::get_logger[m[K’?
[2.064s]   160 |   RCLCPP_INFO([01;31m[Kget_logger[m[K(),"lost_thres %d",lost_thres);
[2.064s]       |               [01;31m[K^~~~~~~~~~[m[K
[2.064s] In file included from [01m[K/home/nuc/rm_vision_ws/src/rm_auto_aim/armor_tracker/src/tracker.cpp:12[m[K:
[2.064s] [01m[K/opt/ros/humble/include/rclcpp/rclcpp/logger.hpp:106:17:[m[K [01;36m[Knote: [m[K‘[01m[Krclcpp::get_logger[m[K’ declared here
[2.064s]   106 |   friend Logger [01;36m[Krclcpp[m[K::get_logger(const std::string & name);
[2.064s]       |                 [01;36m[K^~~~~~[m[K
[2.064s] In file included from [01m[K/opt/ros/humble/include/rclcpp/rclcpp/client.hpp:40[m[K,
[2.064s]                  from [01m[K/opt/ros/humble/include/rclcpp/rclcpp/callback_group.hpp:24[m[K,
[2.064s]                  from [01m[K/opt/ros/humble/include/rclcpp/rclcpp/any_executable.hpp:20[m[K,
[2.064s]                  from [01m[K/opt/ros/humble/include/rclcpp/rclcpp/memory_strategy.hpp:25[m[K,
[2.064s]                  from [01m[K/opt/ros/humble/include/rclcpp/rclcpp/memory_strategies.hpp:18[m[K,
[2.064s]                  from [01m[K/opt/ros/humble/include/rclcpp/rclcpp/executor_options.hpp:20[m[K,
[2.064s]                  from [01m[K/opt/ros/humble/include/rclcpp/rclcpp/executor.hpp:37[m[K,
[2.064s]                  from [01m[K/opt/ros/humble/include/rclcpp/rclcpp/executors/multi_threaded_executor.hpp:25[m[K,
[2.064s]                  from [01m[K/opt/ros/humble/include/rclcpp/rclcpp/executors.hpp:21[m[K,
[2.064s]                  from [01m[K/opt/ros/humble/include/rclcpp/rclcpp/rclcpp.hpp:155[m[K,
[2.065s]                  from [01m[K/opt/ros/humble/include/tf2_ros/tf2_ros/buffer_interface.h:48[m[K,
[2.065s]                  from [01m[K/opt/ros/humble/include/tf2_geometry_msgs/tf2_geometry_msgs/tf2_geometry_msgs.hpp:60[m[K,
[2.065s]                  from [01m[K/home/nuc/rm_vision_ws/src/rm_auto_aim/armor_tracker/src/tracker.cpp:13[m[K:
[2.065s] [01m[K/home/nuc/rm_vision_ws/src/rm_auto_aim/armor_tracker/src/tracker.cpp:160:3:[m[K [01;31m[Kerror: [m[Ktemplate argument 1 is invalid
[2.065s]   160 |   [01;31m[KRCLCPP_INFO[m[K(get_logger(),"lost_thres %d",lost_thres);
[2.065s]       |   [01;31m[K^~~~~~~~~~~[m[K
[2.065s] [01m[K/home/nuc/rm_vision_ws/src/rm_auto_aim/armor_tracker/src/tracker.cpp:160:3:[m[K [01;31m[Kerror: [m[Ktemplate argument 1 is invalid
[2.065s]   160 |   [01;31m[KRCLCPP_INFO[m[K(get_logger(),"lost_thres %d",lost_thres);
[2.065s]       |   [01;31m[K^~~~~~~~~~~[m[K
[2.065s] [01m[K/home/nuc/rm_vision_ws/src/rm_auto_aim/armor_tracker/src/tracker.cpp:160:3:[m[K [01;31m[Kerror: [m[Ktemplate argument 1 is invalid
[2.065s]   160 |   [01;31m[KRCLCPP_INFO[m[K(get_logger(),"lost_thres %d",lost_thres);
[2.065s]       |   [01;31m[K^~~~~~~~~~~[m[K
[2.403s] gmake[2]: *** [CMakeFiles/armor_tracker.dir/build.make:90：CMakeFiles/armor_tracker.dir/src/tracker.cpp.o] 错误 1
[2.403s] gmake[1]: *** [CMakeFiles/Makefile2:139：CMakeFiles/armor_tracker.dir/all] 错误 2
[2.403s] gmake: *** [Makefile:146：all] 错误 2
[2.406s] Invoked command in '/home/nuc/rm_vision_ws/build/armor_tracker' returned '2': CMAKE_PREFIX_PATH=/home/nuc/rm_vision_ws/install/auto_aim_interfaces:/home/nuc/rm_vision_ws/install/rm_vision_bringup:/home/nuc/rm_vision_ws/install/rm_buff_bringup:/home/nuc/rm_vision_ws/install/rm_serial_driver:/home/nuc/rm_vision_ws/install/rm_gimbal_description:/home/nuc/rm_vision_ws/install/rm_buff:/home/nuc/rm_vision_ws/install/rm_auto_record:/home/nuc/rm_vision_ws/install/rm_auto_aim:/home/nuc/rm_vision_ws/install/hik_camera:/home/nuc/rm_vision_ws/install/buff_tracker:/home/nuc/rm_vision_ws/install/buff_detector:/home/nuc/rm_vision_ws/install/buff_interfaces:/home/nuc/rm_vision_ws/install/armor_tracker:/home/nuc/rm_vision_ws/install/armor_detector:/home/nuc/pb_rmsimulation/install/teb_local_planner:/home/nuc/pb_rmsimulation/install/teb_msgs:/home/nuc/pb_rmsimulation/install/ros2_livox_simulation:/home/nuc/pb_rmsimulation/install/rm_navigation:/home/nuc/pb_rmsimulation/install/rm_nav_bringup:/home/nuc/pb_rmsimulation/install/pointcloud_to_laserscan:/home/nuc/pb_rmsimulation/install/point_lio:/home/nuc/pb_rmsimulation/install/pb_rm_simulation:/home/nuc/pb_rmsimulation/install/icp_registration:/home/nuc/pb_rmsimulation/install/fast_lio:/home/nuc/pb_rmsimulation/install/livox_ros_driver2:/home/nuc/pb_rmsimulation/install/linefit_ground_segmentation_ros:/home/nuc/pb_rmsimulation/install/linefit_ground_segmentation:/home/nuc/pb_rmsimulation/install/imu_complementary_filter:/home/nuc/pb_rmsimulation/install/fake_vel_transform:/home/nuc/pb_rmsimulation/install/costmap_converter:/home/nuc/pb_rmsimulation/install/costmap_converter_msgs:/home/nuc/ros_ws_ADD_NEW/install/rm_vision_bringup:/home/nuc/ros_ws_ADD_NEW/install/rm_serial_driver:/home/nuc/ros_ws_ADD_NEW/install/rm_gimbal_description:/home/nuc/ros_ws_ADD_NEW/install/hik_camera:/home/nuc/ros_ws_ADD_NEW/install/armor_tracker:/home/nuc/ros_ws_ADD_NEW/install/armor_detector:/home/nuc/ros_ws_ADD_NEW/install/auto_aim_interfaces:/opt/ros/humble LD_LIBRARY_PATH=/home/nuc/rm_vision_ws/install/auto_aim_interfaces/lib:/opt/MVS/lib/64:/opt/MVS/lib/32:/home/nuc/rm_vision_ws/install/rm_serial_driver/lib:/home/nuc/rm_vision_ws/install/rm_auto_record/lib:/home/nuc/rm_vision_ws/install/hik_camera/lib:/home/nuc/rm_vision_ws/install/buff_tracker/lib:/home/nuc/rm_vision_ws/install/buff_detector/lib:/home/nuc/rm_vision_ws/install/buff_interfaces/lib:/home/nuc/rm_vision_ws/install/armor_tracker/lib:/home/nuc/rm_vision_ws/install/armor_detector/lib:/home/nuc/pb_rmsimulation/install/teb_local_planner/lib:/home/nuc/pb_rmsimulation/install/teb_msgs/lib:/home/nuc/pb_rmsimulation/install/ros2_livox_simulation/lib:/home/nuc/pb_rmsimulation/install/pointcloud_to_laserscan/lib:/home/nuc/pb_rmsimulation/install/livox_sdk2/lib:/home/nuc/pb_rmsimulation/install/icp_registration/lib:/home/nuc/pb_rmsimulation/install/fast_lio/lib:/home/nuc/pb_rmsimulation/install/livox_ros_driver2/lib:/home/nuc/pb_rmsimulation/install/linefit_ground_segmentation/lib:/home/nuc/pb_rmsimulation/install/imu_complementary_filter/lib:/home/nuc/pb_rmsimulation/install/fake_vel_transform/lib:/home/nuc/pb_rmsimulation/install/costmap_converter/lib:/home/nuc/pb_rmsimulation/install/costmap_converter_msgs/lib:/home/nuc/ros_ws_ADD_NEW/install/rm_serial_driver/lib:/home/nuc/ros_ws_ADD_NEW/install/hik_camera/lib:/home/nuc/ros_ws_ADD_NEW/install/armor_tracker/lib:/home/nuc/ros_ws_ADD_NEW/install/armor_detector/lib:/home/nuc/ros_ws_ADD_NEW/install/auto_aim_interfaces/lib:/usr/lib/x86_64-linux-gnu/gazebo-11/plugins:/opt/ros/humble/opt/rviz_ogre_vendor/lib:/opt/ros/humble/lib/x86_64-linux-gnu:/opt/ros/humble/opt/openvdb_vendor/lib:/opt/ros/humble/lib:/opt/MVS/lib/64:/opt/MVS/lib/32:/opt/MVS/lib/64:/opt/MVS/lib/32 /usr/bin/cmake --build /home/nuc/rm_vision_ws/build/armor_tracker -- -j16 -l16
