[0.059s] Invoking command in '/home/rosnoetic/rm_shaobing_vision/build/rm_auto_record': CMAKE_PREFIX_PATH=${CMAKE_PREFIX_PATH}:/home/rosnoetic/ros_ws/install/rm_vision_bringup:/home/rosnoetic/ros_ws/install/rm_serial_driver:/home/rosnoetic/ros_ws/install/rm_gimbal_description:/home/rosnoetic/ros_ws/install/hik_camera:/home/rosnoetic/ros_ws/install/armor_tracker:/home/rosnoetic/ros_ws/install/armor_detector:/home/rosnoetic/ros_ws/install/auto_aim_interfaces:/opt/ros/humble /usr/bin/cmake --build /home/rosnoetic/rm_shaobing_vision/build/rm_auto_record -- -j16 -l16
[0.207s] [ 50%] Built target rm_auto_record_node
[0.264s] [100%] Built target rm_auto_record
[0.302s] Invoked command in '/home/rosnoetic/rm_shaobing_vision/build/rm_auto_record' returned '0': CMAKE_PREFIX_PATH=${CMAKE_PREFIX_PATH}:/home/rosnoetic/ros_ws/install/rm_vision_bringup:/home/rosnoetic/ros_ws/install/rm_serial_driver:/home/rosnoetic/ros_ws/install/rm_gimbal_description:/home/rosnoetic/ros_ws/install/hik_camera:/home/rosnoetic/ros_ws/install/armor_tracker:/home/rosnoetic/ros_ws/install/armor_detector:/home/rosnoetic/ros_ws/install/auto_aim_interfaces:/opt/ros/humble /usr/bin/cmake --build /home/rosnoetic/rm_shaobing_vision/build/rm_auto_record -- -j16 -l16
[0.488s] Invoking command in '/home/rosnoetic/rm_shaobing_vision/build/rm_auto_record': CMAKE_PREFIX_PATH=${CMAKE_PREFIX_PATH}:/home/rosnoetic/ros_ws/install/rm_vision_bringup:/home/rosnoetic/ros_ws/install/rm_serial_driver:/home/rosnoetic/ros_ws/install/rm_gimbal_description:/home/rosnoetic/ros_ws/install/hik_camera:/home/rosnoetic/ros_ws/install/armor_tracker:/home/rosnoetic/ros_ws/install/armor_detector:/home/rosnoetic/ros_ws/install/auto_aim_interfaces:/opt/ros/humble /usr/bin/cmake --install /home/rosnoetic/rm_shaobing_vision/build/rm_auto_record
[0.509s] -- Install configuration: ""
[0.509s] -- Up-to-date: /home/rosnoetic/rm_shaobing_vision/install/rm_auto_record/lib/rm_auto_record/rm_auto_record_node
[0.509s] -- Up-to-date: /home/rosnoetic/rm_shaobing_vision/install/rm_auto_record/include
[0.510s] -- Up-to-date: /home/rosnoetic/rm_shaobing_vision/install/rm_auto_record/include/rm_auto_record
[0.510s] -- Up-to-date: /home/rosnoetic/rm_shaobing_vision/install/rm_auto_record/include/rm_auto_record/record_node.hpp
[0.510s] -- Up-to-date: /home/rosnoetic/rm_shaobing_vision/install/rm_auto_record/share/rm_auto_record/environment/library_path.sh
[0.510s] -- Up-to-date: /home/rosnoetic/rm_shaobing_vision/install/rm_auto_record/share/rm_auto_record/environment/library_path.dsv
[0.510s] -- Up-to-date: /home/rosnoetic/rm_shaobing_vision/install/rm_auto_record/lib/librm_auto_record.so
[0.510s] -- Up-to-date: /home/rosnoetic/rm_shaobing_vision/install/rm_auto_record/share/rm_auto_record/config
[0.510s] -- Up-to-date: /home/rosnoetic/rm_shaobing_vision/install/rm_auto_record/share/rm_auto_record/config/node_params.yaml
[0.510s] -- Up-to-date: /home/rosnoetic/rm_shaobing_vision/install/rm_auto_record/share/rm_auto_record/launch
[0.510s] -- Up-to-date: /home/rosnoetic/rm_shaobing_vision/install/rm_auto_record/share/rm_auto_record/launch/auto_record.launch.py
[0.510s] -- Up-to-date: /home/rosnoetic/rm_shaobing_vision/install/rm_auto_record/share/ament_index/resource_index/package_run_dependencies/rm_auto_record
[0.511s] -- Up-to-date: /home/rosnoetic/rm_shaobing_vision/install/rm_auto_record/share/ament_index/resource_index/parent_prefix_path/rm_auto_record
[0.511s] -- Up-to-date: /home/rosnoetic/rm_shaobing_vision/install/rm_auto_record/share/rm_auto_record/environment/ament_prefix_path.sh
[0.511s] -- Up-to-date: /home/rosnoetic/rm_shaobing_vision/install/rm_auto_record/share/rm_auto_record/environment/ament_prefix_path.dsv
[0.512s] -- Up-to-date: /home/rosnoetic/rm_shaobing_vision/install/rm_auto_record/share/rm_auto_record/environment/path.sh
[0.513s] -- Up-to-date: /home/rosnoetic/rm_shaobing_vision/install/rm_auto_record/share/rm_auto_record/environment/path.dsv
[0.513s] -- Up-to-date: /home/rosnoetic/rm_shaobing_vision/install/rm_auto_record/share/rm_auto_record/local_setup.bash
[0.513s] -- Up-to-date: /home/rosnoetic/rm_shaobing_vision/install/rm_auto_record/share/rm_auto_record/local_setup.sh
[0.513s] -- Up-to-date: /home/rosnoetic/rm_shaobing_vision/install/rm_auto_record/share/rm_auto_record/local_setup.zsh
[0.513s] -- Up-to-date: /home/rosnoetic/rm_shaobing_vision/install/rm_auto_record/share/rm_auto_record/local_setup.dsv
[0.513s] -- Installing: /home/rosnoetic/rm_shaobing_vision/install/rm_auto_record/share/rm_auto_record/package.dsv
[0.513s] -- Up-to-date: /home/rosnoetic/rm_shaobing_vision/install/rm_auto_record/share/ament_index/resource_index/packages/rm_auto_record
[0.513s] -- Up-to-date: /home/rosnoetic/rm_shaobing_vision/install/rm_auto_record/share/ament_index/resource_index/rclcpp_components/rm_auto_record
[0.515s] -- Up-to-date: /home/rosnoetic/rm_shaobing_vision/install/rm_auto_record/share/rm_auto_record/cmake/ament_cmake_export_dependencies-extras.cmake
[0.515s] -- Up-to-date: /home/rosnoetic/rm_shaobing_vision/install/rm_auto_record/share/rm_auto_record/cmake/ament_cmake_export_include_directories-extras.cmake
[0.516s] -- Up-to-date: /home/rosnoetic/rm_shaobing_vision/install/rm_auto_record/share/rm_auto_record/cmake/ament_cmake_export_libraries-extras.cmake
[0.516s] -- Up-to-date: /home/rosnoetic/rm_shaobing_vision/install/rm_auto_record/share/rm_auto_record/cmake/rm_auto_recordConfig.cmake
[0.516s] -- Up-to-date: /home/rosnoetic/rm_shaobing_vision/install/rm_auto_record/share/rm_auto_record/cmake/rm_auto_recordConfig-version.cmake
[0.516s] -- Up-to-date: /home/rosnoetic/rm_shaobing_vision/install/rm_auto_record/share/rm_auto_record/package.xml
[0.521s] Invoked command in '/home/rosnoetic/rm_shaobing_vision/build/rm_auto_record' returned '0': CMAKE_PREFIX_PATH=${CMAKE_PREFIX_PATH}:/home/rosnoetic/ros_ws/install/rm_vision_bringup:/home/rosnoetic/ros_ws/install/rm_serial_driver:/home/rosnoetic/ros_ws/install/rm_gimbal_description:/home/rosnoetic/ros_ws/install/hik_camera:/home/rosnoetic/ros_ws/install/armor_tracker:/home/rosnoetic/ros_ws/install/armor_detector:/home/rosnoetic/ros_ws/install/auto_aim_interfaces:/opt/ros/humble /usr/bin/cmake --install /home/rosnoetic/rm_shaobing_vision/build/rm_auto_record
