[0.022s] Invoking command in '/home/nuc/rm_vision_ws/build/auto_aim_interfaces': CMAKE_PREFIX_PATH=${CMAKE_PREFIX_PATH}:/opt/ros/humble /usr/bin/cmake /home/nuc/rm_vision_ws/src/rm_auto_aim/auto_aim_interfaces -DCMAKE_INSTALL_PREFIX=/home/nuc/rm_vision_ws/install/auto_aim_interfaces
[0.068s] -- Found ament_cmake: 1.3.10 (/opt/ros/humble/share/ament_cmake/cmake)
[0.167s] -- Override CMake install command with custom implementation using symlinks instead of copying resources
[0.181s] -- Found rosidl_default_generators: 1.2.0 (/opt/ros/humble/share/rosidl_default_generators/cmake)
[0.186s] -- Using all available rosidl_typesupport_c: rosidl_typesupport_fastrtps_c;rosidl_typesupport_introspection_c
[0.189s] -- Found rosidl_adapter: 3.1.5 (/opt/ros/humble/share/rosidl_adapter/cmake)
[0.218s] -- Using all available rosidl_typesupport_cpp: rosidl_typesupport_fastrtps_cpp;rosidl_typesupport_introspection_cpp
[0.243s] -- Found geometry_msgs: 4.2.4 (/opt/ros/humble/share/geometry_msgs/cmake)
[0.558s] -- Found ament_cmake_ros: 0.10.0 (/opt/ros/humble/share/ament_cmake_ros/cmake)
[0.739s] -- Using all available rosidl_typesupport_c: rosidl_typesupport_fastrtps_c;rosidl_typesupport_introspection_c
[0.960s] -- Using all available rosidl_typesupport_cpp: rosidl_typesupport_fastrtps_cpp;rosidl_typesupport_introspection_cpp
[0.981s] -- Found python_cmake_module: 0.10.0 (/opt/ros/humble/share/python_cmake_module/cmake)
[1.001s] -- Using PYTHON_EXECUTABLE: /usr/bin/python3
[1.001s] -- Using PYTHON_INCLUDE_DIRS: /usr/include/python3.10
[1.001s] -- Using PYTHON_LIBRARIES: /usr/lib/x86_64-linux-gnu/libpython3.10.so
[1.044s] -- Configuring done
[1.091s] -- Generating done
[1.093s] -- Build files have been written to: /home/nuc/rm_vision_ws/build/auto_aim_interfaces
[1.098s] Invoked command in '/home/nuc/rm_vision_ws/build/auto_aim_interfaces' returned '0': CMAKE_PREFIX_PATH=${CMAKE_PREFIX_PATH}:/opt/ros/humble /usr/bin/cmake /home/nuc/rm_vision_ws/src/rm_auto_aim/auto_aim_interfaces -DCMAKE_INSTALL_PREFIX=/home/nuc/rm_vision_ws/install/auto_aim_interfaces
[1.099s] Invoking command in '/home/nuc/rm_vision_ws/build/auto_aim_interfaces': CMAKE_PREFIX_PATH=${CMAKE_PREFIX_PATH}:/opt/ros/humble /usr/bin/cmake --build /home/nuc/rm_vision_ws/build/auto_aim_interfaces -- -j16 -l16
[1.149s] [  1%] [34m[1mGenerating C code for ROS interfaces[0m
[1.159s] [  2%] [34m[1mGenerating C++ code for ROS interfaces[0m
[1.161s] [  2%] Built target ament_cmake_python_symlink_auto_aim_interfaces
[1.322s] running egg_info
[1.322s] writing auto_aim_interfaces.egg-info/PKG-INFO
[1.322s] writing dependency_links to auto_aim_interfaces.egg-info/dependency_links.txt
[1.323s] writing top-level names to auto_aim_interfaces.egg-info/top_level.txt
[1.324s] reading manifest file 'auto_aim_interfaces.egg-info/SOURCES.txt'
[1.325s] writing manifest file 'auto_aim_interfaces.egg-info/SOURCES.txt'
[1.349s] [  2%] Built target ament_cmake_python_build_auto_aim_interfaces_egg
[1.539s] [  2%] Built target auto_aim_interfaces__cpp
[1.552s] [  3%] [34m[1mGenerating C++ introspection for ROS interfaces[0m
[1.552s] [  4%] [34m[1mGenerating C++ type support dispatch for ROS interfaces[0m
[1.554s] [  5%] [34m[1mGenerating C++ type support for eProsima Fast-RTPS[0m
[1.598s] [35m[1mConsolidate compiler generated dependencies of target auto_aim_interfaces__rosidl_generator_c[0m
[1.615s] [  9%] [32mBuilding C object CMakeFiles/auto_aim_interfaces__rosidl_generator_c.dir/rosidl_generator_c/auto_aim_interfaces/msg/detail/debug_lights__functions.c.o[0m
[1.615s] [  9%] [32mBuilding C object CMakeFiles/auto_aim_interfaces__rosidl_generator_c.dir/rosidl_generator_c/auto_aim_interfaces/msg/detail/armor__functions.c.o[0m
[1.615s] [  9%] [32mBuilding C object CMakeFiles/auto_aim_interfaces__rosidl_generator_c.dir/rosidl_generator_c/auto_aim_interfaces/msg/detail/target__functions.c.o[0m
[1.615s] [  9%] [32mBuilding C object CMakeFiles/auto_aim_interfaces__rosidl_generator_c.dir/rosidl_generator_c/auto_aim_interfaces/msg/detail/armors__functions.c.o[0m
[1.616s] [ 10%] [32mBuilding C object CMakeFiles/auto_aim_interfaces__rosidl_generator_c.dir/rosidl_generator_c/auto_aim_interfaces/msg/detail/tracker_info__functions.c.o[0m
[1.616s] [ 11%] [32mBuilding C object CMakeFiles/auto_aim_interfaces__rosidl_generator_c.dir/rosidl_generator_c/auto_aim_interfaces/msg/detail/debug_armors__functions.c.o[0m
[1.616s] [ 12%] [32mBuilding C object CMakeFiles/auto_aim_interfaces__rosidl_generator_c.dir/rosidl_generator_c/auto_aim_interfaces/msg/detail/debug_light__functions.c.o[0m
[1.616s] [ 13%] [32mBuilding C object CMakeFiles/auto_aim_interfaces__rosidl_generator_c.dir/rosidl_generator_c/auto_aim_interfaces/msg/detail/debug_armor__functions.c.o[0m
[1.617s] [ 14%] [32mBuilding C object CMakeFiles/auto_aim_interfaces__rosidl_generator_c.dir/rosidl_generator_c/auto_aim_interfaces/msg/detail/time_info__functions.c.o[0m
[1.710s] [ 15%] [32m[1mLinking C shared library libauto_aim_interfaces__rosidl_generator_c.so[0m
[1.756s] [ 15%] Built target auto_aim_interfaces__rosidl_generator_c
[1.766s] [ 16%] [34m[1mGenerating C type support dispatch for ROS interfaces[0m
[1.770s] [ 18%] [34m[1mGenerating C introspection for ROS interfaces[0m
[1.770s] [ 18%] [34m[1mGenerating C type support for eProsima Fast-RTPS[0m
[1.875s] [35m[1mConsolidate compiler generated dependencies of target auto_aim_interfaces__rosidl_typesupport_cpp[0m
[1.894s] [ 22%] [32mBuilding CXX object CMakeFiles/auto_aim_interfaces__rosidl_typesupport_cpp.dir/rosidl_typesupport_cpp/auto_aim_interfaces/msg/tracker_info__type_support.cpp.o[0m
[1.894s] [ 22%] [32mBuilding CXX object CMakeFiles/auto_aim_interfaces__rosidl_typesupport_cpp.dir/rosidl_typesupport_cpp/auto_aim_interfaces/msg/armor__type_support.cpp.o[0m
[1.894s] [ 22%] [32mBuilding CXX object CMakeFiles/auto_aim_interfaces__rosidl_typesupport_cpp.dir/rosidl_typesupport_cpp/auto_aim_interfaces/msg/debug_light__type_support.cpp.o[0m
[1.894s] [ 23%] [32mBuilding CXX object CMakeFiles/auto_aim_interfaces__rosidl_typesupport_cpp.dir/rosidl_typesupport_cpp/auto_aim_interfaces/msg/armors__type_support.cpp.o[0m
[1.894s] [ 24%] [32mBuilding CXX object CMakeFiles/auto_aim_interfaces__rosidl_typesupport_cpp.dir/rosidl_typesupport_cpp/auto_aim_interfaces/msg/debug_armor__type_support.cpp.o[0m
[1.895s] [ 26%] [32mBuilding CXX object CMakeFiles/auto_aim_interfaces__rosidl_typesupport_cpp.dir/rosidl_typesupport_cpp/auto_aim_interfaces/msg/debug_armors__type_support.cpp.o[0m
[1.895s] [ 26%] [32mBuilding CXX object CMakeFiles/auto_aim_interfaces__rosidl_typesupport_cpp.dir/rosidl_typesupport_cpp/auto_aim_interfaces/msg/debug_lights__type_support.cpp.o[0m
[1.896s] [ 27%] [32mBuilding CXX object CMakeFiles/auto_aim_interfaces__rosidl_typesupport_cpp.dir/rosidl_typesupport_cpp/auto_aim_interfaces/msg/target__type_support.cpp.o[0m
[1.896s] [ 28%] [32mBuilding CXX object CMakeFiles/auto_aim_interfaces__rosidl_typesupport_cpp.dir/rosidl_typesupport_cpp/auto_aim_interfaces/msg/time_info__type_support.cpp.o[0m
[1.903s] [35m[1mConsolidate compiler generated dependencies of target auto_aim_interfaces__rosidl_typesupport_introspection_cpp[0m
[1.918s] [ 29%] [32mBuilding CXX object CMakeFiles/auto_aim_interfaces__rosidl_typesupport_introspection_cpp.dir/rosidl_typesupport_introspection_cpp/auto_aim_interfaces/msg/detail/target__type_support.cpp.o[0m
[1.919s] [ 30%] [32mBuilding CXX object CMakeFiles/auto_aim_interfaces__rosidl_typesupport_introspection_cpp.dir/rosidl_typesupport_introspection_cpp/auto_aim_interfaces/msg/detail/armors__type_support.cpp.o[0m
[1.919s] [ 31%] [32mBuilding CXX object CMakeFiles/auto_aim_interfaces__rosidl_typesupport_introspection_cpp.dir/rosidl_typesupport_introspection_cpp/auto_aim_interfaces/msg/detail/armor__type_support.cpp.o[0m
[2.355s] [ 32%] [32mBuilding CXX object CMakeFiles/auto_aim_interfaces__rosidl_typesupport_introspection_cpp.dir/rosidl_typesupport_introspection_cpp/auto_aim_interfaces/msg/detail/debug_light__type_support.cpp.o[0m
[2.361s] [ 33%] [32mBuilding CXX object CMakeFiles/auto_aim_interfaces__rosidl_typesupport_introspection_cpp.dir/rosidl_typesupport_introspection_cpp/auto_aim_interfaces/msg/detail/debug_lights__type_support.cpp.o[0m
[2.367s] [ 34%] [32mBuilding CXX object CMakeFiles/auto_aim_interfaces__rosidl_typesupport_introspection_cpp.dir/rosidl_typesupport_introspection_cpp/auto_aim_interfaces/msg/detail/debug_armor__type_support.cpp.o[0m
[2.379s] [35m[1mConsolidate compiler generated dependencies of target auto_aim_interfaces__rosidl_typesupport_c[0m
[2.385s] [ 35%] [32m[1mLinking CXX shared library libauto_aim_interfaces__rosidl_typesupport_cpp.so[0m
[2.390s] [ 36%] [32mBuilding CXX object CMakeFiles/auto_aim_interfaces__rosidl_typesupport_introspection_cpp.dir/rosidl_typesupport_introspection_cpp/auto_aim_interfaces/msg/detail/tracker_info__type_support.cpp.o[0m
[2.392s] [ 37%] [32mBuilding CXX object CMakeFiles/auto_aim_interfaces__rosidl_typesupport_introspection_cpp.dir/rosidl_typesupport_introspection_cpp/auto_aim_interfaces/msg/detail/debug_armors__type_support.cpp.o[0m
[2.394s] [ 38%] [32mBuilding CXX object CMakeFiles/auto_aim_interfaces__rosidl_typesupport_introspection_cpp.dir/rosidl_typesupport_introspection_cpp/auto_aim_interfaces/msg/detail/time_info__type_support.cpp.o[0m
[2.401s] [ 40%] [32mBuilding CXX object CMakeFiles/auto_aim_interfaces__rosidl_typesupport_c.dir/rosidl_typesupport_c/auto_aim_interfaces/msg/armor__type_support.cpp.o[0m
[2.410s] [ 41%] [32mBuilding CXX object CMakeFiles/auto_aim_interfaces__rosidl_typesupport_c.dir/rosidl_typesupport_c/auto_aim_interfaces/msg/armors__type_support.cpp.o[0m
[2.451s] [35m[1mConsolidate compiler generated dependencies of target auto_aim_interfaces__rosidl_typesupport_fastrtps_cpp[0m
[2.463s] [ 42%] [32mBuilding CXX object CMakeFiles/auto_aim_interfaces__rosidl_typesupport_c.dir/rosidl_typesupport_c/auto_aim_interfaces/msg/debug_light__type_support.cpp.o[0m
[2.474s] [ 42%] Built target auto_aim_interfaces__rosidl_typesupport_cpp
[2.475s] [ 43%] [32mBuilding CXX object CMakeFiles/auto_aim_interfaces__rosidl_typesupport_c.dir/rosidl_typesupport_c/auto_aim_interfaces/msg/target__type_support.cpp.o[0m
[2.481s] [ 44%] [32mBuilding CXX object CMakeFiles/auto_aim_interfaces__rosidl_typesupport_fastrtps_cpp.dir/rosidl_typesupport_fastrtps_cpp/auto_aim_interfaces/msg/detail/dds_fastrtps/armor__type_support.cpp.o[0m
[2.493s] [ 45%] [32mBuilding CXX object CMakeFiles/auto_aim_interfaces__rosidl_typesupport_fastrtps_cpp.dir/rosidl_typesupport_fastrtps_cpp/auto_aim_interfaces/msg/detail/dds_fastrtps/armors__type_support.cpp.o[0m
[2.499s] [35m[1mConsolidate compiler generated dependencies of target auto_aim_interfaces__rosidl_typesupport_fastrtps_c[0m
[2.501s] [ 46%] [32mBuilding CXX object CMakeFiles/auto_aim_interfaces__rosidl_typesupport_fastrtps_cpp.dir/rosidl_typesupport_fastrtps_cpp/auto_aim_interfaces/msg/detail/dds_fastrtps/target__type_support.cpp.o[0m
[2.530s] [ 47%] [32mBuilding CXX object CMakeFiles/auto_aim_interfaces__rosidl_typesupport_c.dir/rosidl_typesupport_c/auto_aim_interfaces/msg/debug_lights__type_support.cpp.o[0m
[2.543s] [ 48%] [32mBuilding CXX object CMakeFiles/auto_aim_interfaces__rosidl_typesupport_fastrtps_c.dir/rosidl_typesupport_fastrtps_c/auto_aim_interfaces/msg/detail/armor__type_support_c.cpp.o[0m
[2.568s] [ 49%] [32mBuilding CXX object CMakeFiles/auto_aim_interfaces__rosidl_typesupport_fastrtps_c.dir/rosidl_typesupport_fastrtps_c/auto_aim_interfaces/msg/detail/armors__type_support_c.cpp.o[0m
[2.579s] [ 50%] [32mBuilding CXX object CMakeFiles/auto_aim_interfaces__rosidl_typesupport_c.dir/rosidl_typesupport_c/auto_aim_interfaces/msg/debug_armor__type_support.cpp.o[0m
[2.589s] [ 51%] [32mBuilding CXX object CMakeFiles/auto_aim_interfaces__rosidl_typesupport_fastrtps_c.dir/rosidl_typesupport_fastrtps_c/auto_aim_interfaces/msg/detail/target__type_support_c.cpp.o[0m
[2.627s] [ 52%] [32mBuilding CXX object CMakeFiles/auto_aim_interfaces__rosidl_typesupport_fastrtps_cpp.dir/rosidl_typesupport_fastrtps_cpp/auto_aim_interfaces/msg/detail/dds_fastrtps/debug_light__type_support.cpp.o[0m
[2.631s] [ 53%] [32mBuilding CXX object CMakeFiles/auto_aim_interfaces__rosidl_typesupport_c.dir/rosidl_typesupport_c/auto_aim_interfaces/msg/debug_armors__type_support.cpp.o[0m
[2.697s] [ 54%] [32mBuilding CXX object CMakeFiles/auto_aim_interfaces__rosidl_typesupport_c.dir/rosidl_typesupport_c/auto_aim_interfaces/msg/tracker_info__type_support.cpp.o[0m
[2.711s] [ 55%] [32mBuilding CXX object CMakeFiles/auto_aim_interfaces__rosidl_typesupport_fastrtps_cpp.dir/rosidl_typesupport_fastrtps_cpp/auto_aim_interfaces/msg/detail/dds_fastrtps/debug_lights__type_support.cpp.o[0m
[2.793s] [ 56%] [32mBuilding CXX object CMakeFiles/auto_aim_interfaces__rosidl_typesupport_c.dir/rosidl_typesupport_c/auto_aim_interfaces/msg/time_info__type_support.cpp.o[0m
[2.805s] [35m[1mConsolidate compiler generated dependencies of target auto_aim_interfaces__rosidl_typesupport_introspection_c[0m
[2.865s] [ 57%] [32mBuilding C object CMakeFiles/auto_aim_interfaces__rosidl_typesupport_introspection_c.dir/rosidl_typesupport_introspection_c/auto_aim_interfaces/msg/detail/armor__type_support.c.o[0m
[2.877s] [ 58%] [32m[1mLinking CXX shared library libauto_aim_interfaces__rosidl_typesupport_c.so[0m
[2.907s] [ 60%] [32mBuilding CXX object CMakeFiles/auto_aim_interfaces__rosidl_typesupport_fastrtps_cpp.dir/rosidl_typesupport_fastrtps_cpp/auto_aim_interfaces/msg/detail/dds_fastrtps/debug_armor__type_support.cpp.o[0m
[2.917s] [ 61%] [32mBuilding CXX object CMakeFiles/auto_aim_interfaces__rosidl_typesupport_fastrtps_cpp.dir/rosidl_typesupport_fastrtps_cpp/auto_aim_interfaces/msg/detail/dds_fastrtps/debug_armors__type_support.cpp.o[0m
[2.948s] [ 62%] [32mBuilding CXX object CMakeFiles/auto_aim_interfaces__rosidl_typesupport_fastrtps_cpp.dir/rosidl_typesupport_fastrtps_cpp/auto_aim_interfaces/msg/detail/dds_fastrtps/tracker_info__type_support.cpp.o[0m
[2.967s] [ 63%] [32mBuilding CXX object CMakeFiles/auto_aim_interfaces__rosidl_typesupport_fastrtps_c.dir/rosidl_typesupport_fastrtps_c/auto_aim_interfaces/msg/detail/debug_light__type_support_c.cpp.o[0m
[2.970s] [ 63%] Built target auto_aim_interfaces__rosidl_typesupport_c
[2.978s] [ 64%] [32mBuilding C object CMakeFiles/auto_aim_interfaces__rosidl_typesupport_introspection_c.dir/rosidl_typesupport_introspection_c/auto_aim_interfaces/msg/detail/armors__type_support.c.o[0m
[2.980s] [ 65%] [32mBuilding CXX object CMakeFiles/auto_aim_interfaces__rosidl_typesupport_fastrtps_cpp.dir/rosidl_typesupport_fastrtps_cpp/auto_aim_interfaces/msg/detail/dds_fastrtps/time_info__type_support.cpp.o[0m
[2.987s] [ 66%] [32mBuilding CXX object CMakeFiles/auto_aim_interfaces__rosidl_typesupport_fastrtps_c.dir/rosidl_typesupport_fastrtps_c/auto_aim_interfaces/msg/detail/debug_lights__type_support_c.cpp.o[0m
[3.004s] [ 67%] [32m[1mLinking CXX shared library libauto_aim_interfaces__rosidl_typesupport_introspection_cpp.so[0m
[3.057s] [ 68%] [32mBuilding C object CMakeFiles/auto_aim_interfaces__rosidl_typesupport_introspection_c.dir/rosidl_typesupport_introspection_c/auto_aim_interfaces/msg/detail/target__type_support.c.o[0m
[3.067s] [ 69%] [32mBuilding CXX object CMakeFiles/auto_aim_interfaces__rosidl_typesupport_fastrtps_c.dir/rosidl_typesupport_fastrtps_c/auto_aim_interfaces/msg/detail/debug_armor__type_support_c.cpp.o[0m
[3.102s] [ 70%] [32mBuilding CXX object CMakeFiles/auto_aim_interfaces__rosidl_typesupport_fastrtps_c.dir/rosidl_typesupport_fastrtps_c/auto_aim_interfaces/msg/detail/debug_armors__type_support_c.cpp.o[0m
[3.120s] [ 71%] [32mBuilding C object CMakeFiles/auto_aim_interfaces__rosidl_typesupport_introspection_c.dir/rosidl_typesupport_introspection_c/auto_aim_interfaces/msg/detail/debug_lights__type_support.c.o[0m
[3.126s] [ 72%] [32mBuilding C object CMakeFiles/auto_aim_interfaces__rosidl_typesupport_introspection_c.dir/rosidl_typesupport_introspection_c/auto_aim_interfaces/msg/detail/debug_light__type_support.c.o[0m
[3.142s] [ 73%] [32mBuilding CXX object CMakeFiles/auto_aim_interfaces__rosidl_typesupport_fastrtps_c.dir/rosidl_typesupport_fastrtps_c/auto_aim_interfaces/msg/detail/tracker_info__type_support_c.cpp.o[0m
[3.179s] [ 74%] [32mBuilding C object CMakeFiles/auto_aim_interfaces__rosidl_typesupport_introspection_c.dir/rosidl_typesupport_introspection_c/auto_aim_interfaces/msg/detail/debug_armors__type_support.c.o[0m
[3.185s] [ 75%] [32mBuilding C object CMakeFiles/auto_aim_interfaces__rosidl_typesupport_introspection_c.dir/rosidl_typesupport_introspection_c/auto_aim_interfaces/msg/detail/tracker_info__type_support.c.o[0m
[3.187s] [ 76%] [32mBuilding CXX object CMakeFiles/auto_aim_interfaces__rosidl_typesupport_fastrtps_c.dir/rosidl_typesupport_fastrtps_c/auto_aim_interfaces/msg/detail/time_info__type_support_c.cpp.o[0m
[3.187s] [ 77%] [32mBuilding C object CMakeFiles/auto_aim_interfaces__rosidl_typesupport_introspection_c.dir/rosidl_typesupport_introspection_c/auto_aim_interfaces/msg/detail/debug_armor__type_support.c.o[0m
[3.196s] [ 78%] [32mBuilding C object CMakeFiles/auto_aim_interfaces__rosidl_typesupport_introspection_c.dir/rosidl_typesupport_introspection_c/auto_aim_interfaces/msg/detail/time_info__type_support.c.o[0m
[3.226s] [ 78%] Built target auto_aim_interfaces__rosidl_typesupport_introspection_cpp
[3.260s] [ 80%] [32m[1mLinking C shared library libauto_aim_interfaces__rosidl_typesupport_introspection_c.so[0m
[3.325s] [ 80%] Built target auto_aim_interfaces__rosidl_typesupport_introspection_c
[3.514s] [ 81%] [32m[1mLinking CXX shared library libauto_aim_interfaces__rosidl_typesupport_fastrtps_cpp.so[0m
[3.546s] [ 82%] [32m[1mLinking CXX shared library libauto_aim_interfaces__rosidl_typesupport_fastrtps_c.so[0m
[3.599s] [ 82%] Built target auto_aim_interfaces__rosidl_typesupport_fastrtps_cpp
[3.614s] [ 82%] Built target auto_aim_interfaces__rosidl_typesupport_fastrtps_c
[3.640s] [ 82%] Built target auto_aim_interfaces
[3.666s] [ 83%] [34m[1mGenerating Python code for ROS interfaces[0m
[4.194s] [ 83%] Built target auto_aim_interfaces__py
[4.207s] [35m[1mConsolidate compiler generated dependencies of target auto_aim_interfaces__rosidl_generator_py[0m
[4.224s] [ 85%] [32mBuilding C object CMakeFiles/auto_aim_interfaces__rosidl_generator_py.dir/rosidl_generator_py/auto_aim_interfaces/msg/_debug_lights_s.c.o[0m
[4.224s] [ 85%] [32mBuilding C object CMakeFiles/auto_aim_interfaces__rosidl_generator_py.dir/rosidl_generator_py/auto_aim_interfaces/msg/_debug_light_s.c.o[0m
[4.224s] [ 86%] [32mBuilding C object CMakeFiles/auto_aim_interfaces__rosidl_generator_py.dir/rosidl_generator_py/auto_aim_interfaces/msg/_time_info_s.c.o[0m
[4.227s] [ 87%] [32mBuilding C object CMakeFiles/auto_aim_interfaces__rosidl_generator_py.dir/rosidl_generator_py/auto_aim_interfaces/msg/_armor_s.c.o[0m
[4.228s] [ 88%] [32mBuilding C object CMakeFiles/auto_aim_interfaces__rosidl_generator_py.dir/rosidl_generator_py/auto_aim_interfaces/msg/_armors_s.c.o[0m
[4.228s] [ 89%] [32mBuilding C object CMakeFiles/auto_aim_interfaces__rosidl_generator_py.dir/rosidl_generator_py/auto_aim_interfaces/msg/_target_s.c.o[0m
[4.228s] [ 90%] [32mBuilding C object CMakeFiles/auto_aim_interfaces__rosidl_generator_py.dir/rosidl_generator_py/auto_aim_interfaces/msg/_tracker_info_s.c.o[0m
[4.229s] [ 91%] [32mBuilding C object CMakeFiles/auto_aim_interfaces__rosidl_generator_py.dir/rosidl_generator_py/auto_aim_interfaces/msg/_debug_armor_s.c.o[0m
[4.229s] [ 92%] [32mBuilding C object CMakeFiles/auto_aim_interfaces__rosidl_generator_py.dir/rosidl_generator_py/auto_aim_interfaces/msg/_debug_armors_s.c.o[0m
[4.336s] [ 93%] [32m[1mLinking C shared library rosidl_generator_py/auto_aim_interfaces/libauto_aim_interfaces__rosidl_generator_py.so[0m
[4.376s] [ 93%] Built target auto_aim_interfaces__rosidl_generator_py
[4.388s] [35m[1mConsolidate compiler generated dependencies of target auto_aim_interfaces__rosidl_typesupport_c__pyext[0m
[4.388s] [35m[1mConsolidate compiler generated dependencies of target auto_aim_interfaces__rosidl_typesupport_introspection_c__pyext[0m
[4.389s] [35m[1mConsolidate compiler generated dependencies of target auto_aim_interfaces__rosidl_typesupport_fastrtps_c__pyext[0m
[4.401s] [ 95%] [32mBuilding C object CMakeFiles/auto_aim_interfaces__rosidl_typesupport_introspection_c__pyext.dir/rosidl_generator_py/auto_aim_interfaces/_auto_aim_interfaces_s.ep.rosidl_typesupport_introspection_c.c.o[0m
[4.401s] [ 95%] [32mBuilding C object CMakeFiles/auto_aim_interfaces__rosidl_typesupport_c__pyext.dir/rosidl_generator_py/auto_aim_interfaces/_auto_aim_interfaces_s.ep.rosidl_typesupport_c.c.o[0m
[4.402s] [ 96%] [32mBuilding C object CMakeFiles/auto_aim_interfaces__rosidl_typesupport_fastrtps_c__pyext.dir/rosidl_generator_py/auto_aim_interfaces/_auto_aim_interfaces_s.ep.rosidl_typesupport_fastrtps_c.c.o[0m
[4.482s] [ 97%] [32m[1mLinking C shared library rosidl_generator_py/auto_aim_interfaces/auto_aim_interfaces_s__rosidl_typesupport_c.cpython-310-x86_64-linux-gnu.so[0m
[4.484s] [ 98%] [32m[1mLinking C shared library rosidl_generator_py/auto_aim_interfaces/auto_aim_interfaces_s__rosidl_typesupport_fastrtps_c.cpython-310-x86_64-linux-gnu.so[0m
[4.484s] [100%] [32m[1mLinking C shared library rosidl_generator_py/auto_aim_interfaces/auto_aim_interfaces_s__rosidl_typesupport_introspection_c.cpython-310-x86_64-linux-gnu.so[0m
[4.520s] [100%] Built target auto_aim_interfaces__rosidl_typesupport_introspection_c__pyext
[4.521s] [100%] Built target auto_aim_interfaces__rosidl_typesupport_c__pyext
[4.521s] [100%] Built target auto_aim_interfaces__rosidl_typesupport_fastrtps_c__pyext
[4.533s] Invoked command in '/home/nuc/rm_vision_ws/build/auto_aim_interfaces' returned '0': CMAKE_PREFIX_PATH=${CMAKE_PREFIX_PATH}:/opt/ros/humble /usr/bin/cmake --build /home/nuc/rm_vision_ws/build/auto_aim_interfaces -- -j16 -l16
[4.816s] Invoking command in '/home/nuc/rm_vision_ws/build/auto_aim_interfaces': CMAKE_PREFIX_PATH=${CMAKE_PREFIX_PATH}:/opt/ros/humble /usr/bin/cmake --install /home/nuc/rm_vision_ws/build/auto_aim_interfaces
[4.823s] -- Install configuration: ""
[4.824s] -- Execute custom install script
[4.828s] -- Up-to-date symlink: /home/nuc/rm_vision_ws/install/auto_aim_interfaces/share/ament_index/resource_index/rosidl_interfaces/auto_aim_interfaces
[4.829s] -- Up-to-date symlink: /home/nuc/rm_vision_ws/install/auto_aim_interfaces/include/auto_aim_interfaces/auto_aim_interfaces/msg/armor.h
[4.829s] -- Up-to-date symlink: /home/nuc/rm_vision_ws/install/auto_aim_interfaces/include/auto_aim_interfaces/auto_aim_interfaces/msg/armors.h
[4.829s] -- Up-to-date symlink: /home/nuc/rm_vision_ws/install/auto_aim_interfaces/include/auto_aim_interfaces/auto_aim_interfaces/msg/debug_armor.h
[4.829s] -- Up-to-date symlink: /home/nuc/rm_vision_ws/install/auto_aim_interfaces/include/auto_aim_interfaces/auto_aim_interfaces/msg/debug_armors.h
[4.829s] -- Up-to-date symlink: /home/nuc/rm_vision_ws/install/auto_aim_interfaces/include/auto_aim_interfaces/auto_aim_interfaces/msg/debug_light.h
[4.829s] -- Up-to-date symlink: /home/nuc/rm_vision_ws/install/auto_aim_interfaces/include/auto_aim_interfaces/auto_aim_interfaces/msg/debug_lights.h
[4.830s] -- Up-to-date symlink: /home/nuc/rm_vision_ws/install/auto_aim_interfaces/include/auto_aim_interfaces/auto_aim_interfaces/msg/detail/armor__functions.h
[4.830s] -- Up-to-date symlink: /home/nuc/rm_vision_ws/install/auto_aim_interfaces/include/auto_aim_interfaces/auto_aim_interfaces/msg/detail/armor__struct.h
[4.830s] -- Up-to-date symlink: /home/nuc/rm_vision_ws/install/auto_aim_interfaces/include/auto_aim_interfaces/auto_aim_interfaces/msg/detail/armor__type_support.h
[4.830s] -- Up-to-date symlink: /home/nuc/rm_vision_ws/install/auto_aim_interfaces/include/auto_aim_interfaces/auto_aim_interfaces/msg/detail/armors__functions.h
[4.830s] -- Up-to-date symlink: /home/nuc/rm_vision_ws/install/auto_aim_interfaces/include/auto_aim_interfaces/auto_aim_interfaces/msg/detail/armors__struct.h
[4.830s] -- Up-to-date symlink: /home/nuc/rm_vision_ws/install/auto_aim_interfaces/include/auto_aim_interfaces/auto_aim_interfaces/msg/detail/armors__type_support.h
[4.831s] -- Up-to-date symlink: /home/nuc/rm_vision_ws/install/auto_aim_interfaces/include/auto_aim_interfaces/auto_aim_interfaces/msg/detail/debug_armor__functions.h
[4.831s] -- Up-to-date symlink: /home/nuc/rm_vision_ws/install/auto_aim_interfaces/include/auto_aim_interfaces/auto_aim_interfaces/msg/detail/debug_armor__struct.h
[4.831s] -- Up-to-date symlink: /home/nuc/rm_vision_ws/install/auto_aim_interfaces/include/auto_aim_interfaces/auto_aim_interfaces/msg/detail/debug_armor__type_support.h
[4.831s] -- Up-to-date symlink: /home/nuc/rm_vision_ws/install/auto_aim_interfaces/include/auto_aim_interfaces/auto_aim_interfaces/msg/detail/debug_armors__functions.h
[4.831s] -- Up-to-date symlink: /home/nuc/rm_vision_ws/install/auto_aim_interfaces/include/auto_aim_interfaces/auto_aim_interfaces/msg/detail/debug_armors__struct.h
[4.831s] -- Up-to-date symlink: /home/nuc/rm_vision_ws/install/auto_aim_interfaces/include/auto_aim_interfaces/auto_aim_interfaces/msg/detail/debug_armors__type_support.h
[4.831s] -- Up-to-date symlink: /home/nuc/rm_vision_ws/install/auto_aim_interfaces/include/auto_aim_interfaces/auto_aim_interfaces/msg/detail/debug_light__functions.h
[4.832s] -- Up-to-date symlink: /home/nuc/rm_vision_ws/install/auto_aim_interfaces/include/auto_aim_interfaces/auto_aim_interfaces/msg/detail/debug_light__struct.h
[4.832s] -- Up-to-date symlink: /home/nuc/rm_vision_ws/install/auto_aim_interfaces/include/auto_aim_interfaces/auto_aim_interfaces/msg/detail/debug_light__type_support.h
[4.832s] -- Up-to-date symlink: /home/nuc/rm_vision_ws/install/auto_aim_interfaces/include/auto_aim_interfaces/auto_aim_interfaces/msg/detail/debug_lights__functions.h
[4.832s] -- Up-to-date symlink: /home/nuc/rm_vision_ws/install/auto_aim_interfaces/include/auto_aim_interfaces/auto_aim_interfaces/msg/detail/debug_lights__struct.h
[4.832s] -- Up-to-date symlink: /home/nuc/rm_vision_ws/install/auto_aim_interfaces/include/auto_aim_interfaces/auto_aim_interfaces/msg/detail/debug_lights__type_support.h
[4.832s] -- Up-to-date symlink: /home/nuc/rm_vision_ws/install/auto_aim_interfaces/include/auto_aim_interfaces/auto_aim_interfaces/msg/detail/target__functions.h
[4.833s] -- Up-to-date symlink: /home/nuc/rm_vision_ws/install/auto_aim_interfaces/include/auto_aim_interfaces/auto_aim_interfaces/msg/detail/target__struct.h
[4.833s] -- Up-to-date symlink: /home/nuc/rm_vision_ws/install/auto_aim_interfaces/include/auto_aim_interfaces/auto_aim_interfaces/msg/detail/target__type_support.h
[4.833s] -- Up-to-date symlink: /home/nuc/rm_vision_ws/install/auto_aim_interfaces/include/auto_aim_interfaces/auto_aim_interfaces/msg/detail/time_info__functions.h
[4.833s] -- Up-to-date symlink: /home/nuc/rm_vision_ws/install/auto_aim_interfaces/include/auto_aim_interfaces/auto_aim_interfaces/msg/detail/time_info__struct.h
[4.833s] -- Up-to-date symlink: /home/nuc/rm_vision_ws/install/auto_aim_interfaces/include/auto_aim_interfaces/auto_aim_interfaces/msg/detail/time_info__type_support.h
[4.833s] -- Up-to-date symlink: /home/nuc/rm_vision_ws/install/auto_aim_interfaces/include/auto_aim_interfaces/auto_aim_interfaces/msg/detail/tracker_info__functions.h
[4.833s] -- Up-to-date symlink: /home/nuc/rm_vision_ws/install/auto_aim_interfaces/include/auto_aim_interfaces/auto_aim_interfaces/msg/detail/tracker_info__struct.h
[4.834s] -- Up-to-date symlink: /home/nuc/rm_vision_ws/install/auto_aim_interfaces/include/auto_aim_interfaces/auto_aim_interfaces/msg/detail/tracker_info__type_support.h
[4.834s] -- Up-to-date symlink: /home/nuc/rm_vision_ws/install/auto_aim_interfaces/include/auto_aim_interfaces/auto_aim_interfaces/msg/rosidl_generator_c__visibility_control.h
[4.834s] -- Up-to-date symlink: /home/nuc/rm_vision_ws/install/auto_aim_interfaces/include/auto_aim_interfaces/auto_aim_interfaces/msg/target.h
[4.834s] -- Up-to-date symlink: /home/nuc/rm_vision_ws/install/auto_aim_interfaces/include/auto_aim_interfaces/auto_aim_interfaces/msg/time_info.h
[4.834s] -- Up-to-date symlink: /home/nuc/rm_vision_ws/install/auto_aim_interfaces/include/auto_aim_interfaces/auto_aim_interfaces/msg/tracker_info.h
[4.834s] -- Up-to-date symlink: /home/nuc/rm_vision_ws/install/auto_aim_interfaces/share/auto_aim_interfaces/environment/library_path.sh
[4.835s] -- Up-to-date symlink: /home/nuc/rm_vision_ws/install/auto_aim_interfaces/share/auto_aim_interfaces/environment/library_path.dsv
[4.835s] -- Up-to-date symlink: /home/nuc/rm_vision_ws/install/auto_aim_interfaces/include/auto_aim_interfaces/auto_aim_interfaces/msg/detail/armor__rosidl_typesupport_fastrtps_c.h
[4.835s] -- Up-to-date symlink: /home/nuc/rm_vision_ws/install/auto_aim_interfaces/include/auto_aim_interfaces/auto_aim_interfaces/msg/detail/armors__rosidl_typesupport_fastrtps_c.h
[4.836s] -- Up-to-date symlink: /home/nuc/rm_vision_ws/install/auto_aim_interfaces/include/auto_aim_interfaces/auto_aim_interfaces/msg/detail/debug_armor__rosidl_typesupport_fastrtps_c.h
[4.836s] -- Up-to-date symlink: /home/nuc/rm_vision_ws/install/auto_aim_interfaces/include/auto_aim_interfaces/auto_aim_interfaces/msg/detail/debug_armors__rosidl_typesupport_fastrtps_c.h
[4.836s] -- Up-to-date symlink: /home/nuc/rm_vision_ws/install/auto_aim_interfaces/include/auto_aim_interfaces/auto_aim_interfaces/msg/detail/debug_light__rosidl_typesupport_fastrtps_c.h
[4.836s] -- Up-to-date symlink: /home/nuc/rm_vision_ws/install/auto_aim_interfaces/include/auto_aim_interfaces/auto_aim_interfaces/msg/detail/debug_lights__rosidl_typesupport_fastrtps_c.h
[4.836s] -- Up-to-date symlink: /home/nuc/rm_vision_ws/install/auto_aim_interfaces/include/auto_aim_interfaces/auto_aim_interfaces/msg/detail/target__rosidl_typesupport_fastrtps_c.h
[4.836s] -- Up-to-date symlink: /home/nuc/rm_vision_ws/install/auto_aim_interfaces/include/auto_aim_interfaces/auto_aim_interfaces/msg/detail/time_info__rosidl_typesupport_fastrtps_c.h
[4.837s] -- Up-to-date symlink: /home/nuc/rm_vision_ws/install/auto_aim_interfaces/include/auto_aim_interfaces/auto_aim_interfaces/msg/detail/tracker_info__rosidl_typesupport_fastrtps_c.h
[4.837s] -- Up-to-date symlink: /home/nuc/rm_vision_ws/install/auto_aim_interfaces/include/auto_aim_interfaces/auto_aim_interfaces/msg/rosidl_typesupport_fastrtps_c__visibility_control.h
[4.837s] -- Up-to-date symlink: /home/nuc/rm_vision_ws/install/auto_aim_interfaces/include/auto_aim_interfaces/auto_aim_interfaces/msg/detail/armor__rosidl_typesupport_introspection_c.h
[4.837s] -- Up-to-date symlink: /home/nuc/rm_vision_ws/install/auto_aim_interfaces/include/auto_aim_interfaces/auto_aim_interfaces/msg/detail/armors__rosidl_typesupport_introspection_c.h
[4.838s] -- Up-to-date symlink: /home/nuc/rm_vision_ws/install/auto_aim_interfaces/include/auto_aim_interfaces/auto_aim_interfaces/msg/detail/debug_armor__rosidl_typesupport_introspection_c.h
[4.838s] -- Up-to-date symlink: /home/nuc/rm_vision_ws/install/auto_aim_interfaces/include/auto_aim_interfaces/auto_aim_interfaces/msg/detail/debug_armors__rosidl_typesupport_introspection_c.h
[4.838s] -- Up-to-date symlink: /home/nuc/rm_vision_ws/install/auto_aim_interfaces/include/auto_aim_interfaces/auto_aim_interfaces/msg/detail/debug_light__rosidl_typesupport_introspection_c.h
[4.838s] -- Up-to-date symlink: /home/nuc/rm_vision_ws/install/auto_aim_interfaces/include/auto_aim_interfaces/auto_aim_interfaces/msg/detail/debug_lights__rosidl_typesupport_introspection_c.h
[4.838s] -- Up-to-date symlink: /home/nuc/rm_vision_ws/install/auto_aim_interfaces/include/auto_aim_interfaces/auto_aim_interfaces/msg/detail/target__rosidl_typesupport_introspection_c.h
[4.838s] -- Up-to-date symlink: /home/nuc/rm_vision_ws/install/auto_aim_interfaces/include/auto_aim_interfaces/auto_aim_interfaces/msg/detail/time_info__rosidl_typesupport_introspection_c.h
[4.839s] -- Up-to-date symlink: /home/nuc/rm_vision_ws/install/auto_aim_interfaces/include/auto_aim_interfaces/auto_aim_interfaces/msg/detail/tracker_info__rosidl_typesupport_introspection_c.h
[4.839s] -- Up-to-date symlink: /home/nuc/rm_vision_ws/install/auto_aim_interfaces/include/auto_aim_interfaces/auto_aim_interfaces/msg/rosidl_typesupport_introspection_c__visibility_control.h
[4.839s] -- Up-to-date symlink: /home/nuc/rm_vision_ws/install/auto_aim_interfaces/include/auto_aim_interfaces/auto_aim_interfaces/msg/armor.hpp
[4.839s] -- Up-to-date symlink: /home/nuc/rm_vision_ws/install/auto_aim_interfaces/include/auto_aim_interfaces/auto_aim_interfaces/msg/armors.hpp
[4.840s] -- Up-to-date symlink: /home/nuc/rm_vision_ws/install/auto_aim_interfaces/include/auto_aim_interfaces/auto_aim_interfaces/msg/debug_armor.hpp
[4.840s] -- Up-to-date symlink: /home/nuc/rm_vision_ws/install/auto_aim_interfaces/include/auto_aim_interfaces/auto_aim_interfaces/msg/debug_armors.hpp
[4.840s] -- Up-to-date symlink: /home/nuc/rm_vision_ws/install/auto_aim_interfaces/include/auto_aim_interfaces/auto_aim_interfaces/msg/debug_light.hpp
[4.840s] -- Up-to-date symlink: /home/nuc/rm_vision_ws/install/auto_aim_interfaces/include/auto_aim_interfaces/auto_aim_interfaces/msg/debug_lights.hpp
[4.840s] -- Up-to-date symlink: /home/nuc/rm_vision_ws/install/auto_aim_interfaces/include/auto_aim_interfaces/auto_aim_interfaces/msg/detail/armor__builder.hpp
[4.840s] -- Up-to-date symlink: /home/nuc/rm_vision_ws/install/auto_aim_interfaces/include/auto_aim_interfaces/auto_aim_interfaces/msg/detail/armor__struct.hpp
[4.841s] -- Up-to-date symlink: /home/nuc/rm_vision_ws/install/auto_aim_interfaces/include/auto_aim_interfaces/auto_aim_interfaces/msg/detail/armor__traits.hpp
[4.841s] -- Up-to-date symlink: /home/nuc/rm_vision_ws/install/auto_aim_interfaces/include/auto_aim_interfaces/auto_aim_interfaces/msg/detail/armors__builder.hpp
[4.841s] -- Up-to-date symlink: /home/nuc/rm_vision_ws/install/auto_aim_interfaces/include/auto_aim_interfaces/auto_aim_interfaces/msg/detail/armors__struct.hpp
[4.841s] -- Up-to-date symlink: /home/nuc/rm_vision_ws/install/auto_aim_interfaces/include/auto_aim_interfaces/auto_aim_interfaces/msg/detail/armors__traits.hpp
[4.841s] -- Up-to-date symlink: /home/nuc/rm_vision_ws/install/auto_aim_interfaces/include/auto_aim_interfaces/auto_aim_interfaces/msg/detail/debug_armor__builder.hpp
[4.841s] -- Up-to-date symlink: /home/nuc/rm_vision_ws/install/auto_aim_interfaces/include/auto_aim_interfaces/auto_aim_interfaces/msg/detail/debug_armor__struct.hpp
[4.841s] -- Up-to-date symlink: /home/nuc/rm_vision_ws/install/auto_aim_interfaces/include/auto_aim_interfaces/auto_aim_interfaces/msg/detail/debug_armor__traits.hpp
[4.842s] -- Up-to-date symlink: /home/nuc/rm_vision_ws/install/auto_aim_interfaces/include/auto_aim_interfaces/auto_aim_interfaces/msg/detail/debug_armors__builder.hpp
[4.842s] -- Up-to-date symlink: /home/nuc/rm_vision_ws/install/auto_aim_interfaces/include/auto_aim_interfaces/auto_aim_interfaces/msg/detail/debug_armors__struct.hpp
[4.842s] -- Up-to-date symlink: /home/nuc/rm_vision_ws/install/auto_aim_interfaces/include/auto_aim_interfaces/auto_aim_interfaces/msg/detail/debug_armors__traits.hpp
[4.842s] -- Up-to-date symlink: /home/nuc/rm_vision_ws/install/auto_aim_interfaces/include/auto_aim_interfaces/auto_aim_interfaces/msg/detail/debug_light__builder.hpp
[4.842s] -- Up-to-date symlink: /home/nuc/rm_vision_ws/install/auto_aim_interfaces/include/auto_aim_interfaces/auto_aim_interfaces/msg/detail/debug_light__struct.hpp
[4.842s] -- Up-to-date symlink: /home/nuc/rm_vision_ws/install/auto_aim_interfaces/include/auto_aim_interfaces/auto_aim_interfaces/msg/detail/debug_light__traits.hpp
[4.843s] -- Up-to-date symlink: /home/nuc/rm_vision_ws/install/auto_aim_interfaces/include/auto_aim_interfaces/auto_aim_interfaces/msg/detail/debug_lights__builder.hpp
[4.843s] -- Up-to-date symlink: /home/nuc/rm_vision_ws/install/auto_aim_interfaces/include/auto_aim_interfaces/auto_aim_interfaces/msg/detail/debug_lights__struct.hpp
[4.843s] -- Up-to-date symlink: /home/nuc/rm_vision_ws/install/auto_aim_interfaces/include/auto_aim_interfaces/auto_aim_interfaces/msg/detail/debug_lights__traits.hpp
[4.843s] -- Up-to-date symlink: /home/nuc/rm_vision_ws/install/auto_aim_interfaces/include/auto_aim_interfaces/auto_aim_interfaces/msg/detail/target__builder.hpp
[4.843s] -- Up-to-date symlink: /home/nuc/rm_vision_ws/install/auto_aim_interfaces/include/auto_aim_interfaces/auto_aim_interfaces/msg/detail/target__struct.hpp
[4.843s] -- Up-to-date symlink: /home/nuc/rm_vision_ws/install/auto_aim_interfaces/include/auto_aim_interfaces/auto_aim_interfaces/msg/detail/target__traits.hpp
[4.844s] -- Up-to-date symlink: /home/nuc/rm_vision_ws/install/auto_aim_interfaces/include/auto_aim_interfaces/auto_aim_interfaces/msg/detail/time_info__builder.hpp
[4.844s] -- Up-to-date symlink: /home/nuc/rm_vision_ws/install/auto_aim_interfaces/include/auto_aim_interfaces/auto_aim_interfaces/msg/detail/time_info__struct.hpp
[4.844s] -- Up-to-date symlink: /home/nuc/rm_vision_ws/install/auto_aim_interfaces/include/auto_aim_interfaces/auto_aim_interfaces/msg/detail/time_info__traits.hpp
[4.844s] -- Up-to-date symlink: /home/nuc/rm_vision_ws/install/auto_aim_interfaces/include/auto_aim_interfaces/auto_aim_interfaces/msg/detail/tracker_info__builder.hpp
[4.844s] -- Up-to-date symlink: /home/nuc/rm_vision_ws/install/auto_aim_interfaces/include/auto_aim_interfaces/auto_aim_interfaces/msg/detail/tracker_info__struct.hpp
[4.844s] -- Up-to-date symlink: /home/nuc/rm_vision_ws/install/auto_aim_interfaces/include/auto_aim_interfaces/auto_aim_interfaces/msg/detail/tracker_info__traits.hpp
[4.844s] -- Up-to-date symlink: /home/nuc/rm_vision_ws/install/auto_aim_interfaces/include/auto_aim_interfaces/auto_aim_interfaces/msg/target.hpp
[4.845s] -- Up-to-date symlink: /home/nuc/rm_vision_ws/install/auto_aim_interfaces/include/auto_aim_interfaces/auto_aim_interfaces/msg/time_info.hpp
[4.845s] -- Up-to-date symlink: /home/nuc/rm_vision_ws/install/auto_aim_interfaces/include/auto_aim_interfaces/auto_aim_interfaces/msg/tracker_info.hpp
[4.845s] -- Up-to-date symlink: /home/nuc/rm_vision_ws/install/auto_aim_interfaces/include/auto_aim_interfaces/auto_aim_interfaces/msg/detail/armor__rosidl_typesupport_fastrtps_cpp.hpp
[4.846s] -- Up-to-date symlink: /home/nuc/rm_vision_ws/install/auto_aim_interfaces/include/auto_aim_interfaces/auto_aim_interfaces/msg/detail/armors__rosidl_typesupport_fastrtps_cpp.hpp
[4.846s] -- Up-to-date symlink: /home/nuc/rm_vision_ws/install/auto_aim_interfaces/include/auto_aim_interfaces/auto_aim_interfaces/msg/detail/debug_armor__rosidl_typesupport_fastrtps_cpp.hpp
[4.846s] -- Up-to-date symlink: /home/nuc/rm_vision_ws/install/auto_aim_interfaces/include/auto_aim_interfaces/auto_aim_interfaces/msg/detail/debug_armors__rosidl_typesupport_fastrtps_cpp.hpp
[4.846s] -- Up-to-date symlink: /home/nuc/rm_vision_ws/install/auto_aim_interfaces/include/auto_aim_interfaces/auto_aim_interfaces/msg/detail/debug_light__rosidl_typesupport_fastrtps_cpp.hpp
[4.846s] -- Up-to-date symlink: /home/nuc/rm_vision_ws/install/auto_aim_interfaces/include/auto_aim_interfaces/auto_aim_interfaces/msg/detail/debug_lights__rosidl_typesupport_fastrtps_cpp.hpp
[4.846s] -- Up-to-date symlink: /home/nuc/rm_vision_ws/install/auto_aim_interfaces/include/auto_aim_interfaces/auto_aim_interfaces/msg/detail/target__rosidl_typesupport_fastrtps_cpp.hpp
[4.846s] -- Up-to-date symlink: /home/nuc/rm_vision_ws/install/auto_aim_interfaces/include/auto_aim_interfaces/auto_aim_interfaces/msg/detail/time_info__rosidl_typesupport_fastrtps_cpp.hpp
[4.847s] -- Up-to-date symlink: /home/nuc/rm_vision_ws/install/auto_aim_interfaces/include/auto_aim_interfaces/auto_aim_interfaces/msg/detail/tracker_info__rosidl_typesupport_fastrtps_cpp.hpp
[4.847s] -- Up-to-date symlink: /home/nuc/rm_vision_ws/install/auto_aim_interfaces/include/auto_aim_interfaces/auto_aim_interfaces/msg/rosidl_typesupport_fastrtps_cpp__visibility_control.h
[4.847s] -- Up-to-date symlink: /home/nuc/rm_vision_ws/install/auto_aim_interfaces/include/auto_aim_interfaces/auto_aim_interfaces/msg/detail/armor__rosidl_typesupport_introspection_cpp.hpp
[4.847s] -- Up-to-date symlink: /home/nuc/rm_vision_ws/install/auto_aim_interfaces/include/auto_aim_interfaces/auto_aim_interfaces/msg/detail/armors__rosidl_typesupport_introspection_cpp.hpp
[4.848s] -- Up-to-date symlink: /home/nuc/rm_vision_ws/install/auto_aim_interfaces/include/auto_aim_interfaces/auto_aim_interfaces/msg/detail/debug_armor__rosidl_typesupport_introspection_cpp.hpp
[4.848s] -- Up-to-date symlink: /home/nuc/rm_vision_ws/install/auto_aim_interfaces/include/auto_aim_interfaces/auto_aim_interfaces/msg/detail/debug_armors__rosidl_typesupport_introspection_cpp.hpp
[4.848s] -- Up-to-date symlink: /home/nuc/rm_vision_ws/install/auto_aim_interfaces/include/auto_aim_interfaces/auto_aim_interfaces/msg/detail/debug_light__rosidl_typesupport_introspection_cpp.hpp
[4.848s] -- Up-to-date symlink: /home/nuc/rm_vision_ws/install/auto_aim_interfaces/include/auto_aim_interfaces/auto_aim_interfaces/msg/detail/debug_lights__rosidl_typesupport_introspection_cpp.hpp
[4.848s] -- Up-to-date symlink: /home/nuc/rm_vision_ws/install/auto_aim_interfaces/include/auto_aim_interfaces/auto_aim_interfaces/msg/detail/target__rosidl_typesupport_introspection_cpp.hpp
[4.848s] -- Up-to-date symlink: /home/nuc/rm_vision_ws/install/auto_aim_interfaces/include/auto_aim_interfaces/auto_aim_interfaces/msg/detail/time_info__rosidl_typesupport_introspection_cpp.hpp
[4.848s] -- Up-to-date symlink: /home/nuc/rm_vision_ws/install/auto_aim_interfaces/include/auto_aim_interfaces/auto_aim_interfaces/msg/detail/tracker_info__rosidl_typesupport_introspection_cpp.hpp
[4.849s] -- Up-to-date symlink: /home/nuc/rm_vision_ws/install/auto_aim_interfaces/share/auto_aim_interfaces/environment/pythonpath.sh
[4.849s] -- Up-to-date symlink: /home/nuc/rm_vision_ws/install/auto_aim_interfaces/share/auto_aim_interfaces/environment/pythonpath.dsv
[4.849s] -- Up-to-date symlink: /home/nuc/rm_vision_ws/install/auto_aim_interfaces/local/lib/python3.10/dist-packages/auto_aim_interfaces-2.0.0-py3.10.egg-info/PKG-INFO
[4.849s] -- Up-to-date symlink: /home/nuc/rm_vision_ws/install/auto_aim_interfaces/local/lib/python3.10/dist-packages/auto_aim_interfaces-2.0.0-py3.10.egg-info/SOURCES.txt
[4.849s] -- Up-to-date symlink: /home/nuc/rm_vision_ws/install/auto_aim_interfaces/local/lib/python3.10/dist-packages/auto_aim_interfaces-2.0.0-py3.10.egg-info/dependency_links.txt
[4.850s] -- Up-to-date symlink: /home/nuc/rm_vision_ws/install/auto_aim_interfaces/local/lib/python3.10/dist-packages/auto_aim_interfaces-2.0.0-py3.10.egg-info/top_level.txt
[4.850s] -- Up-to-date symlink: /home/nuc/rm_vision_ws/install/auto_aim_interfaces/local/lib/python3.10/dist-packages/auto_aim_interfaces/__init__.py
[4.850s] -- Up-to-date symlink: /home/nuc/rm_vision_ws/install/auto_aim_interfaces/local/lib/python3.10/dist-packages/auto_aim_interfaces/_auto_aim_interfaces_s.ep.rosidl_typesupport_c.c
[4.851s] -- Up-to-date symlink: /home/nuc/rm_vision_ws/install/auto_aim_interfaces/local/lib/python3.10/dist-packages/auto_aim_interfaces/_auto_aim_interfaces_s.ep.rosidl_typesupport_fastrtps_c.c
[4.851s] -- Up-to-date symlink: /home/nuc/rm_vision_ws/install/auto_aim_interfaces/local/lib/python3.10/dist-packages/auto_aim_interfaces/_auto_aim_interfaces_s.ep.rosidl_typesupport_introspection_c.c
[4.851s] -- Up-to-date symlink: /home/nuc/rm_vision_ws/install/auto_aim_interfaces/local/lib/python3.10/dist-packages/auto_aim_interfaces/auto_aim_interfaces_s__rosidl_typesupport_c.cpython-310-x86_64-linux-gnu.so
[4.851s] -- Up-to-date symlink: /home/nuc/rm_vision_ws/install/auto_aim_interfaces/local/lib/python3.10/dist-packages/auto_aim_interfaces/auto_aim_interfaces_s__rosidl_typesupport_fastrtps_c.cpython-310-x86_64-linux-gnu.so
[4.851s] -- Up-to-date symlink: /home/nuc/rm_vision_ws/install/auto_aim_interfaces/local/lib/python3.10/dist-packages/auto_aim_interfaces/auto_aim_interfaces_s__rosidl_typesupport_introspection_c.cpython-310-x86_64-linux-gnu.so
[4.851s] -- Up-to-date symlink: /home/nuc/rm_vision_ws/install/auto_aim_interfaces/local/lib/python3.10/dist-packages/auto_aim_interfaces/libauto_aim_interfaces__rosidl_generator_py.so
[4.852s] -- Up-to-date symlink: /home/nuc/rm_vision_ws/install/auto_aim_interfaces/local/lib/python3.10/dist-packages/auto_aim_interfaces/msg/__init__.py
[4.852s] -- Up-to-date symlink: /home/nuc/rm_vision_ws/install/auto_aim_interfaces/local/lib/python3.10/dist-packages/auto_aim_interfaces/msg/_armor.py
[4.852s] -- Up-to-date symlink: /home/nuc/rm_vision_ws/install/auto_aim_interfaces/local/lib/python3.10/dist-packages/auto_aim_interfaces/msg/_armor_s.c
[4.852s] -- Up-to-date symlink: /home/nuc/rm_vision_ws/install/auto_aim_interfaces/local/lib/python3.10/dist-packages/auto_aim_interfaces/msg/_armors.py
[4.852s] -- Up-to-date symlink: /home/nuc/rm_vision_ws/install/auto_aim_interfaces/local/lib/python3.10/dist-packages/auto_aim_interfaces/msg/_armors_s.c
[4.852s] -- Up-to-date symlink: /home/nuc/rm_vision_ws/install/auto_aim_interfaces/local/lib/python3.10/dist-packages/auto_aim_interfaces/msg/_debug_armor.py
[4.852s] -- Up-to-date symlink: /home/nuc/rm_vision_ws/install/auto_aim_interfaces/local/lib/python3.10/dist-packages/auto_aim_interfaces/msg/_debug_armor_s.c
[4.852s] -- Up-to-date symlink: /home/nuc/rm_vision_ws/install/auto_aim_interfaces/local/lib/python3.10/dist-packages/auto_aim_interfaces/msg/_debug_armors.py
[4.853s] -- Up-to-date symlink: /home/nuc/rm_vision_ws/install/auto_aim_interfaces/local/lib/python3.10/dist-packages/auto_aim_interfaces/msg/_debug_armors_s.c
[4.853s] -- Up-to-date symlink: /home/nuc/rm_vision_ws/install/auto_aim_interfaces/local/lib/python3.10/dist-packages/auto_aim_interfaces/msg/_debug_light.py
[4.853s] -- Up-to-date symlink: /home/nuc/rm_vision_ws/install/auto_aim_interfaces/local/lib/python3.10/dist-packages/auto_aim_interfaces/msg/_debug_light_s.c
[4.853s] -- Up-to-date symlink: /home/nuc/rm_vision_ws/install/auto_aim_interfaces/local/lib/python3.10/dist-packages/auto_aim_interfaces/msg/_debug_lights.py
[4.853s] -- Up-to-date symlink: /home/nuc/rm_vision_ws/install/auto_aim_interfaces/local/lib/python3.10/dist-packages/auto_aim_interfaces/msg/_debug_lights_s.c
[4.853s] -- Up-to-date symlink: /home/nuc/rm_vision_ws/install/auto_aim_interfaces/local/lib/python3.10/dist-packages/auto_aim_interfaces/msg/_target.py
[4.853s] -- Up-to-date symlink: /home/nuc/rm_vision_ws/install/auto_aim_interfaces/local/lib/python3.10/dist-packages/auto_aim_interfaces/msg/_target_s.c
[4.853s] -- Up-to-date symlink: /home/nuc/rm_vision_ws/install/auto_aim_interfaces/local/lib/python3.10/dist-packages/auto_aim_interfaces/msg/_time_info.py
[4.853s] -- Up-to-date symlink: /home/nuc/rm_vision_ws/install/auto_aim_interfaces/local/lib/python3.10/dist-packages/auto_aim_interfaces/msg/_time_info_s.c
[4.853s] -- Up-to-date symlink: /home/nuc/rm_vision_ws/install/auto_aim_interfaces/local/lib/python3.10/dist-packages/auto_aim_interfaces/msg/_tracker_info.py
[4.854s] -- Up-to-date symlink: /home/nuc/rm_vision_ws/install/auto_aim_interfaces/local/lib/python3.10/dist-packages/auto_aim_interfaces/msg/_tracker_info_s.c
[4.854s] -- Up-to-date symlink: /home/nuc/rm_vision_ws/install/auto_aim_interfaces/local/lib/python3.10/dist-packages/auto_aim_interfaces/auto_aim_interfaces_s__rosidl_typesupport_fastrtps_c.cpython-310-x86_64-linux-gnu.so
[4.854s] -- Up-to-date symlink: /home/nuc/rm_vision_ws/install/auto_aim_interfaces/local/lib/python3.10/dist-packages/auto_aim_interfaces/auto_aim_interfaces_s__rosidl_typesupport_introspection_c.cpython-310-x86_64-linux-gnu.so
[4.854s] -- Up-to-date symlink: /home/nuc/rm_vision_ws/install/auto_aim_interfaces/local/lib/python3.10/dist-packages/auto_aim_interfaces/auto_aim_interfaces_s__rosidl_typesupport_c.cpython-310-x86_64-linux-gnu.so
[4.854s] -- Up-to-date symlink: /home/nuc/rm_vision_ws/install/auto_aim_interfaces/share/auto_aim_interfaces/msg/Armor.idl
[4.854s] -- Up-to-date symlink: /home/nuc/rm_vision_ws/install/auto_aim_interfaces/share/auto_aim_interfaces/msg/Armors.idl
[4.854s] -- Up-to-date symlink: /home/nuc/rm_vision_ws/install/auto_aim_interfaces/share/auto_aim_interfaces/msg/Target.idl
[4.854s] -- Up-to-date symlink: /home/nuc/rm_vision_ws/install/auto_aim_interfaces/share/auto_aim_interfaces/msg/DebugLight.idl
[4.854s] -- Up-to-date symlink: /home/nuc/rm_vision_ws/install/auto_aim_interfaces/share/auto_aim_interfaces/msg/DebugLights.idl
[4.854s] -- Up-to-date symlink: /home/nuc/rm_vision_ws/install/auto_aim_interfaces/share/auto_aim_interfaces/msg/DebugArmor.idl
[4.855s] -- Up-to-date symlink: /home/nuc/rm_vision_ws/install/auto_aim_interfaces/share/auto_aim_interfaces/msg/DebugArmors.idl
[4.855s] -- Up-to-date symlink: /home/nuc/rm_vision_ws/install/auto_aim_interfaces/share/auto_aim_interfaces/msg/TrackerInfo.idl
[4.855s] -- Up-to-date symlink: /home/nuc/rm_vision_ws/install/auto_aim_interfaces/share/auto_aim_interfaces/msg/TimeInfo.idl
[4.855s] -- Up-to-date symlink: /home/nuc/rm_vision_ws/install/auto_aim_interfaces/share/auto_aim_interfaces/msg/Armor.msg
[4.855s] -- Up-to-date symlink: /home/nuc/rm_vision_ws/install/auto_aim_interfaces/share/auto_aim_interfaces/msg/Armors.msg
[4.855s] -- Up-to-date symlink: /home/nuc/rm_vision_ws/install/auto_aim_interfaces/share/auto_aim_interfaces/msg/Target.msg
[4.855s] -- Up-to-date symlink: /home/nuc/rm_vision_ws/install/auto_aim_interfaces/share/auto_aim_interfaces/msg/DebugLight.msg
[4.855s] -- Up-to-date symlink: /home/nuc/rm_vision_ws/install/auto_aim_interfaces/share/auto_aim_interfaces/msg/DebugLights.msg
[4.855s] -- Up-to-date symlink: /home/nuc/rm_vision_ws/install/auto_aim_interfaces/share/auto_aim_interfaces/msg/DebugArmor.msg
[4.856s] -- Up-to-date symlink: /home/nuc/rm_vision_ws/install/auto_aim_interfaces/share/auto_aim_interfaces/msg/DebugArmors.msg
[4.856s] -- Up-to-date symlink: /home/nuc/rm_vision_ws/install/auto_aim_interfaces/share/auto_aim_interfaces/msg/TrackerInfo.msg
[4.856s] -- Up-to-date symlink: /home/nuc/rm_vision_ws/install/auto_aim_interfaces/share/auto_aim_interfaces/msg/TimeInfo.msg
[4.856s] -- Up-to-date symlink: /home/nuc/rm_vision_ws/install/auto_aim_interfaces/share/ament_index/resource_index/package_run_dependencies/auto_aim_interfaces
[4.856s] -- Up-to-date symlink: /home/nuc/rm_vision_ws/install/auto_aim_interfaces/share/ament_index/resource_index/parent_prefix_path/auto_aim_interfaces
[4.856s] -- Up-to-date symlink: /home/nuc/rm_vision_ws/install/auto_aim_interfaces/share/auto_aim_interfaces/environment/ament_prefix_path.sh
[4.856s] -- Up-to-date symlink: /home/nuc/rm_vision_ws/install/auto_aim_interfaces/share/auto_aim_interfaces/environment/ament_prefix_path.dsv
[4.856s] -- Up-to-date symlink: /home/nuc/rm_vision_ws/install/auto_aim_interfaces/share/auto_aim_interfaces/environment/path.sh
[4.856s] -- Up-to-date symlink: /home/nuc/rm_vision_ws/install/auto_aim_interfaces/share/auto_aim_interfaces/environment/path.dsv
[4.856s] -- Up-to-date symlink: /home/nuc/rm_vision_ws/install/auto_aim_interfaces/share/auto_aim_interfaces/local_setup.bash
[4.857s] -- Up-to-date symlink: /home/nuc/rm_vision_ws/install/auto_aim_interfaces/share/auto_aim_interfaces/local_setup.sh
[4.857s] -- Up-to-date symlink: /home/nuc/rm_vision_ws/install/auto_aim_interfaces/share/auto_aim_interfaces/local_setup.zsh
[4.857s] -- Up-to-date symlink: /home/nuc/rm_vision_ws/install/auto_aim_interfaces/share/auto_aim_interfaces/local_setup.dsv
[4.857s] -- Symlinking: /home/nuc/rm_vision_ws/install/auto_aim_interfaces/share/auto_aim_interfaces/package.dsv
[4.864s] -- Up-to-date symlink: /home/nuc/rm_vision_ws/install/auto_aim_interfaces/share/ament_index/resource_index/packages/auto_aim_interfaces
[4.864s] -- Up-to-date symlink: /home/nuc/rm_vision_ws/install/auto_aim_interfaces/share/auto_aim_interfaces/cmake/rosidl_cmake-extras.cmake
[4.864s] -- Up-to-date symlink: /home/nuc/rm_vision_ws/install/auto_aim_interfaces/share/auto_aim_interfaces/cmake/ament_cmake_export_dependencies-extras.cmake
[4.864s] -- Up-to-date symlink: /home/nuc/rm_vision_ws/install/auto_aim_interfaces/share/auto_aim_interfaces/cmake/ament_cmake_export_include_directories-extras.cmake
[4.864s] -- Up-to-date symlink: /home/nuc/rm_vision_ws/install/auto_aim_interfaces/share/auto_aim_interfaces/cmake/ament_cmake_export_libraries-extras.cmake
[4.864s] -- Up-to-date symlink: /home/nuc/rm_vision_ws/install/auto_aim_interfaces/share/auto_aim_interfaces/cmake/ament_cmake_export_targets-extras.cmake
[4.864s] -- Up-to-date symlink: /home/nuc/rm_vision_ws/install/auto_aim_interfaces/share/auto_aim_interfaces/cmake/rosidl_cmake_export_typesupport_targets-extras.cmake
[4.864s] -- Up-to-date symlink: /home/nuc/rm_vision_ws/install/auto_aim_interfaces/share/auto_aim_interfaces/cmake/rosidl_cmake_export_typesupport_libraries-extras.cmake
[4.864s] -- Up-to-date symlink: /home/nuc/rm_vision_ws/install/auto_aim_interfaces/share/auto_aim_interfaces/cmake/auto_aim_interfacesConfig.cmake
[4.865s] -- Up-to-date symlink: /home/nuc/rm_vision_ws/install/auto_aim_interfaces/share/auto_aim_interfaces/cmake/auto_aim_interfacesConfig-version.cmake
[4.865s] -- Up-to-date symlink: /home/nuc/rm_vision_ws/install/auto_aim_interfaces/share/auto_aim_interfaces/package.xml
[4.865s] -- Installing: /home/nuc/rm_vision_ws/install/auto_aim_interfaces/lib/libauto_aim_interfaces__rosidl_generator_c.so
[4.865s] -- Set runtime path of "/home/nuc/rm_vision_ws/install/auto_aim_interfaces/lib/libauto_aim_interfaces__rosidl_generator_c.so" to ""
[4.866s] -- Installing: /home/nuc/rm_vision_ws/install/auto_aim_interfaces/lib/libauto_aim_interfaces__rosidl_typesupport_fastrtps_c.so
[4.866s] -- Set runtime path of "/home/nuc/rm_vision_ws/install/auto_aim_interfaces/lib/libauto_aim_interfaces__rosidl_typesupport_fastrtps_c.so" to ""
[4.866s] -- Installing: /home/nuc/rm_vision_ws/install/auto_aim_interfaces/lib/libauto_aim_interfaces__rosidl_typesupport_introspection_c.so
[4.866s] -- Set runtime path of "/home/nuc/rm_vision_ws/install/auto_aim_interfaces/lib/libauto_aim_interfaces__rosidl_typesupport_introspection_c.so" to ""
[4.866s] -- Installing: /home/nuc/rm_vision_ws/install/auto_aim_interfaces/lib/libauto_aim_interfaces__rosidl_typesupport_c.so
[4.867s] -- Set runtime path of "/home/nuc/rm_vision_ws/install/auto_aim_interfaces/lib/libauto_aim_interfaces__rosidl_typesupport_c.so" to ""
[4.867s] -- Installing: /home/nuc/rm_vision_ws/install/auto_aim_interfaces/lib/libauto_aim_interfaces__rosidl_typesupport_fastrtps_cpp.so
[4.867s] -- Set runtime path of "/home/nuc/rm_vision_ws/install/auto_aim_interfaces/lib/libauto_aim_interfaces__rosidl_typesupport_fastrtps_cpp.so" to ""
[4.867s] -- Installing: /home/nuc/rm_vision_ws/install/auto_aim_interfaces/lib/libauto_aim_interfaces__rosidl_typesupport_introspection_cpp.so
[4.867s] -- Set runtime path of "/home/nuc/rm_vision_ws/install/auto_aim_interfaces/lib/libauto_aim_interfaces__rosidl_typesupport_introspection_cpp.so" to ""
[4.867s] -- Installing: /home/nuc/rm_vision_ws/install/auto_aim_interfaces/lib/libauto_aim_interfaces__rosidl_typesupport_cpp.so
[4.867s] -- Set runtime path of "/home/nuc/rm_vision_ws/install/auto_aim_interfaces/lib/libauto_aim_interfaces__rosidl_typesupport_cpp.so" to ""
[4.900s] Listing '/home/nuc/rm_vision_ws/install/auto_aim_interfaces/local/lib/python3.10/dist-packages/auto_aim_interfaces'...
[4.900s] Compiling '/home/nuc/rm_vision_ws/install/auto_aim_interfaces/local/lib/python3.10/dist-packages/auto_aim_interfaces/__init__.py'...
[4.900s] Listing '/home/nuc/rm_vision_ws/install/auto_aim_interfaces/local/lib/python3.10/dist-packages/auto_aim_interfaces/msg'...
[4.900s] Compiling '/home/nuc/rm_vision_ws/install/auto_aim_interfaces/local/lib/python3.10/dist-packages/auto_aim_interfaces/msg/__init__.py'...
[4.900s] Compiling '/home/nuc/rm_vision_ws/install/auto_aim_interfaces/local/lib/python3.10/dist-packages/auto_aim_interfaces/msg/_armor.py'...
[4.900s] Compiling '/home/nuc/rm_vision_ws/install/auto_aim_interfaces/local/lib/python3.10/dist-packages/auto_aim_interfaces/msg/_armors.py'...
[4.900s] Compiling '/home/nuc/rm_vision_ws/install/auto_aim_interfaces/local/lib/python3.10/dist-packages/auto_aim_interfaces/msg/_debug_armor.py'...
[4.900s] Compiling '/home/nuc/rm_vision_ws/install/auto_aim_interfaces/local/lib/python3.10/dist-packages/auto_aim_interfaces/msg/_debug_armors.py'...
[4.900s] Compiling '/home/nuc/rm_vision_ws/install/auto_aim_interfaces/local/lib/python3.10/dist-packages/auto_aim_interfaces/msg/_debug_light.py'...
[4.900s] Compiling '/home/nuc/rm_vision_ws/install/auto_aim_interfaces/local/lib/python3.10/dist-packages/auto_aim_interfaces/msg/_debug_lights.py'...
[4.900s] Compiling '/home/nuc/rm_vision_ws/install/auto_aim_interfaces/local/lib/python3.10/dist-packages/auto_aim_interfaces/msg/_target.py'...
[4.900s] Compiling '/home/nuc/rm_vision_ws/install/auto_aim_interfaces/local/lib/python3.10/dist-packages/auto_aim_interfaces/msg/_time_info.py'...
[4.900s] Compiling '/home/nuc/rm_vision_ws/install/auto_aim_interfaces/local/lib/python3.10/dist-packages/auto_aim_interfaces/msg/_tracker_info.py'...
[4.903s] -- Installing: /home/nuc/rm_vision_ws/install/auto_aim_interfaces/lib/libauto_aim_interfaces__rosidl_generator_py.so
[4.903s] -- Set runtime path of "/home/nuc/rm_vision_ws/install/auto_aim_interfaces/lib/libauto_aim_interfaces__rosidl_generator_py.so" to ""
[4.903s] -- Up-to-date: /home/nuc/rm_vision_ws/install/auto_aim_interfaces/share/auto_aim_interfaces/cmake/export_auto_aim_interfaces__rosidl_generator_cExport.cmake
[4.903s] -- Up-to-date: /home/nuc/rm_vision_ws/install/auto_aim_interfaces/share/auto_aim_interfaces/cmake/export_auto_aim_interfaces__rosidl_generator_cExport-noconfig.cmake
[4.904s] -- Up-to-date: /home/nuc/rm_vision_ws/install/auto_aim_interfaces/share/auto_aim_interfaces/cmake/export_auto_aim_interfaces__rosidl_typesupport_fastrtps_cExport.cmake
[4.904s] -- Up-to-date: /home/nuc/rm_vision_ws/install/auto_aim_interfaces/share/auto_aim_interfaces/cmake/export_auto_aim_interfaces__rosidl_typesupport_fastrtps_cExport-noconfig.cmake
[4.904s] -- Up-to-date: /home/nuc/rm_vision_ws/install/auto_aim_interfaces/share/auto_aim_interfaces/cmake/auto_aim_interfaces__rosidl_typesupport_introspection_cExport.cmake
[4.904s] -- Up-to-date: /home/nuc/rm_vision_ws/install/auto_aim_interfaces/share/auto_aim_interfaces/cmake/auto_aim_interfaces__rosidl_typesupport_introspection_cExport-noconfig.cmake
[4.904s] -- Up-to-date: /home/nuc/rm_vision_ws/install/auto_aim_interfaces/share/auto_aim_interfaces/cmake/auto_aim_interfaces__rosidl_typesupport_cExport.cmake
[4.904s] -- Up-to-date: /home/nuc/rm_vision_ws/install/auto_aim_interfaces/share/auto_aim_interfaces/cmake/auto_aim_interfaces__rosidl_typesupport_cExport-noconfig.cmake
[4.904s] -- Up-to-date: /home/nuc/rm_vision_ws/install/auto_aim_interfaces/share/auto_aim_interfaces/cmake/export_auto_aim_interfaces__rosidl_generator_cppExport.cmake
[4.904s] -- Up-to-date: /home/nuc/rm_vision_ws/install/auto_aim_interfaces/share/auto_aim_interfaces/cmake/export_auto_aim_interfaces__rosidl_typesupport_fastrtps_cppExport.cmake
[4.904s] -- Up-to-date: /home/nuc/rm_vision_ws/install/auto_aim_interfaces/share/auto_aim_interfaces/cmake/export_auto_aim_interfaces__rosidl_typesupport_fastrtps_cppExport-noconfig.cmake
[4.904s] -- Up-to-date: /home/nuc/rm_vision_ws/install/auto_aim_interfaces/share/auto_aim_interfaces/cmake/auto_aim_interfaces__rosidl_typesupport_introspection_cppExport.cmake
[4.904s] -- Up-to-date: /home/nuc/rm_vision_ws/install/auto_aim_interfaces/share/auto_aim_interfaces/cmake/auto_aim_interfaces__rosidl_typesupport_introspection_cppExport-noconfig.cmake
[4.904s] -- Up-to-date: /home/nuc/rm_vision_ws/install/auto_aim_interfaces/share/auto_aim_interfaces/cmake/auto_aim_interfaces__rosidl_typesupport_cppExport.cmake
[4.905s] -- Up-to-date: /home/nuc/rm_vision_ws/install/auto_aim_interfaces/share/auto_aim_interfaces/cmake/auto_aim_interfaces__rosidl_typesupport_cppExport-noconfig.cmake
[4.905s] -- Up-to-date: /home/nuc/rm_vision_ws/install/auto_aim_interfaces/share/auto_aim_interfaces/cmake/export_auto_aim_interfaces__rosidl_generator_pyExport.cmake
[4.905s] -- Up-to-date: /home/nuc/rm_vision_ws/install/auto_aim_interfaces/share/auto_aim_interfaces/cmake/export_auto_aim_interfaces__rosidl_generator_pyExport-noconfig.cmake
[4.906s] Invoked command in '/home/nuc/rm_vision_ws/build/auto_aim_interfaces' returned '0': CMAKE_PREFIX_PATH=${CMAKE_PREFIX_PATH}:/opt/ros/humble /usr/bin/cmake --install /home/nuc/rm_vision_ws/build/auto_aim_interfaces
