[0.007s] Invoking command in '/home/nuc/rm_vision_ws/build/buff_detector': AMENT_PREFIX_PATH=/home/nuc/rm_vision_ws/install/buff_interfaces:${AMENT_PREFIX_PATH} CMAKE_PREFIX_PATH=/home/nuc/rm_vision_ws/install/buff_interfaces:/home/nuc/ros_ws_ADD_NEW/install/rm_vision_bringup:/home/nuc/ros_ws_ADD_NEW/install/rm_serial_driver:/home/nuc/ros_ws_ADD_NEW/install/rm_gimbal_description:/home/nuc/ros_ws_ADD_NEW/install/hik_camera:/home/nuc/ros_ws_ADD_NEW/install/armor_tracker:/home/nuc/ros_ws_ADD_NEW/install/armor_detector:/home/nuc/ros_ws_ADD_NEW/install/auto_aim_interfaces:/opt/ros/humble LD_LIBRARY_PATH=/home/nuc/rm_vision_ws/install/buff_interfaces/lib:${LD_LIBRARY_PATH} PYTHONPATH=/home/nuc/rm_vision_ws/install/buff_interfaces/local/lib/python3.10/dist-packages:${PYTHONPATH} /usr/bin/cmake --build /home/nuc/rm_vision_ws/build/buff_detector -- -j16 -l16
[0.046s] [35m[1mConsolidate compiler generated dependencies of target buff_detector[0m
[0.060s] [ 33%] Built target buff_detector_node
[0.066s] [100%] Built target buff_detector
[0.075s] Invoked command in '/home/nuc/rm_vision_ws/build/buff_detector' returned '0': AMENT_PREFIX_PATH=/home/nuc/rm_vision_ws/install/buff_interfaces:${AMENT_PREFIX_PATH} CMAKE_PREFIX_PATH=/home/nuc/rm_vision_ws/install/buff_interfaces:/home/nuc/ros_ws_ADD_NEW/install/rm_vision_bringup:/home/nuc/ros_ws_ADD_NEW/install/rm_serial_driver:/home/nuc/ros_ws_ADD_NEW/install/rm_gimbal_description:/home/nuc/ros_ws_ADD_NEW/install/hik_camera:/home/nuc/ros_ws_ADD_NEW/install/armor_tracker:/home/nuc/ros_ws_ADD_NEW/install/armor_detector:/home/nuc/ros_ws_ADD_NEW/install/auto_aim_interfaces:/opt/ros/humble LD_LIBRARY_PATH=/home/nuc/rm_vision_ws/install/buff_interfaces/lib:${LD_LIBRARY_PATH} PYTHONPATH=/home/nuc/rm_vision_ws/install/buff_interfaces/local/lib/python3.10/dist-packages:${PYTHONPATH} /usr/bin/cmake --build /home/nuc/rm_vision_ws/build/buff_detector -- -j16 -l16
[0.108s] Invoking command in '/home/nuc/rm_vision_ws/build/buff_detector': AMENT_PREFIX_PATH=/home/nuc/rm_vision_ws/install/buff_interfaces:${AMENT_PREFIX_PATH} CMAKE_PREFIX_PATH=/home/nuc/rm_vision_ws/install/buff_interfaces:/home/nuc/ros_ws_ADD_NEW/install/rm_vision_bringup:/home/nuc/ros_ws_ADD_NEW/install/rm_serial_driver:/home/nuc/ros_ws_ADD_NEW/install/rm_gimbal_description:/home/nuc/ros_ws_ADD_NEW/install/hik_camera:/home/nuc/ros_ws_ADD_NEW/install/armor_tracker:/home/nuc/ros_ws_ADD_NEW/install/armor_detector:/home/nuc/ros_ws_ADD_NEW/install/auto_aim_interfaces:/opt/ros/humble LD_LIBRARY_PATH=/home/nuc/rm_vision_ws/install/buff_interfaces/lib:${LD_LIBRARY_PATH} PYTHONPATH=/home/nuc/rm_vision_ws/install/buff_interfaces/local/lib/python3.10/dist-packages:${PYTHONPATH} /usr/bin/cmake --install /home/nuc/rm_vision_ws/build/buff_detector
[0.117s] -- Install configuration: ""
[0.118s] -- Execute custom install script
[0.118s] -- Up-to-date symlink: /home/nuc/rm_vision_ws/install/buff_detector/lib/buff_detector/buff_detector_node
[0.118s] -- Up-to-date symlink: /home/nuc/rm_vision_ws/install/buff_detector/include/buff_detector/blade.hpp
[0.119s] -- Up-to-date symlink: /home/nuc/rm_vision_ws/install/buff_detector/include/buff_detector/detector.hpp
[0.119s] -- Up-to-date symlink: /home/nuc/rm_vision_ws/install/buff_detector/include/buff_detector/detector_node.hpp
[0.119s] -- Up-to-date symlink: /home/nuc/rm_vision_ws/install/buff_detector/include/buff_detector/pnp_solver.hpp
[0.120s] -- Up-to-date symlink: /home/nuc/rm_vision_ws/install/buff_detector/share/buff_detector/environment/library_path.sh
[0.120s] -- Up-to-date symlink: /home/nuc/rm_vision_ws/install/buff_detector/share/buff_detector/environment/library_path.dsv
[0.120s] -- Up-to-date symlink: /home/nuc/rm_vision_ws/install/buff_detector/lib/libbuff_detector.so
[0.120s] -- Up-to-date symlink: /home/nuc/rm_vision_ws/install/buff_detector/share/buff_detector/models/buff_quantized.bin
[0.120s] -- Up-to-date symlink: /home/nuc/rm_vision_ws/install/buff_detector/share/buff_detector/models/buff_quantized.xml
[0.120s] -- Up-to-date symlink: /home/nuc/rm_vision_ws/install/buff_detector/share/buff_detector/launch/buff_detector.launch.py
[0.121s] -- Up-to-date symlink: /home/nuc/rm_vision_ws/install/buff_detector/share/ament_index/resource_index/package_run_dependencies/buff_detector
[0.121s] -- Up-to-date symlink: /home/nuc/rm_vision_ws/install/buff_detector/share/ament_index/resource_index/parent_prefix_path/buff_detector
[0.121s] -- Up-to-date symlink: /home/nuc/rm_vision_ws/install/buff_detector/share/buff_detector/environment/ament_prefix_path.sh
[0.121s] -- Up-to-date symlink: /home/nuc/rm_vision_ws/install/buff_detector/share/buff_detector/environment/ament_prefix_path.dsv
[0.121s] -- Up-to-date symlink: /home/nuc/rm_vision_ws/install/buff_detector/share/buff_detector/environment/path.sh
[0.121s] -- Up-to-date symlink: /home/nuc/rm_vision_ws/install/buff_detector/share/buff_detector/environment/path.dsv
[0.121s] -- Up-to-date symlink: /home/nuc/rm_vision_ws/install/buff_detector/share/buff_detector/local_setup.bash
[0.121s] -- Up-to-date symlink: /home/nuc/rm_vision_ws/install/buff_detector/share/buff_detector/local_setup.sh
[0.122s] -- Up-to-date symlink: /home/nuc/rm_vision_ws/install/buff_detector/share/buff_detector/local_setup.zsh
[0.122s] -- Up-to-date symlink: /home/nuc/rm_vision_ws/install/buff_detector/share/buff_detector/local_setup.dsv
[0.122s] -- Symlinking: /home/nuc/rm_vision_ws/install/buff_detector/share/buff_detector/package.dsv
[0.128s] -- Up-to-date symlink: /home/nuc/rm_vision_ws/install/buff_detector/share/ament_index/resource_index/packages/buff_detector
[0.128s] -- Up-to-date symlink: /home/nuc/rm_vision_ws/install/buff_detector/share/ament_index/resource_index/rclcpp_components/buff_detector
[0.128s] -- Up-to-date symlink: /home/nuc/rm_vision_ws/install/buff_detector/share/buff_detector/cmake/ament_cmake_export_dependencies-extras.cmake
[0.128s] -- Up-to-date symlink: /home/nuc/rm_vision_ws/install/buff_detector/share/buff_detector/cmake/ament_cmake_export_include_directories-extras.cmake
[0.128s] -- Up-to-date symlink: /home/nuc/rm_vision_ws/install/buff_detector/share/buff_detector/cmake/ament_cmake_export_libraries-extras.cmake
[0.128s] -- Up-to-date symlink: /home/nuc/rm_vision_ws/install/buff_detector/share/buff_detector/cmake/buff_detectorConfig.cmake
[0.128s] -- Up-to-date symlink: /home/nuc/rm_vision_ws/install/buff_detector/share/buff_detector/cmake/buff_detectorConfig-version.cmake
[0.129s] -- Up-to-date symlink: /home/nuc/rm_vision_ws/install/buff_detector/share/buff_detector/package.xml
[0.131s] Invoked command in '/home/nuc/rm_vision_ws/build/buff_detector' returned '0': AMENT_PREFIX_PATH=/home/nuc/rm_vision_ws/install/buff_interfaces:${AMENT_PREFIX_PATH} CMAKE_PREFIX_PATH=/home/nuc/rm_vision_ws/install/buff_interfaces:/home/nuc/ros_ws_ADD_NEW/install/rm_vision_bringup:/home/nuc/ros_ws_ADD_NEW/install/rm_serial_driver:/home/nuc/ros_ws_ADD_NEW/install/rm_gimbal_description:/home/nuc/ros_ws_ADD_NEW/install/hik_camera:/home/nuc/ros_ws_ADD_NEW/install/armor_tracker:/home/nuc/ros_ws_ADD_NEW/install/armor_detector:/home/nuc/ros_ws_ADD_NEW/install/auto_aim_interfaces:/opt/ros/humble LD_LIBRARY_PATH=/home/nuc/rm_vision_ws/install/buff_interfaces/lib:${LD_LIBRARY_PATH} PYTHONPATH=/home/nuc/rm_vision_ws/install/buff_interfaces/local/lib/python3.10/dist-packages:${PYTHONPATH} /usr/bin/cmake --install /home/nuc/rm_vision_ws/build/buff_detector
