[0.010s] Invoking command in '/home/nuc/rm_vision_ws/build/rm_gimbal_description': CMAKE_PREFIX_PATH=/opt/ros/humble /usr/bin/cmake /home/nuc/rm_vision_ws/src/rm_gimbal_description -DAMENT_CMAKE_SYMLINK_INSTALL=1 -DCMAKE_INSTALL_PREFIX=/home/nuc/rm_vision_ws/install/rm_gimbal_description
[0.052s] -- The C compiler identification is GNU 11.4.0
[0.094s] -- The CXX compiler identification is GNU 11.4.0
[0.099s] -- Detecting C compiler ABI info
[0.158s] -- Detecting C compiler ABI info - done
[0.164s] -- Check for working C compiler: /usr/bin/cc - skipped
[0.164s] -- Detecting C compile features
[0.164s] -- Detecting C compile features - done
[0.166s] -- Detecting CXX compiler ABI info
[0.226s] -- Detecting CXX compiler ABI info - done
[0.231s] -- Check for working CXX compiler: /usr/bin/c++ - skipped
[0.231s] -- Detecting CXX compile features
[0.231s] -- Detecting CXX compile features - done
[0.233s] -- Found ament_cmake: 1.3.10 (/opt/ros/humble/share/ament_cmake/cmake)
[0.345s] -- Found Python3: /usr/bin/python3 (found version "3.10.12") found components: Interpreter 
[0.391s] -- Override CMake install command with custom implementation using symlinks instead of copying resources
[0.408s] -- Found ament_lint_auto: 0.12.11 (/opt/ros/humble/share/ament_lint_auto/cmake)
[0.474s] -- Added test 'lint_cmake' to check CMake code style
[0.477s] -- Added test 'xmllint' to check XML markup files
[0.478s] -- Configuring done
[0.480s] -- Generating done
[0.481s] -- Build files have been written to: /home/nuc/rm_vision_ws/build/rm_gimbal_description
[0.484s] Invoked command in '/home/nuc/rm_vision_ws/build/rm_gimbal_description' returned '0': CMAKE_PREFIX_PATH=/opt/ros/humble /usr/bin/cmake /home/nuc/rm_vision_ws/src/rm_gimbal_description -DAMENT_CMAKE_SYMLINK_INSTALL=1 -DCMAKE_INSTALL_PREFIX=/home/nuc/rm_vision_ws/install/rm_gimbal_description
[0.486s] Invoking command in '/home/nuc/rm_vision_ws/build/rm_gimbal_description': CMAKE_PREFIX_PATH=/opt/ros/humble /usr/bin/cmake --build /home/nuc/rm_vision_ws/build/rm_gimbal_description -- -j16 -l16
[0.519s] Invoked command in '/home/nuc/rm_vision_ws/build/rm_gimbal_description' returned '0': CMAKE_PREFIX_PATH=/opt/ros/humble /usr/bin/cmake --build /home/nuc/rm_vision_ws/build/rm_gimbal_description -- -j16 -l16
[0.547s] Invoking command in '/home/nuc/rm_vision_ws/build/rm_gimbal_description': CMAKE_PREFIX_PATH=/opt/ros/humble /usr/bin/cmake --install /home/nuc/rm_vision_ws/build/rm_gimbal_description
[0.553s] -- Install configuration: ""
[0.553s] -- Execute custom install script
[0.554s] -- Symlinking: /home/nuc/rm_vision_ws/install/rm_gimbal_description/share/rm_gimbal_description/urdf/rm_gimbal.urdf.xacro
[0.561s] -- Symlinking: /home/nuc/rm_vision_ws/install/rm_gimbal_description/share/ament_index/resource_index/package_run_dependencies/rm_gimbal_description
[0.568s] -- Symlinking: /home/nuc/rm_vision_ws/install/rm_gimbal_description/share/ament_index/resource_index/parent_prefix_path/rm_gimbal_description
[0.576s] -- Symlinking: /home/nuc/rm_vision_ws/install/rm_gimbal_description/share/rm_gimbal_description/environment/ament_prefix_path.sh
[0.585s] -- Symlinking: /home/nuc/rm_vision_ws/install/rm_gimbal_description/share/rm_gimbal_description/environment/ament_prefix_path.dsv
[0.593s] -- Symlinking: /home/nuc/rm_vision_ws/install/rm_gimbal_description/share/rm_gimbal_description/environment/path.sh
[0.601s] -- Symlinking: /home/nuc/rm_vision_ws/install/rm_gimbal_description/share/rm_gimbal_description/environment/path.dsv
[0.610s] -- Symlinking: /home/nuc/rm_vision_ws/install/rm_gimbal_description/share/rm_gimbal_description/local_setup.bash
[0.617s] -- Symlinking: /home/nuc/rm_vision_ws/install/rm_gimbal_description/share/rm_gimbal_description/local_setup.sh
[0.623s] -- Symlinking: /home/nuc/rm_vision_ws/install/rm_gimbal_description/share/rm_gimbal_description/local_setup.zsh
[0.632s] -- Symlinking: /home/nuc/rm_vision_ws/install/rm_gimbal_description/share/rm_gimbal_description/local_setup.dsv
[0.638s] -- Symlinking: /home/nuc/rm_vision_ws/install/rm_gimbal_description/share/rm_gimbal_description/package.dsv
[0.647s] -- Symlinking: /home/nuc/rm_vision_ws/install/rm_gimbal_description/share/ament_index/resource_index/packages/rm_gimbal_description
[0.654s] -- Symlinking: /home/nuc/rm_vision_ws/install/rm_gimbal_description/share/rm_gimbal_description/cmake/rm_gimbal_descriptionConfig.cmake
[0.660s] -- Symlinking: /home/nuc/rm_vision_ws/install/rm_gimbal_description/share/rm_gimbal_description/cmake/rm_gimbal_descriptionConfig-version.cmake
[0.666s] -- Symlinking: /home/nuc/rm_vision_ws/install/rm_gimbal_description/share/rm_gimbal_description/package.xml
[0.677s] Invoked command in '/home/nuc/rm_vision_ws/build/rm_gimbal_description' returned '0': CMAKE_PREFIX_PATH=/opt/ros/humble /usr/bin/cmake --install /home/nuc/rm_vision_ws/build/rm_gimbal_description
