[0.071s] Invoking command in '/home/rosnoetic/vision_ws/rm_shaobing_vision/build/armor_detector': AMENT_PREFIX_PATH=/home/rosnoetic/vision_ws/rm_shaobing_vision/install/auto_aim_interfaces:${AMENT_PREFIX_PATH} CMAKE_PREFIX_PATH=/home/rosnoetic/vision_ws/rm_shaobing_vision/install/auto_aim_interfaces:/home/rosnoetic/ros_ws/install/rm_vision_bringup:/home/rosnoetic/ros_ws/install/rm_serial_driver:/home/rosnoetic/ros_ws/install/rm_gimbal_description:/home/rosnoetic/ros_ws/install/hik_camera:/home/rosnoetic/ros_ws/install/armor_tracker:/home/rosnoetic/ros_ws/install/armor_detector:/home/rosnoetic/ros_ws/install/auto_aim_interfaces:/opt/ros/humble LD_LIBRARY_PATH=/home/rosnoetic/vision_ws/rm_shaobing_vision/install/auto_aim_interfaces/lib:/opt/MVS/lib/64:/opt/MVS/lib/32:/opt/MVS/lib/64:/opt/MVS/lib/32:/home/rosnoetic/ros_ws/install/rm_serial_driver/lib:/home/rosnoetic/ros_ws/install/hik_camera/lib:/home/rosnoetic/ros_ws/install/armor_tracker/lib:/home/rosnoetic/ros_ws/install/armor_detector/lib:/home/rosnoetic/ros_ws/install/auto_aim_interfaces/lib:/usr/lib/x86_64-linux-gnu/gazebo-11/plugins:/opt/ros/humble/opt/rviz_ogre_vendor/lib:/opt/ros/humble/lib/x86_64-linux-gnu:/opt/ros/humble/lib:/opt/MVS/lib/64:/opt/MVS/lib/32:/opt/MVS/lib/64:/opt/MVS/lib/32 PYTHONPATH=/home/rosnoetic/vision_ws/rm_shaobing_vision/install/auto_aim_interfaces/local/lib/python3.10/dist-packages:${PYTHONPATH} /usr/bin/cmake --build /home/rosnoetic/vision_ws/rm_shaobing_vision/build/armor_detector -- -j16 -l16
[0.209s] [ 13%] Built target armor_detector_node
[0.218s] [ 46%] Built target armor_detector
[0.227s] [ 60%] Built target gtest_main
[0.232s] [ 73%] Built target gtest
[0.318s] [ 86%] Built target test_node_startup
[0.318s] [100%] Built target test_number_cls
[0.343s] Invoked command in '/home/rosnoetic/vision_ws/rm_shaobing_vision/build/armor_detector' returned '0': AMENT_PREFIX_PATH=/home/rosnoetic/vision_ws/rm_shaobing_vision/install/auto_aim_interfaces:${AMENT_PREFIX_PATH} CMAKE_PREFIX_PATH=/home/rosnoetic/vision_ws/rm_shaobing_vision/install/auto_aim_interfaces:/home/rosnoetic/ros_ws/install/rm_vision_bringup:/home/rosnoetic/ros_ws/install/rm_serial_driver:/home/rosnoetic/ros_ws/install/rm_gimbal_description:/home/rosnoetic/ros_ws/install/hik_camera:/home/rosnoetic/ros_ws/install/armor_tracker:/home/rosnoetic/ros_ws/install/armor_detector:/home/rosnoetic/ros_ws/install/auto_aim_interfaces:/opt/ros/humble LD_LIBRARY_PATH=/home/rosnoetic/vision_ws/rm_shaobing_vision/install/auto_aim_interfaces/lib:/opt/MVS/lib/64:/opt/MVS/lib/32:/opt/MVS/lib/64:/opt/MVS/lib/32:/home/rosnoetic/ros_ws/install/rm_serial_driver/lib:/home/rosnoetic/ros_ws/install/hik_camera/lib:/home/rosnoetic/ros_ws/install/armor_tracker/lib:/home/rosnoetic/ros_ws/install/armor_detector/lib:/home/rosnoetic/ros_ws/install/auto_aim_interfaces/lib:/usr/lib/x86_64-linux-gnu/gazebo-11/plugins:/opt/ros/humble/opt/rviz_ogre_vendor/lib:/opt/ros/humble/lib/x86_64-linux-gnu:/opt/ros/humble/lib:/opt/MVS/lib/64:/opt/MVS/lib/32:/opt/MVS/lib/64:/opt/MVS/lib/32 PYTHONPATH=/home/rosnoetic/vision_ws/rm_shaobing_vision/install/auto_aim_interfaces/local/lib/python3.10/dist-packages:${PYTHONPATH} /usr/bin/cmake --build /home/rosnoetic/vision_ws/rm_shaobing_vision/build/armor_detector -- -j16 -l16
[0.532s] Invoking command in '/home/rosnoetic/vision_ws/rm_shaobing_vision/build/armor_detector': AMENT_PREFIX_PATH=/home/rosnoetic/vision_ws/rm_shaobing_vision/install/auto_aim_interfaces:${AMENT_PREFIX_PATH} CMAKE_PREFIX_PATH=/home/rosnoetic/vision_ws/rm_shaobing_vision/install/auto_aim_interfaces:/home/rosnoetic/ros_ws/install/rm_vision_bringup:/home/rosnoetic/ros_ws/install/rm_serial_driver:/home/rosnoetic/ros_ws/install/rm_gimbal_description:/home/rosnoetic/ros_ws/install/hik_camera:/home/rosnoetic/ros_ws/install/armor_tracker:/home/rosnoetic/ros_ws/install/armor_detector:/home/rosnoetic/ros_ws/install/auto_aim_interfaces:/opt/ros/humble LD_LIBRARY_PATH=/home/rosnoetic/vision_ws/rm_shaobing_vision/install/auto_aim_interfaces/lib:/opt/MVS/lib/64:/opt/MVS/lib/32:/opt/MVS/lib/64:/opt/MVS/lib/32:/home/rosnoetic/ros_ws/install/rm_serial_driver/lib:/home/rosnoetic/ros_ws/install/hik_camera/lib:/home/rosnoetic/ros_ws/install/armor_tracker/lib:/home/rosnoetic/ros_ws/install/armor_detector/lib:/home/rosnoetic/ros_ws/install/auto_aim_interfaces/lib:/usr/lib/x86_64-linux-gnu/gazebo-11/plugins:/opt/ros/humble/opt/rviz_ogre_vendor/lib:/opt/ros/humble/lib/x86_64-linux-gnu:/opt/ros/humble/lib:/opt/MVS/lib/64:/opt/MVS/lib/32:/opt/MVS/lib/64:/opt/MVS/lib/32 PYTHONPATH=/home/rosnoetic/vision_ws/rm_shaobing_vision/install/auto_aim_interfaces/local/lib/python3.10/dist-packages:${PYTHONPATH} /usr/bin/cmake --install /home/rosnoetic/vision_ws/rm_shaobing_vision/build/armor_detector
[0.550s] -- Install configuration: ""
[0.550s] -- Up-to-date: /home/rosnoetic/vision_ws/rm_shaobing_vision/install/armor_detector/lib/armor_detector/armor_detector_node
[0.550s] -- Up-to-date: /home/rosnoetic/vision_ws/rm_shaobing_vision/install/armor_detector/include
[0.551s] -- Up-to-date: /home/rosnoetic/vision_ws/rm_shaobing_vision/install/armor_detector/include/armor_detector
[0.551s] -- Up-to-date: /home/rosnoetic/vision_ws/rm_shaobing_vision/install/armor_detector/include/armor_detector/armor.hpp
[0.551s] -- Up-to-date: /home/rosnoetic/vision_ws/rm_shaobing_vision/install/armor_detector/include/armor_detector/number_classifier.hpp
[0.551s] -- Up-to-date: /home/rosnoetic/vision_ws/rm_shaobing_vision/install/armor_detector/include/armor_detector/detector.hpp
[0.551s] -- Up-to-date: /home/rosnoetic/vision_ws/rm_shaobing_vision/install/armor_detector/include/armor_detector/pnp_solver.hpp
[0.551s] -- Up-to-date: /home/rosnoetic/vision_ws/rm_shaobing_vision/install/armor_detector/include/armor_detector/detector_node.hpp
[0.551s] -- Up-to-date: /home/rosnoetic/vision_ws/rm_shaobing_vision/install/armor_detector/share/armor_detector/environment/library_path.dsv
[0.551s] -- Up-to-date: /home/rosnoetic/vision_ws/rm_shaobing_vision/install/armor_detector/lib/libarmor_detector.so
[0.551s] -- Up-to-date: /home/rosnoetic/vision_ws/rm_shaobing_vision/install/armor_detector/share/armor_detector/model
[0.552s] -- Up-to-date: /home/rosnoetic/vision_ws/rm_shaobing_vision/install/armor_detector/share/armor_detector/model/label.txt
[0.555s] -- Up-to-date: /home/rosnoetic/vision_ws/rm_shaobing_vision/install/armor_detector/share/armor_detector/model/mlp.onnx
[0.556s] -- Up-to-date: /home/rosnoetic/vision_ws/rm_shaobing_vision/install/armor_detector/share/ament_index/resource_index/package_run_dependencies/armor_detector
[0.557s] -- Up-to-date: /home/rosnoetic/vision_ws/rm_shaobing_vision/install/armor_detector/share/ament_index/resource_index/parent_prefix_path/armor_detector
[0.560s] -- Up-to-date: /home/rosnoetic/vision_ws/rm_shaobing_vision/install/armor_detector/share/armor_detector/environment/ament_prefix_path.dsv
[0.560s] -- Up-to-date: /home/rosnoetic/vision_ws/rm_shaobing_vision/install/armor_detector/share/armor_detector/environment/path.dsv
[0.560s] -- Up-to-date: /home/rosnoetic/vision_ws/rm_shaobing_vision/install/armor_detector/share/armor_detector/local_setup.bash
[0.561s] -- Up-to-date: /home/rosnoetic/vision_ws/rm_shaobing_vision/install/armor_detector/share/armor_detector/local_setup.sh
[0.561s] -- Up-to-date: /home/rosnoetic/vision_ws/rm_shaobing_vision/install/armor_detector/share/armor_detector/local_setup.zsh
[0.562s] -- Up-to-date: /home/rosnoetic/vision_ws/rm_shaobing_vision/install/armor_detector/share/armor_detector/local_setup.dsv
[0.562s] -- Installing: /home/rosnoetic/vision_ws/rm_shaobing_vision/install/armor_detector/share/armor_detector/package.dsv
[0.562s] -- Up-to-date: /home/rosnoetic/vision_ws/rm_shaobing_vision/install/armor_detector/share/ament_index/resource_index/packages/armor_detector
[0.563s] -- Up-to-date: /home/rosnoetic/vision_ws/rm_shaobing_vision/install/armor_detector/share/ament_index/resource_index/rclcpp_components/armor_detector
[0.563s] -- Up-to-date: /home/rosnoetic/vision_ws/rm_shaobing_vision/install/armor_detector/share/armor_detector/cmake/ament_cmake_export_dependencies-extras.cmake
[0.563s] -- Up-to-date: /home/rosnoetic/vision_ws/rm_shaobing_vision/install/armor_detector/share/armor_detector/cmake/ament_cmake_export_include_directories-extras.cmake
[0.565s] -- Up-to-date: /home/rosnoetic/vision_ws/rm_shaobing_vision/install/armor_detector/share/armor_detector/cmake/ament_cmake_export_libraries-extras.cmake
[0.566s] -- Up-to-date: /home/rosnoetic/vision_ws/rm_shaobing_vision/install/armor_detector/share/armor_detector/cmake/armor_detectorConfig.cmake
[0.566s] -- Up-to-date: /home/rosnoetic/vision_ws/rm_shaobing_vision/install/armor_detector/share/armor_detector/cmake/armor_detectorConfig-version.cmake
[0.567s] -- Up-to-date: /home/rosnoetic/vision_ws/rm_shaobing_vision/install/armor_detector/share/armor_detector/package.xml
[0.575s] Invoked command in '/home/rosnoetic/vision_ws/rm_shaobing_vision/build/armor_detector' returned '0': AMENT_PREFIX_PATH=/home/rosnoetic/vision_ws/rm_shaobing_vision/install/auto_aim_interfaces:${AMENT_PREFIX_PATH} CMAKE_PREFIX_PATH=/home/rosnoetic/vision_ws/rm_shaobing_vision/install/auto_aim_interfaces:/home/rosnoetic/ros_ws/install/rm_vision_bringup:/home/rosnoetic/ros_ws/install/rm_serial_driver:/home/rosnoetic/ros_ws/install/rm_gimbal_description:/home/rosnoetic/ros_ws/install/hik_camera:/home/rosnoetic/ros_ws/install/armor_tracker:/home/rosnoetic/ros_ws/install/armor_detector:/home/rosnoetic/ros_ws/install/auto_aim_interfaces:/opt/ros/humble LD_LIBRARY_PATH=/home/rosnoetic/vision_ws/rm_shaobing_vision/install/auto_aim_interfaces/lib:/opt/MVS/lib/64:/opt/MVS/lib/32:/opt/MVS/lib/64:/opt/MVS/lib/32:/home/rosnoetic/ros_ws/install/rm_serial_driver/lib:/home/rosnoetic/ros_ws/install/hik_camera/lib:/home/rosnoetic/ros_ws/install/armor_tracker/lib:/home/rosnoetic/ros_ws/install/armor_detector/lib:/home/rosnoetic/ros_ws/install/auto_aim_interfaces/lib:/usr/lib/x86_64-linux-gnu/gazebo-11/plugins:/opt/ros/humble/opt/rviz_ogre_vendor/lib:/opt/ros/humble/lib/x86_64-linux-gnu:/opt/ros/humble/lib:/opt/MVS/lib/64:/opt/MVS/lib/32:/opt/MVS/lib/64:/opt/MVS/lib/32 PYTHONPATH=/home/rosnoetic/vision_ws/rm_shaobing_vision/install/auto_aim_interfaces/local/lib/python3.10/dist-packages:${PYTHONPATH} /usr/bin/cmake --install /home/rosnoetic/vision_ws/rm_shaobing_vision/build/armor_detector
