[0.009s] Invoking command in '/home/nuc/rm_vision_ws/build/armor_detector': AMENT_PREFIX_PATH=/home/nuc/rm_vision_ws/install/auto_aim_interfaces:${AMENT_PREFIX_PATH} CMAKE_PREFIX_PATH=/home/nuc/rm_vision_ws/install/auto_aim_interfaces:/opt/ros/humble LD_LIBRARY_PATH=/home/nuc/rm_vision_ws/install/auto_aim_interfaces/lib:/opt/MVS/lib/64:/opt/MVS/lib/32:/opt/MVS/lib/64:/opt/MVS/lib/32:/usr/lib/x86_64-linux-gnu/gazebo-11/plugins:/opt/ros/humble/opt/rviz_ogre_vendor/lib:/opt/ros/humble/lib/x86_64-linux-gnu:/opt/ros/humble/opt/openvdb_vendor/lib:/opt/ros/humble/lib:/opt/MVS/lib/64:/opt/MVS/lib/32 PYTHONPATH=/home/nuc/rm_vision_ws/install/auto_aim_interfaces/local/lib/python3.10/dist-packages:${PYTHONPATH} /usr/bin/cmake /home/nuc/rm_vision_ws/src/rm_auto_aim/armor_detector -DAMENT_CMAKE_SYMLINK_INSTALL=1 -DCMAKE_INSTALL_PREFIX=/home/nuc/rm_vision_ws/install/armor_detector
[0.056s] -- The C compiler identification is GNU 11.4.0
[0.103s] -- The CXX compiler identification is GNU 11.4.0
[0.108s] -- Detecting C compiler ABI info
[0.171s] -- Detecting C compiler ABI info - done
[0.178s] -- Check for working C compiler: /usr/bin/cc - skipped
[0.178s] -- Detecting C compile features
[0.179s] -- Detecting C compile features - done
[0.182s] -- Detecting CXX compiler ABI info
[0.250s] -- Detecting CXX compiler ABI info - done
[0.257s] -- Check for working CXX compiler: /usr/bin/c++ - skipped
[0.258s] -- Detecting CXX compile features
[0.258s] -- Detecting CXX compile features - done
[0.259s] -- Found ament_cmake_auto: 1.3.10 (/opt/ros/humble/share/ament_cmake_auto/cmake)
[0.382s] -- Found Python3: /usr/bin/python3 (found version "3.10.12") found components: Interpreter 
[0.428s] -- Override CMake install command with custom implementation using symlinks instead of copying resources
[0.457s] -- Found OpenCV: /usr (found version "4.5.4") 
[0.559s] -- Found rosidl_generator_c: 3.1.5 (/opt/ros/humble/share/rosidl_generator_c/cmake)
[0.564s] -- Found rosidl_adapter: 3.1.5 (/opt/ros/humble/share/rosidl_adapter/cmake)
[0.572s] -- Found rosidl_generator_cpp: 3.1.5 (/opt/ros/humble/share/rosidl_generator_cpp/cmake)
[0.585s] -- Using all available rosidl_typesupport_c: rosidl_typesupport_fastrtps_c;rosidl_typesupport_introspection_c
[0.601s] -- Using all available rosidl_typesupport_cpp: rosidl_typesupport_fastrtps_cpp;rosidl_typesupport_introspection_cpp
[0.648s] -- Found rmw_implementation_cmake: 6.1.2 (/opt/ros/humble/share/rmw_implementation_cmake/cmake)
[0.650s] -- Found rmw_fastrtps_cpp: 6.2.7 (/opt/ros/humble/share/rmw_fastrtps_cpp/cmake)
[0.746s] -- Found OpenSSL: /usr/lib/x86_64-linux-gnu/libcrypto.so (found version "3.0.2")  
[0.776s] -- Found FastRTPS: /opt/ros/humble/include  
[0.827s] -- Using RMW implementation 'rmw_fastrtps_cpp' as default
[0.838s] -- Looking for pthread.h
[0.945s] -- Looking for pthread.h - found
[0.945s] -- Performing Test CMAKE_HAVE_LIBC_PTHREAD
[1.077s] -- Performing Test CMAKE_HAVE_LIBC_PTHREAD - Success
[1.079s] -- Found Threads: TRUE  
[1.243s] -- Found eigen3_cmake_module: 0.1.1 (/opt/ros/humble/share/eigen3_cmake_module/cmake)
[1.244s] -- Found Eigen3: TRUE (found version "3.4.0") 
[1.244s] -- Ensuring Eigen3 include directory is part of orocos-kdl CMake target
[1.305s] -- Found ament_lint_auto: 0.12.11 (/opt/ros/humble/share/ament_lint_auto/cmake)
[1.318s] -- Found ament_cmake_gtest: 1.3.10 (/opt/ros/humble/share/ament_cmake_gtest/cmake)
[1.320s] -- Found gtest sources under '/opt/ros/humble/src/gtest_vendor': C++ tests using 'Google Test' will be built
[1.334s] -- Added test 'cppcheck' to perform static code analysis on C / C++ code
[1.335s] -- Configured cppcheck include dirs: /home/nuc/rm_vision_ws/src/rm_auto_aim/armor_detector/include
[1.335s] -- Configured cppcheck exclude dirs and/or files: 
[1.335s] -- Added test 'lint_cmake' to check CMake code style
[1.336s] -- Added test 'xmllint' to check XML markup files
[1.338s] -- Added test 'clang_format' to check C / C++ code style
[1.340s] -- Configuring done
[1.384s] -- Generating done
[1.386s] -- Build files have been written to: /home/nuc/rm_vision_ws/build/armor_detector
[1.429s] Invoked command in '/home/nuc/rm_vision_ws/build/armor_detector' returned '0': AMENT_PREFIX_PATH=/home/nuc/rm_vision_ws/install/auto_aim_interfaces:${AMENT_PREFIX_PATH} CMAKE_PREFIX_PATH=/home/nuc/rm_vision_ws/install/auto_aim_interfaces:/opt/ros/humble LD_LIBRARY_PATH=/home/nuc/rm_vision_ws/install/auto_aim_interfaces/lib:/opt/MVS/lib/64:/opt/MVS/lib/32:/opt/MVS/lib/64:/opt/MVS/lib/32:/usr/lib/x86_64-linux-gnu/gazebo-11/plugins:/opt/ros/humble/opt/rviz_ogre_vendor/lib:/opt/ros/humble/lib/x86_64-linux-gnu:/opt/ros/humble/opt/openvdb_vendor/lib:/opt/ros/humble/lib:/opt/MVS/lib/64:/opt/MVS/lib/32 PYTHONPATH=/home/nuc/rm_vision_ws/install/auto_aim_interfaces/local/lib/python3.10/dist-packages:${PYTHONPATH} /usr/bin/cmake /home/nuc/rm_vision_ws/src/rm_auto_aim/armor_detector -DAMENT_CMAKE_SYMLINK_INSTALL=1 -DCMAKE_INSTALL_PREFIX=/home/nuc/rm_vision_ws/install/armor_detector
[1.432s] Invoking command in '/home/nuc/rm_vision_ws/build/armor_detector': AMENT_PREFIX_PATH=/home/nuc/rm_vision_ws/install/auto_aim_interfaces:${AMENT_PREFIX_PATH} CMAKE_PREFIX_PATH=/home/nuc/rm_vision_ws/install/auto_aim_interfaces:/opt/ros/humble LD_LIBRARY_PATH=/home/nuc/rm_vision_ws/install/auto_aim_interfaces/lib:/opt/MVS/lib/64:/opt/MVS/lib/32:/opt/MVS/lib/64:/opt/MVS/lib/32:/usr/lib/x86_64-linux-gnu/gazebo-11/plugins:/opt/ros/humble/opt/rviz_ogre_vendor/lib:/opt/ros/humble/lib/x86_64-linux-gnu:/opt/ros/humble/opt/openvdb_vendor/lib:/opt/ros/humble/lib:/opt/MVS/lib/64:/opt/MVS/lib/32 PYTHONPATH=/home/nuc/rm_vision_ws/install/auto_aim_interfaces/local/lib/python3.10/dist-packages:${PYTHONPATH} /usr/bin/cmake --build /home/nuc/rm_vision_ws/build/armor_detector -- -j16 -l16
[1.518s] [  6%] [32mBuilding CXX object CMakeFiles/armor_detector_node.dir/rclcpp_components/node_main_armor_detector_node.cpp.o[0m
[1.527s] [ 13%] [32mBuilding CXX object gtest/CMakeFiles/gtest_main.dir/src/gtest_main.cc.o[0m
[1.536s] [ 20%] [32mBuilding CXX object gtest/CMakeFiles/gtest.dir/src/gtest-all.cc.o[0m
[1.544s] [ 26%] [32mBuilding CXX object CMakeFiles/armor_detector.dir/src/pnp_solver.cpp.o[0m
[1.544s] [ 33%] [32mBuilding CXX object CMakeFiles/armor_detector.dir/src/detector_node.cpp.o[0m
[1.545s] [ 40%] [32mBuilding CXX object CMakeFiles/armor_detector.dir/src/detector.cpp.o[0m
[1.550s] [ 46%] [32mBuilding CXX object CMakeFiles/armor_detector.dir/src/number_classifier.cpp.o[0m
[3.123s] [ 53%] [32m[1mLinking CXX static library libgtest_main.a[0m
[3.259s] [ 53%] Built target gtest_main
[8.599s] [ 60%] [32m[1mLinking CXX static library libgtest.a[0m
[8.714s] [ 60%] Built target gtest
[10.021s] [ 66%] [32m[1mLinking CXX executable armor_detector_node[0m
[10.355s] [ 66%] Built target armor_detector_node
[31.251s] [ 53%] [32m[1mLinking CXX shared library libarmor_detector.so[0m
[33.851s] [ 73%] Built target armor_detector
[33.878s] [ 86%] [32mBuilding CXX object CMakeFiles/test_node_startup.dir/test/test_node_startup.cpp.o[0m
[33.878s] [ 86%] [32mBuilding CXX object CMakeFiles/test_number_cls.dir/test/test_number_cls.cpp.o[0m
[36.462s] [ 93%] [32m[1mLinking CXX executable test_number_cls[0m
[37.854s] [ 93%] Built target test_number_cls
[40.258s] [100%] [32m[1mLinking CXX executable test_node_startup[0m
[41.091s] [100%] Built target test_node_startup
[41.105s] Invoked command in '/home/nuc/rm_vision_ws/build/armor_detector' returned '0': AMENT_PREFIX_PATH=/home/nuc/rm_vision_ws/install/auto_aim_interfaces:${AMENT_PREFIX_PATH} CMAKE_PREFIX_PATH=/home/nuc/rm_vision_ws/install/auto_aim_interfaces:/opt/ros/humble LD_LIBRARY_PATH=/home/nuc/rm_vision_ws/install/auto_aim_interfaces/lib:/opt/MVS/lib/64:/opt/MVS/lib/32:/opt/MVS/lib/64:/opt/MVS/lib/32:/usr/lib/x86_64-linux-gnu/gazebo-11/plugins:/opt/ros/humble/opt/rviz_ogre_vendor/lib:/opt/ros/humble/lib/x86_64-linux-gnu:/opt/ros/humble/opt/openvdb_vendor/lib:/opt/ros/humble/lib:/opt/MVS/lib/64:/opt/MVS/lib/32 PYTHONPATH=/home/nuc/rm_vision_ws/install/auto_aim_interfaces/local/lib/python3.10/dist-packages:${PYTHONPATH} /usr/bin/cmake --build /home/nuc/rm_vision_ws/build/armor_detector -- -j16 -l16
[41.147s] Invoking command in '/home/nuc/rm_vision_ws/build/armor_detector': AMENT_PREFIX_PATH=/home/nuc/rm_vision_ws/install/auto_aim_interfaces:${AMENT_PREFIX_PATH} CMAKE_PREFIX_PATH=/home/nuc/rm_vision_ws/install/auto_aim_interfaces:/opt/ros/humble LD_LIBRARY_PATH=/home/nuc/rm_vision_ws/install/auto_aim_interfaces/lib:/opt/MVS/lib/64:/opt/MVS/lib/32:/opt/MVS/lib/64:/opt/MVS/lib/32:/usr/lib/x86_64-linux-gnu/gazebo-11/plugins:/opt/ros/humble/opt/rviz_ogre_vendor/lib:/opt/ros/humble/lib/x86_64-linux-gnu:/opt/ros/humble/opt/openvdb_vendor/lib:/opt/ros/humble/lib:/opt/MVS/lib/64:/opt/MVS/lib/32 PYTHONPATH=/home/nuc/rm_vision_ws/install/auto_aim_interfaces/local/lib/python3.10/dist-packages:${PYTHONPATH} /usr/bin/cmake --install /home/nuc/rm_vision_ws/build/armor_detector
[41.156s] -- Install configuration: ""
[41.157s] -- Execute custom install script
[41.157s] -- Symlinking: /home/nuc/rm_vision_ws/install/armor_detector/lib/armor_detector/armor_detector_node
[41.168s] -- Symlinking: /home/nuc/rm_vision_ws/install/armor_detector/include/armor_detector/armor.hpp
[41.177s] -- Symlinking: /home/nuc/rm_vision_ws/install/armor_detector/include/armor_detector/detector.hpp
[41.186s] -- Symlinking: /home/nuc/rm_vision_ws/install/armor_detector/include/armor_detector/detector_node.hpp
[41.194s] -- Symlinking: /home/nuc/rm_vision_ws/install/armor_detector/include/armor_detector/number_classifier.hpp
[41.204s] -- Symlinking: /home/nuc/rm_vision_ws/install/armor_detector/include/armor_detector/pnp_solver.hpp
[41.213s] -- Symlinking: /home/nuc/rm_vision_ws/install/armor_detector/share/armor_detector/environment/library_path.sh
[41.223s] -- Symlinking: /home/nuc/rm_vision_ws/install/armor_detector/share/armor_detector/environment/library_path.dsv
[41.232s] -- Symlinking: /home/nuc/rm_vision_ws/install/armor_detector/lib/libarmor_detector.so
[41.242s] -- Symlinking: /home/nuc/rm_vision_ws/install/armor_detector/share/armor_detector/model/label.txt
[41.252s] -- Symlinking: /home/nuc/rm_vision_ws/install/armor_detector/share/armor_detector/model/mlp.onnx
[41.262s] -- Symlinking: /home/nuc/rm_vision_ws/install/armor_detector/share/ament_index/resource_index/package_run_dependencies/armor_detector
[41.272s] -- Symlinking: /home/nuc/rm_vision_ws/install/armor_detector/share/ament_index/resource_index/parent_prefix_path/armor_detector
[41.282s] -- Symlinking: /home/nuc/rm_vision_ws/install/armor_detector/share/armor_detector/environment/ament_prefix_path.sh
[41.292s] -- Symlinking: /home/nuc/rm_vision_ws/install/armor_detector/share/armor_detector/environment/ament_prefix_path.dsv
[41.302s] -- Symlinking: /home/nuc/rm_vision_ws/install/armor_detector/share/armor_detector/environment/path.sh
[41.312s] -- Symlinking: /home/nuc/rm_vision_ws/install/armor_detector/share/armor_detector/environment/path.dsv
[41.322s] -- Symlinking: /home/nuc/rm_vision_ws/install/armor_detector/share/armor_detector/local_setup.bash
[41.331s] -- Symlinking: /home/nuc/rm_vision_ws/install/armor_detector/share/armor_detector/local_setup.sh
[41.341s] -- Symlinking: /home/nuc/rm_vision_ws/install/armor_detector/share/armor_detector/local_setup.zsh
[41.351s] -- Symlinking: /home/nuc/rm_vision_ws/install/armor_detector/share/armor_detector/local_setup.dsv
[41.362s] -- Symlinking: /home/nuc/rm_vision_ws/install/armor_detector/share/armor_detector/package.dsv
[41.372s] -- Symlinking: /home/nuc/rm_vision_ws/install/armor_detector/share/ament_index/resource_index/packages/armor_detector
[41.383s] -- Symlinking: /home/nuc/rm_vision_ws/install/armor_detector/share/ament_index/resource_index/rclcpp_components/armor_detector
[41.394s] -- Symlinking: /home/nuc/rm_vision_ws/install/armor_detector/share/armor_detector/cmake/ament_cmake_export_dependencies-extras.cmake
[41.405s] -- Symlinking: /home/nuc/rm_vision_ws/install/armor_detector/share/armor_detector/cmake/ament_cmake_export_include_directories-extras.cmake
[41.416s] -- Symlinking: /home/nuc/rm_vision_ws/install/armor_detector/share/armor_detector/cmake/ament_cmake_export_libraries-extras.cmake
[41.428s] -- Symlinking: /home/nuc/rm_vision_ws/install/armor_detector/share/armor_detector/cmake/armor_detectorConfig.cmake
[41.439s] -- Symlinking: /home/nuc/rm_vision_ws/install/armor_detector/share/armor_detector/cmake/armor_detectorConfig-version.cmake
[41.450s] -- Symlinking: /home/nuc/rm_vision_ws/install/armor_detector/share/armor_detector/package.xml
[41.463s] Invoked command in '/home/nuc/rm_vision_ws/build/armor_detector' returned '0': AMENT_PREFIX_PATH=/home/nuc/rm_vision_ws/install/auto_aim_interfaces:${AMENT_PREFIX_PATH} CMAKE_PREFIX_PATH=/home/nuc/rm_vision_ws/install/auto_aim_interfaces:/opt/ros/humble LD_LIBRARY_PATH=/home/nuc/rm_vision_ws/install/auto_aim_interfaces/lib:/opt/MVS/lib/64:/opt/MVS/lib/32:/opt/MVS/lib/64:/opt/MVS/lib/32:/usr/lib/x86_64-linux-gnu/gazebo-11/plugins:/opt/ros/humble/opt/rviz_ogre_vendor/lib:/opt/ros/humble/lib/x86_64-linux-gnu:/opt/ros/humble/opt/openvdb_vendor/lib:/opt/ros/humble/lib:/opt/MVS/lib/64:/opt/MVS/lib/32 PYTHONPATH=/home/nuc/rm_vision_ws/install/auto_aim_interfaces/local/lib/python3.10/dist-packages:${PYTHONPATH} /usr/bin/cmake --install /home/nuc/rm_vision_ws/build/armor_detector
