[0.073s] Invoking command in '/home/rosnoetic/vision_ws/rm_shaobing_vision/build/armor_tracker': AMENT_PREFIX_PATH=/home/rosnoetic/vision_ws/rm_shaobing_vision/install/auto_aim_interfaces:${AMENT_PREFIX_PATH} CMAKE_PREFIX_PATH=/home/rosnoetic/vision_ws/rm_shaobing_vision/install/auto_aim_interfaces:/home/rosnoetic/ros_ws/install/rm_vision_bringup:/home/rosnoetic/ros_ws/install/rm_serial_driver:/home/rosnoetic/ros_ws/install/rm_gimbal_description:/home/rosnoetic/ros_ws/install/hik_camera:/home/rosnoetic/ros_ws/install/armor_tracker:/home/rosnoetic/ros_ws/install/armor_detector:/home/rosnoetic/ros_ws/install/auto_aim_interfaces:/opt/ros/humble LD_LIBRARY_PATH=/home/rosnoetic/vision_ws/rm_shaobing_vision/install/auto_aim_interfaces/lib:/opt/MVS/lib/64:/opt/MVS/lib/32:/opt/MVS/lib/64:/opt/MVS/lib/32:/home/rosnoetic/ros_ws/install/rm_serial_driver/lib:/home/rosnoetic/ros_ws/install/hik_camera/lib:/home/rosnoetic/ros_ws/install/armor_tracker/lib:/home/rosnoetic/ros_ws/install/armor_detector/lib:/home/rosnoetic/ros_ws/install/auto_aim_interfaces/lib:/usr/lib/x86_64-linux-gnu/gazebo-11/plugins:/opt/ros/humble/opt/rviz_ogre_vendor/lib:/opt/ros/humble/lib/x86_64-linux-gnu:/opt/ros/humble/lib:/opt/MVS/lib/64:/opt/MVS/lib/32:/opt/MVS/lib/64:/opt/MVS/lib/32 PYTHONPATH=/home/rosnoetic/vision_ws/rm_shaobing_vision/install/auto_aim_interfaces/local/lib/python3.10/dist-packages:${PYTHONPATH} /usr/bin/cmake --build /home/rosnoetic/vision_ws/rm_shaobing_vision/build/armor_tracker -- -j16 -l16
[0.193s] [35m[1mConsolidate compiler generated dependencies of target armor_tracker[0m
[0.214s] [ 33%] Built target armor_tracker_node
[0.243s] [ 50%] [32mBuilding CXX object CMakeFiles/armor_tracker.dir/src/tracker.cpp.o[0m
[0.250s] [ 66%] [32mBuilding CXX object CMakeFiles/armor_tracker.dir/src/tracker_node.cpp.o[0m
[19.206s] [ 83%] [32m[1mLinking CXX shared library libarmor_tracker.so[0m
[20.563s] [100%] Built target armor_tracker
[20.584s] Invoked command in '/home/rosnoetic/vision_ws/rm_shaobing_vision/build/armor_tracker' returned '0': AMENT_PREFIX_PATH=/home/rosnoetic/vision_ws/rm_shaobing_vision/install/auto_aim_interfaces:${AMENT_PREFIX_PATH} CMAKE_PREFIX_PATH=/home/rosnoetic/vision_ws/rm_shaobing_vision/install/auto_aim_interfaces:/home/rosnoetic/ros_ws/install/rm_vision_bringup:/home/rosnoetic/ros_ws/install/rm_serial_driver:/home/rosnoetic/ros_ws/install/rm_gimbal_description:/home/rosnoetic/ros_ws/install/hik_camera:/home/rosnoetic/ros_ws/install/armor_tracker:/home/rosnoetic/ros_ws/install/armor_detector:/home/rosnoetic/ros_ws/install/auto_aim_interfaces:/opt/ros/humble LD_LIBRARY_PATH=/home/rosnoetic/vision_ws/rm_shaobing_vision/install/auto_aim_interfaces/lib:/opt/MVS/lib/64:/opt/MVS/lib/32:/opt/MVS/lib/64:/opt/MVS/lib/32:/home/rosnoetic/ros_ws/install/rm_serial_driver/lib:/home/rosnoetic/ros_ws/install/hik_camera/lib:/home/rosnoetic/ros_ws/install/armor_tracker/lib:/home/rosnoetic/ros_ws/install/armor_detector/lib:/home/rosnoetic/ros_ws/install/auto_aim_interfaces/lib:/usr/lib/x86_64-linux-gnu/gazebo-11/plugins:/opt/ros/humble/opt/rviz_ogre_vendor/lib:/opt/ros/humble/lib/x86_64-linux-gnu:/opt/ros/humble/lib:/opt/MVS/lib/64:/opt/MVS/lib/32:/opt/MVS/lib/64:/opt/MVS/lib/32 PYTHONPATH=/home/rosnoetic/vision_ws/rm_shaobing_vision/install/auto_aim_interfaces/local/lib/python3.10/dist-packages:${PYTHONPATH} /usr/bin/cmake --build /home/rosnoetic/vision_ws/rm_shaobing_vision/build/armor_tracker -- -j16 -l16
[20.700s] Invoking command in '/home/rosnoetic/vision_ws/rm_shaobing_vision/build/armor_tracker': AMENT_PREFIX_PATH=/home/rosnoetic/vision_ws/rm_shaobing_vision/install/auto_aim_interfaces:${AMENT_PREFIX_PATH} CMAKE_PREFIX_PATH=/home/rosnoetic/vision_ws/rm_shaobing_vision/install/auto_aim_interfaces:/home/rosnoetic/ros_ws/install/rm_vision_bringup:/home/rosnoetic/ros_ws/install/rm_serial_driver:/home/rosnoetic/ros_ws/install/rm_gimbal_description:/home/rosnoetic/ros_ws/install/hik_camera:/home/rosnoetic/ros_ws/install/armor_tracker:/home/rosnoetic/ros_ws/install/armor_detector:/home/rosnoetic/ros_ws/install/auto_aim_interfaces:/opt/ros/humble LD_LIBRARY_PATH=/home/rosnoetic/vision_ws/rm_shaobing_vision/install/auto_aim_interfaces/lib:/opt/MVS/lib/64:/opt/MVS/lib/32:/opt/MVS/lib/64:/opt/MVS/lib/32:/home/rosnoetic/ros_ws/install/rm_serial_driver/lib:/home/rosnoetic/ros_ws/install/hik_camera/lib:/home/rosnoetic/ros_ws/install/armor_tracker/lib:/home/rosnoetic/ros_ws/install/armor_detector/lib:/home/rosnoetic/ros_ws/install/auto_aim_interfaces/lib:/usr/lib/x86_64-linux-gnu/gazebo-11/plugins:/opt/ros/humble/opt/rviz_ogre_vendor/lib:/opt/ros/humble/lib/x86_64-linux-gnu:/opt/ros/humble/lib:/opt/MVS/lib/64:/opt/MVS/lib/32:/opt/MVS/lib/64:/opt/MVS/lib/32 PYTHONPATH=/home/rosnoetic/vision_ws/rm_shaobing_vision/install/auto_aim_interfaces/local/lib/python3.10/dist-packages:${PYTHONPATH} /usr/bin/cmake --install /home/rosnoetic/vision_ws/rm_shaobing_vision/build/armor_tracker
[20.715s] -- Install configuration: ""
[20.722s] -- Up-to-date: /home/rosnoetic/vision_ws/rm_shaobing_vision/install/armor_tracker/lib/armor_tracker/armor_tracker_node
[20.722s] -- Up-to-date: /home/rosnoetic/vision_ws/rm_shaobing_vision/install/armor_tracker/include
[20.723s] -- Up-to-date: /home/rosnoetic/vision_ws/rm_shaobing_vision/install/armor_tracker/include/armor_tracker
[20.723s] -- Installing: /home/rosnoetic/vision_ws/rm_shaobing_vision/install/armor_tracker/include/armor_tracker/tracker.hpp
[20.723s] -- Up-to-date: /home/rosnoetic/vision_ws/rm_shaobing_vision/install/armor_tracker/include/armor_tracker/extended_kalman_filter.hpp
[20.723s] -- Up-to-date: /home/rosnoetic/vision_ws/rm_shaobing_vision/install/armor_tracker/include/armor_tracker/tracker_node.hpp
[20.723s] -- Up-to-date: /home/rosnoetic/vision_ws/rm_shaobing_vision/install/armor_tracker/share/armor_tracker/environment/library_path.dsv
[20.732s] -- Installing: /home/rosnoetic/vision_ws/rm_shaobing_vision/install/armor_tracker/lib/libarmor_tracker.so
[20.748s] -- Set runtime path of "/home/rosnoetic/vision_ws/rm_shaobing_vision/install/armor_tracker/lib/libarmor_tracker.so" to ""
[20.748s] -- Up-to-date: /home/rosnoetic/vision_ws/rm_shaobing_vision/install/armor_tracker/share/ament_index/resource_index/package_run_dependencies/armor_tracker
[20.748s] -- Up-to-date: /home/rosnoetic/vision_ws/rm_shaobing_vision/install/armor_tracker/share/ament_index/resource_index/parent_prefix_path/armor_tracker
[20.748s] -- Up-to-date: /home/rosnoetic/vision_ws/rm_shaobing_vision/install/armor_tracker/share/armor_tracker/environment/ament_prefix_path.dsv
[20.749s] -- Up-to-date: /home/rosnoetic/vision_ws/rm_shaobing_vision/install/armor_tracker/share/armor_tracker/environment/path.dsv
[20.749s] -- Up-to-date: /home/rosnoetic/vision_ws/rm_shaobing_vision/install/armor_tracker/share/armor_tracker/local_setup.bash
[20.749s] -- Up-to-date: /home/rosnoetic/vision_ws/rm_shaobing_vision/install/armor_tracker/share/armor_tracker/local_setup.sh
[20.749s] -- Up-to-date: /home/rosnoetic/vision_ws/rm_shaobing_vision/install/armor_tracker/share/armor_tracker/local_setup.zsh
[20.749s] -- Up-to-date: /home/rosnoetic/vision_ws/rm_shaobing_vision/install/armor_tracker/share/armor_tracker/local_setup.dsv
[20.749s] -- Installing: /home/rosnoetic/vision_ws/rm_shaobing_vision/install/armor_tracker/share/armor_tracker/package.dsv
[20.749s] -- Up-to-date: /home/rosnoetic/vision_ws/rm_shaobing_vision/install/armor_tracker/share/ament_index/resource_index/packages/armor_tracker
[20.749s] -- Up-to-date: /home/rosnoetic/vision_ws/rm_shaobing_vision/install/armor_tracker/share/ament_index/resource_index/rclcpp_components/armor_tracker
[20.750s] -- Up-to-date: /home/rosnoetic/vision_ws/rm_shaobing_vision/install/armor_tracker/share/armor_tracker/cmake/ament_cmake_export_dependencies-extras.cmake
[20.750s] -- Up-to-date: /home/rosnoetic/vision_ws/rm_shaobing_vision/install/armor_tracker/share/armor_tracker/cmake/ament_cmake_export_include_directories-extras.cmake
[20.750s] -- Up-to-date: /home/rosnoetic/vision_ws/rm_shaobing_vision/install/armor_tracker/share/armor_tracker/cmake/ament_cmake_export_libraries-extras.cmake
[20.750s] -- Up-to-date: /home/rosnoetic/vision_ws/rm_shaobing_vision/install/armor_tracker/share/armor_tracker/cmake/armor_trackerConfig.cmake
[20.750s] -- Up-to-date: /home/rosnoetic/vision_ws/rm_shaobing_vision/install/armor_tracker/share/armor_tracker/cmake/armor_trackerConfig-version.cmake
[20.750s] -- Up-to-date: /home/rosnoetic/vision_ws/rm_shaobing_vision/install/armor_tracker/share/armor_tracker/package.xml
[20.756s] Invoked command in '/home/rosnoetic/vision_ws/rm_shaobing_vision/build/armor_tracker' returned '0': AMENT_PREFIX_PATH=/home/rosnoetic/vision_ws/rm_shaobing_vision/install/auto_aim_interfaces:${AMENT_PREFIX_PATH} CMAKE_PREFIX_PATH=/home/rosnoetic/vision_ws/rm_shaobing_vision/install/auto_aim_interfaces:/home/rosnoetic/ros_ws/install/rm_vision_bringup:/home/rosnoetic/ros_ws/install/rm_serial_driver:/home/rosnoetic/ros_ws/install/rm_gimbal_description:/home/rosnoetic/ros_ws/install/hik_camera:/home/rosnoetic/ros_ws/install/armor_tracker:/home/rosnoetic/ros_ws/install/armor_detector:/home/rosnoetic/ros_ws/install/auto_aim_interfaces:/opt/ros/humble LD_LIBRARY_PATH=/home/rosnoetic/vision_ws/rm_shaobing_vision/install/auto_aim_interfaces/lib:/opt/MVS/lib/64:/opt/MVS/lib/32:/opt/MVS/lib/64:/opt/MVS/lib/32:/home/rosnoetic/ros_ws/install/rm_serial_driver/lib:/home/rosnoetic/ros_ws/install/hik_camera/lib:/home/rosnoetic/ros_ws/install/armor_tracker/lib:/home/rosnoetic/ros_ws/install/armor_detector/lib:/home/rosnoetic/ros_ws/install/auto_aim_interfaces/lib:/usr/lib/x86_64-linux-gnu/gazebo-11/plugins:/opt/ros/humble/opt/rviz_ogre_vendor/lib:/opt/ros/humble/lib/x86_64-linux-gnu:/opt/ros/humble/lib:/opt/MVS/lib/64:/opt/MVS/lib/32:/opt/MVS/lib/64:/opt/MVS/lib/32 PYTHONPATH=/home/rosnoetic/vision_ws/rm_shaobing_vision/install/auto_aim_interfaces/local/lib/python3.10/dist-packages:${PYTHONPATH} /usr/bin/cmake --install /home/rosnoetic/vision_ws/rm_shaobing_vision/build/armor_tracker
