[0.017s] Invoking command in '/home/nuc/rm_vision_ws/build/rm_buff': AMENT_PREFIX_PATH=/home/nuc/rm_vision_ws/install/buff_tracker:/home/nuc/rm_vision_ws/install/buff_detector:/home/nuc/rm_vision_ws/install/buff_interfaces:${AMENT_PREFIX_PATH} CMAKE_PREFIX_PATH=/home/nuc/rm_vision_ws/install/buff_tracker:/home/nuc/rm_vision_ws/install/buff_detector:/home/nuc/rm_vision_ws/install/buff_interfaces:/opt/ros/humble LD_LIBRARY_PATH=/home/nuc/rm_vision_ws/install/buff_tracker/lib:/home/nuc/rm_vision_ws/install/buff_detector/lib:/home/nuc/rm_vision_ws/install/buff_interfaces/lib:/opt/MVS/lib/64:/opt/MVS/lib/32:/opt/MVS/lib/64:/opt/MVS/lib/32:/usr/lib/x86_64-linux-gnu/gazebo-11/plugins:/opt/ros/humble/opt/rviz_ogre_vendor/lib:/opt/ros/humble/lib/x86_64-linux-gnu:/opt/ros/humble/opt/openvdb_vendor/lib:/opt/ros/humble/lib:/opt/MVS/lib/64:/opt/MVS/lib/32 PYTHONPATH=/home/nuc/rm_vision_ws/install/buff_interfaces/local/lib/python3.10/dist-packages:${PYTHONPATH} /usr/bin/cmake /home/nuc/rm_vision_ws/src/rm_buff/rm_buff -DAMENT_CMAKE_SYMLINK_INSTALL=1 -DCMAKE_INSTALL_PREFIX=/home/nuc/rm_vision_ws/install/rm_buff
[0.088s] -- The C compiler identification is GNU 11.4.0
[0.156s] -- The CXX compiler identification is GNU 11.4.0
[0.165s] -- Detecting C compiler ABI info
[0.246s] -- Detecting C compiler ABI info - done
[0.255s] -- Check for working C compiler: /usr/bin/cc - skipped
[0.255s] -- Detecting C compile features
[0.255s] -- Detecting C compile features - done
[0.260s] -- Detecting CXX compiler ABI info
[0.365s] -- Detecting CXX compiler ABI info - done
[0.369s] -- Check for working CXX compiler: /usr/bin/c++ - skipped
[0.370s] -- Detecting CXX compile features
[0.370s] -- Detecting CXX compile features - done
[0.372s] -- Found ament_cmake_auto: 1.3.10 (/opt/ros/humble/share/ament_cmake_auto/cmake)
[0.563s] -- Found Python3: /usr/bin/python3 (found version "3.10.12") found components: Interpreter 
[0.630s] -- Override CMake install command with custom implementation using symlinks instead of copying resources
[0.654s] -- Found ament_lint_auto: 0.12.11 (/opt/ros/humble/share/ament_lint_auto/cmake)
[0.759s] -- Added test 'lint_cmake' to check CMake code style
[0.759s] -- Added test 'xmllint' to check XML markup files
[0.760s] -- Configuring done
[0.763s] -- Generating done
[0.763s] -- Build files have been written to: /home/nuc/rm_vision_ws/build/rm_buff
[0.769s] Invoked command in '/home/nuc/rm_vision_ws/build/rm_buff' returned '0': AMENT_PREFIX_PATH=/home/nuc/rm_vision_ws/install/buff_tracker:/home/nuc/rm_vision_ws/install/buff_detector:/home/nuc/rm_vision_ws/install/buff_interfaces:${AMENT_PREFIX_PATH} CMAKE_PREFIX_PATH=/home/nuc/rm_vision_ws/install/buff_tracker:/home/nuc/rm_vision_ws/install/buff_detector:/home/nuc/rm_vision_ws/install/buff_interfaces:/opt/ros/humble LD_LIBRARY_PATH=/home/nuc/rm_vision_ws/install/buff_tracker/lib:/home/nuc/rm_vision_ws/install/buff_detector/lib:/home/nuc/rm_vision_ws/install/buff_interfaces/lib:/opt/MVS/lib/64:/opt/MVS/lib/32:/opt/MVS/lib/64:/opt/MVS/lib/32:/usr/lib/x86_64-linux-gnu/gazebo-11/plugins:/opt/ros/humble/opt/rviz_ogre_vendor/lib:/opt/ros/humble/lib/x86_64-linux-gnu:/opt/ros/humble/opt/openvdb_vendor/lib:/opt/ros/humble/lib:/opt/MVS/lib/64:/opt/MVS/lib/32 PYTHONPATH=/home/nuc/rm_vision_ws/install/buff_interfaces/local/lib/python3.10/dist-packages:${PYTHONPATH} /usr/bin/cmake /home/nuc/rm_vision_ws/src/rm_buff/rm_buff -DAMENT_CMAKE_SYMLINK_INSTALL=1 -DCMAKE_INSTALL_PREFIX=/home/nuc/rm_vision_ws/install/rm_buff
[0.771s] Invoking command in '/home/nuc/rm_vision_ws/build/rm_buff': AMENT_PREFIX_PATH=/home/nuc/rm_vision_ws/install/buff_tracker:/home/nuc/rm_vision_ws/install/buff_detector:/home/nuc/rm_vision_ws/install/buff_interfaces:${AMENT_PREFIX_PATH} CMAKE_PREFIX_PATH=/home/nuc/rm_vision_ws/install/buff_tracker:/home/nuc/rm_vision_ws/install/buff_detector:/home/nuc/rm_vision_ws/install/buff_interfaces:/opt/ros/humble LD_LIBRARY_PATH=/home/nuc/rm_vision_ws/install/buff_tracker/lib:/home/nuc/rm_vision_ws/install/buff_detector/lib:/home/nuc/rm_vision_ws/install/buff_interfaces/lib:/opt/MVS/lib/64:/opt/MVS/lib/32:/opt/MVS/lib/64:/opt/MVS/lib/32:/usr/lib/x86_64-linux-gnu/gazebo-11/plugins:/opt/ros/humble/opt/rviz_ogre_vendor/lib:/opt/ros/humble/lib/x86_64-linux-gnu:/opt/ros/humble/opt/openvdb_vendor/lib:/opt/ros/humble/lib:/opt/MVS/lib/64:/opt/MVS/lib/32 PYTHONPATH=/home/nuc/rm_vision_ws/install/buff_interfaces/local/lib/python3.10/dist-packages:${PYTHONPATH} /usr/bin/cmake --build /home/nuc/rm_vision_ws/build/rm_buff -- -j16 -l16
[0.829s] Invoked command in '/home/nuc/rm_vision_ws/build/rm_buff' returned '0': AMENT_PREFIX_PATH=/home/nuc/rm_vision_ws/install/buff_tracker:/home/nuc/rm_vision_ws/install/buff_detector:/home/nuc/rm_vision_ws/install/buff_interfaces:${AMENT_PREFIX_PATH} CMAKE_PREFIX_PATH=/home/nuc/rm_vision_ws/install/buff_tracker:/home/nuc/rm_vision_ws/install/buff_detector:/home/nuc/rm_vision_ws/install/buff_interfaces:/opt/ros/humble LD_LIBRARY_PATH=/home/nuc/rm_vision_ws/install/buff_tracker/lib:/home/nuc/rm_vision_ws/install/buff_detector/lib:/home/nuc/rm_vision_ws/install/buff_interfaces/lib:/opt/MVS/lib/64:/opt/MVS/lib/32:/opt/MVS/lib/64:/opt/MVS/lib/32:/usr/lib/x86_64-linux-gnu/gazebo-11/plugins:/opt/ros/humble/opt/rviz_ogre_vendor/lib:/opt/ros/humble/lib/x86_64-linux-gnu:/opt/ros/humble/opt/openvdb_vendor/lib:/opt/ros/humble/lib:/opt/MVS/lib/64:/opt/MVS/lib/32 PYTHONPATH=/home/nuc/rm_vision_ws/install/buff_interfaces/local/lib/python3.10/dist-packages:${PYTHONPATH} /usr/bin/cmake --build /home/nuc/rm_vision_ws/build/rm_buff -- -j16 -l16
[0.861s] Invoking command in '/home/nuc/rm_vision_ws/build/rm_buff': AMENT_PREFIX_PATH=/home/nuc/rm_vision_ws/install/buff_tracker:/home/nuc/rm_vision_ws/install/buff_detector:/home/nuc/rm_vision_ws/install/buff_interfaces:${AMENT_PREFIX_PATH} CMAKE_PREFIX_PATH=/home/nuc/rm_vision_ws/install/buff_tracker:/home/nuc/rm_vision_ws/install/buff_detector:/home/nuc/rm_vision_ws/install/buff_interfaces:/opt/ros/humble LD_LIBRARY_PATH=/home/nuc/rm_vision_ws/install/buff_tracker/lib:/home/nuc/rm_vision_ws/install/buff_detector/lib:/home/nuc/rm_vision_ws/install/buff_interfaces/lib:/opt/MVS/lib/64:/opt/MVS/lib/32:/opt/MVS/lib/64:/opt/MVS/lib/32:/usr/lib/x86_64-linux-gnu/gazebo-11/plugins:/opt/ros/humble/opt/rviz_ogre_vendor/lib:/opt/ros/humble/lib/x86_64-linux-gnu:/opt/ros/humble/opt/openvdb_vendor/lib:/opt/ros/humble/lib:/opt/MVS/lib/64:/opt/MVS/lib/32 PYTHONPATH=/home/nuc/rm_vision_ws/install/buff_interfaces/local/lib/python3.10/dist-packages:${PYTHONPATH} /usr/bin/cmake --install /home/nuc/rm_vision_ws/build/rm_buff
[0.871s] -- Install configuration: ""
[0.871s] -- Execute custom install script
[0.872s] -- Symlinking: /home/nuc/rm_vision_ws/install/rm_buff/share/ament_index/resource_index/package_run_dependencies/rm_buff
[0.887s] -- Symlinking: /home/nuc/rm_vision_ws/install/rm_buff/share/ament_index/resource_index/parent_prefix_path/rm_buff
[0.902s] -- Symlinking: /home/nuc/rm_vision_ws/install/rm_buff/share/rm_buff/environment/ament_prefix_path.sh
[0.917s] -- Symlinking: /home/nuc/rm_vision_ws/install/rm_buff/share/rm_buff/environment/ament_prefix_path.dsv
[0.932s] -- Symlinking: /home/nuc/rm_vision_ws/install/rm_buff/share/rm_buff/environment/path.sh
[0.946s] -- Symlinking: /home/nuc/rm_vision_ws/install/rm_buff/share/rm_buff/environment/path.dsv
[0.960s] -- Symlinking: /home/nuc/rm_vision_ws/install/rm_buff/share/rm_buff/local_setup.bash
[0.973s] -- Symlinking: /home/nuc/rm_vision_ws/install/rm_buff/share/rm_buff/local_setup.sh
[0.987s] -- Symlinking: /home/nuc/rm_vision_ws/install/rm_buff/share/rm_buff/local_setup.zsh
[1.001s] -- Symlinking: /home/nuc/rm_vision_ws/install/rm_buff/share/rm_buff/local_setup.dsv
[1.014s] -- Symlinking: /home/nuc/rm_vision_ws/install/rm_buff/share/rm_buff/package.dsv
[1.025s] -- Symlinking: /home/nuc/rm_vision_ws/install/rm_buff/share/ament_index/resource_index/packages/rm_buff
[1.038s] -- Symlinking: /home/nuc/rm_vision_ws/install/rm_buff/share/rm_buff/cmake/rm_buffConfig.cmake
[1.051s] -- Symlinking: /home/nuc/rm_vision_ws/install/rm_buff/share/rm_buff/cmake/rm_buffConfig-version.cmake
[1.065s] -- Symlinking: /home/nuc/rm_vision_ws/install/rm_buff/share/rm_buff/package.xml
[1.085s] Invoked command in '/home/nuc/rm_vision_ws/build/rm_buff' returned '0': AMENT_PREFIX_PATH=/home/nuc/rm_vision_ws/install/buff_tracker:/home/nuc/rm_vision_ws/install/buff_detector:/home/nuc/rm_vision_ws/install/buff_interfaces:${AMENT_PREFIX_PATH} CMAKE_PREFIX_PATH=/home/nuc/rm_vision_ws/install/buff_tracker:/home/nuc/rm_vision_ws/install/buff_detector:/home/nuc/rm_vision_ws/install/buff_interfaces:/opt/ros/humble LD_LIBRARY_PATH=/home/nuc/rm_vision_ws/install/buff_tracker/lib:/home/nuc/rm_vision_ws/install/buff_detector/lib:/home/nuc/rm_vision_ws/install/buff_interfaces/lib:/opt/MVS/lib/64:/opt/MVS/lib/32:/opt/MVS/lib/64:/opt/MVS/lib/32:/usr/lib/x86_64-linux-gnu/gazebo-11/plugins:/opt/ros/humble/opt/rviz_ogre_vendor/lib:/opt/ros/humble/lib/x86_64-linux-gnu:/opt/ros/humble/opt/openvdb_vendor/lib:/opt/ros/humble/lib:/opt/MVS/lib/64:/opt/MVS/lib/32 PYTHONPATH=/home/nuc/rm_vision_ws/install/buff_interfaces/local/lib/python3.10/dist-packages:${PYTHONPATH} /usr/bin/cmake --install /home/nuc/rm_vision_ws/build/rm_buff
