[0.019s] Invoking command in '/home/nuc/rm_vision_ws/build/hik_camera': CMAKE_PREFIX_PATH=${CMAKE_PREFIX_PATH}:/opt/ros/humble /usr/bin/cmake /home/nuc/rm_vision_ws/src/ros2_hik_camera -DCMAKE_INSTALL_PREFIX=/home/nuc/rm_vision_ws/install/hik_camera
[0.057s] -- Found ament_cmake_auto: 1.3.10 (/opt/ros/humble/share/ament_cmake_auto/cmake)
[0.164s] -- Override CMake install command with custom implementation using symlinks instead of copying resources
[0.246s] -- Found rosidl_generator_c: 3.1.5 (/opt/ros/humble/share/rosidl_generator_c/cmake)
[0.248s] -- Found rosidl_adapter: 3.1.5 (/opt/ros/humble/share/rosidl_adapter/cmake)
[0.251s] -- Found rosidl_generator_cpp: 3.1.5 (/opt/ros/humble/share/rosidl_generator_cpp/cmake)
[0.258s] -- Using all available rosidl_typesupport_c: rosidl_typesupport_fastrtps_c;rosidl_typesupport_introspection_c
[0.267s] -- Using all available rosidl_typesupport_cpp: rosidl_typesupport_fastrtps_cpp;rosidl_typesupport_introspection_cpp
[0.297s] -- Found rmw_implementation_cmake: 6.1.2 (/opt/ros/humble/share/rmw_implementation_cmake/cmake)
[0.299s] -- Found rmw_fastrtps_cpp: 6.2.7 (/opt/ros/humble/share/rmw_fastrtps_cpp/cmake)
[0.396s] -- Using RMW implementation 'rmw_fastrtps_cpp' as default
[0.503s] -- Found ament_lint_auto: 0.12.11 (/opt/ros/humble/share/ament_lint_auto/cmake)
[0.514s] -- Added test 'cppcheck' to perform static code analysis on C / C++ code
[0.515s] -- Configured cppcheck include dirs: /home/nuc/rm_vision_ws/src/ros2_hik_camera/hikSDK/include
[0.515s] -- Configured cppcheck exclude dirs and/or files: 
[0.515s] -- Added test 'flake8' to check Python code syntax and style conventions
[0.515s] -- Added test 'lint_cmake' to check CMake code style
[0.516s] -- Added test 'pep257' to check Python code against some of the docstring style conventions in PEP 257
[0.516s] -- Added test 'xmllint' to check XML markup files
[0.518s] -- Configuring done
[0.532s] -- Generating done
[0.533s] -- Build files have been written to: /home/nuc/rm_vision_ws/build/hik_camera
[0.540s] Invoked command in '/home/nuc/rm_vision_ws/build/hik_camera' returned '0': CMAKE_PREFIX_PATH=${CMAKE_PREFIX_PATH}:/opt/ros/humble /usr/bin/cmake /home/nuc/rm_vision_ws/src/ros2_hik_camera -DCMAKE_INSTALL_PREFIX=/home/nuc/rm_vision_ws/install/hik_camera
[0.541s] Invoking command in '/home/nuc/rm_vision_ws/build/hik_camera': CMAKE_PREFIX_PATH=${CMAKE_PREFIX_PATH}:/opt/ros/humble /usr/bin/cmake --build /home/nuc/rm_vision_ws/build/hik_camera -- -j16 -l16
[0.587s] [35m[1mConsolidate compiler generated dependencies of target hik_camera[0m
[0.590s] [35m[1mConsolidate compiler generated dependencies of target hik_camera_node[0m
[0.613s] [100%] Built target hik_camera_node
[0.613s] [100%] Built target hik_camera
[0.625s] Invoked command in '/home/nuc/rm_vision_ws/build/hik_camera' returned '0': CMAKE_PREFIX_PATH=${CMAKE_PREFIX_PATH}:/opt/ros/humble /usr/bin/cmake --build /home/nuc/rm_vision_ws/build/hik_camera -- -j16 -l16
[0.663s] Invoking command in '/home/nuc/rm_vision_ws/build/hik_camera': CMAKE_PREFIX_PATH=${CMAKE_PREFIX_PATH}:/opt/ros/humble /usr/bin/cmake --install /home/nuc/rm_vision_ws/build/hik_camera
[0.671s] -- Install configuration: ""
[0.671s] -- Execute custom install script
[0.671s] -- Up-to-date symlink: /home/nuc/rm_vision_ws/install/hik_camera/lib/libFormatConversion.so
[0.671s] -- Up-to-date symlink: /home/nuc/rm_vision_ws/install/hik_camera/lib/libMVRender.so
[0.672s] -- Up-to-date symlink: /home/nuc/rm_vision_ws/install/hik_camera/lib/libMediaProcess.so
[0.672s] -- Up-to-date symlink: /home/nuc/rm_vision_ws/install/hik_camera/lib/libMvCameraControl.so
[0.672s] -- Up-to-date symlink: /home/nuc/rm_vision_ws/install/hik_camera/lib/libMvUsb3vTL.so
[0.672s] -- Up-to-date symlink: /home/nuc/rm_vision_ws/install/hik_camera/lib/hik_camera/hik_camera_node
[0.672s] -- Up-to-date symlink: /home/nuc/rm_vision_ws/install/hik_camera/share/hik_camera/environment/library_path.sh
[0.672s] -- Up-to-date symlink: /home/nuc/rm_vision_ws/install/hik_camera/share/hik_camera/environment/library_path.dsv
[0.672s] -- Up-to-date symlink: /home/nuc/rm_vision_ws/install/hik_camera/lib/libhik_camera.so
[0.673s] -- Up-to-date symlink: /home/nuc/rm_vision_ws/install/hik_camera/share/hik_camera/config/camera_info.yaml
[0.673s] -- Up-to-date symlink: /home/nuc/rm_vision_ws/install/hik_camera/share/hik_camera/config/camera_params.yaml
[0.673s] -- Up-to-date symlink: /home/nuc/rm_vision_ws/install/hik_camera/share/hik_camera/launch/hik_camera.launch.py
[0.673s] -- Up-to-date symlink: /home/nuc/rm_vision_ws/install/hik_camera/share/ament_index/resource_index/package_run_dependencies/hik_camera
[0.674s] -- Up-to-date symlink: /home/nuc/rm_vision_ws/install/hik_camera/share/ament_index/resource_index/parent_prefix_path/hik_camera
[0.674s] -- Up-to-date symlink: /home/nuc/rm_vision_ws/install/hik_camera/share/hik_camera/environment/ament_prefix_path.sh
[0.674s] -- Up-to-date symlink: /home/nuc/rm_vision_ws/install/hik_camera/share/hik_camera/environment/ament_prefix_path.dsv
[0.674s] -- Up-to-date symlink: /home/nuc/rm_vision_ws/install/hik_camera/share/hik_camera/environment/path.sh
[0.674s] -- Up-to-date symlink: /home/nuc/rm_vision_ws/install/hik_camera/share/hik_camera/environment/path.dsv
[0.674s] -- Up-to-date symlink: /home/nuc/rm_vision_ws/install/hik_camera/share/hik_camera/local_setup.bash
[0.674s] -- Up-to-date symlink: /home/nuc/rm_vision_ws/install/hik_camera/share/hik_camera/local_setup.sh
[0.674s] -- Up-to-date symlink: /home/nuc/rm_vision_ws/install/hik_camera/share/hik_camera/local_setup.zsh
[0.674s] -- Up-to-date symlink: /home/nuc/rm_vision_ws/install/hik_camera/share/hik_camera/local_setup.dsv
[0.675s] -- Symlinking: /home/nuc/rm_vision_ws/install/hik_camera/share/hik_camera/package.dsv
[0.681s] -- Up-to-date symlink: /home/nuc/rm_vision_ws/install/hik_camera/share/ament_index/resource_index/packages/hik_camera
[0.681s] -- Up-to-date symlink: /home/nuc/rm_vision_ws/install/hik_camera/share/ament_index/resource_index/rclcpp_components/hik_camera
[0.682s] -- Up-to-date symlink: /home/nuc/rm_vision_ws/install/hik_camera/share/hik_camera/cmake/ament_cmake_export_dependencies-extras.cmake
[0.682s] -- Up-to-date symlink: /home/nuc/rm_vision_ws/install/hik_camera/share/hik_camera/cmake/ament_cmake_export_libraries-extras.cmake
[0.682s] -- Up-to-date symlink: /home/nuc/rm_vision_ws/install/hik_camera/share/hik_camera/cmake/hik_cameraConfig.cmake
[0.683s] -- Up-to-date symlink: /home/nuc/rm_vision_ws/install/hik_camera/share/hik_camera/cmake/hik_cameraConfig-version.cmake
[0.683s] -- Up-to-date symlink: /home/nuc/rm_vision_ws/install/hik_camera/share/hik_camera/package.xml
[0.692s] Invoked command in '/home/nuc/rm_vision_ws/build/hik_camera' returned '0': CMAKE_PREFIX_PATH=${CMAKE_PREFIX_PATH}:/opt/ros/humble /usr/bin/cmake --install /home/nuc/rm_vision_ws/build/hik_camera
