[0.055s] Invoking command in '/home/rosnoetic/rm_shaobing_vision/build/hik_camera': CMAKE_PREFIX_PATH=${CMAKE_PREFIX_PATH}:/home/rosnoetic/ros_ws/install/rm_vision_bringup:/home/rosnoetic/ros_ws/install/rm_serial_driver:/home/rosnoetic/ros_ws/install/rm_gimbal_description:/home/rosnoetic/ros_ws/install/hik_camera:/home/rosnoetic/ros_ws/install/armor_tracker:/home/rosnoetic/ros_ws/install/armor_detector:/home/rosnoetic/ros_ws/install/auto_aim_interfaces:/opt/ros/humble /usr/bin/cmake --build /home/rosnoetic/rm_shaobing_vision/build/hik_camera -- -j16 -l16
[0.168s] [35m[1mConsolidate compiler generated dependencies of target hik_camera[0m
[0.174s] [35m[1mConsolidate compiler generated dependencies of target hik_camera_node[0m
[0.224s] [ 50%] Built target hik_camera
[0.241s] [100%] Built target hik_camera_node
[0.290s] Invoked command in '/home/rosnoetic/rm_shaobing_vision/build/hik_camera' returned '0': CMAKE_PREFIX_PATH=${CMAKE_PREFIX_PATH}:/home/rosnoetic/ros_ws/install/rm_vision_bringup:/home/rosnoetic/ros_ws/install/rm_serial_driver:/home/rosnoetic/ros_ws/install/rm_gimbal_description:/home/rosnoetic/ros_ws/install/hik_camera:/home/rosnoetic/ros_ws/install/armor_tracker:/home/rosnoetic/ros_ws/install/armor_detector:/home/rosnoetic/ros_ws/install/auto_aim_interfaces:/opt/ros/humble /usr/bin/cmake --build /home/rosnoetic/rm_shaobing_vision/build/hik_camera -- -j16 -l16
[0.560s] Invoking command in '/home/rosnoetic/rm_shaobing_vision/build/hik_camera': CMAKE_PREFIX_PATH=${CMAKE_PREFIX_PATH}:/home/rosnoetic/ros_ws/install/rm_vision_bringup:/home/rosnoetic/ros_ws/install/rm_serial_driver:/home/rosnoetic/ros_ws/install/rm_gimbal_description:/home/rosnoetic/ros_ws/install/hik_camera:/home/rosnoetic/ros_ws/install/armor_tracker:/home/rosnoetic/ros_ws/install/armor_detector:/home/rosnoetic/ros_ws/install/auto_aim_interfaces:/opt/ros/humble /usr/bin/cmake --install /home/rosnoetic/rm_shaobing_vision/build/hik_camera
[0.580s] -- Install configuration: ""
[0.580s] -- Up-to-date: /home/rosnoetic/rm_shaobing_vision/install/hik_camera/lib
[0.580s] -- Up-to-date: /home/rosnoetic/rm_shaobing_vision/install/hik_camera/lib/libMvUsb3vTL.so
[0.580s] -- Up-to-date: /home/rosnoetic/rm_shaobing_vision/install/hik_camera/lib/libFormatConversion.so
[0.581s] -- Up-to-date: /home/rosnoetic/rm_shaobing_vision/install/hik_camera/lib/libMvCameraControl.so
[0.581s] -- Up-to-date: /home/rosnoetic/rm_shaobing_vision/install/hik_camera/lib/libMVRender.so
[0.581s] -- Up-to-date: /home/rosnoetic/rm_shaobing_vision/install/hik_camera/lib/libMediaProcess.so
[0.582s] -- Up-to-date: /home/rosnoetic/rm_shaobing_vision/install/hik_camera/lib/hik_camera/hik_camera_node
[0.582s] -- Up-to-date: /home/rosnoetic/rm_shaobing_vision/install/hik_camera/share/hik_camera/environment/library_path.sh
[0.590s] -- Up-to-date: /home/rosnoetic/rm_shaobing_vision/install/hik_camera/share/hik_camera/environment/library_path.dsv
[0.590s] -- Up-to-date: /home/rosnoetic/rm_shaobing_vision/install/hik_camera/lib/libhik_camera.so
[0.590s] -- Up-to-date: /home/rosnoetic/rm_shaobing_vision/install/hik_camera/share/hik_camera/config
[0.590s] -- Up-to-date: /home/rosnoetic/rm_shaobing_vision/install/hik_camera/share/hik_camera/config/camera_info.yaml
[0.591s] -- Up-to-date: /home/rosnoetic/rm_shaobing_vision/install/hik_camera/share/hik_camera/config/camera_params.yaml
[0.591s] -- Up-to-date: /home/rosnoetic/rm_shaobing_vision/install/hik_camera/share/hik_camera/launch
[0.591s] -- Up-to-date: /home/rosnoetic/rm_shaobing_vision/install/hik_camera/share/hik_camera/launch/hik_camera.launch.py
[0.591s] -- Up-to-date: /home/rosnoetic/rm_shaobing_vision/install/hik_camera/share/ament_index/resource_index/package_run_dependencies/hik_camera
[0.591s] -- Up-to-date: /home/rosnoetic/rm_shaobing_vision/install/hik_camera/share/ament_index/resource_index/parent_prefix_path/hik_camera
[0.591s] -- Up-to-date: /home/rosnoetic/rm_shaobing_vision/install/hik_camera/share/hik_camera/environment/ament_prefix_path.sh
[0.591s] -- Up-to-date: /home/rosnoetic/rm_shaobing_vision/install/hik_camera/share/hik_camera/environment/ament_prefix_path.dsv
[0.591s] -- Up-to-date: /home/rosnoetic/rm_shaobing_vision/install/hik_camera/share/hik_camera/environment/path.sh
[0.591s] -- Up-to-date: /home/rosnoetic/rm_shaobing_vision/install/hik_camera/share/hik_camera/environment/path.dsv
[0.592s] -- Up-to-date: /home/rosnoetic/rm_shaobing_vision/install/hik_camera/share/hik_camera/local_setup.bash
[0.592s] -- Up-to-date: /home/rosnoetic/rm_shaobing_vision/install/hik_camera/share/hik_camera/local_setup.sh
[0.592s] -- Up-to-date: /home/rosnoetic/rm_shaobing_vision/install/hik_camera/share/hik_camera/local_setup.zsh
[0.593s] -- Up-to-date: /home/rosnoetic/rm_shaobing_vision/install/hik_camera/share/hik_camera/local_setup.dsv
[0.594s] -- Installing: /home/rosnoetic/rm_shaobing_vision/install/hik_camera/share/hik_camera/package.dsv
[0.594s] -- Up-to-date: /home/rosnoetic/rm_shaobing_vision/install/hik_camera/share/ament_index/resource_index/packages/hik_camera
[0.594s] -- Up-to-date: /home/rosnoetic/rm_shaobing_vision/install/hik_camera/share/ament_index/resource_index/rclcpp_components/hik_camera
[0.594s] -- Up-to-date: /home/rosnoetic/rm_shaobing_vision/install/hik_camera/share/hik_camera/cmake/ament_cmake_export_dependencies-extras.cmake
[0.597s] -- Up-to-date: /home/rosnoetic/rm_shaobing_vision/install/hik_camera/share/hik_camera/cmake/ament_cmake_export_libraries-extras.cmake
[0.597s] -- Up-to-date: /home/rosnoetic/rm_shaobing_vision/install/hik_camera/share/hik_camera/cmake/hik_cameraConfig.cmake
[0.597s] -- Up-to-date: /home/rosnoetic/rm_shaobing_vision/install/hik_camera/share/hik_camera/cmake/hik_cameraConfig-version.cmake
[0.597s] -- Up-to-date: /home/rosnoetic/rm_shaobing_vision/install/hik_camera/share/hik_camera/package.xml
[0.598s] Invoked command in '/home/rosnoetic/rm_shaobing_vision/build/hik_camera' returned '0': CMAKE_PREFIX_PATH=${CMAKE_PREFIX_PATH}:/home/rosnoetic/ros_ws/install/rm_vision_bringup:/home/rosnoetic/ros_ws/install/rm_serial_driver:/home/rosnoetic/ros_ws/install/rm_gimbal_description:/home/rosnoetic/ros_ws/install/hik_camera:/home/rosnoetic/ros_ws/install/armor_tracker:/home/rosnoetic/ros_ws/install/armor_detector:/home/rosnoetic/ros_ws/install/auto_aim_interfaces:/opt/ros/humble /usr/bin/cmake --install /home/rosnoetic/rm_shaobing_vision/build/hik_camera
