[0.047s] Invoking command in '/home/rosnoetic/rm_shaobing_vision/build/auto_aim_interfaces': CMAKE_PREFIX_PATH=${CMAKE_PREFIX_PATH}:/home/rosnoetic/ros_ws/install/rm_vision_bringup:/home/rosnoetic/ros_ws/install/rm_serial_driver:/home/rosnoetic/ros_ws/install/rm_gimbal_description:/home/rosnoetic/ros_ws/install/hik_camera:/home/rosnoetic/ros_ws/install/armor_tracker:/home/rosnoetic/ros_ws/install/armor_detector:/home/rosnoetic/ros_ws/install/auto_aim_interfaces:/opt/ros/humble /usr/bin/cmake --build /home/rosnoetic/rm_shaobing_vision/build/auto_aim_interfaces -- -j16 -l16
[0.102s] -- Found ament_cmake: 1.3.10 (/opt/ros/humble/share/ament_cmake/cmake)
[0.328s] -- Found rosidl_default_generators: 1.2.0 (/opt/ros/humble/share/rosidl_default_generators/cmake)
[0.332s] -- Using all available rosidl_typesupport_c: rosidl_typesupport_fastrtps_c;rosidl_typesupport_introspection_c
[0.338s] -- Found rosidl_adapter: 3.1.5 (/opt/ros/humble/share/rosidl_adapter/cmake)
[0.379s] -- Using all available rosidl_typesupport_cpp: rosidl_typesupport_fastrtps_cpp;rosidl_typesupport_introspection_cpp
[0.420s] -- Found geometry_msgs: 4.2.4 (/opt/ros/humble/share/geometry_msgs/cmake)
[0.938s] -- Found ament_cmake_ros: 0.10.0 (/opt/ros/humble/share/ament_cmake_ros/cmake)
[1.273s] -- Using all available rosidl_typesupport_c: rosidl_typesupport_fastrtps_c;rosidl_typesupport_introspection_c
[1.720s] -- Using all available rosidl_typesupport_cpp: rosidl_typesupport_fastrtps_cpp;rosidl_typesupport_introspection_cpp
[1.755s] -- Found python_cmake_module: 0.10.0 (/opt/ros/humble/share/python_cmake_module/cmake)
[1.787s] -- Using PYTHON_EXECUTABLE: /usr/bin/python3
[1.787s] -- Using PYTHON_INCLUDE_DIRS: /usr/include/python3.10
[1.787s] -- Using PYTHON_LIBRARIES: /usr/lib/x86_64-linux-gnu/libpython3.10.so
[1.861s] -- Configuring done
[1.941s] -- Generating done
[1.952s] -- Build files have been written to: /home/rosnoetic/rm_shaobing_vision/build/auto_aim_interfaces
[2.002s] [  1%] [34m[1mGenerating C code for ROS interfaces[0m
[2.025s] [  1%] [34m[1mGenerating C++ code for ROS interfaces[0m
[2.046s] [  1%] Built target ament_cmake_python_copy_auto_aim_interfaces
[2.416s] running egg_info
[2.417s] writing auto_aim_interfaces.egg-info/PKG-INFO
[2.417s] writing dependency_links to auto_aim_interfaces.egg-info/dependency_links.txt
[2.418s] writing top-level names to auto_aim_interfaces.egg-info/top_level.txt
[2.421s] reading manifest file 'auto_aim_interfaces.egg-info/SOURCES.txt'
[2.423s] writing manifest file 'auto_aim_interfaces.egg-info/SOURCES.txt'
[2.470s] [  1%] Built target ament_cmake_python_build_auto_aim_interfaces_egg
[3.053s] [  1%] Built target auto_aim_interfaces__cpp
[3.088s] [  2%] [34m[1mGenerating C++ type support for eProsima Fast-RTPS[0m
[3.088s] [  3%] [34m[1mGenerating C++ type support dispatch for ROS interfaces[0m
[3.096s] [  4%] [34m[1mGenerating C++ introspection for ROS interfaces[0m
[3.128s] [35m[1mConsolidate compiler generated dependencies of target auto_aim_interfaces__rosidl_generator_c[0m
[3.176s] [  5%] [32mBuilding C object CMakeFiles/auto_aim_interfaces__rosidl_generator_c.dir/rosidl_generator_c/auto_aim_interfaces/msg/detail/armor__functions.c.o[0m
[3.176s] [  7%] [32mBuilding C object CMakeFiles/auto_aim_interfaces__rosidl_generator_c.dir/rosidl_generator_c/auto_aim_interfaces/msg/detail/debug_light__functions.c.o[0m
[3.176s] [  7%] [32mBuilding C object CMakeFiles/auto_aim_interfaces__rosidl_generator_c.dir/rosidl_generator_c/auto_aim_interfaces/msg/detail/target__functions.c.o[0m
[3.177s] [  8%] [32mBuilding C object CMakeFiles/auto_aim_interfaces__rosidl_generator_c.dir/rosidl_generator_c/auto_aim_interfaces/msg/detail/armors__functions.c.o[0m
[3.177s] [  9%] [32mBuilding C object CMakeFiles/auto_aim_interfaces__rosidl_generator_c.dir/rosidl_generator_c/auto_aim_interfaces/msg/detail/debug_lights__functions.c.o[0m
[3.191s] [ 10%] [32mBuilding C object CMakeFiles/auto_aim_interfaces__rosidl_generator_c.dir/rosidl_generator_c/auto_aim_interfaces/msg/detail/debug_armor__functions.c.o[0m
[3.278s] [ 11%] [32mBuilding C object CMakeFiles/auto_aim_interfaces__rosidl_generator_c.dir/rosidl_generator_c/auto_aim_interfaces/msg/detail/debug_armors__functions.c.o[0m
[3.288s] [ 12%] [32mBuilding C object CMakeFiles/auto_aim_interfaces__rosidl_generator_c.dir/rosidl_generator_c/auto_aim_interfaces/msg/detail/tracker_info__functions.c.o[0m
[3.307s] [ 13%] [32mBuilding C object CMakeFiles/auto_aim_interfaces__rosidl_generator_c.dir/rosidl_generator_c/auto_aim_interfaces/msg/detail/time_info__functions.c.o[0m
[3.307s] [ 14%] [32mBuilding C object CMakeFiles/auto_aim_interfaces__rosidl_generator_c.dir/rosidl_generator_c/auto_aim_interfaces/msg/detail/time_series__functions.c.o[0m
[3.393s] [ 15%] [32m[1mLinking C shared library libauto_aim_interfaces__rosidl_generator_c.so[0m
[3.472s] [ 15%] Built target auto_aim_interfaces__rosidl_generator_c
[3.499s] [ 18%] [34m[1mGenerating C introspection for ROS interfaces[0m
[3.499s] [ 18%] [34m[1mGenerating C type support for eProsima Fast-RTPS[0m
[3.500s] [ 18%] [34m[1mGenerating C type support dispatch for ROS interfaces[0m
[3.711s] [35m[1mConsolidate compiler generated dependencies of target auto_aim_interfaces__rosidl_typesupport_cpp[0m
[3.755s] [ 19%] [32mBuilding CXX object CMakeFiles/auto_aim_interfaces__rosidl_typesupport_cpp.dir/rosidl_typesupport_cpp/auto_aim_interfaces/msg/armors__type_support.cpp.o[0m
[3.760s] [ 20%] [32mBuilding CXX object CMakeFiles/auto_aim_interfaces__rosidl_typesupport_cpp.dir/rosidl_typesupport_cpp/auto_aim_interfaces/msg/armor__type_support.cpp.o[0m
[3.760s] [ 21%] [32mBuilding CXX object CMakeFiles/auto_aim_interfaces__rosidl_typesupport_cpp.dir/rosidl_typesupport_cpp/auto_aim_interfaces/msg/target__type_support.cpp.o[0m
[3.766s] [ 22%] [32mBuilding CXX object CMakeFiles/auto_aim_interfaces__rosidl_typesupport_cpp.dir/rosidl_typesupport_cpp/auto_aim_interfaces/msg/debug_light__type_support.cpp.o[0m
[3.776s] [ 23%] [32mBuilding CXX object CMakeFiles/auto_aim_interfaces__rosidl_typesupport_cpp.dir/rosidl_typesupport_cpp/auto_aim_interfaces/msg/debug_lights__type_support.cpp.o[0m
[3.777s] [ 24%] [32mBuilding CXX object CMakeFiles/auto_aim_interfaces__rosidl_typesupport_cpp.dir/rosidl_typesupport_cpp/auto_aim_interfaces/msg/debug_armor__type_support.cpp.o[0m
[3.887s] [ 25%] [32mBuilding CXX object CMakeFiles/auto_aim_interfaces__rosidl_typesupport_cpp.dir/rosidl_typesupport_cpp/auto_aim_interfaces/msg/debug_armors__type_support.cpp.o[0m
[3.909s] [ 26%] [32mBuilding CXX object CMakeFiles/auto_aim_interfaces__rosidl_typesupport_cpp.dir/rosidl_typesupport_cpp/auto_aim_interfaces/msg/tracker_info__type_support.cpp.o[0m
[3.935s] [ 27%] [32mBuilding CXX object CMakeFiles/auto_aim_interfaces__rosidl_typesupport_cpp.dir/rosidl_typesupport_cpp/auto_aim_interfaces/msg/time_info__type_support.cpp.o[0m
[3.977s] [ 28%] [32mBuilding CXX object CMakeFiles/auto_aim_interfaces__rosidl_typesupport_cpp.dir/rosidl_typesupport_cpp/auto_aim_interfaces/msg/time_series__type_support.cpp.o[0m
[4.260s] [35m[1mConsolidate compiler generated dependencies of target auto_aim_interfaces__rosidl_typesupport_introspection_cpp[0m
[4.369s] [ 29%] [32mBuilding CXX object CMakeFiles/auto_aim_interfaces__rosidl_typesupport_introspection_cpp.dir/rosidl_typesupport_introspection_cpp/auto_aim_interfaces/msg/detail/armor__type_support.cpp.o[0m
[4.562s] [ 30%] [32mBuilding CXX object CMakeFiles/auto_aim_interfaces__rosidl_typesupport_introspection_cpp.dir/rosidl_typesupport_introspection_cpp/auto_aim_interfaces/msg/detail/armors__type_support.cpp.o[0m
[4.650s] [35m[1mConsolidate compiler generated dependencies of target auto_aim_interfaces__rosidl_typesupport_fastrtps_cpp[0m
[4.650s] [ 31%] [32mBuilding CXX object CMakeFiles/auto_aim_interfaces__rosidl_typesupport_introspection_cpp.dir/rosidl_typesupport_introspection_cpp/auto_aim_interfaces/msg/detail/target__type_support.cpp.o[0m
[4.717s] [ 32%] [32mBuilding CXX object CMakeFiles/auto_aim_interfaces__rosidl_typesupport_introspection_cpp.dir/rosidl_typesupport_introspection_cpp/auto_aim_interfaces/msg/detail/debug_light__type_support.cpp.o[0m
[4.717s] [ 33%] [32mBuilding CXX object CMakeFiles/auto_aim_interfaces__rosidl_typesupport_fastrtps_cpp.dir/rosidl_typesupport_fastrtps_cpp/auto_aim_interfaces/msg/detail/dds_fastrtps/armor__type_support.cpp.o[0m
[4.717s] [ 34%] [32mBuilding CXX object CMakeFiles/auto_aim_interfaces__rosidl_typesupport_fastrtps_cpp.dir/rosidl_typesupport_fastrtps_cpp/auto_aim_interfaces/msg/detail/dds_fastrtps/armors__type_support.cpp.o[0m
[4.740s] [35m[1mConsolidate compiler generated dependencies of target auto_aim_interfaces__rosidl_typesupport_c[0m
[4.850s] [ 35%] [32mBuilding CXX object CMakeFiles/auto_aim_interfaces__rosidl_typesupport_c.dir/rosidl_typesupport_c/auto_aim_interfaces/msg/armor__type_support.cpp.o[0m
[4.888s] [ 36%] [32mBuilding CXX object CMakeFiles/auto_aim_interfaces__rosidl_typesupport_c.dir/rosidl_typesupport_c/auto_aim_interfaces/msg/armors__type_support.cpp.o[0m
[4.889s] [ 37%] [32mBuilding CXX object CMakeFiles/auto_aim_interfaces__rosidl_typesupport_introspection_cpp.dir/rosidl_typesupport_introspection_cpp/auto_aim_interfaces/msg/detail/debug_lights__type_support.cpp.o[0m
[4.930s] [ 38%] [32mBuilding CXX object CMakeFiles/auto_aim_interfaces__rosidl_typesupport_introspection_cpp.dir/rosidl_typesupport_introspection_cpp/auto_aim_interfaces/msg/detail/debug_armor__type_support.cpp.o[0m
[4.930s] [ 39%] [32mBuilding CXX object CMakeFiles/auto_aim_interfaces__rosidl_typesupport_c.dir/rosidl_typesupport_c/auto_aim_interfaces/msg/target__type_support.cpp.o[0m
[4.930s] [ 39%] [32mBuilding CXX object CMakeFiles/auto_aim_interfaces__rosidl_typesupport_fastrtps_cpp.dir/rosidl_typesupport_fastrtps_cpp/auto_aim_interfaces/msg/detail/dds_fastrtps/target__type_support.cpp.o[0m
[4.980s] [ 40%] [32m[1mLinking CXX shared library libauto_aim_interfaces__rosidl_typesupport_cpp.so[0m
[5.019s] [ 41%] [32mBuilding CXX object CMakeFiles/auto_aim_interfaces__rosidl_typesupport_introspection_cpp.dir/rosidl_typesupport_introspection_cpp/auto_aim_interfaces/msg/detail/debug_armors__type_support.cpp.o[0m
[5.039s] [ 42%] [32mBuilding CXX object CMakeFiles/auto_aim_interfaces__rosidl_typesupport_introspection_cpp.dir/rosidl_typesupport_introspection_cpp/auto_aim_interfaces/msg/detail/tracker_info__type_support.cpp.o[0m
[5.090s] [ 43%] [32mBuilding CXX object CMakeFiles/auto_aim_interfaces__rosidl_typesupport_introspection_cpp.dir/rosidl_typesupport_introspection_cpp/auto_aim_interfaces/msg/detail/time_info__type_support.cpp.o[0m
[5.090s] [ 44%] [32mBuilding CXX object CMakeFiles/auto_aim_interfaces__rosidl_typesupport_c.dir/rosidl_typesupport_c/auto_aim_interfaces/msg/debug_light__type_support.cpp.o[0m
[5.276s] [ 44%] Built target auto_aim_interfaces__rosidl_typesupport_cpp
[5.276s] [ 45%] [32mBuilding CXX object CMakeFiles/auto_aim_interfaces__rosidl_typesupport_c.dir/rosidl_typesupport_c/auto_aim_interfaces/msg/debug_lights__type_support.cpp.o[0m
[5.367s] [ 46%] [32mBuilding CXX object CMakeFiles/auto_aim_interfaces__rosidl_typesupport_c.dir/rosidl_typesupport_c/auto_aim_interfaces/msg/debug_armor__type_support.cpp.o[0m
[5.448s] [ 47%] [32mBuilding CXX object CMakeFiles/auto_aim_interfaces__rosidl_typesupport_c.dir/rosidl_typesupport_c/auto_aim_interfaces/msg/debug_armors__type_support.cpp.o[0m
[5.494s] [35m[1mConsolidate compiler generated dependencies of target auto_aim_interfaces__rosidl_typesupport_introspection_c[0m
[5.508s] [35m[1mConsolidate compiler generated dependencies of target auto_aim_interfaces__rosidl_typesupport_fastrtps_c[0m
[5.558s] [ 48%] [32mBuilding C object CMakeFiles/auto_aim_interfaces__rosidl_typesupport_introspection_c.dir/rosidl_typesupport_introspection_c/auto_aim_interfaces/msg/detail/armor__type_support.c.o[0m
[5.558s] [ 49%] [32mBuilding CXX object CMakeFiles/auto_aim_interfaces__rosidl_typesupport_c.dir/rosidl_typesupport_c/auto_aim_interfaces/msg/tracker_info__type_support.cpp.o[0m
[5.627s] [ 49%] [32mBuilding CXX object CMakeFiles/auto_aim_interfaces__rosidl_typesupport_c.dir/rosidl_typesupport_c/auto_aim_interfaces/msg/time_info__type_support.cpp.o[0m
[5.628s] [ 50%] [32mBuilding CXX object CMakeFiles/auto_aim_interfaces__rosidl_typesupport_fastrtps_c.dir/rosidl_typesupport_fastrtps_c/auto_aim_interfaces/msg/detail/armor__type_support_c.cpp.o[0m
[5.691s] [ 51%] [32mBuilding CXX object CMakeFiles/auto_aim_interfaces__rosidl_typesupport_fastrtps_c.dir/rosidl_typesupport_fastrtps_c/auto_aim_interfaces/msg/detail/armors__type_support_c.cpp.o[0m
[5.772s] [ 52%] [32mBuilding C object CMakeFiles/auto_aim_interfaces__rosidl_typesupport_introspection_c.dir/rosidl_typesupport_introspection_c/auto_aim_interfaces/msg/detail/armors__type_support.c.o[0m
[5.887s] [ 53%] [32mBuilding CXX object CMakeFiles/auto_aim_interfaces__rosidl_typesupport_c.dir/rosidl_typesupport_c/auto_aim_interfaces/msg/time_series__type_support.cpp.o[0m
[5.936s] [ 54%] [32mBuilding C object CMakeFiles/auto_aim_interfaces__rosidl_typesupport_introspection_c.dir/rosidl_typesupport_introspection_c/auto_aim_interfaces/msg/detail/target__type_support.c.o[0m
[6.062s] [ 55%] [32mBuilding C object CMakeFiles/auto_aim_interfaces__rosidl_typesupport_introspection_c.dir/rosidl_typesupport_introspection_c/auto_aim_interfaces/msg/detail/debug_light__type_support.c.o[0m
[6.119s] [ 57%] [32m[1mLinking CXX shared library libauto_aim_interfaces__rosidl_typesupport_c.so[0m
[6.119s] [ 57%] [32mBuilding CXX object CMakeFiles/auto_aim_interfaces__rosidl_typesupport_fastrtps_c.dir/rosidl_typesupport_fastrtps_c/auto_aim_interfaces/msg/detail/target__type_support_c.cpp.o[0m
[6.119s] [ 58%] [32mBuilding CXX object CMakeFiles/auto_aim_interfaces__rosidl_typesupport_introspection_cpp.dir/rosidl_typesupport_introspection_cpp/auto_aim_interfaces/msg/detail/time_series__type_support.cpp.o[0m
[6.119s] [ 59%] [32mBuilding CXX object CMakeFiles/auto_aim_interfaces__rosidl_typesupport_fastrtps_cpp.dir/rosidl_typesupport_fastrtps_cpp/auto_aim_interfaces/msg/detail/dds_fastrtps/debug_light__type_support.cpp.o[0m
[6.119s] [ 60%] [32mBuilding CXX object CMakeFiles/auto_aim_interfaces__rosidl_typesupport_fastrtps_cpp.dir/rosidl_typesupport_fastrtps_cpp/auto_aim_interfaces/msg/detail/dds_fastrtps/debug_lights__type_support.cpp.o[0m
[6.200s] [ 61%] [32mBuilding C object CMakeFiles/auto_aim_interfaces__rosidl_typesupport_introspection_c.dir/rosidl_typesupport_introspection_c/auto_aim_interfaces/msg/detail/debug_lights__type_support.c.o[0m
[6.201s] [ 62%] [32mBuilding CXX object CMakeFiles/auto_aim_interfaces__rosidl_typesupport_fastrtps_c.dir/rosidl_typesupport_fastrtps_c/auto_aim_interfaces/msg/detail/debug_light__type_support_c.cpp.o[0m
[6.263s] [ 63%] [32mBuilding CXX object CMakeFiles/auto_aim_interfaces__rosidl_typesupport_fastrtps_cpp.dir/rosidl_typesupport_fastrtps_cpp/auto_aim_interfaces/msg/detail/dds_fastrtps/debug_armor__type_support.cpp.o[0m
[6.263s] [ 64%] [32mBuilding CXX object CMakeFiles/auto_aim_interfaces__rosidl_typesupport_fastrtps_cpp.dir/rosidl_typesupport_fastrtps_cpp/auto_aim_interfaces/msg/detail/dds_fastrtps/debug_armors__type_support.cpp.o[0m
[6.289s] [ 65%] [32mBuilding C object CMakeFiles/auto_aim_interfaces__rosidl_typesupport_introspection_c.dir/rosidl_typesupport_introspection_c/auto_aim_interfaces/msg/detail/debug_armor__type_support.c.o[0m
[6.437s] [ 66%] [32mBuilding CXX object CMakeFiles/auto_aim_interfaces__rosidl_typesupport_fastrtps_c.dir/rosidl_typesupport_fastrtps_c/auto_aim_interfaces/msg/detail/debug_lights__type_support_c.cpp.o[0m
[6.437s] [ 67%] [32mBuilding CXX object CMakeFiles/auto_aim_interfaces__rosidl_typesupport_fastrtps_c.dir/rosidl_typesupport_fastrtps_c/auto_aim_interfaces/msg/detail/debug_armor__type_support_c.cpp.o[0m
[6.469s] [ 68%] [32mBuilding C object CMakeFiles/auto_aim_interfaces__rosidl_typesupport_introspection_c.dir/rosidl_typesupport_introspection_c/auto_aim_interfaces/msg/detail/debug_armors__type_support.c.o[0m
[6.482s] [ 68%] Built target auto_aim_interfaces__rosidl_typesupport_c
[6.535s] [ 69%] [32mBuilding CXX object CMakeFiles/auto_aim_interfaces__rosidl_typesupport_fastrtps_cpp.dir/rosidl_typesupport_fastrtps_cpp/auto_aim_interfaces/msg/detail/dds_fastrtps/tracker_info__type_support.cpp.o[0m
[6.541s] [ 70%] [32mBuilding C object CMakeFiles/auto_aim_interfaces__rosidl_typesupport_introspection_c.dir/rosidl_typesupport_introspection_c/auto_aim_interfaces/msg/detail/tracker_info__type_support.c.o[0m
[6.541s] [ 71%] [32mBuilding CXX object CMakeFiles/auto_aim_interfaces__rosidl_typesupport_fastrtps_c.dir/rosidl_typesupport_fastrtps_c/auto_aim_interfaces/msg/detail/debug_armors__type_support_c.cpp.o[0m
[6.558s] [ 72%] [32mBuilding CXX object CMakeFiles/auto_aim_interfaces__rosidl_typesupport_fastrtps_c.dir/rosidl_typesupport_fastrtps_c/auto_aim_interfaces/msg/detail/tracker_info__type_support_c.cpp.o[0m
[6.681s] [ 73%] [32mBuilding C object CMakeFiles/auto_aim_interfaces__rosidl_typesupport_introspection_c.dir/rosidl_typesupport_introspection_c/auto_aim_interfaces/msg/detail/time_info__type_support.c.o[0m
[6.871s] [ 74%] [32mBuilding CXX object CMakeFiles/auto_aim_interfaces__rosidl_typesupport_fastrtps_c.dir/rosidl_typesupport_fastrtps_c/auto_aim_interfaces/msg/detail/time_info__type_support_c.cpp.o[0m
[6.871s] [ 75%] [32mBuilding CXX object CMakeFiles/auto_aim_interfaces__rosidl_typesupport_fastrtps_c.dir/rosidl_typesupport_fastrtps_c/auto_aim_interfaces/msg/detail/time_series__type_support_c.cpp.o[0m
[6.998s] [ 76%] [32mBuilding C object CMakeFiles/auto_aim_interfaces__rosidl_typesupport_introspection_c.dir/rosidl_typesupport_introspection_c/auto_aim_interfaces/msg/detail/time_series__type_support.c.o[0m
[7.015s] [ 77%] [32mBuilding CXX object CMakeFiles/auto_aim_interfaces__rosidl_typesupport_fastrtps_cpp.dir/rosidl_typesupport_fastrtps_cpp/auto_aim_interfaces/msg/detail/dds_fastrtps/time_info__type_support.cpp.o[0m
[7.246s] [ 78%] [32m[1mLinking C shared library libauto_aim_interfaces__rosidl_typesupport_introspection_c.so[0m
[7.335s] [ 79%] [32mBuilding CXX object CMakeFiles/auto_aim_interfaces__rosidl_typesupport_fastrtps_cpp.dir/rosidl_typesupport_fastrtps_cpp/auto_aim_interfaces/msg/detail/dds_fastrtps/time_series__type_support.cpp.o[0m
[7.448s] [ 80%] [32m[1mLinking CXX shared library libauto_aim_interfaces__rosidl_typesupport_introspection_cpp.so[0m
[7.495s] [ 80%] Built target auto_aim_interfaces__rosidl_typesupport_introspection_c
[7.687s] [ 80%] Built target auto_aim_interfaces__rosidl_typesupport_introspection_cpp
[7.798s] [ 81%] [32m[1mLinking CXX shared library libauto_aim_interfaces__rosidl_typesupport_fastrtps_c.so[0m
[7.930s] [ 81%] Built target auto_aim_interfaces__rosidl_typesupport_fastrtps_c
[8.042s] [ 82%] [32m[1mLinking CXX shared library libauto_aim_interfaces__rosidl_typesupport_fastrtps_cpp.so[0m
[8.183s] [ 82%] Built target auto_aim_interfaces__rosidl_typesupport_fastrtps_cpp
[8.230s] [ 82%] Built target auto_aim_interfaces
[8.258s] [ 83%] [34m[1mGenerating Python code for ROS interfaces[0m
[9.545s] [ 83%] Built target auto_aim_interfaces__py
[9.576s] [35m[1mConsolidate compiler generated dependencies of target auto_aim_interfaces__rosidl_generator_py[0m
[9.611s] [ 86%] [32mBuilding C object CMakeFiles/auto_aim_interfaces__rosidl_generator_py.dir/rosidl_generator_py/auto_aim_interfaces/msg/_armors_s.c.o[0m
[9.611s] [ 86%] [32mBuilding C object CMakeFiles/auto_aim_interfaces__rosidl_generator_py.dir/rosidl_generator_py/auto_aim_interfaces/msg/_armor_s.c.o[0m
[9.611s] [ 86%] [32mBuilding C object CMakeFiles/auto_aim_interfaces__rosidl_generator_py.dir/rosidl_generator_py/auto_aim_interfaces/msg/_target_s.c.o[0m
[9.611s] [ 88%] [32mBuilding C object CMakeFiles/auto_aim_interfaces__rosidl_generator_py.dir/rosidl_generator_py/auto_aim_interfaces/msg/_debug_light_s.c.o[0m
[9.611s] [ 88%] [32mBuilding C object CMakeFiles/auto_aim_interfaces__rosidl_generator_py.dir/rosidl_generator_py/auto_aim_interfaces/msg/_debug_lights_s.c.o[0m
[9.611s] [ 89%] [32mBuilding C object CMakeFiles/auto_aim_interfaces__rosidl_generator_py.dir/rosidl_generator_py/auto_aim_interfaces/msg/_debug_armor_s.c.o[0m
[9.615s] [ 90%] [32mBuilding C object CMakeFiles/auto_aim_interfaces__rosidl_generator_py.dir/rosidl_generator_py/auto_aim_interfaces/msg/_tracker_info_s.c.o[0m
[9.628s] [ 91%] [32mBuilding C object CMakeFiles/auto_aim_interfaces__rosidl_generator_py.dir/rosidl_generator_py/auto_aim_interfaces/msg/_debug_armors_s.c.o[0m
[9.629s] [ 92%] [32mBuilding C object CMakeFiles/auto_aim_interfaces__rosidl_generator_py.dir/rosidl_generator_py/auto_aim_interfaces/msg/_time_info_s.c.o[0m
[9.689s] [ 93%] [32mBuilding C object CMakeFiles/auto_aim_interfaces__rosidl_generator_py.dir/rosidl_generator_py/auto_aim_interfaces/msg/_time_series_s.c.o[0m
[9.911s] [ 94%] [32m[1mLinking C shared library rosidl_generator_py/auto_aim_interfaces/libauto_aim_interfaces__rosidl_generator_py.so[0m
[9.995s] [ 94%] Built target auto_aim_interfaces__rosidl_generator_py
[10.020s] [35m[1mConsolidate compiler generated dependencies of target auto_aim_interfaces__rosidl_typesupport_introspection_c__pyext[0m
[10.020s] [35m[1mConsolidate compiler generated dependencies of target auto_aim_interfaces__rosidl_typesupport_fastrtps_c__pyext[0m
[10.020s] [35m[1mConsolidate compiler generated dependencies of target auto_aim_interfaces__rosidl_typesupport_c__pyext[0m
[10.043s] [ 97%] [32mBuilding C object CMakeFiles/auto_aim_interfaces__rosidl_typesupport_c__pyext.dir/rosidl_generator_py/auto_aim_interfaces/_auto_aim_interfaces_s.ep.rosidl_typesupport_c.c.o[0m
[10.043s] [ 97%] [32mBuilding C object CMakeFiles/auto_aim_interfaces__rosidl_typesupport_introspection_c__pyext.dir/rosidl_generator_py/auto_aim_interfaces/_auto_aim_interfaces_s.ep.rosidl_typesupport_introspection_c.c.o[0m
[10.044s] [ 97%] [32mBuilding C object CMakeFiles/auto_aim_interfaces__rosidl_typesupport_fastrtps_c__pyext.dir/rosidl_generator_py/auto_aim_interfaces/_auto_aim_interfaces_s.ep.rosidl_typesupport_fastrtps_c.c.o[0m
[10.227s] [ 98%] [32m[1mLinking C shared library rosidl_generator_py/auto_aim_interfaces/auto_aim_interfaces_s__rosidl_typesupport_fastrtps_c.cpython-310-x86_64-linux-gnu.so[0m
[10.240s] [ 99%] [32m[1mLinking C shared library rosidl_generator_py/auto_aim_interfaces/auto_aim_interfaces_s__rosidl_typesupport_c.cpython-310-x86_64-linux-gnu.so[0m
[10.258s] [100%] [32m[1mLinking C shared library rosidl_generator_py/auto_aim_interfaces/auto_aim_interfaces_s__rosidl_typesupport_introspection_c.cpython-310-x86_64-linux-gnu.so[0m
[10.303s] [100%] Built target auto_aim_interfaces__rosidl_typesupport_fastrtps_c__pyext
[10.318s] [100%] Built target auto_aim_interfaces__rosidl_typesupport_c__pyext
[10.335s] [100%] Built target auto_aim_interfaces__rosidl_typesupport_introspection_c__pyext
[10.357s] Invoked command in '/home/rosnoetic/rm_shaobing_vision/build/auto_aim_interfaces' returned '0': CMAKE_PREFIX_PATH=${CMAKE_PREFIX_PATH}:/home/rosnoetic/ros_ws/install/rm_vision_bringup:/home/rosnoetic/ros_ws/install/rm_serial_driver:/home/rosnoetic/ros_ws/install/rm_gimbal_description:/home/rosnoetic/ros_ws/install/hik_camera:/home/rosnoetic/ros_ws/install/armor_tracker:/home/rosnoetic/ros_ws/install/armor_detector:/home/rosnoetic/ros_ws/install/auto_aim_interfaces:/opt/ros/humble /usr/bin/cmake --build /home/rosnoetic/rm_shaobing_vision/build/auto_aim_interfaces -- -j16 -l16
[11.275s] Invoking command in '/home/rosnoetic/rm_shaobing_vision/build/auto_aim_interfaces': CMAKE_PREFIX_PATH=${CMAKE_PREFIX_PATH}:/home/rosnoetic/ros_ws/install/rm_vision_bringup:/home/rosnoetic/ros_ws/install/rm_serial_driver:/home/rosnoetic/ros_ws/install/rm_gimbal_description:/home/rosnoetic/ros_ws/install/hik_camera:/home/rosnoetic/ros_ws/install/armor_tracker:/home/rosnoetic/ros_ws/install/armor_detector:/home/rosnoetic/ros_ws/install/auto_aim_interfaces:/opt/ros/humble /usr/bin/cmake --install /home/rosnoetic/rm_shaobing_vision/build/auto_aim_interfaces
[11.289s] -- Install configuration: ""
[11.289s] -- Up-to-date: /home/rosnoetic/rm_shaobing_vision/install/auto_aim_interfaces/share/ament_index/resource_index/rosidl_interfaces/auto_aim_interfaces
[11.289s] -- Up-to-date: /home/rosnoetic/rm_shaobing_vision/install/auto_aim_interfaces/include/auto_aim_interfaces/auto_aim_interfaces
[11.289s] -- Up-to-date: /home/rosnoetic/rm_shaobing_vision/install/auto_aim_interfaces/include/auto_aim_interfaces/auto_aim_interfaces/msg
[11.290s] -- Installing: /home/rosnoetic/rm_shaobing_vision/install/auto_aim_interfaces/include/auto_aim_interfaces/auto_aim_interfaces/msg/time_info.h
[11.290s] -- Installing: /home/rosnoetic/rm_shaobing_vision/install/auto_aim_interfaces/include/auto_aim_interfaces/auto_aim_interfaces/msg/debug_light.h
[11.290s] -- Installing: /home/rosnoetic/rm_shaobing_vision/install/auto_aim_interfaces/include/auto_aim_interfaces/auto_aim_interfaces/msg/armor.h
[11.290s] -- Installing: /home/rosnoetic/rm_shaobing_vision/install/auto_aim_interfaces/include/auto_aim_interfaces/auto_aim_interfaces/msg/time_series.h
[11.290s] -- Up-to-date: /home/rosnoetic/rm_shaobing_vision/install/auto_aim_interfaces/include/auto_aim_interfaces/auto_aim_interfaces/msg/rosidl_generator_c__visibility_control.h
[11.290s] -- Installing: /home/rosnoetic/rm_shaobing_vision/install/auto_aim_interfaces/include/auto_aim_interfaces/auto_aim_interfaces/msg/armors.h
[11.290s] -- Installing: /home/rosnoetic/rm_shaobing_vision/install/auto_aim_interfaces/include/auto_aim_interfaces/auto_aim_interfaces/msg/tracker_info.h
[11.290s] -- Installing: /home/rosnoetic/rm_shaobing_vision/install/auto_aim_interfaces/include/auto_aim_interfaces/auto_aim_interfaces/msg/debug_armor.h
[11.291s] -- Installing: /home/rosnoetic/rm_shaobing_vision/install/auto_aim_interfaces/include/auto_aim_interfaces/auto_aim_interfaces/msg/debug_armors.h
[11.291s] -- Installing: /home/rosnoetic/rm_shaobing_vision/install/auto_aim_interfaces/include/auto_aim_interfaces/auto_aim_interfaces/msg/target.h
[11.291s] -- Installing: /home/rosnoetic/rm_shaobing_vision/install/auto_aim_interfaces/include/auto_aim_interfaces/auto_aim_interfaces/msg/debug_lights.h
[11.291s] -- Up-to-date: /home/rosnoetic/rm_shaobing_vision/install/auto_aim_interfaces/include/auto_aim_interfaces/auto_aim_interfaces/msg/detail
[11.291s] -- Installing: /home/rosnoetic/rm_shaobing_vision/install/auto_aim_interfaces/include/auto_aim_interfaces/auto_aim_interfaces/msg/detail/debug_light__type_support.h
[11.291s] -- Installing: /home/rosnoetic/rm_shaobing_vision/install/auto_aim_interfaces/include/auto_aim_interfaces/auto_aim_interfaces/msg/detail/debug_armor__functions.h
[11.291s] -- Installing: /home/rosnoetic/rm_shaobing_vision/install/auto_aim_interfaces/include/auto_aim_interfaces/auto_aim_interfaces/msg/detail/target__functions.h
[11.292s] -- Installing: /home/rosnoetic/rm_shaobing_vision/install/auto_aim_interfaces/include/auto_aim_interfaces/auto_aim_interfaces/msg/detail/armor__struct.h
[11.292s] -- Installing: /home/rosnoetic/rm_shaobing_vision/install/auto_aim_interfaces/include/auto_aim_interfaces/auto_aim_interfaces/msg/detail/tracker_info__struct.h
[11.292s] -- Installing: /home/rosnoetic/rm_shaobing_vision/install/auto_aim_interfaces/include/auto_aim_interfaces/auto_aim_interfaces/msg/detail/debug_lights__functions.h
[11.293s] -- Installing: /home/rosnoetic/rm_shaobing_vision/install/auto_aim_interfaces/include/auto_aim_interfaces/auto_aim_interfaces/msg/detail/time_series__type_support.h
[11.293s] -- Installing: /home/rosnoetic/rm_shaobing_vision/install/auto_aim_interfaces/include/auto_aim_interfaces/auto_aim_interfaces/msg/detail/time_series__functions.h
[11.293s] -- Installing: /home/rosnoetic/rm_shaobing_vision/install/auto_aim_interfaces/include/auto_aim_interfaces/auto_aim_interfaces/msg/detail/tracker_info__type_support.h
[11.293s] -- Installing: /home/rosnoetic/rm_shaobing_vision/install/auto_aim_interfaces/include/auto_aim_interfaces/auto_aim_interfaces/msg/detail/debug_light__functions.h
[11.293s] -- Installing: /home/rosnoetic/rm_shaobing_vision/install/auto_aim_interfaces/include/auto_aim_interfaces/auto_aim_interfaces/msg/detail/target__type_support.h
[11.293s] -- Installing: /home/rosnoetic/rm_shaobing_vision/install/auto_aim_interfaces/include/auto_aim_interfaces/auto_aim_interfaces/msg/detail/target__functions.c
[11.294s] -- Installing: /home/rosnoetic/rm_shaobing_vision/install/auto_aim_interfaces/include/auto_aim_interfaces/auto_aim_interfaces/msg/detail/debug_armors__functions.h
[11.294s] -- Installing: /home/rosnoetic/rm_shaobing_vision/install/auto_aim_interfaces/include/auto_aim_interfaces/auto_aim_interfaces/msg/detail/target__struct.h
[11.294s] -- Installing: /home/rosnoetic/rm_shaobing_vision/install/auto_aim_interfaces/include/auto_aim_interfaces/auto_aim_interfaces/msg/detail/debug_armor__struct.h
[11.294s] -- Installing: /home/rosnoetic/rm_shaobing_vision/install/auto_aim_interfaces/include/auto_aim_interfaces/auto_aim_interfaces/msg/detail/armor__type_support.h
[11.294s] -- Installing: /home/rosnoetic/rm_shaobing_vision/install/auto_aim_interfaces/include/auto_aim_interfaces/auto_aim_interfaces/msg/detail/armors__type_support.h
[11.295s] -- Installing: /home/rosnoetic/rm_shaobing_vision/install/auto_aim_interfaces/include/auto_aim_interfaces/auto_aim_interfaces/msg/detail/armor__functions.h
[11.295s] -- Installing: /home/rosnoetic/rm_shaobing_vision/install/auto_aim_interfaces/include/auto_aim_interfaces/auto_aim_interfaces/msg/detail/debug_lights__type_support.h
[11.295s] -- Installing: /home/rosnoetic/rm_shaobing_vision/install/auto_aim_interfaces/include/auto_aim_interfaces/auto_aim_interfaces/msg/detail/time_info__functions.c
[11.295s] -- Installing: /home/rosnoetic/rm_shaobing_vision/install/auto_aim_interfaces/include/auto_aim_interfaces/auto_aim_interfaces/msg/detail/time_info__type_support.h
[11.295s] -- Installing: /home/rosnoetic/rm_shaobing_vision/install/auto_aim_interfaces/include/auto_aim_interfaces/auto_aim_interfaces/msg/detail/debug_armors__type_support.h
[11.295s] -- Installing: /home/rosnoetic/rm_shaobing_vision/install/auto_aim_interfaces/include/auto_aim_interfaces/auto_aim_interfaces/msg/detail/debug_armor__functions.c
[11.295s] -- Installing: /home/rosnoetic/rm_shaobing_vision/install/auto_aim_interfaces/include/auto_aim_interfaces/auto_aim_interfaces/msg/detail/debug_light__functions.c
[11.295s] -- Installing: /home/rosnoetic/rm_shaobing_vision/install/auto_aim_interfaces/include/auto_aim_interfaces/auto_aim_interfaces/msg/detail/debug_armor__type_support.h
[11.296s] -- Installing: /home/rosnoetic/rm_shaobing_vision/install/auto_aim_interfaces/include/auto_aim_interfaces/auto_aim_interfaces/msg/detail/debug_lights__functions.c
[11.296s] -- Installing: /home/rosnoetic/rm_shaobing_vision/install/auto_aim_interfaces/include/auto_aim_interfaces/auto_aim_interfaces/msg/detail/armor__functions.c
[11.296s] -- Installing: /home/rosnoetic/rm_shaobing_vision/install/auto_aim_interfaces/include/auto_aim_interfaces/auto_aim_interfaces/msg/detail/armors__functions.c
[11.296s] -- Installing: /home/rosnoetic/rm_shaobing_vision/install/auto_aim_interfaces/include/auto_aim_interfaces/auto_aim_interfaces/msg/detail/debug_lights__struct.h
[11.296s] -- Installing: /home/rosnoetic/rm_shaobing_vision/install/auto_aim_interfaces/include/auto_aim_interfaces/auto_aim_interfaces/msg/detail/time_series__functions.c
[11.297s] -- Installing: /home/rosnoetic/rm_shaobing_vision/install/auto_aim_interfaces/include/auto_aim_interfaces/auto_aim_interfaces/msg/detail/armors__functions.h
[11.297s] -- Installing: /home/rosnoetic/rm_shaobing_vision/install/auto_aim_interfaces/include/auto_aim_interfaces/auto_aim_interfaces/msg/detail/time_series__struct.h
[11.297s] -- Installing: /home/rosnoetic/rm_shaobing_vision/install/auto_aim_interfaces/include/auto_aim_interfaces/auto_aim_interfaces/msg/detail/tracker_info__functions.h
[11.298s] -- Installing: /home/rosnoetic/rm_shaobing_vision/install/auto_aim_interfaces/include/auto_aim_interfaces/auto_aim_interfaces/msg/detail/tracker_info__functions.c
[11.298s] -- Installing: /home/rosnoetic/rm_shaobing_vision/install/auto_aim_interfaces/include/auto_aim_interfaces/auto_aim_interfaces/msg/detail/time_info__functions.h
[11.298s] -- Installing: /home/rosnoetic/rm_shaobing_vision/install/auto_aim_interfaces/include/auto_aim_interfaces/auto_aim_interfaces/msg/detail/debug_armors__struct.h
[11.298s] -- Installing: /home/rosnoetic/rm_shaobing_vision/install/auto_aim_interfaces/include/auto_aim_interfaces/auto_aim_interfaces/msg/detail/time_info__struct.h
[11.298s] -- Installing: /home/rosnoetic/rm_shaobing_vision/install/auto_aim_interfaces/include/auto_aim_interfaces/auto_aim_interfaces/msg/detail/armors__struct.h
[11.298s] -- Installing: /home/rosnoetic/rm_shaobing_vision/install/auto_aim_interfaces/include/auto_aim_interfaces/auto_aim_interfaces/msg/detail/debug_armors__functions.c
[11.299s] -- Installing: /home/rosnoetic/rm_shaobing_vision/install/auto_aim_interfaces/include/auto_aim_interfaces/auto_aim_interfaces/msg/detail/debug_light__struct.h
[11.299s] -- Up-to-date: /home/rosnoetic/rm_shaobing_vision/install/auto_aim_interfaces/share/auto_aim_interfaces/environment/library_path.sh
[11.299s] -- Installing: /home/rosnoetic/rm_shaobing_vision/install/auto_aim_interfaces/share/auto_aim_interfaces/environment/library_path.dsv
[11.299s] -- Installing: /home/rosnoetic/rm_shaobing_vision/install/auto_aim_interfaces/lib/libauto_aim_interfaces__rosidl_generator_c.so
[11.299s] -- Set runtime path of "/home/rosnoetic/rm_shaobing_vision/install/auto_aim_interfaces/lib/libauto_aim_interfaces__rosidl_generator_c.so" to ""
[11.300s] -- Up-to-date: /home/rosnoetic/rm_shaobing_vision/install/auto_aim_interfaces/include/auto_aim_interfaces/auto_aim_interfaces
[11.300s] -- Up-to-date: /home/rosnoetic/rm_shaobing_vision/install/auto_aim_interfaces/include/auto_aim_interfaces/auto_aim_interfaces/msg
[11.300s] -- Up-to-date: /home/rosnoetic/rm_shaobing_vision/install/auto_aim_interfaces/include/auto_aim_interfaces/auto_aim_interfaces/msg/rosidl_typesupport_fastrtps_c__visibility_control.h
[11.300s] -- Up-to-date: /home/rosnoetic/rm_shaobing_vision/install/auto_aim_interfaces/include/auto_aim_interfaces/auto_aim_interfaces/msg/detail
[11.300s] -- Installing: /home/rosnoetic/rm_shaobing_vision/install/auto_aim_interfaces/include/auto_aim_interfaces/auto_aim_interfaces/msg/detail/target__rosidl_typesupport_fastrtps_c.h
[11.300s] -- Installing: /home/rosnoetic/rm_shaobing_vision/install/auto_aim_interfaces/include/auto_aim_interfaces/auto_aim_interfaces/msg/detail/debug_light__rosidl_typesupport_fastrtps_c.h
[11.301s] -- Installing: /home/rosnoetic/rm_shaobing_vision/install/auto_aim_interfaces/include/auto_aim_interfaces/auto_aim_interfaces/msg/detail/time_info__rosidl_typesupport_fastrtps_c.h
[11.301s] -- Installing: /home/rosnoetic/rm_shaobing_vision/install/auto_aim_interfaces/include/auto_aim_interfaces/auto_aim_interfaces/msg/detail/debug_lights__rosidl_typesupport_fastrtps_c.h
[11.301s] -- Installing: /home/rosnoetic/rm_shaobing_vision/install/auto_aim_interfaces/include/auto_aim_interfaces/auto_aim_interfaces/msg/detail/time_series__rosidl_typesupport_fastrtps_c.h
[11.301s] -- Installing: /home/rosnoetic/rm_shaobing_vision/install/auto_aim_interfaces/include/auto_aim_interfaces/auto_aim_interfaces/msg/detail/debug_armor__rosidl_typesupport_fastrtps_c.h
[11.301s] -- Installing: /home/rosnoetic/rm_shaobing_vision/install/auto_aim_interfaces/include/auto_aim_interfaces/auto_aim_interfaces/msg/detail/debug_armors__rosidl_typesupport_fastrtps_c.h
[11.301s] -- Installing: /home/rosnoetic/rm_shaobing_vision/install/auto_aim_interfaces/include/auto_aim_interfaces/auto_aim_interfaces/msg/detail/tracker_info__rosidl_typesupport_fastrtps_c.h
[11.302s] -- Installing: /home/rosnoetic/rm_shaobing_vision/install/auto_aim_interfaces/include/auto_aim_interfaces/auto_aim_interfaces/msg/detail/armor__rosidl_typesupport_fastrtps_c.h
[11.302s] -- Installing: /home/rosnoetic/rm_shaobing_vision/install/auto_aim_interfaces/include/auto_aim_interfaces/auto_aim_interfaces/msg/detail/armors__rosidl_typesupport_fastrtps_c.h
[11.302s] -- Installing: /home/rosnoetic/rm_shaobing_vision/install/auto_aim_interfaces/lib/libauto_aim_interfaces__rosidl_typesupport_fastrtps_c.so
[11.303s] -- Set runtime path of "/home/rosnoetic/rm_shaobing_vision/install/auto_aim_interfaces/lib/libauto_aim_interfaces__rosidl_typesupport_fastrtps_c.so" to ""
[11.303s] -- Up-to-date: /home/rosnoetic/rm_shaobing_vision/install/auto_aim_interfaces/include/auto_aim_interfaces/auto_aim_interfaces
[11.303s] -- Up-to-date: /home/rosnoetic/rm_shaobing_vision/install/auto_aim_interfaces/include/auto_aim_interfaces/auto_aim_interfaces/msg
[11.303s] -- Up-to-date: /home/rosnoetic/rm_shaobing_vision/install/auto_aim_interfaces/include/auto_aim_interfaces/auto_aim_interfaces/msg/rosidl_typesupport_introspection_c__visibility_control.h
[11.303s] -- Up-to-date: /home/rosnoetic/rm_shaobing_vision/install/auto_aim_interfaces/include/auto_aim_interfaces/auto_aim_interfaces/msg/detail
[11.303s] -- Installing: /home/rosnoetic/rm_shaobing_vision/install/auto_aim_interfaces/include/auto_aim_interfaces/auto_aim_interfaces/msg/detail/tracker_info__rosidl_typesupport_introspection_c.h
[11.303s] -- Installing: /home/rosnoetic/rm_shaobing_vision/install/auto_aim_interfaces/include/auto_aim_interfaces/auto_aim_interfaces/msg/detail/time_info__type_support.c
[11.303s] -- Installing: /home/rosnoetic/rm_shaobing_vision/install/auto_aim_interfaces/include/auto_aim_interfaces/auto_aim_interfaces/msg/detail/armor__rosidl_typesupport_introspection_c.h
[11.304s] -- Installing: /home/rosnoetic/rm_shaobing_vision/install/auto_aim_interfaces/include/auto_aim_interfaces/auto_aim_interfaces/msg/detail/debug_light__type_support.c
[11.304s] -- Installing: /home/rosnoetic/rm_shaobing_vision/install/auto_aim_interfaces/include/auto_aim_interfaces/auto_aim_interfaces/msg/detail/time_series__rosidl_typesupport_introspection_c.h
[11.304s] -- Installing: /home/rosnoetic/rm_shaobing_vision/install/auto_aim_interfaces/include/auto_aim_interfaces/auto_aim_interfaces/msg/detail/armors__type_support.c
[11.304s] -- Installing: /home/rosnoetic/rm_shaobing_vision/install/auto_aim_interfaces/include/auto_aim_interfaces/auto_aim_interfaces/msg/detail/time_series__type_support.c
[11.304s] -- Installing: /home/rosnoetic/rm_shaobing_vision/install/auto_aim_interfaces/include/auto_aim_interfaces/auto_aim_interfaces/msg/detail/debug_armors__rosidl_typesupport_introspection_c.h
[11.305s] -- Installing: /home/rosnoetic/rm_shaobing_vision/install/auto_aim_interfaces/include/auto_aim_interfaces/auto_aim_interfaces/msg/detail/armor__type_support.c
[11.305s] -- Installing: /home/rosnoetic/rm_shaobing_vision/install/auto_aim_interfaces/include/auto_aim_interfaces/auto_aim_interfaces/msg/detail/debug_lights__rosidl_typesupport_introspection_c.h
[11.305s] -- Installing: /home/rosnoetic/rm_shaobing_vision/install/auto_aim_interfaces/include/auto_aim_interfaces/auto_aim_interfaces/msg/detail/debug_armor__rosidl_typesupport_introspection_c.h
[11.305s] -- Installing: /home/rosnoetic/rm_shaobing_vision/install/auto_aim_interfaces/include/auto_aim_interfaces/auto_aim_interfaces/msg/detail/debug_lights__type_support.c
[11.305s] -- Installing: /home/rosnoetic/rm_shaobing_vision/install/auto_aim_interfaces/include/auto_aim_interfaces/auto_aim_interfaces/msg/detail/target__type_support.c
[11.305s] -- Installing: /home/rosnoetic/rm_shaobing_vision/install/auto_aim_interfaces/include/auto_aim_interfaces/auto_aim_interfaces/msg/detail/tracker_info__type_support.c
[11.305s] -- Installing: /home/rosnoetic/rm_shaobing_vision/install/auto_aim_interfaces/include/auto_aim_interfaces/auto_aim_interfaces/msg/detail/debug_armors__type_support.c
[11.305s] -- Installing: /home/rosnoetic/rm_shaobing_vision/install/auto_aim_interfaces/include/auto_aim_interfaces/auto_aim_interfaces/msg/detail/time_info__rosidl_typesupport_introspection_c.h
[11.305s] -- Installing: /home/rosnoetic/rm_shaobing_vision/install/auto_aim_interfaces/include/auto_aim_interfaces/auto_aim_interfaces/msg/detail/target__rosidl_typesupport_introspection_c.h
[11.305s] -- Installing: /home/rosnoetic/rm_shaobing_vision/install/auto_aim_interfaces/include/auto_aim_interfaces/auto_aim_interfaces/msg/detail/debug_light__rosidl_typesupport_introspection_c.h
[11.306s] -- Installing: /home/rosnoetic/rm_shaobing_vision/install/auto_aim_interfaces/include/auto_aim_interfaces/auto_aim_interfaces/msg/detail/armors__rosidl_typesupport_introspection_c.h
[11.306s] -- Installing: /home/rosnoetic/rm_shaobing_vision/install/auto_aim_interfaces/include/auto_aim_interfaces/auto_aim_interfaces/msg/detail/debug_armor__type_support.c
[11.306s] -- Installing: /home/rosnoetic/rm_shaobing_vision/install/auto_aim_interfaces/lib/libauto_aim_interfaces__rosidl_typesupport_introspection_c.so
[11.306s] -- Set runtime path of "/home/rosnoetic/rm_shaobing_vision/install/auto_aim_interfaces/lib/libauto_aim_interfaces__rosidl_typesupport_introspection_c.so" to ""
[11.306s] -- Installing: /home/rosnoetic/rm_shaobing_vision/install/auto_aim_interfaces/lib/libauto_aim_interfaces__rosidl_typesupport_c.so
[11.307s] -- Set runtime path of "/home/rosnoetic/rm_shaobing_vision/install/auto_aim_interfaces/lib/libauto_aim_interfaces__rosidl_typesupport_c.so" to ""
[11.307s] -- Up-to-date: /home/rosnoetic/rm_shaobing_vision/install/auto_aim_interfaces/include/auto_aim_interfaces/auto_aim_interfaces
[11.307s] -- Up-to-date: /home/rosnoetic/rm_shaobing_vision/install/auto_aim_interfaces/include/auto_aim_interfaces/auto_aim_interfaces/msg
[11.307s] -- Installing: /home/rosnoetic/rm_shaobing_vision/install/auto_aim_interfaces/include/auto_aim_interfaces/auto_aim_interfaces/msg/debug_armors.hpp
[11.307s] -- Installing: /home/rosnoetic/rm_shaobing_vision/install/auto_aim_interfaces/include/auto_aim_interfaces/auto_aim_interfaces/msg/time_series.hpp
[11.307s] -- Installing: /home/rosnoetic/rm_shaobing_vision/install/auto_aim_interfaces/include/auto_aim_interfaces/auto_aim_interfaces/msg/armor.hpp
[11.308s] -- Installing: /home/rosnoetic/rm_shaobing_vision/install/auto_aim_interfaces/include/auto_aim_interfaces/auto_aim_interfaces/msg/debug_lights.hpp
[11.308s] -- Installing: /home/rosnoetic/rm_shaobing_vision/install/auto_aim_interfaces/include/auto_aim_interfaces/auto_aim_interfaces/msg/target.hpp
[11.308s] -- Installing: /home/rosnoetic/rm_shaobing_vision/install/auto_aim_interfaces/include/auto_aim_interfaces/auto_aim_interfaces/msg/armors.hpp
[11.309s] -- Installing: /home/rosnoetic/rm_shaobing_vision/install/auto_aim_interfaces/include/auto_aim_interfaces/auto_aim_interfaces/msg/debug_light.hpp
[11.309s] -- Installing: /home/rosnoetic/rm_shaobing_vision/install/auto_aim_interfaces/include/auto_aim_interfaces/auto_aim_interfaces/msg/debug_armor.hpp
[11.309s] -- Installing: /home/rosnoetic/rm_shaobing_vision/install/auto_aim_interfaces/include/auto_aim_interfaces/auto_aim_interfaces/msg/time_info.hpp
[11.309s] -- Up-to-date: /home/rosnoetic/rm_shaobing_vision/install/auto_aim_interfaces/include/auto_aim_interfaces/auto_aim_interfaces/msg/detail
[11.309s] -- Installing: /home/rosnoetic/rm_shaobing_vision/install/auto_aim_interfaces/include/auto_aim_interfaces/auto_aim_interfaces/msg/detail/debug_armors__traits.hpp
[11.309s] -- Installing: /home/rosnoetic/rm_shaobing_vision/install/auto_aim_interfaces/include/auto_aim_interfaces/auto_aim_interfaces/msg/detail/debug_light__builder.hpp
[11.309s] -- Installing: /home/rosnoetic/rm_shaobing_vision/install/auto_aim_interfaces/include/auto_aim_interfaces/auto_aim_interfaces/msg/detail/debug_armors__struct.hpp
[11.310s] -- Installing: /home/rosnoetic/rm_shaobing_vision/install/auto_aim_interfaces/include/auto_aim_interfaces/auto_aim_interfaces/msg/detail/time_info__struct.hpp
[11.310s] -- Installing: /home/rosnoetic/rm_shaobing_vision/install/auto_aim_interfaces/include/auto_aim_interfaces/auto_aim_interfaces/msg/detail/target__builder.hpp
[11.310s] -- Installing: /home/rosnoetic/rm_shaobing_vision/install/auto_aim_interfaces/include/auto_aim_interfaces/auto_aim_interfaces/msg/detail/armor__builder.hpp
[11.310s] -- Installing: /home/rosnoetic/rm_shaobing_vision/install/auto_aim_interfaces/include/auto_aim_interfaces/auto_aim_interfaces/msg/detail/debug_lights__struct.hpp
[11.311s] -- Installing: /home/rosnoetic/rm_shaobing_vision/install/auto_aim_interfaces/include/auto_aim_interfaces/auto_aim_interfaces/msg/detail/debug_armor__builder.hpp
[11.311s] -- Installing: /home/rosnoetic/rm_shaobing_vision/install/auto_aim_interfaces/include/auto_aim_interfaces/auto_aim_interfaces/msg/detail/tracker_info__builder.hpp
[11.311s] -- Installing: /home/rosnoetic/rm_shaobing_vision/install/auto_aim_interfaces/include/auto_aim_interfaces/auto_aim_interfaces/msg/detail/debug_light__struct.hpp
[11.311s] -- Installing: /home/rosnoetic/rm_shaobing_vision/install/auto_aim_interfaces/include/auto_aim_interfaces/auto_aim_interfaces/msg/detail/armor__traits.hpp
[11.311s] -- Installing: /home/rosnoetic/rm_shaobing_vision/install/auto_aim_interfaces/include/auto_aim_interfaces/auto_aim_interfaces/msg/detail/armor__struct.hpp
[11.312s] -- Installing: /home/rosnoetic/rm_shaobing_vision/install/auto_aim_interfaces/include/auto_aim_interfaces/auto_aim_interfaces/msg/detail/time_series__struct.hpp
[11.312s] -- Installing: /home/rosnoetic/rm_shaobing_vision/install/auto_aim_interfaces/include/auto_aim_interfaces/auto_aim_interfaces/msg/detail/debug_armor__struct.hpp
[11.312s] -- Installing: /home/rosnoetic/rm_shaobing_vision/install/auto_aim_interfaces/include/auto_aim_interfaces/auto_aim_interfaces/msg/detail/tracker_info__struct.hpp
[11.312s] -- Installing: /home/rosnoetic/rm_shaobing_vision/install/auto_aim_interfaces/include/auto_aim_interfaces/auto_aim_interfaces/msg/detail/debug_light__traits.hpp
[11.313s] -- Installing: /home/rosnoetic/rm_shaobing_vision/install/auto_aim_interfaces/include/auto_aim_interfaces/auto_aim_interfaces/msg/detail/time_series__traits.hpp
[11.313s] -- Installing: /home/rosnoetic/rm_shaobing_vision/install/auto_aim_interfaces/include/auto_aim_interfaces/auto_aim_interfaces/msg/detail/time_series__builder.hpp
[11.313s] -- Installing: /home/rosnoetic/rm_shaobing_vision/install/auto_aim_interfaces/include/auto_aim_interfaces/auto_aim_interfaces/msg/detail/target__traits.hpp
[11.313s] -- Installing: /home/rosnoetic/rm_shaobing_vision/install/auto_aim_interfaces/include/auto_aim_interfaces/auto_aim_interfaces/msg/detail/tracker_info__traits.hpp
[11.314s] -- Installing: /home/rosnoetic/rm_shaobing_vision/install/auto_aim_interfaces/include/auto_aim_interfaces/auto_aim_interfaces/msg/detail/time_info__builder.hpp
[11.314s] -- Installing: /home/rosnoetic/rm_shaobing_vision/install/auto_aim_interfaces/include/auto_aim_interfaces/auto_aim_interfaces/msg/detail/target__struct.hpp
[11.314s] -- Installing: /home/rosnoetic/rm_shaobing_vision/install/auto_aim_interfaces/include/auto_aim_interfaces/auto_aim_interfaces/msg/detail/armors__builder.hpp
[11.315s] -- Installing: /home/rosnoetic/rm_shaobing_vision/install/auto_aim_interfaces/include/auto_aim_interfaces/auto_aim_interfaces/msg/detail/debug_lights__traits.hpp
[11.315s] -- Installing: /home/rosnoetic/rm_shaobing_vision/install/auto_aim_interfaces/include/auto_aim_interfaces/auto_aim_interfaces/msg/detail/time_info__traits.hpp
[11.315s] -- Installing: /home/rosnoetic/rm_shaobing_vision/install/auto_aim_interfaces/include/auto_aim_interfaces/auto_aim_interfaces/msg/detail/armors__struct.hpp
[11.315s] -- Installing: /home/rosnoetic/rm_shaobing_vision/install/auto_aim_interfaces/include/auto_aim_interfaces/auto_aim_interfaces/msg/detail/debug_lights__builder.hpp
[11.316s] -- Installing: /home/rosnoetic/rm_shaobing_vision/install/auto_aim_interfaces/include/auto_aim_interfaces/auto_aim_interfaces/msg/detail/debug_armor__traits.hpp
[11.316s] -- Installing: /home/rosnoetic/rm_shaobing_vision/install/auto_aim_interfaces/include/auto_aim_interfaces/auto_aim_interfaces/msg/detail/armors__traits.hpp
[11.316s] -- Installing: /home/rosnoetic/rm_shaobing_vision/install/auto_aim_interfaces/include/auto_aim_interfaces/auto_aim_interfaces/msg/detail/debug_armors__builder.hpp
[11.317s] -- Installing: /home/rosnoetic/rm_shaobing_vision/install/auto_aim_interfaces/include/auto_aim_interfaces/auto_aim_interfaces/msg/tracker_info.hpp
[11.317s] -- Up-to-date: /home/rosnoetic/rm_shaobing_vision/install/auto_aim_interfaces/include/auto_aim_interfaces/auto_aim_interfaces
[11.317s] -- Up-to-date: /home/rosnoetic/rm_shaobing_vision/install/auto_aim_interfaces/include/auto_aim_interfaces/auto_aim_interfaces/msg
[11.317s] -- Up-to-date: /home/rosnoetic/rm_shaobing_vision/install/auto_aim_interfaces/include/auto_aim_interfaces/auto_aim_interfaces/msg/rosidl_typesupport_fastrtps_cpp__visibility_control.h
[11.318s] -- Up-to-date: /home/rosnoetic/rm_shaobing_vision/install/auto_aim_interfaces/include/auto_aim_interfaces/auto_aim_interfaces/msg/detail
[11.318s] -- Installing: /home/rosnoetic/rm_shaobing_vision/install/auto_aim_interfaces/include/auto_aim_interfaces/auto_aim_interfaces/msg/detail/armor__rosidl_typesupport_fastrtps_cpp.hpp
[11.318s] -- Installing: /home/rosnoetic/rm_shaobing_vision/install/auto_aim_interfaces/include/auto_aim_interfaces/auto_aim_interfaces/msg/detail/target__rosidl_typesupport_fastrtps_cpp.hpp
[11.318s] -- Installing: /home/rosnoetic/rm_shaobing_vision/install/auto_aim_interfaces/include/auto_aim_interfaces/auto_aim_interfaces/msg/detail/armors__rosidl_typesupport_fastrtps_cpp.hpp
[11.319s] -- Installing: /home/rosnoetic/rm_shaobing_vision/install/auto_aim_interfaces/include/auto_aim_interfaces/auto_aim_interfaces/msg/detail/debug_armors__rosidl_typesupport_fastrtps_cpp.hpp
[11.319s] -- Installing: /home/rosnoetic/rm_shaobing_vision/install/auto_aim_interfaces/include/auto_aim_interfaces/auto_aim_interfaces/msg/detail/debug_lights__rosidl_typesupport_fastrtps_cpp.hpp
[11.319s] -- Installing: /home/rosnoetic/rm_shaobing_vision/install/auto_aim_interfaces/include/auto_aim_interfaces/auto_aim_interfaces/msg/detail/debug_light__rosidl_typesupport_fastrtps_cpp.hpp
[11.320s] -- Installing: /home/rosnoetic/rm_shaobing_vision/install/auto_aim_interfaces/include/auto_aim_interfaces/auto_aim_interfaces/msg/detail/time_info__rosidl_typesupport_fastrtps_cpp.hpp
[11.320s] -- Up-to-date: /home/rosnoetic/rm_shaobing_vision/install/auto_aim_interfaces/include/auto_aim_interfaces/auto_aim_interfaces/msg/detail/dds_fastrtps
[11.320s] -- Installing: /home/rosnoetic/rm_shaobing_vision/install/auto_aim_interfaces/include/auto_aim_interfaces/auto_aim_interfaces/msg/detail/time_series__rosidl_typesupport_fastrtps_cpp.hpp
[11.320s] -- Installing: /home/rosnoetic/rm_shaobing_vision/install/auto_aim_interfaces/include/auto_aim_interfaces/auto_aim_interfaces/msg/detail/tracker_info__rosidl_typesupport_fastrtps_cpp.hpp
[11.321s] -- Installing: /home/rosnoetic/rm_shaobing_vision/install/auto_aim_interfaces/include/auto_aim_interfaces/auto_aim_interfaces/msg/detail/debug_armor__rosidl_typesupport_fastrtps_cpp.hpp
[11.321s] -- Installing: /home/rosnoetic/rm_shaobing_vision/install/auto_aim_interfaces/lib/libauto_aim_interfaces__rosidl_typesupport_fastrtps_cpp.so
[11.321s] -- Set runtime path of "/home/rosnoetic/rm_shaobing_vision/install/auto_aim_interfaces/lib/libauto_aim_interfaces__rosidl_typesupport_fastrtps_cpp.so" to ""
[11.322s] -- Up-to-date: /home/rosnoetic/rm_shaobing_vision/install/auto_aim_interfaces/include/auto_aim_interfaces/auto_aim_interfaces
[11.322s] -- Up-to-date: /home/rosnoetic/rm_shaobing_vision/install/auto_aim_interfaces/include/auto_aim_interfaces/auto_aim_interfaces/msg
[11.322s] -- Up-to-date: /home/rosnoetic/rm_shaobing_vision/install/auto_aim_interfaces/include/auto_aim_interfaces/auto_aim_interfaces/msg/detail
[11.322s] -- Installing: /home/rosnoetic/rm_shaobing_vision/install/auto_aim_interfaces/include/auto_aim_interfaces/auto_aim_interfaces/msg/detail/armor__type_support.cpp
[11.323s] -- Installing: /home/rosnoetic/rm_shaobing_vision/install/auto_aim_interfaces/include/auto_aim_interfaces/auto_aim_interfaces/msg/detail/debug_armor__type_support.cpp
[11.323s] -- Installing: /home/rosnoetic/rm_shaobing_vision/install/auto_aim_interfaces/include/auto_aim_interfaces/auto_aim_interfaces/msg/detail/debug_armors__type_support.cpp
[11.323s] -- Installing: /home/rosnoetic/rm_shaobing_vision/install/auto_aim_interfaces/include/auto_aim_interfaces/auto_aim_interfaces/msg/detail/armors__rosidl_typesupport_introspection_cpp.hpp
[11.324s] -- Installing: /home/rosnoetic/rm_shaobing_vision/install/auto_aim_interfaces/include/auto_aim_interfaces/auto_aim_interfaces/msg/detail/armors__type_support.cpp
[11.324s] -- Installing: /home/rosnoetic/rm_shaobing_vision/install/auto_aim_interfaces/include/auto_aim_interfaces/auto_aim_interfaces/msg/detail/tracker_info__type_support.cpp
[11.324s] -- Installing: /home/rosnoetic/rm_shaobing_vision/install/auto_aim_interfaces/include/auto_aim_interfaces/auto_aim_interfaces/msg/detail/debug_lights__rosidl_typesupport_introspection_cpp.hpp
[11.324s] -- Installing: /home/rosnoetic/rm_shaobing_vision/install/auto_aim_interfaces/include/auto_aim_interfaces/auto_aim_interfaces/msg/detail/target__type_support.cpp
[11.325s] -- Installing: /home/rosnoetic/rm_shaobing_vision/install/auto_aim_interfaces/include/auto_aim_interfaces/auto_aim_interfaces/msg/detail/time_series__rosidl_typesupport_introspection_cpp.hpp
[11.325s] -- Installing: /home/rosnoetic/rm_shaobing_vision/install/auto_aim_interfaces/include/auto_aim_interfaces/auto_aim_interfaces/msg/detail/debug_light__rosidl_typesupport_introspection_cpp.hpp
[11.325s] -- Installing: /home/rosnoetic/rm_shaobing_vision/install/auto_aim_interfaces/include/auto_aim_interfaces/auto_aim_interfaces/msg/detail/tracker_info__rosidl_typesupport_introspection_cpp.hpp
[11.325s] -- Installing: /home/rosnoetic/rm_shaobing_vision/install/auto_aim_interfaces/include/auto_aim_interfaces/auto_aim_interfaces/msg/detail/debug_light__type_support.cpp
[11.326s] -- Installing: /home/rosnoetic/rm_shaobing_vision/install/auto_aim_interfaces/include/auto_aim_interfaces/auto_aim_interfaces/msg/detail/debug_lights__type_support.cpp
[11.326s] -- Installing: /home/rosnoetic/rm_shaobing_vision/install/auto_aim_interfaces/include/auto_aim_interfaces/auto_aim_interfaces/msg/detail/time_series__type_support.cpp
[11.326s] -- Installing: /home/rosnoetic/rm_shaobing_vision/install/auto_aim_interfaces/include/auto_aim_interfaces/auto_aim_interfaces/msg/detail/time_info__rosidl_typesupport_introspection_cpp.hpp
[11.326s] -- Installing: /home/rosnoetic/rm_shaobing_vision/install/auto_aim_interfaces/include/auto_aim_interfaces/auto_aim_interfaces/msg/detail/debug_armor__rosidl_typesupport_introspection_cpp.hpp
[11.327s] -- Installing: /home/rosnoetic/rm_shaobing_vision/install/auto_aim_interfaces/include/auto_aim_interfaces/auto_aim_interfaces/msg/detail/target__rosidl_typesupport_introspection_cpp.hpp
[11.327s] -- Installing: /home/rosnoetic/rm_shaobing_vision/install/auto_aim_interfaces/include/auto_aim_interfaces/auto_aim_interfaces/msg/detail/debug_armors__rosidl_typesupport_introspection_cpp.hpp
[11.327s] -- Installing: /home/rosnoetic/rm_shaobing_vision/install/auto_aim_interfaces/include/auto_aim_interfaces/auto_aim_interfaces/msg/detail/armor__rosidl_typesupport_introspection_cpp.hpp
[11.327s] -- Installing: /home/rosnoetic/rm_shaobing_vision/install/auto_aim_interfaces/include/auto_aim_interfaces/auto_aim_interfaces/msg/detail/time_info__type_support.cpp
[11.328s] -- Installing: /home/rosnoetic/rm_shaobing_vision/install/auto_aim_interfaces/lib/libauto_aim_interfaces__rosidl_typesupport_introspection_cpp.so
[11.328s] -- Set runtime path of "/home/rosnoetic/rm_shaobing_vision/install/auto_aim_interfaces/lib/libauto_aim_interfaces__rosidl_typesupport_introspection_cpp.so" to ""
[11.328s] -- Installing: /home/rosnoetic/rm_shaobing_vision/install/auto_aim_interfaces/lib/libauto_aim_interfaces__rosidl_typesupport_cpp.so
[11.329s] -- Set runtime path of "/home/rosnoetic/rm_shaobing_vision/install/auto_aim_interfaces/lib/libauto_aim_interfaces__rosidl_typesupport_cpp.so" to ""
[11.329s] -- Up-to-date: /home/rosnoetic/rm_shaobing_vision/install/auto_aim_interfaces/share/auto_aim_interfaces/environment/pythonpath.sh
[11.329s] -- Installing: /home/rosnoetic/rm_shaobing_vision/install/auto_aim_interfaces/share/auto_aim_interfaces/environment/pythonpath.dsv
[11.330s] -- Up-to-date: /home/rosnoetic/rm_shaobing_vision/install/auto_aim_interfaces/local/lib/python3.10/dist-packages/auto_aim_interfaces-2.0.0-py3.10.egg-info
[11.330s] -- Installing: /home/rosnoetic/rm_shaobing_vision/install/auto_aim_interfaces/local/lib/python3.10/dist-packages/auto_aim_interfaces-2.0.0-py3.10.egg-info/top_level.txt
[11.330s] -- Installing: /home/rosnoetic/rm_shaobing_vision/install/auto_aim_interfaces/local/lib/python3.10/dist-packages/auto_aim_interfaces-2.0.0-py3.10.egg-info/dependency_links.txt
[11.330s] -- Installing: /home/rosnoetic/rm_shaobing_vision/install/auto_aim_interfaces/local/lib/python3.10/dist-packages/auto_aim_interfaces-2.0.0-py3.10.egg-info/PKG-INFO
[11.331s] -- Installing: /home/rosnoetic/rm_shaobing_vision/install/auto_aim_interfaces/local/lib/python3.10/dist-packages/auto_aim_interfaces-2.0.0-py3.10.egg-info/SOURCES.txt
[11.331s] -- Up-to-date: /home/rosnoetic/rm_shaobing_vision/install/auto_aim_interfaces/local/lib/python3.10/dist-packages/auto_aim_interfaces
[11.331s] -- Installing: /home/rosnoetic/rm_shaobing_vision/install/auto_aim_interfaces/local/lib/python3.10/dist-packages/auto_aim_interfaces/auto_aim_interfaces_s__rosidl_typesupport_c.cpython-310-x86_64-linux-gnu.so
[11.331s] -- Installing: /home/rosnoetic/rm_shaobing_vision/install/auto_aim_interfaces/local/lib/python3.10/dist-packages/auto_aim_interfaces/libauto_aim_interfaces__rosidl_generator_py.so
[11.331s] -- Installing: /home/rosnoetic/rm_shaobing_vision/install/auto_aim_interfaces/local/lib/python3.10/dist-packages/auto_aim_interfaces/_auto_aim_interfaces_s.ep.rosidl_typesupport_introspection_c.c
[11.331s] -- Installing: /home/rosnoetic/rm_shaobing_vision/install/auto_aim_interfaces/local/lib/python3.10/dist-packages/auto_aim_interfaces/__init__.py
[11.332s] -- Up-to-date: /home/rosnoetic/rm_shaobing_vision/install/auto_aim_interfaces/local/lib/python3.10/dist-packages/auto_aim_interfaces/msg
[11.332s] -- Installing: /home/rosnoetic/rm_shaobing_vision/install/auto_aim_interfaces/local/lib/python3.10/dist-packages/auto_aim_interfaces/msg/_target_s.c
[11.332s] -- Installing: /home/rosnoetic/rm_shaobing_vision/install/auto_aim_interfaces/local/lib/python3.10/dist-packages/auto_aim_interfaces/msg/_target.py
[11.332s] -- Installing: /home/rosnoetic/rm_shaobing_vision/install/auto_aim_interfaces/local/lib/python3.10/dist-packages/auto_aim_interfaces/msg/_armor.py
[11.332s] -- Installing: /home/rosnoetic/rm_shaobing_vision/install/auto_aim_interfaces/local/lib/python3.10/dist-packages/auto_aim_interfaces/msg/_debug_armor_s.c
[11.332s] -- Installing: /home/rosnoetic/rm_shaobing_vision/install/auto_aim_interfaces/local/lib/python3.10/dist-packages/auto_aim_interfaces/msg/_debug_lights.py
[11.332s] -- Installing: /home/rosnoetic/rm_shaobing_vision/install/auto_aim_interfaces/local/lib/python3.10/dist-packages/auto_aim_interfaces/msg/_time_series_s.c
[11.332s] -- Installing: /home/rosnoetic/rm_shaobing_vision/install/auto_aim_interfaces/local/lib/python3.10/dist-packages/auto_aim_interfaces/msg/_armors_s.c
[11.332s] -- Installing: /home/rosnoetic/rm_shaobing_vision/install/auto_aim_interfaces/local/lib/python3.10/dist-packages/auto_aim_interfaces/msg/__init__.py
[11.332s] -- Installing: /home/rosnoetic/rm_shaobing_vision/install/auto_aim_interfaces/local/lib/python3.10/dist-packages/auto_aim_interfaces/msg/_armors.py
[11.332s] -- Installing: /home/rosnoetic/rm_shaobing_vision/install/auto_aim_interfaces/local/lib/python3.10/dist-packages/auto_aim_interfaces/msg/_time_info_s.c
[11.332s] -- Installing: /home/rosnoetic/rm_shaobing_vision/install/auto_aim_interfaces/local/lib/python3.10/dist-packages/auto_aim_interfaces/msg/_tracker_info.py
[11.332s] -- Installing: /home/rosnoetic/rm_shaobing_vision/install/auto_aim_interfaces/local/lib/python3.10/dist-packages/auto_aim_interfaces/msg/_debug_armors.py
[11.332s] -- Installing: /home/rosnoetic/rm_shaobing_vision/install/auto_aim_interfaces/local/lib/python3.10/dist-packages/auto_aim_interfaces/msg/_armor_s.c
[11.333s] -- Installing: /home/rosnoetic/rm_shaobing_vision/install/auto_aim_interfaces/local/lib/python3.10/dist-packages/auto_aim_interfaces/msg/_debug_armors_s.c
[11.333s] -- Installing: /home/rosnoetic/rm_shaobing_vision/install/auto_aim_interfaces/local/lib/python3.10/dist-packages/auto_aim_interfaces/msg/_tracker_info_s.c
[11.333s] -- Installing: /home/rosnoetic/rm_shaobing_vision/install/auto_aim_interfaces/local/lib/python3.10/dist-packages/auto_aim_interfaces/msg/_debug_light_s.c
[11.333s] -- Installing: /home/rosnoetic/rm_shaobing_vision/install/auto_aim_interfaces/local/lib/python3.10/dist-packages/auto_aim_interfaces/msg/_debug_lights_s.c
[11.333s] -- Installing: /home/rosnoetic/rm_shaobing_vision/install/auto_aim_interfaces/local/lib/python3.10/dist-packages/auto_aim_interfaces/msg/_time_info.py
[11.333s] -- Installing: /home/rosnoetic/rm_shaobing_vision/install/auto_aim_interfaces/local/lib/python3.10/dist-packages/auto_aim_interfaces/msg/_debug_armor.py
[11.333s] -- Installing: /home/rosnoetic/rm_shaobing_vision/install/auto_aim_interfaces/local/lib/python3.10/dist-packages/auto_aim_interfaces/msg/_debug_light.py
[11.333s] -- Installing: /home/rosnoetic/rm_shaobing_vision/install/auto_aim_interfaces/local/lib/python3.10/dist-packages/auto_aim_interfaces/msg/_time_series.py
[11.333s] -- Installing: /home/rosnoetic/rm_shaobing_vision/install/auto_aim_interfaces/local/lib/python3.10/dist-packages/auto_aim_interfaces/_auto_aim_interfaces_s.ep.rosidl_typesupport_c.c
[11.333s] -- Installing: /home/rosnoetic/rm_shaobing_vision/install/auto_aim_interfaces/local/lib/python3.10/dist-packages/auto_aim_interfaces/_auto_aim_interfaces_s.ep.rosidl_typesupport_fastrtps_c.c
[11.333s] -- Installing: /home/rosnoetic/rm_shaobing_vision/install/auto_aim_interfaces/local/lib/python3.10/dist-packages/auto_aim_interfaces/auto_aim_interfaces_s__rosidl_typesupport_fastrtps_c.cpython-310-x86_64-linux-gnu.so
[11.333s] -- Installing: /home/rosnoetic/rm_shaobing_vision/install/auto_aim_interfaces/local/lib/python3.10/dist-packages/auto_aim_interfaces/auto_aim_interfaces_s__rosidl_typesupport_introspection_c.cpython-310-x86_64-linux-gnu.so
[11.417s] Listing '/home/rosnoetic/rm_shaobing_vision/install/auto_aim_interfaces/local/lib/python3.10/dist-packages/auto_aim_interfaces'...
[11.417s] Compiling '/home/rosnoetic/rm_shaobing_vision/install/auto_aim_interfaces/local/lib/python3.10/dist-packages/auto_aim_interfaces/__init__.py'...
[11.417s] Listing '/home/rosnoetic/rm_shaobing_vision/install/auto_aim_interfaces/local/lib/python3.10/dist-packages/auto_aim_interfaces/msg'...
[11.417s] Compiling '/home/rosnoetic/rm_shaobing_vision/install/auto_aim_interfaces/local/lib/python3.10/dist-packages/auto_aim_interfaces/msg/__init__.py'...
[11.417s] Compiling '/home/rosnoetic/rm_shaobing_vision/install/auto_aim_interfaces/local/lib/python3.10/dist-packages/auto_aim_interfaces/msg/_armor.py'...
[11.417s] Compiling '/home/rosnoetic/rm_shaobing_vision/install/auto_aim_interfaces/local/lib/python3.10/dist-packages/auto_aim_interfaces/msg/_armors.py'...
[11.417s] Compiling '/home/rosnoetic/rm_shaobing_vision/install/auto_aim_interfaces/local/lib/python3.10/dist-packages/auto_aim_interfaces/msg/_debug_armor.py'...
[11.417s] Compiling '/home/rosnoetic/rm_shaobing_vision/install/auto_aim_interfaces/local/lib/python3.10/dist-packages/auto_aim_interfaces/msg/_debug_armors.py'...
[11.417s] Compiling '/home/rosnoetic/rm_shaobing_vision/install/auto_aim_interfaces/local/lib/python3.10/dist-packages/auto_aim_interfaces/msg/_debug_light.py'...
[11.417s] Compiling '/home/rosnoetic/rm_shaobing_vision/install/auto_aim_interfaces/local/lib/python3.10/dist-packages/auto_aim_interfaces/msg/_debug_lights.py'...
[11.417s] Compiling '/home/rosnoetic/rm_shaobing_vision/install/auto_aim_interfaces/local/lib/python3.10/dist-packages/auto_aim_interfaces/msg/_target.py'...
[11.417s] Compiling '/home/rosnoetic/rm_shaobing_vision/install/auto_aim_interfaces/local/lib/python3.10/dist-packages/auto_aim_interfaces/msg/_time_info.py'...
[11.417s] Compiling '/home/rosnoetic/rm_shaobing_vision/install/auto_aim_interfaces/local/lib/python3.10/dist-packages/auto_aim_interfaces/msg/_time_series.py'...
[11.418s] Compiling '/home/rosnoetic/rm_shaobing_vision/install/auto_aim_interfaces/local/lib/python3.10/dist-packages/auto_aim_interfaces/msg/_tracker_info.py'...
[11.422s] -- Installing: /home/rosnoetic/rm_shaobing_vision/install/auto_aim_interfaces/local/lib/python3.10/dist-packages/auto_aim_interfaces/auto_aim_interfaces_s__rosidl_typesupport_fastrtps_c.cpython-310-x86_64-linux-gnu.so
[11.423s] -- Set runtime path of "/home/rosnoetic/rm_shaobing_vision/install/auto_aim_interfaces/local/lib/python3.10/dist-packages/auto_aim_interfaces/auto_aim_interfaces_s__rosidl_typesupport_fastrtps_c.cpython-310-x86_64-linux-gnu.so" to ""
[11.423s] -- Installing: /home/rosnoetic/rm_shaobing_vision/install/auto_aim_interfaces/local/lib/python3.10/dist-packages/auto_aim_interfaces/auto_aim_interfaces_s__rosidl_typesupport_introspection_c.cpython-310-x86_64-linux-gnu.so
[11.423s] -- Set runtime path of "/home/rosnoetic/rm_shaobing_vision/install/auto_aim_interfaces/local/lib/python3.10/dist-packages/auto_aim_interfaces/auto_aim_interfaces_s__rosidl_typesupport_introspection_c.cpython-310-x86_64-linux-gnu.so" to ""
[11.423s] -- Installing: /home/rosnoetic/rm_shaobing_vision/install/auto_aim_interfaces/local/lib/python3.10/dist-packages/auto_aim_interfaces/auto_aim_interfaces_s__rosidl_typesupport_c.cpython-310-x86_64-linux-gnu.so
[11.424s] -- Set runtime path of "/home/rosnoetic/rm_shaobing_vision/install/auto_aim_interfaces/local/lib/python3.10/dist-packages/auto_aim_interfaces/auto_aim_interfaces_s__rosidl_typesupport_c.cpython-310-x86_64-linux-gnu.so" to ""
[11.424s] -- Installing: /home/rosnoetic/rm_shaobing_vision/install/auto_aim_interfaces/lib/libauto_aim_interfaces__rosidl_generator_py.so
[11.425s] -- Set runtime path of "/home/rosnoetic/rm_shaobing_vision/install/auto_aim_interfaces/lib/libauto_aim_interfaces__rosidl_generator_py.so" to ""
[11.425s] -- Up-to-date: /home/rosnoetic/rm_shaobing_vision/install/auto_aim_interfaces/share/auto_aim_interfaces/msg/Armor.idl
[11.425s] -- Up-to-date: /home/rosnoetic/rm_shaobing_vision/install/auto_aim_interfaces/share/auto_aim_interfaces/msg/Armors.idl
[11.426s] -- Up-to-date: /home/rosnoetic/rm_shaobing_vision/install/auto_aim_interfaces/share/auto_aim_interfaces/msg/Target.idl
[11.426s] -- Up-to-date: /home/rosnoetic/rm_shaobing_vision/install/auto_aim_interfaces/share/auto_aim_interfaces/msg/DebugLight.idl
[11.426s] -- Up-to-date: /home/rosnoetic/rm_shaobing_vision/install/auto_aim_interfaces/share/auto_aim_interfaces/msg/DebugLights.idl
[11.426s] -- Up-to-date: /home/rosnoetic/rm_shaobing_vision/install/auto_aim_interfaces/share/auto_aim_interfaces/msg/DebugArmor.idl
[11.427s] -- Up-to-date: /home/rosnoetic/rm_shaobing_vision/install/auto_aim_interfaces/share/auto_aim_interfaces/msg/DebugArmors.idl
[11.427s] -- Up-to-date: /home/rosnoetic/rm_shaobing_vision/install/auto_aim_interfaces/share/auto_aim_interfaces/msg/TrackerInfo.idl
[11.427s] -- Installing: /home/rosnoetic/rm_shaobing_vision/install/auto_aim_interfaces/share/auto_aim_interfaces/msg/TimeInfo.idl
[11.427s] -- Up-to-date: /home/rosnoetic/rm_shaobing_vision/install/auto_aim_interfaces/share/auto_aim_interfaces/msg/TimeSeries.idl
[11.427s] -- Up-to-date: /home/rosnoetic/rm_shaobing_vision/install/auto_aim_interfaces/share/auto_aim_interfaces/msg/Armor.msg
[11.427s] -- Up-to-date: /home/rosnoetic/rm_shaobing_vision/install/auto_aim_interfaces/share/auto_aim_interfaces/msg/Armors.msg
[11.428s] -- Installing: /home/rosnoetic/rm_shaobing_vision/install/auto_aim_interfaces/share/auto_aim_interfaces/msg/Target.msg
[11.428s] -- Up-to-date: /home/rosnoetic/rm_shaobing_vision/install/auto_aim_interfaces/share/auto_aim_interfaces/msg/DebugLight.msg
[11.428s] -- Up-to-date: /home/rosnoetic/rm_shaobing_vision/install/auto_aim_interfaces/share/auto_aim_interfaces/msg/DebugLights.msg
[11.428s] -- Up-to-date: /home/rosnoetic/rm_shaobing_vision/install/auto_aim_interfaces/share/auto_aim_interfaces/msg/DebugArmor.msg
[11.428s] -- Up-to-date: /home/rosnoetic/rm_shaobing_vision/install/auto_aim_interfaces/share/auto_aim_interfaces/msg/DebugArmors.msg
[11.428s] -- Up-to-date: /home/rosnoetic/rm_shaobing_vision/install/auto_aim_interfaces/share/auto_aim_interfaces/msg/TrackerInfo.msg
[11.429s] -- Installing: /home/rosnoetic/rm_shaobing_vision/install/auto_aim_interfaces/share/auto_aim_interfaces/msg/TimeInfo.msg
[11.429s] -- Up-to-date: /home/rosnoetic/rm_shaobing_vision/install/auto_aim_interfaces/share/auto_aim_interfaces/msg/TimeSeries.msg
[11.429s] -- Up-to-date: /home/rosnoetic/rm_shaobing_vision/install/auto_aim_interfaces/share/ament_index/resource_index/package_run_dependencies/auto_aim_interfaces
[11.429s] -- Up-to-date: /home/rosnoetic/rm_shaobing_vision/install/auto_aim_interfaces/share/ament_index/resource_index/parent_prefix_path/auto_aim_interfaces
[11.429s] -- Up-to-date: /home/rosnoetic/rm_shaobing_vision/install/auto_aim_interfaces/share/auto_aim_interfaces/environment/ament_prefix_path.sh
[11.429s] -- Installing: /home/rosnoetic/rm_shaobing_vision/install/auto_aim_interfaces/share/auto_aim_interfaces/environment/ament_prefix_path.dsv
[11.429s] -- Up-to-date: /home/rosnoetic/rm_shaobing_vision/install/auto_aim_interfaces/share/auto_aim_interfaces/environment/path.sh
[11.429s] -- Installing: /home/rosnoetic/rm_shaobing_vision/install/auto_aim_interfaces/share/auto_aim_interfaces/environment/path.dsv
[11.430s] -- Up-to-date: /home/rosnoetic/rm_shaobing_vision/install/auto_aim_interfaces/share/auto_aim_interfaces/local_setup.bash
[11.430s] -- Up-to-date: /home/rosnoetic/rm_shaobing_vision/install/auto_aim_interfaces/share/auto_aim_interfaces/local_setup.sh
[11.430s] -- Up-to-date: /home/rosnoetic/rm_shaobing_vision/install/auto_aim_interfaces/share/auto_aim_interfaces/local_setup.zsh
[11.430s] -- Installing: /home/rosnoetic/rm_shaobing_vision/install/auto_aim_interfaces/share/auto_aim_interfaces/local_setup.dsv
[11.431s] -- Installing: /home/rosnoetic/rm_shaobing_vision/install/auto_aim_interfaces/share/auto_aim_interfaces/package.dsv
[11.431s] -- Up-to-date: /home/rosnoetic/rm_shaobing_vision/install/auto_aim_interfaces/share/ament_index/resource_index/packages/auto_aim_interfaces
[11.431s] -- Up-to-date: /home/rosnoetic/rm_shaobing_vision/install/auto_aim_interfaces/share/auto_aim_interfaces/cmake/export_auto_aim_interfaces__rosidl_generator_cExport.cmake
[11.431s] -- Up-to-date: /home/rosnoetic/rm_shaobing_vision/install/auto_aim_interfaces/share/auto_aim_interfaces/cmake/export_auto_aim_interfaces__rosidl_generator_cExport-noconfig.cmake
[11.431s] -- Up-to-date: /home/rosnoetic/rm_shaobing_vision/install/auto_aim_interfaces/share/auto_aim_interfaces/cmake/export_auto_aim_interfaces__rosidl_typesupport_fastrtps_cExport.cmake
[11.431s] -- Up-to-date: /home/rosnoetic/rm_shaobing_vision/install/auto_aim_interfaces/share/auto_aim_interfaces/cmake/export_auto_aim_interfaces__rosidl_typesupport_fastrtps_cExport-noconfig.cmake
[11.432s] -- Up-to-date: /home/rosnoetic/rm_shaobing_vision/install/auto_aim_interfaces/share/auto_aim_interfaces/cmake/auto_aim_interfaces__rosidl_typesupport_introspection_cExport.cmake
[11.432s] -- Up-to-date: /home/rosnoetic/rm_shaobing_vision/install/auto_aim_interfaces/share/auto_aim_interfaces/cmake/auto_aim_interfaces__rosidl_typesupport_introspection_cExport-noconfig.cmake
[11.432s] -- Up-to-date: /home/rosnoetic/rm_shaobing_vision/install/auto_aim_interfaces/share/auto_aim_interfaces/cmake/auto_aim_interfaces__rosidl_typesupport_cExport.cmake
[11.432s] -- Up-to-date: /home/rosnoetic/rm_shaobing_vision/install/auto_aim_interfaces/share/auto_aim_interfaces/cmake/auto_aim_interfaces__rosidl_typesupport_cExport-noconfig.cmake
[11.432s] -- Up-to-date: /home/rosnoetic/rm_shaobing_vision/install/auto_aim_interfaces/share/auto_aim_interfaces/cmake/export_auto_aim_interfaces__rosidl_generator_cppExport.cmake
[11.432s] -- Up-to-date: /home/rosnoetic/rm_shaobing_vision/install/auto_aim_interfaces/share/auto_aim_interfaces/cmake/export_auto_aim_interfaces__rosidl_typesupport_fastrtps_cppExport.cmake
[11.432s] -- Up-to-date: /home/rosnoetic/rm_shaobing_vision/install/auto_aim_interfaces/share/auto_aim_interfaces/cmake/export_auto_aim_interfaces__rosidl_typesupport_fastrtps_cppExport-noconfig.cmake
[11.433s] -- Up-to-date: /home/rosnoetic/rm_shaobing_vision/install/auto_aim_interfaces/share/auto_aim_interfaces/cmake/auto_aim_interfaces__rosidl_typesupport_introspection_cppExport.cmake
[11.433s] -- Up-to-date: /home/rosnoetic/rm_shaobing_vision/install/auto_aim_interfaces/share/auto_aim_interfaces/cmake/auto_aim_interfaces__rosidl_typesupport_introspection_cppExport-noconfig.cmake
[11.433s] -- Up-to-date: /home/rosnoetic/rm_shaobing_vision/install/auto_aim_interfaces/share/auto_aim_interfaces/cmake/auto_aim_interfaces__rosidl_typesupport_cppExport.cmake
[11.433s] -- Up-to-date: /home/rosnoetic/rm_shaobing_vision/install/auto_aim_interfaces/share/auto_aim_interfaces/cmake/auto_aim_interfaces__rosidl_typesupport_cppExport-noconfig.cmake
[11.433s] -- Up-to-date: /home/rosnoetic/rm_shaobing_vision/install/auto_aim_interfaces/share/auto_aim_interfaces/cmake/export_auto_aim_interfaces__rosidl_generator_pyExport.cmake
[11.433s] -- Up-to-date: /home/rosnoetic/rm_shaobing_vision/install/auto_aim_interfaces/share/auto_aim_interfaces/cmake/export_auto_aim_interfaces__rosidl_generator_pyExport-noconfig.cmake
[11.433s] -- Up-to-date: /home/rosnoetic/rm_shaobing_vision/install/auto_aim_interfaces/share/auto_aim_interfaces/cmake/rosidl_cmake-extras.cmake
[11.433s] -- Up-to-date: /home/rosnoetic/rm_shaobing_vision/install/auto_aim_interfaces/share/auto_aim_interfaces/cmake/ament_cmake_export_dependencies-extras.cmake
[11.433s] -- Up-to-date: /home/rosnoetic/rm_shaobing_vision/install/auto_aim_interfaces/share/auto_aim_interfaces/cmake/ament_cmake_export_include_directories-extras.cmake
[11.434s] -- Up-to-date: /home/rosnoetic/rm_shaobing_vision/install/auto_aim_interfaces/share/auto_aim_interfaces/cmake/ament_cmake_export_libraries-extras.cmake
[11.434s] -- Up-to-date: /home/rosnoetic/rm_shaobing_vision/install/auto_aim_interfaces/share/auto_aim_interfaces/cmake/ament_cmake_export_targets-extras.cmake
[11.434s] -- Up-to-date: /home/rosnoetic/rm_shaobing_vision/install/auto_aim_interfaces/share/auto_aim_interfaces/cmake/rosidl_cmake_export_typesupport_targets-extras.cmake
[11.434s] -- Up-to-date: /home/rosnoetic/rm_shaobing_vision/install/auto_aim_interfaces/share/auto_aim_interfaces/cmake/rosidl_cmake_export_typesupport_libraries-extras.cmake
[11.434s] -- Up-to-date: /home/rosnoetic/rm_shaobing_vision/install/auto_aim_interfaces/share/auto_aim_interfaces/cmake/auto_aim_interfacesConfig.cmake
[11.434s] -- Up-to-date: /home/rosnoetic/rm_shaobing_vision/install/auto_aim_interfaces/share/auto_aim_interfaces/cmake/auto_aim_interfacesConfig-version.cmake
[11.434s] -- Up-to-date: /home/rosnoetic/rm_shaobing_vision/install/auto_aim_interfaces/share/auto_aim_interfaces/package.xml
[11.437s] Invoked command in '/home/rosnoetic/rm_shaobing_vision/build/auto_aim_interfaces' returned '0': CMAKE_PREFIX_PATH=${CMAKE_PREFIX_PATH}:/home/rosnoetic/ros_ws/install/rm_vision_bringup:/home/rosnoetic/ros_ws/install/rm_serial_driver:/home/rosnoetic/ros_ws/install/rm_gimbal_description:/home/rosnoetic/ros_ws/install/hik_camera:/home/rosnoetic/ros_ws/install/armor_tracker:/home/rosnoetic/ros_ws/install/armor_detector:/home/rosnoetic/ros_ws/install/auto_aim_interfaces:/opt/ros/humble /usr/bin/cmake --install /home/rosnoetic/rm_shaobing_vision/build/auto_aim_interfaces
