[0.014s] Invoking command in '/home/nuc/rm_vision_ws/build/rm_vision_bringup': AMENT_PREFIX_PATH=/home/nuc/rm_vision_ws/install/rm_auto_aim:/home/nuc/rm_vision_ws/install/rm_serial_driver:/home/nuc/rm_vision_ws/install/armor_tracker:/home/nuc/rm_vision_ws/install/armor_detector:/home/nuc/rm_vision_ws/install/buff_interfaces:/home/nuc/rm_vision_ws/install/auto_aim_interfaces:${AMENT_PREFIX_PATH} CMAKE_PREFIX_PATH=/home/nuc/rm_vision_ws/install/rm_auto_aim:/home/nuc/rm_vision_ws/install/rm_serial_driver:/home/nuc/rm_vision_ws/install/armor_tracker:/home/nuc/rm_vision_ws/install/armor_detector:/home/nuc/rm_vision_ws/install/buff_interfaces:/home/nuc/rm_vision_ws/install/auto_aim_interfaces:/opt/ros/humble LD_LIBRARY_PATH=/home/nuc/rm_vision_ws/install/rm_serial_driver/lib:/home/nuc/rm_vision_ws/install/armor_tracker/lib:/home/nuc/rm_vision_ws/install/armor_detector/lib:/home/nuc/rm_vision_ws/install/buff_interfaces/lib:/home/nuc/rm_vision_ws/install/auto_aim_interfaces/lib:/opt/MVS/lib/64:/opt/MVS/lib/32:/opt/MVS/lib/64:/opt/MVS/lib/32:/usr/lib/x86_64-linux-gnu/gazebo-11/plugins:/opt/ros/humble/opt/rviz_ogre_vendor/lib:/opt/ros/humble/lib/x86_64-linux-gnu:/opt/ros/humble/opt/openvdb_vendor/lib:/opt/ros/humble/lib:/opt/MVS/lib/64:/opt/MVS/lib/32 PYTHONPATH=/home/nuc/rm_vision_ws/install/buff_interfaces/local/lib/python3.10/dist-packages:/home/nuc/rm_vision_ws/install/auto_aim_interfaces/local/lib/python3.10/dist-packages:${PYTHONPATH} /usr/bin/cmake /home/nuc/rm_vision_ws/src/rm_vision/rm_vision_bringup -DAMENT_CMAKE_SYMLINK_INSTALL=1 -DCMAKE_INSTALL_PREFIX=/home/nuc/rm_vision_ws/install/rm_vision_bringup
[0.062s] -- The C compiler identification is GNU 11.4.0
[0.105s] -- The CXX compiler identification is GNU 11.4.0
[0.111s] -- Detecting C compiler ABI info
[0.173s] -- Detecting C compiler ABI info - done
[0.180s] -- Check for working C compiler: /usr/bin/cc - skipped
[0.180s] -- Detecting C compile features
[0.180s] -- Detecting C compile features - done
[0.182s] -- Detecting CXX compiler ABI info
[0.251s] -- Detecting CXX compiler ABI info - done
[0.258s] -- Check for working CXX compiler: /usr/bin/c++ - skipped
[0.258s] -- Detecting CXX compile features
[0.258s] -- Detecting CXX compile features - done
[0.261s] -- Found ament_cmake_auto: 1.3.10 (/opt/ros/humble/share/ament_cmake_auto/cmake)
[0.389s] -- Found Python3: /usr/bin/python3 (found version "3.10.12") found components: Interpreter 
[0.437s] -- Override CMake install command with custom implementation using symlinks instead of copying resources
[0.464s] -- Found ament_lint_auto: 0.12.11 (/opt/ros/humble/share/ament_lint_auto/cmake)
[0.515s] -- Configuring done
[0.518s] -- Generating done
[0.519s] -- Build files have been written to: /home/nuc/rm_vision_ws/build/rm_vision_bringup
[0.522s] Invoked command in '/home/nuc/rm_vision_ws/build/rm_vision_bringup' returned '0': AMENT_PREFIX_PATH=/home/nuc/rm_vision_ws/install/rm_auto_aim:/home/nuc/rm_vision_ws/install/rm_serial_driver:/home/nuc/rm_vision_ws/install/armor_tracker:/home/nuc/rm_vision_ws/install/armor_detector:/home/nuc/rm_vision_ws/install/buff_interfaces:/home/nuc/rm_vision_ws/install/auto_aim_interfaces:${AMENT_PREFIX_PATH} CMAKE_PREFIX_PATH=/home/nuc/rm_vision_ws/install/rm_auto_aim:/home/nuc/rm_vision_ws/install/rm_serial_driver:/home/nuc/rm_vision_ws/install/armor_tracker:/home/nuc/rm_vision_ws/install/armor_detector:/home/nuc/rm_vision_ws/install/buff_interfaces:/home/nuc/rm_vision_ws/install/auto_aim_interfaces:/opt/ros/humble LD_LIBRARY_PATH=/home/nuc/rm_vision_ws/install/rm_serial_driver/lib:/home/nuc/rm_vision_ws/install/armor_tracker/lib:/home/nuc/rm_vision_ws/install/armor_detector/lib:/home/nuc/rm_vision_ws/install/buff_interfaces/lib:/home/nuc/rm_vision_ws/install/auto_aim_interfaces/lib:/opt/MVS/lib/64:/opt/MVS/lib/32:/opt/MVS/lib/64:/opt/MVS/lib/32:/usr/lib/x86_64-linux-gnu/gazebo-11/plugins:/opt/ros/humble/opt/rviz_ogre_vendor/lib:/opt/ros/humble/lib/x86_64-linux-gnu:/opt/ros/humble/opt/openvdb_vendor/lib:/opt/ros/humble/lib:/opt/MVS/lib/64:/opt/MVS/lib/32 PYTHONPATH=/home/nuc/rm_vision_ws/install/buff_interfaces/local/lib/python3.10/dist-packages:/home/nuc/rm_vision_ws/install/auto_aim_interfaces/local/lib/python3.10/dist-packages:${PYTHONPATH} /usr/bin/cmake /home/nuc/rm_vision_ws/src/rm_vision/rm_vision_bringup -DAMENT_CMAKE_SYMLINK_INSTALL=1 -DCMAKE_INSTALL_PREFIX=/home/nuc/rm_vision_ws/install/rm_vision_bringup
[0.523s] Invoking command in '/home/nuc/rm_vision_ws/build/rm_vision_bringup': AMENT_PREFIX_PATH=/home/nuc/rm_vision_ws/install/rm_auto_aim:/home/nuc/rm_vision_ws/install/rm_serial_driver:/home/nuc/rm_vision_ws/install/armor_tracker:/home/nuc/rm_vision_ws/install/armor_detector:/home/nuc/rm_vision_ws/install/buff_interfaces:/home/nuc/rm_vision_ws/install/auto_aim_interfaces:${AMENT_PREFIX_PATH} CMAKE_PREFIX_PATH=/home/nuc/rm_vision_ws/install/rm_auto_aim:/home/nuc/rm_vision_ws/install/rm_serial_driver:/home/nuc/rm_vision_ws/install/armor_tracker:/home/nuc/rm_vision_ws/install/armor_detector:/home/nuc/rm_vision_ws/install/buff_interfaces:/home/nuc/rm_vision_ws/install/auto_aim_interfaces:/opt/ros/humble LD_LIBRARY_PATH=/home/nuc/rm_vision_ws/install/rm_serial_driver/lib:/home/nuc/rm_vision_ws/install/armor_tracker/lib:/home/nuc/rm_vision_ws/install/armor_detector/lib:/home/nuc/rm_vision_ws/install/buff_interfaces/lib:/home/nuc/rm_vision_ws/install/auto_aim_interfaces/lib:/opt/MVS/lib/64:/opt/MVS/lib/32:/opt/MVS/lib/64:/opt/MVS/lib/32:/usr/lib/x86_64-linux-gnu/gazebo-11/plugins:/opt/ros/humble/opt/rviz_ogre_vendor/lib:/opt/ros/humble/lib/x86_64-linux-gnu:/opt/ros/humble/opt/openvdb_vendor/lib:/opt/ros/humble/lib:/opt/MVS/lib/64:/opt/MVS/lib/32 PYTHONPATH=/home/nuc/rm_vision_ws/install/buff_interfaces/local/lib/python3.10/dist-packages:/home/nuc/rm_vision_ws/install/auto_aim_interfaces/local/lib/python3.10/dist-packages:${PYTHONPATH} /usr/bin/cmake --build /home/nuc/rm_vision_ws/build/rm_vision_bringup -- -j16 -l16
[0.555s] Invoked command in '/home/nuc/rm_vision_ws/build/rm_vision_bringup' returned '0': AMENT_PREFIX_PATH=/home/nuc/rm_vision_ws/install/rm_auto_aim:/home/nuc/rm_vision_ws/install/rm_serial_driver:/home/nuc/rm_vision_ws/install/armor_tracker:/home/nuc/rm_vision_ws/install/armor_detector:/home/nuc/rm_vision_ws/install/buff_interfaces:/home/nuc/rm_vision_ws/install/auto_aim_interfaces:${AMENT_PREFIX_PATH} CMAKE_PREFIX_PATH=/home/nuc/rm_vision_ws/install/rm_auto_aim:/home/nuc/rm_vision_ws/install/rm_serial_driver:/home/nuc/rm_vision_ws/install/armor_tracker:/home/nuc/rm_vision_ws/install/armor_detector:/home/nuc/rm_vision_ws/install/buff_interfaces:/home/nuc/rm_vision_ws/install/auto_aim_interfaces:/opt/ros/humble LD_LIBRARY_PATH=/home/nuc/rm_vision_ws/install/rm_serial_driver/lib:/home/nuc/rm_vision_ws/install/armor_tracker/lib:/home/nuc/rm_vision_ws/install/armor_detector/lib:/home/nuc/rm_vision_ws/install/buff_interfaces/lib:/home/nuc/rm_vision_ws/install/auto_aim_interfaces/lib:/opt/MVS/lib/64:/opt/MVS/lib/32:/opt/MVS/lib/64:/opt/MVS/lib/32:/usr/lib/x86_64-linux-gnu/gazebo-11/plugins:/opt/ros/humble/opt/rviz_ogre_vendor/lib:/opt/ros/humble/lib/x86_64-linux-gnu:/opt/ros/humble/opt/openvdb_vendor/lib:/opt/ros/humble/lib:/opt/MVS/lib/64:/opt/MVS/lib/32 PYTHONPATH=/home/nuc/rm_vision_ws/install/buff_interfaces/local/lib/python3.10/dist-packages:/home/nuc/rm_vision_ws/install/auto_aim_interfaces/local/lib/python3.10/dist-packages:${PYTHONPATH} /usr/bin/cmake --build /home/nuc/rm_vision_ws/build/rm_vision_bringup -- -j16 -l16
[0.577s] Invoking command in '/home/nuc/rm_vision_ws/build/rm_vision_bringup': AMENT_PREFIX_PATH=/home/nuc/rm_vision_ws/install/rm_auto_aim:/home/nuc/rm_vision_ws/install/rm_serial_driver:/home/nuc/rm_vision_ws/install/armor_tracker:/home/nuc/rm_vision_ws/install/armor_detector:/home/nuc/rm_vision_ws/install/buff_interfaces:/home/nuc/rm_vision_ws/install/auto_aim_interfaces:${AMENT_PREFIX_PATH} CMAKE_PREFIX_PATH=/home/nuc/rm_vision_ws/install/rm_auto_aim:/home/nuc/rm_vision_ws/install/rm_serial_driver:/home/nuc/rm_vision_ws/install/armor_tracker:/home/nuc/rm_vision_ws/install/armor_detector:/home/nuc/rm_vision_ws/install/buff_interfaces:/home/nuc/rm_vision_ws/install/auto_aim_interfaces:/opt/ros/humble LD_LIBRARY_PATH=/home/nuc/rm_vision_ws/install/rm_serial_driver/lib:/home/nuc/rm_vision_ws/install/armor_tracker/lib:/home/nuc/rm_vision_ws/install/armor_detector/lib:/home/nuc/rm_vision_ws/install/buff_interfaces/lib:/home/nuc/rm_vision_ws/install/auto_aim_interfaces/lib:/opt/MVS/lib/64:/opt/MVS/lib/32:/opt/MVS/lib/64:/opt/MVS/lib/32:/usr/lib/x86_64-linux-gnu/gazebo-11/plugins:/opt/ros/humble/opt/rviz_ogre_vendor/lib:/opt/ros/humble/lib/x86_64-linux-gnu:/opt/ros/humble/opt/openvdb_vendor/lib:/opt/ros/humble/lib:/opt/MVS/lib/64:/opt/MVS/lib/32 PYTHONPATH=/home/nuc/rm_vision_ws/install/buff_interfaces/local/lib/python3.10/dist-packages:/home/nuc/rm_vision_ws/install/auto_aim_interfaces/local/lib/python3.10/dist-packages:${PYTHONPATH} /usr/bin/cmake --install /home/nuc/rm_vision_ws/build/rm_vision_bringup
[0.587s] -- Install configuration: ""
[0.587s] -- Execute custom install script
[0.588s] -- Symlinking: /home/nuc/rm_vision_ws/install/rm_vision_bringup/share/rm_vision_bringup/launch/common.py
[0.599s] -- Symlinking: /home/nuc/rm_vision_ws/install/rm_vision_bringup/share/rm_vision_bringup/launch/no_hardware.launch.py
[0.612s] -- Symlinking: /home/nuc/rm_vision_ws/install/rm_vision_bringup/share/rm_vision_bringup/launch/vision_bringup.launch.py
[0.626s] -- Symlinking: /home/nuc/rm_vision_ws/install/rm_vision_bringup/share/rm_vision_bringup/config/camera_info.yaml
[0.639s] -- Symlinking: /home/nuc/rm_vision_ws/install/rm_vision_bringup/share/rm_vision_bringup/config/launch_params.yaml
[0.652s] -- Symlinking: /home/nuc/rm_vision_ws/install/rm_vision_bringup/share/rm_vision_bringup/config/node_params.yaml
[0.667s] -- Symlinking: /home/nuc/rm_vision_ws/install/rm_vision_bringup/share/ament_index/resource_index/package_run_dependencies/rm_vision_bringup
[0.679s] -- Symlinking: /home/nuc/rm_vision_ws/install/rm_vision_bringup/share/ament_index/resource_index/parent_prefix_path/rm_vision_bringup
[0.691s] -- Symlinking: /home/nuc/rm_vision_ws/install/rm_vision_bringup/share/rm_vision_bringup/environment/ament_prefix_path.sh
[0.705s] -- Symlinking: /home/nuc/rm_vision_ws/install/rm_vision_bringup/share/rm_vision_bringup/environment/ament_prefix_path.dsv
[0.718s] -- Symlinking: /home/nuc/rm_vision_ws/install/rm_vision_bringup/share/rm_vision_bringup/environment/path.sh
[0.731s] -- Symlinking: /home/nuc/rm_vision_ws/install/rm_vision_bringup/share/rm_vision_bringup/environment/path.dsv
[0.744s] -- Symlinking: /home/nuc/rm_vision_ws/install/rm_vision_bringup/share/rm_vision_bringup/local_setup.bash
[0.757s] -- Symlinking: /home/nuc/rm_vision_ws/install/rm_vision_bringup/share/rm_vision_bringup/local_setup.sh
[0.770s] -- Symlinking: /home/nuc/rm_vision_ws/install/rm_vision_bringup/share/rm_vision_bringup/local_setup.zsh
[0.784s] -- Symlinking: /home/nuc/rm_vision_ws/install/rm_vision_bringup/share/rm_vision_bringup/local_setup.dsv
[0.796s] -- Symlinking: /home/nuc/rm_vision_ws/install/rm_vision_bringup/share/rm_vision_bringup/package.dsv
[0.809s] -- Symlinking: /home/nuc/rm_vision_ws/install/rm_vision_bringup/share/ament_index/resource_index/packages/rm_vision_bringup
[0.824s] -- Symlinking: /home/nuc/rm_vision_ws/install/rm_vision_bringup/share/rm_vision_bringup/cmake/rm_vision_bringupConfig.cmake
[0.837s] -- Symlinking: /home/nuc/rm_vision_ws/install/rm_vision_bringup/share/rm_vision_bringup/cmake/rm_vision_bringupConfig-version.cmake
[0.851s] -- Symlinking: /home/nuc/rm_vision_ws/install/rm_vision_bringup/share/rm_vision_bringup/package.xml
[0.868s] Invoked command in '/home/nuc/rm_vision_ws/build/rm_vision_bringup' returned '0': AMENT_PREFIX_PATH=/home/nuc/rm_vision_ws/install/rm_auto_aim:/home/nuc/rm_vision_ws/install/rm_serial_driver:/home/nuc/rm_vision_ws/install/armor_tracker:/home/nuc/rm_vision_ws/install/armor_detector:/home/nuc/rm_vision_ws/install/buff_interfaces:/home/nuc/rm_vision_ws/install/auto_aim_interfaces:${AMENT_PREFIX_PATH} CMAKE_PREFIX_PATH=/home/nuc/rm_vision_ws/install/rm_auto_aim:/home/nuc/rm_vision_ws/install/rm_serial_driver:/home/nuc/rm_vision_ws/install/armor_tracker:/home/nuc/rm_vision_ws/install/armor_detector:/home/nuc/rm_vision_ws/install/buff_interfaces:/home/nuc/rm_vision_ws/install/auto_aim_interfaces:/opt/ros/humble LD_LIBRARY_PATH=/home/nuc/rm_vision_ws/install/rm_serial_driver/lib:/home/nuc/rm_vision_ws/install/armor_tracker/lib:/home/nuc/rm_vision_ws/install/armor_detector/lib:/home/nuc/rm_vision_ws/install/buff_interfaces/lib:/home/nuc/rm_vision_ws/install/auto_aim_interfaces/lib:/opt/MVS/lib/64:/opt/MVS/lib/32:/opt/MVS/lib/64:/opt/MVS/lib/32:/usr/lib/x86_64-linux-gnu/gazebo-11/plugins:/opt/ros/humble/opt/rviz_ogre_vendor/lib:/opt/ros/humble/lib/x86_64-linux-gnu:/opt/ros/humble/opt/openvdb_vendor/lib:/opt/ros/humble/lib:/opt/MVS/lib/64:/opt/MVS/lib/32 PYTHONPATH=/home/nuc/rm_vision_ws/install/buff_interfaces/local/lib/python3.10/dist-packages:/home/nuc/rm_vision_ws/install/auto_aim_interfaces/local/lib/python3.10/dist-packages:${PYTHONPATH} /usr/bin/cmake --install /home/nuc/rm_vision_ws/build/rm_vision_bringup
