[0.032s] Invoking command in '/home/rosnoetic/vision_ws/rm_shaobing_vision/build/armor_detector': AMENT_PREFIX_PATH=/home/rosnoetic/vision_ws/rm_shaobing_vision/install/auto_aim_interfaces:${AMENT_PREFIX_PATH} CMAKE_PREFIX_PATH=/home/rosnoetic/vision_ws/rm_shaobing_vision/install/auto_aim_interfaces:/home/rosnoetic/ros_ws/install/rm_vision_bringup:/home/rosnoetic/ros_ws/install/rm_serial_driver:/home/rosnoetic/ros_ws/install/rm_gimbal_description:/home/rosnoetic/ros_ws/install/hik_camera:/home/rosnoetic/ros_ws/install/armor_tracker:/home/rosnoetic/ros_ws/install/armor_detector:/home/rosnoetic/ros_ws/install/auto_aim_interfaces:/opt/ros/humble LD_LIBRARY_PATH=/home/rosnoetic/vision_ws/rm_shaobing_vision/install/auto_aim_interfaces/lib:/opt/MVS/lib/64:/opt/MVS/lib/32:/opt/MVS/lib/64:/opt/MVS/lib/32:/home/rosnoetic/ros_ws/install/rm_serial_driver/lib:/home/rosnoetic/ros_ws/install/hik_camera/lib:/home/rosnoetic/ros_ws/install/armor_tracker/lib:/home/rosnoetic/ros_ws/install/armor_detector/lib:/home/rosnoetic/ros_ws/install/auto_aim_interfaces/lib:/usr/lib/x86_64-linux-gnu/gazebo-11/plugins:/opt/ros/humble/opt/rviz_ogre_vendor/lib:/opt/ros/humble/lib/x86_64-linux-gnu:/opt/ros/humble/lib:/opt/MVS/lib/64:/opt/MVS/lib/32:/opt/MVS/lib/64:/opt/MVS/lib/32 PYTHONPATH=/home/rosnoetic/vision_ws/rm_shaobing_vision/install/auto_aim_interfaces/local/lib/python3.10/dist-packages:${PYTHONPATH} /usr/bin/cmake --build /home/rosnoetic/vision_ws/rm_shaobing_vision/build/armor_detector -- -j16 -l16
[0.082s] -- Found ament_cmake_auto: 1.3.10 (/opt/ros/humble/share/ament_cmake_auto/cmake)
[0.429s] -- Found rosidl_generator_c: 3.1.5 (/opt/ros/humble/share/rosidl_generator_c/cmake)
[0.436s] -- Found rosidl_adapter: 3.1.5 (/opt/ros/humble/share/rosidl_adapter/cmake)
[0.439s] -- Found rosidl_generator_cpp: 3.1.5 (/opt/ros/humble/share/rosidl_generator_cpp/cmake)
[0.451s] -- Using all available rosidl_typesupport_c: rosidl_typesupport_fastrtps_c;rosidl_typesupport_introspection_c
[0.465s] -- Using all available rosidl_typesupport_cpp: rosidl_typesupport_fastrtps_cpp;rosidl_typesupport_introspection_cpp
[0.588s] -- Found rmw_implementation_cmake: 6.1.2 (/opt/ros/humble/share/rmw_implementation_cmake/cmake)
[0.599s] -- Found rmw_fastrtps_cpp: 6.2.7 (/opt/ros/humble/share/rmw_fastrtps_cpp/cmake)
[0.814s] -- Using RMW implementation 'rmw_fastrtps_cpp' as default
[1.206s] -- Found eigen3_cmake_module: 0.1.1 (/opt/ros/humble/share/eigen3_cmake_module/cmake)
[1.207s] -- Ensuring Eigen3 include directory is part of orocos-kdl CMake target
[1.323s] -- Found ament_lint_auto: 0.12.11 (/opt/ros/humble/share/ament_lint_auto/cmake)
[1.366s] -- Found ament_cmake_gtest: 1.3.10 (/opt/ros/humble/share/ament_cmake_gtest/cmake)
[1.366s] -- Found gtest sources under '/opt/ros/humble/src/gtest_vendor': C++ tests using 'Google Test' will be built
[1.383s] -- Added test 'cppcheck' to perform static code analysis on C / C++ code
[1.383s] -- Configured cppcheck include dirs: /home/rosnoetic/vision_ws/rm_shaobing_vision/src/rm_auto_aim/armor_detector/include
[1.383s] -- Configured cppcheck exclude dirs and/or files: 
[1.384s] -- Added test 'lint_cmake' to check CMake code style
[1.385s] -- Added test 'xmllint' to check XML markup files
[1.387s] -- Added test 'clang_format' to check C / C++ code style
[1.389s] -- Configuring done
[1.467s] -- Generating done
[1.473s] -- Build files have been written to: /home/rosnoetic/vision_ws/rm_shaobing_vision/build/armor_detector
[1.531s] [35m[1mConsolidate compiler generated dependencies of target armor_detector_node[0m
[1.531s] [35m[1mConsolidate compiler generated dependencies of target gtest_main[0m
[1.531s] [35m[1mConsolidate compiler generated dependencies of target armor_detector[0m
[1.533s] [35m[1mConsolidate compiler generated dependencies of target gtest[0m
[1.575s] [ 13%] Built target armor_detector_node
[1.582s] [ 40%] Built target gtest_main
[1.590s] [ 33%] Built target gtest
[1.590s] [ 46%] [32mBuilding CXX object CMakeFiles/armor_detector.dir/src/detector.cpp.o[0m
[1.596s] [ 53%] [32mBuilding CXX object CMakeFiles/armor_detector.dir/src/detector_node.cpp.o[0m
[52.273s] [ 60%] [32m[1mLinking CXX shared library libarmor_detector.so[0m
[54.996s] [ 73%] Built target armor_detector
[55.042s] [35m[1mConsolidate compiler generated dependencies of target test_number_cls[0m
[55.043s] [35m[1mConsolidate compiler generated dependencies of target test_node_startup[0m
[55.190s] [ 80%] [32m[1mLinking CXX executable test_number_cls[0m
[55.447s] [ 86%] [32mBuilding CXX object CMakeFiles/test_node_startup.dir/test/test_node_startup.cpp.o[0m
[57.360s] [ 93%] Built target test_number_cls
[64.778s] [100%] [32m[1mLinking CXX executable test_node_startup[0m
[66.311s] [100%] Built target test_node_startup
[66.369s] Invoked command in '/home/rosnoetic/vision_ws/rm_shaobing_vision/build/armor_detector' returned '0': AMENT_PREFIX_PATH=/home/rosnoetic/vision_ws/rm_shaobing_vision/install/auto_aim_interfaces:${AMENT_PREFIX_PATH} CMAKE_PREFIX_PATH=/home/rosnoetic/vision_ws/rm_shaobing_vision/install/auto_aim_interfaces:/home/rosnoetic/ros_ws/install/rm_vision_bringup:/home/rosnoetic/ros_ws/install/rm_serial_driver:/home/rosnoetic/ros_ws/install/rm_gimbal_description:/home/rosnoetic/ros_ws/install/hik_camera:/home/rosnoetic/ros_ws/install/armor_tracker:/home/rosnoetic/ros_ws/install/armor_detector:/home/rosnoetic/ros_ws/install/auto_aim_interfaces:/opt/ros/humble LD_LIBRARY_PATH=/home/rosnoetic/vision_ws/rm_shaobing_vision/install/auto_aim_interfaces/lib:/opt/MVS/lib/64:/opt/MVS/lib/32:/opt/MVS/lib/64:/opt/MVS/lib/32:/home/rosnoetic/ros_ws/install/rm_serial_driver/lib:/home/rosnoetic/ros_ws/install/hik_camera/lib:/home/rosnoetic/ros_ws/install/armor_tracker/lib:/home/rosnoetic/ros_ws/install/armor_detector/lib:/home/rosnoetic/ros_ws/install/auto_aim_interfaces/lib:/usr/lib/x86_64-linux-gnu/gazebo-11/plugins:/opt/ros/humble/opt/rviz_ogre_vendor/lib:/opt/ros/humble/lib/x86_64-linux-gnu:/opt/ros/humble/lib:/opt/MVS/lib/64:/opt/MVS/lib/32:/opt/MVS/lib/64:/opt/MVS/lib/32 PYTHONPATH=/home/rosnoetic/vision_ws/rm_shaobing_vision/install/auto_aim_interfaces/local/lib/python3.10/dist-packages:${PYTHONPATH} /usr/bin/cmake --build /home/rosnoetic/vision_ws/rm_shaobing_vision/build/armor_detector -- -j16 -l16
[66.535s] Invoking command in '/home/rosnoetic/vision_ws/rm_shaobing_vision/build/armor_detector': AMENT_PREFIX_PATH=/home/rosnoetic/vision_ws/rm_shaobing_vision/install/auto_aim_interfaces:${AMENT_PREFIX_PATH} CMAKE_PREFIX_PATH=/home/rosnoetic/vision_ws/rm_shaobing_vision/install/auto_aim_interfaces:/home/rosnoetic/ros_ws/install/rm_vision_bringup:/home/rosnoetic/ros_ws/install/rm_serial_driver:/home/rosnoetic/ros_ws/install/rm_gimbal_description:/home/rosnoetic/ros_ws/install/hik_camera:/home/rosnoetic/ros_ws/install/armor_tracker:/home/rosnoetic/ros_ws/install/armor_detector:/home/rosnoetic/ros_ws/install/auto_aim_interfaces:/opt/ros/humble LD_LIBRARY_PATH=/home/rosnoetic/vision_ws/rm_shaobing_vision/install/auto_aim_interfaces/lib:/opt/MVS/lib/64:/opt/MVS/lib/32:/opt/MVS/lib/64:/opt/MVS/lib/32:/home/rosnoetic/ros_ws/install/rm_serial_driver/lib:/home/rosnoetic/ros_ws/install/hik_camera/lib:/home/rosnoetic/ros_ws/install/armor_tracker/lib:/home/rosnoetic/ros_ws/install/armor_detector/lib:/home/rosnoetic/ros_ws/install/auto_aim_interfaces/lib:/usr/lib/x86_64-linux-gnu/gazebo-11/plugins:/opt/ros/humble/opt/rviz_ogre_vendor/lib:/opt/ros/humble/lib/x86_64-linux-gnu:/opt/ros/humble/lib:/opt/MVS/lib/64:/opt/MVS/lib/32:/opt/MVS/lib/64:/opt/MVS/lib/32 PYTHONPATH=/home/rosnoetic/vision_ws/rm_shaobing_vision/install/auto_aim_interfaces/local/lib/python3.10/dist-packages:${PYTHONPATH} /usr/bin/cmake --install /home/rosnoetic/vision_ws/rm_shaobing_vision/build/armor_detector
[66.548s] -- Install configuration: ""
[66.559s] -- Up-to-date: /home/rosnoetic/vision_ws/rm_shaobing_vision/install/armor_detector/lib/armor_detector/armor_detector_node
[66.560s] -- Up-to-date: /home/rosnoetic/vision_ws/rm_shaobing_vision/install/armor_detector/include
[66.562s] -- Up-to-date: /home/rosnoetic/vision_ws/rm_shaobing_vision/install/armor_detector/include/armor_detector
[66.562s] -- Up-to-date: /home/rosnoetic/vision_ws/rm_shaobing_vision/install/armor_detector/include/armor_detector/armor.hpp
[66.562s] -- Up-to-date: /home/rosnoetic/vision_ws/rm_shaobing_vision/install/armor_detector/include/armor_detector/number_classifier.hpp
[66.562s] -- Up-to-date: /home/rosnoetic/vision_ws/rm_shaobing_vision/install/armor_detector/include/armor_detector/detector.hpp
[66.562s] -- Up-to-date: /home/rosnoetic/vision_ws/rm_shaobing_vision/install/armor_detector/include/armor_detector/pnp_solver.hpp
[66.562s] -- Up-to-date: /home/rosnoetic/vision_ws/rm_shaobing_vision/install/armor_detector/include/armor_detector/detector_node.hpp
[66.568s] -- Installing: /home/rosnoetic/vision_ws/rm_shaobing_vision/install/armor_detector/share/armor_detector/environment/library_path.dsv
[66.573s] -- Installing: /home/rosnoetic/vision_ws/rm_shaobing_vision/install/armor_detector/lib/libarmor_detector.so
[66.621s] -- Set runtime path of "/home/rosnoetic/vision_ws/rm_shaobing_vision/install/armor_detector/lib/libarmor_detector.so" to ""
[66.621s] -- Up-to-date: /home/rosnoetic/vision_ws/rm_shaobing_vision/install/armor_detector/share/armor_detector/model
[66.625s] -- Up-to-date: /home/rosnoetic/vision_ws/rm_shaobing_vision/install/armor_detector/share/armor_detector/model/label.txt
[66.626s] -- Up-to-date: /home/rosnoetic/vision_ws/rm_shaobing_vision/install/armor_detector/share/armor_detector/model/mlp.onnx
[66.635s] -- Up-to-date: /home/rosnoetic/vision_ws/rm_shaobing_vision/install/armor_detector/share/ament_index/resource_index/package_run_dependencies/armor_detector
[66.637s] -- Up-to-date: /home/rosnoetic/vision_ws/rm_shaobing_vision/install/armor_detector/share/ament_index/resource_index/parent_prefix_path/armor_detector
[66.637s] -- Installing: /home/rosnoetic/vision_ws/rm_shaobing_vision/install/armor_detector/share/armor_detector/environment/ament_prefix_path.dsv
[66.639s] -- Installing: /home/rosnoetic/vision_ws/rm_shaobing_vision/install/armor_detector/share/armor_detector/environment/path.dsv
[66.642s] -- Up-to-date: /home/rosnoetic/vision_ws/rm_shaobing_vision/install/armor_detector/share/armor_detector/local_setup.bash
[66.642s] -- Up-to-date: /home/rosnoetic/vision_ws/rm_shaobing_vision/install/armor_detector/share/armor_detector/local_setup.sh
[66.642s] -- Up-to-date: /home/rosnoetic/vision_ws/rm_shaobing_vision/install/armor_detector/share/armor_detector/local_setup.zsh
[66.642s] -- Installing: /home/rosnoetic/vision_ws/rm_shaobing_vision/install/armor_detector/share/armor_detector/local_setup.dsv
[66.643s] -- Installing: /home/rosnoetic/vision_ws/rm_shaobing_vision/install/armor_detector/share/armor_detector/package.dsv
[66.646s] -- Up-to-date: /home/rosnoetic/vision_ws/rm_shaobing_vision/install/armor_detector/share/ament_index/resource_index/packages/armor_detector
[66.646s] -- Up-to-date: /home/rosnoetic/vision_ws/rm_shaobing_vision/install/armor_detector/share/ament_index/resource_index/rclcpp_components/armor_detector
[66.647s] -- Up-to-date: /home/rosnoetic/vision_ws/rm_shaobing_vision/install/armor_detector/share/armor_detector/cmake/ament_cmake_export_dependencies-extras.cmake
[66.648s] -- Up-to-date: /home/rosnoetic/vision_ws/rm_shaobing_vision/install/armor_detector/share/armor_detector/cmake/ament_cmake_export_include_directories-extras.cmake
[66.648s] -- Up-to-date: /home/rosnoetic/vision_ws/rm_shaobing_vision/install/armor_detector/share/armor_detector/cmake/ament_cmake_export_libraries-extras.cmake
[66.649s] -- Up-to-date: /home/rosnoetic/vision_ws/rm_shaobing_vision/install/armor_detector/share/armor_detector/cmake/armor_detectorConfig.cmake
[66.649s] -- Up-to-date: /home/rosnoetic/vision_ws/rm_shaobing_vision/install/armor_detector/share/armor_detector/cmake/armor_detectorConfig-version.cmake
[66.649s] -- Up-to-date: /home/rosnoetic/vision_ws/rm_shaobing_vision/install/armor_detector/share/armor_detector/package.xml
[66.653s] Invoked command in '/home/rosnoetic/vision_ws/rm_shaobing_vision/build/armor_detector' returned '0': AMENT_PREFIX_PATH=/home/rosnoetic/vision_ws/rm_shaobing_vision/install/auto_aim_interfaces:${AMENT_PREFIX_PATH} CMAKE_PREFIX_PATH=/home/rosnoetic/vision_ws/rm_shaobing_vision/install/auto_aim_interfaces:/home/rosnoetic/ros_ws/install/rm_vision_bringup:/home/rosnoetic/ros_ws/install/rm_serial_driver:/home/rosnoetic/ros_ws/install/rm_gimbal_description:/home/rosnoetic/ros_ws/install/hik_camera:/home/rosnoetic/ros_ws/install/armor_tracker:/home/rosnoetic/ros_ws/install/armor_detector:/home/rosnoetic/ros_ws/install/auto_aim_interfaces:/opt/ros/humble LD_LIBRARY_PATH=/home/rosnoetic/vision_ws/rm_shaobing_vision/install/auto_aim_interfaces/lib:/opt/MVS/lib/64:/opt/MVS/lib/32:/opt/MVS/lib/64:/opt/MVS/lib/32:/home/rosnoetic/ros_ws/install/rm_serial_driver/lib:/home/rosnoetic/ros_ws/install/hik_camera/lib:/home/rosnoetic/ros_ws/install/armor_tracker/lib:/home/rosnoetic/ros_ws/install/armor_detector/lib:/home/rosnoetic/ros_ws/install/auto_aim_interfaces/lib:/usr/lib/x86_64-linux-gnu/gazebo-11/plugins:/opt/ros/humble/opt/rviz_ogre_vendor/lib:/opt/ros/humble/lib/x86_64-linux-gnu:/opt/ros/humble/lib:/opt/MVS/lib/64:/opt/MVS/lib/32:/opt/MVS/lib/64:/opt/MVS/lib/32 PYTHONPATH=/home/rosnoetic/vision_ws/rm_shaobing_vision/install/auto_aim_interfaces/local/lib/python3.10/dist-packages:${PYTHONPATH} /usr/bin/cmake --install /home/rosnoetic/vision_ws/rm_shaobing_vision/build/armor_detector
