[0.019s] Invoking command in '/home/nuc/rm_vision_ws/build/rm_auto_record': CMAKE_PREFIX_PATH=${CMAKE_PREFIX_PATH}:/opt/ros/humble /usr/bin/cmake /home/nuc/rm_vision_ws/src/rm_auto_record -DCMAKE_INSTALL_PREFIX=/home/nuc/rm_vision_ws/install/rm_auto_record
[0.053s] -- Found ament_cmake_auto: 1.3.10 (/opt/ros/humble/share/ament_cmake_auto/cmake)
[0.152s] -- Override CMake install command with custom implementation using symlinks instead of copying resources
[0.243s] -- Found rosidl_generator_c: 3.1.5 (/opt/ros/humble/share/rosidl_generator_c/cmake)
[0.244s] -- Found rosidl_adapter: 3.1.5 (/opt/ros/humble/share/rosidl_adapter/cmake)
[0.248s] -- Found rosidl_generator_cpp: 3.1.5 (/opt/ros/humble/share/rosidl_generator_cpp/cmake)
[0.255s] -- Using all available rosidl_typesupport_c: rosidl_typesupport_fastrtps_c;rosidl_typesupport_introspection_c
[0.264s] -- Using all available rosidl_typesupport_cpp: rosidl_typesupport_fastrtps_cpp;rosidl_typesupport_introspection_cpp
[0.293s] -- Found rmw_implementation_cmake: 6.1.2 (/opt/ros/humble/share/rmw_implementation_cmake/cmake)
[0.296s] -- Found rmw_fastrtps_cpp: 6.2.7 (/opt/ros/humble/share/rmw_fastrtps_cpp/cmake)
[0.386s] -- Using RMW implementation 'rmw_fastrtps_cpp' as default
[0.498s] -- Found ament_lint_auto: 0.12.11 (/opt/ros/humble/share/ament_lint_auto/cmake)
[0.511s] -- Added test 'cppcheck' to perform static code analysis on C / C++ code
[0.511s] -- Configured cppcheck include dirs: /home/nuc/rm_vision_ws/src/rm_auto_record/include
[0.511s] -- Configured cppcheck exclude dirs and/or files: 
[0.512s] -- Added test 'cpplint' to check C / C++ code against the Google style
[0.512s] -- Configured cpplint exclude dirs and/or files: 
[0.512s] -- Added test 'flake8' to check Python code syntax and style conventions
[0.513s] -- Added test 'lint_cmake' to check CMake code style
[0.513s] -- Added test 'pep257' to check Python code against some of the docstring style conventions in PEP 257
[0.513s] -- Added test 'xmllint' to check XML markup files
[0.515s] -- Configuring done
[0.532s] -- Generating done
[0.534s] -- Build files have been written to: /home/nuc/rm_vision_ws/build/rm_auto_record
[0.541s] Invoked command in '/home/nuc/rm_vision_ws/build/rm_auto_record' returned '0': CMAKE_PREFIX_PATH=${CMAKE_PREFIX_PATH}:/opt/ros/humble /usr/bin/cmake /home/nuc/rm_vision_ws/src/rm_auto_record -DCMAKE_INSTALL_PREFIX=/home/nuc/rm_vision_ws/install/rm_auto_record
[0.542s] Invoking command in '/home/nuc/rm_vision_ws/build/rm_auto_record': CMAKE_PREFIX_PATH=${CMAKE_PREFIX_PATH}:/opt/ros/humble /usr/bin/cmake --build /home/nuc/rm_vision_ws/build/rm_auto_record -- -j16 -l16
[0.584s] [35m[1mConsolidate compiler generated dependencies of target rm_auto_record_node[0m
[0.584s] [35m[1mConsolidate compiler generated dependencies of target rm_auto_record[0m
[0.609s] [ 50%] Built target rm_auto_record
[0.609s] [100%] Built target rm_auto_record_node
[0.619s] Invoked command in '/home/nuc/rm_vision_ws/build/rm_auto_record' returned '0': CMAKE_PREFIX_PATH=${CMAKE_PREFIX_PATH}:/opt/ros/humble /usr/bin/cmake --build /home/nuc/rm_vision_ws/build/rm_auto_record -- -j16 -l16
[0.658s] Invoking command in '/home/nuc/rm_vision_ws/build/rm_auto_record': CMAKE_PREFIX_PATH=${CMAKE_PREFIX_PATH}:/opt/ros/humble /usr/bin/cmake --install /home/nuc/rm_vision_ws/build/rm_auto_record
[0.665s] -- Install configuration: ""
[0.666s] -- Execute custom install script
[0.666s] -- Up-to-date symlink: /home/nuc/rm_vision_ws/install/rm_auto_record/lib/rm_auto_record/rm_auto_record_node
[0.666s] -- Up-to-date symlink: /home/nuc/rm_vision_ws/install/rm_auto_record/include/rm_auto_record/record_node.hpp
[0.667s] -- Up-to-date symlink: /home/nuc/rm_vision_ws/install/rm_auto_record/share/rm_auto_record/environment/library_path.sh
[0.667s] -- Up-to-date symlink: /home/nuc/rm_vision_ws/install/rm_auto_record/share/rm_auto_record/environment/library_path.dsv
[0.667s] -- Up-to-date symlink: /home/nuc/rm_vision_ws/install/rm_auto_record/lib/librm_auto_record.so
[0.667s] -- Up-to-date symlink: /home/nuc/rm_vision_ws/install/rm_auto_record/share/rm_auto_record/config/node_params.yaml
[0.667s] -- Up-to-date symlink: /home/nuc/rm_vision_ws/install/rm_auto_record/share/rm_auto_record/launch/auto_record.launch.py
[0.667s] -- Up-to-date symlink: /home/nuc/rm_vision_ws/install/rm_auto_record/share/ament_index/resource_index/package_run_dependencies/rm_auto_record
[0.668s] -- Up-to-date symlink: /home/nuc/rm_vision_ws/install/rm_auto_record/share/ament_index/resource_index/parent_prefix_path/rm_auto_record
[0.668s] -- Up-to-date symlink: /home/nuc/rm_vision_ws/install/rm_auto_record/share/rm_auto_record/environment/ament_prefix_path.sh
[0.668s] -- Up-to-date symlink: /home/nuc/rm_vision_ws/install/rm_auto_record/share/rm_auto_record/environment/ament_prefix_path.dsv
[0.668s] -- Up-to-date symlink: /home/nuc/rm_vision_ws/install/rm_auto_record/share/rm_auto_record/environment/path.sh
[0.668s] -- Up-to-date symlink: /home/nuc/rm_vision_ws/install/rm_auto_record/share/rm_auto_record/environment/path.dsv
[0.668s] -- Up-to-date symlink: /home/nuc/rm_vision_ws/install/rm_auto_record/share/rm_auto_record/local_setup.bash
[0.668s] -- Up-to-date symlink: /home/nuc/rm_vision_ws/install/rm_auto_record/share/rm_auto_record/local_setup.sh
[0.669s] -- Up-to-date symlink: /home/nuc/rm_vision_ws/install/rm_auto_record/share/rm_auto_record/local_setup.zsh
[0.669s] -- Up-to-date symlink: /home/nuc/rm_vision_ws/install/rm_auto_record/share/rm_auto_record/local_setup.dsv
[0.669s] -- Symlinking: /home/nuc/rm_vision_ws/install/rm_auto_record/share/rm_auto_record/package.dsv
[0.677s] -- Up-to-date symlink: /home/nuc/rm_vision_ws/install/rm_auto_record/share/ament_index/resource_index/packages/rm_auto_record
[0.677s] -- Up-to-date symlink: /home/nuc/rm_vision_ws/install/rm_auto_record/share/ament_index/resource_index/rclcpp_components/rm_auto_record
[0.678s] -- Up-to-date symlink: /home/nuc/rm_vision_ws/install/rm_auto_record/share/rm_auto_record/cmake/ament_cmake_export_dependencies-extras.cmake
[0.678s] -- Up-to-date symlink: /home/nuc/rm_vision_ws/install/rm_auto_record/share/rm_auto_record/cmake/ament_cmake_export_include_directories-extras.cmake
[0.678s] -- Up-to-date symlink: /home/nuc/rm_vision_ws/install/rm_auto_record/share/rm_auto_record/cmake/ament_cmake_export_libraries-extras.cmake
[0.678s] -- Up-to-date symlink: /home/nuc/rm_vision_ws/install/rm_auto_record/share/rm_auto_record/cmake/rm_auto_recordConfig.cmake
[0.678s] -- Up-to-date symlink: /home/nuc/rm_vision_ws/install/rm_auto_record/share/rm_auto_record/cmake/rm_auto_recordConfig-version.cmake
[0.678s] -- Up-to-date symlink: /home/nuc/rm_vision_ws/install/rm_auto_record/share/rm_auto_record/package.xml
[0.680s] Invoked command in '/home/nuc/rm_vision_ws/build/rm_auto_record' returned '0': CMAKE_PREFIX_PATH=${CMAKE_PREFIX_PATH}:/opt/ros/humble /usr/bin/cmake --install /home/nuc/rm_vision_ws/build/rm_auto_record
