[0.139s] Invoking command in '/home/rosnoetic/rm_shaobing_vision/build/armor_tracker': AMENT_PREFIX_PATH=/home/rosnoetic/rm_shaobing_vision/install/auto_aim_interfaces:${AMENT_PREFIX_PATH} CMAKE_PREFIX_PATH=/home/rosnoetic/rm_shaobing_vision/install/auto_aim_interfaces:/home/rosnoetic/ros_ws/install/rm_vision_bringup:/home/rosnoetic/ros_ws/install/rm_serial_driver:/home/rosnoetic/ros_ws/install/rm_gimbal_description:/home/rosnoetic/ros_ws/install/hik_camera:/home/rosnoetic/ros_ws/install/armor_tracker:/home/rosnoetic/ros_ws/install/armor_detector:/home/rosnoetic/ros_ws/install/auto_aim_interfaces:/opt/ros/humble LD_LIBRARY_PATH=/home/rosnoetic/rm_shaobing_vision/install/auto_aim_interfaces/lib:/opt/MVS/lib/64:/opt/MVS/lib/32:/opt/MVS/lib/64:/opt/MVS/lib/32:/home/rosnoetic/ros_ws/install/rm_serial_driver/lib:/home/rosnoetic/ros_ws/install/hik_camera/lib:/home/rosnoetic/ros_ws/install/armor_tracker/lib:/home/rosnoetic/ros_ws/install/armor_detector/lib:/home/rosnoetic/ros_ws/install/auto_aim_interfaces/lib:/usr/lib/x86_64-linux-gnu/gazebo-11/plugins:/opt/ros/humble/opt/rviz_ogre_vendor/lib:/opt/ros/humble/lib/x86_64-linux-gnu:/opt/ros/humble/lib:/opt/MVS/lib/64:/opt/MVS/lib/32:/opt/MVS/lib/64:/opt/MVS/lib/32 PYTHONPATH=/home/rosnoetic/rm_shaobing_vision/install/auto_aim_interfaces/local/lib/python3.10/dist-packages:${PYTHONPATH} /usr/bin/cmake --build /home/rosnoetic/rm_shaobing_vision/build/armor_tracker -- -j16 -l16
[0.738s] [ 33%] Built target armor_tracker_node
[0.758s] [100%] Built target armor_tracker
[0.872s] Invoked command in '/home/rosnoetic/rm_shaobing_vision/build/armor_tracker' returned '0': AMENT_PREFIX_PATH=/home/rosnoetic/rm_shaobing_vision/install/auto_aim_interfaces:${AMENT_PREFIX_PATH} CMAKE_PREFIX_PATH=/home/rosnoetic/rm_shaobing_vision/install/auto_aim_interfaces:/home/rosnoetic/ros_ws/install/rm_vision_bringup:/home/rosnoetic/ros_ws/install/rm_serial_driver:/home/rosnoetic/ros_ws/install/rm_gimbal_description:/home/rosnoetic/ros_ws/install/hik_camera:/home/rosnoetic/ros_ws/install/armor_tracker:/home/rosnoetic/ros_ws/install/armor_detector:/home/rosnoetic/ros_ws/install/auto_aim_interfaces:/opt/ros/humble LD_LIBRARY_PATH=/home/rosnoetic/rm_shaobing_vision/install/auto_aim_interfaces/lib:/opt/MVS/lib/64:/opt/MVS/lib/32:/opt/MVS/lib/64:/opt/MVS/lib/32:/home/rosnoetic/ros_ws/install/rm_serial_driver/lib:/home/rosnoetic/ros_ws/install/hik_camera/lib:/home/rosnoetic/ros_ws/install/armor_tracker/lib:/home/rosnoetic/ros_ws/install/armor_detector/lib:/home/rosnoetic/ros_ws/install/auto_aim_interfaces/lib:/usr/lib/x86_64-linux-gnu/gazebo-11/plugins:/opt/ros/humble/opt/rviz_ogre_vendor/lib:/opt/ros/humble/lib/x86_64-linux-gnu:/opt/ros/humble/lib:/opt/MVS/lib/64:/opt/MVS/lib/32:/opt/MVS/lib/64:/opt/MVS/lib/32 PYTHONPATH=/home/rosnoetic/rm_shaobing_vision/install/auto_aim_interfaces/local/lib/python3.10/dist-packages:${PYTHONPATH} /usr/bin/cmake --build /home/rosnoetic/rm_shaobing_vision/build/armor_tracker -- -j16 -l16
[1.433s] Invoking command in '/home/rosnoetic/rm_shaobing_vision/build/armor_tracker': AMENT_PREFIX_PATH=/home/rosnoetic/rm_shaobing_vision/install/auto_aim_interfaces:${AMENT_PREFIX_PATH} CMAKE_PREFIX_PATH=/home/rosnoetic/rm_shaobing_vision/install/auto_aim_interfaces:/home/rosnoetic/ros_ws/install/rm_vision_bringup:/home/rosnoetic/ros_ws/install/rm_serial_driver:/home/rosnoetic/ros_ws/install/rm_gimbal_description:/home/rosnoetic/ros_ws/install/hik_camera:/home/rosnoetic/ros_ws/install/armor_tracker:/home/rosnoetic/ros_ws/install/armor_detector:/home/rosnoetic/ros_ws/install/auto_aim_interfaces:/opt/ros/humble LD_LIBRARY_PATH=/home/rosnoetic/rm_shaobing_vision/install/auto_aim_interfaces/lib:/opt/MVS/lib/64:/opt/MVS/lib/32:/opt/MVS/lib/64:/opt/MVS/lib/32:/home/rosnoetic/ros_ws/install/rm_serial_driver/lib:/home/rosnoetic/ros_ws/install/hik_camera/lib:/home/rosnoetic/ros_ws/install/armor_tracker/lib:/home/rosnoetic/ros_ws/install/armor_detector/lib:/home/rosnoetic/ros_ws/install/auto_aim_interfaces/lib:/usr/lib/x86_64-linux-gnu/gazebo-11/plugins:/opt/ros/humble/opt/rviz_ogre_vendor/lib:/opt/ros/humble/lib/x86_64-linux-gnu:/opt/ros/humble/lib:/opt/MVS/lib/64:/opt/MVS/lib/32:/opt/MVS/lib/64:/opt/MVS/lib/32 PYTHONPATH=/home/rosnoetic/rm_shaobing_vision/install/auto_aim_interfaces/local/lib/python3.10/dist-packages:${PYTHONPATH} /usr/bin/cmake --install /home/rosnoetic/rm_shaobing_vision/build/armor_tracker
[1.492s] -- Install configuration: ""
[1.496s] -- Up-to-date: /home/rosnoetic/rm_shaobing_vision/install/armor_tracker/lib/armor_tracker/armor_tracker_node
[1.500s] -- Up-to-date: /home/rosnoetic/rm_shaobing_vision/install/armor_tracker/include
[1.500s] -- Up-to-date: /home/rosnoetic/rm_shaobing_vision/install/armor_tracker/include/armor_tracker
[1.504s] -- Up-to-date: /home/rosnoetic/rm_shaobing_vision/install/armor_tracker/include/armor_tracker/tracker.hpp
[1.504s] -- Up-to-date: /home/rosnoetic/rm_shaobing_vision/install/armor_tracker/include/armor_tracker/extended_kalman_filter.hpp
[1.504s] -- Up-to-date: /home/rosnoetic/rm_shaobing_vision/install/armor_tracker/include/armor_tracker/tracker_node.hpp
[1.505s] -- Up-to-date: /home/rosnoetic/rm_shaobing_vision/install/armor_tracker/share/armor_tracker/environment/library_path.sh
[1.505s] -- Up-to-date: /home/rosnoetic/rm_shaobing_vision/install/armor_tracker/share/armor_tracker/environment/library_path.dsv
[1.508s] -- Up-to-date: /home/rosnoetic/rm_shaobing_vision/install/armor_tracker/lib/libarmor_tracker.so
[1.509s] -- Up-to-date: /home/rosnoetic/rm_shaobing_vision/install/armor_tracker/share/ament_index/resource_index/package_run_dependencies/armor_tracker
[1.509s] -- Up-to-date: /home/rosnoetic/rm_shaobing_vision/install/armor_tracker/share/ament_index/resource_index/parent_prefix_path/armor_tracker
[1.509s] -- Up-to-date: /home/rosnoetic/rm_shaobing_vision/install/armor_tracker/share/armor_tracker/environment/ament_prefix_path.sh
[1.510s] -- Up-to-date: /home/rosnoetic/rm_shaobing_vision/install/armor_tracker/share/armor_tracker/environment/ament_prefix_path.dsv
[1.510s] -- Up-to-date: /home/rosnoetic/rm_shaobing_vision/install/armor_tracker/share/armor_tracker/environment/path.sh
[1.513s] -- Up-to-date: /home/rosnoetic/rm_shaobing_vision/install/armor_tracker/share/armor_tracker/environment/path.dsv
[1.513s] -- Up-to-date: /home/rosnoetic/rm_shaobing_vision/install/armor_tracker/share/armor_tracker/local_setup.bash
[1.513s] -- Up-to-date: /home/rosnoetic/rm_shaobing_vision/install/armor_tracker/share/armor_tracker/local_setup.sh
[1.514s] -- Up-to-date: /home/rosnoetic/rm_shaobing_vision/install/armor_tracker/share/armor_tracker/local_setup.zsh
[1.514s] -- Up-to-date: /home/rosnoetic/rm_shaobing_vision/install/armor_tracker/share/armor_tracker/local_setup.dsv
[1.518s] -- Installing: /home/rosnoetic/rm_shaobing_vision/install/armor_tracker/share/armor_tracker/package.dsv
[1.519s] -- Up-to-date: /home/rosnoetic/rm_shaobing_vision/install/armor_tracker/share/ament_index/resource_index/packages/armor_tracker
[1.519s] -- Up-to-date: /home/rosnoetic/rm_shaobing_vision/install/armor_tracker/share/ament_index/resource_index/rclcpp_components/armor_tracker
[1.520s] -- Up-to-date: /home/rosnoetic/rm_shaobing_vision/install/armor_tracker/share/armor_tracker/cmake/ament_cmake_export_dependencies-extras.cmake
[1.520s] -- Up-to-date: /home/rosnoetic/rm_shaobing_vision/install/armor_tracker/share/armor_tracker/cmake/ament_cmake_export_include_directories-extras.cmake
[1.520s] -- Up-to-date: /home/rosnoetic/rm_shaobing_vision/install/armor_tracker/share/armor_tracker/cmake/ament_cmake_export_libraries-extras.cmake
[1.521s] -- Up-to-date: /home/rosnoetic/rm_shaobing_vision/install/armor_tracker/share/armor_tracker/cmake/armor_trackerConfig.cmake
[1.521s] -- Up-to-date: /home/rosnoetic/rm_shaobing_vision/install/armor_tracker/share/armor_tracker/cmake/armor_trackerConfig-version.cmake
[1.522s] -- Up-to-date: /home/rosnoetic/rm_shaobing_vision/install/armor_tracker/share/armor_tracker/package.xml
[1.539s] Invoked command in '/home/rosnoetic/rm_shaobing_vision/build/armor_tracker' returned '0': AMENT_PREFIX_PATH=/home/rosnoetic/rm_shaobing_vision/install/auto_aim_interfaces:${AMENT_PREFIX_PATH} CMAKE_PREFIX_PATH=/home/rosnoetic/rm_shaobing_vision/install/auto_aim_interfaces:/home/rosnoetic/ros_ws/install/rm_vision_bringup:/home/rosnoetic/ros_ws/install/rm_serial_driver:/home/rosnoetic/ros_ws/install/rm_gimbal_description:/home/rosnoetic/ros_ws/install/hik_camera:/home/rosnoetic/ros_ws/install/armor_tracker:/home/rosnoetic/ros_ws/install/armor_detector:/home/rosnoetic/ros_ws/install/auto_aim_interfaces:/opt/ros/humble LD_LIBRARY_PATH=/home/rosnoetic/rm_shaobing_vision/install/auto_aim_interfaces/lib:/opt/MVS/lib/64:/opt/MVS/lib/32:/opt/MVS/lib/64:/opt/MVS/lib/32:/home/rosnoetic/ros_ws/install/rm_serial_driver/lib:/home/rosnoetic/ros_ws/install/hik_camera/lib:/home/rosnoetic/ros_ws/install/armor_tracker/lib:/home/rosnoetic/ros_ws/install/armor_detector/lib:/home/rosnoetic/ros_ws/install/auto_aim_interfaces/lib:/usr/lib/x86_64-linux-gnu/gazebo-11/plugins:/opt/ros/humble/opt/rviz_ogre_vendor/lib:/opt/ros/humble/lib/x86_64-linux-gnu:/opt/ros/humble/lib:/opt/MVS/lib/64:/opt/MVS/lib/32:/opt/MVS/lib/64:/opt/MVS/lib/32 PYTHONPATH=/home/rosnoetic/rm_shaobing_vision/install/auto_aim_interfaces/local/lib/python3.10/dist-packages:${PYTHONPATH} /usr/bin/cmake --install /home/rosnoetic/rm_shaobing_vision/build/armor_tracker
