[35m[1mConsolidate compiler generated dependencies of target armor_tracker[0m
[ 33%] Built target armor_tracker_node
[ 50%] [32mBuilding CXX object CMakeFiles/armor_tracker.dir/src/tracker_node.cpp.o[0m
[ 66%] [32mBuilding CXX object CMakeFiles/armor_tracker.dir/src/tracker.cpp.o[0m
[01m[K/home/rosnoetic/rm_shaobing_vision/src/rm_auto_aim/armor_tracker/src/tracker_node.cpp:[m[K In member function ‘[01m[Kvoid rm_auto_aim::ArmorTrackerNode::armorsCallback(auto_aim_interfaces::msg::Armors_<std::allocator<void> >::SharedPtr)[m[K’:
[01m[K/home/rosnoetic/rm_shaobing_vision/src/rm_auto_aim/armor_tracker/src/tracker_node.cpp:241:29:[m[K [01;31m[Kerror: [m[K‘[01m[KTimeSeries[m[K’ is not a member of ‘[01m[Kauto_aim_interfaces::msg[m[K’
  241 |   auto_aim_interfaces::msg::[01;31m[KTimeSeries[m[K ts;
      |                             [01;31m[K^~~~~~~~~~[m[K
[01m[K/home/rosnoetic/rm_shaobing_vision/src/rm_auto_aim/armor_tracker/src/tracker_node.cpp:242:29:[m[K [01;31m[Kerror: [m[K‘[01m[KTimeInfo[m[K’ is not a member of ‘[01m[Kauto_aim_interfaces::msg[m[K’
  242 |   auto_aim_interfaces::msg::[01;31m[KTimeInfo[m[K timeinfo;
      |                             [01;31m[K^~~~~~~~[m[K
[01m[K/home/rosnoetic/rm_shaobing_vision/src/rm_auto_aim/armor_tracker/src/tracker_node.cpp:243:20:[m[K [01;31m[Kerror: [m[K‘[01m[Ktimeinfo[m[K’ was not declared in this scope
  243 |   int series_num = [01;31m[Ktimeinfo[m[K.timeseries.size();
      |                    [01;31m[K^~~~~~~~[m[K
[01m[K/home/rosnoetic/rm_shaobing_vision/src/rm_auto_aim/armor_tracker/src/tracker_node.cpp:298:7:[m[K [01;31m[Kerror: [m[K‘[01m[Kts[m[K’ was not declared in this scope; did you mean ‘[01m[Ktm[m[K’?
  298 |       [01;31m[Kts[m[K.x = target_msg.position.x;
      |       [01;31m[K^~[m[K
      |       [32m[Ktm[m[K
gmake[2]: *** [CMakeFiles/armor_tracker.dir/build.make:104：CMakeFiles/armor_tracker.dir/src/tracker_node.cpp.o] 错误 1
gmake[1]: *** [CMakeFiles/Makefile2:139：CMakeFiles/armor_tracker.dir/all] 错误 2
gmake: *** [Makefile:146：all] 错误 2
