[0.035s] Invoking command in '/home/rosnoetic/vision_ws/rm_shaobing_vision/build/rm_serial_driver': AMENT_PREFIX_PATH=/home/rosnoetic/vision_ws/rm_shaobing_vision/install/auto_aim_interfaces:${AMENT_PREFIX_PATH} CMAKE_PREFIX_PATH=/home/rosnoetic/vision_ws/rm_shaobing_vision/install/auto_aim_interfaces:/home/rosnoetic/ros_ws/install/rm_vision_bringup:/home/rosnoetic/ros_ws/install/rm_serial_driver:/home/rosnoetic/ros_ws/install/rm_gimbal_description:/home/rosnoetic/ros_ws/install/hik_camera:/home/rosnoetic/ros_ws/install/armor_tracker:/home/rosnoetic/ros_ws/install/armor_detector:/home/rosnoetic/ros_ws/install/auto_aim_interfaces:/opt/ros/humble LD_LIBRARY_PATH=/home/rosnoetic/vision_ws/rm_shaobing_vision/install/auto_aim_interfaces/lib:/opt/MVS/lib/64:/opt/MVS/lib/32:/opt/MVS/lib/64:/opt/MVS/lib/32:/home/rosnoetic/ros_ws/install/rm_serial_driver/lib:/home/rosnoetic/ros_ws/install/hik_camera/lib:/home/rosnoetic/ros_ws/install/armor_tracker/lib:/home/rosnoetic/ros_ws/install/armor_detector/lib:/home/rosnoetic/ros_ws/install/auto_aim_interfaces/lib:/usr/lib/x86_64-linux-gnu/gazebo-11/plugins:/opt/ros/humble/opt/rviz_ogre_vendor/lib:/opt/ros/humble/lib/x86_64-linux-gnu:/opt/ros/humble/lib:/opt/MVS/lib/64:/opt/MVS/lib/32:/opt/MVS/lib/64:/opt/MVS/lib/32 PYTHONPATH=/home/rosnoetic/vision_ws/rm_shaobing_vision/install/auto_aim_interfaces/local/lib/python3.10/dist-packages:${PYTHONPATH} /usr/bin/cmake --build /home/rosnoetic/vision_ws/rm_shaobing_vision/build/rm_serial_driver -- -j16 -l16
[0.084s] -- Found ament_cmake_auto: 1.3.10 (/opt/ros/humble/share/ament_cmake_auto/cmake)
[0.417s] -- Found rosidl_generator_c: 3.1.5 (/opt/ros/humble/share/rosidl_generator_c/cmake)
[0.422s] -- Found rosidl_adapter: 3.1.5 (/opt/ros/humble/share/rosidl_adapter/cmake)
[0.428s] -- Found rosidl_generator_cpp: 3.1.5 (/opt/ros/humble/share/rosidl_generator_cpp/cmake)
[0.438s] -- Using all available rosidl_typesupport_c: rosidl_typesupport_fastrtps_c;rosidl_typesupport_introspection_c
[0.453s] -- Using all available rosidl_typesupport_cpp: rosidl_typesupport_fastrtps_cpp;rosidl_typesupport_introspection_cpp
[0.574s] -- Found rmw_implementation_cmake: 6.1.2 (/opt/ros/humble/share/rmw_implementation_cmake/cmake)
[0.585s] -- Found rmw_fastrtps_cpp: 6.2.7 (/opt/ros/humble/share/rmw_fastrtps_cpp/cmake)
[0.800s] -- Using RMW implementation 'rmw_fastrtps_cpp' as default
[1.303s] -- Found eigen3_cmake_module: 0.1.1 (/opt/ros/humble/share/eigen3_cmake_module/cmake)
[1.303s] -- Ensuring Eigen3 include directory is part of orocos-kdl CMake target
[1.396s] -- Found ament_lint_auto: 0.12.11 (/opt/ros/humble/share/ament_lint_auto/cmake)
[1.411s] -- Added test 'cppcheck' to perform static code analysis on C / C++ code
[1.411s] -- Configured cppcheck include dirs: /home/rosnoetic/vision_ws/rm_shaobing_vision/src/rm_serial_driver/include
[1.411s] -- Configured cppcheck exclude dirs and/or files: 
[1.413s] -- Added test 'cpplint' to check C / C++ code against the Google style
[1.413s] -- Configured cpplint exclude dirs and/or files: 
[1.414s] -- Added test 'flake8' to check Python code syntax and style conventions
[1.414s] -- Added test 'lint_cmake' to check CMake code style
[1.415s] -- Added test 'pep257' to check Python code against some of the docstring style conventions in PEP 257
[1.415s] -- Added test 'xmllint' to check XML markup files
[1.417s] -- Added test 'clang_format' to check C / C++ code style
[1.420s] -- Configuring done
[1.465s] -- Generating done
[1.470s] -- Build files have been written to: /home/rosnoetic/vision_ws/rm_shaobing_vision/build/rm_serial_driver
[1.534s] [35m[1mConsolidate compiler generated dependencies of target rm_serial_driver[0m
[1.547s] [35m[1mConsolidate compiler generated dependencies of target rm_serial_driver_node[0m
[1.591s] [ 20%] [32mBuilding CXX object CMakeFiles/rm_serial_driver.dir/src/rm_serial_driver.cpp.o[0m
[1.599s] [ 60%] Built target rm_serial_driver_node
[40.252s] [ 80%] [32m[1mLinking CXX shared library librm_serial_driver.so[0m
[41.964s] [100%] Built target rm_serial_driver
[41.996s] Invoked command in '/home/rosnoetic/vision_ws/rm_shaobing_vision/build/rm_serial_driver' returned '0': AMENT_PREFIX_PATH=/home/rosnoetic/vision_ws/rm_shaobing_vision/install/auto_aim_interfaces:${AMENT_PREFIX_PATH} CMAKE_PREFIX_PATH=/home/rosnoetic/vision_ws/rm_shaobing_vision/install/auto_aim_interfaces:/home/rosnoetic/ros_ws/install/rm_vision_bringup:/home/rosnoetic/ros_ws/install/rm_serial_driver:/home/rosnoetic/ros_ws/install/rm_gimbal_description:/home/rosnoetic/ros_ws/install/hik_camera:/home/rosnoetic/ros_ws/install/armor_tracker:/home/rosnoetic/ros_ws/install/armor_detector:/home/rosnoetic/ros_ws/install/auto_aim_interfaces:/opt/ros/humble LD_LIBRARY_PATH=/home/rosnoetic/vision_ws/rm_shaobing_vision/install/auto_aim_interfaces/lib:/opt/MVS/lib/64:/opt/MVS/lib/32:/opt/MVS/lib/64:/opt/MVS/lib/32:/home/rosnoetic/ros_ws/install/rm_serial_driver/lib:/home/rosnoetic/ros_ws/install/hik_camera/lib:/home/rosnoetic/ros_ws/install/armor_tracker/lib:/home/rosnoetic/ros_ws/install/armor_detector/lib:/home/rosnoetic/ros_ws/install/auto_aim_interfaces/lib:/usr/lib/x86_64-linux-gnu/gazebo-11/plugins:/opt/ros/humble/opt/rviz_ogre_vendor/lib:/opt/ros/humble/lib/x86_64-linux-gnu:/opt/ros/humble/lib:/opt/MVS/lib/64:/opt/MVS/lib/32:/opt/MVS/lib/64:/opt/MVS/lib/32 PYTHONPATH=/home/rosnoetic/vision_ws/rm_shaobing_vision/install/auto_aim_interfaces/local/lib/python3.10/dist-packages:${PYTHONPATH} /usr/bin/cmake --build /home/rosnoetic/vision_ws/rm_shaobing_vision/build/rm_serial_driver -- -j16 -l16
[42.119s] Invoking command in '/home/rosnoetic/vision_ws/rm_shaobing_vision/build/rm_serial_driver': AMENT_PREFIX_PATH=/home/rosnoetic/vision_ws/rm_shaobing_vision/install/auto_aim_interfaces:${AMENT_PREFIX_PATH} CMAKE_PREFIX_PATH=/home/rosnoetic/vision_ws/rm_shaobing_vision/install/auto_aim_interfaces:/home/rosnoetic/ros_ws/install/rm_vision_bringup:/home/rosnoetic/ros_ws/install/rm_serial_driver:/home/rosnoetic/ros_ws/install/rm_gimbal_description:/home/rosnoetic/ros_ws/install/hik_camera:/home/rosnoetic/ros_ws/install/armor_tracker:/home/rosnoetic/ros_ws/install/armor_detector:/home/rosnoetic/ros_ws/install/auto_aim_interfaces:/opt/ros/humble LD_LIBRARY_PATH=/home/rosnoetic/vision_ws/rm_shaobing_vision/install/auto_aim_interfaces/lib:/opt/MVS/lib/64:/opt/MVS/lib/32:/opt/MVS/lib/64:/opt/MVS/lib/32:/home/rosnoetic/ros_ws/install/rm_serial_driver/lib:/home/rosnoetic/ros_ws/install/hik_camera/lib:/home/rosnoetic/ros_ws/install/armor_tracker/lib:/home/rosnoetic/ros_ws/install/armor_detector/lib:/home/rosnoetic/ros_ws/install/auto_aim_interfaces/lib:/usr/lib/x86_64-linux-gnu/gazebo-11/plugins:/opt/ros/humble/opt/rviz_ogre_vendor/lib:/opt/ros/humble/lib/x86_64-linux-gnu:/opt/ros/humble/lib:/opt/MVS/lib/64:/opt/MVS/lib/32:/opt/MVS/lib/64:/opt/MVS/lib/32 PYTHONPATH=/home/rosnoetic/vision_ws/rm_shaobing_vision/install/auto_aim_interfaces/local/lib/python3.10/dist-packages:${PYTHONPATH} /usr/bin/cmake --install /home/rosnoetic/vision_ws/rm_shaobing_vision/build/rm_serial_driver
[42.146s] -- Install configuration: ""
[42.158s] -- Up-to-date: /home/rosnoetic/vision_ws/rm_shaobing_vision/install/rm_serial_driver/lib/rm_serial_driver/rm_serial_driver_node
[42.161s] -- Up-to-date: /home/rosnoetic/vision_ws/rm_shaobing_vision/install/rm_serial_driver/include
[42.164s] -- Up-to-date: /home/rosnoetic/vision_ws/rm_shaobing_vision/install/rm_serial_driver/include/rm_serial_driver
[42.166s] -- Up-to-date: /home/rosnoetic/vision_ws/rm_shaobing_vision/install/rm_serial_driver/include/rm_serial_driver/crc.hpp
[42.167s] -- Up-to-date: /home/rosnoetic/vision_ws/rm_shaobing_vision/install/rm_serial_driver/include/rm_serial_driver/packet.hpp
[42.167s] -- Up-to-date: /home/rosnoetic/vision_ws/rm_shaobing_vision/install/rm_serial_driver/include/rm_serial_driver/rm_serial_driver.hpp
[42.181s] -- Installing: /home/rosnoetic/vision_ws/rm_shaobing_vision/install/rm_serial_driver/share/rm_serial_driver/environment/library_path.dsv
[42.186s] -- Installing: /home/rosnoetic/vision_ws/rm_shaobing_vision/install/rm_serial_driver/lib/librm_serial_driver.so
[42.204s] -- Set runtime path of "/home/rosnoetic/vision_ws/rm_shaobing_vision/install/rm_serial_driver/lib/librm_serial_driver.so" to ""
[42.204s] -- Up-to-date: /home/rosnoetic/vision_ws/rm_shaobing_vision/install/rm_serial_driver/share/rm_serial_driver/config
[42.207s] -- Up-to-date: /home/rosnoetic/vision_ws/rm_shaobing_vision/install/rm_serial_driver/share/rm_serial_driver/config/serial_driver.yaml
[42.207s] -- Up-to-date: /home/rosnoetic/vision_ws/rm_shaobing_vision/install/rm_serial_driver/share/rm_serial_driver/launch
[42.210s] -- Up-to-date: /home/rosnoetic/vision_ws/rm_shaobing_vision/install/rm_serial_driver/share/rm_serial_driver/launch/serial_driver.launch.py
[42.219s] -- Up-to-date: /home/rosnoetic/vision_ws/rm_shaobing_vision/install/rm_serial_driver/share/ament_index/resource_index/package_run_dependencies/rm_serial_driver
[42.220s] -- Up-to-date: /home/rosnoetic/vision_ws/rm_shaobing_vision/install/rm_serial_driver/share/ament_index/resource_index/parent_prefix_path/rm_serial_driver
[42.229s] -- Installing: /home/rosnoetic/vision_ws/rm_shaobing_vision/install/rm_serial_driver/share/rm_serial_driver/environment/ament_prefix_path.dsv
[42.233s] -- Installing: /home/rosnoetic/vision_ws/rm_shaobing_vision/install/rm_serial_driver/share/rm_serial_driver/environment/path.dsv
[42.235s] -- Up-to-date: /home/rosnoetic/vision_ws/rm_shaobing_vision/install/rm_serial_driver/share/rm_serial_driver/local_setup.bash
[42.235s] -- Up-to-date: /home/rosnoetic/vision_ws/rm_shaobing_vision/install/rm_serial_driver/share/rm_serial_driver/local_setup.sh
[42.235s] -- Up-to-date: /home/rosnoetic/vision_ws/rm_shaobing_vision/install/rm_serial_driver/share/rm_serial_driver/local_setup.zsh
[42.235s] -- Installing: /home/rosnoetic/vision_ws/rm_shaobing_vision/install/rm_serial_driver/share/rm_serial_driver/local_setup.dsv
[42.238s] -- Installing: /home/rosnoetic/vision_ws/rm_shaobing_vision/install/rm_serial_driver/share/rm_serial_driver/package.dsv
[42.240s] -- Up-to-date: /home/rosnoetic/vision_ws/rm_shaobing_vision/install/rm_serial_driver/share/ament_index/resource_index/packages/rm_serial_driver
[42.241s] -- Up-to-date: /home/rosnoetic/vision_ws/rm_shaobing_vision/install/rm_serial_driver/share/ament_index/resource_index/rclcpp_components/rm_serial_driver
[42.242s] -- Up-to-date: /home/rosnoetic/vision_ws/rm_shaobing_vision/install/rm_serial_driver/share/rm_serial_driver/cmake/ament_cmake_export_dependencies-extras.cmake
[42.242s] -- Up-to-date: /home/rosnoetic/vision_ws/rm_shaobing_vision/install/rm_serial_driver/share/rm_serial_driver/cmake/ament_cmake_export_include_directories-extras.cmake
[42.242s] -- Up-to-date: /home/rosnoetic/vision_ws/rm_shaobing_vision/install/rm_serial_driver/share/rm_serial_driver/cmake/ament_cmake_export_libraries-extras.cmake
[42.242s] -- Up-to-date: /home/rosnoetic/vision_ws/rm_shaobing_vision/install/rm_serial_driver/share/rm_serial_driver/cmake/rm_serial_driverConfig.cmake
[42.242s] -- Up-to-date: /home/rosnoetic/vision_ws/rm_shaobing_vision/install/rm_serial_driver/share/rm_serial_driver/cmake/rm_serial_driverConfig-version.cmake
[42.242s] -- Up-to-date: /home/rosnoetic/vision_ws/rm_shaobing_vision/install/rm_serial_driver/share/rm_serial_driver/package.xml
[42.251s] Invoked command in '/home/rosnoetic/vision_ws/rm_shaobing_vision/build/rm_serial_driver' returned '0': AMENT_PREFIX_PATH=/home/rosnoetic/vision_ws/rm_shaobing_vision/install/auto_aim_interfaces:${AMENT_PREFIX_PATH} CMAKE_PREFIX_PATH=/home/rosnoetic/vision_ws/rm_shaobing_vision/install/auto_aim_interfaces:/home/rosnoetic/ros_ws/install/rm_vision_bringup:/home/rosnoetic/ros_ws/install/rm_serial_driver:/home/rosnoetic/ros_ws/install/rm_gimbal_description:/home/rosnoetic/ros_ws/install/hik_camera:/home/rosnoetic/ros_ws/install/armor_tracker:/home/rosnoetic/ros_ws/install/armor_detector:/home/rosnoetic/ros_ws/install/auto_aim_interfaces:/opt/ros/humble LD_LIBRARY_PATH=/home/rosnoetic/vision_ws/rm_shaobing_vision/install/auto_aim_interfaces/lib:/opt/MVS/lib/64:/opt/MVS/lib/32:/opt/MVS/lib/64:/opt/MVS/lib/32:/home/rosnoetic/ros_ws/install/rm_serial_driver/lib:/home/rosnoetic/ros_ws/install/hik_camera/lib:/home/rosnoetic/ros_ws/install/armor_tracker/lib:/home/rosnoetic/ros_ws/install/armor_detector/lib:/home/rosnoetic/ros_ws/install/auto_aim_interfaces/lib:/usr/lib/x86_64-linux-gnu/gazebo-11/plugins:/opt/ros/humble/opt/rviz_ogre_vendor/lib:/opt/ros/humble/lib/x86_64-linux-gnu:/opt/ros/humble/lib:/opt/MVS/lib/64:/opt/MVS/lib/32:/opt/MVS/lib/64:/opt/MVS/lib/32 PYTHONPATH=/home/rosnoetic/vision_ws/rm_shaobing_vision/install/auto_aim_interfaces/local/lib/python3.10/dist-packages:${PYTHONPATH} /usr/bin/cmake --install /home/rosnoetic/vision_ws/rm_shaobing_vision/build/rm_serial_driver
