[0.009s] Invoking command in '/home/nuc/rm_vision_ws/build/rm_serial_driver': AMENT_PREFIX_PATH=/home/nuc/rm_vision_ws/install/buff_interfaces:/home/nuc/rm_vision_ws/install/auto_aim_interfaces:${AMENT_PREFIX_PATH} CMAKE_PREFIX_PATH=/home/nuc/rm_vision_ws/install/buff_interfaces:/home/nuc/rm_vision_ws/install/auto_aim_interfaces:/opt/ros/humble LD_LIBRARY_PATH=/home/nuc/rm_vision_ws/install/buff_interfaces/lib:/home/nuc/rm_vision_ws/install/auto_aim_interfaces/lib:/opt/MVS/lib/64:/opt/MVS/lib/32:/opt/MVS/lib/64:/opt/MVS/lib/32:/usr/lib/x86_64-linux-gnu/gazebo-11/plugins:/opt/ros/humble/opt/rviz_ogre_vendor/lib:/opt/ros/humble/lib/x86_64-linux-gnu:/opt/ros/humble/opt/openvdb_vendor/lib:/opt/ros/humble/lib:/opt/MVS/lib/64:/opt/MVS/lib/32 PYTHONPATH=/home/nuc/rm_vision_ws/install/buff_interfaces/local/lib/python3.10/dist-packages:/home/nuc/rm_vision_ws/install/auto_aim_interfaces/local/lib/python3.10/dist-packages:${PYTHONPATH} /usr/bin/cmake /home/nuc/rm_vision_ws/src/rm_serial_driver -DAMENT_CMAKE_SYMLINK_INSTALL=1 -DCMAKE_INSTALL_PREFIX=/home/nuc/rm_vision_ws/install/rm_serial_driver
[0.060s] -- The C compiler identification is GNU 11.4.0
[0.113s] -- The CXX compiler identification is GNU 11.4.0
[0.120s] -- Detecting C compiler ABI info
[0.176s] -- Detecting C compiler ABI info - done
[0.182s] -- Check for working C compiler: /usr/bin/cc - skipped
[0.182s] -- Detecting C compile features
[0.183s] -- Detecting C compile features - done
[0.185s] -- Detecting CXX compiler ABI info
[0.253s] -- Detecting CXX compiler ABI info - done
[0.260s] -- Check for working CXX compiler: /usr/bin/c++ - skipped
[0.260s] -- Detecting CXX compile features
[0.261s] -- Detecting CXX compile features - done
[0.263s] -- Found ament_cmake_auto: 1.3.10 (/opt/ros/humble/share/ament_cmake_auto/cmake)
[0.388s] -- Found Python3: /usr/bin/python3 (found version "3.10.12") found components: Interpreter 
[0.439s] -- Override CMake install command with custom implementation using symlinks instead of copying resources
[0.558s] -- Found rosidl_generator_c: 3.1.5 (/opt/ros/humble/share/rosidl_generator_c/cmake)
[0.563s] -- Found rosidl_adapter: 3.1.5 (/opt/ros/humble/share/rosidl_adapter/cmake)
[0.572s] -- Found rosidl_generator_cpp: 3.1.5 (/opt/ros/humble/share/rosidl_generator_cpp/cmake)
[0.585s] -- Using all available rosidl_typesupport_c: rosidl_typesupport_fastrtps_c;rosidl_typesupport_introspection_c
[0.601s] -- Using all available rosidl_typesupport_cpp: rosidl_typesupport_fastrtps_cpp;rosidl_typesupport_introspection_cpp
[0.649s] -- Found rmw_implementation_cmake: 6.1.2 (/opt/ros/humble/share/rmw_implementation_cmake/cmake)
[0.652s] -- Found rmw_fastrtps_cpp: 6.2.7 (/opt/ros/humble/share/rmw_fastrtps_cpp/cmake)
[0.739s] -- Found OpenSSL: /usr/lib/x86_64-linux-gnu/libcrypto.so (found version "3.0.2")  
[0.764s] -- Found FastRTPS: /opt/ros/humble/include  
[0.805s] -- Using RMW implementation 'rmw_fastrtps_cpp' as default
[0.813s] -- Looking for pthread.h
[0.910s] -- Looking for pthread.h - found
[0.911s] -- Performing Test CMAKE_HAVE_LIBC_PTHREAD
[1.037s] -- Performing Test CMAKE_HAVE_LIBC_PTHREAD - Success
[1.037s] -- Found Threads: TRUE  
[1.173s] -- Found asio_cmake_module: 1.2.0 (/opt/ros/humble/share/asio_cmake_module/cmake)
[1.175s] -- Found ASIO: /usr/include  
[1.339s] -- Found eigen3_cmake_module: 0.1.1 (/opt/ros/humble/share/eigen3_cmake_module/cmake)
[1.341s] -- Found Eigen3: TRUE (found version "3.4.0") 
[1.341s] -- Ensuring Eigen3 include directory is part of orocos-kdl CMake target
[1.474s] -- Found ament_lint_auto: 0.12.11 (/opt/ros/humble/share/ament_lint_auto/cmake)
[1.525s] -- Added test 'cppcheck' to perform static code analysis on C / C++ code
[1.525s] -- Configured cppcheck include dirs: /home/nuc/rm_vision_ws/src/rm_serial_driver/include
[1.525s] -- Configured cppcheck exclude dirs and/or files: 
[1.530s] -- Added test 'cpplint' to check C / C++ code against the Google style
[1.531s] -- Configured cpplint exclude dirs and/or files: 
[1.531s] -- Added test 'flake8' to check Python code syntax and style conventions
[1.531s] -- Added test 'lint_cmake' to check CMake code style
[1.531s] -- Added test 'pep257' to check Python code against some of the docstring style conventions in PEP 257
[1.532s] -- Added test 'xmllint' to check XML markup files
[1.536s] -- Added test 'clang_format' to check C / C++ code style
[1.540s] -- Configuring done
[1.579s] -- Generating done
[1.582s] -- Build files have been written to: /home/nuc/rm_vision_ws/build/rm_serial_driver
[1.614s] Invoked command in '/home/nuc/rm_vision_ws/build/rm_serial_driver' returned '0': AMENT_PREFIX_PATH=/home/nuc/rm_vision_ws/install/buff_interfaces:/home/nuc/rm_vision_ws/install/auto_aim_interfaces:${AMENT_PREFIX_PATH} CMAKE_PREFIX_PATH=/home/nuc/rm_vision_ws/install/buff_interfaces:/home/nuc/rm_vision_ws/install/auto_aim_interfaces:/opt/ros/humble LD_LIBRARY_PATH=/home/nuc/rm_vision_ws/install/buff_interfaces/lib:/home/nuc/rm_vision_ws/install/auto_aim_interfaces/lib:/opt/MVS/lib/64:/opt/MVS/lib/32:/opt/MVS/lib/64:/opt/MVS/lib/32:/usr/lib/x86_64-linux-gnu/gazebo-11/plugins:/opt/ros/humble/opt/rviz_ogre_vendor/lib:/opt/ros/humble/lib/x86_64-linux-gnu:/opt/ros/humble/opt/openvdb_vendor/lib:/opt/ros/humble/lib:/opt/MVS/lib/64:/opt/MVS/lib/32 PYTHONPATH=/home/nuc/rm_vision_ws/install/buff_interfaces/local/lib/python3.10/dist-packages:/home/nuc/rm_vision_ws/install/auto_aim_interfaces/local/lib/python3.10/dist-packages:${PYTHONPATH} /usr/bin/cmake /home/nuc/rm_vision_ws/src/rm_serial_driver -DAMENT_CMAKE_SYMLINK_INSTALL=1 -DCMAKE_INSTALL_PREFIX=/home/nuc/rm_vision_ws/install/rm_serial_driver
[1.623s] Invoking command in '/home/nuc/rm_vision_ws/build/rm_serial_driver': AMENT_PREFIX_PATH=/home/nuc/rm_vision_ws/install/buff_interfaces:/home/nuc/rm_vision_ws/install/auto_aim_interfaces:${AMENT_PREFIX_PATH} CMAKE_PREFIX_PATH=/home/nuc/rm_vision_ws/install/buff_interfaces:/home/nuc/rm_vision_ws/install/auto_aim_interfaces:/opt/ros/humble LD_LIBRARY_PATH=/home/nuc/rm_vision_ws/install/buff_interfaces/lib:/home/nuc/rm_vision_ws/install/auto_aim_interfaces/lib:/opt/MVS/lib/64:/opt/MVS/lib/32:/opt/MVS/lib/64:/opt/MVS/lib/32:/usr/lib/x86_64-linux-gnu/gazebo-11/plugins:/opt/ros/humble/opt/rviz_ogre_vendor/lib:/opt/ros/humble/lib/x86_64-linux-gnu:/opt/ros/humble/opt/openvdb_vendor/lib:/opt/ros/humble/lib:/opt/MVS/lib/64:/opt/MVS/lib/32 PYTHONPATH=/home/nuc/rm_vision_ws/install/buff_interfaces/local/lib/python3.10/dist-packages:/home/nuc/rm_vision_ws/install/auto_aim_interfaces/local/lib/python3.10/dist-packages:${PYTHONPATH} /usr/bin/cmake --build /home/nuc/rm_vision_ws/build/rm_serial_driver -- -j16 -l16
[1.797s] [ 20%] [32mBuilding CXX object CMakeFiles/rm_serial_driver_node.dir/rclcpp_components/node_main_rm_serial_driver_node.cpp.o[0m
[1.802s] [ 40%] [32mBuilding CXX object CMakeFiles/rm_serial_driver.dir/src/rm_serial_driver.cpp.o[0m
[1.811s] [ 60%] [32mBuilding CXX object CMakeFiles/rm_serial_driver.dir/src/crc.cpp.o[0m
[10.480s] [ 80%] [32m[1mLinking CXX executable rm_serial_driver_node[0m
[10.683s] [ 80%] Built target rm_serial_driver_node
[41.661s] [ 80%] [32m[1mLinking CXX shared library librm_serial_driver.so[0m
[43.772s] [100%] Built target rm_serial_driver
[43.782s] Invoked command in '/home/nuc/rm_vision_ws/build/rm_serial_driver' returned '0': AMENT_PREFIX_PATH=/home/nuc/rm_vision_ws/install/buff_interfaces:/home/nuc/rm_vision_ws/install/auto_aim_interfaces:${AMENT_PREFIX_PATH} CMAKE_PREFIX_PATH=/home/nuc/rm_vision_ws/install/buff_interfaces:/home/nuc/rm_vision_ws/install/auto_aim_interfaces:/opt/ros/humble LD_LIBRARY_PATH=/home/nuc/rm_vision_ws/install/buff_interfaces/lib:/home/nuc/rm_vision_ws/install/auto_aim_interfaces/lib:/opt/MVS/lib/64:/opt/MVS/lib/32:/opt/MVS/lib/64:/opt/MVS/lib/32:/usr/lib/x86_64-linux-gnu/gazebo-11/plugins:/opt/ros/humble/opt/rviz_ogre_vendor/lib:/opt/ros/humble/lib/x86_64-linux-gnu:/opt/ros/humble/opt/openvdb_vendor/lib:/opt/ros/humble/lib:/opt/MVS/lib/64:/opt/MVS/lib/32 PYTHONPATH=/home/nuc/rm_vision_ws/install/buff_interfaces/local/lib/python3.10/dist-packages:/home/nuc/rm_vision_ws/install/auto_aim_interfaces/local/lib/python3.10/dist-packages:${PYTHONPATH} /usr/bin/cmake --build /home/nuc/rm_vision_ws/build/rm_serial_driver -- -j16 -l16
[43.812s] Invoking command in '/home/nuc/rm_vision_ws/build/rm_serial_driver': AMENT_PREFIX_PATH=/home/nuc/rm_vision_ws/install/buff_interfaces:/home/nuc/rm_vision_ws/install/auto_aim_interfaces:${AMENT_PREFIX_PATH} CMAKE_PREFIX_PATH=/home/nuc/rm_vision_ws/install/buff_interfaces:/home/nuc/rm_vision_ws/install/auto_aim_interfaces:/opt/ros/humble LD_LIBRARY_PATH=/home/nuc/rm_vision_ws/install/buff_interfaces/lib:/home/nuc/rm_vision_ws/install/auto_aim_interfaces/lib:/opt/MVS/lib/64:/opt/MVS/lib/32:/opt/MVS/lib/64:/opt/MVS/lib/32:/usr/lib/x86_64-linux-gnu/gazebo-11/plugins:/opt/ros/humble/opt/rviz_ogre_vendor/lib:/opt/ros/humble/lib/x86_64-linux-gnu:/opt/ros/humble/opt/openvdb_vendor/lib:/opt/ros/humble/lib:/opt/MVS/lib/64:/opt/MVS/lib/32 PYTHONPATH=/home/nuc/rm_vision_ws/install/buff_interfaces/local/lib/python3.10/dist-packages:/home/nuc/rm_vision_ws/install/auto_aim_interfaces/local/lib/python3.10/dist-packages:${PYTHONPATH} /usr/bin/cmake --install /home/nuc/rm_vision_ws/build/rm_serial_driver
[43.819s] -- Install configuration: ""
[43.819s] -- Execute custom install script
[43.819s] -- Symlinking: /home/nuc/rm_vision_ws/install/rm_serial_driver/lib/rm_serial_driver/rm_serial_driver_node
[43.828s] -- Symlinking: /home/nuc/rm_vision_ws/install/rm_serial_driver/include/rm_serial_driver/crc.hpp
[43.835s] -- Symlinking: /home/nuc/rm_vision_ws/install/rm_serial_driver/include/rm_serial_driver/packet.hpp
[43.843s] -- Symlinking: /home/nuc/rm_vision_ws/install/rm_serial_driver/include/rm_serial_driver/rm_serial_driver.hpp
[43.851s] -- Symlinking: /home/nuc/rm_vision_ws/install/rm_serial_driver/share/rm_serial_driver/environment/library_path.sh
[43.859s] -- Symlinking: /home/nuc/rm_vision_ws/install/rm_serial_driver/share/rm_serial_driver/environment/library_path.dsv
[43.868s] -- Symlinking: /home/nuc/rm_vision_ws/install/rm_serial_driver/lib/librm_serial_driver.so
[43.878s] -- Symlinking: /home/nuc/rm_vision_ws/install/rm_serial_driver/share/rm_serial_driver/config/serial_driver.yaml
[43.887s] -- Symlinking: /home/nuc/rm_vision_ws/install/rm_serial_driver/share/rm_serial_driver/launch/serial_driver.launch.py
[43.894s] -- Symlinking: /home/nuc/rm_vision_ws/install/rm_serial_driver/share/ament_index/resource_index/package_run_dependencies/rm_serial_driver
[43.903s] -- Symlinking: /home/nuc/rm_vision_ws/install/rm_serial_driver/share/ament_index/resource_index/parent_prefix_path/rm_serial_driver
[43.910s] -- Symlinking: /home/nuc/rm_vision_ws/install/rm_serial_driver/share/rm_serial_driver/environment/ament_prefix_path.sh
[43.920s] -- Symlinking: /home/nuc/rm_vision_ws/install/rm_serial_driver/share/rm_serial_driver/environment/ament_prefix_path.dsv
[43.929s] -- Symlinking: /home/nuc/rm_vision_ws/install/rm_serial_driver/share/rm_serial_driver/environment/path.sh
[43.938s] -- Symlinking: /home/nuc/rm_vision_ws/install/rm_serial_driver/share/rm_serial_driver/environment/path.dsv
[43.947s] -- Symlinking: /home/nuc/rm_vision_ws/install/rm_serial_driver/share/rm_serial_driver/local_setup.bash
[43.954s] -- Symlinking: /home/nuc/rm_vision_ws/install/rm_serial_driver/share/rm_serial_driver/local_setup.sh
[43.962s] -- Symlinking: /home/nuc/rm_vision_ws/install/rm_serial_driver/share/rm_serial_driver/local_setup.zsh
[43.970s] -- Symlinking: /home/nuc/rm_vision_ws/install/rm_serial_driver/share/rm_serial_driver/local_setup.dsv
[43.977s] -- Symlinking: /home/nuc/rm_vision_ws/install/rm_serial_driver/share/rm_serial_driver/package.dsv
[43.987s] -- Symlinking: /home/nuc/rm_vision_ws/install/rm_serial_driver/share/ament_index/resource_index/packages/rm_serial_driver
[43.995s] -- Symlinking: /home/nuc/rm_vision_ws/install/rm_serial_driver/share/ament_index/resource_index/rclcpp_components/rm_serial_driver
[44.004s] -- Symlinking: /home/nuc/rm_vision_ws/install/rm_serial_driver/share/rm_serial_driver/cmake/ament_cmake_export_dependencies-extras.cmake
[44.011s] -- Symlinking: /home/nuc/rm_vision_ws/install/rm_serial_driver/share/rm_serial_driver/cmake/ament_cmake_export_include_directories-extras.cmake
[44.021s] -- Symlinking: /home/nuc/rm_vision_ws/install/rm_serial_driver/share/rm_serial_driver/cmake/ament_cmake_export_libraries-extras.cmake
[44.029s] -- Symlinking: /home/nuc/rm_vision_ws/install/rm_serial_driver/share/rm_serial_driver/cmake/rm_serial_driverConfig.cmake
[44.038s] -- Symlinking: /home/nuc/rm_vision_ws/install/rm_serial_driver/share/rm_serial_driver/cmake/rm_serial_driverConfig-version.cmake
[44.047s] -- Symlinking: /home/nuc/rm_vision_ws/install/rm_serial_driver/share/rm_serial_driver/package.xml
[44.058s] Invoked command in '/home/nuc/rm_vision_ws/build/rm_serial_driver' returned '0': AMENT_PREFIX_PATH=/home/nuc/rm_vision_ws/install/buff_interfaces:/home/nuc/rm_vision_ws/install/auto_aim_interfaces:${AMENT_PREFIX_PATH} CMAKE_PREFIX_PATH=/home/nuc/rm_vision_ws/install/buff_interfaces:/home/nuc/rm_vision_ws/install/auto_aim_interfaces:/opt/ros/humble LD_LIBRARY_PATH=/home/nuc/rm_vision_ws/install/buff_interfaces/lib:/home/nuc/rm_vision_ws/install/auto_aim_interfaces/lib:/opt/MVS/lib/64:/opt/MVS/lib/32:/opt/MVS/lib/64:/opt/MVS/lib/32:/usr/lib/x86_64-linux-gnu/gazebo-11/plugins:/opt/ros/humble/opt/rviz_ogre_vendor/lib:/opt/ros/humble/lib/x86_64-linux-gnu:/opt/ros/humble/opt/openvdb_vendor/lib:/opt/ros/humble/lib:/opt/MVS/lib/64:/opt/MVS/lib/32 PYTHONPATH=/home/nuc/rm_vision_ws/install/buff_interfaces/local/lib/python3.10/dist-packages:/home/nuc/rm_vision_ws/install/auto_aim_interfaces/local/lib/python3.10/dist-packages:${PYTHONPATH} /usr/bin/cmake --install /home/nuc/rm_vision_ws/build/rm_serial_driver
