[0.049s] Invoking command in '/home/rosnoetic/vision_ws/rm_shaobing_vision/build/hik_camera': CMAKE_PREFIX_PATH=${CMAKE_PREFIX_PATH}:/home/rosnoetic/ros_ws/install/rm_vision_bringup:/home/rosnoetic/ros_ws/install/rm_serial_driver:/home/rosnoetic/ros_ws/install/rm_gimbal_description:/home/rosnoetic/ros_ws/install/hik_camera:/home/rosnoetic/ros_ws/install/armor_tracker:/home/rosnoetic/ros_ws/install/armor_detector:/home/rosnoetic/ros_ws/install/auto_aim_interfaces:/opt/ros/humble /usr/bin/cmake /home/rosnoetic/vision_ws/rm_shaobing_vision/src/ros2_hik_camera -DCMAKE_INSTALL_PREFIX=/home/rosnoetic/vision_ws/rm_shaobing_vision/install/hik_camera
[0.358s] -- The C compiler identification is GNU 11.4.0
[0.668s] -- The CXX compiler identification is GNU 11.4.0
[0.683s] -- Detecting C compiler ABI info
[0.837s] -- Detecting C compiler ABI info - done
[0.848s] -- Check for working C compiler: /usr/bin/cc - skipped
[0.848s] -- Detecting C compile features
[0.848s] -- Detecting C compile features - done
[0.856s] -- Detecting CXX compiler ABI info
[1.037s] -- Detecting CXX compiler ABI info - done
[1.046s] -- Check for working CXX compiler: /usr/bin/c++ - skipped
[1.046s] -- Detecting CXX compile features
[1.047s] -- Detecting CXX compile features - done
[1.054s] -- Found ament_cmake_auto: 1.3.10 (/opt/ros/humble/share/ament_cmake_auto/cmake)
[1.352s] -- Found Python3: /usr/bin/python3 (found version "3.10.12") found components: Interpreter 
[1.828s] -- Found rosidl_generator_c: 3.1.5 (/opt/ros/humble/share/rosidl_generator_c/cmake)
[1.839s] -- Found rosidl_adapter: 3.1.5 (/opt/ros/humble/share/rosidl_adapter/cmake)
[1.854s] -- Found rosidl_generator_cpp: 3.1.5 (/opt/ros/humble/share/rosidl_generator_cpp/cmake)
[1.873s] -- Using all available rosidl_typesupport_c: rosidl_typesupport_fastrtps_c;rosidl_typesupport_introspection_c
[1.900s] -- Using all available rosidl_typesupport_cpp: rosidl_typesupport_fastrtps_cpp;rosidl_typesupport_introspection_cpp
[2.044s] -- Found rmw_implementation_cmake: 6.1.2 (/opt/ros/humble/share/rmw_implementation_cmake/cmake)
[2.058s] -- Found rmw_fastrtps_cpp: 6.2.7 (/opt/ros/humble/share/rmw_fastrtps_cpp/cmake)
[2.315s] -- Found OpenSSL: /usr/lib/x86_64-linux-gnu/libcrypto.so (found version "3.0.2")  
[2.357s] -- Found FastRTPS: /opt/ros/humble/include  
[2.411s] -- Using RMW implementation 'rmw_fastrtps_cpp' as default
[2.452s] -- Looking for pthread.h
[2.649s] -- Looking for pthread.h - found
[2.649s] -- Performing Test CMAKE_HAVE_LIBC_PTHREAD
[2.827s] -- Performing Test CMAKE_HAVE_LIBC_PTHREAD - Success
[2.829s] -- Found Threads: TRUE  
[3.303s] -- Found ament_lint_auto: 0.12.11 (/opt/ros/humble/share/ament_lint_auto/cmake)
[3.353s] -- Added test 'cppcheck' to perform static code analysis on C / C++ code
[3.353s] -- Configured cppcheck include dirs: /home/rosnoetic/vision_ws/rm_shaobing_vision/src/ros2_hik_camera/hikSDK/include
[3.353s] -- Configured cppcheck exclude dirs and/or files: 
[3.355s] -- Added test 'flake8' to check Python code syntax and style conventions
[3.356s] -- Added test 'lint_cmake' to check CMake code style
[3.357s] -- Added test 'pep257' to check Python code against some of the docstring style conventions in PEP 257
[3.359s] -- Added test 'xmllint' to check XML markup files
[3.365s] -- Configuring done
[3.386s] -- Generating done
[3.389s] -- Build files have been written to: /home/rosnoetic/vision_ws/rm_shaobing_vision/build/hik_camera
[3.405s] Invoked command in '/home/rosnoetic/vision_ws/rm_shaobing_vision/build/hik_camera' returned '0': CMAKE_PREFIX_PATH=${CMAKE_PREFIX_PATH}:/home/rosnoetic/ros_ws/install/rm_vision_bringup:/home/rosnoetic/ros_ws/install/rm_serial_driver:/home/rosnoetic/ros_ws/install/rm_gimbal_description:/home/rosnoetic/ros_ws/install/hik_camera:/home/rosnoetic/ros_ws/install/armor_tracker:/home/rosnoetic/ros_ws/install/armor_detector:/home/rosnoetic/ros_ws/install/auto_aim_interfaces:/opt/ros/humble /usr/bin/cmake /home/rosnoetic/vision_ws/rm_shaobing_vision/src/ros2_hik_camera -DCMAKE_INSTALL_PREFIX=/home/rosnoetic/vision_ws/rm_shaobing_vision/install/hik_camera
[3.406s] Invoking command in '/home/rosnoetic/vision_ws/rm_shaobing_vision/build/hik_camera': CMAKE_PREFIX_PATH=${CMAKE_PREFIX_PATH}:/home/rosnoetic/ros_ws/install/rm_vision_bringup:/home/rosnoetic/ros_ws/install/rm_serial_driver:/home/rosnoetic/ros_ws/install/rm_gimbal_description:/home/rosnoetic/ros_ws/install/hik_camera:/home/rosnoetic/ros_ws/install/armor_tracker:/home/rosnoetic/ros_ws/install/armor_detector:/home/rosnoetic/ros_ws/install/auto_aim_interfaces:/opt/ros/humble /usr/bin/cmake --build /home/rosnoetic/vision_ws/rm_shaobing_vision/build/hik_camera -- -j16 -l16
[3.511s] [ 25%] [32mBuilding CXX object CMakeFiles/hik_camera_node.dir/rclcpp_components/node_main_hik_camera_node.cpp.o[0m
[3.511s] [ 50%] [32mBuilding CXX object CMakeFiles/hik_camera.dir/src/hik_camera_node.cpp.o[0m
[18.296s] [ 75%] [32m[1mLinking CXX executable hik_camera_node[0m
[18.826s] [100%] [32m[1mLinking CXX shared library libhik_camera.so[0m
[18.916s] [100%] Built target hik_camera_node
[19.172s] [100%] Built target hik_camera
[19.194s] Invoked command in '/home/rosnoetic/vision_ws/rm_shaobing_vision/build/hik_camera' returned '0': CMAKE_PREFIX_PATH=${CMAKE_PREFIX_PATH}:/home/rosnoetic/ros_ws/install/rm_vision_bringup:/home/rosnoetic/ros_ws/install/rm_serial_driver:/home/rosnoetic/ros_ws/install/rm_gimbal_description:/home/rosnoetic/ros_ws/install/hik_camera:/home/rosnoetic/ros_ws/install/armor_tracker:/home/rosnoetic/ros_ws/install/armor_detector:/home/rosnoetic/ros_ws/install/auto_aim_interfaces:/opt/ros/humble /usr/bin/cmake --build /home/rosnoetic/vision_ws/rm_shaobing_vision/build/hik_camera -- -j16 -l16
[19.298s] Invoking command in '/home/rosnoetic/vision_ws/rm_shaobing_vision/build/hik_camera': CMAKE_PREFIX_PATH=${CMAKE_PREFIX_PATH}:/home/rosnoetic/ros_ws/install/rm_vision_bringup:/home/rosnoetic/ros_ws/install/rm_serial_driver:/home/rosnoetic/ros_ws/install/rm_gimbal_description:/home/rosnoetic/ros_ws/install/hik_camera:/home/rosnoetic/ros_ws/install/armor_tracker:/home/rosnoetic/ros_ws/install/armor_detector:/home/rosnoetic/ros_ws/install/auto_aim_interfaces:/opt/ros/humble /usr/bin/cmake --install /home/rosnoetic/vision_ws/rm_shaobing_vision/build/hik_camera
[19.314s] -- Install configuration: ""
[19.314s] -- Up-to-date: /home/rosnoetic/vision_ws/rm_shaobing_vision/install/hik_camera/lib
[19.314s] -- Installing: /home/rosnoetic/vision_ws/rm_shaobing_vision/install/hik_camera/lib/libMvUsb3vTL.so
[19.327s] -- Installing: /home/rosnoetic/vision_ws/rm_shaobing_vision/install/hik_camera/lib/libFormatConversion.so
[19.328s] -- Installing: /home/rosnoetic/vision_ws/rm_shaobing_vision/install/hik_camera/lib/libMvCameraControl.so
[19.342s] -- Installing: /home/rosnoetic/vision_ws/rm_shaobing_vision/install/hik_camera/lib/libMVRender.so
[19.343s] -- Installing: /home/rosnoetic/vision_ws/rm_shaobing_vision/install/hik_camera/lib/libMediaProcess.so
[19.349s] -- Installing: /home/rosnoetic/vision_ws/rm_shaobing_vision/install/hik_camera/lib/hik_camera/hik_camera_node
[19.350s] -- Set runtime path of "/home/rosnoetic/vision_ws/rm_shaobing_vision/install/hik_camera/lib/hik_camera/hik_camera_node" to ""
[19.351s] -- Installing: /home/rosnoetic/vision_ws/rm_shaobing_vision/install/hik_camera/share/hik_camera/environment/library_path.dsv
[19.351s] -- Installing: /home/rosnoetic/vision_ws/rm_shaobing_vision/install/hik_camera/lib/libhik_camera.so
[19.352s] -- Set runtime path of "/home/rosnoetic/vision_ws/rm_shaobing_vision/install/hik_camera/lib/libhik_camera.so" to ""
[19.352s] -- Up-to-date: /home/rosnoetic/vision_ws/rm_shaobing_vision/install/hik_camera/share/hik_camera/config
[19.352s] -- Installing: /home/rosnoetic/vision_ws/rm_shaobing_vision/install/hik_camera/share/hik_camera/config/camera_info.yaml
[19.353s] -- Installing: /home/rosnoetic/vision_ws/rm_shaobing_vision/install/hik_camera/share/hik_camera/config/camera_params.yaml
[19.353s] -- Up-to-date: /home/rosnoetic/vision_ws/rm_shaobing_vision/install/hik_camera/share/hik_camera/launch
[19.353s] -- Installing: /home/rosnoetic/vision_ws/rm_shaobing_vision/install/hik_camera/share/hik_camera/launch/hik_camera.launch.py
[19.354s] -- Installing: /home/rosnoetic/vision_ws/rm_shaobing_vision/install/hik_camera/share/ament_index/resource_index/package_run_dependencies/hik_camera
[19.354s] -- Installing: /home/rosnoetic/vision_ws/rm_shaobing_vision/install/hik_camera/share/ament_index/resource_index/parent_prefix_path/hik_camera
[19.355s] -- Installing: /home/rosnoetic/vision_ws/rm_shaobing_vision/install/hik_camera/share/hik_camera/environment/ament_prefix_path.dsv
[19.355s] -- Installing: /home/rosnoetic/vision_ws/rm_shaobing_vision/install/hik_camera/share/hik_camera/environment/path.dsv
[19.355s] -- Installing: /home/rosnoetic/vision_ws/rm_shaobing_vision/install/hik_camera/share/hik_camera/local_setup.bash
[19.355s] -- Installing: /home/rosnoetic/vision_ws/rm_shaobing_vision/install/hik_camera/share/hik_camera/local_setup.sh
[19.356s] -- Installing: /home/rosnoetic/vision_ws/rm_shaobing_vision/install/hik_camera/share/hik_camera/local_setup.zsh
[19.356s] -- Installing: /home/rosnoetic/vision_ws/rm_shaobing_vision/install/hik_camera/share/hik_camera/local_setup.dsv
[19.356s] -- Installing: /home/rosnoetic/vision_ws/rm_shaobing_vision/install/hik_camera/share/hik_camera/package.dsv
[19.356s] -- Installing: /home/rosnoetic/vision_ws/rm_shaobing_vision/install/hik_camera/share/ament_index/resource_index/packages/hik_camera
[19.357s] -- Installing: /home/rosnoetic/vision_ws/rm_shaobing_vision/install/hik_camera/share/ament_index/resource_index/rclcpp_components/hik_camera
[19.357s] -- Installing: /home/rosnoetic/vision_ws/rm_shaobing_vision/install/hik_camera/share/hik_camera/cmake/ament_cmake_export_dependencies-extras.cmake
[19.357s] -- Installing: /home/rosnoetic/vision_ws/rm_shaobing_vision/install/hik_camera/share/hik_camera/cmake/ament_cmake_export_libraries-extras.cmake
[19.357s] -- Installing: /home/rosnoetic/vision_ws/rm_shaobing_vision/install/hik_camera/share/hik_camera/cmake/hik_cameraConfig.cmake
[19.358s] -- Installing: /home/rosnoetic/vision_ws/rm_shaobing_vision/install/hik_camera/share/hik_camera/cmake/hik_cameraConfig-version.cmake
[19.359s] -- Installing: /home/rosnoetic/vision_ws/rm_shaobing_vision/install/hik_camera/share/hik_camera/package.xml
[19.361s] Invoked command in '/home/rosnoetic/vision_ws/rm_shaobing_vision/build/hik_camera' returned '0': CMAKE_PREFIX_PATH=${CMAKE_PREFIX_PATH}:/home/rosnoetic/ros_ws/install/rm_vision_bringup:/home/rosnoetic/ros_ws/install/rm_serial_driver:/home/rosnoetic/ros_ws/install/rm_gimbal_description:/home/rosnoetic/ros_ws/install/hik_camera:/home/rosnoetic/ros_ws/install/armor_tracker:/home/rosnoetic/ros_ws/install/armor_detector:/home/rosnoetic/ros_ws/install/auto_aim_interfaces:/opt/ros/humble /usr/bin/cmake --install /home/rosnoetic/vision_ws/rm_shaobing_vision/build/hik_camera
