[0.110s] Invoking command in '/home/rosnoetic/rm_shaobing_vision/build/armor_detector': AMENT_PREFIX_PATH=/home/rosnoetic/rm_shaobing_vision/install/auto_aim_interfaces:${AMENT_PREFIX_PATH} CMAKE_PREFIX_PATH=/home/rosnoetic/rm_shaobing_vision/install/auto_aim_interfaces:/home/rosnoetic/ros_ws/install/rm_vision_bringup:/home/rosnoetic/ros_ws/install/rm_serial_driver:/home/rosnoetic/ros_ws/install/rm_gimbal_description:/home/rosnoetic/ros_ws/install/hik_camera:/home/rosnoetic/ros_ws/install/armor_tracker:/home/rosnoetic/ros_ws/install/armor_detector:/home/rosnoetic/ros_ws/install/auto_aim_interfaces:/opt/ros/humble LD_LIBRARY_PATH=/home/rosnoetic/rm_shaobing_vision/install/auto_aim_interfaces/lib:/opt/MVS/lib/64:/opt/MVS/lib/32:/opt/MVS/lib/64:/opt/MVS/lib/32:/home/rosnoetic/ros_ws/install/rm_serial_driver/lib:/home/rosnoetic/ros_ws/install/hik_camera/lib:/home/rosnoetic/ros_ws/install/armor_tracker/lib:/home/rosnoetic/ros_ws/install/armor_detector/lib:/home/rosnoetic/ros_ws/install/auto_aim_interfaces/lib:/usr/lib/x86_64-linux-gnu/gazebo-11/plugins:/opt/ros/humble/opt/rviz_ogre_vendor/lib:/opt/ros/humble/lib/x86_64-linux-gnu:/opt/ros/humble/lib:/opt/MVS/lib/64:/opt/MVS/lib/32:/opt/MVS/lib/64:/opt/MVS/lib/32 PYTHONPATH=/home/rosnoetic/rm_shaobing_vision/install/auto_aim_interfaces/local/lib/python3.10/dist-packages:${PYTHONPATH} /usr/bin/cmake --build /home/rosnoetic/rm_shaobing_vision/build/armor_detector -- -j16 -l16
[0.695s] [ 33%] Built target armor_detector
[0.743s] [ 46%] Built target armor_detector_node
[0.780s] [ 60%] Built target gtest_main
[0.791s] [ 73%] Built target gtest
[1.049s] [ 86%] Built target test_number_cls
[1.058s] [100%] Built target test_node_startup
[1.146s] Invoked command in '/home/rosnoetic/rm_shaobing_vision/build/armor_detector' returned '0': AMENT_PREFIX_PATH=/home/rosnoetic/rm_shaobing_vision/install/auto_aim_interfaces:${AMENT_PREFIX_PATH} CMAKE_PREFIX_PATH=/home/rosnoetic/rm_shaobing_vision/install/auto_aim_interfaces:/home/rosnoetic/ros_ws/install/rm_vision_bringup:/home/rosnoetic/ros_ws/install/rm_serial_driver:/home/rosnoetic/ros_ws/install/rm_gimbal_description:/home/rosnoetic/ros_ws/install/hik_camera:/home/rosnoetic/ros_ws/install/armor_tracker:/home/rosnoetic/ros_ws/install/armor_detector:/home/rosnoetic/ros_ws/install/auto_aim_interfaces:/opt/ros/humble LD_LIBRARY_PATH=/home/rosnoetic/rm_shaobing_vision/install/auto_aim_interfaces/lib:/opt/MVS/lib/64:/opt/MVS/lib/32:/opt/MVS/lib/64:/opt/MVS/lib/32:/home/rosnoetic/ros_ws/install/rm_serial_driver/lib:/home/rosnoetic/ros_ws/install/hik_camera/lib:/home/rosnoetic/ros_ws/install/armor_tracker/lib:/home/rosnoetic/ros_ws/install/armor_detector/lib:/home/rosnoetic/ros_ws/install/auto_aim_interfaces/lib:/usr/lib/x86_64-linux-gnu/gazebo-11/plugins:/opt/ros/humble/opt/rviz_ogre_vendor/lib:/opt/ros/humble/lib/x86_64-linux-gnu:/opt/ros/humble/lib:/opt/MVS/lib/64:/opt/MVS/lib/32:/opt/MVS/lib/64:/opt/MVS/lib/32 PYTHONPATH=/home/rosnoetic/rm_shaobing_vision/install/auto_aim_interfaces/local/lib/python3.10/dist-packages:${PYTHONPATH} /usr/bin/cmake --build /home/rosnoetic/rm_shaobing_vision/build/armor_detector -- -j16 -l16
[1.881s] Invoking command in '/home/rosnoetic/rm_shaobing_vision/build/armor_detector': AMENT_PREFIX_PATH=/home/rosnoetic/rm_shaobing_vision/install/auto_aim_interfaces:${AMENT_PREFIX_PATH} CMAKE_PREFIX_PATH=/home/rosnoetic/rm_shaobing_vision/install/auto_aim_interfaces:/home/rosnoetic/ros_ws/install/rm_vision_bringup:/home/rosnoetic/ros_ws/install/rm_serial_driver:/home/rosnoetic/ros_ws/install/rm_gimbal_description:/home/rosnoetic/ros_ws/install/hik_camera:/home/rosnoetic/ros_ws/install/armor_tracker:/home/rosnoetic/ros_ws/install/armor_detector:/home/rosnoetic/ros_ws/install/auto_aim_interfaces:/opt/ros/humble LD_LIBRARY_PATH=/home/rosnoetic/rm_shaobing_vision/install/auto_aim_interfaces/lib:/opt/MVS/lib/64:/opt/MVS/lib/32:/opt/MVS/lib/64:/opt/MVS/lib/32:/home/rosnoetic/ros_ws/install/rm_serial_driver/lib:/home/rosnoetic/ros_ws/install/hik_camera/lib:/home/rosnoetic/ros_ws/install/armor_tracker/lib:/home/rosnoetic/ros_ws/install/armor_detector/lib:/home/rosnoetic/ros_ws/install/auto_aim_interfaces/lib:/usr/lib/x86_64-linux-gnu/gazebo-11/plugins:/opt/ros/humble/opt/rviz_ogre_vendor/lib:/opt/ros/humble/lib/x86_64-linux-gnu:/opt/ros/humble/lib:/opt/MVS/lib/64:/opt/MVS/lib/32:/opt/MVS/lib/64:/opt/MVS/lib/32 PYTHONPATH=/home/rosnoetic/rm_shaobing_vision/install/auto_aim_interfaces/local/lib/python3.10/dist-packages:${PYTHONPATH} /usr/bin/cmake --install /home/rosnoetic/rm_shaobing_vision/build/armor_detector
[1.941s] -- Install configuration: ""
[1.944s] -- Up-to-date: /home/rosnoetic/rm_shaobing_vision/install/armor_detector/lib/armor_detector/armor_detector_node
[1.949s] -- Up-to-date: /home/rosnoetic/rm_shaobing_vision/install/armor_detector/include
[1.949s] -- Up-to-date: /home/rosnoetic/rm_shaobing_vision/install/armor_detector/include/armor_detector
[1.949s] -- Up-to-date: /home/rosnoetic/rm_shaobing_vision/install/armor_detector/include/armor_detector/armor.hpp
[1.950s] -- Up-to-date: /home/rosnoetic/rm_shaobing_vision/install/armor_detector/include/armor_detector/number_classifier.hpp
[1.950s] -- Up-to-date: /home/rosnoetic/rm_shaobing_vision/install/armor_detector/include/armor_detector/detector.hpp
[1.950s] -- Up-to-date: /home/rosnoetic/rm_shaobing_vision/install/armor_detector/include/armor_detector/pnp_solver.hpp
[1.951s] -- Up-to-date: /home/rosnoetic/rm_shaobing_vision/install/armor_detector/include/armor_detector/detector_node.hpp
[1.951s] -- Up-to-date: /home/rosnoetic/rm_shaobing_vision/install/armor_detector/share/armor_detector/environment/library_path.sh
[1.951s] -- Up-to-date: /home/rosnoetic/rm_shaobing_vision/install/armor_detector/share/armor_detector/environment/library_path.dsv
[1.956s] -- Up-to-date: /home/rosnoetic/rm_shaobing_vision/install/armor_detector/lib/libarmor_detector.so
[1.957s] -- Up-to-date: /home/rosnoetic/rm_shaobing_vision/install/armor_detector/share/armor_detector/model
[1.957s] -- Up-to-date: /home/rosnoetic/rm_shaobing_vision/install/armor_detector/share/armor_detector/model/label.txt
[1.958s] -- Up-to-date: /home/rosnoetic/rm_shaobing_vision/install/armor_detector/share/armor_detector/model/mlp.onnx
[1.958s] -- Up-to-date: /home/rosnoetic/rm_shaobing_vision/install/armor_detector/share/ament_index/resource_index/package_run_dependencies/armor_detector
[1.959s] -- Up-to-date: /home/rosnoetic/rm_shaobing_vision/install/armor_detector/share/ament_index/resource_index/parent_prefix_path/armor_detector
[1.963s] -- Up-to-date: /home/rosnoetic/rm_shaobing_vision/install/armor_detector/share/armor_detector/environment/ament_prefix_path.sh
[1.964s] -- Up-to-date: /home/rosnoetic/rm_shaobing_vision/install/armor_detector/share/armor_detector/environment/ament_prefix_path.dsv
[1.964s] -- Up-to-date: /home/rosnoetic/rm_shaobing_vision/install/armor_detector/share/armor_detector/environment/path.sh
[1.964s] -- Up-to-date: /home/rosnoetic/rm_shaobing_vision/install/armor_detector/share/armor_detector/environment/path.dsv
[1.966s] -- Up-to-date: /home/rosnoetic/rm_shaobing_vision/install/armor_detector/share/armor_detector/local_setup.bash
[1.968s] -- Up-to-date: /home/rosnoetic/rm_shaobing_vision/install/armor_detector/share/armor_detector/local_setup.sh
[1.968s] -- Up-to-date: /home/rosnoetic/rm_shaobing_vision/install/armor_detector/share/armor_detector/local_setup.zsh
[1.968s] -- Up-to-date: /home/rosnoetic/rm_shaobing_vision/install/armor_detector/share/armor_detector/local_setup.dsv
[1.969s] -- Installing: /home/rosnoetic/rm_shaobing_vision/install/armor_detector/share/armor_detector/package.dsv
[1.969s] -- Up-to-date: /home/rosnoetic/rm_shaobing_vision/install/armor_detector/share/ament_index/resource_index/packages/armor_detector
[1.969s] -- Up-to-date: /home/rosnoetic/rm_shaobing_vision/install/armor_detector/share/ament_index/resource_index/rclcpp_components/armor_detector
[1.969s] -- Up-to-date: /home/rosnoetic/rm_shaobing_vision/install/armor_detector/share/armor_detector/cmake/ament_cmake_export_dependencies-extras.cmake
[1.970s] -- Up-to-date: /home/rosnoetic/rm_shaobing_vision/install/armor_detector/share/armor_detector/cmake/ament_cmake_export_include_directories-extras.cmake
[1.970s] -- Up-to-date: /home/rosnoetic/rm_shaobing_vision/install/armor_detector/share/armor_detector/cmake/ament_cmake_export_libraries-extras.cmake
[1.970s] -- Up-to-date: /home/rosnoetic/rm_shaobing_vision/install/armor_detector/share/armor_detector/cmake/armor_detectorConfig.cmake
[1.971s] -- Up-to-date: /home/rosnoetic/rm_shaobing_vision/install/armor_detector/share/armor_detector/cmake/armor_detectorConfig-version.cmake
[1.971s] -- Up-to-date: /home/rosnoetic/rm_shaobing_vision/install/armor_detector/share/armor_detector/package.xml
[1.980s] Invoked command in '/home/rosnoetic/rm_shaobing_vision/build/armor_detector' returned '0': AMENT_PREFIX_PATH=/home/rosnoetic/rm_shaobing_vision/install/auto_aim_interfaces:${AMENT_PREFIX_PATH} CMAKE_PREFIX_PATH=/home/rosnoetic/rm_shaobing_vision/install/auto_aim_interfaces:/home/rosnoetic/ros_ws/install/rm_vision_bringup:/home/rosnoetic/ros_ws/install/rm_serial_driver:/home/rosnoetic/ros_ws/install/rm_gimbal_description:/home/rosnoetic/ros_ws/install/hik_camera:/home/rosnoetic/ros_ws/install/armor_tracker:/home/rosnoetic/ros_ws/install/armor_detector:/home/rosnoetic/ros_ws/install/auto_aim_interfaces:/opt/ros/humble LD_LIBRARY_PATH=/home/rosnoetic/rm_shaobing_vision/install/auto_aim_interfaces/lib:/opt/MVS/lib/64:/opt/MVS/lib/32:/opt/MVS/lib/64:/opt/MVS/lib/32:/home/rosnoetic/ros_ws/install/rm_serial_driver/lib:/home/rosnoetic/ros_ws/install/hik_camera/lib:/home/rosnoetic/ros_ws/install/armor_tracker/lib:/home/rosnoetic/ros_ws/install/armor_detector/lib:/home/rosnoetic/ros_ws/install/auto_aim_interfaces/lib:/usr/lib/x86_64-linux-gnu/gazebo-11/plugins:/opt/ros/humble/opt/rviz_ogre_vendor/lib:/opt/ros/humble/lib/x86_64-linux-gnu:/opt/ros/humble/lib:/opt/MVS/lib/64:/opt/MVS/lib/32:/opt/MVS/lib/64:/opt/MVS/lib/32 PYTHONPATH=/home/rosnoetic/rm_shaobing_vision/install/auto_aim_interfaces/local/lib/python3.10/dist-packages:${PYTHONPATH} /usr/bin/cmake --install /home/rosnoetic/rm_shaobing_vision/build/armor_detector
