[0.039s] Invoking command in '/home/rosnoetic/vision_ws/rm_shaobing_vision/build/armor_detector': AMENT_PREFIX_PATH=/home/rosnoetic/vision_ws/rm_shaobing_vision/install/auto_aim_interfaces:${AMENT_PREFIX_PATH} CMAKE_PREFIX_PATH=/home/rosnoetic/vision_ws/rm_shaobing_vision/install/auto_aim_interfaces:/home/rosnoetic/vision_ws/rm_shaobing_vision/install/rm_vision_bringup:/home/rosnoetic/vision_ws/rm_shaobing_vision/install/rm_buff_bringup:/home/rosnoetic/vision_ws/rm_shaobing_vision/install/rm_serial_driver:/home/rosnoetic/vision_ws/rm_shaobing_vision/install/rm_gimbal_description:/home/rosnoetic/vision_ws/rm_shaobing_vision/install/rm_buff:/home/rosnoetic/vision_ws/rm_shaobing_vision/install/rm_auto_record:/home/rosnoetic/vision_ws/rm_shaobing_vision/install/rm_auto_aim:/home/rosnoetic/vision_ws/rm_shaobing_vision/install/hik_camera:/home/rosnoetic/vision_ws/rm_shaobing_vision/install/buff_tracker:/home/rosnoetic/vision_ws/rm_shaobing_vision/install/buff_detector:/home/rosnoetic/vision_ws/rm_shaobing_vision/install/buff_interfaces:/home/rosnoetic/vision_ws/rm_shaobing_vision/install/armor_tracker:/home/rosnoetic/vision_ws/rm_shaobing_vision/install/armor_detector:/home/rosnoetic/ros_ws/install/rm_vision_bringup:/home/rosnoetic/ros_ws/install/rm_serial_driver:/home/rosnoetic/ros_ws/install/rm_gimbal_description:/home/rosnoetic/ros_ws/install/hik_camera:/home/rosnoetic/ros_ws/install/armor_tracker:/home/rosnoetic/ros_ws/install/armor_detector:/home/rosnoetic/ros_ws/install/auto_aim_interfaces:/opt/ros/humble LD_LIBRARY_PATH=/home/rosnoetic/vision_ws/rm_shaobing_vision/install/auto_aim_interfaces/lib:/home/rosnoetic/vision_ws/rm_shaobing_vision/install/rm_serial_driver/lib:/home/rosnoetic/vision_ws/rm_shaobing_vision/install/rm_auto_record/lib:/home/rosnoetic/vision_ws/rm_shaobing_vision/install/hik_camera/lib:/home/rosnoetic/vision_ws/rm_shaobing_vision/install/buff_tracker/lib:/home/rosnoetic/vision_ws/rm_shaobing_vision/install/buff_detector/lib:/home/rosnoetic/vision_ws/rm_shaobing_vision/install/buff_interfaces/lib:/home/rosnoetic/vision_ws/rm_shaobing_vision/install/armor_tracker/lib:/home/rosnoetic/vision_ws/rm_shaobing_vision/install/armor_detector/lib:/opt/MVS/lib/64:/opt/MVS/lib/32:/opt/MVS/lib/64:/opt/MVS/lib/32:/home/rosnoetic/ros_ws/install/rm_serial_driver/lib:/home/rosnoetic/ros_ws/install/hik_camera/lib:/home/rosnoetic/ros_ws/install/armor_tracker/lib:/home/rosnoetic/ros_ws/install/armor_detector/lib:/home/rosnoetic/ros_ws/install/auto_aim_interfaces/lib:/usr/lib/x86_64-linux-gnu/gazebo-11/plugins:/opt/ros/humble/opt/rviz_ogre_vendor/lib:/opt/ros/humble/lib/x86_64-linux-gnu:/opt/ros/humble/lib:/opt/MVS/lib/64:/opt/MVS/lib/32:/opt/MVS/lib/64:/opt/MVS/lib/32 PYTHONPATH=/home/rosnoetic/vision_ws/rm_shaobing_vision/install/auto_aim_interfaces/local/lib/python3.10/dist-packages:${PYTHONPATH} /usr/bin/cmake /home/rosnoetic/vision_ws/rm_shaobing_vision/src/rm_auto_aim/armor_detector -DCMAKE_INSTALL_PREFIX=/home/rosnoetic/vision_ws/rm_shaobing_vision/install/armor_detector
[0.149s] -- The C compiler identification is GNU 11.4.0
[0.249s] -- The CXX compiler identification is GNU 11.4.0
[0.262s] -- Detecting C compiler ABI info
[0.403s] -- Detecting C compiler ABI info - done
[0.413s] -- Check for working C compiler: /usr/bin/cc - skipped
[0.413s] -- Detecting C compile features
[0.413s] -- Detecting C compile features - done
[0.417s] -- Detecting CXX compiler ABI info
[0.579s] -- Detecting CXX compiler ABI info - done
[0.590s] -- Check for working CXX compiler: /usr/bin/c++ - skipped
[0.590s] -- Detecting CXX compile features
[0.592s] -- Detecting CXX compile features - done
[0.597s] -- Found ament_cmake_auto: 1.3.10 (/opt/ros/humble/share/ament_cmake_auto/cmake)
[0.932s] -- Found Python3: /usr/bin/python3 (found version "3.10.12") found components: Interpreter 
[1.140s] -- Found OpenCV: /usr (found version "4.5.4") 
[1.332s] -- Found rosidl_generator_c: 3.1.5 (/opt/ros/humble/share/rosidl_generator_c/cmake)
[1.344s] -- Found rosidl_adapter: 3.1.5 (/opt/ros/humble/share/rosidl_adapter/cmake)
[1.362s] -- Found rosidl_generator_cpp: 3.1.5 (/opt/ros/humble/share/rosidl_generator_cpp/cmake)
[1.383s] -- Using all available rosidl_typesupport_c: rosidl_typesupport_fastrtps_c;rosidl_typesupport_introspection_c
[1.413s] -- Using all available rosidl_typesupport_cpp: rosidl_typesupport_fastrtps_cpp;rosidl_typesupport_introspection_cpp
[1.487s] -- Found rmw_implementation_cmake: 6.1.2 (/opt/ros/humble/share/rmw_implementation_cmake/cmake)
[1.493s] -- Found rmw_fastrtps_cpp: 6.2.7 (/opt/ros/humble/share/rmw_fastrtps_cpp/cmake)
[1.692s] -- Found OpenSSL: /usr/lib/x86_64-linux-gnu/libcrypto.so (found version "3.0.2")  
[1.734s] -- Found FastRTPS: /opt/ros/humble/include  
[1.795s] -- Using RMW implementation 'rmw_fastrtps_cpp' as default
[1.814s] -- Looking for pthread.h
[1.959s] -- Looking for pthread.h - found
[1.960s] -- Performing Test CMAKE_HAVE_LIBC_PTHREAD
[2.109s] -- Performing Test CMAKE_HAVE_LIBC_PTHREAD - Success
[2.110s] -- Found Threads: TRUE  
[2.410s] -- Found eigen3_cmake_module: 0.1.1 (/opt/ros/humble/share/eigen3_cmake_module/cmake)
[2.412s] -- Found Eigen3: TRUE (found version "3.4.0") 
[2.413s] -- Ensuring Eigen3 include directory is part of orocos-kdl CMake target
[2.536s] -- Found ament_lint_auto: 0.12.11 (/opt/ros/humble/share/ament_lint_auto/cmake)
[2.590s] -- Found ament_cmake_gtest: 1.3.10 (/opt/ros/humble/share/ament_cmake_gtest/cmake)
[2.631s] -- Found gtest sources under '/opt/ros/humble/src/gtest_vendor': C++ tests using 'Google Test' will be built
[2.675s] -- Added test 'cppcheck' to perform static code analysis on C / C++ code
[2.675s] -- Configured cppcheck include dirs: /home/rosnoetic/vision_ws/rm_shaobing_vision/src/rm_auto_aim/armor_detector/include
[2.676s] -- Configured cppcheck exclude dirs and/or files: 
[2.676s] -- Added test 'lint_cmake' to check CMake code style
[2.676s] -- Added test 'xmllint' to check XML markup files
[2.676s] -- Added test 'clang_format' to check C / C++ code style
[2.676s] -- Configuring done
[2.745s] -- Generating done
[2.745s] -- Build files have been written to: /home/rosnoetic/vision_ws/rm_shaobing_vision/build/armor_detector
[2.777s] Invoked command in '/home/rosnoetic/vision_ws/rm_shaobing_vision/build/armor_detector' returned '0': AMENT_PREFIX_PATH=/home/rosnoetic/vision_ws/rm_shaobing_vision/install/auto_aim_interfaces:${AMENT_PREFIX_PATH} CMAKE_PREFIX_PATH=/home/rosnoetic/vision_ws/rm_shaobing_vision/install/auto_aim_interfaces:/home/rosnoetic/vision_ws/rm_shaobing_vision/install/rm_vision_bringup:/home/rosnoetic/vision_ws/rm_shaobing_vision/install/rm_buff_bringup:/home/rosnoetic/vision_ws/rm_shaobing_vision/install/rm_serial_driver:/home/rosnoetic/vision_ws/rm_shaobing_vision/install/rm_gimbal_description:/home/rosnoetic/vision_ws/rm_shaobing_vision/install/rm_buff:/home/rosnoetic/vision_ws/rm_shaobing_vision/install/rm_auto_record:/home/rosnoetic/vision_ws/rm_shaobing_vision/install/rm_auto_aim:/home/rosnoetic/vision_ws/rm_shaobing_vision/install/hik_camera:/home/rosnoetic/vision_ws/rm_shaobing_vision/install/buff_tracker:/home/rosnoetic/vision_ws/rm_shaobing_vision/install/buff_detector:/home/rosnoetic/vision_ws/rm_shaobing_vision/install/buff_interfaces:/home/rosnoetic/vision_ws/rm_shaobing_vision/install/armor_tracker:/home/rosnoetic/vision_ws/rm_shaobing_vision/install/armor_detector:/home/rosnoetic/ros_ws/install/rm_vision_bringup:/home/rosnoetic/ros_ws/install/rm_serial_driver:/home/rosnoetic/ros_ws/install/rm_gimbal_description:/home/rosnoetic/ros_ws/install/hik_camera:/home/rosnoetic/ros_ws/install/armor_tracker:/home/rosnoetic/ros_ws/install/armor_detector:/home/rosnoetic/ros_ws/install/auto_aim_interfaces:/opt/ros/humble LD_LIBRARY_PATH=/home/rosnoetic/vision_ws/rm_shaobing_vision/install/auto_aim_interfaces/lib:/home/rosnoetic/vision_ws/rm_shaobing_vision/install/rm_serial_driver/lib:/home/rosnoetic/vision_ws/rm_shaobing_vision/install/rm_auto_record/lib:/home/rosnoetic/vision_ws/rm_shaobing_vision/install/hik_camera/lib:/home/rosnoetic/vision_ws/rm_shaobing_vision/install/buff_tracker/lib:/home/rosnoetic/vision_ws/rm_shaobing_vision/install/buff_detector/lib:/home/rosnoetic/vision_ws/rm_shaobing_vision/install/buff_interfaces/lib:/home/rosnoetic/vision_ws/rm_shaobing_vision/install/armor_tracker/lib:/home/rosnoetic/vision_ws/rm_shaobing_vision/install/armor_detector/lib:/opt/MVS/lib/64:/opt/MVS/lib/32:/opt/MVS/lib/64:/opt/MVS/lib/32:/home/rosnoetic/ros_ws/install/rm_serial_driver/lib:/home/rosnoetic/ros_ws/install/hik_camera/lib:/home/rosnoetic/ros_ws/install/armor_tracker/lib:/home/rosnoetic/ros_ws/install/armor_detector/lib:/home/rosnoetic/ros_ws/install/auto_aim_interfaces/lib:/usr/lib/x86_64-linux-gnu/gazebo-11/plugins:/opt/ros/humble/opt/rviz_ogre_vendor/lib:/opt/ros/humble/lib/x86_64-linux-gnu:/opt/ros/humble/lib:/opt/MVS/lib/64:/opt/MVS/lib/32:/opt/MVS/lib/64:/opt/MVS/lib/32 PYTHONPATH=/home/rosnoetic/vision_ws/rm_shaobing_vision/install/auto_aim_interfaces/local/lib/python3.10/dist-packages:${PYTHONPATH} /usr/bin/cmake /home/rosnoetic/vision_ws/rm_shaobing_vision/src/rm_auto_aim/armor_detector -DCMAKE_INSTALL_PREFIX=/home/rosnoetic/vision_ws/rm_shaobing_vision/install/armor_detector
[2.802s] Invoking command in '/home/rosnoetic/vision_ws/rm_shaobing_vision/build/armor_detector': AMENT_PREFIX_PATH=/home/rosnoetic/vision_ws/rm_shaobing_vision/install/auto_aim_interfaces:${AMENT_PREFIX_PATH} CMAKE_PREFIX_PATH=/home/rosnoetic/vision_ws/rm_shaobing_vision/install/auto_aim_interfaces:/home/rosnoetic/vision_ws/rm_shaobing_vision/install/rm_vision_bringup:/home/rosnoetic/vision_ws/rm_shaobing_vision/install/rm_buff_bringup:/home/rosnoetic/vision_ws/rm_shaobing_vision/install/rm_serial_driver:/home/rosnoetic/vision_ws/rm_shaobing_vision/install/rm_gimbal_description:/home/rosnoetic/vision_ws/rm_shaobing_vision/install/rm_buff:/home/rosnoetic/vision_ws/rm_shaobing_vision/install/rm_auto_record:/home/rosnoetic/vision_ws/rm_shaobing_vision/install/rm_auto_aim:/home/rosnoetic/vision_ws/rm_shaobing_vision/install/hik_camera:/home/rosnoetic/vision_ws/rm_shaobing_vision/install/buff_tracker:/home/rosnoetic/vision_ws/rm_shaobing_vision/install/buff_detector:/home/rosnoetic/vision_ws/rm_shaobing_vision/install/buff_interfaces:/home/rosnoetic/vision_ws/rm_shaobing_vision/install/armor_tracker:/home/rosnoetic/vision_ws/rm_shaobing_vision/install/armor_detector:/home/rosnoetic/ros_ws/install/rm_vision_bringup:/home/rosnoetic/ros_ws/install/rm_serial_driver:/home/rosnoetic/ros_ws/install/rm_gimbal_description:/home/rosnoetic/ros_ws/install/hik_camera:/home/rosnoetic/ros_ws/install/armor_tracker:/home/rosnoetic/ros_ws/install/armor_detector:/home/rosnoetic/ros_ws/install/auto_aim_interfaces:/opt/ros/humble LD_LIBRARY_PATH=/home/rosnoetic/vision_ws/rm_shaobing_vision/install/auto_aim_interfaces/lib:/home/rosnoetic/vision_ws/rm_shaobing_vision/install/rm_serial_driver/lib:/home/rosnoetic/vision_ws/rm_shaobing_vision/install/rm_auto_record/lib:/home/rosnoetic/vision_ws/rm_shaobing_vision/install/hik_camera/lib:/home/rosnoetic/vision_ws/rm_shaobing_vision/install/buff_tracker/lib:/home/rosnoetic/vision_ws/rm_shaobing_vision/install/buff_detector/lib:/home/rosnoetic/vision_ws/rm_shaobing_vision/install/buff_interfaces/lib:/home/rosnoetic/vision_ws/rm_shaobing_vision/install/armor_tracker/lib:/home/rosnoetic/vision_ws/rm_shaobing_vision/install/armor_detector/lib:/opt/MVS/lib/64:/opt/MVS/lib/32:/opt/MVS/lib/64:/opt/MVS/lib/32:/home/rosnoetic/ros_ws/install/rm_serial_driver/lib:/home/rosnoetic/ros_ws/install/hik_camera/lib:/home/rosnoetic/ros_ws/install/armor_tracker/lib:/home/rosnoetic/ros_ws/install/armor_detector/lib:/home/rosnoetic/ros_ws/install/auto_aim_interfaces/lib:/usr/lib/x86_64-linux-gnu/gazebo-11/plugins:/opt/ros/humble/opt/rviz_ogre_vendor/lib:/opt/ros/humble/lib/x86_64-linux-gnu:/opt/ros/humble/lib:/opt/MVS/lib/64:/opt/MVS/lib/32:/opt/MVS/lib/64:/opt/MVS/lib/32 PYTHONPATH=/home/rosnoetic/vision_ws/rm_shaobing_vision/install/auto_aim_interfaces/local/lib/python3.10/dist-packages:${PYTHONPATH} /usr/bin/cmake --build /home/rosnoetic/vision_ws/rm_shaobing_vision/build/armor_detector -- -j16 -l16
[3.023s] [  6%] [32mBuilding CXX object CMakeFiles/armor_detector.dir/src/detector.cpp.o[0m
[3.072s] [ 13%] [32mBuilding CXX object CMakeFiles/armor_detector.dir/src/detector_node.cpp.o[0m
[3.096s] [ 20%] [32mBuilding CXX object CMakeFiles/armor_detector.dir/src/number_classifier.cpp.o[0m
[3.171s] [ 26%] [32mBuilding CXX object CMakeFiles/armor_detector_node.dir/rclcpp_components/node_main_armor_detector_node.cpp.o[0m
[3.204s] [ 33%] [32mBuilding CXX object gtest/CMakeFiles/gtest_main.dir/src/gtest_main.cc.o[0m
[3.235s] [ 40%] [32mBuilding CXX object CMakeFiles/armor_detector.dir/src/pnp_solver.cpp.o[0m
[3.316s] [ 46%] [32mBuilding CXX object gtest/CMakeFiles/gtest.dir/src/gtest-all.cc.o[0m
[9.275s] [ 53%] [32m[1mLinking CXX static library libgtest_main.a[0m
[9.747s] [ 53%] Built target gtest_main
[29.837s] [ 60%] [32m[1mLinking CXX static library libgtest.a[0m
[30.460s] [ 66%] [32m[1mLinking CXX executable armor_detector_node[0m
[31.227s] [ 66%] Built target gtest
[31.322s] [ 66%] Built target armor_detector_node
[59.088s] [ 73%] [32m[1mLinking CXX shared library libarmor_detector.so[0m
[61.130s] [ 73%] Built target armor_detector
[61.191s] [ 80%] [32mBuilding CXX object CMakeFiles/test_number_cls.dir/test/test_number_cls.cpp.o[0m
[61.202s] [ 86%] [32mBuilding CXX object CMakeFiles/test_node_startup.dir/test/test_node_startup.cpp.o[0m
[64.796s] [ 93%] [32m[1mLinking CXX executable test_number_cls[0m
[66.865s] [ 93%] Built target test_number_cls
[69.228s] [100%] [32m[1mLinking CXX executable test_node_startup[0m
[70.476s] [100%] Built target test_node_startup
[70.503s] Invoked command in '/home/rosnoetic/vision_ws/rm_shaobing_vision/build/armor_detector' returned '0': AMENT_PREFIX_PATH=/home/rosnoetic/vision_ws/rm_shaobing_vision/install/auto_aim_interfaces:${AMENT_PREFIX_PATH} CMAKE_PREFIX_PATH=/home/rosnoetic/vision_ws/rm_shaobing_vision/install/auto_aim_interfaces:/home/rosnoetic/vision_ws/rm_shaobing_vision/install/rm_vision_bringup:/home/rosnoetic/vision_ws/rm_shaobing_vision/install/rm_buff_bringup:/home/rosnoetic/vision_ws/rm_shaobing_vision/install/rm_serial_driver:/home/rosnoetic/vision_ws/rm_shaobing_vision/install/rm_gimbal_description:/home/rosnoetic/vision_ws/rm_shaobing_vision/install/rm_buff:/home/rosnoetic/vision_ws/rm_shaobing_vision/install/rm_auto_record:/home/rosnoetic/vision_ws/rm_shaobing_vision/install/rm_auto_aim:/home/rosnoetic/vision_ws/rm_shaobing_vision/install/hik_camera:/home/rosnoetic/vision_ws/rm_shaobing_vision/install/buff_tracker:/home/rosnoetic/vision_ws/rm_shaobing_vision/install/buff_detector:/home/rosnoetic/vision_ws/rm_shaobing_vision/install/buff_interfaces:/home/rosnoetic/vision_ws/rm_shaobing_vision/install/armor_tracker:/home/rosnoetic/vision_ws/rm_shaobing_vision/install/armor_detector:/home/rosnoetic/ros_ws/install/rm_vision_bringup:/home/rosnoetic/ros_ws/install/rm_serial_driver:/home/rosnoetic/ros_ws/install/rm_gimbal_description:/home/rosnoetic/ros_ws/install/hik_camera:/home/rosnoetic/ros_ws/install/armor_tracker:/home/rosnoetic/ros_ws/install/armor_detector:/home/rosnoetic/ros_ws/install/auto_aim_interfaces:/opt/ros/humble LD_LIBRARY_PATH=/home/rosnoetic/vision_ws/rm_shaobing_vision/install/auto_aim_interfaces/lib:/home/rosnoetic/vision_ws/rm_shaobing_vision/install/rm_serial_driver/lib:/home/rosnoetic/vision_ws/rm_shaobing_vision/install/rm_auto_record/lib:/home/rosnoetic/vision_ws/rm_shaobing_vision/install/hik_camera/lib:/home/rosnoetic/vision_ws/rm_shaobing_vision/install/buff_tracker/lib:/home/rosnoetic/vision_ws/rm_shaobing_vision/install/buff_detector/lib:/home/rosnoetic/vision_ws/rm_shaobing_vision/install/buff_interfaces/lib:/home/rosnoetic/vision_ws/rm_shaobing_vision/install/armor_tracker/lib:/home/rosnoetic/vision_ws/rm_shaobing_vision/install/armor_detector/lib:/opt/MVS/lib/64:/opt/MVS/lib/32:/opt/MVS/lib/64:/opt/MVS/lib/32:/home/rosnoetic/ros_ws/install/rm_serial_driver/lib:/home/rosnoetic/ros_ws/install/hik_camera/lib:/home/rosnoetic/ros_ws/install/armor_tracker/lib:/home/rosnoetic/ros_ws/install/armor_detector/lib:/home/rosnoetic/ros_ws/install/auto_aim_interfaces/lib:/usr/lib/x86_64-linux-gnu/gazebo-11/plugins:/opt/ros/humble/opt/rviz_ogre_vendor/lib:/opt/ros/humble/lib/x86_64-linux-gnu:/opt/ros/humble/lib:/opt/MVS/lib/64:/opt/MVS/lib/32:/opt/MVS/lib/64:/opt/MVS/lib/32 PYTHONPATH=/home/rosnoetic/vision_ws/rm_shaobing_vision/install/auto_aim_interfaces/local/lib/python3.10/dist-packages:${PYTHONPATH} /usr/bin/cmake --build /home/rosnoetic/vision_ws/rm_shaobing_vision/build/armor_detector -- -j16 -l16
[70.660s] Invoking command in '/home/rosnoetic/vision_ws/rm_shaobing_vision/build/armor_detector': AMENT_PREFIX_PATH=/home/rosnoetic/vision_ws/rm_shaobing_vision/install/auto_aim_interfaces:${AMENT_PREFIX_PATH} CMAKE_PREFIX_PATH=/home/rosnoetic/vision_ws/rm_shaobing_vision/install/auto_aim_interfaces:/home/rosnoetic/vision_ws/rm_shaobing_vision/install/rm_vision_bringup:/home/rosnoetic/vision_ws/rm_shaobing_vision/install/rm_buff_bringup:/home/rosnoetic/vision_ws/rm_shaobing_vision/install/rm_serial_driver:/home/rosnoetic/vision_ws/rm_shaobing_vision/install/rm_gimbal_description:/home/rosnoetic/vision_ws/rm_shaobing_vision/install/rm_buff:/home/rosnoetic/vision_ws/rm_shaobing_vision/install/rm_auto_record:/home/rosnoetic/vision_ws/rm_shaobing_vision/install/rm_auto_aim:/home/rosnoetic/vision_ws/rm_shaobing_vision/install/hik_camera:/home/rosnoetic/vision_ws/rm_shaobing_vision/install/buff_tracker:/home/rosnoetic/vision_ws/rm_shaobing_vision/install/buff_detector:/home/rosnoetic/vision_ws/rm_shaobing_vision/install/buff_interfaces:/home/rosnoetic/vision_ws/rm_shaobing_vision/install/armor_tracker:/home/rosnoetic/vision_ws/rm_shaobing_vision/install/armor_detector:/home/rosnoetic/ros_ws/install/rm_vision_bringup:/home/rosnoetic/ros_ws/install/rm_serial_driver:/home/rosnoetic/ros_ws/install/rm_gimbal_description:/home/rosnoetic/ros_ws/install/hik_camera:/home/rosnoetic/ros_ws/install/armor_tracker:/home/rosnoetic/ros_ws/install/armor_detector:/home/rosnoetic/ros_ws/install/auto_aim_interfaces:/opt/ros/humble LD_LIBRARY_PATH=/home/rosnoetic/vision_ws/rm_shaobing_vision/install/auto_aim_interfaces/lib:/home/rosnoetic/vision_ws/rm_shaobing_vision/install/rm_serial_driver/lib:/home/rosnoetic/vision_ws/rm_shaobing_vision/install/rm_auto_record/lib:/home/rosnoetic/vision_ws/rm_shaobing_vision/install/hik_camera/lib:/home/rosnoetic/vision_ws/rm_shaobing_vision/install/buff_tracker/lib:/home/rosnoetic/vision_ws/rm_shaobing_vision/install/buff_detector/lib:/home/rosnoetic/vision_ws/rm_shaobing_vision/install/buff_interfaces/lib:/home/rosnoetic/vision_ws/rm_shaobing_vision/install/armor_tracker/lib:/home/rosnoetic/vision_ws/rm_shaobing_vision/install/armor_detector/lib:/opt/MVS/lib/64:/opt/MVS/lib/32:/opt/MVS/lib/64:/opt/MVS/lib/32:/home/rosnoetic/ros_ws/install/rm_serial_driver/lib:/home/rosnoetic/ros_ws/install/hik_camera/lib:/home/rosnoetic/ros_ws/install/armor_tracker/lib:/home/rosnoetic/ros_ws/install/armor_detector/lib:/home/rosnoetic/ros_ws/install/auto_aim_interfaces/lib:/usr/lib/x86_64-linux-gnu/gazebo-11/plugins:/opt/ros/humble/opt/rviz_ogre_vendor/lib:/opt/ros/humble/lib/x86_64-linux-gnu:/opt/ros/humble/lib:/opt/MVS/lib/64:/opt/MVS/lib/32:/opt/MVS/lib/64:/opt/MVS/lib/32 PYTHONPATH=/home/rosnoetic/vision_ws/rm_shaobing_vision/install/auto_aim_interfaces/local/lib/python3.10/dist-packages:${PYTHONPATH} /usr/bin/cmake --install /home/rosnoetic/vision_ws/rm_shaobing_vision/build/armor_detector
[70.674s] -- Install configuration: ""
[70.675s] -- Installing: /home/rosnoetic/vision_ws/rm_shaobing_vision/install/armor_detector/lib/armor_detector/armor_detector_node
[70.676s] -- Set runtime path of "/home/rosnoetic/vision_ws/rm_shaobing_vision/install/armor_detector/lib/armor_detector/armor_detector_node" to ""
[70.676s] -- Up-to-date: /home/rosnoetic/vision_ws/rm_shaobing_vision/install/armor_detector/include
[70.676s] -- Up-to-date: /home/rosnoetic/vision_ws/rm_shaobing_vision/install/armor_detector/include/armor_detector
[70.676s] -- Installing: /home/rosnoetic/vision_ws/rm_shaobing_vision/install/armor_detector/include/armor_detector/armor.hpp
[70.676s] -- Installing: /home/rosnoetic/vision_ws/rm_shaobing_vision/install/armor_detector/include/armor_detector/number_classifier.hpp
[70.677s] -- Installing: /home/rosnoetic/vision_ws/rm_shaobing_vision/install/armor_detector/include/armor_detector/detector.hpp
[70.677s] -- Installing: /home/rosnoetic/vision_ws/rm_shaobing_vision/install/armor_detector/include/armor_detector/pnp_solver.hpp
[70.678s] -- Installing: /home/rosnoetic/vision_ws/rm_shaobing_vision/install/armor_detector/include/armor_detector/detector_node.hpp
[70.680s] -- Installing: /home/rosnoetic/vision_ws/rm_shaobing_vision/install/armor_detector/share/armor_detector/environment/library_path.dsv
[70.681s] -- Installing: /home/rosnoetic/vision_ws/rm_shaobing_vision/install/armor_detector/lib/libarmor_detector.so
[70.701s] -- Set runtime path of "/home/rosnoetic/vision_ws/rm_shaobing_vision/install/armor_detector/lib/libarmor_detector.so" to ""
[70.701s] -- Up-to-date: /home/rosnoetic/vision_ws/rm_shaobing_vision/install/armor_detector/share/armor_detector/model
[70.701s] -- Installing: /home/rosnoetic/vision_ws/rm_shaobing_vision/install/armor_detector/share/armor_detector/model/label.txt
[70.703s] -- Installing: /home/rosnoetic/vision_ws/rm_shaobing_vision/install/armor_detector/share/armor_detector/model/mlp.onnx
[70.711s] -- Installing: /home/rosnoetic/vision_ws/rm_shaobing_vision/install/armor_detector/share/ament_index/resource_index/package_run_dependencies/armor_detector
[70.713s] -- Installing: /home/rosnoetic/vision_ws/rm_shaobing_vision/install/armor_detector/share/ament_index/resource_index/parent_prefix_path/armor_detector
[70.716s] -- Installing: /home/rosnoetic/vision_ws/rm_shaobing_vision/install/armor_detector/share/armor_detector/environment/ament_prefix_path.dsv
[70.718s] -- Installing: /home/rosnoetic/vision_ws/rm_shaobing_vision/install/armor_detector/share/armor_detector/environment/path.dsv
[70.719s] -- Installing: /home/rosnoetic/vision_ws/rm_shaobing_vision/install/armor_detector/share/armor_detector/local_setup.bash
[70.721s] -- Installing: /home/rosnoetic/vision_ws/rm_shaobing_vision/install/armor_detector/share/armor_detector/local_setup.sh
[70.723s] -- Installing: /home/rosnoetic/vision_ws/rm_shaobing_vision/install/armor_detector/share/armor_detector/local_setup.zsh
[70.725s] -- Installing: /home/rosnoetic/vision_ws/rm_shaobing_vision/install/armor_detector/share/armor_detector/local_setup.dsv
[70.726s] -- Installing: /home/rosnoetic/vision_ws/rm_shaobing_vision/install/armor_detector/share/armor_detector/package.dsv
[70.727s] -- Installing: /home/rosnoetic/vision_ws/rm_shaobing_vision/install/armor_detector/share/ament_index/resource_index/packages/armor_detector
[70.728s] -- Installing: /home/rosnoetic/vision_ws/rm_shaobing_vision/install/armor_detector/share/ament_index/resource_index/rclcpp_components/armor_detector
[70.730s] -- Installing: /home/rosnoetic/vision_ws/rm_shaobing_vision/install/armor_detector/share/armor_detector/cmake/ament_cmake_export_dependencies-extras.cmake
[70.731s] -- Installing: /home/rosnoetic/vision_ws/rm_shaobing_vision/install/armor_detector/share/armor_detector/cmake/ament_cmake_export_include_directories-extras.cmake
[70.732s] -- Installing: /home/rosnoetic/vision_ws/rm_shaobing_vision/install/armor_detector/share/armor_detector/cmake/ament_cmake_export_libraries-extras.cmake
[70.734s] -- Installing: /home/rosnoetic/vision_ws/rm_shaobing_vision/install/armor_detector/share/armor_detector/cmake/armor_detectorConfig.cmake
[70.736s] -- Installing: /home/rosnoetic/vision_ws/rm_shaobing_vision/install/armor_detector/share/armor_detector/cmake/armor_detectorConfig-version.cmake
[70.737s] -- Installing: /home/rosnoetic/vision_ws/rm_shaobing_vision/install/armor_detector/share/armor_detector/package.xml
[70.743s] Invoked command in '/home/rosnoetic/vision_ws/rm_shaobing_vision/build/armor_detector' returned '0': AMENT_PREFIX_PATH=/home/rosnoetic/vision_ws/rm_shaobing_vision/install/auto_aim_interfaces:${AMENT_PREFIX_PATH} CMAKE_PREFIX_PATH=/home/rosnoetic/vision_ws/rm_shaobing_vision/install/auto_aim_interfaces:/home/rosnoetic/vision_ws/rm_shaobing_vision/install/rm_vision_bringup:/home/rosnoetic/vision_ws/rm_shaobing_vision/install/rm_buff_bringup:/home/rosnoetic/vision_ws/rm_shaobing_vision/install/rm_serial_driver:/home/rosnoetic/vision_ws/rm_shaobing_vision/install/rm_gimbal_description:/home/rosnoetic/vision_ws/rm_shaobing_vision/install/rm_buff:/home/rosnoetic/vision_ws/rm_shaobing_vision/install/rm_auto_record:/home/rosnoetic/vision_ws/rm_shaobing_vision/install/rm_auto_aim:/home/rosnoetic/vision_ws/rm_shaobing_vision/install/hik_camera:/home/rosnoetic/vision_ws/rm_shaobing_vision/install/buff_tracker:/home/rosnoetic/vision_ws/rm_shaobing_vision/install/buff_detector:/home/rosnoetic/vision_ws/rm_shaobing_vision/install/buff_interfaces:/home/rosnoetic/vision_ws/rm_shaobing_vision/install/armor_tracker:/home/rosnoetic/vision_ws/rm_shaobing_vision/install/armor_detector:/home/rosnoetic/ros_ws/install/rm_vision_bringup:/home/rosnoetic/ros_ws/install/rm_serial_driver:/home/rosnoetic/ros_ws/install/rm_gimbal_description:/home/rosnoetic/ros_ws/install/hik_camera:/home/rosnoetic/ros_ws/install/armor_tracker:/home/rosnoetic/ros_ws/install/armor_detector:/home/rosnoetic/ros_ws/install/auto_aim_interfaces:/opt/ros/humble LD_LIBRARY_PATH=/home/rosnoetic/vision_ws/rm_shaobing_vision/install/auto_aim_interfaces/lib:/home/rosnoetic/vision_ws/rm_shaobing_vision/install/rm_serial_driver/lib:/home/rosnoetic/vision_ws/rm_shaobing_vision/install/rm_auto_record/lib:/home/rosnoetic/vision_ws/rm_shaobing_vision/install/hik_camera/lib:/home/rosnoetic/vision_ws/rm_shaobing_vision/install/buff_tracker/lib:/home/rosnoetic/vision_ws/rm_shaobing_vision/install/buff_detector/lib:/home/rosnoetic/vision_ws/rm_shaobing_vision/install/buff_interfaces/lib:/home/rosnoetic/vision_ws/rm_shaobing_vision/install/armor_tracker/lib:/home/rosnoetic/vision_ws/rm_shaobing_vision/install/armor_detector/lib:/opt/MVS/lib/64:/opt/MVS/lib/32:/opt/MVS/lib/64:/opt/MVS/lib/32:/home/rosnoetic/ros_ws/install/rm_serial_driver/lib:/home/rosnoetic/ros_ws/install/hik_camera/lib:/home/rosnoetic/ros_ws/install/armor_tracker/lib:/home/rosnoetic/ros_ws/install/armor_detector/lib:/home/rosnoetic/ros_ws/install/auto_aim_interfaces/lib:/usr/lib/x86_64-linux-gnu/gazebo-11/plugins:/opt/ros/humble/opt/rviz_ogre_vendor/lib:/opt/ros/humble/lib/x86_64-linux-gnu:/opt/ros/humble/lib:/opt/MVS/lib/64:/opt/MVS/lib/32:/opt/MVS/lib/64:/opt/MVS/lib/32 PYTHONPATH=/home/rosnoetic/vision_ws/rm_shaobing_vision/install/auto_aim_interfaces/local/lib/python3.10/dist-packages:${PYTHONPATH} /usr/bin/cmake --install /home/rosnoetic/vision_ws/rm_shaobing_vision/build/armor_detector
