[0.020s] Invoking command in '/home/nuc/rm_vision_ws/build/armor_tracker': AMENT_PREFIX_PATH=/home/nuc/rm_vision_ws/install/auto_aim_interfaces:${AMENT_PREFIX_PATH} CMAKE_PREFIX_PATH=/home/nuc/rm_vision_ws/install/auto_aim_interfaces:/opt/ros/humble LD_LIBRARY_PATH=/home/nuc/rm_vision_ws/install/auto_aim_interfaces/lib:${LD_LIBRARY_PATH} PYTHONPATH=/home/nuc/rm_vision_ws/install/auto_aim_interfaces/local/lib/python3.10/dist-packages:${PYTHONPATH} /usr/bin/cmake --build /home/nuc/rm_vision_ws/build/armor_tracker -- -j16 -l16
[0.071s] [35m[1mConsolidate compiler generated dependencies of target armor_tracker_node[0m
[0.073s] [35m[1mConsolidate compiler generated dependencies of target armor_tracker[0m
[0.096s] [ 33%] Built target armor_tracker_node
[0.097s] [ 50%] [32mBuilding CXX object CMakeFiles/armor_tracker.dir/src/tracker_node.cpp.o[0m
[18.571s] [32m[1mLinking CXX shared library libarmor_tracker.so[0m
[20.039s] Built target armor_tracker
[20.056s] Invoked command in '/home/nuc/rm_vision_ws/build/armor_tracker' returned '0': AMENT_PREFIX_PATH=/home/nuc/rm_vision_ws/install/auto_aim_interfaces:${AMENT_PREFIX_PATH} CMAKE_PREFIX_PATH=/home/nuc/rm_vision_ws/install/auto_aim_interfaces:/opt/ros/humble LD_LIBRARY_PATH=/home/nuc/rm_vision_ws/install/auto_aim_interfaces/lib:${LD_LIBRARY_PATH} PYTHONPATH=/home/nuc/rm_vision_ws/install/auto_aim_interfaces/local/lib/python3.10/dist-packages:${PYTHONPATH} /usr/bin/cmake --build /home/nuc/rm_vision_ws/build/armor_tracker -- -j16 -l16
[20.101s] Invoking command in '/home/nuc/rm_vision_ws/build/armor_tracker': AMENT_PREFIX_PATH=/home/nuc/rm_vision_ws/install/auto_aim_interfaces:${AMENT_PREFIX_PATH} CMAKE_PREFIX_PATH=/home/nuc/rm_vision_ws/install/auto_aim_interfaces:/opt/ros/humble LD_LIBRARY_PATH=/home/nuc/rm_vision_ws/install/auto_aim_interfaces/lib:${LD_LIBRARY_PATH} PYTHONPATH=/home/nuc/rm_vision_ws/install/auto_aim_interfaces/local/lib/python3.10/dist-packages:${PYTHONPATH} /usr/bin/cmake --install /home/nuc/rm_vision_ws/build/armor_tracker
[20.114s] -- Install configuration: ""
[20.114s] -- Execute custom install script
[20.115s] -- Up-to-date symlink: /home/nuc/rm_vision_ws/install/armor_tracker/lib/armor_tracker/armor_tracker_node
[20.115s] -- Up-to-date symlink: /home/nuc/rm_vision_ws/install/armor_tracker/include/armor_tracker/extended_kalman_filter.hpp
[20.115s] -- Up-to-date symlink: /home/nuc/rm_vision_ws/install/armor_tracker/include/armor_tracker/tracker.hpp
[20.115s] -- Up-to-date symlink: /home/nuc/rm_vision_ws/install/armor_tracker/include/armor_tracker/tracker_node.hpp
[20.115s] -- Up-to-date symlink: /home/nuc/rm_vision_ws/install/armor_tracker/share/armor_tracker/environment/library_path.sh
[20.115s] -- Up-to-date symlink: /home/nuc/rm_vision_ws/install/armor_tracker/share/armor_tracker/environment/library_path.dsv
[20.116s] -- Up-to-date symlink: /home/nuc/rm_vision_ws/install/armor_tracker/lib/libarmor_tracker.so
[20.116s] -- Up-to-date symlink: /home/nuc/rm_vision_ws/install/armor_tracker/share/ament_index/resource_index/package_run_dependencies/armor_tracker
[20.116s] -- Up-to-date symlink: /home/nuc/rm_vision_ws/install/armor_tracker/share/ament_index/resource_index/parent_prefix_path/armor_tracker
[20.116s] -- Up-to-date symlink: /home/nuc/rm_vision_ws/install/armor_tracker/share/armor_tracker/environment/ament_prefix_path.sh
[20.117s] -- Up-to-date symlink: /home/nuc/rm_vision_ws/install/armor_tracker/share/armor_tracker/environment/ament_prefix_path.dsv
[20.117s] -- Up-to-date symlink: /home/nuc/rm_vision_ws/install/armor_tracker/share/armor_tracker/environment/path.sh
[20.117s] -- Up-to-date symlink: /home/nuc/rm_vision_ws/install/armor_tracker/share/armor_tracker/environment/path.dsv
[20.117s] -- Up-to-date symlink: /home/nuc/rm_vision_ws/install/armor_tracker/share/armor_tracker/local_setup.bash
[20.117s] -- Up-to-date symlink: /home/nuc/rm_vision_ws/install/armor_tracker/share/armor_tracker/local_setup.sh
[20.118s] -- Up-to-date symlink: /home/nuc/rm_vision_ws/install/armor_tracker/share/armor_tracker/local_setup.zsh
[20.118s] -- Up-to-date symlink: /home/nuc/rm_vision_ws/install/armor_tracker/share/armor_tracker/local_setup.dsv
[20.118s] -- Symlinking: /home/nuc/rm_vision_ws/install/armor_tracker/share/armor_tracker/package.dsv
[20.132s] -- Up-to-date symlink: /home/nuc/rm_vision_ws/install/armor_tracker/share/ament_index/resource_index/packages/armor_tracker
[20.133s] -- Up-to-date symlink: /home/nuc/rm_vision_ws/install/armor_tracker/share/ament_index/resource_index/rclcpp_components/armor_tracker
[20.133s] -- Up-to-date symlink: /home/nuc/rm_vision_ws/install/armor_tracker/share/armor_tracker/cmake/ament_cmake_export_dependencies-extras.cmake
[20.133s] -- Up-to-date symlink: /home/nuc/rm_vision_ws/install/armor_tracker/share/armor_tracker/cmake/ament_cmake_export_include_directories-extras.cmake
[20.133s] -- Up-to-date symlink: /home/nuc/rm_vision_ws/install/armor_tracker/share/armor_tracker/cmake/ament_cmake_export_libraries-extras.cmake
[20.133s] -- Up-to-date symlink: /home/nuc/rm_vision_ws/install/armor_tracker/share/armor_tracker/cmake/armor_trackerConfig.cmake
[20.133s] -- Up-to-date symlink: /home/nuc/rm_vision_ws/install/armor_tracker/share/armor_tracker/cmake/armor_trackerConfig-version.cmake
[20.133s] -- Up-to-date symlink: /home/nuc/rm_vision_ws/install/armor_tracker/share/armor_tracker/package.xml
[20.137s] Invoked command in '/home/nuc/rm_vision_ws/build/armor_tracker' returned '0': AMENT_PREFIX_PATH=/home/nuc/rm_vision_ws/install/auto_aim_interfaces:${AMENT_PREFIX_PATH} CMAKE_PREFIX_PATH=/home/nuc/rm_vision_ws/install/auto_aim_interfaces:/opt/ros/humble LD_LIBRARY_PATH=/home/nuc/rm_vision_ws/install/auto_aim_interfaces/lib:${LD_LIBRARY_PATH} PYTHONPATH=/home/nuc/rm_vision_ws/install/auto_aim_interfaces/local/lib/python3.10/dist-packages:${PYTHONPATH} /usr/bin/cmake --install /home/nuc/rm_vision_ws/build/armor_tracker
