-- Found ament_cmake_auto: 1.3.10 (/opt/ros/humble/share/ament_cmake_auto/cmake)
-- Override CMake install command with custom implementation using symlinks instead of copying resources
-- Found ament_lint_auto: 0.12.11 (/opt/ros/humble/share/ament_lint_auto/cmake)
-- Added test 'flake8' to check Python code syntax and style conventions
-- Added test 'lint_cmake' to check CMake code style
-- Added test 'pep257' to check Python code against some of the docstring style conventions in PEP 257
-- Added test 'xmllint' to check XML markup files
-- Configuring done
-- Generating done
-- Build files have been written to: /home/nuc/rm_vision_ws/build/rm_buff_bringup
-- Install configuration: ""
-- Execute custom install script
-- Up-to-date symlink: /home/nuc/rm_vision_ws/install/rm_buff_bringup/share/rm_buff_bringup/launch/rm_buff_bringup.launch.py
-- Up-to-date symlink: /home/nuc/rm_vision_ws/install/rm_buff_bringup/share/rm_buff_bringup/config/launch_params.yaml
-- Up-to-date symlink: /home/nuc/rm_vision_ws/install/rm_buff_bringup/share/ament_index/resource_index/package_run_dependencies/rm_buff_bringup
-- Up-to-date symlink: /home/nuc/rm_vision_ws/install/rm_buff_bringup/share/ament_index/resource_index/parent_prefix_path/rm_buff_bringup
-- Up-to-date symlink: /home/nuc/rm_vision_ws/install/rm_buff_bringup/share/rm_buff_bringup/environment/ament_prefix_path.sh
-- Up-to-date symlink: /home/nuc/rm_vision_ws/install/rm_buff_bringup/share/rm_buff_bringup/environment/ament_prefix_path.dsv
-- Up-to-date symlink: /home/nuc/rm_vision_ws/install/rm_buff_bringup/share/rm_buff_bringup/environment/path.sh
-- Up-to-date symlink: /home/nuc/rm_vision_ws/install/rm_buff_bringup/share/rm_buff_bringup/environment/path.dsv
-- Up-to-date symlink: /home/nuc/rm_vision_ws/install/rm_buff_bringup/share/rm_buff_bringup/local_setup.bash
-- Up-to-date symlink: /home/nuc/rm_vision_ws/install/rm_buff_bringup/share/rm_buff_bringup/local_setup.sh
-- Up-to-date symlink: /home/nuc/rm_vision_ws/install/rm_buff_bringup/share/rm_buff_bringup/local_setup.zsh
-- Up-to-date symlink: /home/nuc/rm_vision_ws/install/rm_buff_bringup/share/rm_buff_bringup/local_setup.dsv
-- Symlinking: /home/nuc/rm_vision_ws/install/rm_buff_bringup/share/rm_buff_bringup/package.dsv
-- Up-to-date symlink: /home/nuc/rm_vision_ws/install/rm_buff_bringup/share/ament_index/resource_index/packages/rm_buff_bringup
-- Up-to-date symlink: /home/nuc/rm_vision_ws/install/rm_buff_bringup/share/rm_buff_bringup/cmake/rm_buff_bringupConfig.cmake
-- Up-to-date symlink: /home/nuc/rm_vision_ws/install/rm_buff_bringup/share/rm_buff_bringup/cmake/rm_buff_bringupConfig-version.cmake
-- Up-to-date symlink: /home/nuc/rm_vision_ws/install/rm_buff_bringup/share/rm_buff_bringup/package.xml
