In file included from [01m[K/home/rosnoetic/vision_ws/rm_shaobing_vision/build/auto_aim_interfaces/rosidl_generator_c/auto_aim_interfaces/msg/detail/target__functions.h:19[m[K,
                 from [01m[K/home/rosnoetic/vision_ws/rm_shaobing_vision/build/auto_aim_interfaces/rosidl_generator_c/auto_aim_interfaces/msg/detail/target__functions.c:4[m[K:
[01m[K/home/rosnoetic/vision_ws/rm_shaobing_vision/build/auto_aim_interfaces/rosidl_generator_c/auto_aim_interfaces/msg/detail/target__struct.h:30:10:[m[K [01;31m[Kfatal error: [m[Kauto_aim_interfaces/msg/detail/time_series__struct.h: æ²¡æœ‰é‚£ä¸ªæ–‡ä»¶æˆ–ç›®å½•
   30 | #include [01;31m[K"auto_aim_interfaces/msg/detail/time_series__struct.h"[m[K
      |          [01;31m[K^~~~~~~~~~~~~~~~~~~~~~~~~~~~~~~~~~~~~~~~~~~~~~~~~~~~~~[m[K
compilation terminated.
gmake[2]: *** [CMakeFiles/auto_aim_interfaces__rosidl_generator_c.dir/build.make:323ï¼šCMakeFiles/auto_aim_interfaces__rosidl_generator_c.dir/rosidl_generator_c/auto_aim_interfaces/msg/detail/target__functions.c.o] é”™è¯¯ 1
gmake[2]: *** æ­£åœ¨ç­‰å¾…æœªå®Œæˆçš„ä»»åŠ¡....
gmake[1]: *** [CMakeFiles/Makefile2:213ï¼šCMakeFiles/auto_aim_interfaces__rosidl_generator_c.dir/all] é”™è¯¯ 2
gmake[1]: *** æ­£åœ¨ç­‰å¾…æœªå®Œæˆçš„ä»»åŠ¡....
In file included from [01m[K/home/rosnoetic/vision_ws/rm_shaobing_vision/build/auto_aim_interfaces/rosidl_typesupport_cpp/auto_aim_interfaces/msg/target__type_support.cpp:7[m[K:
[01m[K/home/rosnoetic/vision_ws/rm_shaobing_vision/build/auto_aim_interfaces/rosidl_generator_cpp/auto_aim_interfaces/msg/detail/target__struct.hpp:26:10:[m[K [01;31m[Kfatal error: [m[Kauto_aim_interfaces/msg/detail/time_series__struct.hpp: æ²¡æœ‰é‚£ä¸ªæ–‡ä»¶æˆ–ç›®å½•
   26 | #include [01;31m[K"auto_aim_interfaces/msg/detail/time_series__struct.hpp"[m[K
      |          [01;31m[K^~~~~~~~~~~~~~~~~~~~~~~~~~~~~~~~~~~~~~~~~~~~~~~~~~~~~~~~[m[K
compilation terminated.
gmake[2]: *** [CMakeFiles/auto_aim_interfaces__rosidl_typesupport_cpp.dir/build.make:208ï¼šCMakeFiles/auto_aim_interfaces__rosidl_typesupport_cpp.dir/rosidl_typesupport_cpp/auto_aim_interfaces/msg/target__type_support.cpp.o] é”™è¯¯ 1
gmake[2]: *** æ­£åœ¨ç­‰å¾…æœªå®Œæˆçš„ä»»åŠ¡....
In file included from [01m[K/home/rosnoetic/vision_ws/rm_shaobing_vision/build/auto_aim_interfaces/rosidl_typesupport_introspection_cpp/auto_aim_interfaces/msg/detail/target__type_support.cpp:12[m[K:
[01m[K/home/rosnoetic/vision_ws/rm_shaobing_vision/build/auto_aim_interfaces/rosidl_generator_cpp/auto_aim_interfaces/msg/detail/target__struct.hpp:26:10:[m[K [01;31m[Kfatal error: [m[Kauto_aim_interfaces/msg/detail/time_series__struct.hpp: æ²¡æœ‰é‚£ä¸ªæ–‡ä»¶æˆ–ç›®å½•
   26 | #include [01;31m[K"auto_aim_interfaces/msg/detail/time_series__struct.hpp"[m[K
      |          [01;31m[K^~~~~~~~~~~~~~~~~~~~~~~~~~~~~~~~~~~~~~~~~~~~~~~~~~~~~~~~[m[K
compilation terminated.
gmake[2]: *** [CMakeFiles/auto_aim_interfaces__rosidl_typesupport_introspection_cpp.dir/build.make:237ï¼šCMakeFiles/auto_aim_interfaces__rosidl_typesupport_introspection_cpp.dir/rosidl_typesupport_introspection_cpp/auto_aim_interfaces/msg/detail/target__type_support.cpp.o] é”™è¯¯ 1
gmake[2]: *** æ­£åœ¨ç­‰å¾…æœªå®Œæˆçš„ä»»åŠ¡....
In file included from [01m[K/home/rosnoetic/vision_ws/rm_shaobing_vision/build/auto_aim_interfaces/rosidl_typesupport_fastrtps_cpp/auto_aim_interfaces/msg/detail/target__rosidl_typesupport_fastrtps_cpp.hpp:11[m[K,
                 from [01m[K/home/rosnoetic/vision_ws/rm_shaobing_vision/build/auto_aim_interfaces/rosidl_typesupport_fastrtps_cpp/auto_aim_interfaces/msg/detail/dds_fastrtps/target__type_support.cpp:4[m[K:
[01m[K/home/rosnoetic/vision_ws/rm_shaobing_vision/build/auto_aim_interfaces/rosidl_generator_cpp/auto_aim_interfaces/msg/detail/target__struct.hpp:26:10:[m[K [01;31m[Kfatal error: [m[Kauto_aim_interfaces/msg/detail/time_series__struct.hpp: æ²¡æœ‰é‚£ä¸ªæ–‡ä»¶æˆ–ç›®å½•
   26 | #include [01;31m[K"auto_aim_interfaces/msg/detail/time_series__struct.hpp"[m[K
      |          [01;31m[K^~~~~~~~~~~~~~~~~~~~~~~~~~~~~~~~~~~~~~~~~~~~~~~~~~~~~~~~[m[K
compilation terminated.
gmake[1]: *** [CMakeFiles/Makefile2:395ï¼šCMakeFiles/auto_aim_interfaces__rosidl_typesupport_cpp.dir/all] é”™è¯¯ 2
gmake[2]: *** [CMakeFiles/auto_aim_interfaces__rosidl_typesupport_fastrtps_cpp.dir/build.make:237ï¼šCMakeFiles/auto_aim_interfaces__rosidl_typesupport_fastrtps_cpp.dir/rosidl_typesupport_fastrtps_cpp/auto_aim_interfaces/msg/detail/dds_fastrtps/target__type_support.cpp.o] é”™è¯¯ 1
gmake[2]: *** æ­£åœ¨ç­‰å¾…æœªå®Œæˆçš„ä»»åŠ¡....
gmake[1]: *** [CMakeFiles/Makefile2:369ï¼šCMakeFiles/auto_aim_interfaces__rosidl_typesupport_introspection_cpp.dir/all] é”™è¯¯ 2
gmake[1]: *** [CMakeFiles/Makefile2:343ï¼šCMakeFiles/auto_aim_interfaces__rosidl_typesupport_fastrtps_cpp.dir/all] é”™è¯¯ 2
gmake: *** [Makefile:146ï¼šall] é”™è¯¯ 2
