[0.060s] Invoking command in '/home/rosnoetic/vision_ws/rm_shaobing_vision/build/auto_aim_interfaces': CMAKE_PREFIX_PATH=/home/rosnoetic/ros_ws/install/rm_vision_bringup:/home/rosnoetic/ros_ws/install/rm_serial_driver:/home/rosnoetic/ros_ws/install/rm_gimbal_description:/home/rosnoetic/ros_ws/install/hik_camera:/home/rosnoetic/ros_ws/install/armor_tracker:/home/rosnoetic/ros_ws/install/armor_detector:/home/rosnoetic/ros_ws/install/auto_aim_interfaces:/opt/ros/humble /usr/bin/cmake --build /home/rosnoetic/vision_ws/rm_shaobing_vision/build/auto_aim_interfaces -- -j16 -l16
[0.142s] -- Found ament_cmake: 1.3.10 (/opt/ros/humble/share/ament_cmake/cmake)
[0.692s] -- Found rosidl_default_generators: 1.2.0 (/opt/ros/humble/share/rosidl_default_generators/cmake)
[0.698s] -- Using all available rosidl_typesupport_c: rosidl_typesupport_fastrtps_c;rosidl_typesupport_introspection_c
[0.711s] -- Found rosidl_adapter: 3.1.5 (/opt/ros/humble/share/rosidl_adapter/cmake)
[0.809s] -- Using all available rosidl_typesupport_cpp: rosidl_typesupport_fastrtps_cpp;rosidl_typesupport_introspection_cpp
[0.883s] -- Found geometry_msgs: 4.2.4 (/opt/ros/humble/share/geometry_msgs/cmake)
[1.484s] -- Found ament_cmake_ros: 0.10.0 (/opt/ros/humble/share/ament_cmake_ros/cmake)
[1.863s] -- Using all available rosidl_typesupport_c: rosidl_typesupport_fastrtps_c;rosidl_typesupport_introspection_c
[2.345s] -- Using all available rosidl_typesupport_cpp: rosidl_typesupport_fastrtps_cpp;rosidl_typesupport_introspection_cpp
[2.382s] -- Found python_cmake_module: 0.10.0 (/opt/ros/humble/share/python_cmake_module/cmake)
[2.451s] -- Using PYTHON_EXECUTABLE: /usr/bin/python3
[2.451s] -- Using PYTHON_INCLUDE_DIRS: /usr/include/python3.10
[2.452s] -- Using PYTHON_LIBRARIES: /usr/lib/x86_64-linux-gnu/libpython3.10.so
[2.499s] -- Configuring done
[2.617s] -- Generating done
[2.627s] -- Build files have been written to: /home/rosnoetic/vision_ws/rm_shaobing_vision/build/auto_aim_interfaces
[2.681s] [  1%] [34m[1mGenerating C code for ROS interfaces[0m
[2.705s] [  2%] [34m[1mGenerating C++ code for ROS interfaces[0m
[2.726s] [  2%] Built target ament_cmake_python_copy_auto_aim_interfaces
[3.133s] running egg_info
[3.136s] writing auto_aim_interfaces.egg-info/PKG-INFO
[3.137s] writing dependency_links to auto_aim_interfaces.egg-info/dependency_links.txt
[3.137s] writing top-level names to auto_aim_interfaces.egg-info/top_level.txt
[3.140s] reading manifest file 'auto_aim_interfaces.egg-info/SOURCES.txt'
[3.141s] writing manifest file 'auto_aim_interfaces.egg-info/SOURCES.txt'
[3.193s] [  2%] Built target ament_cmake_python_build_auto_aim_interfaces_egg
[3.732s] [  2%] Built target auto_aim_interfaces__cpp
[3.760s] [  3%] [34m[1mGenerating C++ type support dispatch for ROS interfaces[0m
[3.768s] [  4%] [34m[1mGenerating C++ type support for eProsima Fast-RTPS[0m
[3.775s] [  5%] [34m[1mGenerating C++ introspection for ROS interfaces[0m
[3.825s] [35m[1mConsolidate compiler generated dependencies of target auto_aim_interfaces__rosidl_generator_c[0m
[3.863s] [  6%] [32mBuilding C object CMakeFiles/auto_aim_interfaces__rosidl_generator_c.dir/rosidl_generator_c/auto_aim_interfaces/msg/detail/armor__functions.c.o[0m
[3.863s] [  7%] [32mBuilding C object CMakeFiles/auto_aim_interfaces__rosidl_generator_c.dir/rosidl_generator_c/auto_aim_interfaces/msg/detail/armors__functions.c.o[0m
[3.881s] [  8%] [32mBuilding C object CMakeFiles/auto_aim_interfaces__rosidl_generator_c.dir/rosidl_generator_c/auto_aim_interfaces/msg/detail/target__functions.c.o[0m
[3.886s] [ 10%] [32mBuilding C object CMakeFiles/auto_aim_interfaces__rosidl_generator_c.dir/rosidl_generator_c/auto_aim_interfaces/msg/detail/debug_lights__functions.c.o[0m
[3.886s] [ 10%] [32mBuilding C object CMakeFiles/auto_aim_interfaces__rosidl_generator_c.dir/rosidl_generator_c/auto_aim_interfaces/msg/detail/debug_light__functions.c.o[0m
[3.891s] [ 11%] [32mBuilding C object CMakeFiles/auto_aim_interfaces__rosidl_generator_c.dir/rosidl_generator_c/auto_aim_interfaces/msg/detail/debug_armor__functions.c.o[0m
[3.983s] [ 12%] [32mBuilding C object CMakeFiles/auto_aim_interfaces__rosidl_generator_c.dir/rosidl_generator_c/auto_aim_interfaces/msg/detail/debug_armors__functions.c.o[0m
[3.983s] [ 13%] [32mBuilding C object CMakeFiles/auto_aim_interfaces__rosidl_generator_c.dir/rosidl_generator_c/auto_aim_interfaces/msg/detail/tracker_info__functions.c.o[0m
[3.993s] In file included from [01m[K/home/rosnoetic/vision_ws/rm_shaobing_vision/build/auto_aim_interfaces/rosidl_generator_c/auto_aim_interfaces/msg/detail/target__functions.h:19[m[K,
[3.994s]                  from [01m[K/home/rosnoetic/vision_ws/rm_shaobing_vision/build/auto_aim_interfaces/rosidl_generator_c/auto_aim_interfaces/msg/detail/target__functions.c:4[m[K:
[3.994s] [01m[K/home/rosnoetic/vision_ws/rm_shaobing_vision/build/auto_aim_interfaces/rosidl_generator_c/auto_aim_interfaces/msg/detail/target__struct.h:30:10:[m[K [01;31m[Kfatal error: [m[Kauto_aim_interfaces/msg/detail/time_series__struct.h: æ²¡æœ‰é‚£ä¸ªæ–‡ä»¶æˆ–ç›®å½•
[3.995s]    30 | #include [01;31m[K"auto_aim_interfaces/msg/detail/time_series__struct.h"[m[K
[3.995s]       |          [01;31m[K^~~~~~~~~~~~~~~~~~~~~~~~~~~~~~~~~~~~~~~~~~~~~~~~~~~~~~[m[K
[3.995s] compilation terminated.
[3.998s] [ 14%] [32mBuilding C object CMakeFiles/auto_aim_interfaces__rosidl_generator_c.dir/rosidl_generator_c/auto_aim_interfaces/msg/detail/time_info__functions.c.o[0m
[4.018s] gmake[2]: *** [CMakeFiles/auto_aim_interfaces__rosidl_generator_c.dir/build.make:323ï¼šCMakeFiles/auto_aim_interfaces__rosidl_generator_c.dir/rosidl_generator_c/auto_aim_interfaces/msg/detail/target__functions.c.o] é”™è¯¯ 1
[4.018s] gmake[2]: *** æ­£åœ¨ç­‰å¾…æœªå®Œæˆçš„ä»»åŠ¡....
[4.120s] gmake[1]: *** [CMakeFiles/Makefile2:213ï¼šCMakeFiles/auto_aim_interfaces__rosidl_generator_c.dir/all] é”™è¯¯ 2
[4.121s] gmake[1]: *** æ­£åœ¨ç­‰å¾…æœªå®Œæˆçš„ä»»åŠ¡....
[4.402s] [35m[1mConsolidate compiler generated dependencies of target auto_aim_interfaces__rosidl_typesupport_cpp[0m
[4.448s] [ 16%] [32mBuilding CXX object CMakeFiles/auto_aim_interfaces__rosidl_typesupport_cpp.dir/rosidl_typesupport_cpp/auto_aim_interfaces/msg/armors__type_support.cpp.o[0m
[4.454s] [ 16%] [32mBuilding CXX object CMakeFiles/auto_aim_interfaces__rosidl_typesupport_cpp.dir/rosidl_typesupport_cpp/auto_aim_interfaces/msg/armor__type_support.cpp.o[0m
[4.454s] [ 17%] [32mBuilding CXX object CMakeFiles/auto_aim_interfaces__rosidl_typesupport_cpp.dir/rosidl_typesupport_cpp/auto_aim_interfaces/msg/target__type_support.cpp.o[0m
[4.458s] [ 18%] [32mBuilding CXX object CMakeFiles/auto_aim_interfaces__rosidl_typesupport_cpp.dir/rosidl_typesupport_cpp/auto_aim_interfaces/msg/debug_light__type_support.cpp.o[0m
[4.459s] [ 20%] [32mBuilding CXX object CMakeFiles/auto_aim_interfaces__rosidl_typesupport_cpp.dir/rosidl_typesupport_cpp/auto_aim_interfaces/msg/debug_lights__type_support.cpp.o[0m
[4.468s] [ 21%] [32mBuilding CXX object CMakeFiles/auto_aim_interfaces__rosidl_typesupport_cpp.dir/rosidl_typesupport_cpp/auto_aim_interfaces/msg/debug_armor__type_support.cpp.o[0m
[4.546s] [ 22%] [32mBuilding CXX object CMakeFiles/auto_aim_interfaces__rosidl_typesupport_cpp.dir/rosidl_typesupport_cpp/auto_aim_interfaces/msg/debug_armors__type_support.cpp.o[0m
[4.550s] [ 23%] [32mBuilding CXX object CMakeFiles/auto_aim_interfaces__rosidl_typesupport_cpp.dir/rosidl_typesupport_cpp/auto_aim_interfaces/msg/tracker_info__type_support.cpp.o[0m
[4.575s] [ 24%] [32mBuilding CXX object CMakeFiles/auto_aim_interfaces__rosidl_typesupport_cpp.dir/rosidl_typesupport_cpp/auto_aim_interfaces/msg/time_info__type_support.cpp.o[0m
[4.612s] In file included from [01m[K/home/rosnoetic/vision_ws/rm_shaobing_vision/build/auto_aim_interfaces/rosidl_typesupport_cpp/auto_aim_interfaces/msg/target__type_support.cpp:7[m[K:
[4.612s] [01m[K/home/rosnoetic/vision_ws/rm_shaobing_vision/build/auto_aim_interfaces/rosidl_generator_cpp/auto_aim_interfaces/msg/detail/target__struct.hpp:26:10:[m[K [01;31m[Kfatal error: [m[Kauto_aim_interfaces/msg/detail/time_series__struct.hpp: æ²¡æœ‰é‚£ä¸ªæ–‡ä»¶æˆ–ç›®å½•
[4.612s]    26 | #include [01;31m[K"auto_aim_interfaces/msg/detail/time_series__struct.hpp"[m[K
[4.612s]       |          [01;31m[K^~~~~~~~~~~~~~~~~~~~~~~~~~~~~~~~~~~~~~~~~~~~~~~~~~~~~~~~[m[K
[4.613s] compilation terminated.
[4.633s] gmake[2]: *** [CMakeFiles/auto_aim_interfaces__rosidl_typesupport_cpp.dir/build.make:208ï¼šCMakeFiles/auto_aim_interfaces__rosidl_typesupport_cpp.dir/rosidl_typesupport_cpp/auto_aim_interfaces/msg/target__type_support.cpp.o] é”™è¯¯ 1
[4.633s] gmake[2]: *** æ­£åœ¨ç­‰å¾…æœªå®Œæˆçš„ä»»åŠ¡....
[4.777s] [35m[1mConsolidate compiler generated dependencies of target auto_aim_interfaces__rosidl_typesupport_introspection_cpp[0m
[4.878s] [ 25%] [32mBuilding CXX object CMakeFiles/auto_aim_interfaces__rosidl_typesupport_introspection_cpp.dir/rosidl_typesupport_introspection_cpp/auto_aim_interfaces/msg/detail/armor__type_support.cpp.o[0m
[4.924s] [ 26%] [32mBuilding CXX object CMakeFiles/auto_aim_interfaces__rosidl_typesupport_introspection_cpp.dir/rosidl_typesupport_introspection_cpp/auto_aim_interfaces/msg/detail/armors__type_support.cpp.o[0m
[4.980s] [ 27%] [32mBuilding CXX object CMakeFiles/auto_aim_interfaces__rosidl_typesupport_introspection_cpp.dir/rosidl_typesupport_introspection_cpp/auto_aim_interfaces/msg/detail/target__type_support.cpp.o[0m
[5.023s] [35m[1mConsolidate compiler generated dependencies of target auto_aim_interfaces__rosidl_typesupport_fastrtps_cpp[0m
[5.112s] [ 28%] [32mBuilding CXX object CMakeFiles/auto_aim_interfaces__rosidl_typesupport_introspection_cpp.dir/rosidl_typesupport_introspection_cpp/auto_aim_interfaces/msg/detail/debug_light__type_support.cpp.o[0m
[5.123s] [ 29%] [32mBuilding CXX object CMakeFiles/auto_aim_interfaces__rosidl_typesupport_fastrtps_cpp.dir/rosidl_typesupport_fastrtps_cpp/auto_aim_interfaces/msg/detail/dds_fastrtps/armors__type_support.cpp.o[0m
[5.131s] [ 30%] [32mBuilding CXX object CMakeFiles/auto_aim_interfaces__rosidl_typesupport_fastrtps_cpp.dir/rosidl_typesupport_fastrtps_cpp/auto_aim_interfaces/msg/detail/dds_fastrtps/armor__type_support.cpp.o[0m
[5.132s] [ 31%] [32mBuilding CXX object CMakeFiles/auto_aim_interfaces__rosidl_typesupport_introspection_cpp.dir/rosidl_typesupport_introspection_cpp/auto_aim_interfaces/msg/detail/debug_armor__type_support.cpp.o[0m
[5.180s] [ 32%] [32mBuilding CXX object CMakeFiles/auto_aim_interfaces__rosidl_typesupport_introspection_cpp.dir/rosidl_typesupport_introspection_cpp/auto_aim_interfaces/msg/detail/debug_lights__type_support.cpp.o[0m
[5.259s] In file included from [01m[K/home/rosnoetic/vision_ws/rm_shaobing_vision/build/auto_aim_interfaces/rosidl_typesupport_introspection_cpp/auto_aim_interfaces/msg/detail/target__type_support.cpp:12[m[K:
[5.259s] [01m[K/home/rosnoetic/vision_ws/rm_shaobing_vision/build/auto_aim_interfaces/rosidl_generator_cpp/auto_aim_interfaces/msg/detail/target__struct.hpp:26:10:[m[K [01;31m[Kfatal error: [m[Kauto_aim_interfaces/msg/detail/time_series__struct.hpp: æ²¡æœ‰é‚£ä¸ªæ–‡ä»¶æˆ–ç›®å½•
[5.259s]    26 | #include [01;31m[K"auto_aim_interfaces/msg/detail/time_series__struct.hpp"[m[K
[5.259s]       |          [01;31m[K^~~~~~~~~~~~~~~~~~~~~~~~~~~~~~~~~~~~~~~~~~~~~~~~~~~~~~~~[m[K
[5.260s] compilation terminated.
[5.293s] gmake[2]: *** [CMakeFiles/auto_aim_interfaces__rosidl_typesupport_introspection_cpp.dir/build.make:237ï¼šCMakeFiles/auto_aim_interfaces__rosidl_typesupport_introspection_cpp.dir/rosidl_typesupport_introspection_cpp/auto_aim_interfaces/msg/detail/target__type_support.cpp.o] é”™è¯¯ 1
[5.293s] gmake[2]: *** æ­£åœ¨ç­‰å¾…æœªå®Œæˆçš„ä»»åŠ¡....
[5.340s] [ 33%] [32mBuilding CXX object CMakeFiles/auto_aim_interfaces__rosidl_typesupport_fastrtps_cpp.dir/rosidl_typesupport_fastrtps_cpp/auto_aim_interfaces/msg/detail/dds_fastrtps/target__type_support.cpp.o[0m
[5.426s] [ 34%] [32mBuilding CXX object CMakeFiles/auto_aim_interfaces__rosidl_typesupport_fastrtps_cpp.dir/rosidl_typesupport_fastrtps_cpp/auto_aim_interfaces/msg/detail/dds_fastrtps/debug_light__type_support.cpp.o[0m
[5.529s] [ 35%] [32mBuilding CXX object CMakeFiles/auto_aim_interfaces__rosidl_typesupport_fastrtps_cpp.dir/rosidl_typesupport_fastrtps_cpp/auto_aim_interfaces/msg/detail/dds_fastrtps/debug_armor__type_support.cpp.o[0m
[5.529s] [ 36%] [32mBuilding CXX object CMakeFiles/auto_aim_interfaces__rosidl_typesupport_fastrtps_cpp.dir/rosidl_typesupport_fastrtps_cpp/auto_aim_interfaces/msg/detail/dds_fastrtps/debug_lights__type_support.cpp.o[0m
[5.529s] In file included from [01m[K/home/rosnoetic/vision_ws/rm_shaobing_vision/build/auto_aim_interfaces/rosidl_typesupport_fastrtps_cpp/auto_aim_interfaces/msg/detail/target__rosidl_typesupport_fastrtps_cpp.hpp:11[m[K,
[5.529s]                  from [01m[K/home/rosnoetic/vision_ws/rm_shaobing_vision/build/auto_aim_interfaces/rosidl_typesupport_fastrtps_cpp/auto_aim_interfaces/msg/detail/dds_fastrtps/target__type_support.cpp:4[m[K:
[5.529s] [01m[K/home/rosnoetic/vision_ws/rm_shaobing_vision/build/auto_aim_interfaces/rosidl_generator_cpp/auto_aim_interfaces/msg/detail/target__struct.hpp:26:10:[m[K [01;31m[Kfatal error: [m[Kauto_aim_interfaces/msg/detail/time_series__struct.hpp: æ²¡æœ‰é‚£ä¸ªæ–‡ä»¶æˆ–ç›®å½•
[5.529s]    26 | #include [01;31m[K"auto_aim_interfaces/msg/detail/time_series__struct.hpp"[m[K
[5.530s]       |          [01;31m[K^~~~~~~~~~~~~~~~~~~~~~~~~~~~~~~~~~~~~~~~~~~~~~~~~~~~~~~~[m[K
[5.530s] compilation terminated.
[5.530s] gmake[1]: *** [CMakeFiles/Makefile2:395ï¼šCMakeFiles/auto_aim_interfaces__rosidl_typesupport_cpp.dir/all] é”™è¯¯ 2
[5.530s] [ 37%] [32mBuilding CXX object CMakeFiles/auto_aim_interfaces__rosidl_typesupport_fastrtps_cpp.dir/rosidl_typesupport_fastrtps_cpp/auto_aim_interfaces/msg/detail/dds_fastrtps/debug_armors__type_support.cpp.o[0m
[5.574s] [ 38%] [32mBuilding CXX object CMakeFiles/auto_aim_interfaces__rosidl_typesupport_fastrtps_cpp.dir/rosidl_typesupport_fastrtps_cpp/auto_aim_interfaces/msg/detail/dds_fastrtps/tracker_info__type_support.cpp.o[0m
[5.575s] gmake[2]: *** [CMakeFiles/auto_aim_interfaces__rosidl_typesupport_fastrtps_cpp.dir/build.make:237ï¼šCMakeFiles/auto_aim_interfaces__rosidl_typesupport_fastrtps_cpp.dir/rosidl_typesupport_fastrtps_cpp/auto_aim_interfaces/msg/detail/dds_fastrtps/target__type_support.cpp.o] é”™è¯¯ 1
[5.576s] gmake[2]: *** æ­£åœ¨ç­‰å¾…æœªå®Œæˆçš„ä»»åŠ¡....
[6.496s] gmake[1]: *** [CMakeFiles/Makefile2:369ï¼šCMakeFiles/auto_aim_interfaces__rosidl_typesupport_introspection_cpp.dir/all] é”™è¯¯ 2
[6.689s] gmake[1]: *** [CMakeFiles/Makefile2:343ï¼šCMakeFiles/auto_aim_interfaces__rosidl_typesupport_fastrtps_cpp.dir/all] é”™è¯¯ 2
[6.690s] gmake: *** [Makefile:146ï¼šall] é”™è¯¯ 2
[6.695s] Invoked command in '/home/rosnoetic/vision_ws/rm_shaobing_vision/build/auto_aim_interfaces' returned '2': CMAKE_PREFIX_PATH=/home/rosnoetic/ros_ws/install/rm_vision_bringup:/home/rosnoetic/ros_ws/install/rm_serial_driver:/home/rosnoetic/ros_ws/install/rm_gimbal_description:/home/rosnoetic/ros_ws/install/hik_camera:/home/rosnoetic/ros_ws/install/armor_tracker:/home/rosnoetic/ros_ws/install/armor_detector:/home/rosnoetic/ros_ws/install/auto_aim_interfaces:/opt/ros/humble /usr/bin/cmake --build /home/rosnoetic/vision_ws/rm_shaobing_vision/build/auto_aim_interfaces -- -j16 -l16
