[0.203s] Invoking command in '/home/rosnoetic/rm_shaobing_vision/build/buff_interfaces': CMAKE_PREFIX_PATH=/home/rosnoetic/ros_ws/install/rm_vision_bringup:/home/rosnoetic/ros_ws/install/rm_serial_driver:/home/rosnoetic/ros_ws/install/rm_gimbal_description:/home/rosnoetic/ros_ws/install/hik_camera:/home/rosnoetic/ros_ws/install/armor_tracker:/home/rosnoetic/ros_ws/install/armor_detector:/home/rosnoetic/ros_ws/install/auto_aim_interfaces:/opt/ros/humble /usr/bin/cmake --build /home/rosnoetic/rm_shaobing_vision/build/buff_interfaces -- -j16 -l16
[1.122s] [  1%] Built target buff_interfaces__cpp
[1.171s] [ 12%] Built target buff_interfaces__rosidl_generator_c
[1.180s] [ 12%] Built target ament_cmake_python_copy_buff_interfaces
[1.823s] [ 24%] Built target buff_interfaces__rosidl_typesupport_fastrtps_cpp
[1.870s] [ 35%] Built target buff_interfaces__rosidl_typesupport_introspection_cpp
[1.874s] [ 46%] Built target buff_interfaces__rosidl_typesupport_c
[1.934s] [ 58%] Built target buff_interfaces__rosidl_typesupport_cpp
[1.966s] [ 74%] Built target buff_interfaces__rosidl_typesupport_introspection_c
[1.966s] [ 81%] Built target buff_interfaces__rosidl_typesupport_fastrtps_c
[2.269s] [ 81%] Built target buff_interfaces
[2.684s] [ 82%] Built target buff_interfaces__py
[2.985s] running egg_info
[2.985s] writing buff_interfaces.egg-info/PKG-INFO
[2.994s] writing dependency_links to buff_interfaces.egg-info/dependency_links.txt
[3.010s] writing top-level names to buff_interfaces.egg-info/top_level.txt
[3.021s] [ 92%] Built target buff_interfaces__rosidl_generator_py
[3.063s] reading manifest file 'buff_interfaces.egg-info/SOURCES.txt'
[3.063s] writing manifest file 'buff_interfaces.egg-info/SOURCES.txt'
[3.242s] [ 92%] Built target ament_cmake_python_build_buff_interfaces_egg
[3.406s] [ 94%] Built target buff_interfaces__rosidl_typesupport_fastrtps_c__pyext
[3.423s] [ 97%] Built target buff_interfaces__rosidl_typesupport_introspection_c__pyext
[3.473s] [100%] Built target buff_interfaces__rosidl_typesupport_c__pyext
[3.581s] Invoked command in '/home/rosnoetic/rm_shaobing_vision/build/buff_interfaces' returned '0': CMAKE_PREFIX_PATH=/home/rosnoetic/ros_ws/install/rm_vision_bringup:/home/rosnoetic/ros_ws/install/rm_serial_driver:/home/rosnoetic/ros_ws/install/rm_gimbal_description:/home/rosnoetic/ros_ws/install/hik_camera:/home/rosnoetic/ros_ws/install/armor_tracker:/home/rosnoetic/ros_ws/install/armor_detector:/home/rosnoetic/ros_ws/install/auto_aim_interfaces:/opt/ros/humble /usr/bin/cmake --build /home/rosnoetic/rm_shaobing_vision/build/buff_interfaces -- -j16 -l16
[6.891s] Invoking command in '/home/rosnoetic/rm_shaobing_vision/build/buff_interfaces': CMAKE_PREFIX_PATH=/home/rosnoetic/ros_ws/install/rm_vision_bringup:/home/rosnoetic/ros_ws/install/rm_serial_driver:/home/rosnoetic/ros_ws/install/rm_gimbal_description:/home/rosnoetic/ros_ws/install/hik_camera:/home/rosnoetic/ros_ws/install/armor_tracker:/home/rosnoetic/ros_ws/install/armor_detector:/home/rosnoetic/ros_ws/install/auto_aim_interfaces:/opt/ros/humble /usr/bin/cmake --install /home/rosnoetic/rm_shaobing_vision/build/buff_interfaces
[6.962s] -- Install configuration: ""
[6.963s] -- Up-to-date: /home/rosnoetic/rm_shaobing_vision/install/buff_interfaces/share/ament_index/resource_index/rosidl_interfaces/buff_interfaces
[6.963s] -- Up-to-date: /home/rosnoetic/rm_shaobing_vision/install/buff_interfaces/include/buff_interfaces/buff_interfaces
[6.964s] -- Up-to-date: /home/rosnoetic/rm_shaobing_vision/install/buff_interfaces/include/buff_interfaces/buff_interfaces/msg
[6.964s] -- Up-to-date: /home/rosnoetic/rm_shaobing_vision/install/buff_interfaces/include/buff_interfaces/buff_interfaces/msg/time_info.h
[6.964s] -- Up-to-date: /home/rosnoetic/rm_shaobing_vision/install/buff_interfaces/include/buff_interfaces/buff_interfaces/msg/blade_array.h
[6.969s] -- Up-to-date: /home/rosnoetic/rm_shaobing_vision/install/buff_interfaces/include/buff_interfaces/buff_interfaces/msg/debug_blade.h
[6.969s] -- Up-to-date: /home/rosnoetic/rm_shaobing_vision/install/buff_interfaces/include/buff_interfaces/buff_interfaces/msg/rune.h
[6.969s] -- Up-to-date: /home/rosnoetic/rm_shaobing_vision/install/buff_interfaces/include/buff_interfaces/buff_interfaces/msg/debug_blade_array.h
[6.970s] -- Up-to-date: /home/rosnoetic/rm_shaobing_vision/install/buff_interfaces/include/buff_interfaces/buff_interfaces/msg/blade.h
[6.970s] -- Up-to-date: /home/rosnoetic/rm_shaobing_vision/install/buff_interfaces/include/buff_interfaces/buff_interfaces/msg/rosidl_generator_c__visibility_control.h
[6.970s] -- Up-to-date: /home/rosnoetic/rm_shaobing_vision/install/buff_interfaces/include/buff_interfaces/buff_interfaces/msg/rune_info.h
[6.970s] -- Up-to-date: /home/rosnoetic/rm_shaobing_vision/install/buff_interfaces/include/buff_interfaces/buff_interfaces/msg/detail
[6.971s] -- Up-to-date: /home/rosnoetic/rm_shaobing_vision/install/buff_interfaces/include/buff_interfaces/buff_interfaces/msg/detail/rune_info__struct.h
[6.971s] -- Up-to-date: /home/rosnoetic/rm_shaobing_vision/install/buff_interfaces/include/buff_interfaces/buff_interfaces/msg/detail/debug_blade_array__struct.h
[6.972s] -- Up-to-date: /home/rosnoetic/rm_shaobing_vision/install/buff_interfaces/include/buff_interfaces/buff_interfaces/msg/detail/debug_blade_array__functions.c
[6.972s] -- Up-to-date: /home/rosnoetic/rm_shaobing_vision/install/buff_interfaces/include/buff_interfaces/buff_interfaces/msg/detail/blade_array__struct.h
[6.972s] -- Up-to-date: /home/rosnoetic/rm_shaobing_vision/install/buff_interfaces/include/buff_interfaces/buff_interfaces/msg/detail/rune_info__functions.c
[6.973s] -- Up-to-date: /home/rosnoetic/rm_shaobing_vision/install/buff_interfaces/include/buff_interfaces/buff_interfaces/msg/detail/debug_blade__type_support.h
[6.973s] -- Up-to-date: /home/rosnoetic/rm_shaobing_vision/install/buff_interfaces/include/buff_interfaces/buff_interfaces/msg/detail/blade__struct.h
[6.973s] -- Up-to-date: /home/rosnoetic/rm_shaobing_vision/install/buff_interfaces/include/buff_interfaces/buff_interfaces/msg/detail/debug_blade__functions.h
[6.974s] -- Up-to-date: /home/rosnoetic/rm_shaobing_vision/install/buff_interfaces/include/buff_interfaces/buff_interfaces/msg/detail/rune__functions.c
[6.974s] -- Up-to-date: /home/rosnoetic/rm_shaobing_vision/install/buff_interfaces/include/buff_interfaces/buff_interfaces/msg/detail/blade__functions.c
[6.974s] -- Up-to-date: /home/rosnoetic/rm_shaobing_vision/install/buff_interfaces/include/buff_interfaces/buff_interfaces/msg/detail/blade__functions.h
[6.974s] -- Up-to-date: /home/rosnoetic/rm_shaobing_vision/install/buff_interfaces/include/buff_interfaces/buff_interfaces/msg/detail/blade__type_support.h
[6.975s] -- Up-to-date: /home/rosnoetic/rm_shaobing_vision/install/buff_interfaces/include/buff_interfaces/buff_interfaces/msg/detail/rune__functions.h
[6.975s] -- Up-to-date: /home/rosnoetic/rm_shaobing_vision/install/buff_interfaces/include/buff_interfaces/buff_interfaces/msg/detail/blade_array__type_support.h
[6.975s] -- Up-to-date: /home/rosnoetic/rm_shaobing_vision/install/buff_interfaces/include/buff_interfaces/buff_interfaces/msg/detail/debug_blade_array__type_support.h
[6.976s] -- Up-to-date: /home/rosnoetic/rm_shaobing_vision/install/buff_interfaces/include/buff_interfaces/buff_interfaces/msg/detail/time_info__functions.c
[6.976s] -- Up-to-date: /home/rosnoetic/rm_shaobing_vision/install/buff_interfaces/include/buff_interfaces/buff_interfaces/msg/detail/rune_info__type_support.h
[6.978s] -- Up-to-date: /home/rosnoetic/rm_shaobing_vision/install/buff_interfaces/include/buff_interfaces/buff_interfaces/msg/detail/time_info__type_support.h
[6.979s] -- Up-to-date: /home/rosnoetic/rm_shaobing_vision/install/buff_interfaces/include/buff_interfaces/buff_interfaces/msg/detail/blade_array__functions.c
[6.979s] -- Up-to-date: /home/rosnoetic/rm_shaobing_vision/install/buff_interfaces/include/buff_interfaces/buff_interfaces/msg/detail/rune__type_support.h
[6.982s] -- Up-to-date: /home/rosnoetic/rm_shaobing_vision/install/buff_interfaces/include/buff_interfaces/buff_interfaces/msg/detail/debug_blade__functions.c
[6.988s] -- Up-to-date: /home/rosnoetic/rm_shaobing_vision/install/buff_interfaces/include/buff_interfaces/buff_interfaces/msg/detail/debug_blade_array__functions.h
[6.988s] -- Up-to-date: /home/rosnoetic/rm_shaobing_vision/install/buff_interfaces/include/buff_interfaces/buff_interfaces/msg/detail/blade_array__functions.h
[6.988s] -- Up-to-date: /home/rosnoetic/rm_shaobing_vision/install/buff_interfaces/include/buff_interfaces/buff_interfaces/msg/detail/time_info__functions.h
[6.989s] -- Up-to-date: /home/rosnoetic/rm_shaobing_vision/install/buff_interfaces/include/buff_interfaces/buff_interfaces/msg/detail/rune_info__functions.h
[6.989s] -- Up-to-date: /home/rosnoetic/rm_shaobing_vision/install/buff_interfaces/include/buff_interfaces/buff_interfaces/msg/detail/time_info__struct.h
[6.990s] -- Up-to-date: /home/rosnoetic/rm_shaobing_vision/install/buff_interfaces/include/buff_interfaces/buff_interfaces/msg/detail/rune__struct.h
[6.990s] -- Up-to-date: /home/rosnoetic/rm_shaobing_vision/install/buff_interfaces/include/buff_interfaces/buff_interfaces/msg/detail/debug_blade__struct.h
[6.990s] -- Up-to-date: /home/rosnoetic/rm_shaobing_vision/install/buff_interfaces/share/buff_interfaces/environment/library_path.sh
[6.991s] -- Up-to-date: /home/rosnoetic/rm_shaobing_vision/install/buff_interfaces/share/buff_interfaces/environment/library_path.dsv
[6.992s] -- Up-to-date: /home/rosnoetic/rm_shaobing_vision/install/buff_interfaces/lib/libbuff_interfaces__rosidl_generator_c.so
[6.992s] -- Up-to-date: /home/rosnoetic/rm_shaobing_vision/install/buff_interfaces/include/buff_interfaces/buff_interfaces
[6.994s] -- Up-to-date: /home/rosnoetic/rm_shaobing_vision/install/buff_interfaces/include/buff_interfaces/buff_interfaces/msg
[6.994s] -- Up-to-date: /home/rosnoetic/rm_shaobing_vision/install/buff_interfaces/include/buff_interfaces/buff_interfaces/msg/rosidl_typesupport_fastrtps_c__visibility_control.h
[6.994s] -- Up-to-date: /home/rosnoetic/rm_shaobing_vision/install/buff_interfaces/include/buff_interfaces/buff_interfaces/msg/detail
[6.995s] -- Up-to-date: /home/rosnoetic/rm_shaobing_vision/install/buff_interfaces/include/buff_interfaces/buff_interfaces/msg/detail/rune_info__rosidl_typesupport_fastrtps_c.h
[6.995s] -- Up-to-date: /home/rosnoetic/rm_shaobing_vision/install/buff_interfaces/include/buff_interfaces/buff_interfaces/msg/detail/time_info__rosidl_typesupport_fastrtps_c.h
[6.995s] -- Up-to-date: /home/rosnoetic/rm_shaobing_vision/install/buff_interfaces/include/buff_interfaces/buff_interfaces/msg/detail/rune__rosidl_typesupport_fastrtps_c.h
[6.996s] -- Up-to-date: /home/rosnoetic/rm_shaobing_vision/install/buff_interfaces/include/buff_interfaces/buff_interfaces/msg/detail/debug_blade__rosidl_typesupport_fastrtps_c.h
[6.996s] -- Up-to-date: /home/rosnoetic/rm_shaobing_vision/install/buff_interfaces/include/buff_interfaces/buff_interfaces/msg/detail/blade_array__rosidl_typesupport_fastrtps_c.h
[6.996s] -- Up-to-date: /home/rosnoetic/rm_shaobing_vision/install/buff_interfaces/include/buff_interfaces/buff_interfaces/msg/detail/blade__rosidl_typesupport_fastrtps_c.h
[6.996s] -- Up-to-date: /home/rosnoetic/rm_shaobing_vision/install/buff_interfaces/include/buff_interfaces/buff_interfaces/msg/detail/debug_blade_array__rosidl_typesupport_fastrtps_c.h
[6.997s] -- Up-to-date: /home/rosnoetic/rm_shaobing_vision/install/buff_interfaces/lib/libbuff_interfaces__rosidl_typesupport_fastrtps_c.so
[6.997s] -- Up-to-date: /home/rosnoetic/rm_shaobing_vision/install/buff_interfaces/include/buff_interfaces/buff_interfaces
[6.997s] -- Up-to-date: /home/rosnoetic/rm_shaobing_vision/install/buff_interfaces/include/buff_interfaces/buff_interfaces/msg
[6.998s] -- Up-to-date: /home/rosnoetic/rm_shaobing_vision/install/buff_interfaces/include/buff_interfaces/buff_interfaces/msg/rosidl_typesupport_introspection_c__visibility_control.h
[6.998s] -- Up-to-date: /home/rosnoetic/rm_shaobing_vision/install/buff_interfaces/include/buff_interfaces/buff_interfaces/msg/detail
[6.998s] -- Up-to-date: /home/rosnoetic/rm_shaobing_vision/install/buff_interfaces/include/buff_interfaces/buff_interfaces/msg/detail/time_info__type_support.c
[6.998s] -- Up-to-date: /home/rosnoetic/rm_shaobing_vision/install/buff_interfaces/include/buff_interfaces/buff_interfaces/msg/detail/rune__type_support.c
[6.999s] -- Up-to-date: /home/rosnoetic/rm_shaobing_vision/install/buff_interfaces/include/buff_interfaces/buff_interfaces/msg/detail/rune__rosidl_typesupport_introspection_c.h
[6.999s] -- Up-to-date: /home/rosnoetic/rm_shaobing_vision/install/buff_interfaces/include/buff_interfaces/buff_interfaces/msg/detail/debug_blade_array__rosidl_typesupport_introspection_c.h
[7.000s] -- Up-to-date: /home/rosnoetic/rm_shaobing_vision/install/buff_interfaces/include/buff_interfaces/buff_interfaces/msg/detail/blade_array__rosidl_typesupport_introspection_c.h
[7.000s] -- Up-to-date: /home/rosnoetic/rm_shaobing_vision/install/buff_interfaces/include/buff_interfaces/buff_interfaces/msg/detail/blade_array__type_support.c
[7.000s] -- Up-to-date: /home/rosnoetic/rm_shaobing_vision/install/buff_interfaces/include/buff_interfaces/buff_interfaces/msg/detail/blade__rosidl_typesupport_introspection_c.h
[7.001s] -- Up-to-date: /home/rosnoetic/rm_shaobing_vision/install/buff_interfaces/include/buff_interfaces/buff_interfaces/msg/detail/rune_info__rosidl_typesupport_introspection_c.h
[7.001s] -- Up-to-date: /home/rosnoetic/rm_shaobing_vision/install/buff_interfaces/include/buff_interfaces/buff_interfaces/msg/detail/debug_blade_array__type_support.c
[7.001s] -- Up-to-date: /home/rosnoetic/rm_shaobing_vision/install/buff_interfaces/include/buff_interfaces/buff_interfaces/msg/detail/rune_info__type_support.c
[7.002s] -- Up-to-date: /home/rosnoetic/rm_shaobing_vision/install/buff_interfaces/include/buff_interfaces/buff_interfaces/msg/detail/time_info__rosidl_typesupport_introspection_c.h
[7.002s] -- Up-to-date: /home/rosnoetic/rm_shaobing_vision/install/buff_interfaces/include/buff_interfaces/buff_interfaces/msg/detail/debug_blade__type_support.c
[7.002s] -- Up-to-date: /home/rosnoetic/rm_shaobing_vision/install/buff_interfaces/include/buff_interfaces/buff_interfaces/msg/detail/blade__type_support.c
[7.003s] -- Up-to-date: /home/rosnoetic/rm_shaobing_vision/install/buff_interfaces/include/buff_interfaces/buff_interfaces/msg/detail/debug_blade__rosidl_typesupport_introspection_c.h
[7.008s] -- Up-to-date: /home/rosnoetic/rm_shaobing_vision/install/buff_interfaces/lib/libbuff_interfaces__rosidl_typesupport_introspection_c.so
[7.008s] -- Up-to-date: /home/rosnoetic/rm_shaobing_vision/install/buff_interfaces/lib/libbuff_interfaces__rosidl_typesupport_c.so
[7.008s] -- Up-to-date: /home/rosnoetic/rm_shaobing_vision/install/buff_interfaces/include/buff_interfaces/buff_interfaces
[7.009s] -- Up-to-date: /home/rosnoetic/rm_shaobing_vision/install/buff_interfaces/include/buff_interfaces/buff_interfaces/msg
[7.009s] -- Up-to-date: /home/rosnoetic/rm_shaobing_vision/install/buff_interfaces/include/buff_interfaces/buff_interfaces/msg/debug_blade_array.hpp
[7.009s] -- Up-to-date: /home/rosnoetic/rm_shaobing_vision/install/buff_interfaces/include/buff_interfaces/buff_interfaces/msg/blade.hpp
[7.016s] -- Up-to-date: /home/rosnoetic/rm_shaobing_vision/install/buff_interfaces/include/buff_interfaces/buff_interfaces/msg/debug_blade.hpp
[7.016s] -- Up-to-date: /home/rosnoetic/rm_shaobing_vision/install/buff_interfaces/include/buff_interfaces/buff_interfaces/msg/rune.hpp
[7.016s] -- Up-to-date: /home/rosnoetic/rm_shaobing_vision/install/buff_interfaces/include/buff_interfaces/buff_interfaces/msg/blade_array.hpp
[7.017s] -- Up-to-date: /home/rosnoetic/rm_shaobing_vision/install/buff_interfaces/include/buff_interfaces/buff_interfaces/msg/rune_info.hpp
[7.017s] -- Up-to-date: /home/rosnoetic/rm_shaobing_vision/install/buff_interfaces/include/buff_interfaces/buff_interfaces/msg/time_info.hpp
[7.017s] -- Up-to-date: /home/rosnoetic/rm_shaobing_vision/install/buff_interfaces/include/buff_interfaces/buff_interfaces/msg/detail
[7.018s] -- Up-to-date: /home/rosnoetic/rm_shaobing_vision/install/buff_interfaces/include/buff_interfaces/buff_interfaces/msg/detail/blade_array__traits.hpp
[7.018s] -- Up-to-date: /home/rosnoetic/rm_shaobing_vision/install/buff_interfaces/include/buff_interfaces/buff_interfaces/msg/detail/time_info__struct.hpp
[7.018s] -- Up-to-date: /home/rosnoetic/rm_shaobing_vision/install/buff_interfaces/include/buff_interfaces/buff_interfaces/msg/detail/debug_blade_array__struct.hpp
[7.019s] -- Up-to-date: /home/rosnoetic/rm_shaobing_vision/install/buff_interfaces/include/buff_interfaces/buff_interfaces/msg/detail/debug_blade_array__builder.hpp
[7.019s] -- Up-to-date: /home/rosnoetic/rm_shaobing_vision/install/buff_interfaces/include/buff_interfaces/buff_interfaces/msg/detail/debug_blade__traits.hpp
[7.022s] -- Up-to-date: /home/rosnoetic/rm_shaobing_vision/install/buff_interfaces/include/buff_interfaces/buff_interfaces/msg/detail/debug_blade_array__traits.hpp
[7.023s] -- Up-to-date: /home/rosnoetic/rm_shaobing_vision/install/buff_interfaces/include/buff_interfaces/buff_interfaces/msg/detail/blade__builder.hpp
[7.023s] -- Up-to-date: /home/rosnoetic/rm_shaobing_vision/install/buff_interfaces/include/buff_interfaces/buff_interfaces/msg/detail/blade_array__struct.hpp
[7.024s] -- Up-to-date: /home/rosnoetic/rm_shaobing_vision/install/buff_interfaces/include/buff_interfaces/buff_interfaces/msg/detail/debug_blade__struct.hpp
[7.024s] -- Up-to-date: /home/rosnoetic/rm_shaobing_vision/install/buff_interfaces/include/buff_interfaces/buff_interfaces/msg/detail/blade__struct.hpp
[7.025s] -- Up-to-date: /home/rosnoetic/rm_shaobing_vision/install/buff_interfaces/include/buff_interfaces/buff_interfaces/msg/detail/blade_array__builder.hpp
[7.030s] -- Up-to-date: /home/rosnoetic/rm_shaobing_vision/install/buff_interfaces/include/buff_interfaces/buff_interfaces/msg/detail/rune__struct.hpp
[7.030s] -- Up-to-date: /home/rosnoetic/rm_shaobing_vision/install/buff_interfaces/include/buff_interfaces/buff_interfaces/msg/detail/time_info__builder.hpp
[7.031s] -- Up-to-date: /home/rosnoetic/rm_shaobing_vision/install/buff_interfaces/include/buff_interfaces/buff_interfaces/msg/detail/rune_info__builder.hpp
[7.031s] -- Up-to-date: /home/rosnoetic/rm_shaobing_vision/install/buff_interfaces/include/buff_interfaces/buff_interfaces/msg/detail/rune_info__struct.hpp
[7.031s] -- Up-to-date: /home/rosnoetic/rm_shaobing_vision/install/buff_interfaces/include/buff_interfaces/buff_interfaces/msg/detail/blade__traits.hpp
[7.032s] -- Up-to-date: /home/rosnoetic/rm_shaobing_vision/install/buff_interfaces/include/buff_interfaces/buff_interfaces/msg/detail/rune__builder.hpp
[7.032s] -- Up-to-date: /home/rosnoetic/rm_shaobing_vision/install/buff_interfaces/include/buff_interfaces/buff_interfaces/msg/detail/rune_info__traits.hpp
[7.032s] -- Up-to-date: /home/rosnoetic/rm_shaobing_vision/install/buff_interfaces/include/buff_interfaces/buff_interfaces/msg/detail/rune__traits.hpp
[7.033s] -- Up-to-date: /home/rosnoetic/rm_shaobing_vision/install/buff_interfaces/include/buff_interfaces/buff_interfaces/msg/detail/debug_blade__builder.hpp
[7.033s] -- Up-to-date: /home/rosnoetic/rm_shaobing_vision/install/buff_interfaces/include/buff_interfaces/buff_interfaces/msg/detail/time_info__traits.hpp
[7.033s] -- Up-to-date: /home/rosnoetic/rm_shaobing_vision/install/buff_interfaces/include/buff_interfaces/buff_interfaces
[7.034s] -- Up-to-date: /home/rosnoetic/rm_shaobing_vision/install/buff_interfaces/include/buff_interfaces/buff_interfaces/msg
[7.034s] -- Up-to-date: /home/rosnoetic/rm_shaobing_vision/install/buff_interfaces/include/buff_interfaces/buff_interfaces/msg/rosidl_typesupport_fastrtps_cpp__visibility_control.h
[7.034s] -- Up-to-date: /home/rosnoetic/rm_shaobing_vision/install/buff_interfaces/include/buff_interfaces/buff_interfaces/msg/detail
[7.035s] -- Up-to-date: /home/rosnoetic/rm_shaobing_vision/install/buff_interfaces/include/buff_interfaces/buff_interfaces/msg/detail/rune__rosidl_typesupport_fastrtps_cpp.hpp
[7.035s] -- Up-to-date: /home/rosnoetic/rm_shaobing_vision/install/buff_interfaces/include/buff_interfaces/buff_interfaces/msg/detail/time_info__rosidl_typesupport_fastrtps_cpp.hpp
[7.035s] -- Up-to-date: /home/rosnoetic/rm_shaobing_vision/install/buff_interfaces/include/buff_interfaces/buff_interfaces/msg/detail/blade_array__rosidl_typesupport_fastrtps_cpp.hpp
[7.036s] -- Up-to-date: /home/rosnoetic/rm_shaobing_vision/install/buff_interfaces/include/buff_interfaces/buff_interfaces/msg/detail/debug_blade__rosidl_typesupport_fastrtps_cpp.hpp
[7.036s] -- Up-to-date: /home/rosnoetic/rm_shaobing_vision/install/buff_interfaces/include/buff_interfaces/buff_interfaces/msg/detail/dds_fastrtps
[7.036s] -- Up-to-date: /home/rosnoetic/rm_shaobing_vision/install/buff_interfaces/include/buff_interfaces/buff_interfaces/msg/detail/rune_info__rosidl_typesupport_fastrtps_cpp.hpp
[7.037s] -- Up-to-date: /home/rosnoetic/rm_shaobing_vision/install/buff_interfaces/include/buff_interfaces/buff_interfaces/msg/detail/debug_blade_array__rosidl_typesupport_fastrtps_cpp.hpp
[7.047s] -- Up-to-date: /home/rosnoetic/rm_shaobing_vision/install/buff_interfaces/include/buff_interfaces/buff_interfaces/msg/detail/blade__rosidl_typesupport_fastrtps_cpp.hpp
[7.048s] -- Up-to-date: /home/rosnoetic/rm_shaobing_vision/install/buff_interfaces/lib/libbuff_interfaces__rosidl_typesupport_fastrtps_cpp.so
[7.048s] -- Up-to-date: /home/rosnoetic/rm_shaobing_vision/install/buff_interfaces/include/buff_interfaces/buff_interfaces
[7.048s] -- Up-to-date: /home/rosnoetic/rm_shaobing_vision/install/buff_interfaces/include/buff_interfaces/buff_interfaces/msg
[7.049s] -- Up-to-date: /home/rosnoetic/rm_shaobing_vision/install/buff_interfaces/include/buff_interfaces/buff_interfaces/msg/detail
[7.049s] -- Up-to-date: /home/rosnoetic/rm_shaobing_vision/install/buff_interfaces/include/buff_interfaces/buff_interfaces/msg/detail/debug_blade_array__rosidl_typesupport_introspection_cpp.hpp
[7.049s] -- Up-to-date: /home/rosnoetic/rm_shaobing_vision/install/buff_interfaces/include/buff_interfaces/buff_interfaces/msg/detail/rune__type_support.cpp
[7.050s] -- Up-to-date: /home/rosnoetic/rm_shaobing_vision/install/buff_interfaces/include/buff_interfaces/buff_interfaces/msg/detail/debug_blade__rosidl_typesupport_introspection_cpp.hpp
[7.050s] -- Up-to-date: /home/rosnoetic/rm_shaobing_vision/install/buff_interfaces/include/buff_interfaces/buff_interfaces/msg/detail/blade__rosidl_typesupport_introspection_cpp.hpp
[7.050s] -- Up-to-date: /home/rosnoetic/rm_shaobing_vision/install/buff_interfaces/include/buff_interfaces/buff_interfaces/msg/detail/blade_array__rosidl_typesupport_introspection_cpp.hpp
[7.051s] -- Up-to-date: /home/rosnoetic/rm_shaobing_vision/install/buff_interfaces/include/buff_interfaces/buff_interfaces/msg/detail/debug_blade__type_support.cpp
[7.051s] -- Up-to-date: /home/rosnoetic/rm_shaobing_vision/install/buff_interfaces/include/buff_interfaces/buff_interfaces/msg/detail/rune_info__rosidl_typesupport_introspection_cpp.hpp
[7.052s] -- Up-to-date: /home/rosnoetic/rm_shaobing_vision/install/buff_interfaces/include/buff_interfaces/buff_interfaces/msg/detail/blade__type_support.cpp
[7.052s] -- Up-to-date: /home/rosnoetic/rm_shaobing_vision/install/buff_interfaces/include/buff_interfaces/buff_interfaces/msg/detail/blade_array__type_support.cpp
[7.053s] -- Up-to-date: /home/rosnoetic/rm_shaobing_vision/install/buff_interfaces/include/buff_interfaces/buff_interfaces/msg/detail/rune__rosidl_typesupport_introspection_cpp.hpp
[7.053s] -- Up-to-date: /home/rosnoetic/rm_shaobing_vision/install/buff_interfaces/include/buff_interfaces/buff_interfaces/msg/detail/time_info__rosidl_typesupport_introspection_cpp.hpp
[7.054s] -- Up-to-date: /home/rosnoetic/rm_shaobing_vision/install/buff_interfaces/include/buff_interfaces/buff_interfaces/msg/detail/debug_blade_array__type_support.cpp
[7.054s] -- Up-to-date: /home/rosnoetic/rm_shaobing_vision/install/buff_interfaces/include/buff_interfaces/buff_interfaces/msg/detail/rune_info__type_support.cpp
[7.055s] -- Up-to-date: /home/rosnoetic/rm_shaobing_vision/install/buff_interfaces/include/buff_interfaces/buff_interfaces/msg/detail/time_info__type_support.cpp
[7.055s] -- Up-to-date: /home/rosnoetic/rm_shaobing_vision/install/buff_interfaces/lib/libbuff_interfaces__rosidl_typesupport_introspection_cpp.so
[7.056s] -- Up-to-date: /home/rosnoetic/rm_shaobing_vision/install/buff_interfaces/lib/libbuff_interfaces__rosidl_typesupport_cpp.so
[7.056s] -- Up-to-date: /home/rosnoetic/rm_shaobing_vision/install/buff_interfaces/share/buff_interfaces/environment/pythonpath.sh
[7.056s] -- Up-to-date: /home/rosnoetic/rm_shaobing_vision/install/buff_interfaces/share/buff_interfaces/environment/pythonpath.dsv
[7.057s] -- Up-to-date: /home/rosnoetic/rm_shaobing_vision/install/buff_interfaces/local/lib/python3.10/dist-packages/buff_interfaces-1.0.0-py3.10.egg-info
[7.057s] -- Installing: /home/rosnoetic/rm_shaobing_vision/install/buff_interfaces/local/lib/python3.10/dist-packages/buff_interfaces-1.0.0-py3.10.egg-info/top_level.txt
[7.058s] -- Installing: /home/rosnoetic/rm_shaobing_vision/install/buff_interfaces/local/lib/python3.10/dist-packages/buff_interfaces-1.0.0-py3.10.egg-info/dependency_links.txt
[7.058s] -- Installing: /home/rosnoetic/rm_shaobing_vision/install/buff_interfaces/local/lib/python3.10/dist-packages/buff_interfaces-1.0.0-py3.10.egg-info/PKG-INFO
[7.058s] -- Installing: /home/rosnoetic/rm_shaobing_vision/install/buff_interfaces/local/lib/python3.10/dist-packages/buff_interfaces-1.0.0-py3.10.egg-info/SOURCES.txt
[7.063s] -- Up-to-date: /home/rosnoetic/rm_shaobing_vision/install/buff_interfaces/local/lib/python3.10/dist-packages/buff_interfaces
[7.063s] -- Up-to-date: /home/rosnoetic/rm_shaobing_vision/install/buff_interfaces/local/lib/python3.10/dist-packages/buff_interfaces/__init__.py
[7.064s] -- Up-to-date: /home/rosnoetic/rm_shaobing_vision/install/buff_interfaces/local/lib/python3.10/dist-packages/buff_interfaces/buff_interfaces_s__rosidl_typesupport_introspection_c.cpython-310-x86_64-linux-gnu.so
[7.064s] -- Up-to-date: /home/rosnoetic/rm_shaobing_vision/install/buff_interfaces/local/lib/python3.10/dist-packages/buff_interfaces/msg
[7.064s] -- Up-to-date: /home/rosnoetic/rm_shaobing_vision/install/buff_interfaces/local/lib/python3.10/dist-packages/buff_interfaces/msg/_rune.py
[7.065s] -- Up-to-date: /home/rosnoetic/rm_shaobing_vision/install/buff_interfaces/local/lib/python3.10/dist-packages/buff_interfaces/msg/_rune_s.c
[7.065s] -- Up-to-date: /home/rosnoetic/rm_shaobing_vision/install/buff_interfaces/local/lib/python3.10/dist-packages/buff_interfaces/msg/_debug_blade.py
[7.065s] -- Up-to-date: /home/rosnoetic/rm_shaobing_vision/install/buff_interfaces/local/lib/python3.10/dist-packages/buff_interfaces/msg/__init__.py
[7.066s] -- Up-to-date: /home/rosnoetic/rm_shaobing_vision/install/buff_interfaces/local/lib/python3.10/dist-packages/buff_interfaces/msg/_blade.py
[7.066s] -- Up-to-date: /home/rosnoetic/rm_shaobing_vision/install/buff_interfaces/local/lib/python3.10/dist-packages/buff_interfaces/msg/_blade_array.py
[7.066s] -- Up-to-date: /home/rosnoetic/rm_shaobing_vision/install/buff_interfaces/local/lib/python3.10/dist-packages/buff_interfaces/msg/_debug_blade_s.c
[7.067s] -- Up-to-date: /home/rosnoetic/rm_shaobing_vision/install/buff_interfaces/local/lib/python3.10/dist-packages/buff_interfaces/msg/_time_info_s.c
[7.067s] -- Up-to-date: /home/rosnoetic/rm_shaobing_vision/install/buff_interfaces/local/lib/python3.10/dist-packages/buff_interfaces/msg/_blade_s.c
[7.067s] -- Up-to-date: /home/rosnoetic/rm_shaobing_vision/install/buff_interfaces/local/lib/python3.10/dist-packages/buff_interfaces/msg/_debug_blade_array.py
[7.067s] -- Up-to-date: /home/rosnoetic/rm_shaobing_vision/install/buff_interfaces/local/lib/python3.10/dist-packages/buff_interfaces/msg/_time_info.py
[7.068s] -- Up-to-date: /home/rosnoetic/rm_shaobing_vision/install/buff_interfaces/local/lib/python3.10/dist-packages/buff_interfaces/msg/_rune_info.py
[7.068s] -- Up-to-date: /home/rosnoetic/rm_shaobing_vision/install/buff_interfaces/local/lib/python3.10/dist-packages/buff_interfaces/msg/_rune_info_s.c
[7.069s] -- Up-to-date: /home/rosnoetic/rm_shaobing_vision/install/buff_interfaces/local/lib/python3.10/dist-packages/buff_interfaces/msg/_debug_blade_array_s.c
[7.069s] -- Up-to-date: /home/rosnoetic/rm_shaobing_vision/install/buff_interfaces/local/lib/python3.10/dist-packages/buff_interfaces/msg/_blade_array_s.c
[7.069s] -- Up-to-date: /home/rosnoetic/rm_shaobing_vision/install/buff_interfaces/local/lib/python3.10/dist-packages/buff_interfaces/libbuff_interfaces__rosidl_generator_py.so
[7.070s] -- Up-to-date: /home/rosnoetic/rm_shaobing_vision/install/buff_interfaces/local/lib/python3.10/dist-packages/buff_interfaces/buff_interfaces_s__rosidl_typesupport_c.cpython-310-x86_64-linux-gnu.so
[7.070s] -- Up-to-date: /home/rosnoetic/rm_shaobing_vision/install/buff_interfaces/local/lib/python3.10/dist-packages/buff_interfaces/_buff_interfaces_s.ep.rosidl_typesupport_c.c
[7.070s] -- Up-to-date: /home/rosnoetic/rm_shaobing_vision/install/buff_interfaces/local/lib/python3.10/dist-packages/buff_interfaces/_buff_interfaces_s.ep.rosidl_typesupport_introspection_c.c
[7.071s] -- Up-to-date: /home/rosnoetic/rm_shaobing_vision/install/buff_interfaces/local/lib/python3.10/dist-packages/buff_interfaces/buff_interfaces_s__rosidl_typesupport_fastrtps_c.cpython-310-x86_64-linux-gnu.so
[7.071s] -- Up-to-date: /home/rosnoetic/rm_shaobing_vision/install/buff_interfaces/local/lib/python3.10/dist-packages/buff_interfaces/_buff_interfaces_s.ep.rosidl_typesupport_fastrtps_c.c
[7.214s] Listing '/home/rosnoetic/rm_shaobing_vision/install/buff_interfaces/local/lib/python3.10/dist-packages/buff_interfaces'...
[7.214s] Listing '/home/rosnoetic/rm_shaobing_vision/install/buff_interfaces/local/lib/python3.10/dist-packages/buff_interfaces/msg'...
[7.223s] -- Up-to-date: /home/rosnoetic/rm_shaobing_vision/install/buff_interfaces/local/lib/python3.10/dist-packages/buff_interfaces/buff_interfaces_s__rosidl_typesupport_fastrtps_c.cpython-310-x86_64-linux-gnu.so
[7.229s] -- Up-to-date: /home/rosnoetic/rm_shaobing_vision/install/buff_interfaces/local/lib/python3.10/dist-packages/buff_interfaces/buff_interfaces_s__rosidl_typesupport_introspection_c.cpython-310-x86_64-linux-gnu.so
[7.238s] -- Up-to-date: /home/rosnoetic/rm_shaobing_vision/install/buff_interfaces/local/lib/python3.10/dist-packages/buff_interfaces/buff_interfaces_s__rosidl_typesupport_c.cpython-310-x86_64-linux-gnu.so
[7.242s] -- Up-to-date: /home/rosnoetic/rm_shaobing_vision/install/buff_interfaces/lib/libbuff_interfaces__rosidl_generator_py.so
[7.245s] -- Up-to-date: /home/rosnoetic/rm_shaobing_vision/install/buff_interfaces/share/buff_interfaces/msg/Blade.idl
[7.245s] -- Up-to-date: /home/rosnoetic/rm_shaobing_vision/install/buff_interfaces/share/buff_interfaces/msg/BladeArray.idl
[7.246s] -- Up-to-date: /home/rosnoetic/rm_shaobing_vision/install/buff_interfaces/share/buff_interfaces/msg/DebugBlade.idl
[7.246s] -- Up-to-date: /home/rosnoetic/rm_shaobing_vision/install/buff_interfaces/share/buff_interfaces/msg/DebugBladeArray.idl
[7.247s] -- Up-to-date: /home/rosnoetic/rm_shaobing_vision/install/buff_interfaces/share/buff_interfaces/msg/Rune.idl
[7.247s] -- Up-to-date: /home/rosnoetic/rm_shaobing_vision/install/buff_interfaces/share/buff_interfaces/msg/RuneInfo.idl
[7.247s] -- Up-to-date: /home/rosnoetic/rm_shaobing_vision/install/buff_interfaces/share/buff_interfaces/msg/TimeInfo.idl
[7.248s] -- Up-to-date: /home/rosnoetic/rm_shaobing_vision/install/buff_interfaces/share/buff_interfaces/msg/Blade.msg
[7.248s] -- Up-to-date: /home/rosnoetic/rm_shaobing_vision/install/buff_interfaces/share/buff_interfaces/msg/BladeArray.msg
[7.248s] -- Up-to-date: /home/rosnoetic/rm_shaobing_vision/install/buff_interfaces/share/buff_interfaces/msg/DebugBlade.msg
[7.249s] -- Up-to-date: /home/rosnoetic/rm_shaobing_vision/install/buff_interfaces/share/buff_interfaces/msg/DebugBladeArray.msg
[7.249s] -- Up-to-date: /home/rosnoetic/rm_shaobing_vision/install/buff_interfaces/share/buff_interfaces/msg/Rune.msg
[7.249s] -- Up-to-date: /home/rosnoetic/rm_shaobing_vision/install/buff_interfaces/share/buff_interfaces/msg/RuneInfo.msg
[7.253s] -- Up-to-date: /home/rosnoetic/rm_shaobing_vision/install/buff_interfaces/share/buff_interfaces/msg/TimeInfo.msg
[7.253s] -- Up-to-date: /home/rosnoetic/rm_shaobing_vision/install/buff_interfaces/share/ament_index/resource_index/package_run_dependencies/buff_interfaces
[7.254s] -- Up-to-date: /home/rosnoetic/rm_shaobing_vision/install/buff_interfaces/share/ament_index/resource_index/parent_prefix_path/buff_interfaces
[7.254s] -- Up-to-date: /home/rosnoetic/rm_shaobing_vision/install/buff_interfaces/share/buff_interfaces/environment/ament_prefix_path.sh
[7.255s] -- Up-to-date: /home/rosnoetic/rm_shaobing_vision/install/buff_interfaces/share/buff_interfaces/environment/ament_prefix_path.dsv
[7.256s] -- Up-to-date: /home/rosnoetic/rm_shaobing_vision/install/buff_interfaces/share/buff_interfaces/environment/path.sh
[7.258s] -- Up-to-date: /home/rosnoetic/rm_shaobing_vision/install/buff_interfaces/share/buff_interfaces/environment/path.dsv
[7.259s] -- Up-to-date: /home/rosnoetic/rm_shaobing_vision/install/buff_interfaces/share/buff_interfaces/local_setup.bash
[7.259s] -- Up-to-date: /home/rosnoetic/rm_shaobing_vision/install/buff_interfaces/share/buff_interfaces/local_setup.sh
[7.262s] -- Up-to-date: /home/rosnoetic/rm_shaobing_vision/install/buff_interfaces/share/buff_interfaces/local_setup.zsh
[7.263s] -- Up-to-date: /home/rosnoetic/rm_shaobing_vision/install/buff_interfaces/share/buff_interfaces/local_setup.dsv
[7.263s] -- Installing: /home/rosnoetic/rm_shaobing_vision/install/buff_interfaces/share/buff_interfaces/package.dsv
[7.264s] -- Up-to-date: /home/rosnoetic/rm_shaobing_vision/install/buff_interfaces/share/ament_index/resource_index/packages/buff_interfaces
[7.264s] -- Up-to-date: /home/rosnoetic/rm_shaobing_vision/install/buff_interfaces/share/buff_interfaces/cmake/export_buff_interfaces__rosidl_generator_cExport.cmake
[7.265s] -- Up-to-date: /home/rosnoetic/rm_shaobing_vision/install/buff_interfaces/share/buff_interfaces/cmake/export_buff_interfaces__rosidl_generator_cExport-noconfig.cmake
[7.265s] -- Up-to-date: /home/rosnoetic/rm_shaobing_vision/install/buff_interfaces/share/buff_interfaces/cmake/export_buff_interfaces__rosidl_typesupport_fastrtps_cExport.cmake
[7.265s] -- Up-to-date: /home/rosnoetic/rm_shaobing_vision/install/buff_interfaces/share/buff_interfaces/cmake/export_buff_interfaces__rosidl_typesupport_fastrtps_cExport-noconfig.cmake
[7.269s] -- Up-to-date: /home/rosnoetic/rm_shaobing_vision/install/buff_interfaces/share/buff_interfaces/cmake/buff_interfaces__rosidl_typesupport_introspection_cExport.cmake
[7.270s] -- Up-to-date: /home/rosnoetic/rm_shaobing_vision/install/buff_interfaces/share/buff_interfaces/cmake/buff_interfaces__rosidl_typesupport_introspection_cExport-noconfig.cmake
[7.270s] -- Up-to-date: /home/rosnoetic/rm_shaobing_vision/install/buff_interfaces/share/buff_interfaces/cmake/buff_interfaces__rosidl_typesupport_cExport.cmake
[7.273s] -- Up-to-date: /home/rosnoetic/rm_shaobing_vision/install/buff_interfaces/share/buff_interfaces/cmake/buff_interfaces__rosidl_typesupport_cExport-noconfig.cmake
[7.275s] -- Up-to-date: /home/rosnoetic/rm_shaobing_vision/install/buff_interfaces/share/buff_interfaces/cmake/export_buff_interfaces__rosidl_generator_cppExport.cmake
[7.275s] -- Up-to-date: /home/rosnoetic/rm_shaobing_vision/install/buff_interfaces/share/buff_interfaces/cmake/export_buff_interfaces__rosidl_typesupport_fastrtps_cppExport.cmake
[7.276s] -- Up-to-date: /home/rosnoetic/rm_shaobing_vision/install/buff_interfaces/share/buff_interfaces/cmake/export_buff_interfaces__rosidl_typesupport_fastrtps_cppExport-noconfig.cmake
[7.276s] -- Up-to-date: /home/rosnoetic/rm_shaobing_vision/install/buff_interfaces/share/buff_interfaces/cmake/buff_interfaces__rosidl_typesupport_introspection_cppExport.cmake
[7.276s] -- Up-to-date: /home/rosnoetic/rm_shaobing_vision/install/buff_interfaces/share/buff_interfaces/cmake/buff_interfaces__rosidl_typesupport_introspection_cppExport-noconfig.cmake
[7.277s] -- Up-to-date: /home/rosnoetic/rm_shaobing_vision/install/buff_interfaces/share/buff_interfaces/cmake/buff_interfaces__rosidl_typesupport_cppExport.cmake
[7.277s] -- Up-to-date: /home/rosnoetic/rm_shaobing_vision/install/buff_interfaces/share/buff_interfaces/cmake/buff_interfaces__rosidl_typesupport_cppExport-noconfig.cmake
[7.277s] -- Up-to-date: /home/rosnoetic/rm_shaobing_vision/install/buff_interfaces/share/buff_interfaces/cmake/export_buff_interfaces__rosidl_generator_pyExport.cmake
[7.278s] -- Up-to-date: /home/rosnoetic/rm_shaobing_vision/install/buff_interfaces/share/buff_interfaces/cmake/export_buff_interfaces__rosidl_generator_pyExport-noconfig.cmake
[7.281s] -- Up-to-date: /home/rosnoetic/rm_shaobing_vision/install/buff_interfaces/share/buff_interfaces/cmake/rosidl_cmake-extras.cmake
[7.281s] -- Up-to-date: /home/rosnoetic/rm_shaobing_vision/install/buff_interfaces/share/buff_interfaces/cmake/ament_cmake_export_dependencies-extras.cmake
[7.282s] -- Up-to-date: /home/rosnoetic/rm_shaobing_vision/install/buff_interfaces/share/buff_interfaces/cmake/ament_cmake_export_include_directories-extras.cmake
[7.283s] -- Up-to-date: /home/rosnoetic/rm_shaobing_vision/install/buff_interfaces/share/buff_interfaces/cmake/ament_cmake_export_libraries-extras.cmake
[7.283s] -- Up-to-date: /home/rosnoetic/rm_shaobing_vision/install/buff_interfaces/share/buff_interfaces/cmake/ament_cmake_export_targets-extras.cmake
[7.283s] -- Up-to-date: /home/rosnoetic/rm_shaobing_vision/install/buff_interfaces/share/buff_interfaces/cmake/rosidl_cmake_export_typesupport_targets-extras.cmake
[7.283s] -- Up-to-date: /home/rosnoetic/rm_shaobing_vision/install/buff_interfaces/share/buff_interfaces/cmake/rosidl_cmake_export_typesupport_libraries-extras.cmake
[7.284s] -- Up-to-date: /home/rosnoetic/rm_shaobing_vision/install/buff_interfaces/share/buff_interfaces/cmake/buff_interfacesConfig.cmake
[7.284s] -- Up-to-date: /home/rosnoetic/rm_shaobing_vision/install/buff_interfaces/share/buff_interfaces/cmake/buff_interfacesConfig-version.cmake
[7.288s] -- Up-to-date: /home/rosnoetic/rm_shaobing_vision/install/buff_interfaces/share/buff_interfaces/package.xml
[7.292s] Invoked command in '/home/rosnoetic/rm_shaobing_vision/build/buff_interfaces' returned '0': CMAKE_PREFIX_PATH=/home/rosnoetic/ros_ws/install/rm_vision_bringup:/home/rosnoetic/ros_ws/install/rm_serial_driver:/home/rosnoetic/ros_ws/install/rm_gimbal_description:/home/rosnoetic/ros_ws/install/hik_camera:/home/rosnoetic/ros_ws/install/armor_tracker:/home/rosnoetic/ros_ws/install/armor_detector:/home/rosnoetic/ros_ws/install/auto_aim_interfaces:/opt/ros/humble /usr/bin/cmake --install /home/rosnoetic/rm_shaobing_vision/build/buff_interfaces
