[0.018s] Invoking command in '/home/nuc/rm_vision_ws/build/rm_auto_record': CMAKE_PREFIX_PATH=${CMAKE_PREFIX_PATH}:/opt/ros/humble /usr/bin/cmake --build /home/nuc/rm_vision_ws/build/rm_auto_record -- -j16 -l16
[0.069s] [ 50%] Built target rm_auto_record_node
[0.081s] [100%] Built target rm_auto_record
[0.102s] Invoked command in '/home/nuc/rm_vision_ws/build/rm_auto_record' returned '0': CMAKE_PREFIX_PATH=${CMAKE_PREFIX_PATH}:/opt/ros/humble /usr/bin/cmake --build /home/nuc/rm_vision_ws/build/rm_auto_record -- -j16 -l16
[0.137s] Invoking command in '/home/nuc/rm_vision_ws/build/rm_auto_record': CMAKE_PREFIX_PATH=${CMAKE_PREFIX_PATH}:/opt/ros/humble /usr/bin/cmake --install /home/nuc/rm_vision_ws/build/rm_auto_record
[0.143s] -- Install configuration: ""
[0.143s] -- Execute custom install script
[0.143s] -- Up-to-date symlink: /home/nuc/rm_vision_ws/install/rm_auto_record/lib/rm_auto_record/rm_auto_record_node
[0.144s] -- Up-to-date symlink: /home/nuc/rm_vision_ws/install/rm_auto_record/include/rm_auto_record/record_node.hpp
[0.144s] -- Up-to-date symlink: /home/nuc/rm_vision_ws/install/rm_auto_record/share/rm_auto_record/environment/library_path.sh
[0.145s] -- Up-to-date symlink: /home/nuc/rm_vision_ws/install/rm_auto_record/share/rm_auto_record/environment/library_path.dsv
[0.145s] -- Up-to-date symlink: /home/nuc/rm_vision_ws/install/rm_auto_record/lib/librm_auto_record.so
[0.145s] -- Up-to-date symlink: /home/nuc/rm_vision_ws/install/rm_auto_record/share/rm_auto_record/config/node_params.yaml
[0.145s] -- Up-to-date symlink: /home/nuc/rm_vision_ws/install/rm_auto_record/share/rm_auto_record/launch/auto_record.launch.py
[0.146s] -- Up-to-date symlink: /home/nuc/rm_vision_ws/install/rm_auto_record/share/ament_index/resource_index/package_run_dependencies/rm_auto_record
[0.146s] -- Up-to-date symlink: /home/nuc/rm_vision_ws/install/rm_auto_record/share/ament_index/resource_index/parent_prefix_path/rm_auto_record
[0.146s] -- Up-to-date symlink: /home/nuc/rm_vision_ws/install/rm_auto_record/share/rm_auto_record/environment/ament_prefix_path.sh
[0.146s] -- Up-to-date symlink: /home/nuc/rm_vision_ws/install/rm_auto_record/share/rm_auto_record/environment/ament_prefix_path.dsv
[0.146s] -- Up-to-date symlink: /home/nuc/rm_vision_ws/install/rm_auto_record/share/rm_auto_record/environment/path.sh
[0.146s] -- Up-to-date symlink: /home/nuc/rm_vision_ws/install/rm_auto_record/share/rm_auto_record/environment/path.dsv
[0.146s] -- Up-to-date symlink: /home/nuc/rm_vision_ws/install/rm_auto_record/share/rm_auto_record/local_setup.bash
[0.147s] -- Up-to-date symlink: /home/nuc/rm_vision_ws/install/rm_auto_record/share/rm_auto_record/local_setup.sh
[0.147s] -- Up-to-date symlink: /home/nuc/rm_vision_ws/install/rm_auto_record/share/rm_auto_record/local_setup.zsh
[0.147s] -- Up-to-date symlink: /home/nuc/rm_vision_ws/install/rm_auto_record/share/rm_auto_record/local_setup.dsv
[0.147s] -- Symlinking: /home/nuc/rm_vision_ws/install/rm_auto_record/share/rm_auto_record/package.dsv
[0.155s] -- Up-to-date symlink: /home/nuc/rm_vision_ws/install/rm_auto_record/share/ament_index/resource_index/packages/rm_auto_record
[0.156s] -- Up-to-date symlink: /home/nuc/rm_vision_ws/install/rm_auto_record/share/ament_index/resource_index/rclcpp_components/rm_auto_record
[0.156s] -- Up-to-date symlink: /home/nuc/rm_vision_ws/install/rm_auto_record/share/rm_auto_record/cmake/ament_cmake_export_dependencies-extras.cmake
[0.156s] -- Up-to-date symlink: /home/nuc/rm_vision_ws/install/rm_auto_record/share/rm_auto_record/cmake/ament_cmake_export_include_directories-extras.cmake
[0.156s] -- Up-to-date symlink: /home/nuc/rm_vision_ws/install/rm_auto_record/share/rm_auto_record/cmake/ament_cmake_export_libraries-extras.cmake
[0.156s] -- Up-to-date symlink: /home/nuc/rm_vision_ws/install/rm_auto_record/share/rm_auto_record/cmake/rm_auto_recordConfig.cmake
[0.156s] -- Up-to-date symlink: /home/nuc/rm_vision_ws/install/rm_auto_record/share/rm_auto_record/cmake/rm_auto_recordConfig-version.cmake
[0.156s] -- Up-to-date symlink: /home/nuc/rm_vision_ws/install/rm_auto_record/share/rm_auto_record/package.xml
[0.161s] Invoked command in '/home/nuc/rm_vision_ws/build/rm_auto_record' returned '0': CMAKE_PREFIX_PATH=${CMAKE_PREFIX_PATH}:/opt/ros/humble /usr/bin/cmake --install /home/nuc/rm_vision_ws/build/rm_auto_record
