[0.008s] Invoking command in '/home/nuc/rm_vision_ws/build/buff_detector': AMENT_PREFIX_PATH=/home/nuc/rm_vision_ws/install/buff_interfaces:${AMENT_PREFIX_PATH} CMAKE_PREFIX_PATH=/home/nuc/rm_vision_ws/install/buff_interfaces:/opt/ros/humble LD_LIBRARY_PATH=/home/nuc/rm_vision_ws/install/buff_interfaces/lib:/opt/MVS/lib/64:/opt/MVS/lib/32:/opt/MVS/lib/64:/opt/MVS/lib/32:/usr/lib/x86_64-linux-gnu/gazebo-11/plugins:/opt/ros/humble/opt/rviz_ogre_vendor/lib:/opt/ros/humble/lib/x86_64-linux-gnu:/opt/ros/humble/opt/openvdb_vendor/lib:/opt/ros/humble/lib:/opt/MVS/lib/64:/opt/MVS/lib/32 PYTHONPATH=/home/nuc/rm_vision_ws/install/buff_interfaces/local/lib/python3.10/dist-packages:${PYTHONPATH} /usr/bin/cmake /home/nuc/rm_vision_ws/src/rm_buff/buff_detector -DAMENT_CMAKE_SYMLINK_INSTALL=1 -DCMAKE_INSTALL_PREFIX=/home/nuc/rm_vision_ws/install/buff_detector
[0.053s] -- The C compiler identification is GNU 11.4.0
[0.097s] -- The CXX compiler identification is GNU 11.4.0
[0.103s] -- Detecting C compiler ABI info
[0.164s] -- Detecting C compiler ABI info - done
[0.171s] -- Check for working C compiler: /usr/bin/cc - skipped
[0.171s] -- Detecting C compile features
[0.171s] -- Detecting C compile features - done
[0.174s] -- Detecting CXX compiler ABI info
[0.240s] -- Detecting CXX compiler ABI info - done
[0.246s] -- Check for working CXX compiler: /usr/bin/c++ - skipped
[0.246s] -- Detecting CXX compile features
[0.246s] -- Detecting CXX compile features - done
[0.247s] -- Found ament_cmake_auto: 1.3.10 (/opt/ros/humble/share/ament_cmake_auto/cmake)
[0.371s] -- Found Python3: /usr/bin/python3 (found version "3.10.12") found components: Interpreter 
[0.414s] -- Override CMake install command with custom implementation using symlinks instead of copying resources
[0.438s] -- Found OpenCV: /usr (found version "4.5.4") 
[0.441s] -- Looking for pthread.h
[0.503s] -- Looking for pthread.h - found
[0.503s] -- Performing Test CMAKE_HAVE_LIBC_PTHREAD
[0.567s] -- Performing Test CMAKE_HAVE_LIBC_PTHREAD - Success
[0.568s] -- Found Threads: TRUE  
[0.654s] -- Found rosidl_generator_c: 3.1.5 (/opt/ros/humble/share/rosidl_generator_c/cmake)
[0.659s] -- Found rosidl_adapter: 3.1.5 (/opt/ros/humble/share/rosidl_adapter/cmake)
[0.668s] -- Found rosidl_generator_cpp: 3.1.5 (/opt/ros/humble/share/rosidl_generator_cpp/cmake)
[0.681s] -- Using all available rosidl_typesupport_c: rosidl_typesupport_fastrtps_c;rosidl_typesupport_introspection_c
[0.698s] -- Using all available rosidl_typesupport_cpp: rosidl_typesupport_fastrtps_cpp;rosidl_typesupport_introspection_cpp
[0.734s] -- Found rmw_implementation_cmake: 6.1.2 (/opt/ros/humble/share/rmw_implementation_cmake/cmake)
[0.735s] -- Found rmw_fastrtps_cpp: 6.2.7 (/opt/ros/humble/share/rmw_fastrtps_cpp/cmake)
[0.808s] -- Found OpenSSL: /usr/lib/x86_64-linux-gnu/libcrypto.so (found version "3.0.2")  
[0.835s] -- Found FastRTPS: /opt/ros/humble/include  
[0.870s] -- Using RMW implementation 'rmw_fastrtps_cpp' as default
[0.987s] -- Found eigen3_cmake_module: 0.1.1 (/opt/ros/humble/share/eigen3_cmake_module/cmake)
[0.988s] -- Found Eigen3: TRUE (found version "3.4.0") 
[0.988s] -- Ensuring Eigen3 include directory is part of orocos-kdl CMake target
[1.035s] -- Found ament_lint_auto: 0.12.11 (/opt/ros/humble/share/ament_lint_auto/cmake)
[1.050s] -- Added test 'cppcheck' to perform static code analysis on C / C++ code
[1.050s] -- Configured cppcheck include dirs: /home/nuc/rm_vision_ws/src/rm_buff/buff_detector/include
[1.050s] -- Configured cppcheck exclude dirs and/or files: 
[1.050s] -- Added test 'flake8' to check Python code syntax and style conventions
[1.050s] -- Added test 'lint_cmake' to check CMake code style
[1.051s] -- Added test 'pep257' to check Python code against some of the docstring style conventions in PEP 257
[1.051s] -- Added test 'xmllint' to check XML markup files
[1.053s] -- Configuring done
[1.067s] -- Generating done
[1.069s] -- Build files have been written to: /home/nuc/rm_vision_ws/build/buff_detector
[1.078s] Invoked command in '/home/nuc/rm_vision_ws/build/buff_detector' returned '0': AMENT_PREFIX_PATH=/home/nuc/rm_vision_ws/install/buff_interfaces:${AMENT_PREFIX_PATH} CMAKE_PREFIX_PATH=/home/nuc/rm_vision_ws/install/buff_interfaces:/opt/ros/humble LD_LIBRARY_PATH=/home/nuc/rm_vision_ws/install/buff_interfaces/lib:/opt/MVS/lib/64:/opt/MVS/lib/32:/opt/MVS/lib/64:/opt/MVS/lib/32:/usr/lib/x86_64-linux-gnu/gazebo-11/plugins:/opt/ros/humble/opt/rviz_ogre_vendor/lib:/opt/ros/humble/lib/x86_64-linux-gnu:/opt/ros/humble/opt/openvdb_vendor/lib:/opt/ros/humble/lib:/opt/MVS/lib/64:/opt/MVS/lib/32 PYTHONPATH=/home/nuc/rm_vision_ws/install/buff_interfaces/local/lib/python3.10/dist-packages:${PYTHONPATH} /usr/bin/cmake /home/nuc/rm_vision_ws/src/rm_buff/buff_detector -DAMENT_CMAKE_SYMLINK_INSTALL=1 -DCMAKE_INSTALL_PREFIX=/home/nuc/rm_vision_ws/install/buff_detector
[1.079s] Invoking command in '/home/nuc/rm_vision_ws/build/buff_detector': AMENT_PREFIX_PATH=/home/nuc/rm_vision_ws/install/buff_interfaces:${AMENT_PREFIX_PATH} CMAKE_PREFIX_PATH=/home/nuc/rm_vision_ws/install/buff_interfaces:/opt/ros/humble LD_LIBRARY_PATH=/home/nuc/rm_vision_ws/install/buff_interfaces/lib:/opt/MVS/lib/64:/opt/MVS/lib/32:/opt/MVS/lib/64:/opt/MVS/lib/32:/usr/lib/x86_64-linux-gnu/gazebo-11/plugins:/opt/ros/humble/opt/rviz_ogre_vendor/lib:/opt/ros/humble/lib/x86_64-linux-gnu:/opt/ros/humble/opt/openvdb_vendor/lib:/opt/ros/humble/lib:/opt/MVS/lib/64:/opt/MVS/lib/32 PYTHONPATH=/home/nuc/rm_vision_ws/install/buff_interfaces/local/lib/python3.10/dist-packages:${PYTHONPATH} /usr/bin/cmake --build /home/nuc/rm_vision_ws/build/buff_detector -- -j16 -l16
[1.122s] [ 16%] [32mBuilding CXX object CMakeFiles/buff_detector.dir/src/detector.cpp.o[0m
[1.122s] [ 33%] [32mBuilding CXX object CMakeFiles/buff_detector_node.dir/rclcpp_components/node_main_buff_detector_node.cpp.o[0m
[1.122s] [ 50%] [32mBuilding CXX object CMakeFiles/buff_detector.dir/src/detector_node.cpp.o[0m
[1.123s] [ 66%] [32mBuilding CXX object CMakeFiles/buff_detector.dir/src/pnp_solver.cpp.o[0m
[8.242s] [ 83%] [32m[1mLinking CXX executable buff_detector_node[0m
[8.627s] [ 83%] Built target buff_detector_node
[30.978s] [ 66%] [32m[1mLinking CXX shared library libbuff_detector.so[0m
[33.746s] [100%] Built target buff_detector
[33.761s] Invoked command in '/home/nuc/rm_vision_ws/build/buff_detector' returned '0': AMENT_PREFIX_PATH=/home/nuc/rm_vision_ws/install/buff_interfaces:${AMENT_PREFIX_PATH} CMAKE_PREFIX_PATH=/home/nuc/rm_vision_ws/install/buff_interfaces:/opt/ros/humble LD_LIBRARY_PATH=/home/nuc/rm_vision_ws/install/buff_interfaces/lib:/opt/MVS/lib/64:/opt/MVS/lib/32:/opt/MVS/lib/64:/opt/MVS/lib/32:/usr/lib/x86_64-linux-gnu/gazebo-11/plugins:/opt/ros/humble/opt/rviz_ogre_vendor/lib:/opt/ros/humble/lib/x86_64-linux-gnu:/opt/ros/humble/opt/openvdb_vendor/lib:/opt/ros/humble/lib:/opt/MVS/lib/64:/opt/MVS/lib/32 PYTHONPATH=/home/nuc/rm_vision_ws/install/buff_interfaces/local/lib/python3.10/dist-packages:${PYTHONPATH} /usr/bin/cmake --build /home/nuc/rm_vision_ws/build/buff_detector -- -j16 -l16
[33.802s] Invoking command in '/home/nuc/rm_vision_ws/build/buff_detector': AMENT_PREFIX_PATH=/home/nuc/rm_vision_ws/install/buff_interfaces:${AMENT_PREFIX_PATH} CMAKE_PREFIX_PATH=/home/nuc/rm_vision_ws/install/buff_interfaces:/opt/ros/humble LD_LIBRARY_PATH=/home/nuc/rm_vision_ws/install/buff_interfaces/lib:/opt/MVS/lib/64:/opt/MVS/lib/32:/opt/MVS/lib/64:/opt/MVS/lib/32:/usr/lib/x86_64-linux-gnu/gazebo-11/plugins:/opt/ros/humble/opt/rviz_ogre_vendor/lib:/opt/ros/humble/lib/x86_64-linux-gnu:/opt/ros/humble/opt/openvdb_vendor/lib:/opt/ros/humble/lib:/opt/MVS/lib/64:/opt/MVS/lib/32 PYTHONPATH=/home/nuc/rm_vision_ws/install/buff_interfaces/local/lib/python3.10/dist-packages:${PYTHONPATH} /usr/bin/cmake --install /home/nuc/rm_vision_ws/build/buff_detector
[33.812s] -- Install configuration: ""
[33.813s] -- Execute custom install script
[33.813s] -- Symlinking: /home/nuc/rm_vision_ws/install/buff_detector/lib/buff_detector/buff_detector_node
[33.825s] -- Symlinking: /home/nuc/rm_vision_ws/install/buff_detector/include/buff_detector/blade.hpp
[33.835s] -- Symlinking: /home/nuc/rm_vision_ws/install/buff_detector/include/buff_detector/detector.hpp
[33.847s] -- Symlinking: /home/nuc/rm_vision_ws/install/buff_detector/include/buff_detector/detector_node.hpp
[33.859s] -- Symlinking: /home/nuc/rm_vision_ws/install/buff_detector/include/buff_detector/pnp_solver.hpp
[33.873s] -- Symlinking: /home/nuc/rm_vision_ws/install/buff_detector/share/buff_detector/environment/library_path.sh
[33.885s] -- Symlinking: /home/nuc/rm_vision_ws/install/buff_detector/share/buff_detector/environment/library_path.dsv
[33.898s] -- Symlinking: /home/nuc/rm_vision_ws/install/buff_detector/lib/libbuff_detector.so
[33.911s] -- Symlinking: /home/nuc/rm_vision_ws/install/buff_detector/share/buff_detector/models/buff_quantized.bin
[33.924s] -- Symlinking: /home/nuc/rm_vision_ws/install/buff_detector/share/buff_detector/models/buff_quantized.xml
[33.936s] -- Symlinking: /home/nuc/rm_vision_ws/install/buff_detector/share/buff_detector/launch/buff_detector.launch.py
[33.950s] -- Symlinking: /home/nuc/rm_vision_ws/install/buff_detector/share/ament_index/resource_index/package_run_dependencies/buff_detector
[33.964s] -- Symlinking: /home/nuc/rm_vision_ws/install/buff_detector/share/ament_index/resource_index/parent_prefix_path/buff_detector
[33.977s] -- Symlinking: /home/nuc/rm_vision_ws/install/buff_detector/share/buff_detector/environment/ament_prefix_path.sh
[33.989s] -- Symlinking: /home/nuc/rm_vision_ws/install/buff_detector/share/buff_detector/environment/ament_prefix_path.dsv
[34.002s] -- Symlinking: /home/nuc/rm_vision_ws/install/buff_detector/share/buff_detector/environment/path.sh
[34.016s] -- Symlinking: /home/nuc/rm_vision_ws/install/buff_detector/share/buff_detector/environment/path.dsv
[34.030s] -- Symlinking: /home/nuc/rm_vision_ws/install/buff_detector/share/buff_detector/local_setup.bash
[34.043s] -- Symlinking: /home/nuc/rm_vision_ws/install/buff_detector/share/buff_detector/local_setup.sh
[34.056s] -- Symlinking: /home/nuc/rm_vision_ws/install/buff_detector/share/buff_detector/local_setup.zsh
[34.070s] -- Symlinking: /home/nuc/rm_vision_ws/install/buff_detector/share/buff_detector/local_setup.dsv
[34.085s] -- Symlinking: /home/nuc/rm_vision_ws/install/buff_detector/share/buff_detector/package.dsv
[34.098s] -- Symlinking: /home/nuc/rm_vision_ws/install/buff_detector/share/ament_index/resource_index/packages/buff_detector
[34.111s] -- Symlinking: /home/nuc/rm_vision_ws/install/buff_detector/share/ament_index/resource_index/rclcpp_components/buff_detector
[34.124s] -- Symlinking: /home/nuc/rm_vision_ws/install/buff_detector/share/buff_detector/cmake/ament_cmake_export_dependencies-extras.cmake
[34.138s] -- Symlinking: /home/nuc/rm_vision_ws/install/buff_detector/share/buff_detector/cmake/ament_cmake_export_include_directories-extras.cmake
[34.152s] -- Symlinking: /home/nuc/rm_vision_ws/install/buff_detector/share/buff_detector/cmake/ament_cmake_export_libraries-extras.cmake
[34.166s] -- Symlinking: /home/nuc/rm_vision_ws/install/buff_detector/share/buff_detector/cmake/buff_detectorConfig.cmake
[34.179s] -- Symlinking: /home/nuc/rm_vision_ws/install/buff_detector/share/buff_detector/cmake/buff_detectorConfig-version.cmake
[34.193s] -- Symlinking: /home/nuc/rm_vision_ws/install/buff_detector/share/buff_detector/package.xml
[34.208s] Invoked command in '/home/nuc/rm_vision_ws/build/buff_detector' returned '0': AMENT_PREFIX_PATH=/home/nuc/rm_vision_ws/install/buff_interfaces:${AMENT_PREFIX_PATH} CMAKE_PREFIX_PATH=/home/nuc/rm_vision_ws/install/buff_interfaces:/opt/ros/humble LD_LIBRARY_PATH=/home/nuc/rm_vision_ws/install/buff_interfaces/lib:/opt/MVS/lib/64:/opt/MVS/lib/32:/opt/MVS/lib/64:/opt/MVS/lib/32:/usr/lib/x86_64-linux-gnu/gazebo-11/plugins:/opt/ros/humble/opt/rviz_ogre_vendor/lib:/opt/ros/humble/lib/x86_64-linux-gnu:/opt/ros/humble/opt/openvdb_vendor/lib:/opt/ros/humble/lib:/opt/MVS/lib/64:/opt/MVS/lib/32 PYTHONPATH=/home/nuc/rm_vision_ws/install/buff_interfaces/local/lib/python3.10/dist-packages:${PYTHONPATH} /usr/bin/cmake --install /home/nuc/rm_vision_ws/build/buff_detector
