[0.178s] Invoking command in '/home/rosnoetic/rm_shaobing_vision/build/rm_gimbal_description': CMAKE_PREFIX_PATH=/home/rosnoetic/ros_ws/install/rm_vision_bringup:/home/rosnoetic/ros_ws/install/rm_serial_driver:/home/rosnoetic/ros_ws/install/rm_gimbal_description:/home/rosnoetic/ros_ws/install/hik_camera:/home/rosnoetic/ros_ws/install/armor_tracker:/home/rosnoetic/ros_ws/install/armor_detector:/home/rosnoetic/ros_ws/install/auto_aim_interfaces:/opt/ros/humble /usr/bin/cmake --build /home/rosnoetic/rm_shaobing_vision/build/rm_gimbal_description -- -j16 -l16
[0.692s] Invoked command in '/home/rosnoetic/rm_shaobing_vision/build/rm_gimbal_description' returned '0': CMAKE_PREFIX_PATH=/home/rosnoetic/ros_ws/install/rm_vision_bringup:/home/rosnoetic/ros_ws/install/rm_serial_driver:/home/rosnoetic/ros_ws/install/rm_gimbal_description:/home/rosnoetic/ros_ws/install/hik_camera:/home/rosnoetic/ros_ws/install/armor_tracker:/home/rosnoetic/ros_ws/install/armor_detector:/home/rosnoetic/ros_ws/install/auto_aim_interfaces:/opt/ros/humble /usr/bin/cmake --build /home/rosnoetic/rm_shaobing_vision/build/rm_gimbal_description -- -j16 -l16
[1.759s] Invoking command in '/home/rosnoetic/rm_shaobing_vision/build/rm_gimbal_description': CMAKE_PREFIX_PATH=/home/rosnoetic/ros_ws/install/rm_vision_bringup:/home/rosnoetic/ros_ws/install/rm_serial_driver:/home/rosnoetic/ros_ws/install/rm_gimbal_description:/home/rosnoetic/ros_ws/install/hik_camera:/home/rosnoetic/ros_ws/install/armor_tracker:/home/rosnoetic/ros_ws/install/armor_detector:/home/rosnoetic/ros_ws/install/auto_aim_interfaces:/opt/ros/humble /usr/bin/cmake --install /home/rosnoetic/rm_shaobing_vision/build/rm_gimbal_description
[1.878s] -- Install configuration: ""
[1.881s] -- Up-to-date: /home/rosnoetic/rm_shaobing_vision/install/rm_gimbal_description/share/rm_gimbal_description/urdf
[1.881s] -- Up-to-date: /home/rosnoetic/rm_shaobing_vision/install/rm_gimbal_description/share/rm_gimbal_description/urdf/rm_gimbal.urdf.xacro
[1.881s] -- Up-to-date: /home/rosnoetic/rm_shaobing_vision/install/rm_gimbal_description/share/ament_index/resource_index/package_run_dependencies/rm_gimbal_description
[1.882s] -- Up-to-date: /home/rosnoetic/rm_shaobing_vision/install/rm_gimbal_description/share/ament_index/resource_index/parent_prefix_path/rm_gimbal_description
[1.882s] -- Up-to-date: /home/rosnoetic/rm_shaobing_vision/install/rm_gimbal_description/share/rm_gimbal_description/environment/ament_prefix_path.sh
[1.882s] -- Up-to-date: /home/rosnoetic/rm_shaobing_vision/install/rm_gimbal_description/share/rm_gimbal_description/environment/ament_prefix_path.dsv
[1.883s] -- Up-to-date: /home/rosnoetic/rm_shaobing_vision/install/rm_gimbal_description/share/rm_gimbal_description/environment/path.sh
[1.899s] -- Up-to-date: /home/rosnoetic/rm_shaobing_vision/install/rm_gimbal_description/share/rm_gimbal_description/environment/path.dsv
[1.900s] -- Up-to-date: /home/rosnoetic/rm_shaobing_vision/install/rm_gimbal_description/share/rm_gimbal_description/local_setup.bash
[1.900s] -- Up-to-date: /home/rosnoetic/rm_shaobing_vision/install/rm_gimbal_description/share/rm_gimbal_description/local_setup.sh
[1.900s] -- Up-to-date: /home/rosnoetic/rm_shaobing_vision/install/rm_gimbal_description/share/rm_gimbal_description/local_setup.zsh
[1.901s] -- Up-to-date: /home/rosnoetic/rm_shaobing_vision/install/rm_gimbal_description/share/rm_gimbal_description/local_setup.dsv
[1.901s] -- Installing: /home/rosnoetic/rm_shaobing_vision/install/rm_gimbal_description/share/rm_gimbal_description/package.dsv
[1.901s] -- Up-to-date: /home/rosnoetic/rm_shaobing_vision/install/rm_gimbal_description/share/ament_index/resource_index/packages/rm_gimbal_description
[1.902s] -- Up-to-date: /home/rosnoetic/rm_shaobing_vision/install/rm_gimbal_description/share/rm_gimbal_description/cmake/rm_gimbal_descriptionConfig.cmake
[1.902s] -- Up-to-date: /home/rosnoetic/rm_shaobing_vision/install/rm_gimbal_description/share/rm_gimbal_description/cmake/rm_gimbal_descriptionConfig-version.cmake
[1.902s] -- Up-to-date: /home/rosnoetic/rm_shaobing_vision/install/rm_gimbal_description/share/rm_gimbal_description/package.xml
[1.917s] Invoked command in '/home/rosnoetic/rm_shaobing_vision/build/rm_gimbal_description' returned '0': CMAKE_PREFIX_PATH=/home/rosnoetic/ros_ws/install/rm_vision_bringup:/home/rosnoetic/ros_ws/install/rm_serial_driver:/home/rosnoetic/ros_ws/install/rm_gimbal_description:/home/rosnoetic/ros_ws/install/hik_camera:/home/rosnoetic/ros_ws/install/armor_tracker:/home/rosnoetic/ros_ws/install/armor_detector:/home/rosnoetic/ros_ws/install/auto_aim_interfaces:/opt/ros/humble /usr/bin/cmake --install /home/rosnoetic/rm_shaobing_vision/build/rm_gimbal_description
