[0.043s] Invoking command in '/home/rosnoetic/rm_shaobing_vision/build/armor_tracker': AMENT_PREFIX_PATH=/home/rosnoetic/rm_shaobing_vision/install/auto_aim_interfaces:${AMENT_PREFIX_PATH} CMAKE_PREFIX_PATH=/home/rosnoetic/rm_shaobing_vision/install/auto_aim_interfaces:/home/rosnoetic/ros_ws/install/rm_vision_bringup:/home/rosnoetic/ros_ws/install/rm_serial_driver:/home/rosnoetic/ros_ws/install/rm_gimbal_description:/home/rosnoetic/ros_ws/install/hik_camera:/home/rosnoetic/ros_ws/install/armor_tracker:/home/rosnoetic/ros_ws/install/armor_detector:/home/rosnoetic/ros_ws/install/auto_aim_interfaces:/opt/ros/humble LD_LIBRARY_PATH=/home/rosnoetic/rm_shaobing_vision/install/auto_aim_interfaces/lib:/opt/MVS/lib/64:/opt/MVS/lib/32:/opt/MVS/lib/64:/opt/MVS/lib/32:/home/rosnoetic/ros_ws/install/rm_serial_driver/lib:/home/rosnoetic/ros_ws/install/hik_camera/lib:/home/rosnoetic/ros_ws/install/armor_tracker/lib:/home/rosnoetic/ros_ws/install/armor_detector/lib:/home/rosnoetic/ros_ws/install/auto_aim_interfaces/lib:/usr/lib/x86_64-linux-gnu/gazebo-11/plugins:/opt/ros/humble/opt/rviz_ogre_vendor/lib:/opt/ros/humble/lib/x86_64-linux-gnu:/opt/ros/humble/lib:/opt/MVS/lib/64:/opt/MVS/lib/32:/opt/MVS/lib/64:/opt/MVS/lib/32 PYTHONPATH=/home/rosnoetic/rm_shaobing_vision/install/auto_aim_interfaces/local/lib/python3.10/dist-packages:${PYTHONPATH} /usr/bin/cmake /home/rosnoetic/rm_shaobing_vision/src/rm_auto_aim/armor_tracker -DCMAKE_INSTALL_PREFIX=/home/rosnoetic/rm_shaobing_vision/install/armor_tracker
[0.136s] -- The C compiler identification is GNU 11.4.0
[0.232s] -- The CXX compiler identification is GNU 11.4.0
[0.244s] -- Detecting C compiler ABI info
[0.377s] -- Detecting C compiler ABI info - done
[0.383s] -- Check for working C compiler: /usr/bin/cc - skipped
[0.385s] -- Detecting C compile features
[0.386s] -- Detecting C compile features - done
[0.388s] -- Detecting CXX compiler ABI info
[0.538s] -- Detecting CXX compiler ABI info - done
[0.556s] -- Check for working CXX compiler: /usr/bin/c++ - skipped
[0.556s] -- Detecting CXX compile features
[0.556s] -- Detecting CXX compile features - done
[0.556s] -- Found ament_cmake_auto: 1.3.10 (/opt/ros/humble/share/ament_cmake_auto/cmake)
[0.807s] -- Found Python3: /usr/bin/python3 (found version "3.10.12") found components: Interpreter 
[1.255s] -- Found rosidl_generator_c: 3.1.5 (/opt/ros/humble/share/rosidl_generator_c/cmake)
[1.275s] -- Found rosidl_adapter: 3.1.5 (/opt/ros/humble/share/rosidl_adapter/cmake)
[1.326s] -- Found rosidl_generator_cpp: 3.1.5 (/opt/ros/humble/share/rosidl_generator_cpp/cmake)
[1.377s] -- Using all available rosidl_typesupport_c: rosidl_typesupport_fastrtps_c;rosidl_typesupport_introspection_c
[1.397s] -- Using all available rosidl_typesupport_cpp: rosidl_typesupport_fastrtps_cpp;rosidl_typesupport_introspection_cpp
[1.520s] -- Found rmw_implementation_cmake: 6.1.2 (/opt/ros/humble/share/rmw_implementation_cmake/cmake)
[1.521s] -- Found rmw_fastrtps_cpp: 6.2.7 (/opt/ros/humble/share/rmw_fastrtps_cpp/cmake)
[2.131s] -- Found OpenSSL: /usr/lib/x86_64-linux-gnu/libcrypto.so (found version "3.0.2")  
[2.179s] -- Found FastRTPS: /opt/ros/humble/include  
[2.295s] -- Using RMW implementation 'rmw_fastrtps_cpp' as default
[2.315s] -- Looking for pthread.h
[2.783s] -- Looking for pthread.h - found
[2.783s] -- Performing Test CMAKE_HAVE_LIBC_PTHREAD
[3.265s] -- Performing Test CMAKE_HAVE_LIBC_PTHREAD - Success
[3.267s] -- Found Threads: TRUE  
[3.681s] -- Found eigen3_cmake_module: 0.1.1 (/opt/ros/humble/share/eigen3_cmake_module/cmake)
[3.682s] -- Found Eigen3: TRUE (found version "3.4.0") 
[3.683s] -- Ensuring Eigen3 include directory is part of orocos-kdl CMake target
[3.902s] -- Found ament_lint_auto: 0.12.11 (/opt/ros/humble/share/ament_lint_auto/cmake)
[3.966s] -- Added test 'cppcheck' to perform static code analysis on C / C++ code
[3.968s] -- Configured cppcheck include dirs: /home/rosnoetic/rm_shaobing_vision/src/rm_auto_aim/armor_tracker/include
[3.969s] -- Configured cppcheck exclude dirs and/or files: 
[3.969s] -- Added test 'lint_cmake' to check CMake code style
[3.969s] -- Added test 'xmllint' to check XML markup files
[3.969s] -- Added test 'clang_format' to check C / C++ code style
[3.969s] -- Configuring done
[4.008s] -- Generating done
[4.013s] -- Build files have been written to: /home/rosnoetic/rm_shaobing_vision/build/armor_tracker
[4.152s] Invoked command in '/home/rosnoetic/rm_shaobing_vision/build/armor_tracker' returned '0': AMENT_PREFIX_PATH=/home/rosnoetic/rm_shaobing_vision/install/auto_aim_interfaces:${AMENT_PREFIX_PATH} CMAKE_PREFIX_PATH=/home/rosnoetic/rm_shaobing_vision/install/auto_aim_interfaces:/home/rosnoetic/ros_ws/install/rm_vision_bringup:/home/rosnoetic/ros_ws/install/rm_serial_driver:/home/rosnoetic/ros_ws/install/rm_gimbal_description:/home/rosnoetic/ros_ws/install/hik_camera:/home/rosnoetic/ros_ws/install/armor_tracker:/home/rosnoetic/ros_ws/install/armor_detector:/home/rosnoetic/ros_ws/install/auto_aim_interfaces:/opt/ros/humble LD_LIBRARY_PATH=/home/rosnoetic/rm_shaobing_vision/install/auto_aim_interfaces/lib:/opt/MVS/lib/64:/opt/MVS/lib/32:/opt/MVS/lib/64:/opt/MVS/lib/32:/home/rosnoetic/ros_ws/install/rm_serial_driver/lib:/home/rosnoetic/ros_ws/install/hik_camera/lib:/home/rosnoetic/ros_ws/install/armor_tracker/lib:/home/rosnoetic/ros_ws/install/armor_detector/lib:/home/rosnoetic/ros_ws/install/auto_aim_interfaces/lib:/usr/lib/x86_64-linux-gnu/gazebo-11/plugins:/opt/ros/humble/opt/rviz_ogre_vendor/lib:/opt/ros/humble/lib/x86_64-linux-gnu:/opt/ros/humble/lib:/opt/MVS/lib/64:/opt/MVS/lib/32:/opt/MVS/lib/64:/opt/MVS/lib/32 PYTHONPATH=/home/rosnoetic/rm_shaobing_vision/install/auto_aim_interfaces/local/lib/python3.10/dist-packages:${PYTHONPATH} /usr/bin/cmake /home/rosnoetic/rm_shaobing_vision/src/rm_auto_aim/armor_tracker -DCMAKE_INSTALL_PREFIX=/home/rosnoetic/rm_shaobing_vision/install/armor_tracker
[4.154s] Invoking command in '/home/rosnoetic/rm_shaobing_vision/build/armor_tracker': AMENT_PREFIX_PATH=/home/rosnoetic/rm_shaobing_vision/install/auto_aim_interfaces:${AMENT_PREFIX_PATH} CMAKE_PREFIX_PATH=/home/rosnoetic/rm_shaobing_vision/install/auto_aim_interfaces:/home/rosnoetic/ros_ws/install/rm_vision_bringup:/home/rosnoetic/ros_ws/install/rm_serial_driver:/home/rosnoetic/ros_ws/install/rm_gimbal_description:/home/rosnoetic/ros_ws/install/hik_camera:/home/rosnoetic/ros_ws/install/armor_tracker:/home/rosnoetic/ros_ws/install/armor_detector:/home/rosnoetic/ros_ws/install/auto_aim_interfaces:/opt/ros/humble LD_LIBRARY_PATH=/home/rosnoetic/rm_shaobing_vision/install/auto_aim_interfaces/lib:/opt/MVS/lib/64:/opt/MVS/lib/32:/opt/MVS/lib/64:/opt/MVS/lib/32:/home/rosnoetic/ros_ws/install/rm_serial_driver/lib:/home/rosnoetic/ros_ws/install/hik_camera/lib:/home/rosnoetic/ros_ws/install/armor_tracker/lib:/home/rosnoetic/ros_ws/install/armor_detector/lib:/home/rosnoetic/ros_ws/install/auto_aim_interfaces/lib:/usr/lib/x86_64-linux-gnu/gazebo-11/plugins:/opt/ros/humble/opt/rviz_ogre_vendor/lib:/opt/ros/humble/lib/x86_64-linux-gnu:/opt/ros/humble/lib:/opt/MVS/lib/64:/opt/MVS/lib/32:/opt/MVS/lib/64:/opt/MVS/lib/32 PYTHONPATH=/home/rosnoetic/rm_shaobing_vision/install/auto_aim_interfaces/local/lib/python3.10/dist-packages:${PYTHONPATH} /usr/bin/cmake --build /home/rosnoetic/rm_shaobing_vision/build/armor_tracker -- -j16 -l16
[4.595s] [ 33%] [32mBuilding CXX object CMakeFiles/armor_tracker_node.dir/rclcpp_components/node_main_armor_tracker_node.cpp.o[0m
[4.596s] [ 33%] [32mBuilding CXX object CMakeFiles/armor_tracker.dir/src/extended_kalman_filter.cpp.o[0m
[4.596s] [ 50%] [32mBuilding CXX object CMakeFiles/armor_tracker.dir/src/tracker.cpp.o[0m
[4.686s] [ 66%] [32mBuilding CXX object CMakeFiles/armor_tracker.dir/src/tracker_node.cpp.o[0m
[18.926s] [ 83%] [32m[1mLinking CXX executable armor_tracker_node[0m
[19.310s] [ 83%] Built target armor_tracker_node
[38.964s] [100%] [32m[1mLinking CXX shared library libarmor_tracker.so[0m
[40.837s] [100%] Built target armor_tracker
[40.862s] Invoked command in '/home/rosnoetic/rm_shaobing_vision/build/armor_tracker' returned '0': AMENT_PREFIX_PATH=/home/rosnoetic/rm_shaobing_vision/install/auto_aim_interfaces:${AMENT_PREFIX_PATH} CMAKE_PREFIX_PATH=/home/rosnoetic/rm_shaobing_vision/install/auto_aim_interfaces:/home/rosnoetic/ros_ws/install/rm_vision_bringup:/home/rosnoetic/ros_ws/install/rm_serial_driver:/home/rosnoetic/ros_ws/install/rm_gimbal_description:/home/rosnoetic/ros_ws/install/hik_camera:/home/rosnoetic/ros_ws/install/armor_tracker:/home/rosnoetic/ros_ws/install/armor_detector:/home/rosnoetic/ros_ws/install/auto_aim_interfaces:/opt/ros/humble LD_LIBRARY_PATH=/home/rosnoetic/rm_shaobing_vision/install/auto_aim_interfaces/lib:/opt/MVS/lib/64:/opt/MVS/lib/32:/opt/MVS/lib/64:/opt/MVS/lib/32:/home/rosnoetic/ros_ws/install/rm_serial_driver/lib:/home/rosnoetic/ros_ws/install/hik_camera/lib:/home/rosnoetic/ros_ws/install/armor_tracker/lib:/home/rosnoetic/ros_ws/install/armor_detector/lib:/home/rosnoetic/ros_ws/install/auto_aim_interfaces/lib:/usr/lib/x86_64-linux-gnu/gazebo-11/plugins:/opt/ros/humble/opt/rviz_ogre_vendor/lib:/opt/ros/humble/lib/x86_64-linux-gnu:/opt/ros/humble/lib:/opt/MVS/lib/64:/opt/MVS/lib/32:/opt/MVS/lib/64:/opt/MVS/lib/32 PYTHONPATH=/home/rosnoetic/rm_shaobing_vision/install/auto_aim_interfaces/local/lib/python3.10/dist-packages:${PYTHONPATH} /usr/bin/cmake --build /home/rosnoetic/rm_shaobing_vision/build/armor_tracker -- -j16 -l16
[40.988s] Invoking command in '/home/rosnoetic/rm_shaobing_vision/build/armor_tracker': AMENT_PREFIX_PATH=/home/rosnoetic/rm_shaobing_vision/install/auto_aim_interfaces:${AMENT_PREFIX_PATH} CMAKE_PREFIX_PATH=/home/rosnoetic/rm_shaobing_vision/install/auto_aim_interfaces:/home/rosnoetic/ros_ws/install/rm_vision_bringup:/home/rosnoetic/ros_ws/install/rm_serial_driver:/home/rosnoetic/ros_ws/install/rm_gimbal_description:/home/rosnoetic/ros_ws/install/hik_camera:/home/rosnoetic/ros_ws/install/armor_tracker:/home/rosnoetic/ros_ws/install/armor_detector:/home/rosnoetic/ros_ws/install/auto_aim_interfaces:/opt/ros/humble LD_LIBRARY_PATH=/home/rosnoetic/rm_shaobing_vision/install/auto_aim_interfaces/lib:/opt/MVS/lib/64:/opt/MVS/lib/32:/opt/MVS/lib/64:/opt/MVS/lib/32:/home/rosnoetic/ros_ws/install/rm_serial_driver/lib:/home/rosnoetic/ros_ws/install/hik_camera/lib:/home/rosnoetic/ros_ws/install/armor_tracker/lib:/home/rosnoetic/ros_ws/install/armor_detector/lib:/home/rosnoetic/ros_ws/install/auto_aim_interfaces/lib:/usr/lib/x86_64-linux-gnu/gazebo-11/plugins:/opt/ros/humble/opt/rviz_ogre_vendor/lib:/opt/ros/humble/lib/x86_64-linux-gnu:/opt/ros/humble/lib:/opt/MVS/lib/64:/opt/MVS/lib/32:/opt/MVS/lib/64:/opt/MVS/lib/32 PYTHONPATH=/home/rosnoetic/rm_shaobing_vision/install/auto_aim_interfaces/local/lib/python3.10/dist-packages:${PYTHONPATH} /usr/bin/cmake --install /home/rosnoetic/rm_shaobing_vision/build/armor_tracker
[41.004s] -- Install configuration: ""
[41.005s] -- Installing: /home/rosnoetic/rm_shaobing_vision/install/armor_tracker/lib/armor_tracker/armor_tracker_node
[41.005s] -- Set runtime path of "/home/rosnoetic/rm_shaobing_vision/install/armor_tracker/lib/armor_tracker/armor_tracker_node" to ""
[41.005s] -- Installing: /home/rosnoetic/rm_shaobing_vision/install/armor_tracker/include
[41.007s] -- Installing: /home/rosnoetic/rm_shaobing_vision/install/armor_tracker/include/armor_tracker
[41.007s] -- Installing: /home/rosnoetic/rm_shaobing_vision/install/armor_tracker/include/armor_tracker/tracker.hpp
[41.007s] -- Installing: /home/rosnoetic/rm_shaobing_vision/install/armor_tracker/include/armor_tracker/extended_kalman_filter.hpp
[41.007s] -- Installing: /home/rosnoetic/rm_shaobing_vision/install/armor_tracker/include/armor_tracker/tracker_node.hpp
[41.008s] -- Installing: /home/rosnoetic/rm_shaobing_vision/install/armor_tracker/share/armor_tracker/environment/library_path.sh
[41.008s] -- Installing: /home/rosnoetic/rm_shaobing_vision/install/armor_tracker/share/armor_tracker/environment/library_path.dsv
[41.008s] -- Installing: /home/rosnoetic/rm_shaobing_vision/install/armor_tracker/lib/libarmor_tracker.so
[41.025s] -- Set runtime path of "/home/rosnoetic/rm_shaobing_vision/install/armor_tracker/lib/libarmor_tracker.so" to ""
[41.026s] -- Installing: /home/rosnoetic/rm_shaobing_vision/install/armor_tracker/share/ament_index/resource_index/package_run_dependencies/armor_tracker
[41.026s] -- Installing: /home/rosnoetic/rm_shaobing_vision/install/armor_tracker/share/ament_index/resource_index/parent_prefix_path/armor_tracker
[41.026s] -- Installing: /home/rosnoetic/rm_shaobing_vision/install/armor_tracker/share/armor_tracker/environment/ament_prefix_path.sh
[41.027s] -- Installing: /home/rosnoetic/rm_shaobing_vision/install/armor_tracker/share/armor_tracker/environment/ament_prefix_path.dsv
[41.027s] -- Installing: /home/rosnoetic/rm_shaobing_vision/install/armor_tracker/share/armor_tracker/environment/path.sh
[41.028s] -- Installing: /home/rosnoetic/rm_shaobing_vision/install/armor_tracker/share/armor_tracker/environment/path.dsv
[41.028s] -- Installing: /home/rosnoetic/rm_shaobing_vision/install/armor_tracker/share/armor_tracker/local_setup.bash
[41.028s] -- Installing: /home/rosnoetic/rm_shaobing_vision/install/armor_tracker/share/armor_tracker/local_setup.sh
[41.028s] -- Installing: /home/rosnoetic/rm_shaobing_vision/install/armor_tracker/share/armor_tracker/local_setup.zsh
[41.028s] -- Installing: /home/rosnoetic/rm_shaobing_vision/install/armor_tracker/share/armor_tracker/local_setup.dsv
[41.029s] -- Installing: /home/rosnoetic/rm_shaobing_vision/install/armor_tracker/share/armor_tracker/package.dsv
[41.029s] -- Installing: /home/rosnoetic/rm_shaobing_vision/install/armor_tracker/share/ament_index/resource_index/packages/armor_tracker
[41.029s] -- Installing: /home/rosnoetic/rm_shaobing_vision/install/armor_tracker/share/ament_index/resource_index/rclcpp_components/armor_tracker
[41.029s] -- Installing: /home/rosnoetic/rm_shaobing_vision/install/armor_tracker/share/armor_tracker/cmake/ament_cmake_export_dependencies-extras.cmake
[41.030s] -- Installing: /home/rosnoetic/rm_shaobing_vision/install/armor_tracker/share/armor_tracker/cmake/ament_cmake_export_include_directories-extras.cmake
[41.030s] -- Installing: /home/rosnoetic/rm_shaobing_vision/install/armor_tracker/share/armor_tracker/cmake/ament_cmake_export_libraries-extras.cmake
[41.030s] -- Installing: /home/rosnoetic/rm_shaobing_vision/install/armor_tracker/share/armor_tracker/cmake/armor_trackerConfig.cmake
[41.031s] -- Installing: /home/rosnoetic/rm_shaobing_vision/install/armor_tracker/share/armor_tracker/cmake/armor_trackerConfig-version.cmake
[41.032s] -- Installing: /home/rosnoetic/rm_shaobing_vision/install/armor_tracker/share/armor_tracker/package.xml
[41.035s] Invoked command in '/home/rosnoetic/rm_shaobing_vision/build/armor_tracker' returned '0': AMENT_PREFIX_PATH=/home/rosnoetic/rm_shaobing_vision/install/auto_aim_interfaces:${AMENT_PREFIX_PATH} CMAKE_PREFIX_PATH=/home/rosnoetic/rm_shaobing_vision/install/auto_aim_interfaces:/home/rosnoetic/ros_ws/install/rm_vision_bringup:/home/rosnoetic/ros_ws/install/rm_serial_driver:/home/rosnoetic/ros_ws/install/rm_gimbal_description:/home/rosnoetic/ros_ws/install/hik_camera:/home/rosnoetic/ros_ws/install/armor_tracker:/home/rosnoetic/ros_ws/install/armor_detector:/home/rosnoetic/ros_ws/install/auto_aim_interfaces:/opt/ros/humble LD_LIBRARY_PATH=/home/rosnoetic/rm_shaobing_vision/install/auto_aim_interfaces/lib:/opt/MVS/lib/64:/opt/MVS/lib/32:/opt/MVS/lib/64:/opt/MVS/lib/32:/home/rosnoetic/ros_ws/install/rm_serial_driver/lib:/home/rosnoetic/ros_ws/install/hik_camera/lib:/home/rosnoetic/ros_ws/install/armor_tracker/lib:/home/rosnoetic/ros_ws/install/armor_detector/lib:/home/rosnoetic/ros_ws/install/auto_aim_interfaces/lib:/usr/lib/x86_64-linux-gnu/gazebo-11/plugins:/opt/ros/humble/opt/rviz_ogre_vendor/lib:/opt/ros/humble/lib/x86_64-linux-gnu:/opt/ros/humble/lib:/opt/MVS/lib/64:/opt/MVS/lib/32:/opt/MVS/lib/64:/opt/MVS/lib/32 PYTHONPATH=/home/rosnoetic/rm_shaobing_vision/install/auto_aim_interfaces/local/lib/python3.10/dist-packages:${PYTHONPATH} /usr/bin/cmake --install /home/rosnoetic/rm_shaobing_vision/build/armor_tracker
