[0.037s] Invoking command in '/home/rosnoetic/rm_shaobing_vision/build/armor_detector': AMENT_PREFIX_PATH=/home/rosnoetic/rm_shaobing_vision/install/auto_aim_interfaces:${AMENT_PREFIX_PATH} CMAKE_PREFIX_PATH=/home/rosnoetic/rm_shaobing_vision/install/auto_aim_interfaces:/home/rosnoetic/ros_ws/install/rm_vision_bringup:/home/rosnoetic/ros_ws/install/rm_serial_driver:/home/rosnoetic/ros_ws/install/rm_gimbal_description:/home/rosnoetic/ros_ws/install/hik_camera:/home/rosnoetic/ros_ws/install/armor_tracker:/home/rosnoetic/ros_ws/install/armor_detector:/home/rosnoetic/ros_ws/install/auto_aim_interfaces:/opt/ros/humble LD_LIBRARY_PATH=/home/rosnoetic/rm_shaobing_vision/install/auto_aim_interfaces/lib:/opt/MVS/lib/64:/opt/MVS/lib/32:/opt/MVS/lib/64:/opt/MVS/lib/32:/home/rosnoetic/ros_ws/install/rm_serial_driver/lib:/home/rosnoetic/ros_ws/install/hik_camera/lib:/home/rosnoetic/ros_ws/install/armor_tracker/lib:/home/rosnoetic/ros_ws/install/armor_detector/lib:/home/rosnoetic/ros_ws/install/auto_aim_interfaces/lib:/usr/lib/x86_64-linux-gnu/gazebo-11/plugins:/opt/ros/humble/opt/rviz_ogre_vendor/lib:/opt/ros/humble/lib/x86_64-linux-gnu:/opt/ros/humble/lib:/opt/MVS/lib/64:/opt/MVS/lib/32:/opt/MVS/lib/64:/opt/MVS/lib/32 PYTHONPATH=/home/rosnoetic/rm_shaobing_vision/install/auto_aim_interfaces/local/lib/python3.10/dist-packages:${PYTHONPATH} /usr/bin/cmake /home/rosnoetic/rm_shaobing_vision/src/rm_auto_aim/armor_detector -DCMAKE_INSTALL_PREFIX=/home/rosnoetic/rm_shaobing_vision/install/armor_detector
[0.139s] -- The C compiler identification is GNU 11.4.0
[0.236s] -- The CXX compiler identification is GNU 11.4.0
[0.248s] -- Detecting C compiler ABI info
[0.379s] -- Detecting C compiler ABI info - done
[0.388s] -- Check for working C compiler: /usr/bin/cc - skipped
[0.389s] -- Detecting C compile features
[0.389s] -- Detecting C compile features - done
[0.394s] -- Detecting CXX compiler ABI info
[0.547s] -- Detecting CXX compiler ABI info - done
[0.564s] -- Check for working CXX compiler: /usr/bin/c++ - skipped
[0.565s] -- Detecting CXX compile features
[0.565s] -- Detecting CXX compile features - done
[0.565s] -- Found ament_cmake_auto: 1.3.10 (/opt/ros/humble/share/ament_cmake_auto/cmake)
[0.811s] -- Found Python3: /usr/bin/python3 (found version "3.10.12") found components: Interpreter 
[1.056s] -- Found OpenCV: /usr (found version "4.5.4") 
[1.333s] -- Found rosidl_generator_c: 3.1.5 (/opt/ros/humble/share/rosidl_generator_c/cmake)
[1.334s] -- Found rosidl_adapter: 3.1.5 (/opt/ros/humble/share/rosidl_adapter/cmake)
[1.385s] -- Found rosidl_generator_cpp: 3.1.5 (/opt/ros/humble/share/rosidl_generator_cpp/cmake)
[1.386s] -- Using all available rosidl_typesupport_c: rosidl_typesupport_fastrtps_c;rosidl_typesupport_introspection_c
[1.440s] -- Using all available rosidl_typesupport_cpp: rosidl_typesupport_fastrtps_cpp;rosidl_typesupport_introspection_cpp
[1.527s] -- Found rmw_implementation_cmake: 6.1.2 (/opt/ros/humble/share/rmw_implementation_cmake/cmake)
[1.528s] -- Found rmw_fastrtps_cpp: 6.2.7 (/opt/ros/humble/share/rmw_fastrtps_cpp/cmake)
[2.293s] -- Found OpenSSL: /usr/lib/x86_64-linux-gnu/libcrypto.so (found version "3.0.2")  
[2.393s] -- Found FastRTPS: /opt/ros/humble/include  
[2.527s] -- Using RMW implementation 'rmw_fastrtps_cpp' as default
[2.527s] -- Looking for pthread.h
[3.089s] -- Looking for pthread.h - found
[3.089s] -- Performing Test CMAKE_HAVE_LIBC_PTHREAD
[3.620s] -- Performing Test CMAKE_HAVE_LIBC_PTHREAD - Success
[3.621s] -- Found Threads: TRUE  
[4.107s] -- Found eigen3_cmake_module: 0.1.1 (/opt/ros/humble/share/eigen3_cmake_module/cmake)
[4.108s] -- Found Eigen3: TRUE (found version "3.4.0") 
[4.108s] -- Ensuring Eigen3 include directory is part of orocos-kdl CMake target
[4.285s] -- Found ament_lint_auto: 0.12.11 (/opt/ros/humble/share/ament_lint_auto/cmake)
[4.330s] -- Found ament_cmake_gtest: 1.3.10 (/opt/ros/humble/share/ament_cmake_gtest/cmake)
[4.392s] -- Found gtest sources under '/opt/ros/humble/src/gtest_vendor': C++ tests using 'Google Test' will be built
[4.442s] -- Added test 'cppcheck' to perform static code analysis on C / C++ code
[4.443s] -- Configured cppcheck include dirs: /home/rosnoetic/rm_shaobing_vision/src/rm_auto_aim/armor_detector/include
[4.443s] -- Configured cppcheck exclude dirs and/or files: 
[4.443s] -- Added test 'lint_cmake' to check CMake code style
[4.443s] -- Added test 'xmllint' to check XML markup files
[4.443s] -- Added test 'clang_format' to check C / C++ code style
[4.443s] -- Configuring done
[4.545s] -- Generating done
[4.545s] -- Build files have been written to: /home/rosnoetic/rm_shaobing_vision/build/armor_detector
[4.589s] Invoked command in '/home/rosnoetic/rm_shaobing_vision/build/armor_detector' returned '0': AMENT_PREFIX_PATH=/home/rosnoetic/rm_shaobing_vision/install/auto_aim_interfaces:${AMENT_PREFIX_PATH} CMAKE_PREFIX_PATH=/home/rosnoetic/rm_shaobing_vision/install/auto_aim_interfaces:/home/rosnoetic/ros_ws/install/rm_vision_bringup:/home/rosnoetic/ros_ws/install/rm_serial_driver:/home/rosnoetic/ros_ws/install/rm_gimbal_description:/home/rosnoetic/ros_ws/install/hik_camera:/home/rosnoetic/ros_ws/install/armor_tracker:/home/rosnoetic/ros_ws/install/armor_detector:/home/rosnoetic/ros_ws/install/auto_aim_interfaces:/opt/ros/humble LD_LIBRARY_PATH=/home/rosnoetic/rm_shaobing_vision/install/auto_aim_interfaces/lib:/opt/MVS/lib/64:/opt/MVS/lib/32:/opt/MVS/lib/64:/opt/MVS/lib/32:/home/rosnoetic/ros_ws/install/rm_serial_driver/lib:/home/rosnoetic/ros_ws/install/hik_camera/lib:/home/rosnoetic/ros_ws/install/armor_tracker/lib:/home/rosnoetic/ros_ws/install/armor_detector/lib:/home/rosnoetic/ros_ws/install/auto_aim_interfaces/lib:/usr/lib/x86_64-linux-gnu/gazebo-11/plugins:/opt/ros/humble/opt/rviz_ogre_vendor/lib:/opt/ros/humble/lib/x86_64-linux-gnu:/opt/ros/humble/lib:/opt/MVS/lib/64:/opt/MVS/lib/32:/opt/MVS/lib/64:/opt/MVS/lib/32 PYTHONPATH=/home/rosnoetic/rm_shaobing_vision/install/auto_aim_interfaces/local/lib/python3.10/dist-packages:${PYTHONPATH} /usr/bin/cmake /home/rosnoetic/rm_shaobing_vision/src/rm_auto_aim/armor_detector -DCMAKE_INSTALL_PREFIX=/home/rosnoetic/rm_shaobing_vision/install/armor_detector
[4.590s] Invoking command in '/home/rosnoetic/rm_shaobing_vision/build/armor_detector': AMENT_PREFIX_PATH=/home/rosnoetic/rm_shaobing_vision/install/auto_aim_interfaces:${AMENT_PREFIX_PATH} CMAKE_PREFIX_PATH=/home/rosnoetic/rm_shaobing_vision/install/auto_aim_interfaces:/home/rosnoetic/ros_ws/install/rm_vision_bringup:/home/rosnoetic/ros_ws/install/rm_serial_driver:/home/rosnoetic/ros_ws/install/rm_gimbal_description:/home/rosnoetic/ros_ws/install/hik_camera:/home/rosnoetic/ros_ws/install/armor_tracker:/home/rosnoetic/ros_ws/install/armor_detector:/home/rosnoetic/ros_ws/install/auto_aim_interfaces:/opt/ros/humble LD_LIBRARY_PATH=/home/rosnoetic/rm_shaobing_vision/install/auto_aim_interfaces/lib:/opt/MVS/lib/64:/opt/MVS/lib/32:/opt/MVS/lib/64:/opt/MVS/lib/32:/home/rosnoetic/ros_ws/install/rm_serial_driver/lib:/home/rosnoetic/ros_ws/install/hik_camera/lib:/home/rosnoetic/ros_ws/install/armor_tracker/lib:/home/rosnoetic/ros_ws/install/armor_detector/lib:/home/rosnoetic/ros_ws/install/auto_aim_interfaces/lib:/usr/lib/x86_64-linux-gnu/gazebo-11/plugins:/opt/ros/humble/opt/rviz_ogre_vendor/lib:/opt/ros/humble/lib/x86_64-linux-gnu:/opt/ros/humble/lib:/opt/MVS/lib/64:/opt/MVS/lib/32:/opt/MVS/lib/64:/opt/MVS/lib/32 PYTHONPATH=/home/rosnoetic/rm_shaobing_vision/install/auto_aim_interfaces/local/lib/python3.10/dist-packages:${PYTHONPATH} /usr/bin/cmake --build /home/rosnoetic/rm_shaobing_vision/build/armor_detector -- -j16 -l16
[4.907s] [  6%] [32mBuilding CXX object CMakeFiles/armor_detector_node.dir/rclcpp_components/node_main_armor_detector_node.cpp.o[0m
[4.911s] [ 13%] [32mBuilding CXX object CMakeFiles/armor_detector.dir/src/number_classifier.cpp.o[0m
[4.999s] [ 20%] [32mBuilding CXX object CMakeFiles/armor_detector.dir/src/pnp_solver.cpp.o[0m
[4.999s] [ 26%] [32mBuilding CXX object CMakeFiles/armor_detector.dir/src/detector.cpp.o[0m
[4.999s] [ 33%] [32mBuilding CXX object CMakeFiles/armor_detector.dir/src/detector_node.cpp.o[0m
[4.999s] [ 40%] [32mBuilding CXX object gtest/CMakeFiles/gtest_main.dir/src/gtest_main.cc.o[0m
[5.126s] [ 46%] [32mBuilding CXX object gtest/CMakeFiles/gtest.dir/src/gtest-all.cc.o[0m
[11.266s] [ 53%] [32m[1mLinking CXX static library libgtest_main.a[0m
[12.367s] [ 53%] Built target gtest_main
[18.526s] [ 60%] [32m[1mLinking CXX static library libgtest.a[0m
[18.867s] [ 60%] Built target gtest
[19.581s] [ 66%] [32m[1mLinking CXX executable armor_detector_node[0m
[20.037s] [ 66%] Built target armor_detector_node
[49.310s] [ 73%] [32m[1mLinking CXX shared library libarmor_detector.so[0m
[51.224s] [ 73%] Built target armor_detector
[51.266s] [ 86%] [32mBuilding CXX object CMakeFiles/test_number_cls.dir/test/test_number_cls.cpp.o[0m
[51.266s] [ 86%] [32mBuilding CXX object CMakeFiles/test_node_startup.dir/test/test_node_startup.cpp.o[0m
[54.690s] [ 93%] [32m[1mLinking CXX executable test_number_cls[0m
[56.683s] [ 93%] Built target test_number_cls
[59.075s] [100%] [32m[1mLinking CXX executable test_node_startup[0m
[60.328s] [100%] Built target test_node_startup
[60.350s] Invoked command in '/home/rosnoetic/rm_shaobing_vision/build/armor_detector' returned '0': AMENT_PREFIX_PATH=/home/rosnoetic/rm_shaobing_vision/install/auto_aim_interfaces:${AMENT_PREFIX_PATH} CMAKE_PREFIX_PATH=/home/rosnoetic/rm_shaobing_vision/install/auto_aim_interfaces:/home/rosnoetic/ros_ws/install/rm_vision_bringup:/home/rosnoetic/ros_ws/install/rm_serial_driver:/home/rosnoetic/ros_ws/install/rm_gimbal_description:/home/rosnoetic/ros_ws/install/hik_camera:/home/rosnoetic/ros_ws/install/armor_tracker:/home/rosnoetic/ros_ws/install/armor_detector:/home/rosnoetic/ros_ws/install/auto_aim_interfaces:/opt/ros/humble LD_LIBRARY_PATH=/home/rosnoetic/rm_shaobing_vision/install/auto_aim_interfaces/lib:/opt/MVS/lib/64:/opt/MVS/lib/32:/opt/MVS/lib/64:/opt/MVS/lib/32:/home/rosnoetic/ros_ws/install/rm_serial_driver/lib:/home/rosnoetic/ros_ws/install/hik_camera/lib:/home/rosnoetic/ros_ws/install/armor_tracker/lib:/home/rosnoetic/ros_ws/install/armor_detector/lib:/home/rosnoetic/ros_ws/install/auto_aim_interfaces/lib:/usr/lib/x86_64-linux-gnu/gazebo-11/plugins:/opt/ros/humble/opt/rviz_ogre_vendor/lib:/opt/ros/humble/lib/x86_64-linux-gnu:/opt/ros/humble/lib:/opt/MVS/lib/64:/opt/MVS/lib/32:/opt/MVS/lib/64:/opt/MVS/lib/32 PYTHONPATH=/home/rosnoetic/rm_shaobing_vision/install/auto_aim_interfaces/local/lib/python3.10/dist-packages:${PYTHONPATH} /usr/bin/cmake --build /home/rosnoetic/rm_shaobing_vision/build/armor_detector -- -j16 -l16
[60.500s] Invoking command in '/home/rosnoetic/rm_shaobing_vision/build/armor_detector': AMENT_PREFIX_PATH=/home/rosnoetic/rm_shaobing_vision/install/auto_aim_interfaces:${AMENT_PREFIX_PATH} CMAKE_PREFIX_PATH=/home/rosnoetic/rm_shaobing_vision/install/auto_aim_interfaces:/home/rosnoetic/ros_ws/install/rm_vision_bringup:/home/rosnoetic/ros_ws/install/rm_serial_driver:/home/rosnoetic/ros_ws/install/rm_gimbal_description:/home/rosnoetic/ros_ws/install/hik_camera:/home/rosnoetic/ros_ws/install/armor_tracker:/home/rosnoetic/ros_ws/install/armor_detector:/home/rosnoetic/ros_ws/install/auto_aim_interfaces:/opt/ros/humble LD_LIBRARY_PATH=/home/rosnoetic/rm_shaobing_vision/install/auto_aim_interfaces/lib:/opt/MVS/lib/64:/opt/MVS/lib/32:/opt/MVS/lib/64:/opt/MVS/lib/32:/home/rosnoetic/ros_ws/install/rm_serial_driver/lib:/home/rosnoetic/ros_ws/install/hik_camera/lib:/home/rosnoetic/ros_ws/install/armor_tracker/lib:/home/rosnoetic/ros_ws/install/armor_detector/lib:/home/rosnoetic/ros_ws/install/auto_aim_interfaces/lib:/usr/lib/x86_64-linux-gnu/gazebo-11/plugins:/opt/ros/humble/opt/rviz_ogre_vendor/lib:/opt/ros/humble/lib/x86_64-linux-gnu:/opt/ros/humble/lib:/opt/MVS/lib/64:/opt/MVS/lib/32:/opt/MVS/lib/64:/opt/MVS/lib/32 PYTHONPATH=/home/rosnoetic/rm_shaobing_vision/install/auto_aim_interfaces/local/lib/python3.10/dist-packages:${PYTHONPATH} /usr/bin/cmake --install /home/rosnoetic/rm_shaobing_vision/build/armor_detector
[60.506s] -- Install configuration: ""
[60.506s] -- Installing: /home/rosnoetic/rm_shaobing_vision/install/armor_detector/lib/armor_detector/armor_detector_node
[60.506s] -- Set runtime path of "/home/rosnoetic/rm_shaobing_vision/install/armor_detector/lib/armor_detector/armor_detector_node" to ""
[60.506s] -- Installing: /home/rosnoetic/rm_shaobing_vision/install/armor_detector/include
[60.507s] -- Installing: /home/rosnoetic/rm_shaobing_vision/install/armor_detector/include/armor_detector
[60.507s] -- Installing: /home/rosnoetic/rm_shaobing_vision/install/armor_detector/include/armor_detector/armor.hpp
[60.507s] -- Installing: /home/rosnoetic/rm_shaobing_vision/install/armor_detector/include/armor_detector/number_classifier.hpp
[60.507s] -- Installing: /home/rosnoetic/rm_shaobing_vision/install/armor_detector/include/armor_detector/detector.hpp
[60.507s] -- Installing: /home/rosnoetic/rm_shaobing_vision/install/armor_detector/include/armor_detector/pnp_solver.hpp
[60.507s] -- Installing: /home/rosnoetic/rm_shaobing_vision/install/armor_detector/include/armor_detector/detector_node.hpp
[60.507s] -- Installing: /home/rosnoetic/rm_shaobing_vision/install/armor_detector/share/armor_detector/environment/library_path.sh
[60.507s] -- Installing: /home/rosnoetic/rm_shaobing_vision/install/armor_detector/share/armor_detector/environment/library_path.dsv
[60.507s] -- Installing: /home/rosnoetic/rm_shaobing_vision/install/armor_detector/lib/libarmor_detector.so
[60.525s] -- Set runtime path of "/home/rosnoetic/rm_shaobing_vision/install/armor_detector/lib/libarmor_detector.so" to ""
[60.525s] -- Installing: /home/rosnoetic/rm_shaobing_vision/install/armor_detector/share/armor_detector/model
[60.525s] -- Installing: /home/rosnoetic/rm_shaobing_vision/install/armor_detector/share/armor_detector/model/label.txt
[60.525s] -- Installing: /home/rosnoetic/rm_shaobing_vision/install/armor_detector/share/armor_detector/model/mlp.onnx
[60.527s] -- Installing: /home/rosnoetic/rm_shaobing_vision/install/armor_detector/share/ament_index/resource_index/package_run_dependencies/armor_detector
[60.527s] -- Installing: /home/rosnoetic/rm_shaobing_vision/install/armor_detector/share/ament_index/resource_index/parent_prefix_path/armor_detector
[60.527s] -- Installing: /home/rosnoetic/rm_shaobing_vision/install/armor_detector/share/armor_detector/environment/ament_prefix_path.sh
[60.527s] -- Installing: /home/rosnoetic/rm_shaobing_vision/install/armor_detector/share/armor_detector/environment/ament_prefix_path.dsv
[60.527s] -- Installing: /home/rosnoetic/rm_shaobing_vision/install/armor_detector/share/armor_detector/environment/path.sh
[60.527s] -- Installing: /home/rosnoetic/rm_shaobing_vision/install/armor_detector/share/armor_detector/environment/path.dsv
[60.527s] -- Installing: /home/rosnoetic/rm_shaobing_vision/install/armor_detector/share/armor_detector/local_setup.bash
[60.528s] -- Installing: /home/rosnoetic/rm_shaobing_vision/install/armor_detector/share/armor_detector/local_setup.sh
[60.528s] -- Installing: /home/rosnoetic/rm_shaobing_vision/install/armor_detector/share/armor_detector/local_setup.zsh
[60.528s] -- Installing: /home/rosnoetic/rm_shaobing_vision/install/armor_detector/share/armor_detector/local_setup.dsv
[60.528s] -- Installing: /home/rosnoetic/rm_shaobing_vision/install/armor_detector/share/armor_detector/package.dsv
[60.529s] -- Installing: /home/rosnoetic/rm_shaobing_vision/install/armor_detector/share/ament_index/resource_index/packages/armor_detector
[60.529s] -- Installing: /home/rosnoetic/rm_shaobing_vision/install/armor_detector/share/ament_index/resource_index/rclcpp_components/armor_detector
[60.529s] -- Installing: /home/rosnoetic/rm_shaobing_vision/install/armor_detector/share/armor_detector/cmake/ament_cmake_export_dependencies-extras.cmake
[60.529s] -- Installing: /home/rosnoetic/rm_shaobing_vision/install/armor_detector/share/armor_detector/cmake/ament_cmake_export_include_directories-extras.cmake
[60.529s] -- Installing: /home/rosnoetic/rm_shaobing_vision/install/armor_detector/share/armor_detector/cmake/ament_cmake_export_libraries-extras.cmake
[60.530s] -- Installing: /home/rosnoetic/rm_shaobing_vision/install/armor_detector/share/armor_detector/cmake/armor_detectorConfig.cmake
[60.530s] -- Installing: /home/rosnoetic/rm_shaobing_vision/install/armor_detector/share/armor_detector/cmake/armor_detectorConfig-version.cmake
[60.531s] -- Installing: /home/rosnoetic/rm_shaobing_vision/install/armor_detector/share/armor_detector/package.xml
[60.533s] Invoked command in '/home/rosnoetic/rm_shaobing_vision/build/armor_detector' returned '0': AMENT_PREFIX_PATH=/home/rosnoetic/rm_shaobing_vision/install/auto_aim_interfaces:${AMENT_PREFIX_PATH} CMAKE_PREFIX_PATH=/home/rosnoetic/rm_shaobing_vision/install/auto_aim_interfaces:/home/rosnoetic/ros_ws/install/rm_vision_bringup:/home/rosnoetic/ros_ws/install/rm_serial_driver:/home/rosnoetic/ros_ws/install/rm_gimbal_description:/home/rosnoetic/ros_ws/install/hik_camera:/home/rosnoetic/ros_ws/install/armor_tracker:/home/rosnoetic/ros_ws/install/armor_detector:/home/rosnoetic/ros_ws/install/auto_aim_interfaces:/opt/ros/humble LD_LIBRARY_PATH=/home/rosnoetic/rm_shaobing_vision/install/auto_aim_interfaces/lib:/opt/MVS/lib/64:/opt/MVS/lib/32:/opt/MVS/lib/64:/opt/MVS/lib/32:/home/rosnoetic/ros_ws/install/rm_serial_driver/lib:/home/rosnoetic/ros_ws/install/hik_camera/lib:/home/rosnoetic/ros_ws/install/armor_tracker/lib:/home/rosnoetic/ros_ws/install/armor_detector/lib:/home/rosnoetic/ros_ws/install/auto_aim_interfaces/lib:/usr/lib/x86_64-linux-gnu/gazebo-11/plugins:/opt/ros/humble/opt/rviz_ogre_vendor/lib:/opt/ros/humble/lib/x86_64-linux-gnu:/opt/ros/humble/lib:/opt/MVS/lib/64:/opt/MVS/lib/32:/opt/MVS/lib/64:/opt/MVS/lib/32 PYTHONPATH=/home/rosnoetic/rm_shaobing_vision/install/auto_aim_interfaces/local/lib/python3.10/dist-packages:${PYTHONPATH} /usr/bin/cmake --install /home/rosnoetic/rm_shaobing_vision/build/armor_detector
