[0.033s] Invoking command in '/home/rosnoetic/vision_ws/rm_shaobing_vision/build/armor_detector': AMENT_PREFIX_PATH=/home/rosnoetic/vision_ws/rm_shaobing_vision/install/auto_aim_interfaces:${AMENT_PREFIX_PATH} CMAKE_PREFIX_PATH=/home/rosnoetic/vision_ws/rm_shaobing_vision/install/auto_aim_interfaces:/home/rosnoetic/ros_ws/install/rm_vision_bringup:/home/rosnoetic/ros_ws/install/rm_serial_driver:/home/rosnoetic/ros_ws/install/rm_gimbal_description:/home/rosnoetic/ros_ws/install/hik_camera:/home/rosnoetic/ros_ws/install/armor_tracker:/home/rosnoetic/ros_ws/install/armor_detector:/home/rosnoetic/ros_ws/install/auto_aim_interfaces:/opt/ros/humble LD_LIBRARY_PATH=/home/rosnoetic/vision_ws/rm_shaobing_vision/install/auto_aim_interfaces/lib:/opt/MVS/lib/64:/opt/MVS/lib/32:/opt/MVS/lib/64:/opt/MVS/lib/32:/home/rosnoetic/ros_ws/install/rm_serial_driver/lib:/home/rosnoetic/ros_ws/install/hik_camera/lib:/home/rosnoetic/ros_ws/install/armor_tracker/lib:/home/rosnoetic/ros_ws/install/armor_detector/lib:/home/rosnoetic/ros_ws/install/auto_aim_interfaces/lib:/usr/lib/x86_64-linux-gnu/gazebo-11/plugins:/opt/ros/humble/opt/rviz_ogre_vendor/lib:/opt/ros/humble/lib/x86_64-linux-gnu:/opt/ros/humble/lib:/opt/MVS/lib/64:/opt/MVS/lib/32:/opt/MVS/lib/64:/opt/MVS/lib/32 PYTHONPATH=/home/rosnoetic/vision_ws/rm_shaobing_vision/install/auto_aim_interfaces/local/lib/python3.10/dist-packages:${PYTHONPATH} /usr/bin/cmake --build /home/rosnoetic/vision_ws/rm_shaobing_vision/build/armor_detector -- -j16 -l16
[0.201s] [35m[1mConsolidate compiler generated dependencies of target armor_detector[0m
[0.231s] [ 13%] Built target gtest
[0.231s] [ 26%] Built target armor_detector_node
[0.232s] [ 40%] Built target gtest_main
[0.247s] [ 73%] Built target armor_detector
[0.298s] [35m[1mConsolidate compiler generated dependencies of target test_node_startup[0m
[0.340s] [ 86%] Built target test_number_cls
[0.348s] [100%] Built target test_node_startup
[0.381s] Invoked command in '/home/rosnoetic/vision_ws/rm_shaobing_vision/build/armor_detector' returned '0': AMENT_PREFIX_PATH=/home/rosnoetic/vision_ws/rm_shaobing_vision/install/auto_aim_interfaces:${AMENT_PREFIX_PATH} CMAKE_PREFIX_PATH=/home/rosnoetic/vision_ws/rm_shaobing_vision/install/auto_aim_interfaces:/home/rosnoetic/ros_ws/install/rm_vision_bringup:/home/rosnoetic/ros_ws/install/rm_serial_driver:/home/rosnoetic/ros_ws/install/rm_gimbal_description:/home/rosnoetic/ros_ws/install/hik_camera:/home/rosnoetic/ros_ws/install/armor_tracker:/home/rosnoetic/ros_ws/install/armor_detector:/home/rosnoetic/ros_ws/install/auto_aim_interfaces:/opt/ros/humble LD_LIBRARY_PATH=/home/rosnoetic/vision_ws/rm_shaobing_vision/install/auto_aim_interfaces/lib:/opt/MVS/lib/64:/opt/MVS/lib/32:/opt/MVS/lib/64:/opt/MVS/lib/32:/home/rosnoetic/ros_ws/install/rm_serial_driver/lib:/home/rosnoetic/ros_ws/install/hik_camera/lib:/home/rosnoetic/ros_ws/install/armor_tracker/lib:/home/rosnoetic/ros_ws/install/armor_detector/lib:/home/rosnoetic/ros_ws/install/auto_aim_interfaces/lib:/usr/lib/x86_64-linux-gnu/gazebo-11/plugins:/opt/ros/humble/opt/rviz_ogre_vendor/lib:/opt/ros/humble/lib/x86_64-linux-gnu:/opt/ros/humble/lib:/opt/MVS/lib/64:/opt/MVS/lib/32:/opt/MVS/lib/64:/opt/MVS/lib/32 PYTHONPATH=/home/rosnoetic/vision_ws/rm_shaobing_vision/install/auto_aim_interfaces/local/lib/python3.10/dist-packages:${PYTHONPATH} /usr/bin/cmake --build /home/rosnoetic/vision_ws/rm_shaobing_vision/build/armor_detector -- -j16 -l16
[0.585s] Invoking command in '/home/rosnoetic/vision_ws/rm_shaobing_vision/build/armor_detector': AMENT_PREFIX_PATH=/home/rosnoetic/vision_ws/rm_shaobing_vision/install/auto_aim_interfaces:${AMENT_PREFIX_PATH} CMAKE_PREFIX_PATH=/home/rosnoetic/vision_ws/rm_shaobing_vision/install/auto_aim_interfaces:/home/rosnoetic/ros_ws/install/rm_vision_bringup:/home/rosnoetic/ros_ws/install/rm_serial_driver:/home/rosnoetic/ros_ws/install/rm_gimbal_description:/home/rosnoetic/ros_ws/install/hik_camera:/home/rosnoetic/ros_ws/install/armor_tracker:/home/rosnoetic/ros_ws/install/armor_detector:/home/rosnoetic/ros_ws/install/auto_aim_interfaces:/opt/ros/humble LD_LIBRARY_PATH=/home/rosnoetic/vision_ws/rm_shaobing_vision/install/auto_aim_interfaces/lib:/opt/MVS/lib/64:/opt/MVS/lib/32:/opt/MVS/lib/64:/opt/MVS/lib/32:/home/rosnoetic/ros_ws/install/rm_serial_driver/lib:/home/rosnoetic/ros_ws/install/hik_camera/lib:/home/rosnoetic/ros_ws/install/armor_tracker/lib:/home/rosnoetic/ros_ws/install/armor_detector/lib:/home/rosnoetic/ros_ws/install/auto_aim_interfaces/lib:/usr/lib/x86_64-linux-gnu/gazebo-11/plugins:/opt/ros/humble/opt/rviz_ogre_vendor/lib:/opt/ros/humble/lib/x86_64-linux-gnu:/opt/ros/humble/lib:/opt/MVS/lib/64:/opt/MVS/lib/32:/opt/MVS/lib/64:/opt/MVS/lib/32 PYTHONPATH=/home/rosnoetic/vision_ws/rm_shaobing_vision/install/auto_aim_interfaces/local/lib/python3.10/dist-packages:${PYTHONPATH} /usr/bin/cmake --install /home/rosnoetic/vision_ws/rm_shaobing_vision/build/armor_detector
[0.600s] -- Install configuration: ""
[0.601s] -- Up-to-date: /home/rosnoetic/vision_ws/rm_shaobing_vision/install/armor_detector/lib/armor_detector/armor_detector_node
[0.602s] -- Up-to-date: /home/rosnoetic/vision_ws/rm_shaobing_vision/install/armor_detector/include
[0.602s] -- Up-to-date: /home/rosnoetic/vision_ws/rm_shaobing_vision/install/armor_detector/include/armor_detector
[0.602s] -- Up-to-date: /home/rosnoetic/vision_ws/rm_shaobing_vision/install/armor_detector/include/armor_detector/armor.hpp
[0.602s] -- Up-to-date: /home/rosnoetic/vision_ws/rm_shaobing_vision/install/armor_detector/include/armor_detector/number_classifier.hpp
[0.603s] -- Up-to-date: /home/rosnoetic/vision_ws/rm_shaobing_vision/install/armor_detector/include/armor_detector/detector.hpp
[0.603s] -- Up-to-date: /home/rosnoetic/vision_ws/rm_shaobing_vision/install/armor_detector/include/armor_detector/pnp_solver.hpp
[0.603s] -- Up-to-date: /home/rosnoetic/vision_ws/rm_shaobing_vision/install/armor_detector/include/armor_detector/detector_node.hpp
[0.603s] -- Up-to-date: /home/rosnoetic/vision_ws/rm_shaobing_vision/install/armor_detector/share/armor_detector/environment/library_path.dsv
[0.603s] -- Up-to-date: /home/rosnoetic/vision_ws/rm_shaobing_vision/install/armor_detector/lib/libarmor_detector.so
[0.603s] -- Up-to-date: /home/rosnoetic/vision_ws/rm_shaobing_vision/install/armor_detector/share/armor_detector/model
[0.603s] -- Up-to-date: /home/rosnoetic/vision_ws/rm_shaobing_vision/install/armor_detector/share/armor_detector/model/label.txt
[0.604s] -- Up-to-date: /home/rosnoetic/vision_ws/rm_shaobing_vision/install/armor_detector/share/armor_detector/model/mlp.onnx
[0.604s] -- Up-to-date: /home/rosnoetic/vision_ws/rm_shaobing_vision/install/armor_detector/share/ament_index/resource_index/package_run_dependencies/armor_detector
[0.604s] -- Up-to-date: /home/rosnoetic/vision_ws/rm_shaobing_vision/install/armor_detector/share/ament_index/resource_index/parent_prefix_path/armor_detector
[0.604s] -- Up-to-date: /home/rosnoetic/vision_ws/rm_shaobing_vision/install/armor_detector/share/armor_detector/environment/ament_prefix_path.dsv
[0.604s] -- Up-to-date: /home/rosnoetic/vision_ws/rm_shaobing_vision/install/armor_detector/share/armor_detector/environment/path.dsv
[0.604s] -- Up-to-date: /home/rosnoetic/vision_ws/rm_shaobing_vision/install/armor_detector/share/armor_detector/local_setup.bash
[0.604s] -- Up-to-date: /home/rosnoetic/vision_ws/rm_shaobing_vision/install/armor_detector/share/armor_detector/local_setup.sh
[0.604s] -- Up-to-date: /home/rosnoetic/vision_ws/rm_shaobing_vision/install/armor_detector/share/armor_detector/local_setup.zsh
[0.604s] -- Up-to-date: /home/rosnoetic/vision_ws/rm_shaobing_vision/install/armor_detector/share/armor_detector/local_setup.dsv
[0.604s] -- Installing: /home/rosnoetic/vision_ws/rm_shaobing_vision/install/armor_detector/share/armor_detector/package.dsv
[0.606s] -- Up-to-date: /home/rosnoetic/vision_ws/rm_shaobing_vision/install/armor_detector/share/ament_index/resource_index/packages/armor_detector
[0.607s] -- Up-to-date: /home/rosnoetic/vision_ws/rm_shaobing_vision/install/armor_detector/share/ament_index/resource_index/rclcpp_components/armor_detector
[0.608s] -- Up-to-date: /home/rosnoetic/vision_ws/rm_shaobing_vision/install/armor_detector/share/armor_detector/cmake/ament_cmake_export_dependencies-extras.cmake
[0.608s] -- Up-to-date: /home/rosnoetic/vision_ws/rm_shaobing_vision/install/armor_detector/share/armor_detector/cmake/ament_cmake_export_include_directories-extras.cmake
[0.608s] -- Up-to-date: /home/rosnoetic/vision_ws/rm_shaobing_vision/install/armor_detector/share/armor_detector/cmake/ament_cmake_export_libraries-extras.cmake
[0.608s] -- Up-to-date: /home/rosnoetic/vision_ws/rm_shaobing_vision/install/armor_detector/share/armor_detector/cmake/armor_detectorConfig.cmake
[0.609s] -- Up-to-date: /home/rosnoetic/vision_ws/rm_shaobing_vision/install/armor_detector/share/armor_detector/cmake/armor_detectorConfig-version.cmake
[0.612s] -- Up-to-date: /home/rosnoetic/vision_ws/rm_shaobing_vision/install/armor_detector/share/armor_detector/package.xml
[0.612s] Invoked command in '/home/rosnoetic/vision_ws/rm_shaobing_vision/build/armor_detector' returned '0': AMENT_PREFIX_PATH=/home/rosnoetic/vision_ws/rm_shaobing_vision/install/auto_aim_interfaces:${AMENT_PREFIX_PATH} CMAKE_PREFIX_PATH=/home/rosnoetic/vision_ws/rm_shaobing_vision/install/auto_aim_interfaces:/home/rosnoetic/ros_ws/install/rm_vision_bringup:/home/rosnoetic/ros_ws/install/rm_serial_driver:/home/rosnoetic/ros_ws/install/rm_gimbal_description:/home/rosnoetic/ros_ws/install/hik_camera:/home/rosnoetic/ros_ws/install/armor_tracker:/home/rosnoetic/ros_ws/install/armor_detector:/home/rosnoetic/ros_ws/install/auto_aim_interfaces:/opt/ros/humble LD_LIBRARY_PATH=/home/rosnoetic/vision_ws/rm_shaobing_vision/install/auto_aim_interfaces/lib:/opt/MVS/lib/64:/opt/MVS/lib/32:/opt/MVS/lib/64:/opt/MVS/lib/32:/home/rosnoetic/ros_ws/install/rm_serial_driver/lib:/home/rosnoetic/ros_ws/install/hik_camera/lib:/home/rosnoetic/ros_ws/install/armor_tracker/lib:/home/rosnoetic/ros_ws/install/armor_detector/lib:/home/rosnoetic/ros_ws/install/auto_aim_interfaces/lib:/usr/lib/x86_64-linux-gnu/gazebo-11/plugins:/opt/ros/humble/opt/rviz_ogre_vendor/lib:/opt/ros/humble/lib/x86_64-linux-gnu:/opt/ros/humble/lib:/opt/MVS/lib/64:/opt/MVS/lib/32:/opt/MVS/lib/64:/opt/MVS/lib/32 PYTHONPATH=/home/rosnoetic/vision_ws/rm_shaobing_vision/install/auto_aim_interfaces/local/lib/python3.10/dist-packages:${PYTHONPATH} /usr/bin/cmake --install /home/rosnoetic/vision_ws/rm_shaobing_vision/build/armor_detector
