[0.019s] Invoking command in '/home/rosnoetic/rm_shaobing_vision/build/auto_aim_interfaces': CMAKE_PREFIX_PATH=${CMAKE_PREFIX_PATH}:/home/rosnoetic/ros_ws/install/rm_vision_bringup:/home/rosnoetic/ros_ws/install/rm_serial_driver:/home/rosnoetic/ros_ws/install/rm_gimbal_description:/home/rosnoetic/ros_ws/install/hik_camera:/home/rosnoetic/ros_ws/install/armor_tracker:/home/rosnoetic/ros_ws/install/armor_detector:/home/rosnoetic/ros_ws/install/auto_aim_interfaces:/opt/ros/humble /usr/bin/cmake /home/rosnoetic/rm_shaobing_vision/src/rm_auto_aim/auto_aim_interfaces -DCMAKE_INSTALL_PREFIX=/home/rosnoetic/rm_shaobing_vision/install/auto_aim_interfaces
[0.135s] -- The C compiler identification is GNU 11.4.0
[0.227s] -- The CXX compiler identification is GNU 11.4.0
[0.239s] -- Detecting C compiler ABI info
[0.375s] -- Detecting C compiler ABI info - done
[0.384s] -- Check for working C compiler: /usr/bin/cc - skipped
[0.385s] -- Detecting C compile features
[0.385s] -- Detecting C compile features - done
[0.389s] -- Detecting CXX compiler ABI info
[0.542s] -- Detecting CXX compiler ABI info - done
[0.552s] -- Check for working CXX compiler: /usr/bin/c++ - skipped
[0.552s] -- Detecting CXX compile features
[0.552s] -- Detecting CXX compile features - done
[0.558s] -- Found ament_cmake: 1.3.10 (/opt/ros/humble/share/ament_cmake/cmake)
[0.787s] -- Found Python3: /usr/bin/python3 (found version "3.10.12") found components: Interpreter 
[0.899s] -- Found rosidl_default_generators: 1.2.0 (/opt/ros/humble/share/rosidl_default_generators/cmake)
[0.909s] -- Using all available rosidl_typesupport_c: rosidl_typesupport_fastrtps_c;rosidl_typesupport_introspection_c
[0.935s] -- Found rosidl_adapter: 3.1.5 (/opt/ros/humble/share/rosidl_adapter/cmake)
[1.027s] -- Using all available rosidl_typesupport_cpp: rosidl_typesupport_fastrtps_cpp;rosidl_typesupport_introspection_cpp
[1.097s] -- Found geometry_msgs: 4.2.4 (/opt/ros/humble/share/geometry_msgs/cmake)
[1.604s] -- Found ament_cmake_ros: 0.10.0 (/opt/ros/humble/share/ament_cmake_ros/cmake)
[1.953s] -- Using all available rosidl_typesupport_c: rosidl_typesupport_fastrtps_c;rosidl_typesupport_introspection_c
[2.423s] -- Using all available rosidl_typesupport_cpp: rosidl_typesupport_fastrtps_cpp;rosidl_typesupport_introspection_cpp
[2.457s] -- Found PythonInterp: /usr/bin/python3 (found suitable version "3.10.12", minimum required is "3.6") 
[2.462s] -- Found python_cmake_module: 0.10.0 (/opt/ros/humble/share/python_cmake_module/cmake)
[2.504s] -- Found PythonLibs: /usr/lib/x86_64-linux-gnu/libpython3.10.so (found suitable version "3.10.12", minimum required is "3.5") 
[2.504s] -- Using PYTHON_EXECUTABLE: /usr/bin/python3
[2.505s] -- Using PYTHON_INCLUDE_DIRS: /usr/include/python3.10
[2.505s] -- Using PYTHON_LIBRARIES: /usr/lib/x86_64-linux-gnu/libpython3.10.so
[2.523s] -- Found PythonExtra: .so  
[2.612s] -- Configuring done
[2.683s] -- Generating done
[2.688s] -- Build files have been written to: /home/rosnoetic/rm_shaobing_vision/build/auto_aim_interfaces
[2.702s] Invoked command in '/home/rosnoetic/rm_shaobing_vision/build/auto_aim_interfaces' returned '0': CMAKE_PREFIX_PATH=${CMAKE_PREFIX_PATH}:/home/rosnoetic/ros_ws/install/rm_vision_bringup:/home/rosnoetic/ros_ws/install/rm_serial_driver:/home/rosnoetic/ros_ws/install/rm_gimbal_description:/home/rosnoetic/ros_ws/install/hik_camera:/home/rosnoetic/ros_ws/install/armor_tracker:/home/rosnoetic/ros_ws/install/armor_detector:/home/rosnoetic/ros_ws/install/auto_aim_interfaces:/opt/ros/humble /usr/bin/cmake /home/rosnoetic/rm_shaobing_vision/src/rm_auto_aim/auto_aim_interfaces -DCMAKE_INSTALL_PREFIX=/home/rosnoetic/rm_shaobing_vision/install/auto_aim_interfaces
[2.706s] Invoking command in '/home/rosnoetic/rm_shaobing_vision/build/auto_aim_interfaces': CMAKE_PREFIX_PATH=${CMAKE_PREFIX_PATH}:/home/rosnoetic/ros_ws/install/rm_vision_bringup:/home/rosnoetic/ros_ws/install/rm_serial_driver:/home/rosnoetic/ros_ws/install/rm_gimbal_description:/home/rosnoetic/ros_ws/install/hik_camera:/home/rosnoetic/ros_ws/install/armor_tracker:/home/rosnoetic/ros_ws/install/armor_detector:/home/rosnoetic/ros_ws/install/auto_aim_interfaces:/opt/ros/humble /usr/bin/cmake --build /home/rosnoetic/rm_shaobing_vision/build/auto_aim_interfaces -- -j16 -l16
[2.793s] [35m[1mConsolidate compiler generated dependencies of target auto_aim_interfaces__rosidl_generator_c[0m
[2.816s] [  0%] Built target auto_aim_interfaces__cpp
[2.823s] [ 12%] Built target auto_aim_interfaces__rosidl_generator_c
[2.835s] [ 12%] Built target ament_cmake_python_copy_auto_aim_interfaces
[2.857s] [35m[1mConsolidate compiler generated dependencies of target auto_aim_interfaces__rosidl_typesupport_cpp[0m
[2.857s] [35m[1mConsolidate compiler generated dependencies of target auto_aim_interfaces__rosidl_typesupport_fastrtps_cpp[0m
[2.857s] [35m[1mConsolidate compiler generated dependencies of target auto_aim_interfaces__rosidl_typesupport_c[0m
[2.857s] [35m[1mConsolidate compiler generated dependencies of target auto_aim_interfaces__rosidl_typesupport_introspection_cpp[0m
[2.857s] [35m[1mConsolidate compiler generated dependencies of target auto_aim_interfaces__rosidl_typesupport_introspection_c[0m
[2.857s] [35m[1mConsolidate compiler generated dependencies of target auto_aim_interfaces__rosidl_typesupport_fastrtps_c[0m
[2.881s] [ 23%] Built target auto_aim_interfaces__rosidl_typesupport_c
[2.887s] [ 46%] Built target auto_aim_interfaces__rosidl_typesupport_cpp
[2.887s] [ 46%] Built target auto_aim_interfaces__rosidl_typesupport_fastrtps_cpp
[2.889s] [ 58%] Built target auto_aim_interfaces__rosidl_typesupport_fastrtps_c
[2.890s] [ 70%] Built target auto_aim_interfaces__rosidl_typesupport_introspection_cpp
[2.903s] [ 82%] Built target auto_aim_interfaces__rosidl_typesupport_introspection_c
[2.949s] [ 82%] Built target auto_aim_interfaces
[2.999s] [ 83%] Built target auto_aim_interfaces__py
[3.025s] [35m[1mConsolidate compiler generated dependencies of target auto_aim_interfaces__rosidl_generator_py[0m
[3.062s] [ 94%] Built target auto_aim_interfaces__rosidl_generator_py
[3.086s] [35m[1mConsolidate compiler generated dependencies of target auto_aim_interfaces__rosidl_typesupport_introspection_c__pyext[0m
[3.086s] [35m[1mConsolidate compiler generated dependencies of target auto_aim_interfaces__rosidl_typesupport_c__pyext[0m
[3.086s] [35m[1mConsolidate compiler generated dependencies of target auto_aim_interfaces__rosidl_typesupport_fastrtps_c__pyext[0m
[3.117s] [100%] Built target auto_aim_interfaces__rosidl_typesupport_fastrtps_c__pyext
[3.117s] [100%] Built target auto_aim_interfaces__rosidl_typesupport_introspection_c__pyext
[3.117s] [100%] Built target auto_aim_interfaces__rosidl_typesupport_c__pyext
[3.293s] running egg_info
[3.294s] writing auto_aim_interfaces.egg-info/PKG-INFO
[3.295s] writing dependency_links to auto_aim_interfaces.egg-info/dependency_links.txt
[3.296s] writing top-level names to auto_aim_interfaces.egg-info/top_level.txt
[3.300s] reading manifest file 'auto_aim_interfaces.egg-info/SOURCES.txt'
[3.301s] writing manifest file 'auto_aim_interfaces.egg-info/SOURCES.txt'
[3.348s] [100%] Built target ament_cmake_python_build_auto_aim_interfaces_egg
[3.372s] Invoked command in '/home/rosnoetic/rm_shaobing_vision/build/auto_aim_interfaces' returned '0': CMAKE_PREFIX_PATH=${CMAKE_PREFIX_PATH}:/home/rosnoetic/ros_ws/install/rm_vision_bringup:/home/rosnoetic/ros_ws/install/rm_serial_driver:/home/rosnoetic/ros_ws/install/rm_gimbal_description:/home/rosnoetic/ros_ws/install/hik_camera:/home/rosnoetic/ros_ws/install/armor_tracker:/home/rosnoetic/ros_ws/install/armor_detector:/home/rosnoetic/ros_ws/install/auto_aim_interfaces:/opt/ros/humble /usr/bin/cmake --build /home/rosnoetic/rm_shaobing_vision/build/auto_aim_interfaces -- -j16 -l16
[4.371s] Invoking command in '/home/rosnoetic/rm_shaobing_vision/build/auto_aim_interfaces': CMAKE_PREFIX_PATH=${CMAKE_PREFIX_PATH}:/home/rosnoetic/ros_ws/install/rm_vision_bringup:/home/rosnoetic/ros_ws/install/rm_serial_driver:/home/rosnoetic/ros_ws/install/rm_gimbal_description:/home/rosnoetic/ros_ws/install/hik_camera:/home/rosnoetic/ros_ws/install/armor_tracker:/home/rosnoetic/ros_ws/install/armor_detector:/home/rosnoetic/ros_ws/install/auto_aim_interfaces:/opt/ros/humble /usr/bin/cmake --install /home/rosnoetic/rm_shaobing_vision/build/auto_aim_interfaces
[4.387s] -- Install configuration: ""
[4.387s] -- Up-to-date: /home/rosnoetic/rm_shaobing_vision/install/auto_aim_interfaces/share/ament_index/resource_index/rosidl_interfaces/auto_aim_interfaces
[4.387s] -- Up-to-date: /home/rosnoetic/rm_shaobing_vision/install/auto_aim_interfaces/include/auto_aim_interfaces/auto_aim_interfaces
[4.387s] -- Up-to-date: /home/rosnoetic/rm_shaobing_vision/install/auto_aim_interfaces/include/auto_aim_interfaces/auto_aim_interfaces/msg
[4.387s] -- Up-to-date: /home/rosnoetic/rm_shaobing_vision/install/auto_aim_interfaces/include/auto_aim_interfaces/auto_aim_interfaces/msg/time_info.h
[4.387s] -- Up-to-date: /home/rosnoetic/rm_shaobing_vision/install/auto_aim_interfaces/include/auto_aim_interfaces/auto_aim_interfaces/msg/debug_light.h
[4.387s] -- Up-to-date: /home/rosnoetic/rm_shaobing_vision/install/auto_aim_interfaces/include/auto_aim_interfaces/auto_aim_interfaces/msg/armor.h
[4.387s] -- Up-to-date: /home/rosnoetic/rm_shaobing_vision/install/auto_aim_interfaces/include/auto_aim_interfaces/auto_aim_interfaces/msg/time_series.h
[4.387s] -- Up-to-date: /home/rosnoetic/rm_shaobing_vision/install/auto_aim_interfaces/include/auto_aim_interfaces/auto_aim_interfaces/msg/rosidl_generator_c__visibility_control.h
[4.388s] -- Up-to-date: /home/rosnoetic/rm_shaobing_vision/install/auto_aim_interfaces/include/auto_aim_interfaces/auto_aim_interfaces/msg/armors.h
[4.388s] -- Up-to-date: /home/rosnoetic/rm_shaobing_vision/install/auto_aim_interfaces/include/auto_aim_interfaces/auto_aim_interfaces/msg/tracker_info.h
[4.388s] -- Up-to-date: /home/rosnoetic/rm_shaobing_vision/install/auto_aim_interfaces/include/auto_aim_interfaces/auto_aim_interfaces/msg/debug_armor.h
[4.389s] -- Up-to-date: /home/rosnoetic/rm_shaobing_vision/install/auto_aim_interfaces/include/auto_aim_interfaces/auto_aim_interfaces/msg/debug_armors.h
[4.389s] -- Up-to-date: /home/rosnoetic/rm_shaobing_vision/install/auto_aim_interfaces/include/auto_aim_interfaces/auto_aim_interfaces/msg/target.h
[4.390s] -- Up-to-date: /home/rosnoetic/rm_shaobing_vision/install/auto_aim_interfaces/include/auto_aim_interfaces/auto_aim_interfaces/msg/debug_lights.h
[4.390s] -- Up-to-date: /home/rosnoetic/rm_shaobing_vision/install/auto_aim_interfaces/include/auto_aim_interfaces/auto_aim_interfaces/msg/detail
[4.390s] -- Up-to-date: /home/rosnoetic/rm_shaobing_vision/install/auto_aim_interfaces/include/auto_aim_interfaces/auto_aim_interfaces/msg/detail/debug_light__type_support.h
[4.390s] -- Up-to-date: /home/rosnoetic/rm_shaobing_vision/install/auto_aim_interfaces/include/auto_aim_interfaces/auto_aim_interfaces/msg/detail/debug_armor__functions.h
[4.390s] -- Up-to-date: /home/rosnoetic/rm_shaobing_vision/install/auto_aim_interfaces/include/auto_aim_interfaces/auto_aim_interfaces/msg/detail/target__functions.h
[4.391s] -- Up-to-date: /home/rosnoetic/rm_shaobing_vision/install/auto_aim_interfaces/include/auto_aim_interfaces/auto_aim_interfaces/msg/detail/armor__struct.h
[4.391s] -- Up-to-date: /home/rosnoetic/rm_shaobing_vision/install/auto_aim_interfaces/include/auto_aim_interfaces/auto_aim_interfaces/msg/detail/tracker_info__struct.h
[4.391s] -- Up-to-date: /home/rosnoetic/rm_shaobing_vision/install/auto_aim_interfaces/include/auto_aim_interfaces/auto_aim_interfaces/msg/detail/debug_lights__functions.h
[4.391s] -- Up-to-date: /home/rosnoetic/rm_shaobing_vision/install/auto_aim_interfaces/include/auto_aim_interfaces/auto_aim_interfaces/msg/detail/time_series__type_support.h
[4.391s] -- Up-to-date: /home/rosnoetic/rm_shaobing_vision/install/auto_aim_interfaces/include/auto_aim_interfaces/auto_aim_interfaces/msg/detail/time_series__functions.h
[4.391s] -- Up-to-date: /home/rosnoetic/rm_shaobing_vision/install/auto_aim_interfaces/include/auto_aim_interfaces/auto_aim_interfaces/msg/detail/tracker_info__type_support.h
[4.391s] -- Up-to-date: /home/rosnoetic/rm_shaobing_vision/install/auto_aim_interfaces/include/auto_aim_interfaces/auto_aim_interfaces/msg/detail/debug_light__functions.h
[4.391s] -- Up-to-date: /home/rosnoetic/rm_shaobing_vision/install/auto_aim_interfaces/include/auto_aim_interfaces/auto_aim_interfaces/msg/detail/target__type_support.h
[4.391s] -- Up-to-date: /home/rosnoetic/rm_shaobing_vision/install/auto_aim_interfaces/include/auto_aim_interfaces/auto_aim_interfaces/msg/detail/target__functions.c
[4.391s] -- Up-to-date: /home/rosnoetic/rm_shaobing_vision/install/auto_aim_interfaces/include/auto_aim_interfaces/auto_aim_interfaces/msg/detail/debug_armors__functions.h
[4.391s] -- Up-to-date: /home/rosnoetic/rm_shaobing_vision/install/auto_aim_interfaces/include/auto_aim_interfaces/auto_aim_interfaces/msg/detail/target__struct.h
[4.392s] -- Up-to-date: /home/rosnoetic/rm_shaobing_vision/install/auto_aim_interfaces/include/auto_aim_interfaces/auto_aim_interfaces/msg/detail/debug_armor__struct.h
[4.392s] -- Up-to-date: /home/rosnoetic/rm_shaobing_vision/install/auto_aim_interfaces/include/auto_aim_interfaces/auto_aim_interfaces/msg/detail/armor__type_support.h
[4.392s] -- Up-to-date: /home/rosnoetic/rm_shaobing_vision/install/auto_aim_interfaces/include/auto_aim_interfaces/auto_aim_interfaces/msg/detail/armors__type_support.h
[4.392s] -- Up-to-date: /home/rosnoetic/rm_shaobing_vision/install/auto_aim_interfaces/include/auto_aim_interfaces/auto_aim_interfaces/msg/detail/armor__functions.h
[4.392s] -- Up-to-date: /home/rosnoetic/rm_shaobing_vision/install/auto_aim_interfaces/include/auto_aim_interfaces/auto_aim_interfaces/msg/detail/debug_lights__type_support.h
[4.392s] -- Up-to-date: /home/rosnoetic/rm_shaobing_vision/install/auto_aim_interfaces/include/auto_aim_interfaces/auto_aim_interfaces/msg/detail/time_info__functions.c
[4.392s] -- Up-to-date: /home/rosnoetic/rm_shaobing_vision/install/auto_aim_interfaces/include/auto_aim_interfaces/auto_aim_interfaces/msg/detail/time_info__type_support.h
[4.392s] -- Up-to-date: /home/rosnoetic/rm_shaobing_vision/install/auto_aim_interfaces/include/auto_aim_interfaces/auto_aim_interfaces/msg/detail/debug_armors__type_support.h
[4.392s] -- Up-to-date: /home/rosnoetic/rm_shaobing_vision/install/auto_aim_interfaces/include/auto_aim_interfaces/auto_aim_interfaces/msg/detail/debug_armor__functions.c
[4.392s] -- Up-to-date: /home/rosnoetic/rm_shaobing_vision/install/auto_aim_interfaces/include/auto_aim_interfaces/auto_aim_interfaces/msg/detail/debug_light__functions.c
[4.392s] -- Up-to-date: /home/rosnoetic/rm_shaobing_vision/install/auto_aim_interfaces/include/auto_aim_interfaces/auto_aim_interfaces/msg/detail/debug_armor__type_support.h
[4.392s] -- Up-to-date: /home/rosnoetic/rm_shaobing_vision/install/auto_aim_interfaces/include/auto_aim_interfaces/auto_aim_interfaces/msg/detail/debug_lights__functions.c
[4.392s] -- Up-to-date: /home/rosnoetic/rm_shaobing_vision/install/auto_aim_interfaces/include/auto_aim_interfaces/auto_aim_interfaces/msg/detail/armor__functions.c
[4.392s] -- Up-to-date: /home/rosnoetic/rm_shaobing_vision/install/auto_aim_interfaces/include/auto_aim_interfaces/auto_aim_interfaces/msg/detail/armors__functions.c
[4.393s] -- Up-to-date: /home/rosnoetic/rm_shaobing_vision/install/auto_aim_interfaces/include/auto_aim_interfaces/auto_aim_interfaces/msg/detail/debug_lights__struct.h
[4.393s] -- Up-to-date: /home/rosnoetic/rm_shaobing_vision/install/auto_aim_interfaces/include/auto_aim_interfaces/auto_aim_interfaces/msg/detail/time_series__functions.c
[4.393s] -- Up-to-date: /home/rosnoetic/rm_shaobing_vision/install/auto_aim_interfaces/include/auto_aim_interfaces/auto_aim_interfaces/msg/detail/armors__functions.h
[4.393s] -- Up-to-date: /home/rosnoetic/rm_shaobing_vision/install/auto_aim_interfaces/include/auto_aim_interfaces/auto_aim_interfaces/msg/detail/time_series__struct.h
[4.393s] -- Up-to-date: /home/rosnoetic/rm_shaobing_vision/install/auto_aim_interfaces/include/auto_aim_interfaces/auto_aim_interfaces/msg/detail/tracker_info__functions.h
[4.393s] -- Up-to-date: /home/rosnoetic/rm_shaobing_vision/install/auto_aim_interfaces/include/auto_aim_interfaces/auto_aim_interfaces/msg/detail/tracker_info__functions.c
[4.393s] -- Up-to-date: /home/rosnoetic/rm_shaobing_vision/install/auto_aim_interfaces/include/auto_aim_interfaces/auto_aim_interfaces/msg/detail/time_info__functions.h
[4.393s] -- Up-to-date: /home/rosnoetic/rm_shaobing_vision/install/auto_aim_interfaces/include/auto_aim_interfaces/auto_aim_interfaces/msg/detail/debug_armors__struct.h
[4.393s] -- Up-to-date: /home/rosnoetic/rm_shaobing_vision/install/auto_aim_interfaces/include/auto_aim_interfaces/auto_aim_interfaces/msg/detail/time_info__struct.h
[4.393s] -- Up-to-date: /home/rosnoetic/rm_shaobing_vision/install/auto_aim_interfaces/include/auto_aim_interfaces/auto_aim_interfaces/msg/detail/armors__struct.h
[4.393s] -- Up-to-date: /home/rosnoetic/rm_shaobing_vision/install/auto_aim_interfaces/include/auto_aim_interfaces/auto_aim_interfaces/msg/detail/debug_armors__functions.c
[4.393s] -- Up-to-date: /home/rosnoetic/rm_shaobing_vision/install/auto_aim_interfaces/include/auto_aim_interfaces/auto_aim_interfaces/msg/detail/debug_light__struct.h
[4.393s] -- Up-to-date: /home/rosnoetic/rm_shaobing_vision/install/auto_aim_interfaces/share/auto_aim_interfaces/environment/library_path.sh
[4.393s] -- Installing: /home/rosnoetic/rm_shaobing_vision/install/auto_aim_interfaces/share/auto_aim_interfaces/environment/library_path.dsv
[4.394s] -- Up-to-date: /home/rosnoetic/rm_shaobing_vision/install/auto_aim_interfaces/lib/libauto_aim_interfaces__rosidl_generator_c.so
[4.394s] -- Up-to-date: /home/rosnoetic/rm_shaobing_vision/install/auto_aim_interfaces/include/auto_aim_interfaces/auto_aim_interfaces
[4.394s] -- Up-to-date: /home/rosnoetic/rm_shaobing_vision/install/auto_aim_interfaces/include/auto_aim_interfaces/auto_aim_interfaces/msg
[4.394s] -- Up-to-date: /home/rosnoetic/rm_shaobing_vision/install/auto_aim_interfaces/include/auto_aim_interfaces/auto_aim_interfaces/msg/rosidl_typesupport_fastrtps_c__visibility_control.h
[4.395s] -- Up-to-date: /home/rosnoetic/rm_shaobing_vision/install/auto_aim_interfaces/include/auto_aim_interfaces/auto_aim_interfaces/msg/detail
[4.395s] -- Up-to-date: /home/rosnoetic/rm_shaobing_vision/install/auto_aim_interfaces/include/auto_aim_interfaces/auto_aim_interfaces/msg/detail/target__rosidl_typesupport_fastrtps_c.h
[4.395s] -- Up-to-date: /home/rosnoetic/rm_shaobing_vision/install/auto_aim_interfaces/include/auto_aim_interfaces/auto_aim_interfaces/msg/detail/debug_light__rosidl_typesupport_fastrtps_c.h
[4.395s] -- Up-to-date: /home/rosnoetic/rm_shaobing_vision/install/auto_aim_interfaces/include/auto_aim_interfaces/auto_aim_interfaces/msg/detail/time_info__rosidl_typesupport_fastrtps_c.h
[4.395s] -- Up-to-date: /home/rosnoetic/rm_shaobing_vision/install/auto_aim_interfaces/include/auto_aim_interfaces/auto_aim_interfaces/msg/detail/debug_lights__rosidl_typesupport_fastrtps_c.h
[4.395s] -- Up-to-date: /home/rosnoetic/rm_shaobing_vision/install/auto_aim_interfaces/include/auto_aim_interfaces/auto_aim_interfaces/msg/detail/time_series__rosidl_typesupport_fastrtps_c.h
[4.396s] -- Up-to-date: /home/rosnoetic/rm_shaobing_vision/install/auto_aim_interfaces/include/auto_aim_interfaces/auto_aim_interfaces/msg/detail/debug_armor__rosidl_typesupport_fastrtps_c.h
[4.396s] -- Up-to-date: /home/rosnoetic/rm_shaobing_vision/install/auto_aim_interfaces/include/auto_aim_interfaces/auto_aim_interfaces/msg/detail/debug_armors__rosidl_typesupport_fastrtps_c.h
[4.396s] -- Up-to-date: /home/rosnoetic/rm_shaobing_vision/install/auto_aim_interfaces/include/auto_aim_interfaces/auto_aim_interfaces/msg/detail/tracker_info__rosidl_typesupport_fastrtps_c.h
[4.396s] -- Up-to-date: /home/rosnoetic/rm_shaobing_vision/install/auto_aim_interfaces/include/auto_aim_interfaces/auto_aim_interfaces/msg/detail/armor__rosidl_typesupport_fastrtps_c.h
[4.396s] -- Up-to-date: /home/rosnoetic/rm_shaobing_vision/install/auto_aim_interfaces/include/auto_aim_interfaces/auto_aim_interfaces/msg/detail/armors__rosidl_typesupport_fastrtps_c.h
[4.396s] -- Up-to-date: /home/rosnoetic/rm_shaobing_vision/install/auto_aim_interfaces/lib/libauto_aim_interfaces__rosidl_typesupport_fastrtps_c.so
[4.396s] -- Up-to-date: /home/rosnoetic/rm_shaobing_vision/install/auto_aim_interfaces/include/auto_aim_interfaces/auto_aim_interfaces
[4.396s] -- Up-to-date: /home/rosnoetic/rm_shaobing_vision/install/auto_aim_interfaces/include/auto_aim_interfaces/auto_aim_interfaces/msg
[4.396s] -- Up-to-date: /home/rosnoetic/rm_shaobing_vision/install/auto_aim_interfaces/include/auto_aim_interfaces/auto_aim_interfaces/msg/rosidl_typesupport_introspection_c__visibility_control.h
[4.396s] -- Up-to-date: /home/rosnoetic/rm_shaobing_vision/install/auto_aim_interfaces/include/auto_aim_interfaces/auto_aim_interfaces/msg/detail
[4.396s] -- Up-to-date: /home/rosnoetic/rm_shaobing_vision/install/auto_aim_interfaces/include/auto_aim_interfaces/auto_aim_interfaces/msg/detail/tracker_info__rosidl_typesupport_introspection_c.h
[4.396s] -- Up-to-date: /home/rosnoetic/rm_shaobing_vision/install/auto_aim_interfaces/include/auto_aim_interfaces/auto_aim_interfaces/msg/detail/time_info__type_support.c
[4.397s] -- Up-to-date: /home/rosnoetic/rm_shaobing_vision/install/auto_aim_interfaces/include/auto_aim_interfaces/auto_aim_interfaces/msg/detail/armor__rosidl_typesupport_introspection_c.h
[4.397s] -- Up-to-date: /home/rosnoetic/rm_shaobing_vision/install/auto_aim_interfaces/include/auto_aim_interfaces/auto_aim_interfaces/msg/detail/debug_light__type_support.c
[4.397s] -- Up-to-date: /home/rosnoetic/rm_shaobing_vision/install/auto_aim_interfaces/include/auto_aim_interfaces/auto_aim_interfaces/msg/detail/time_series__rosidl_typesupport_introspection_c.h
[4.397s] -- Up-to-date: /home/rosnoetic/rm_shaobing_vision/install/auto_aim_interfaces/include/auto_aim_interfaces/auto_aim_interfaces/msg/detail/armors__type_support.c
[4.398s] -- Up-to-date: /home/rosnoetic/rm_shaobing_vision/install/auto_aim_interfaces/include/auto_aim_interfaces/auto_aim_interfaces/msg/detail/time_series__type_support.c
[4.398s] -- Up-to-date: /home/rosnoetic/rm_shaobing_vision/install/auto_aim_interfaces/include/auto_aim_interfaces/auto_aim_interfaces/msg/detail/debug_armors__rosidl_typesupport_introspection_c.h
[4.398s] -- Up-to-date: /home/rosnoetic/rm_shaobing_vision/install/auto_aim_interfaces/include/auto_aim_interfaces/auto_aim_interfaces/msg/detail/armor__type_support.c
[4.398s] -- Up-to-date: /home/rosnoetic/rm_shaobing_vision/install/auto_aim_interfaces/include/auto_aim_interfaces/auto_aim_interfaces/msg/detail/debug_lights__rosidl_typesupport_introspection_c.h
[4.398s] -- Up-to-date: /home/rosnoetic/rm_shaobing_vision/install/auto_aim_interfaces/include/auto_aim_interfaces/auto_aim_interfaces/msg/detail/debug_armor__rosidl_typesupport_introspection_c.h
[4.398s] -- Up-to-date: /home/rosnoetic/rm_shaobing_vision/install/auto_aim_interfaces/include/auto_aim_interfaces/auto_aim_interfaces/msg/detail/debug_lights__type_support.c
[4.398s] -- Up-to-date: /home/rosnoetic/rm_shaobing_vision/install/auto_aim_interfaces/include/auto_aim_interfaces/auto_aim_interfaces/msg/detail/target__type_support.c
[4.398s] -- Up-to-date: /home/rosnoetic/rm_shaobing_vision/install/auto_aim_interfaces/include/auto_aim_interfaces/auto_aim_interfaces/msg/detail/tracker_info__type_support.c
[4.398s] -- Up-to-date: /home/rosnoetic/rm_shaobing_vision/install/auto_aim_interfaces/include/auto_aim_interfaces/auto_aim_interfaces/msg/detail/debug_armors__type_support.c
[4.399s] -- Up-to-date: /home/rosnoetic/rm_shaobing_vision/install/auto_aim_interfaces/include/auto_aim_interfaces/auto_aim_interfaces/msg/detail/time_info__rosidl_typesupport_introspection_c.h
[4.399s] -- Up-to-date: /home/rosnoetic/rm_shaobing_vision/install/auto_aim_interfaces/include/auto_aim_interfaces/auto_aim_interfaces/msg/detail/target__rosidl_typesupport_introspection_c.h
[4.399s] -- Up-to-date: /home/rosnoetic/rm_shaobing_vision/install/auto_aim_interfaces/include/auto_aim_interfaces/auto_aim_interfaces/msg/detail/debug_light__rosidl_typesupport_introspection_c.h
[4.399s] -- Up-to-date: /home/rosnoetic/rm_shaobing_vision/install/auto_aim_interfaces/include/auto_aim_interfaces/auto_aim_interfaces/msg/detail/armors__rosidl_typesupport_introspection_c.h
[4.399s] -- Up-to-date: /home/rosnoetic/rm_shaobing_vision/install/auto_aim_interfaces/include/auto_aim_interfaces/auto_aim_interfaces/msg/detail/debug_armor__type_support.c
[4.399s] -- Up-to-date: /home/rosnoetic/rm_shaobing_vision/install/auto_aim_interfaces/lib/libauto_aim_interfaces__rosidl_typesupport_introspection_c.so
[4.399s] -- Up-to-date: /home/rosnoetic/rm_shaobing_vision/install/auto_aim_interfaces/lib/libauto_aim_interfaces__rosidl_typesupport_c.so
[4.400s] -- Up-to-date: /home/rosnoetic/rm_shaobing_vision/install/auto_aim_interfaces/include/auto_aim_interfaces/auto_aim_interfaces
[4.400s] -- Up-to-date: /home/rosnoetic/rm_shaobing_vision/install/auto_aim_interfaces/include/auto_aim_interfaces/auto_aim_interfaces/msg
[4.400s] -- Up-to-date: /home/rosnoetic/rm_shaobing_vision/install/auto_aim_interfaces/include/auto_aim_interfaces/auto_aim_interfaces/msg/debug_armors.hpp
[4.400s] -- Up-to-date: /home/rosnoetic/rm_shaobing_vision/install/auto_aim_interfaces/include/auto_aim_interfaces/auto_aim_interfaces/msg/time_series.hpp
[4.400s] -- Up-to-date: /home/rosnoetic/rm_shaobing_vision/install/auto_aim_interfaces/include/auto_aim_interfaces/auto_aim_interfaces/msg/armor.hpp
[4.400s] -- Up-to-date: /home/rosnoetic/rm_shaobing_vision/install/auto_aim_interfaces/include/auto_aim_interfaces/auto_aim_interfaces/msg/debug_lights.hpp
[4.400s] -- Up-to-date: /home/rosnoetic/rm_shaobing_vision/install/auto_aim_interfaces/include/auto_aim_interfaces/auto_aim_interfaces/msg/target.hpp
[4.400s] -- Up-to-date: /home/rosnoetic/rm_shaobing_vision/install/auto_aim_interfaces/include/auto_aim_interfaces/auto_aim_interfaces/msg/armors.hpp
[4.400s] -- Up-to-date: /home/rosnoetic/rm_shaobing_vision/install/auto_aim_interfaces/include/auto_aim_interfaces/auto_aim_interfaces/msg/debug_light.hpp
[4.400s] -- Up-to-date: /home/rosnoetic/rm_shaobing_vision/install/auto_aim_interfaces/include/auto_aim_interfaces/auto_aim_interfaces/msg/debug_armor.hpp
[4.400s] -- Up-to-date: /home/rosnoetic/rm_shaobing_vision/install/auto_aim_interfaces/include/auto_aim_interfaces/auto_aim_interfaces/msg/time_info.hpp
[4.400s] -- Up-to-date: /home/rosnoetic/rm_shaobing_vision/install/auto_aim_interfaces/include/auto_aim_interfaces/auto_aim_interfaces/msg/detail
[4.400s] -- Up-to-date: /home/rosnoetic/rm_shaobing_vision/install/auto_aim_interfaces/include/auto_aim_interfaces/auto_aim_interfaces/msg/detail/debug_armors__traits.hpp
[4.400s] -- Up-to-date: /home/rosnoetic/rm_shaobing_vision/install/auto_aim_interfaces/include/auto_aim_interfaces/auto_aim_interfaces/msg/detail/debug_light__builder.hpp
[4.401s] -- Up-to-date: /home/rosnoetic/rm_shaobing_vision/install/auto_aim_interfaces/include/auto_aim_interfaces/auto_aim_interfaces/msg/detail/debug_armors__struct.hpp
[4.401s] -- Up-to-date: /home/rosnoetic/rm_shaobing_vision/install/auto_aim_interfaces/include/auto_aim_interfaces/auto_aim_interfaces/msg/detail/time_info__struct.hpp
[4.401s] -- Up-to-date: /home/rosnoetic/rm_shaobing_vision/install/auto_aim_interfaces/include/auto_aim_interfaces/auto_aim_interfaces/msg/detail/target__builder.hpp
[4.401s] -- Up-to-date: /home/rosnoetic/rm_shaobing_vision/install/auto_aim_interfaces/include/auto_aim_interfaces/auto_aim_interfaces/msg/detail/armor__builder.hpp
[4.401s] -- Up-to-date: /home/rosnoetic/rm_shaobing_vision/install/auto_aim_interfaces/include/auto_aim_interfaces/auto_aim_interfaces/msg/detail/debug_lights__struct.hpp
[4.401s] -- Up-to-date: /home/rosnoetic/rm_shaobing_vision/install/auto_aim_interfaces/include/auto_aim_interfaces/auto_aim_interfaces/msg/detail/debug_armor__builder.hpp
[4.401s] -- Up-to-date: /home/rosnoetic/rm_shaobing_vision/install/auto_aim_interfaces/include/auto_aim_interfaces/auto_aim_interfaces/msg/detail/tracker_info__builder.hpp
[4.401s] -- Up-to-date: /home/rosnoetic/rm_shaobing_vision/install/auto_aim_interfaces/include/auto_aim_interfaces/auto_aim_interfaces/msg/detail/debug_light__struct.hpp
[4.401s] -- Up-to-date: /home/rosnoetic/rm_shaobing_vision/install/auto_aim_interfaces/include/auto_aim_interfaces/auto_aim_interfaces/msg/detail/armor__traits.hpp
[4.401s] -- Up-to-date: /home/rosnoetic/rm_shaobing_vision/install/auto_aim_interfaces/include/auto_aim_interfaces/auto_aim_interfaces/msg/detail/armor__struct.hpp
[4.401s] -- Up-to-date: /home/rosnoetic/rm_shaobing_vision/install/auto_aim_interfaces/include/auto_aim_interfaces/auto_aim_interfaces/msg/detail/time_series__struct.hpp
[4.401s] -- Up-to-date: /home/rosnoetic/rm_shaobing_vision/install/auto_aim_interfaces/include/auto_aim_interfaces/auto_aim_interfaces/msg/detail/debug_armor__struct.hpp
[4.402s] -- Up-to-date: /home/rosnoetic/rm_shaobing_vision/install/auto_aim_interfaces/include/auto_aim_interfaces/auto_aim_interfaces/msg/detail/tracker_info__struct.hpp
[4.402s] -- Up-to-date: /home/rosnoetic/rm_shaobing_vision/install/auto_aim_interfaces/include/auto_aim_interfaces/auto_aim_interfaces/msg/detail/debug_light__traits.hpp
[4.402s] -- Up-to-date: /home/rosnoetic/rm_shaobing_vision/install/auto_aim_interfaces/include/auto_aim_interfaces/auto_aim_interfaces/msg/detail/time_series__traits.hpp
[4.402s] -- Up-to-date: /home/rosnoetic/rm_shaobing_vision/install/auto_aim_interfaces/include/auto_aim_interfaces/auto_aim_interfaces/msg/detail/time_series__builder.hpp
[4.402s] -- Up-to-date: /home/rosnoetic/rm_shaobing_vision/install/auto_aim_interfaces/include/auto_aim_interfaces/auto_aim_interfaces/msg/detail/target__traits.hpp
[4.402s] -- Up-to-date: /home/rosnoetic/rm_shaobing_vision/install/auto_aim_interfaces/include/auto_aim_interfaces/auto_aim_interfaces/msg/detail/tracker_info__traits.hpp
[4.402s] -- Up-to-date: /home/rosnoetic/rm_shaobing_vision/install/auto_aim_interfaces/include/auto_aim_interfaces/auto_aim_interfaces/msg/detail/time_info__builder.hpp
[4.402s] -- Up-to-date: /home/rosnoetic/rm_shaobing_vision/install/auto_aim_interfaces/include/auto_aim_interfaces/auto_aim_interfaces/msg/detail/target__struct.hpp
[4.402s] -- Up-to-date: /home/rosnoetic/rm_shaobing_vision/install/auto_aim_interfaces/include/auto_aim_interfaces/auto_aim_interfaces/msg/detail/armors__builder.hpp
[4.402s] -- Up-to-date: /home/rosnoetic/rm_shaobing_vision/install/auto_aim_interfaces/include/auto_aim_interfaces/auto_aim_interfaces/msg/detail/debug_lights__traits.hpp
[4.402s] -- Up-to-date: /home/rosnoetic/rm_shaobing_vision/install/auto_aim_interfaces/include/auto_aim_interfaces/auto_aim_interfaces/msg/detail/time_info__traits.hpp
[4.402s] -- Up-to-date: /home/rosnoetic/rm_shaobing_vision/install/auto_aim_interfaces/include/auto_aim_interfaces/auto_aim_interfaces/msg/detail/armors__struct.hpp
[4.402s] -- Up-to-date: /home/rosnoetic/rm_shaobing_vision/install/auto_aim_interfaces/include/auto_aim_interfaces/auto_aim_interfaces/msg/detail/debug_lights__builder.hpp
[4.402s] -- Up-to-date: /home/rosnoetic/rm_shaobing_vision/install/auto_aim_interfaces/include/auto_aim_interfaces/auto_aim_interfaces/msg/detail/debug_armor__traits.hpp
[4.403s] -- Up-to-date: /home/rosnoetic/rm_shaobing_vision/install/auto_aim_interfaces/include/auto_aim_interfaces/auto_aim_interfaces/msg/detail/armors__traits.hpp
[4.403s] -- Up-to-date: /home/rosnoetic/rm_shaobing_vision/install/auto_aim_interfaces/include/auto_aim_interfaces/auto_aim_interfaces/msg/detail/debug_armors__builder.hpp
[4.403s] -- Up-to-date: /home/rosnoetic/rm_shaobing_vision/install/auto_aim_interfaces/include/auto_aim_interfaces/auto_aim_interfaces/msg/tracker_info.hpp
[4.403s] -- Up-to-date: /home/rosnoetic/rm_shaobing_vision/install/auto_aim_interfaces/include/auto_aim_interfaces/auto_aim_interfaces
[4.403s] -- Up-to-date: /home/rosnoetic/rm_shaobing_vision/install/auto_aim_interfaces/include/auto_aim_interfaces/auto_aim_interfaces/msg
[4.403s] -- Up-to-date: /home/rosnoetic/rm_shaobing_vision/install/auto_aim_interfaces/include/auto_aim_interfaces/auto_aim_interfaces/msg/rosidl_typesupport_fastrtps_cpp__visibility_control.h
[4.403s] -- Up-to-date: /home/rosnoetic/rm_shaobing_vision/install/auto_aim_interfaces/include/auto_aim_interfaces/auto_aim_interfaces/msg/detail
[4.403s] -- Up-to-date: /home/rosnoetic/rm_shaobing_vision/install/auto_aim_interfaces/include/auto_aim_interfaces/auto_aim_interfaces/msg/detail/armor__rosidl_typesupport_fastrtps_cpp.hpp
[4.403s] -- Up-to-date: /home/rosnoetic/rm_shaobing_vision/install/auto_aim_interfaces/include/auto_aim_interfaces/auto_aim_interfaces/msg/detail/target__rosidl_typesupport_fastrtps_cpp.hpp
[4.403s] -- Up-to-date: /home/rosnoetic/rm_shaobing_vision/install/auto_aim_interfaces/include/auto_aim_interfaces/auto_aim_interfaces/msg/detail/armors__rosidl_typesupport_fastrtps_cpp.hpp
[4.403s] -- Up-to-date: /home/rosnoetic/rm_shaobing_vision/install/auto_aim_interfaces/include/auto_aim_interfaces/auto_aim_interfaces/msg/detail/debug_armors__rosidl_typesupport_fastrtps_cpp.hpp
[4.403s] -- Up-to-date: /home/rosnoetic/rm_shaobing_vision/install/auto_aim_interfaces/include/auto_aim_interfaces/auto_aim_interfaces/msg/detail/debug_lights__rosidl_typesupport_fastrtps_cpp.hpp
[4.403s] -- Up-to-date: /home/rosnoetic/rm_shaobing_vision/install/auto_aim_interfaces/include/auto_aim_interfaces/auto_aim_interfaces/msg/detail/debug_light__rosidl_typesupport_fastrtps_cpp.hpp
[4.403s] -- Up-to-date: /home/rosnoetic/rm_shaobing_vision/install/auto_aim_interfaces/include/auto_aim_interfaces/auto_aim_interfaces/msg/detail/time_info__rosidl_typesupport_fastrtps_cpp.hpp
[4.403s] -- Up-to-date: /home/rosnoetic/rm_shaobing_vision/install/auto_aim_interfaces/include/auto_aim_interfaces/auto_aim_interfaces/msg/detail/dds_fastrtps
[4.404s] -- Up-to-date: /home/rosnoetic/rm_shaobing_vision/install/auto_aim_interfaces/include/auto_aim_interfaces/auto_aim_interfaces/msg/detail/time_series__rosidl_typesupport_fastrtps_cpp.hpp
[4.404s] -- Up-to-date: /home/rosnoetic/rm_shaobing_vision/install/auto_aim_interfaces/include/auto_aim_interfaces/auto_aim_interfaces/msg/detail/tracker_info__rosidl_typesupport_fastrtps_cpp.hpp
[4.404s] -- Up-to-date: /home/rosnoetic/rm_shaobing_vision/install/auto_aim_interfaces/include/auto_aim_interfaces/auto_aim_interfaces/msg/detail/debug_armor__rosidl_typesupport_fastrtps_cpp.hpp
[4.404s] -- Up-to-date: /home/rosnoetic/rm_shaobing_vision/install/auto_aim_interfaces/lib/libauto_aim_interfaces__rosidl_typesupport_fastrtps_cpp.so
[4.404s] -- Up-to-date: /home/rosnoetic/rm_shaobing_vision/install/auto_aim_interfaces/include/auto_aim_interfaces/auto_aim_interfaces
[4.404s] -- Up-to-date: /home/rosnoetic/rm_shaobing_vision/install/auto_aim_interfaces/include/auto_aim_interfaces/auto_aim_interfaces/msg
[4.404s] -- Up-to-date: /home/rosnoetic/rm_shaobing_vision/install/auto_aim_interfaces/include/auto_aim_interfaces/auto_aim_interfaces/msg/detail
[4.404s] -- Up-to-date: /home/rosnoetic/rm_shaobing_vision/install/auto_aim_interfaces/include/auto_aim_interfaces/auto_aim_interfaces/msg/detail/armor__type_support.cpp
[4.404s] -- Up-to-date: /home/rosnoetic/rm_shaobing_vision/install/auto_aim_interfaces/include/auto_aim_interfaces/auto_aim_interfaces/msg/detail/debug_armor__type_support.cpp
[4.404s] -- Up-to-date: /home/rosnoetic/rm_shaobing_vision/install/auto_aim_interfaces/include/auto_aim_interfaces/auto_aim_interfaces/msg/detail/debug_armors__type_support.cpp
[4.404s] -- Up-to-date: /home/rosnoetic/rm_shaobing_vision/install/auto_aim_interfaces/include/auto_aim_interfaces/auto_aim_interfaces/msg/detail/armors__rosidl_typesupport_introspection_cpp.hpp
[4.404s] -- Up-to-date: /home/rosnoetic/rm_shaobing_vision/install/auto_aim_interfaces/include/auto_aim_interfaces/auto_aim_interfaces/msg/detail/armors__type_support.cpp
[4.404s] -- Up-to-date: /home/rosnoetic/rm_shaobing_vision/install/auto_aim_interfaces/include/auto_aim_interfaces/auto_aim_interfaces/msg/detail/tracker_info__type_support.cpp
[4.404s] -- Up-to-date: /home/rosnoetic/rm_shaobing_vision/install/auto_aim_interfaces/include/auto_aim_interfaces/auto_aim_interfaces/msg/detail/debug_lights__rosidl_typesupport_introspection_cpp.hpp
[4.405s] -- Up-to-date: /home/rosnoetic/rm_shaobing_vision/install/auto_aim_interfaces/include/auto_aim_interfaces/auto_aim_interfaces/msg/detail/target__type_support.cpp
[4.405s] -- Up-to-date: /home/rosnoetic/rm_shaobing_vision/install/auto_aim_interfaces/include/auto_aim_interfaces/auto_aim_interfaces/msg/detail/time_series__rosidl_typesupport_introspection_cpp.hpp
[4.405s] -- Up-to-date: /home/rosnoetic/rm_shaobing_vision/install/auto_aim_interfaces/include/auto_aim_interfaces/auto_aim_interfaces/msg/detail/debug_light__rosidl_typesupport_introspection_cpp.hpp
[4.405s] -- Up-to-date: /home/rosnoetic/rm_shaobing_vision/install/auto_aim_interfaces/include/auto_aim_interfaces/auto_aim_interfaces/msg/detail/tracker_info__rosidl_typesupport_introspection_cpp.hpp
[4.405s] -- Up-to-date: /home/rosnoetic/rm_shaobing_vision/install/auto_aim_interfaces/include/auto_aim_interfaces/auto_aim_interfaces/msg/detail/debug_light__type_support.cpp
[4.405s] -- Up-to-date: /home/rosnoetic/rm_shaobing_vision/install/auto_aim_interfaces/include/auto_aim_interfaces/auto_aim_interfaces/msg/detail/debug_lights__type_support.cpp
[4.405s] -- Up-to-date: /home/rosnoetic/rm_shaobing_vision/install/auto_aim_interfaces/include/auto_aim_interfaces/auto_aim_interfaces/msg/detail/time_series__type_support.cpp
[4.405s] -- Up-to-date: /home/rosnoetic/rm_shaobing_vision/install/auto_aim_interfaces/include/auto_aim_interfaces/auto_aim_interfaces/msg/detail/time_info__rosidl_typesupport_introspection_cpp.hpp
[4.405s] -- Up-to-date: /home/rosnoetic/rm_shaobing_vision/install/auto_aim_interfaces/include/auto_aim_interfaces/auto_aim_interfaces/msg/detail/debug_armor__rosidl_typesupport_introspection_cpp.hpp
[4.405s] -- Up-to-date: /home/rosnoetic/rm_shaobing_vision/install/auto_aim_interfaces/include/auto_aim_interfaces/auto_aim_interfaces/msg/detail/target__rosidl_typesupport_introspection_cpp.hpp
[4.405s] -- Up-to-date: /home/rosnoetic/rm_shaobing_vision/install/auto_aim_interfaces/include/auto_aim_interfaces/auto_aim_interfaces/msg/detail/debug_armors__rosidl_typesupport_introspection_cpp.hpp
[4.405s] -- Up-to-date: /home/rosnoetic/rm_shaobing_vision/install/auto_aim_interfaces/include/auto_aim_interfaces/auto_aim_interfaces/msg/detail/armor__rosidl_typesupport_introspection_cpp.hpp
[4.405s] -- Up-to-date: /home/rosnoetic/rm_shaobing_vision/install/auto_aim_interfaces/include/auto_aim_interfaces/auto_aim_interfaces/msg/detail/time_info__type_support.cpp
[4.405s] -- Up-to-date: /home/rosnoetic/rm_shaobing_vision/install/auto_aim_interfaces/lib/libauto_aim_interfaces__rosidl_typesupport_introspection_cpp.so
[4.406s] -- Up-to-date: /home/rosnoetic/rm_shaobing_vision/install/auto_aim_interfaces/lib/libauto_aim_interfaces__rosidl_typesupport_cpp.so
[4.406s] -- Up-to-date: /home/rosnoetic/rm_shaobing_vision/install/auto_aim_interfaces/share/auto_aim_interfaces/environment/pythonpath.sh
[4.406s] -- Installing: /home/rosnoetic/rm_shaobing_vision/install/auto_aim_interfaces/share/auto_aim_interfaces/environment/pythonpath.dsv
[4.406s] -- Up-to-date: /home/rosnoetic/rm_shaobing_vision/install/auto_aim_interfaces/local/lib/python3.10/dist-packages/auto_aim_interfaces-2.0.0-py3.10.egg-info
[4.406s] -- Installing: /home/rosnoetic/rm_shaobing_vision/install/auto_aim_interfaces/local/lib/python3.10/dist-packages/auto_aim_interfaces-2.0.0-py3.10.egg-info/top_level.txt
[4.406s] -- Installing: /home/rosnoetic/rm_shaobing_vision/install/auto_aim_interfaces/local/lib/python3.10/dist-packages/auto_aim_interfaces-2.0.0-py3.10.egg-info/dependency_links.txt
[4.406s] -- Installing: /home/rosnoetic/rm_shaobing_vision/install/auto_aim_interfaces/local/lib/python3.10/dist-packages/auto_aim_interfaces-2.0.0-py3.10.egg-info/PKG-INFO
[4.406s] -- Installing: /home/rosnoetic/rm_shaobing_vision/install/auto_aim_interfaces/local/lib/python3.10/dist-packages/auto_aim_interfaces-2.0.0-py3.10.egg-info/SOURCES.txt
[4.406s] -- Up-to-date: /home/rosnoetic/rm_shaobing_vision/install/auto_aim_interfaces/local/lib/python3.10/dist-packages/auto_aim_interfaces
[4.406s] -- Up-to-date: /home/rosnoetic/rm_shaobing_vision/install/auto_aim_interfaces/local/lib/python3.10/dist-packages/auto_aim_interfaces/auto_aim_interfaces_s__rosidl_typesupport_c.cpython-310-x86_64-linux-gnu.so
[4.406s] -- Up-to-date: /home/rosnoetic/rm_shaobing_vision/install/auto_aim_interfaces/local/lib/python3.10/dist-packages/auto_aim_interfaces/libauto_aim_interfaces__rosidl_generator_py.so
[4.406s] -- Up-to-date: /home/rosnoetic/rm_shaobing_vision/install/auto_aim_interfaces/local/lib/python3.10/dist-packages/auto_aim_interfaces/_auto_aim_interfaces_s.ep.rosidl_typesupport_introspection_c.c
[4.406s] -- Installing: /home/rosnoetic/rm_shaobing_vision/install/auto_aim_interfaces/local/lib/python3.10/dist-packages/auto_aim_interfaces/__init__.py
[4.407s] -- Up-to-date: /home/rosnoetic/rm_shaobing_vision/install/auto_aim_interfaces/local/lib/python3.10/dist-packages/auto_aim_interfaces/msg
[4.407s] -- Up-to-date: /home/rosnoetic/rm_shaobing_vision/install/auto_aim_interfaces/local/lib/python3.10/dist-packages/auto_aim_interfaces/msg/_target_s.c
[4.407s] -- Up-to-date: /home/rosnoetic/rm_shaobing_vision/install/auto_aim_interfaces/local/lib/python3.10/dist-packages/auto_aim_interfaces/msg/_target.py
[4.407s] -- Up-to-date: /home/rosnoetic/rm_shaobing_vision/install/auto_aim_interfaces/local/lib/python3.10/dist-packages/auto_aim_interfaces/msg/_armor.py
[4.407s] -- Up-to-date: /home/rosnoetic/rm_shaobing_vision/install/auto_aim_interfaces/local/lib/python3.10/dist-packages/auto_aim_interfaces/msg/_debug_armor_s.c
[4.407s] -- Up-to-date: /home/rosnoetic/rm_shaobing_vision/install/auto_aim_interfaces/local/lib/python3.10/dist-packages/auto_aim_interfaces/msg/_debug_lights.py
[4.407s] -- Up-to-date: /home/rosnoetic/rm_shaobing_vision/install/auto_aim_interfaces/local/lib/python3.10/dist-packages/auto_aim_interfaces/msg/_time_series_s.c
[4.407s] -- Up-to-date: /home/rosnoetic/rm_shaobing_vision/install/auto_aim_interfaces/local/lib/python3.10/dist-packages/auto_aim_interfaces/msg/_armors_s.c
[4.407s] -- Up-to-date: /home/rosnoetic/rm_shaobing_vision/install/auto_aim_interfaces/local/lib/python3.10/dist-packages/auto_aim_interfaces/msg/__init__.py
[4.407s] -- Up-to-date: /home/rosnoetic/rm_shaobing_vision/install/auto_aim_interfaces/local/lib/python3.10/dist-packages/auto_aim_interfaces/msg/_armors.py
[4.407s] -- Up-to-date: /home/rosnoetic/rm_shaobing_vision/install/auto_aim_interfaces/local/lib/python3.10/dist-packages/auto_aim_interfaces/msg/_time_info_s.c
[4.407s] -- Up-to-date: /home/rosnoetic/rm_shaobing_vision/install/auto_aim_interfaces/local/lib/python3.10/dist-packages/auto_aim_interfaces/msg/_tracker_info.py
[4.407s] -- Up-to-date: /home/rosnoetic/rm_shaobing_vision/install/auto_aim_interfaces/local/lib/python3.10/dist-packages/auto_aim_interfaces/msg/_debug_armors.py
[4.408s] -- Up-to-date: /home/rosnoetic/rm_shaobing_vision/install/auto_aim_interfaces/local/lib/python3.10/dist-packages/auto_aim_interfaces/msg/_armor_s.c
[4.408s] -- Up-to-date: /home/rosnoetic/rm_shaobing_vision/install/auto_aim_interfaces/local/lib/python3.10/dist-packages/auto_aim_interfaces/msg/_debug_armors_s.c
[4.408s] -- Up-to-date: /home/rosnoetic/rm_shaobing_vision/install/auto_aim_interfaces/local/lib/python3.10/dist-packages/auto_aim_interfaces/msg/_tracker_info_s.c
[4.408s] -- Up-to-date: /home/rosnoetic/rm_shaobing_vision/install/auto_aim_interfaces/local/lib/python3.10/dist-packages/auto_aim_interfaces/msg/_debug_light_s.c
[4.408s] -- Up-to-date: /home/rosnoetic/rm_shaobing_vision/install/auto_aim_interfaces/local/lib/python3.10/dist-packages/auto_aim_interfaces/msg/_debug_lights_s.c
[4.408s] -- Up-to-date: /home/rosnoetic/rm_shaobing_vision/install/auto_aim_interfaces/local/lib/python3.10/dist-packages/auto_aim_interfaces/msg/_time_info.py
[4.408s] -- Up-to-date: /home/rosnoetic/rm_shaobing_vision/install/auto_aim_interfaces/local/lib/python3.10/dist-packages/auto_aim_interfaces/msg/_debug_armor.py
[4.408s] -- Up-to-date: /home/rosnoetic/rm_shaobing_vision/install/auto_aim_interfaces/local/lib/python3.10/dist-packages/auto_aim_interfaces/msg/_debug_light.py
[4.408s] -- Up-to-date: /home/rosnoetic/rm_shaobing_vision/install/auto_aim_interfaces/local/lib/python3.10/dist-packages/auto_aim_interfaces/msg/_time_series.py
[4.408s] -- Up-to-date: /home/rosnoetic/rm_shaobing_vision/install/auto_aim_interfaces/local/lib/python3.10/dist-packages/auto_aim_interfaces/_auto_aim_interfaces_s.ep.rosidl_typesupport_c.c
[4.408s] -- Up-to-date: /home/rosnoetic/rm_shaobing_vision/install/auto_aim_interfaces/local/lib/python3.10/dist-packages/auto_aim_interfaces/_auto_aim_interfaces_s.ep.rosidl_typesupport_fastrtps_c.c
[4.408s] -- Up-to-date: /home/rosnoetic/rm_shaobing_vision/install/auto_aim_interfaces/local/lib/python3.10/dist-packages/auto_aim_interfaces/auto_aim_interfaces_s__rosidl_typesupport_fastrtps_c.cpython-310-x86_64-linux-gnu.so
[4.408s] -- Up-to-date: /home/rosnoetic/rm_shaobing_vision/install/auto_aim_interfaces/local/lib/python3.10/dist-packages/auto_aim_interfaces/auto_aim_interfaces_s__rosidl_typesupport_introspection_c.cpython-310-x86_64-linux-gnu.so
[4.443s] Listing '/home/rosnoetic/rm_shaobing_vision/install/auto_aim_interfaces/local/lib/python3.10/dist-packages/auto_aim_interfaces'...
[4.443s] Compiling '/home/rosnoetic/rm_shaobing_vision/install/auto_aim_interfaces/local/lib/python3.10/dist-packages/auto_aim_interfaces/__init__.py'...
[4.443s] Listing '/home/rosnoetic/rm_shaobing_vision/install/auto_aim_interfaces/local/lib/python3.10/dist-packages/auto_aim_interfaces/msg'...
[4.449s] -- Up-to-date: /home/rosnoetic/rm_shaobing_vision/install/auto_aim_interfaces/local/lib/python3.10/dist-packages/auto_aim_interfaces/auto_aim_interfaces_s__rosidl_typesupport_fastrtps_c.cpython-310-x86_64-linux-gnu.so
[4.449s] -- Up-to-date: /home/rosnoetic/rm_shaobing_vision/install/auto_aim_interfaces/local/lib/python3.10/dist-packages/auto_aim_interfaces/auto_aim_interfaces_s__rosidl_typesupport_introspection_c.cpython-310-x86_64-linux-gnu.so
[4.450s] -- Up-to-date: /home/rosnoetic/rm_shaobing_vision/install/auto_aim_interfaces/local/lib/python3.10/dist-packages/auto_aim_interfaces/auto_aim_interfaces_s__rosidl_typesupport_c.cpython-310-x86_64-linux-gnu.so
[4.451s] -- Up-to-date: /home/rosnoetic/rm_shaobing_vision/install/auto_aim_interfaces/lib/libauto_aim_interfaces__rosidl_generator_py.so
[4.451s] -- Up-to-date: /home/rosnoetic/rm_shaobing_vision/install/auto_aim_interfaces/share/auto_aim_interfaces/msg/Armor.idl
[4.451s] -- Up-to-date: /home/rosnoetic/rm_shaobing_vision/install/auto_aim_interfaces/share/auto_aim_interfaces/msg/Armors.idl
[4.452s] -- Up-to-date: /home/rosnoetic/rm_shaobing_vision/install/auto_aim_interfaces/share/auto_aim_interfaces/msg/Target.idl
[4.452s] -- Up-to-date: /home/rosnoetic/rm_shaobing_vision/install/auto_aim_interfaces/share/auto_aim_interfaces/msg/DebugLight.idl
[4.452s] -- Up-to-date: /home/rosnoetic/rm_shaobing_vision/install/auto_aim_interfaces/share/auto_aim_interfaces/msg/DebugLights.idl
[4.452s] -- Up-to-date: /home/rosnoetic/rm_shaobing_vision/install/auto_aim_interfaces/share/auto_aim_interfaces/msg/DebugArmor.idl
[4.452s] -- Up-to-date: /home/rosnoetic/rm_shaobing_vision/install/auto_aim_interfaces/share/auto_aim_interfaces/msg/DebugArmors.idl
[4.452s] -- Up-to-date: /home/rosnoetic/rm_shaobing_vision/install/auto_aim_interfaces/share/auto_aim_interfaces/msg/TrackerInfo.idl
[4.452s] -- Up-to-date: /home/rosnoetic/rm_shaobing_vision/install/auto_aim_interfaces/share/auto_aim_interfaces/msg/TimeInfo.idl
[4.452s] -- Up-to-date: /home/rosnoetic/rm_shaobing_vision/install/auto_aim_interfaces/share/auto_aim_interfaces/msg/TimeSeries.idl
[4.453s] -- Up-to-date: /home/rosnoetic/rm_shaobing_vision/install/auto_aim_interfaces/share/auto_aim_interfaces/msg/Armor.msg
[4.453s] -- Up-to-date: /home/rosnoetic/rm_shaobing_vision/install/auto_aim_interfaces/share/auto_aim_interfaces/msg/Armors.msg
[4.453s] -- Up-to-date: /home/rosnoetic/rm_shaobing_vision/install/auto_aim_interfaces/share/auto_aim_interfaces/msg/Target.msg
[4.453s] -- Up-to-date: /home/rosnoetic/rm_shaobing_vision/install/auto_aim_interfaces/share/auto_aim_interfaces/msg/DebugLight.msg
[4.454s] -- Up-to-date: /home/rosnoetic/rm_shaobing_vision/install/auto_aim_interfaces/share/auto_aim_interfaces/msg/DebugLights.msg
[4.454s] -- Up-to-date: /home/rosnoetic/rm_shaobing_vision/install/auto_aim_interfaces/share/auto_aim_interfaces/msg/DebugArmor.msg
[4.454s] -- Up-to-date: /home/rosnoetic/rm_shaobing_vision/install/auto_aim_interfaces/share/auto_aim_interfaces/msg/DebugArmors.msg
[4.454s] -- Up-to-date: /home/rosnoetic/rm_shaobing_vision/install/auto_aim_interfaces/share/auto_aim_interfaces/msg/TrackerInfo.msg
[4.454s] -- Up-to-date: /home/rosnoetic/rm_shaobing_vision/install/auto_aim_interfaces/share/auto_aim_interfaces/msg/TimeInfo.msg
[4.454s] -- Up-to-date: /home/rosnoetic/rm_shaobing_vision/install/auto_aim_interfaces/share/auto_aim_interfaces/msg/TimeSeries.msg
[4.454s] -- Up-to-date: /home/rosnoetic/rm_shaobing_vision/install/auto_aim_interfaces/share/ament_index/resource_index/package_run_dependencies/auto_aim_interfaces
[4.454s] -- Up-to-date: /home/rosnoetic/rm_shaobing_vision/install/auto_aim_interfaces/share/ament_index/resource_index/parent_prefix_path/auto_aim_interfaces
[4.454s] -- Up-to-date: /home/rosnoetic/rm_shaobing_vision/install/auto_aim_interfaces/share/auto_aim_interfaces/environment/ament_prefix_path.sh
[4.454s] -- Installing: /home/rosnoetic/rm_shaobing_vision/install/auto_aim_interfaces/share/auto_aim_interfaces/environment/ament_prefix_path.dsv
[4.454s] -- Up-to-date: /home/rosnoetic/rm_shaobing_vision/install/auto_aim_interfaces/share/auto_aim_interfaces/environment/path.sh
[4.454s] -- Installing: /home/rosnoetic/rm_shaobing_vision/install/auto_aim_interfaces/share/auto_aim_interfaces/environment/path.dsv
[4.455s] -- Up-to-date: /home/rosnoetic/rm_shaobing_vision/install/auto_aim_interfaces/share/auto_aim_interfaces/local_setup.bash
[4.455s] -- Up-to-date: /home/rosnoetic/rm_shaobing_vision/install/auto_aim_interfaces/share/auto_aim_interfaces/local_setup.sh
[4.455s] -- Up-to-date: /home/rosnoetic/rm_shaobing_vision/install/auto_aim_interfaces/share/auto_aim_interfaces/local_setup.zsh
[4.455s] -- Installing: /home/rosnoetic/rm_shaobing_vision/install/auto_aim_interfaces/share/auto_aim_interfaces/local_setup.dsv
[4.456s] -- Installing: /home/rosnoetic/rm_shaobing_vision/install/auto_aim_interfaces/share/auto_aim_interfaces/package.dsv
[4.456s] -- Up-to-date: /home/rosnoetic/rm_shaobing_vision/install/auto_aim_interfaces/share/ament_index/resource_index/packages/auto_aim_interfaces
[4.456s] -- Up-to-date: /home/rosnoetic/rm_shaobing_vision/install/auto_aim_interfaces/share/auto_aim_interfaces/cmake/export_auto_aim_interfaces__rosidl_generator_cExport.cmake
[4.456s] -- Up-to-date: /home/rosnoetic/rm_shaobing_vision/install/auto_aim_interfaces/share/auto_aim_interfaces/cmake/export_auto_aim_interfaces__rosidl_generator_cExport-noconfig.cmake
[4.456s] -- Up-to-date: /home/rosnoetic/rm_shaobing_vision/install/auto_aim_interfaces/share/auto_aim_interfaces/cmake/export_auto_aim_interfaces__rosidl_typesupport_fastrtps_cExport.cmake
[4.456s] -- Up-to-date: /home/rosnoetic/rm_shaobing_vision/install/auto_aim_interfaces/share/auto_aim_interfaces/cmake/export_auto_aim_interfaces__rosidl_typesupport_fastrtps_cExport-noconfig.cmake
[4.456s] -- Up-to-date: /home/rosnoetic/rm_shaobing_vision/install/auto_aim_interfaces/share/auto_aim_interfaces/cmake/auto_aim_interfaces__rosidl_typesupport_introspection_cExport.cmake
[4.456s] -- Up-to-date: /home/rosnoetic/rm_shaobing_vision/install/auto_aim_interfaces/share/auto_aim_interfaces/cmake/auto_aim_interfaces__rosidl_typesupport_introspection_cExport-noconfig.cmake
[4.456s] -- Up-to-date: /home/rosnoetic/rm_shaobing_vision/install/auto_aim_interfaces/share/auto_aim_interfaces/cmake/auto_aim_interfaces__rosidl_typesupport_cExport.cmake
[4.456s] -- Up-to-date: /home/rosnoetic/rm_shaobing_vision/install/auto_aim_interfaces/share/auto_aim_interfaces/cmake/auto_aim_interfaces__rosidl_typesupport_cExport-noconfig.cmake
[4.457s] -- Up-to-date: /home/rosnoetic/rm_shaobing_vision/install/auto_aim_interfaces/share/auto_aim_interfaces/cmake/export_auto_aim_interfaces__rosidl_generator_cppExport.cmake
[4.457s] -- Up-to-date: /home/rosnoetic/rm_shaobing_vision/install/auto_aim_interfaces/share/auto_aim_interfaces/cmake/export_auto_aim_interfaces__rosidl_typesupport_fastrtps_cppExport.cmake
[4.457s] -- Up-to-date: /home/rosnoetic/rm_shaobing_vision/install/auto_aim_interfaces/share/auto_aim_interfaces/cmake/export_auto_aim_interfaces__rosidl_typesupport_fastrtps_cppExport-noconfig.cmake
[4.457s] -- Up-to-date: /home/rosnoetic/rm_shaobing_vision/install/auto_aim_interfaces/share/auto_aim_interfaces/cmake/auto_aim_interfaces__rosidl_typesupport_introspection_cppExport.cmake
[4.457s] -- Up-to-date: /home/rosnoetic/rm_shaobing_vision/install/auto_aim_interfaces/share/auto_aim_interfaces/cmake/auto_aim_interfaces__rosidl_typesupport_introspection_cppExport-noconfig.cmake
[4.458s] -- Up-to-date: /home/rosnoetic/rm_shaobing_vision/install/auto_aim_interfaces/share/auto_aim_interfaces/cmake/auto_aim_interfaces__rosidl_typesupport_cppExport.cmake
[4.458s] -- Up-to-date: /home/rosnoetic/rm_shaobing_vision/install/auto_aim_interfaces/share/auto_aim_interfaces/cmake/auto_aim_interfaces__rosidl_typesupport_cppExport-noconfig.cmake
[4.458s] -- Up-to-date: /home/rosnoetic/rm_shaobing_vision/install/auto_aim_interfaces/share/auto_aim_interfaces/cmake/export_auto_aim_interfaces__rosidl_generator_pyExport.cmake
[4.458s] -- Up-to-date: /home/rosnoetic/rm_shaobing_vision/install/auto_aim_interfaces/share/auto_aim_interfaces/cmake/export_auto_aim_interfaces__rosidl_generator_pyExport-noconfig.cmake
[4.458s] -- Up-to-date: /home/rosnoetic/rm_shaobing_vision/install/auto_aim_interfaces/share/auto_aim_interfaces/cmake/rosidl_cmake-extras.cmake
[4.458s] -- Up-to-date: /home/rosnoetic/rm_shaobing_vision/install/auto_aim_interfaces/share/auto_aim_interfaces/cmake/ament_cmake_export_dependencies-extras.cmake
[4.458s] -- Up-to-date: /home/rosnoetic/rm_shaobing_vision/install/auto_aim_interfaces/share/auto_aim_interfaces/cmake/ament_cmake_export_include_directories-extras.cmake
[4.458s] -- Up-to-date: /home/rosnoetic/rm_shaobing_vision/install/auto_aim_interfaces/share/auto_aim_interfaces/cmake/ament_cmake_export_libraries-extras.cmake
[4.458s] -- Up-to-date: /home/rosnoetic/rm_shaobing_vision/install/auto_aim_interfaces/share/auto_aim_interfaces/cmake/ament_cmake_export_targets-extras.cmake
[4.458s] -- Up-to-date: /home/rosnoetic/rm_shaobing_vision/install/auto_aim_interfaces/share/auto_aim_interfaces/cmake/rosidl_cmake_export_typesupport_targets-extras.cmake
[4.458s] -- Up-to-date: /home/rosnoetic/rm_shaobing_vision/install/auto_aim_interfaces/share/auto_aim_interfaces/cmake/rosidl_cmake_export_typesupport_libraries-extras.cmake
[4.459s] -- Up-to-date: /home/rosnoetic/rm_shaobing_vision/install/auto_aim_interfaces/share/auto_aim_interfaces/cmake/auto_aim_interfacesConfig.cmake
[4.459s] -- Up-to-date: /home/rosnoetic/rm_shaobing_vision/install/auto_aim_interfaces/share/auto_aim_interfaces/cmake/auto_aim_interfacesConfig-version.cmake
[4.459s] -- Up-to-date: /home/rosnoetic/rm_shaobing_vision/install/auto_aim_interfaces/share/auto_aim_interfaces/package.xml
[4.463s] Invoked command in '/home/rosnoetic/rm_shaobing_vision/build/auto_aim_interfaces' returned '0': CMAKE_PREFIX_PATH=${CMAKE_PREFIX_PATH}:/home/rosnoetic/ros_ws/install/rm_vision_bringup:/home/rosnoetic/ros_ws/install/rm_serial_driver:/home/rosnoetic/ros_ws/install/rm_gimbal_description:/home/rosnoetic/ros_ws/install/hik_camera:/home/rosnoetic/ros_ws/install/armor_tracker:/home/rosnoetic/ros_ws/install/armor_detector:/home/rosnoetic/ros_ws/install/auto_aim_interfaces:/opt/ros/humble /usr/bin/cmake --install /home/rosnoetic/rm_shaobing_vision/build/auto_aim_interfaces
