-- The C compiler identification is GNU 11.4.0
-- The CXX compiler identification is GNU 11.4.0
-- Detecting C compiler ABI info
-- Detecting C compiler ABI info - done
-- Check for working C compiler: /usr/bin/cc - skipped
-- Detecting C compile features
-- Detecting C compile features - done
-- Detecting CXX compiler ABI info
-- Detecting CXX compiler ABI info - done
-- Check for working CXX compiler: /usr/bin/c++ - skipped
-- Detecting CXX compile features
-- Detecting CXX compile features - done
-- Found ament_cmake_auto: 1.3.10 (/opt/ros/humble/share/ament_cmake_auto/cmake)
-- Found Python3: /usr/bin/python3 (found version "3.10.12") found components: Interpreter 
-- Found OpenCV: /usr (found version "4.5.4") 
-- Looking for pthread.h
-- Looking for pthread.h - found
-- Performing Test CMAKE_HAVE_LIBC_PTHREAD
-- Performing Test CMAKE_HAVE_LIBC_PTHREAD - Success
-- Found Threads: TRUE  
-- Found rosidl_generator_c: 3.1.5 (/opt/ros/humble/share/rosidl_generator_c/cmake)
-- Found rosidl_adapter: 3.1.5 (/opt/ros/humble/share/rosidl_adapter/cmake)
-- Found rosidl_generator_cpp: 3.1.5 (/opt/ros/humble/share/rosidl_generator_cpp/cmake)
-- Using all available rosidl_typesupport_c: rosidl_typesupport_fastrtps_c;rosidl_typesupport_introspection_c
-- Using all available rosidl_typesupport_cpp: rosidl_typesupport_fastrtps_cpp;rosidl_typesupport_introspection_cpp
-- Found rmw_implementation_cmake: 6.1.2 (/opt/ros/humble/share/rmw_implementation_cmake/cmake)
-- Found rmw_fastrtps_cpp: 6.2.7 (/opt/ros/humble/share/rmw_fastrtps_cpp/cmake)
-- Found OpenSSL: /usr/lib/x86_64-linux-gnu/libcrypto.so (found version "3.0.2")  
-- Found FastRTPS: /opt/ros/humble/include  
-- Using RMW implementation 'rmw_fastrtps_cpp' as default
-- Found eigen3_cmake_module: 0.1.1 (/opt/ros/humble/share/eigen3_cmake_module/cmake)
-- Found Eigen3: TRUE (found version "3.4.0") 
-- Ensuring Eigen3 include directory is part of orocos-kdl CMake target
-- Found ament_lint_auto: 0.12.11 (/opt/ros/humble/share/ament_lint_auto/cmake)
-- Added test 'cppcheck' to perform static code analysis on C / C++ code
-- Configured cppcheck include dirs: /home/rosnoetic/vision_ws/rm_shaobing_vision/src/rm_buff/buff_detector/include
-- Configured cppcheck exclude dirs and/or files: 
-- Added test 'flake8' to check Python code syntax and style conventions
-- Added test 'lint_cmake' to check CMake code style
-- Added test 'pep257' to check Python code against some of the docstring style conventions in PEP 257
-- Added test 'xmllint' to check XML markup files
-- Configuring done
-- Generating done
-- Build files have been written to: /home/rosnoetic/vision_ws/rm_shaobing_vision/build/buff_detector
[ 16%] [32mBuilding CXX object CMakeFiles/buff_detector.dir/src/detector.cpp.o[0m
[ 33%] [32mBuilding CXX object CMakeFiles/buff_detector_node.dir/rclcpp_components/node_main_buff_detector_node.cpp.o[0m
[ 50%] [32mBuilding CXX object CMakeFiles/buff_detector.dir/src/pnp_solver.cpp.o[0m
[ 66%] [32mBuilding CXX object CMakeFiles/buff_detector.dir/src/detector_node.cpp.o[0m
[ 83%] [32m[1mLinking CXX executable buff_detector_node[0m
[ 83%] Built target buff_detector_node
[100%] [32m[1mLinking CXX shared library libbuff_detector.so[0m
[100%] Built target buff_detector
-- Install configuration: ""
-- Installing: /home/rosnoetic/vision_ws/rm_shaobing_vision/install/buff_detector/lib/buff_detector/buff_detector_node
-- Set runtime path of "/home/rosnoetic/vision_ws/rm_shaobing_vision/install/buff_detector/lib/buff_detector/buff_detector_node" to ""
-- Up-to-date: /home/rosnoetic/vision_ws/rm_shaobing_vision/install/buff_detector/include
-- Up-to-date: /home/rosnoetic/vision_ws/rm_shaobing_vision/install/buff_detector/include/buff_detector
-- Installing: /home/rosnoetic/vision_ws/rm_shaobing_vision/install/buff_detector/include/buff_detector/blade.hpp
-- Installing: /home/rosnoetic/vision_ws/rm_shaobing_vision/install/buff_detector/include/buff_detector/detector.hpp
-- Installing: /home/rosnoetic/vision_ws/rm_shaobing_vision/install/buff_detector/include/buff_detector/pnp_solver.hpp
-- Installing: /home/rosnoetic/vision_ws/rm_shaobing_vision/install/buff_detector/include/buff_detector/detector_node.hpp
-- Installing: /home/rosnoetic/vision_ws/rm_shaobing_vision/install/buff_detector/share/buff_detector/environment/library_path.dsv
-- Installing: /home/rosnoetic/vision_ws/rm_shaobing_vision/install/buff_detector/lib/libbuff_detector.so
-- Set runtime path of "/home/rosnoetic/vision_ws/rm_shaobing_vision/install/buff_detector/lib/libbuff_detector.so" to ""
-- Up-to-date: /home/rosnoetic/vision_ws/rm_shaobing_vision/install/buff_detector/share/buff_detector/models
-- Installing: /home/rosnoetic/vision_ws/rm_shaobing_vision/install/buff_detector/share/buff_detector/models/buff_quantized.xml
-- Installing: /home/rosnoetic/vision_ws/rm_shaobing_vision/install/buff_detector/share/buff_detector/models/buff_quantized.bin
-- Up-to-date: /home/rosnoetic/vision_ws/rm_shaobing_vision/install/buff_detector/share/buff_detector/launch
-- Installing: /home/rosnoetic/vision_ws/rm_shaobing_vision/install/buff_detector/share/buff_detector/launch/buff_detector.launch.py
-- Installing: /home/rosnoetic/vision_ws/rm_shaobing_vision/install/buff_detector/share/ament_index/resource_index/package_run_dependencies/buff_detector
-- Installing: /home/rosnoetic/vision_ws/rm_shaobing_vision/install/buff_detector/share/ament_index/resource_index/parent_prefix_path/buff_detector
-- Installing: /home/rosnoetic/vision_ws/rm_shaobing_vision/install/buff_detector/share/buff_detector/environment/ament_prefix_path.dsv
-- Installing: /home/rosnoetic/vision_ws/rm_shaobing_vision/install/buff_detector/share/buff_detector/environment/path.dsv
-- Installing: /home/rosnoetic/vision_ws/rm_shaobing_vision/install/buff_detector/share/buff_detector/local_setup.bash
-- Installing: /home/rosnoetic/vision_ws/rm_shaobing_vision/install/buff_detector/share/buff_detector/local_setup.sh
-- Installing: /home/rosnoetic/vision_ws/rm_shaobing_vision/install/buff_detector/share/buff_detector/local_setup.zsh
-- Installing: /home/rosnoetic/vision_ws/rm_shaobing_vision/install/buff_detector/share/buff_detector/local_setup.dsv
-- Installing: /home/rosnoetic/vision_ws/rm_shaobing_vision/install/buff_detector/share/buff_detector/package.dsv
-- Installing: /home/rosnoetic/vision_ws/rm_shaobing_vision/install/buff_detector/share/ament_index/resource_index/packages/buff_detector
-- Installing: /home/rosnoetic/vision_ws/rm_shaobing_vision/install/buff_detector/share/ament_index/resource_index/rclcpp_components/buff_detector
-- Installing: /home/rosnoetic/vision_ws/rm_shaobing_vision/install/buff_detector/share/buff_detector/cmake/ament_cmake_export_dependencies-extras.cmake
-- Installing: /home/rosnoetic/vision_ws/rm_shaobing_vision/install/buff_detector/share/buff_detector/cmake/ament_cmake_export_include_directories-extras.cmake
-- Installing: /home/rosnoetic/vision_ws/rm_shaobing_vision/install/buff_detector/share/buff_detector/cmake/ament_cmake_export_libraries-extras.cmake
-- Installing: /home/rosnoetic/vision_ws/rm_shaobing_vision/install/buff_detector/share/buff_detector/cmake/buff_detectorConfig.cmake
-- Installing: /home/rosnoetic/vision_ws/rm_shaobing_vision/install/buff_detector/share/buff_detector/cmake/buff_detectorConfig-version.cmake
-- Installing: /home/rosnoetic/vision_ws/rm_shaobing_vision/install/buff_detector/share/buff_detector/package.xml
