[0.026s] Invoking command in '/home/rosnoetic/vision_ws/rm_shaobing_vision/build/buff_detector': AMENT_PREFIX_PATH=/home/rosnoetic/vision_ws/rm_shaobing_vision/install/buff_interfaces:${AMENT_PREFIX_PATH} CMAKE_PREFIX_PATH=/home/rosnoetic/vision_ws/rm_shaobing_vision/install/buff_interfaces:/home/rosnoetic/vision_ws/rm_shaobing_vision/install/rm_vision_bringup:/home/rosnoetic/vision_ws/rm_shaobing_vision/install/rm_buff_bringup:/home/rosnoetic/vision_ws/rm_shaobing_vision/install/rm_serial_driver:/home/rosnoetic/vision_ws/rm_shaobing_vision/install/rm_gimbal_description:/home/rosnoetic/vision_ws/rm_shaobing_vision/install/rm_buff:/home/rosnoetic/vision_ws/rm_shaobing_vision/install/rm_auto_record:/home/rosnoetic/vision_ws/rm_shaobing_vision/install/rm_auto_aim:/home/rosnoetic/vision_ws/rm_shaobing_vision/install/hik_camera:/home/rosnoetic/vision_ws/rm_shaobing_vision/install/buff_tracker:/home/rosnoetic/vision_ws/rm_shaobing_vision/install/buff_detector:/home/rosnoetic/vision_ws/rm_shaobing_vision/install/armor_tracker:/home/rosnoetic/vision_ws/rm_shaobing_vision/install/armor_detector:/home/rosnoetic/vision_ws/rm_shaobing_vision/install/auto_aim_interfaces:/home/rosnoetic/ros_ws/install/rm_vision_bringup:/home/rosnoetic/ros_ws/install/rm_serial_driver:/home/rosnoetic/ros_ws/install/rm_gimbal_description:/home/rosnoetic/ros_ws/install/hik_camera:/home/rosnoetic/ros_ws/install/armor_tracker:/home/rosnoetic/ros_ws/install/armor_detector:/home/rosnoetic/ros_ws/install/auto_aim_interfaces:/opt/ros/humble LD_LIBRARY_PATH=/home/rosnoetic/vision_ws/rm_shaobing_vision/install/buff_interfaces/lib:/home/rosnoetic/vision_ws/rm_shaobing_vision/install/rm_serial_driver/lib:/home/rosnoetic/vision_ws/rm_shaobing_vision/install/rm_auto_record/lib:/home/rosnoetic/vision_ws/rm_shaobing_vision/install/hik_camera/lib:/home/rosnoetic/vision_ws/rm_shaobing_vision/install/buff_tracker/lib:/home/rosnoetic/vision_ws/rm_shaobing_vision/install/buff_detector/lib:/home/rosnoetic/vision_ws/rm_shaobing_vision/install/armor_tracker/lib:/home/rosnoetic/vision_ws/rm_shaobing_vision/install/armor_detector/lib:/home/rosnoetic/vision_ws/rm_shaobing_vision/install/auto_aim_interfaces/lib:/opt/MVS/lib/64:/opt/MVS/lib/32:/opt/MVS/lib/64:/opt/MVS/lib/32:/home/rosnoetic/ros_ws/install/rm_serial_driver/lib:/home/rosnoetic/ros_ws/install/hik_camera/lib:/home/rosnoetic/ros_ws/install/armor_tracker/lib:/home/rosnoetic/ros_ws/install/armor_detector/lib:/home/rosnoetic/ros_ws/install/auto_aim_interfaces/lib:/usr/lib/x86_64-linux-gnu/gazebo-11/plugins:/opt/ros/humble/opt/rviz_ogre_vendor/lib:/opt/ros/humble/lib/x86_64-linux-gnu:/opt/ros/humble/lib:/opt/MVS/lib/64:/opt/MVS/lib/32:/opt/MVS/lib/64:/opt/MVS/lib/32 PYTHONPATH=/home/rosnoetic/vision_ws/rm_shaobing_vision/install/buff_interfaces/local/lib/python3.10/dist-packages:${PYTHONPATH} /usr/bin/cmake /home/rosnoetic/vision_ws/rm_shaobing_vision/src/rm_buff/buff_detector -DCMAKE_INSTALL_PREFIX=/home/rosnoetic/vision_ws/rm_shaobing_vision/install/buff_detector
[0.134s] -- The C compiler identification is GNU 11.4.0
[0.230s] -- The CXX compiler identification is GNU 11.4.0
[0.241s] -- Detecting C compiler ABI info
[0.373s] -- Detecting C compiler ABI info - done
[0.382s] -- Check for working C compiler: /usr/bin/cc - skipped
[0.382s] -- Detecting C compile features
[0.383s] -- Detecting C compile features - done
[0.386s] -- Detecting CXX compiler ABI info
[0.555s] -- Detecting CXX compiler ABI info - done
[0.565s] -- Check for working CXX compiler: /usr/bin/c++ - skipped
[0.565s] -- Detecting CXX compile features
[0.566s] -- Detecting CXX compile features - done
[0.570s] -- Found ament_cmake_auto: 1.3.10 (/opt/ros/humble/share/ament_cmake_auto/cmake)
[0.826s] -- Found Python3: /usr/bin/python3 (found version "3.10.12") found components: Interpreter 
[1.029s] -- Found OpenCV: /usr (found version "4.5.4") 
[1.055s] -- Looking for pthread.h
[1.281s] -- Looking for pthread.h - found
[1.281s] -- Performing Test CMAKE_HAVE_LIBC_PTHREAD
[1.513s] -- Performing Test CMAKE_HAVE_LIBC_PTHREAD - Success
[1.513s] -- Found Threads: TRUE  
[1.714s] -- Found rosidl_generator_c: 3.1.5 (/opt/ros/humble/share/rosidl_generator_c/cmake)
[1.729s] -- Found rosidl_adapter: 3.1.5 (/opt/ros/humble/share/rosidl_adapter/cmake)
[1.741s] -- Found rosidl_generator_cpp: 3.1.5 (/opt/ros/humble/share/rosidl_generator_cpp/cmake)
[1.761s] -- Using all available rosidl_typesupport_c: rosidl_typesupport_fastrtps_c;rosidl_typesupport_introspection_c
[1.790s] -- Using all available rosidl_typesupport_cpp: rosidl_typesupport_fastrtps_cpp;rosidl_typesupport_introspection_cpp
[1.874s] -- Found rmw_implementation_cmake: 6.1.2 (/opt/ros/humble/share/rmw_implementation_cmake/cmake)
[1.881s] -- Found rmw_fastrtps_cpp: 6.2.7 (/opt/ros/humble/share/rmw_fastrtps_cpp/cmake)
[2.079s] -- Found OpenSSL: /usr/lib/x86_64-linux-gnu/libcrypto.so (found version "3.0.2")  
[2.120s] -- Found FastRTPS: /opt/ros/humble/include  
[2.183s] -- Using RMW implementation 'rmw_fastrtps_cpp' as default
[2.512s] -- Found eigen3_cmake_module: 0.1.1 (/opt/ros/humble/share/eigen3_cmake_module/cmake)
[2.517s] -- Found Eigen3: TRUE (found version "3.4.0") 
[2.518s] -- Ensuring Eigen3 include directory is part of orocos-kdl CMake target
[2.719s] -- Found ament_lint_auto: 0.12.11 (/opt/ros/humble/share/ament_lint_auto/cmake)
[2.767s] -- Added test 'cppcheck' to perform static code analysis on C / C++ code
[2.768s] -- Configured cppcheck include dirs: /home/rosnoetic/vision_ws/rm_shaobing_vision/src/rm_buff/buff_detector/include
[2.768s] -- Configured cppcheck exclude dirs and/or files: 
[2.768s] -- Added test 'flake8' to check Python code syntax and style conventions
[2.769s] -- Added test 'lint_cmake' to check CMake code style
[2.770s] -- Added test 'pep257' to check Python code against some of the docstring style conventions in PEP 257
[2.771s] -- Added test 'xmllint' to check XML markup files
[2.776s] -- Configuring done
[2.813s] -- Generating done
[2.816s] -- Build files have been written to: /home/rosnoetic/vision_ws/rm_shaobing_vision/build/buff_detector
[2.834s] Invoked command in '/home/rosnoetic/vision_ws/rm_shaobing_vision/build/buff_detector' returned '0': AMENT_PREFIX_PATH=/home/rosnoetic/vision_ws/rm_shaobing_vision/install/buff_interfaces:${AMENT_PREFIX_PATH} CMAKE_PREFIX_PATH=/home/rosnoetic/vision_ws/rm_shaobing_vision/install/buff_interfaces:/home/rosnoetic/vision_ws/rm_shaobing_vision/install/rm_vision_bringup:/home/rosnoetic/vision_ws/rm_shaobing_vision/install/rm_buff_bringup:/home/rosnoetic/vision_ws/rm_shaobing_vision/install/rm_serial_driver:/home/rosnoetic/vision_ws/rm_shaobing_vision/install/rm_gimbal_description:/home/rosnoetic/vision_ws/rm_shaobing_vision/install/rm_buff:/home/rosnoetic/vision_ws/rm_shaobing_vision/install/rm_auto_record:/home/rosnoetic/vision_ws/rm_shaobing_vision/install/rm_auto_aim:/home/rosnoetic/vision_ws/rm_shaobing_vision/install/hik_camera:/home/rosnoetic/vision_ws/rm_shaobing_vision/install/buff_tracker:/home/rosnoetic/vision_ws/rm_shaobing_vision/install/buff_detector:/home/rosnoetic/vision_ws/rm_shaobing_vision/install/armor_tracker:/home/rosnoetic/vision_ws/rm_shaobing_vision/install/armor_detector:/home/rosnoetic/vision_ws/rm_shaobing_vision/install/auto_aim_interfaces:/home/rosnoetic/ros_ws/install/rm_vision_bringup:/home/rosnoetic/ros_ws/install/rm_serial_driver:/home/rosnoetic/ros_ws/install/rm_gimbal_description:/home/rosnoetic/ros_ws/install/hik_camera:/home/rosnoetic/ros_ws/install/armor_tracker:/home/rosnoetic/ros_ws/install/armor_detector:/home/rosnoetic/ros_ws/install/auto_aim_interfaces:/opt/ros/humble LD_LIBRARY_PATH=/home/rosnoetic/vision_ws/rm_shaobing_vision/install/buff_interfaces/lib:/home/rosnoetic/vision_ws/rm_shaobing_vision/install/rm_serial_driver/lib:/home/rosnoetic/vision_ws/rm_shaobing_vision/install/rm_auto_record/lib:/home/rosnoetic/vision_ws/rm_shaobing_vision/install/hik_camera/lib:/home/rosnoetic/vision_ws/rm_shaobing_vision/install/buff_tracker/lib:/home/rosnoetic/vision_ws/rm_shaobing_vision/install/buff_detector/lib:/home/rosnoetic/vision_ws/rm_shaobing_vision/install/armor_tracker/lib:/home/rosnoetic/vision_ws/rm_shaobing_vision/install/armor_detector/lib:/home/rosnoetic/vision_ws/rm_shaobing_vision/install/auto_aim_interfaces/lib:/opt/MVS/lib/64:/opt/MVS/lib/32:/opt/MVS/lib/64:/opt/MVS/lib/32:/home/rosnoetic/ros_ws/install/rm_serial_driver/lib:/home/rosnoetic/ros_ws/install/hik_camera/lib:/home/rosnoetic/ros_ws/install/armor_tracker/lib:/home/rosnoetic/ros_ws/install/armor_detector/lib:/home/rosnoetic/ros_ws/install/auto_aim_interfaces/lib:/usr/lib/x86_64-linux-gnu/gazebo-11/plugins:/opt/ros/humble/opt/rviz_ogre_vendor/lib:/opt/ros/humble/lib/x86_64-linux-gnu:/opt/ros/humble/lib:/opt/MVS/lib/64:/opt/MVS/lib/32:/opt/MVS/lib/64:/opt/MVS/lib/32 PYTHONPATH=/home/rosnoetic/vision_ws/rm_shaobing_vision/install/buff_interfaces/local/lib/python3.10/dist-packages:${PYTHONPATH} /usr/bin/cmake /home/rosnoetic/vision_ws/rm_shaobing_vision/src/rm_buff/buff_detector -DCMAKE_INSTALL_PREFIX=/home/rosnoetic/vision_ws/rm_shaobing_vision/install/buff_detector
[2.835s] Invoking command in '/home/rosnoetic/vision_ws/rm_shaobing_vision/build/buff_detector': AMENT_PREFIX_PATH=/home/rosnoetic/vision_ws/rm_shaobing_vision/install/buff_interfaces:${AMENT_PREFIX_PATH} CMAKE_PREFIX_PATH=/home/rosnoetic/vision_ws/rm_shaobing_vision/install/buff_interfaces:/home/rosnoetic/vision_ws/rm_shaobing_vision/install/rm_vision_bringup:/home/rosnoetic/vision_ws/rm_shaobing_vision/install/rm_buff_bringup:/home/rosnoetic/vision_ws/rm_shaobing_vision/install/rm_serial_driver:/home/rosnoetic/vision_ws/rm_shaobing_vision/install/rm_gimbal_description:/home/rosnoetic/vision_ws/rm_shaobing_vision/install/rm_buff:/home/rosnoetic/vision_ws/rm_shaobing_vision/install/rm_auto_record:/home/rosnoetic/vision_ws/rm_shaobing_vision/install/rm_auto_aim:/home/rosnoetic/vision_ws/rm_shaobing_vision/install/hik_camera:/home/rosnoetic/vision_ws/rm_shaobing_vision/install/buff_tracker:/home/rosnoetic/vision_ws/rm_shaobing_vision/install/buff_detector:/home/rosnoetic/vision_ws/rm_shaobing_vision/install/armor_tracker:/home/rosnoetic/vision_ws/rm_shaobing_vision/install/armor_detector:/home/rosnoetic/vision_ws/rm_shaobing_vision/install/auto_aim_interfaces:/home/rosnoetic/ros_ws/install/rm_vision_bringup:/home/rosnoetic/ros_ws/install/rm_serial_driver:/home/rosnoetic/ros_ws/install/rm_gimbal_description:/home/rosnoetic/ros_ws/install/hik_camera:/home/rosnoetic/ros_ws/install/armor_tracker:/home/rosnoetic/ros_ws/install/armor_detector:/home/rosnoetic/ros_ws/install/auto_aim_interfaces:/opt/ros/humble LD_LIBRARY_PATH=/home/rosnoetic/vision_ws/rm_shaobing_vision/install/buff_interfaces/lib:/home/rosnoetic/vision_ws/rm_shaobing_vision/install/rm_serial_driver/lib:/home/rosnoetic/vision_ws/rm_shaobing_vision/install/rm_auto_record/lib:/home/rosnoetic/vision_ws/rm_shaobing_vision/install/hik_camera/lib:/home/rosnoetic/vision_ws/rm_shaobing_vision/install/buff_tracker/lib:/home/rosnoetic/vision_ws/rm_shaobing_vision/install/buff_detector/lib:/home/rosnoetic/vision_ws/rm_shaobing_vision/install/armor_tracker/lib:/home/rosnoetic/vision_ws/rm_shaobing_vision/install/armor_detector/lib:/home/rosnoetic/vision_ws/rm_shaobing_vision/install/auto_aim_interfaces/lib:/opt/MVS/lib/64:/opt/MVS/lib/32:/opt/MVS/lib/64:/opt/MVS/lib/32:/home/rosnoetic/ros_ws/install/rm_serial_driver/lib:/home/rosnoetic/ros_ws/install/hik_camera/lib:/home/rosnoetic/ros_ws/install/armor_tracker/lib:/home/rosnoetic/ros_ws/install/armor_detector/lib:/home/rosnoetic/ros_ws/install/auto_aim_interfaces/lib:/usr/lib/x86_64-linux-gnu/gazebo-11/plugins:/opt/ros/humble/opt/rviz_ogre_vendor/lib:/opt/ros/humble/lib/x86_64-linux-gnu:/opt/ros/humble/lib:/opt/MVS/lib/64:/opt/MVS/lib/32:/opt/MVS/lib/64:/opt/MVS/lib/32 PYTHONPATH=/home/rosnoetic/vision_ws/rm_shaobing_vision/install/buff_interfaces/local/lib/python3.10/dist-packages:${PYTHONPATH} /usr/bin/cmake --build /home/rosnoetic/vision_ws/rm_shaobing_vision/build/buff_detector -- -j16 -l16
[2.950s] [ 16%] [32mBuilding CXX object CMakeFiles/buff_detector.dir/src/detector.cpp.o[0m
[2.950s] [ 33%] [32mBuilding CXX object CMakeFiles/buff_detector_node.dir/rclcpp_components/node_main_buff_detector_node.cpp.o[0m
[2.957s] [ 50%] [32mBuilding CXX object CMakeFiles/buff_detector.dir/src/pnp_solver.cpp.o[0m
[2.963s] [ 66%] [32mBuilding CXX object CMakeFiles/buff_detector.dir/src/detector_node.cpp.o[0m
[31.479s] [ 83%] [32m[1mLinking CXX executable buff_detector_node[0m
[31.735s] [ 83%] Built target buff_detector_node
[56.337s] [100%] [32m[1mLinking CXX shared library libbuff_detector.so[0m
[58.448s] [100%] Built target buff_detector
[58.475s] Invoked command in '/home/rosnoetic/vision_ws/rm_shaobing_vision/build/buff_detector' returned '0': AMENT_PREFIX_PATH=/home/rosnoetic/vision_ws/rm_shaobing_vision/install/buff_interfaces:${AMENT_PREFIX_PATH} CMAKE_PREFIX_PATH=/home/rosnoetic/vision_ws/rm_shaobing_vision/install/buff_interfaces:/home/rosnoetic/vision_ws/rm_shaobing_vision/install/rm_vision_bringup:/home/rosnoetic/vision_ws/rm_shaobing_vision/install/rm_buff_bringup:/home/rosnoetic/vision_ws/rm_shaobing_vision/install/rm_serial_driver:/home/rosnoetic/vision_ws/rm_shaobing_vision/install/rm_gimbal_description:/home/rosnoetic/vision_ws/rm_shaobing_vision/install/rm_buff:/home/rosnoetic/vision_ws/rm_shaobing_vision/install/rm_auto_record:/home/rosnoetic/vision_ws/rm_shaobing_vision/install/rm_auto_aim:/home/rosnoetic/vision_ws/rm_shaobing_vision/install/hik_camera:/home/rosnoetic/vision_ws/rm_shaobing_vision/install/buff_tracker:/home/rosnoetic/vision_ws/rm_shaobing_vision/install/buff_detector:/home/rosnoetic/vision_ws/rm_shaobing_vision/install/armor_tracker:/home/rosnoetic/vision_ws/rm_shaobing_vision/install/armor_detector:/home/rosnoetic/vision_ws/rm_shaobing_vision/install/auto_aim_interfaces:/home/rosnoetic/ros_ws/install/rm_vision_bringup:/home/rosnoetic/ros_ws/install/rm_serial_driver:/home/rosnoetic/ros_ws/install/rm_gimbal_description:/home/rosnoetic/ros_ws/install/hik_camera:/home/rosnoetic/ros_ws/install/armor_tracker:/home/rosnoetic/ros_ws/install/armor_detector:/home/rosnoetic/ros_ws/install/auto_aim_interfaces:/opt/ros/humble LD_LIBRARY_PATH=/home/rosnoetic/vision_ws/rm_shaobing_vision/install/buff_interfaces/lib:/home/rosnoetic/vision_ws/rm_shaobing_vision/install/rm_serial_driver/lib:/home/rosnoetic/vision_ws/rm_shaobing_vision/install/rm_auto_record/lib:/home/rosnoetic/vision_ws/rm_shaobing_vision/install/hik_camera/lib:/home/rosnoetic/vision_ws/rm_shaobing_vision/install/buff_tracker/lib:/home/rosnoetic/vision_ws/rm_shaobing_vision/install/buff_detector/lib:/home/rosnoetic/vision_ws/rm_shaobing_vision/install/armor_tracker/lib:/home/rosnoetic/vision_ws/rm_shaobing_vision/install/armor_detector/lib:/home/rosnoetic/vision_ws/rm_shaobing_vision/install/auto_aim_interfaces/lib:/opt/MVS/lib/64:/opt/MVS/lib/32:/opt/MVS/lib/64:/opt/MVS/lib/32:/home/rosnoetic/ros_ws/install/rm_serial_driver/lib:/home/rosnoetic/ros_ws/install/hik_camera/lib:/home/rosnoetic/ros_ws/install/armor_tracker/lib:/home/rosnoetic/ros_ws/install/armor_detector/lib:/home/rosnoetic/ros_ws/install/auto_aim_interfaces/lib:/usr/lib/x86_64-linux-gnu/gazebo-11/plugins:/opt/ros/humble/opt/rviz_ogre_vendor/lib:/opt/ros/humble/lib/x86_64-linux-gnu:/opt/ros/humble/lib:/opt/MVS/lib/64:/opt/MVS/lib/32:/opt/MVS/lib/64:/opt/MVS/lib/32 PYTHONPATH=/home/rosnoetic/vision_ws/rm_shaobing_vision/install/buff_interfaces/local/lib/python3.10/dist-packages:${PYTHONPATH} /usr/bin/cmake --build /home/rosnoetic/vision_ws/rm_shaobing_vision/build/buff_detector -- -j16 -l16
[58.601s] Invoking command in '/home/rosnoetic/vision_ws/rm_shaobing_vision/build/buff_detector': AMENT_PREFIX_PATH=/home/rosnoetic/vision_ws/rm_shaobing_vision/install/buff_interfaces:${AMENT_PREFIX_PATH} CMAKE_PREFIX_PATH=/home/rosnoetic/vision_ws/rm_shaobing_vision/install/buff_interfaces:/home/rosnoetic/vision_ws/rm_shaobing_vision/install/rm_vision_bringup:/home/rosnoetic/vision_ws/rm_shaobing_vision/install/rm_buff_bringup:/home/rosnoetic/vision_ws/rm_shaobing_vision/install/rm_serial_driver:/home/rosnoetic/vision_ws/rm_shaobing_vision/install/rm_gimbal_description:/home/rosnoetic/vision_ws/rm_shaobing_vision/install/rm_buff:/home/rosnoetic/vision_ws/rm_shaobing_vision/install/rm_auto_record:/home/rosnoetic/vision_ws/rm_shaobing_vision/install/rm_auto_aim:/home/rosnoetic/vision_ws/rm_shaobing_vision/install/hik_camera:/home/rosnoetic/vision_ws/rm_shaobing_vision/install/buff_tracker:/home/rosnoetic/vision_ws/rm_shaobing_vision/install/buff_detector:/home/rosnoetic/vision_ws/rm_shaobing_vision/install/armor_tracker:/home/rosnoetic/vision_ws/rm_shaobing_vision/install/armor_detector:/home/rosnoetic/vision_ws/rm_shaobing_vision/install/auto_aim_interfaces:/home/rosnoetic/ros_ws/install/rm_vision_bringup:/home/rosnoetic/ros_ws/install/rm_serial_driver:/home/rosnoetic/ros_ws/install/rm_gimbal_description:/home/rosnoetic/ros_ws/install/hik_camera:/home/rosnoetic/ros_ws/install/armor_tracker:/home/rosnoetic/ros_ws/install/armor_detector:/home/rosnoetic/ros_ws/install/auto_aim_interfaces:/opt/ros/humble LD_LIBRARY_PATH=/home/rosnoetic/vision_ws/rm_shaobing_vision/install/buff_interfaces/lib:/home/rosnoetic/vision_ws/rm_shaobing_vision/install/rm_serial_driver/lib:/home/rosnoetic/vision_ws/rm_shaobing_vision/install/rm_auto_record/lib:/home/rosnoetic/vision_ws/rm_shaobing_vision/install/hik_camera/lib:/home/rosnoetic/vision_ws/rm_shaobing_vision/install/buff_tracker/lib:/home/rosnoetic/vision_ws/rm_shaobing_vision/install/buff_detector/lib:/home/rosnoetic/vision_ws/rm_shaobing_vision/install/armor_tracker/lib:/home/rosnoetic/vision_ws/rm_shaobing_vision/install/armor_detector/lib:/home/rosnoetic/vision_ws/rm_shaobing_vision/install/auto_aim_interfaces/lib:/opt/MVS/lib/64:/opt/MVS/lib/32:/opt/MVS/lib/64:/opt/MVS/lib/32:/home/rosnoetic/ros_ws/install/rm_serial_driver/lib:/home/rosnoetic/ros_ws/install/hik_camera/lib:/home/rosnoetic/ros_ws/install/armor_tracker/lib:/home/rosnoetic/ros_ws/install/armor_detector/lib:/home/rosnoetic/ros_ws/install/auto_aim_interfaces/lib:/usr/lib/x86_64-linux-gnu/gazebo-11/plugins:/opt/ros/humble/opt/rviz_ogre_vendor/lib:/opt/ros/humble/lib/x86_64-linux-gnu:/opt/ros/humble/lib:/opt/MVS/lib/64:/opt/MVS/lib/32:/opt/MVS/lib/64:/opt/MVS/lib/32 PYTHONPATH=/home/rosnoetic/vision_ws/rm_shaobing_vision/install/buff_interfaces/local/lib/python3.10/dist-packages:${PYTHONPATH} /usr/bin/cmake --install /home/rosnoetic/vision_ws/rm_shaobing_vision/build/buff_detector
[58.617s] -- Install configuration: ""
[58.619s] -- Installing: /home/rosnoetic/vision_ws/rm_shaobing_vision/install/buff_detector/lib/buff_detector/buff_detector_node
[58.620s] -- Set runtime path of "/home/rosnoetic/vision_ws/rm_shaobing_vision/install/buff_detector/lib/buff_detector/buff_detector_node" to ""
[58.620s] -- Up-to-date: /home/rosnoetic/vision_ws/rm_shaobing_vision/install/buff_detector/include
[58.620s] -- Up-to-date: /home/rosnoetic/vision_ws/rm_shaobing_vision/install/buff_detector/include/buff_detector
[58.620s] -- Installing: /home/rosnoetic/vision_ws/rm_shaobing_vision/install/buff_detector/include/buff_detector/blade.hpp
[58.622s] -- Installing: /home/rosnoetic/vision_ws/rm_shaobing_vision/install/buff_detector/include/buff_detector/detector.hpp
[58.624s] -- Installing: /home/rosnoetic/vision_ws/rm_shaobing_vision/install/buff_detector/include/buff_detector/pnp_solver.hpp
[58.626s] -- Installing: /home/rosnoetic/vision_ws/rm_shaobing_vision/install/buff_detector/include/buff_detector/detector_node.hpp
[58.631s] -- Installing: /home/rosnoetic/vision_ws/rm_shaobing_vision/install/buff_detector/share/buff_detector/environment/library_path.dsv
[58.631s] -- Installing: /home/rosnoetic/vision_ws/rm_shaobing_vision/install/buff_detector/lib/libbuff_detector.so
[58.653s] -- Set runtime path of "/home/rosnoetic/vision_ws/rm_shaobing_vision/install/buff_detector/lib/libbuff_detector.so" to ""
[58.653s] -- Up-to-date: /home/rosnoetic/vision_ws/rm_shaobing_vision/install/buff_detector/share/buff_detector/models
[58.654s] -- Installing: /home/rosnoetic/vision_ws/rm_shaobing_vision/install/buff_detector/share/buff_detector/models/buff_quantized.xml
[58.666s] -- Installing: /home/rosnoetic/vision_ws/rm_shaobing_vision/install/buff_detector/share/buff_detector/models/buff_quantized.bin
[58.686s] -- Up-to-date: /home/rosnoetic/vision_ws/rm_shaobing_vision/install/buff_detector/share/buff_detector/launch
[58.688s] -- Installing: /home/rosnoetic/vision_ws/rm_shaobing_vision/install/buff_detector/share/buff_detector/launch/buff_detector.launch.py
[58.689s] -- Installing: /home/rosnoetic/vision_ws/rm_shaobing_vision/install/buff_detector/share/ament_index/resource_index/package_run_dependencies/buff_detector
[58.690s] -- Installing: /home/rosnoetic/vision_ws/rm_shaobing_vision/install/buff_detector/share/ament_index/resource_index/parent_prefix_path/buff_detector
[58.692s] -- Installing: /home/rosnoetic/vision_ws/rm_shaobing_vision/install/buff_detector/share/buff_detector/environment/ament_prefix_path.dsv
[58.694s] -- Installing: /home/rosnoetic/vision_ws/rm_shaobing_vision/install/buff_detector/share/buff_detector/environment/path.dsv
[58.695s] -- Installing: /home/rosnoetic/vision_ws/rm_shaobing_vision/install/buff_detector/share/buff_detector/local_setup.bash
[58.696s] -- Installing: /home/rosnoetic/vision_ws/rm_shaobing_vision/install/buff_detector/share/buff_detector/local_setup.sh
[58.699s] -- Installing: /home/rosnoetic/vision_ws/rm_shaobing_vision/install/buff_detector/share/buff_detector/local_setup.zsh
[58.701s] -- Installing: /home/rosnoetic/vision_ws/rm_shaobing_vision/install/buff_detector/share/buff_detector/local_setup.dsv
[58.701s] -- Installing: /home/rosnoetic/vision_ws/rm_shaobing_vision/install/buff_detector/share/buff_detector/package.dsv
[58.703s] -- Installing: /home/rosnoetic/vision_ws/rm_shaobing_vision/install/buff_detector/share/ament_index/resource_index/packages/buff_detector
[58.704s] -- Installing: /home/rosnoetic/vision_ws/rm_shaobing_vision/install/buff_detector/share/ament_index/resource_index/rclcpp_components/buff_detector
[58.704s] -- Installing: /home/rosnoetic/vision_ws/rm_shaobing_vision/install/buff_detector/share/buff_detector/cmake/ament_cmake_export_dependencies-extras.cmake
[58.705s] -- Installing: /home/rosnoetic/vision_ws/rm_shaobing_vision/install/buff_detector/share/buff_detector/cmake/ament_cmake_export_include_directories-extras.cmake
[58.706s] -- Installing: /home/rosnoetic/vision_ws/rm_shaobing_vision/install/buff_detector/share/buff_detector/cmake/ament_cmake_export_libraries-extras.cmake
[58.707s] -- Installing: /home/rosnoetic/vision_ws/rm_shaobing_vision/install/buff_detector/share/buff_detector/cmake/buff_detectorConfig.cmake
[58.709s] -- Installing: /home/rosnoetic/vision_ws/rm_shaobing_vision/install/buff_detector/share/buff_detector/cmake/buff_detectorConfig-version.cmake
[58.709s] -- Installing: /home/rosnoetic/vision_ws/rm_shaobing_vision/install/buff_detector/share/buff_detector/package.xml
[58.719s] Invoked command in '/home/rosnoetic/vision_ws/rm_shaobing_vision/build/buff_detector' returned '0': AMENT_PREFIX_PATH=/home/rosnoetic/vision_ws/rm_shaobing_vision/install/buff_interfaces:${AMENT_PREFIX_PATH} CMAKE_PREFIX_PATH=/home/rosnoetic/vision_ws/rm_shaobing_vision/install/buff_interfaces:/home/rosnoetic/vision_ws/rm_shaobing_vision/install/rm_vision_bringup:/home/rosnoetic/vision_ws/rm_shaobing_vision/install/rm_buff_bringup:/home/rosnoetic/vision_ws/rm_shaobing_vision/install/rm_serial_driver:/home/rosnoetic/vision_ws/rm_shaobing_vision/install/rm_gimbal_description:/home/rosnoetic/vision_ws/rm_shaobing_vision/install/rm_buff:/home/rosnoetic/vision_ws/rm_shaobing_vision/install/rm_auto_record:/home/rosnoetic/vision_ws/rm_shaobing_vision/install/rm_auto_aim:/home/rosnoetic/vision_ws/rm_shaobing_vision/install/hik_camera:/home/rosnoetic/vision_ws/rm_shaobing_vision/install/buff_tracker:/home/rosnoetic/vision_ws/rm_shaobing_vision/install/buff_detector:/home/rosnoetic/vision_ws/rm_shaobing_vision/install/armor_tracker:/home/rosnoetic/vision_ws/rm_shaobing_vision/install/armor_detector:/home/rosnoetic/vision_ws/rm_shaobing_vision/install/auto_aim_interfaces:/home/rosnoetic/ros_ws/install/rm_vision_bringup:/home/rosnoetic/ros_ws/install/rm_serial_driver:/home/rosnoetic/ros_ws/install/rm_gimbal_description:/home/rosnoetic/ros_ws/install/hik_camera:/home/rosnoetic/ros_ws/install/armor_tracker:/home/rosnoetic/ros_ws/install/armor_detector:/home/rosnoetic/ros_ws/install/auto_aim_interfaces:/opt/ros/humble LD_LIBRARY_PATH=/home/rosnoetic/vision_ws/rm_shaobing_vision/install/buff_interfaces/lib:/home/rosnoetic/vision_ws/rm_shaobing_vision/install/rm_serial_driver/lib:/home/rosnoetic/vision_ws/rm_shaobing_vision/install/rm_auto_record/lib:/home/rosnoetic/vision_ws/rm_shaobing_vision/install/hik_camera/lib:/home/rosnoetic/vision_ws/rm_shaobing_vision/install/buff_tracker/lib:/home/rosnoetic/vision_ws/rm_shaobing_vision/install/buff_detector/lib:/home/rosnoetic/vision_ws/rm_shaobing_vision/install/armor_tracker/lib:/home/rosnoetic/vision_ws/rm_shaobing_vision/install/armor_detector/lib:/home/rosnoetic/vision_ws/rm_shaobing_vision/install/auto_aim_interfaces/lib:/opt/MVS/lib/64:/opt/MVS/lib/32:/opt/MVS/lib/64:/opt/MVS/lib/32:/home/rosnoetic/ros_ws/install/rm_serial_driver/lib:/home/rosnoetic/ros_ws/install/hik_camera/lib:/home/rosnoetic/ros_ws/install/armor_tracker/lib:/home/rosnoetic/ros_ws/install/armor_detector/lib:/home/rosnoetic/ros_ws/install/auto_aim_interfaces/lib:/usr/lib/x86_64-linux-gnu/gazebo-11/plugins:/opt/ros/humble/opt/rviz_ogre_vendor/lib:/opt/ros/humble/lib/x86_64-linux-gnu:/opt/ros/humble/lib:/opt/MVS/lib/64:/opt/MVS/lib/32:/opt/MVS/lib/64:/opt/MVS/lib/32 PYTHONPATH=/home/rosnoetic/vision_ws/rm_shaobing_vision/install/buff_interfaces/local/lib/python3.10/dist-packages:${PYTHONPATH} /usr/bin/cmake --install /home/rosnoetic/vision_ws/rm_shaobing_vision/build/buff_detector
