[0.076s] Invoking command in '/home/rosnoetic/vision_ws/rm_shaobing_vision/build/rm_serial_driver': AMENT_PREFIX_PATH=/home/rosnoetic/vision_ws/rm_shaobing_vision/install/auto_aim_interfaces:${AMENT_PREFIX_PATH} CMAKE_PREFIX_PATH=/home/rosnoetic/vision_ws/rm_shaobing_vision/install/auto_aim_interfaces:/home/rosnoetic/ros_ws/install/rm_vision_bringup:/home/rosnoetic/ros_ws/install/rm_serial_driver:/home/rosnoetic/ros_ws/install/rm_gimbal_description:/home/rosnoetic/ros_ws/install/hik_camera:/home/rosnoetic/ros_ws/install/armor_tracker:/home/rosnoetic/ros_ws/install/armor_detector:/home/rosnoetic/ros_ws/install/auto_aim_interfaces:/opt/ros/humble LD_LIBRARY_PATH=/home/rosnoetic/vision_ws/rm_shaobing_vision/install/auto_aim_interfaces/lib:/opt/MVS/lib/64:/opt/MVS/lib/32:/opt/MVS/lib/64:/opt/MVS/lib/32:/home/rosnoetic/ros_ws/install/rm_serial_driver/lib:/home/rosnoetic/ros_ws/install/hik_camera/lib:/home/rosnoetic/ros_ws/install/armor_tracker/lib:/home/rosnoetic/ros_ws/install/armor_detector/lib:/home/rosnoetic/ros_ws/install/auto_aim_interfaces/lib:/usr/lib/x86_64-linux-gnu/gazebo-11/plugins:/opt/ros/humble/opt/rviz_ogre_vendor/lib:/opt/ros/humble/lib/x86_64-linux-gnu:/opt/ros/humble/lib:/opt/MVS/lib/64:/opt/MVS/lib/32:/opt/MVS/lib/64:/opt/MVS/lib/32 PYTHONPATH=/home/rosnoetic/vision_ws/rm_shaobing_vision/install/auto_aim_interfaces/local/lib/python3.10/dist-packages:${PYTHONPATH} /usr/bin/cmake --build /home/rosnoetic/vision_ws/rm_shaobing_vision/build/rm_serial_driver -- -j16 -l16
[0.214s] [35m[1mConsolidate compiler generated dependencies of target rm_serial_driver_node[0m
[0.224s] [35m[1mConsolidate compiler generated dependencies of target rm_serial_driver[0m
[0.272s] [ 40%] Built target rm_serial_driver_node
[0.288s] [100%] Built target rm_serial_driver
[0.311s] Invoked command in '/home/rosnoetic/vision_ws/rm_shaobing_vision/build/rm_serial_driver' returned '0': AMENT_PREFIX_PATH=/home/rosnoetic/vision_ws/rm_shaobing_vision/install/auto_aim_interfaces:${AMENT_PREFIX_PATH} CMAKE_PREFIX_PATH=/home/rosnoetic/vision_ws/rm_shaobing_vision/install/auto_aim_interfaces:/home/rosnoetic/ros_ws/install/rm_vision_bringup:/home/rosnoetic/ros_ws/install/rm_serial_driver:/home/rosnoetic/ros_ws/install/rm_gimbal_description:/home/rosnoetic/ros_ws/install/hik_camera:/home/rosnoetic/ros_ws/install/armor_tracker:/home/rosnoetic/ros_ws/install/armor_detector:/home/rosnoetic/ros_ws/install/auto_aim_interfaces:/opt/ros/humble LD_LIBRARY_PATH=/home/rosnoetic/vision_ws/rm_shaobing_vision/install/auto_aim_interfaces/lib:/opt/MVS/lib/64:/opt/MVS/lib/32:/opt/MVS/lib/64:/opt/MVS/lib/32:/home/rosnoetic/ros_ws/install/rm_serial_driver/lib:/home/rosnoetic/ros_ws/install/hik_camera/lib:/home/rosnoetic/ros_ws/install/armor_tracker/lib:/home/rosnoetic/ros_ws/install/armor_detector/lib:/home/rosnoetic/ros_ws/install/auto_aim_interfaces/lib:/usr/lib/x86_64-linux-gnu/gazebo-11/plugins:/opt/ros/humble/opt/rviz_ogre_vendor/lib:/opt/ros/humble/lib/x86_64-linux-gnu:/opt/ros/humble/lib:/opt/MVS/lib/64:/opt/MVS/lib/32:/opt/MVS/lib/64:/opt/MVS/lib/32 PYTHONPATH=/home/rosnoetic/vision_ws/rm_shaobing_vision/install/auto_aim_interfaces/local/lib/python3.10/dist-packages:${PYTHONPATH} /usr/bin/cmake --build /home/rosnoetic/vision_ws/rm_shaobing_vision/build/rm_serial_driver -- -j16 -l16
[0.476s] Invoking command in '/home/rosnoetic/vision_ws/rm_shaobing_vision/build/rm_serial_driver': AMENT_PREFIX_PATH=/home/rosnoetic/vision_ws/rm_shaobing_vision/install/auto_aim_interfaces:${AMENT_PREFIX_PATH} CMAKE_PREFIX_PATH=/home/rosnoetic/vision_ws/rm_shaobing_vision/install/auto_aim_interfaces:/home/rosnoetic/ros_ws/install/rm_vision_bringup:/home/rosnoetic/ros_ws/install/rm_serial_driver:/home/rosnoetic/ros_ws/install/rm_gimbal_description:/home/rosnoetic/ros_ws/install/hik_camera:/home/rosnoetic/ros_ws/install/armor_tracker:/home/rosnoetic/ros_ws/install/armor_detector:/home/rosnoetic/ros_ws/install/auto_aim_interfaces:/opt/ros/humble LD_LIBRARY_PATH=/home/rosnoetic/vision_ws/rm_shaobing_vision/install/auto_aim_interfaces/lib:/opt/MVS/lib/64:/opt/MVS/lib/32:/opt/MVS/lib/64:/opt/MVS/lib/32:/home/rosnoetic/ros_ws/install/rm_serial_driver/lib:/home/rosnoetic/ros_ws/install/hik_camera/lib:/home/rosnoetic/ros_ws/install/armor_tracker/lib:/home/rosnoetic/ros_ws/install/armor_detector/lib:/home/rosnoetic/ros_ws/install/auto_aim_interfaces/lib:/usr/lib/x86_64-linux-gnu/gazebo-11/plugins:/opt/ros/humble/opt/rviz_ogre_vendor/lib:/opt/ros/humble/lib/x86_64-linux-gnu:/opt/ros/humble/lib:/opt/MVS/lib/64:/opt/MVS/lib/32:/opt/MVS/lib/64:/opt/MVS/lib/32 PYTHONPATH=/home/rosnoetic/vision_ws/rm_shaobing_vision/install/auto_aim_interfaces/local/lib/python3.10/dist-packages:${PYTHONPATH} /usr/bin/cmake --install /home/rosnoetic/vision_ws/rm_shaobing_vision/build/rm_serial_driver
[0.495s] -- Install configuration: ""
[0.502s] -- Up-to-date: /home/rosnoetic/vision_ws/rm_shaobing_vision/install/rm_serial_driver/lib/rm_serial_driver/rm_serial_driver_node
[0.502s] -- Up-to-date: /home/rosnoetic/vision_ws/rm_shaobing_vision/install/rm_serial_driver/include
[0.502s] -- Up-to-date: /home/rosnoetic/vision_ws/rm_shaobing_vision/install/rm_serial_driver/include/rm_serial_driver
[0.502s] -- Up-to-date: /home/rosnoetic/vision_ws/rm_shaobing_vision/install/rm_serial_driver/include/rm_serial_driver/crc.hpp
[0.502s] -- Up-to-date: /home/rosnoetic/vision_ws/rm_shaobing_vision/install/rm_serial_driver/include/rm_serial_driver/packet.hpp
[0.502s] -- Up-to-date: /home/rosnoetic/vision_ws/rm_shaobing_vision/install/rm_serial_driver/include/rm_serial_driver/rm_serial_driver.hpp
[0.502s] -- Up-to-date: /home/rosnoetic/vision_ws/rm_shaobing_vision/install/rm_serial_driver/share/rm_serial_driver/environment/library_path.dsv
[0.507s] -- Up-to-date: /home/rosnoetic/vision_ws/rm_shaobing_vision/install/rm_serial_driver/lib/librm_serial_driver.so
[0.507s] -- Up-to-date: /home/rosnoetic/vision_ws/rm_shaobing_vision/install/rm_serial_driver/share/rm_serial_driver/config
[0.507s] -- Up-to-date: /home/rosnoetic/vision_ws/rm_shaobing_vision/install/rm_serial_driver/share/rm_serial_driver/config/serial_driver.yaml
[0.507s] -- Up-to-date: /home/rosnoetic/vision_ws/rm_shaobing_vision/install/rm_serial_driver/share/rm_serial_driver/launch
[0.508s] -- Up-to-date: /home/rosnoetic/vision_ws/rm_shaobing_vision/install/rm_serial_driver/share/rm_serial_driver/launch/serial_driver.launch.py
[0.508s] -- Up-to-date: /home/rosnoetic/vision_ws/rm_shaobing_vision/install/rm_serial_driver/share/ament_index/resource_index/package_run_dependencies/rm_serial_driver
[0.508s] -- Up-to-date: /home/rosnoetic/vision_ws/rm_shaobing_vision/install/rm_serial_driver/share/ament_index/resource_index/parent_prefix_path/rm_serial_driver
[0.508s] -- Up-to-date: /home/rosnoetic/vision_ws/rm_shaobing_vision/install/rm_serial_driver/share/rm_serial_driver/environment/ament_prefix_path.dsv
[0.509s] -- Up-to-date: /home/rosnoetic/vision_ws/rm_shaobing_vision/install/rm_serial_driver/share/rm_serial_driver/environment/path.dsv
[0.509s] -- Up-to-date: /home/rosnoetic/vision_ws/rm_shaobing_vision/install/rm_serial_driver/share/rm_serial_driver/local_setup.bash
[0.509s] -- Up-to-date: /home/rosnoetic/vision_ws/rm_shaobing_vision/install/rm_serial_driver/share/rm_serial_driver/local_setup.sh
[0.509s] -- Up-to-date: /home/rosnoetic/vision_ws/rm_shaobing_vision/install/rm_serial_driver/share/rm_serial_driver/local_setup.zsh
[0.509s] -- Up-to-date: /home/rosnoetic/vision_ws/rm_shaobing_vision/install/rm_serial_driver/share/rm_serial_driver/local_setup.dsv
[0.509s] -- Installing: /home/rosnoetic/vision_ws/rm_shaobing_vision/install/rm_serial_driver/share/rm_serial_driver/package.dsv
[0.509s] -- Up-to-date: /home/rosnoetic/vision_ws/rm_shaobing_vision/install/rm_serial_driver/share/ament_index/resource_index/packages/rm_serial_driver
[0.510s] -- Up-to-date: /home/rosnoetic/vision_ws/rm_shaobing_vision/install/rm_serial_driver/share/ament_index/resource_index/rclcpp_components/rm_serial_driver
[0.510s] -- Up-to-date: /home/rosnoetic/vision_ws/rm_shaobing_vision/install/rm_serial_driver/share/rm_serial_driver/cmake/ament_cmake_export_dependencies-extras.cmake
[0.510s] -- Up-to-date: /home/rosnoetic/vision_ws/rm_shaobing_vision/install/rm_serial_driver/share/rm_serial_driver/cmake/ament_cmake_export_include_directories-extras.cmake
[0.510s] -- Up-to-date: /home/rosnoetic/vision_ws/rm_shaobing_vision/install/rm_serial_driver/share/rm_serial_driver/cmake/ament_cmake_export_libraries-extras.cmake
[0.510s] -- Up-to-date: /home/rosnoetic/vision_ws/rm_shaobing_vision/install/rm_serial_driver/share/rm_serial_driver/cmake/rm_serial_driverConfig.cmake
[0.510s] -- Up-to-date: /home/rosnoetic/vision_ws/rm_shaobing_vision/install/rm_serial_driver/share/rm_serial_driver/cmake/rm_serial_driverConfig-version.cmake
[0.510s] -- Up-to-date: /home/rosnoetic/vision_ws/rm_shaobing_vision/install/rm_serial_driver/share/rm_serial_driver/package.xml
[0.515s] Invoked command in '/home/rosnoetic/vision_ws/rm_shaobing_vision/build/rm_serial_driver' returned '0': AMENT_PREFIX_PATH=/home/rosnoetic/vision_ws/rm_shaobing_vision/install/auto_aim_interfaces:${AMENT_PREFIX_PATH} CMAKE_PREFIX_PATH=/home/rosnoetic/vision_ws/rm_shaobing_vision/install/auto_aim_interfaces:/home/rosnoetic/ros_ws/install/rm_vision_bringup:/home/rosnoetic/ros_ws/install/rm_serial_driver:/home/rosnoetic/ros_ws/install/rm_gimbal_description:/home/rosnoetic/ros_ws/install/hik_camera:/home/rosnoetic/ros_ws/install/armor_tracker:/home/rosnoetic/ros_ws/install/armor_detector:/home/rosnoetic/ros_ws/install/auto_aim_interfaces:/opt/ros/humble LD_LIBRARY_PATH=/home/rosnoetic/vision_ws/rm_shaobing_vision/install/auto_aim_interfaces/lib:/opt/MVS/lib/64:/opt/MVS/lib/32:/opt/MVS/lib/64:/opt/MVS/lib/32:/home/rosnoetic/ros_ws/install/rm_serial_driver/lib:/home/rosnoetic/ros_ws/install/hik_camera/lib:/home/rosnoetic/ros_ws/install/armor_tracker/lib:/home/rosnoetic/ros_ws/install/armor_detector/lib:/home/rosnoetic/ros_ws/install/auto_aim_interfaces/lib:/usr/lib/x86_64-linux-gnu/gazebo-11/plugins:/opt/ros/humble/opt/rviz_ogre_vendor/lib:/opt/ros/humble/lib/x86_64-linux-gnu:/opt/ros/humble/lib:/opt/MVS/lib/64:/opt/MVS/lib/32:/opt/MVS/lib/64:/opt/MVS/lib/32 PYTHONPATH=/home/rosnoetic/vision_ws/rm_shaobing_vision/install/auto_aim_interfaces/local/lib/python3.10/dist-packages:${PYTHONPATH} /usr/bin/cmake --install /home/rosnoetic/vision_ws/rm_shaobing_vision/build/rm_serial_driver
