[0.053s] Invoking command in '/home/rosnoetic/vision_ws/rm_shaobing_vision/build/buff_interfaces': CMAKE_PREFIX_PATH=/home/rosnoetic/ros_ws/install/rm_vision_bringup:/home/rosnoetic/ros_ws/install/rm_serial_driver:/home/rosnoetic/ros_ws/install/rm_gimbal_description:/home/rosnoetic/ros_ws/install/hik_camera:/home/rosnoetic/ros_ws/install/armor_tracker:/home/rosnoetic/ros_ws/install/armor_detector:/home/rosnoetic/ros_ws/install/auto_aim_interfaces:/opt/ros/humble /usr/bin/cmake --build /home/rosnoetic/vision_ws/rm_shaobing_vision/build/buff_interfaces -- -j16 -l16
[0.198s] [  1%] Built target buff_interfaces__cpp
[0.199s] [ 12%] Built target buff_interfaces__rosidl_generator_c
[0.219s] [ 12%] Built target ament_cmake_python_copy_buff_interfaces
[0.279s] [ 24%] Built target buff_interfaces__rosidl_typesupport_fastrtps_c
[0.293s] [ 49%] Built target buff_interfaces__rosidl_typesupport_c
[0.294s] [ 51%] Built target buff_interfaces__rosidl_typesupport_fastrtps_cpp
[0.307s] [ 58%] Built target buff_interfaces__rosidl_typesupport_cpp
[0.324s] [ 69%] Built target buff_interfaces__rosidl_typesupport_introspection_cpp
[0.324s] [ 81%] Built target buff_interfaces__rosidl_typesupport_introspection_c
[0.425s] [ 81%] Built target buff_interfaces
[0.500s] [ 82%] Built target buff_interfaces__py
[0.582s] [ 92%] Built target buff_interfaces__rosidl_generator_py
[0.639s] [ 94%] Built target buff_interfaces__rosidl_typesupport_fastrtps_c__pyext
[0.645s] [ 97%] Built target buff_interfaces__rosidl_typesupport_introspection_c__pyext
[0.645s] [100%] Built target buff_interfaces__rosidl_typesupport_c__pyext
[0.688s] running egg_info
[0.689s] writing buff_interfaces.egg-info/PKG-INFO
[0.690s] writing dependency_links to buff_interfaces.egg-info/dependency_links.txt
[0.690s] writing top-level names to buff_interfaces.egg-info/top_level.txt
[0.695s] reading manifest file 'buff_interfaces.egg-info/SOURCES.txt'
[0.697s] writing manifest file 'buff_interfaces.egg-info/SOURCES.txt'
[0.747s] [100%] Built target ament_cmake_python_build_buff_interfaces_egg
[0.773s] Invoked command in '/home/rosnoetic/vision_ws/rm_shaobing_vision/build/buff_interfaces' returned '0': CMAKE_PREFIX_PATH=/home/rosnoetic/ros_ws/install/rm_vision_bringup:/home/rosnoetic/ros_ws/install/rm_serial_driver:/home/rosnoetic/ros_ws/install/rm_gimbal_description:/home/rosnoetic/ros_ws/install/hik_camera:/home/rosnoetic/ros_ws/install/armor_tracker:/home/rosnoetic/ros_ws/install/armor_detector:/home/rosnoetic/ros_ws/install/auto_aim_interfaces:/opt/ros/humble /usr/bin/cmake --build /home/rosnoetic/vision_ws/rm_shaobing_vision/build/buff_interfaces -- -j16 -l16
[1.532s] Invoking command in '/home/rosnoetic/vision_ws/rm_shaobing_vision/build/buff_interfaces': CMAKE_PREFIX_PATH=/home/rosnoetic/ros_ws/install/rm_vision_bringup:/home/rosnoetic/ros_ws/install/rm_serial_driver:/home/rosnoetic/ros_ws/install/rm_gimbal_description:/home/rosnoetic/ros_ws/install/hik_camera:/home/rosnoetic/ros_ws/install/armor_tracker:/home/rosnoetic/ros_ws/install/armor_detector:/home/rosnoetic/ros_ws/install/auto_aim_interfaces:/opt/ros/humble /usr/bin/cmake --install /home/rosnoetic/vision_ws/rm_shaobing_vision/build/buff_interfaces
[1.548s] -- Install configuration: ""
[1.548s] -- Up-to-date: /home/rosnoetic/vision_ws/rm_shaobing_vision/install/buff_interfaces/share/ament_index/resource_index/rosidl_interfaces/buff_interfaces
[1.548s] -- Up-to-date: /home/rosnoetic/vision_ws/rm_shaobing_vision/install/buff_interfaces/include/buff_interfaces/buff_interfaces
[1.549s] -- Up-to-date: /home/rosnoetic/vision_ws/rm_shaobing_vision/install/buff_interfaces/include/buff_interfaces/buff_interfaces/msg
[1.549s] -- Up-to-date: /home/rosnoetic/vision_ws/rm_shaobing_vision/install/buff_interfaces/include/buff_interfaces/buff_interfaces/msg/time_info.h
[1.549s] -- Up-to-date: /home/rosnoetic/vision_ws/rm_shaobing_vision/install/buff_interfaces/include/buff_interfaces/buff_interfaces/msg/blade_array.h
[1.549s] -- Up-to-date: /home/rosnoetic/vision_ws/rm_shaobing_vision/install/buff_interfaces/include/buff_interfaces/buff_interfaces/msg/debug_blade.h
[1.549s] -- Up-to-date: /home/rosnoetic/vision_ws/rm_shaobing_vision/install/buff_interfaces/include/buff_interfaces/buff_interfaces/msg/rune.h
[1.549s] -- Up-to-date: /home/rosnoetic/vision_ws/rm_shaobing_vision/install/buff_interfaces/include/buff_interfaces/buff_interfaces/msg/debug_blade_array.h
[1.550s] -- Up-to-date: /home/rosnoetic/vision_ws/rm_shaobing_vision/install/buff_interfaces/include/buff_interfaces/buff_interfaces/msg/blade.h
[1.550s] -- Up-to-date: /home/rosnoetic/vision_ws/rm_shaobing_vision/install/buff_interfaces/include/buff_interfaces/buff_interfaces/msg/rosidl_generator_c__visibility_control.h
[1.550s] -- Up-to-date: /home/rosnoetic/vision_ws/rm_shaobing_vision/install/buff_interfaces/include/buff_interfaces/buff_interfaces/msg/rune_info.h
[1.550s] -- Up-to-date: /home/rosnoetic/vision_ws/rm_shaobing_vision/install/buff_interfaces/include/buff_interfaces/buff_interfaces/msg/detail
[1.550s] -- Up-to-date: /home/rosnoetic/vision_ws/rm_shaobing_vision/install/buff_interfaces/include/buff_interfaces/buff_interfaces/msg/detail/rune_info__struct.h
[1.550s] -- Up-to-date: /home/rosnoetic/vision_ws/rm_shaobing_vision/install/buff_interfaces/include/buff_interfaces/buff_interfaces/msg/detail/debug_blade_array__struct.h
[1.550s] -- Up-to-date: /home/rosnoetic/vision_ws/rm_shaobing_vision/install/buff_interfaces/include/buff_interfaces/buff_interfaces/msg/detail/debug_blade_array__functions.c
[1.550s] -- Up-to-date: /home/rosnoetic/vision_ws/rm_shaobing_vision/install/buff_interfaces/include/buff_interfaces/buff_interfaces/msg/detail/blade_array__struct.h
[1.550s] -- Up-to-date: /home/rosnoetic/vision_ws/rm_shaobing_vision/install/buff_interfaces/include/buff_interfaces/buff_interfaces/msg/detail/rune_info__functions.c
[1.550s] -- Up-to-date: /home/rosnoetic/vision_ws/rm_shaobing_vision/install/buff_interfaces/include/buff_interfaces/buff_interfaces/msg/detail/debug_blade__type_support.h
[1.550s] -- Up-to-date: /home/rosnoetic/vision_ws/rm_shaobing_vision/install/buff_interfaces/include/buff_interfaces/buff_interfaces/msg/detail/blade__struct.h
[1.551s] -- Up-to-date: /home/rosnoetic/vision_ws/rm_shaobing_vision/install/buff_interfaces/include/buff_interfaces/buff_interfaces/msg/detail/debug_blade__functions.h
[1.551s] -- Up-to-date: /home/rosnoetic/vision_ws/rm_shaobing_vision/install/buff_interfaces/include/buff_interfaces/buff_interfaces/msg/detail/rune__functions.c
[1.551s] -- Up-to-date: /home/rosnoetic/vision_ws/rm_shaobing_vision/install/buff_interfaces/include/buff_interfaces/buff_interfaces/msg/detail/blade__functions.c
[1.551s] -- Up-to-date: /home/rosnoetic/vision_ws/rm_shaobing_vision/install/buff_interfaces/include/buff_interfaces/buff_interfaces/msg/detail/blade__functions.h
[1.551s] -- Up-to-date: /home/rosnoetic/vision_ws/rm_shaobing_vision/install/buff_interfaces/include/buff_interfaces/buff_interfaces/msg/detail/blade__type_support.h
[1.551s] -- Up-to-date: /home/rosnoetic/vision_ws/rm_shaobing_vision/install/buff_interfaces/include/buff_interfaces/buff_interfaces/msg/detail/rune__functions.h
[1.552s] -- Up-to-date: /home/rosnoetic/vision_ws/rm_shaobing_vision/install/buff_interfaces/include/buff_interfaces/buff_interfaces/msg/detail/blade_array__type_support.h
[1.552s] -- Up-to-date: /home/rosnoetic/vision_ws/rm_shaobing_vision/install/buff_interfaces/include/buff_interfaces/buff_interfaces/msg/detail/debug_blade_array__type_support.h
[1.552s] -- Up-to-date: /home/rosnoetic/vision_ws/rm_shaobing_vision/install/buff_interfaces/include/buff_interfaces/buff_interfaces/msg/detail/time_info__functions.c
[1.552s] -- Up-to-date: /home/rosnoetic/vision_ws/rm_shaobing_vision/install/buff_interfaces/include/buff_interfaces/buff_interfaces/msg/detail/rune_info__type_support.h
[1.552s] -- Up-to-date: /home/rosnoetic/vision_ws/rm_shaobing_vision/install/buff_interfaces/include/buff_interfaces/buff_interfaces/msg/detail/time_info__type_support.h
[1.552s] -- Up-to-date: /home/rosnoetic/vision_ws/rm_shaobing_vision/install/buff_interfaces/include/buff_interfaces/buff_interfaces/msg/detail/blade_array__functions.c
[1.552s] -- Up-to-date: /home/rosnoetic/vision_ws/rm_shaobing_vision/install/buff_interfaces/include/buff_interfaces/buff_interfaces/msg/detail/rune__type_support.h
[1.552s] -- Up-to-date: /home/rosnoetic/vision_ws/rm_shaobing_vision/install/buff_interfaces/include/buff_interfaces/buff_interfaces/msg/detail/debug_blade__functions.c
[1.552s] -- Up-to-date: /home/rosnoetic/vision_ws/rm_shaobing_vision/install/buff_interfaces/include/buff_interfaces/buff_interfaces/msg/detail/debug_blade_array__functions.h
[1.553s] -- Up-to-date: /home/rosnoetic/vision_ws/rm_shaobing_vision/install/buff_interfaces/include/buff_interfaces/buff_interfaces/msg/detail/blade_array__functions.h
[1.553s] -- Up-to-date: /home/rosnoetic/vision_ws/rm_shaobing_vision/install/buff_interfaces/include/buff_interfaces/buff_interfaces/msg/detail/time_info__functions.h
[1.553s] -- Up-to-date: /home/rosnoetic/vision_ws/rm_shaobing_vision/install/buff_interfaces/include/buff_interfaces/buff_interfaces/msg/detail/rune_info__functions.h
[1.553s] -- Up-to-date: /home/rosnoetic/vision_ws/rm_shaobing_vision/install/buff_interfaces/include/buff_interfaces/buff_interfaces/msg/detail/time_info__struct.h
[1.553s] -- Up-to-date: /home/rosnoetic/vision_ws/rm_shaobing_vision/install/buff_interfaces/include/buff_interfaces/buff_interfaces/msg/detail/rune__struct.h
[1.553s] -- Up-to-date: /home/rosnoetic/vision_ws/rm_shaobing_vision/install/buff_interfaces/include/buff_interfaces/buff_interfaces/msg/detail/debug_blade__struct.h
[1.553s] -- Up-to-date: /home/rosnoetic/vision_ws/rm_shaobing_vision/install/buff_interfaces/share/buff_interfaces/environment/library_path.dsv
[1.553s] -- Up-to-date: /home/rosnoetic/vision_ws/rm_shaobing_vision/install/buff_interfaces/lib/libbuff_interfaces__rosidl_generator_c.so
[1.553s] -- Up-to-date: /home/rosnoetic/vision_ws/rm_shaobing_vision/install/buff_interfaces/include/buff_interfaces/buff_interfaces
[1.554s] -- Up-to-date: /home/rosnoetic/vision_ws/rm_shaobing_vision/install/buff_interfaces/include/buff_interfaces/buff_interfaces/msg
[1.554s] -- Up-to-date: /home/rosnoetic/vision_ws/rm_shaobing_vision/install/buff_interfaces/include/buff_interfaces/buff_interfaces/msg/rosidl_typesupport_fastrtps_c__visibility_control.h
[1.554s] -- Up-to-date: /home/rosnoetic/vision_ws/rm_shaobing_vision/install/buff_interfaces/include/buff_interfaces/buff_interfaces/msg/detail
[1.554s] -- Up-to-date: /home/rosnoetic/vision_ws/rm_shaobing_vision/install/buff_interfaces/include/buff_interfaces/buff_interfaces/msg/detail/rune_info__rosidl_typesupport_fastrtps_c.h
[1.554s] -- Up-to-date: /home/rosnoetic/vision_ws/rm_shaobing_vision/install/buff_interfaces/include/buff_interfaces/buff_interfaces/msg/detail/time_info__rosidl_typesupport_fastrtps_c.h
[1.554s] -- Up-to-date: /home/rosnoetic/vision_ws/rm_shaobing_vision/install/buff_interfaces/include/buff_interfaces/buff_interfaces/msg/detail/rune__rosidl_typesupport_fastrtps_c.h
[1.554s] -- Up-to-date: /home/rosnoetic/vision_ws/rm_shaobing_vision/install/buff_interfaces/include/buff_interfaces/buff_interfaces/msg/detail/debug_blade__rosidl_typesupport_fastrtps_c.h
[1.555s] -- Up-to-date: /home/rosnoetic/vision_ws/rm_shaobing_vision/install/buff_interfaces/include/buff_interfaces/buff_interfaces/msg/detail/blade_array__rosidl_typesupport_fastrtps_c.h
[1.555s] -- Up-to-date: /home/rosnoetic/vision_ws/rm_shaobing_vision/install/buff_interfaces/include/buff_interfaces/buff_interfaces/msg/detail/blade__rosidl_typesupport_fastrtps_c.h
[1.555s] -- Up-to-date: /home/rosnoetic/vision_ws/rm_shaobing_vision/install/buff_interfaces/include/buff_interfaces/buff_interfaces/msg/detail/debug_blade_array__rosidl_typesupport_fastrtps_c.h
[1.556s] -- Up-to-date: /home/rosnoetic/vision_ws/rm_shaobing_vision/install/buff_interfaces/lib/libbuff_interfaces__rosidl_typesupport_fastrtps_c.so
[1.556s] -- Up-to-date: /home/rosnoetic/vision_ws/rm_shaobing_vision/install/buff_interfaces/include/buff_interfaces/buff_interfaces
[1.556s] -- Up-to-date: /home/rosnoetic/vision_ws/rm_shaobing_vision/install/buff_interfaces/include/buff_interfaces/buff_interfaces/msg
[1.556s] -- Up-to-date: /home/rosnoetic/vision_ws/rm_shaobing_vision/install/buff_interfaces/include/buff_interfaces/buff_interfaces/msg/rosidl_typesupport_introspection_c__visibility_control.h
[1.556s] -- Up-to-date: /home/rosnoetic/vision_ws/rm_shaobing_vision/install/buff_interfaces/include/buff_interfaces/buff_interfaces/msg/detail
[1.556s] -- Up-to-date: /home/rosnoetic/vision_ws/rm_shaobing_vision/install/buff_interfaces/include/buff_interfaces/buff_interfaces/msg/detail/time_info__type_support.c
[1.556s] -- Up-to-date: /home/rosnoetic/vision_ws/rm_shaobing_vision/install/buff_interfaces/include/buff_interfaces/buff_interfaces/msg/detail/rune__type_support.c
[1.557s] -- Up-to-date: /home/rosnoetic/vision_ws/rm_shaobing_vision/install/buff_interfaces/include/buff_interfaces/buff_interfaces/msg/detail/rune__rosidl_typesupport_introspection_c.h
[1.557s] -- Up-to-date: /home/rosnoetic/vision_ws/rm_shaobing_vision/install/buff_interfaces/include/buff_interfaces/buff_interfaces/msg/detail/debug_blade_array__rosidl_typesupport_introspection_c.h
[1.557s] -- Up-to-date: /home/rosnoetic/vision_ws/rm_shaobing_vision/install/buff_interfaces/include/buff_interfaces/buff_interfaces/msg/detail/blade_array__rosidl_typesupport_introspection_c.h
[1.557s] -- Up-to-date: /home/rosnoetic/vision_ws/rm_shaobing_vision/install/buff_interfaces/include/buff_interfaces/buff_interfaces/msg/detail/blade_array__type_support.c
[1.557s] -- Up-to-date: /home/rosnoetic/vision_ws/rm_shaobing_vision/install/buff_interfaces/include/buff_interfaces/buff_interfaces/msg/detail/blade__rosidl_typesupport_introspection_c.h
[1.557s] -- Up-to-date: /home/rosnoetic/vision_ws/rm_shaobing_vision/install/buff_interfaces/include/buff_interfaces/buff_interfaces/msg/detail/rune_info__rosidl_typesupport_introspection_c.h
[1.557s] -- Up-to-date: /home/rosnoetic/vision_ws/rm_shaobing_vision/install/buff_interfaces/include/buff_interfaces/buff_interfaces/msg/detail/debug_blade_array__type_support.c
[1.557s] -- Up-to-date: /home/rosnoetic/vision_ws/rm_shaobing_vision/install/buff_interfaces/include/buff_interfaces/buff_interfaces/msg/detail/rune_info__type_support.c
[1.557s] -- Up-to-date: /home/rosnoetic/vision_ws/rm_shaobing_vision/install/buff_interfaces/include/buff_interfaces/buff_interfaces/msg/detail/time_info__rosidl_typesupport_introspection_c.h
[1.557s] -- Up-to-date: /home/rosnoetic/vision_ws/rm_shaobing_vision/install/buff_interfaces/include/buff_interfaces/buff_interfaces/msg/detail/debug_blade__type_support.c
[1.558s] -- Up-to-date: /home/rosnoetic/vision_ws/rm_shaobing_vision/install/buff_interfaces/include/buff_interfaces/buff_interfaces/msg/detail/blade__type_support.c
[1.558s] -- Up-to-date: /home/rosnoetic/vision_ws/rm_shaobing_vision/install/buff_interfaces/include/buff_interfaces/buff_interfaces/msg/detail/debug_blade__rosidl_typesupport_introspection_c.h
[1.558s] -- Up-to-date: /home/rosnoetic/vision_ws/rm_shaobing_vision/install/buff_interfaces/lib/libbuff_interfaces__rosidl_typesupport_introspection_c.so
[1.558s] -- Up-to-date: /home/rosnoetic/vision_ws/rm_shaobing_vision/install/buff_interfaces/lib/libbuff_interfaces__rosidl_typesupport_c.so
[1.558s] -- Up-to-date: /home/rosnoetic/vision_ws/rm_shaobing_vision/install/buff_interfaces/include/buff_interfaces/buff_interfaces
[1.558s] -- Up-to-date: /home/rosnoetic/vision_ws/rm_shaobing_vision/install/buff_interfaces/include/buff_interfaces/buff_interfaces/msg
[1.558s] -- Up-to-date: /home/rosnoetic/vision_ws/rm_shaobing_vision/install/buff_interfaces/include/buff_interfaces/buff_interfaces/msg/debug_blade_array.hpp
[1.558s] -- Up-to-date: /home/rosnoetic/vision_ws/rm_shaobing_vision/install/buff_interfaces/include/buff_interfaces/buff_interfaces/msg/blade.hpp
[1.559s] -- Up-to-date: /home/rosnoetic/vision_ws/rm_shaobing_vision/install/buff_interfaces/include/buff_interfaces/buff_interfaces/msg/debug_blade.hpp
[1.559s] -- Up-to-date: /home/rosnoetic/vision_ws/rm_shaobing_vision/install/buff_interfaces/include/buff_interfaces/buff_interfaces/msg/rune.hpp
[1.559s] -- Up-to-date: /home/rosnoetic/vision_ws/rm_shaobing_vision/install/buff_interfaces/include/buff_interfaces/buff_interfaces/msg/blade_array.hpp
[1.559s] -- Up-to-date: /home/rosnoetic/vision_ws/rm_shaobing_vision/install/buff_interfaces/include/buff_interfaces/buff_interfaces/msg/rune_info.hpp
[1.559s] -- Up-to-date: /home/rosnoetic/vision_ws/rm_shaobing_vision/install/buff_interfaces/include/buff_interfaces/buff_interfaces/msg/time_info.hpp
[1.559s] -- Up-to-date: /home/rosnoetic/vision_ws/rm_shaobing_vision/install/buff_interfaces/include/buff_interfaces/buff_interfaces/msg/detail
[1.559s] -- Up-to-date: /home/rosnoetic/vision_ws/rm_shaobing_vision/install/buff_interfaces/include/buff_interfaces/buff_interfaces/msg/detail/blade_array__traits.hpp
[1.559s] -- Up-to-date: /home/rosnoetic/vision_ws/rm_shaobing_vision/install/buff_interfaces/include/buff_interfaces/buff_interfaces/msg/detail/time_info__struct.hpp
[1.559s] -- Up-to-date: /home/rosnoetic/vision_ws/rm_shaobing_vision/install/buff_interfaces/include/buff_interfaces/buff_interfaces/msg/detail/debug_blade_array__struct.hpp
[1.559s] -- Up-to-date: /home/rosnoetic/vision_ws/rm_shaobing_vision/install/buff_interfaces/include/buff_interfaces/buff_interfaces/msg/detail/debug_blade_array__builder.hpp
[1.559s] -- Up-to-date: /home/rosnoetic/vision_ws/rm_shaobing_vision/install/buff_interfaces/include/buff_interfaces/buff_interfaces/msg/detail/debug_blade__traits.hpp
[1.560s] -- Up-to-date: /home/rosnoetic/vision_ws/rm_shaobing_vision/install/buff_interfaces/include/buff_interfaces/buff_interfaces/msg/detail/debug_blade_array__traits.hpp
[1.560s] -- Up-to-date: /home/rosnoetic/vision_ws/rm_shaobing_vision/install/buff_interfaces/include/buff_interfaces/buff_interfaces/msg/detail/blade__builder.hpp
[1.560s] -- Up-to-date: /home/rosnoetic/vision_ws/rm_shaobing_vision/install/buff_interfaces/include/buff_interfaces/buff_interfaces/msg/detail/blade_array__struct.hpp
[1.560s] -- Up-to-date: /home/rosnoetic/vision_ws/rm_shaobing_vision/install/buff_interfaces/include/buff_interfaces/buff_interfaces/msg/detail/debug_blade__struct.hpp
[1.560s] -- Up-to-date: /home/rosnoetic/vision_ws/rm_shaobing_vision/install/buff_interfaces/include/buff_interfaces/buff_interfaces/msg/detail/blade__struct.hpp
[1.560s] -- Up-to-date: /home/rosnoetic/vision_ws/rm_shaobing_vision/install/buff_interfaces/include/buff_interfaces/buff_interfaces/msg/detail/blade_array__builder.hpp
[1.560s] -- Up-to-date: /home/rosnoetic/vision_ws/rm_shaobing_vision/install/buff_interfaces/include/buff_interfaces/buff_interfaces/msg/detail/rune__struct.hpp
[1.560s] -- Up-to-date: /home/rosnoetic/vision_ws/rm_shaobing_vision/install/buff_interfaces/include/buff_interfaces/buff_interfaces/msg/detail/time_info__builder.hpp
[1.560s] -- Up-to-date: /home/rosnoetic/vision_ws/rm_shaobing_vision/install/buff_interfaces/include/buff_interfaces/buff_interfaces/msg/detail/rune_info__builder.hpp
[1.560s] -- Up-to-date: /home/rosnoetic/vision_ws/rm_shaobing_vision/install/buff_interfaces/include/buff_interfaces/buff_interfaces/msg/detail/rune_info__struct.hpp
[1.560s] -- Up-to-date: /home/rosnoetic/vision_ws/rm_shaobing_vision/install/buff_interfaces/include/buff_interfaces/buff_interfaces/msg/detail/blade__traits.hpp
[1.560s] -- Up-to-date: /home/rosnoetic/vision_ws/rm_shaobing_vision/install/buff_interfaces/include/buff_interfaces/buff_interfaces/msg/detail/rune__builder.hpp
[1.561s] -- Up-to-date: /home/rosnoetic/vision_ws/rm_shaobing_vision/install/buff_interfaces/include/buff_interfaces/buff_interfaces/msg/detail/rune_info__traits.hpp
[1.561s] -- Up-to-date: /home/rosnoetic/vision_ws/rm_shaobing_vision/install/buff_interfaces/include/buff_interfaces/buff_interfaces/msg/detail/rune__traits.hpp
[1.561s] -- Up-to-date: /home/rosnoetic/vision_ws/rm_shaobing_vision/install/buff_interfaces/include/buff_interfaces/buff_interfaces/msg/detail/debug_blade__builder.hpp
[1.561s] -- Up-to-date: /home/rosnoetic/vision_ws/rm_shaobing_vision/install/buff_interfaces/include/buff_interfaces/buff_interfaces/msg/detail/time_info__traits.hpp
[1.561s] -- Up-to-date: /home/rosnoetic/vision_ws/rm_shaobing_vision/install/buff_interfaces/include/buff_interfaces/buff_interfaces
[1.561s] -- Up-to-date: /home/rosnoetic/vision_ws/rm_shaobing_vision/install/buff_interfaces/include/buff_interfaces/buff_interfaces/msg
[1.561s] -- Up-to-date: /home/rosnoetic/vision_ws/rm_shaobing_vision/install/buff_interfaces/include/buff_interfaces/buff_interfaces/msg/rosidl_typesupport_fastrtps_cpp__visibility_control.h
[1.561s] -- Up-to-date: /home/rosnoetic/vision_ws/rm_shaobing_vision/install/buff_interfaces/include/buff_interfaces/buff_interfaces/msg/detail
[1.561s] -- Up-to-date: /home/rosnoetic/vision_ws/rm_shaobing_vision/install/buff_interfaces/include/buff_interfaces/buff_interfaces/msg/detail/rune__rosidl_typesupport_fastrtps_cpp.hpp
[1.561s] -- Up-to-date: /home/rosnoetic/vision_ws/rm_shaobing_vision/install/buff_interfaces/include/buff_interfaces/buff_interfaces/msg/detail/time_info__rosidl_typesupport_fastrtps_cpp.hpp
[1.561s] -- Up-to-date: /home/rosnoetic/vision_ws/rm_shaobing_vision/install/buff_interfaces/include/buff_interfaces/buff_interfaces/msg/detail/blade_array__rosidl_typesupport_fastrtps_cpp.hpp
[1.561s] -- Up-to-date: /home/rosnoetic/vision_ws/rm_shaobing_vision/install/buff_interfaces/include/buff_interfaces/buff_interfaces/msg/detail/debug_blade__rosidl_typesupport_fastrtps_cpp.hpp
[1.562s] -- Up-to-date: /home/rosnoetic/vision_ws/rm_shaobing_vision/install/buff_interfaces/include/buff_interfaces/buff_interfaces/msg/detail/dds_fastrtps
[1.562s] -- Up-to-date: /home/rosnoetic/vision_ws/rm_shaobing_vision/install/buff_interfaces/include/buff_interfaces/buff_interfaces/msg/detail/rune_info__rosidl_typesupport_fastrtps_cpp.hpp
[1.562s] -- Up-to-date: /home/rosnoetic/vision_ws/rm_shaobing_vision/install/buff_interfaces/include/buff_interfaces/buff_interfaces/msg/detail/debug_blade_array__rosidl_typesupport_fastrtps_cpp.hpp
[1.562s] -- Up-to-date: /home/rosnoetic/vision_ws/rm_shaobing_vision/install/buff_interfaces/include/buff_interfaces/buff_interfaces/msg/detail/blade__rosidl_typesupport_fastrtps_cpp.hpp
[1.562s] -- Up-to-date: /home/rosnoetic/vision_ws/rm_shaobing_vision/install/buff_interfaces/lib/libbuff_interfaces__rosidl_typesupport_fastrtps_cpp.so
[1.562s] -- Up-to-date: /home/rosnoetic/vision_ws/rm_shaobing_vision/install/buff_interfaces/include/buff_interfaces/buff_interfaces
[1.562s] -- Up-to-date: /home/rosnoetic/vision_ws/rm_shaobing_vision/install/buff_interfaces/include/buff_interfaces/buff_interfaces/msg
[1.562s] -- Up-to-date: /home/rosnoetic/vision_ws/rm_shaobing_vision/install/buff_interfaces/include/buff_interfaces/buff_interfaces/msg/detail
[1.562s] -- Up-to-date: /home/rosnoetic/vision_ws/rm_shaobing_vision/install/buff_interfaces/include/buff_interfaces/buff_interfaces/msg/detail/debug_blade_array__rosidl_typesupport_introspection_cpp.hpp
[1.562s] -- Up-to-date: /home/rosnoetic/vision_ws/rm_shaobing_vision/install/buff_interfaces/include/buff_interfaces/buff_interfaces/msg/detail/rune__type_support.cpp
[1.563s] -- Up-to-date: /home/rosnoetic/vision_ws/rm_shaobing_vision/install/buff_interfaces/include/buff_interfaces/buff_interfaces/msg/detail/debug_blade__rosidl_typesupport_introspection_cpp.hpp
[1.563s] -- Up-to-date: /home/rosnoetic/vision_ws/rm_shaobing_vision/install/buff_interfaces/include/buff_interfaces/buff_interfaces/msg/detail/blade__rosidl_typesupport_introspection_cpp.hpp
[1.563s] -- Up-to-date: /home/rosnoetic/vision_ws/rm_shaobing_vision/install/buff_interfaces/include/buff_interfaces/buff_interfaces/msg/detail/blade_array__rosidl_typesupport_introspection_cpp.hpp
[1.563s] -- Up-to-date: /home/rosnoetic/vision_ws/rm_shaobing_vision/install/buff_interfaces/include/buff_interfaces/buff_interfaces/msg/detail/debug_blade__type_support.cpp
[1.563s] -- Up-to-date: /home/rosnoetic/vision_ws/rm_shaobing_vision/install/buff_interfaces/include/buff_interfaces/buff_interfaces/msg/detail/rune_info__rosidl_typesupport_introspection_cpp.hpp
[1.563s] -- Up-to-date: /home/rosnoetic/vision_ws/rm_shaobing_vision/install/buff_interfaces/include/buff_interfaces/buff_interfaces/msg/detail/blade__type_support.cpp
[1.563s] -- Up-to-date: /home/rosnoetic/vision_ws/rm_shaobing_vision/install/buff_interfaces/include/buff_interfaces/buff_interfaces/msg/detail/blade_array__type_support.cpp
[1.563s] -- Up-to-date: /home/rosnoetic/vision_ws/rm_shaobing_vision/install/buff_interfaces/include/buff_interfaces/buff_interfaces/msg/detail/rune__rosidl_typesupport_introspection_cpp.hpp
[1.563s] -- Up-to-date: /home/rosnoetic/vision_ws/rm_shaobing_vision/install/buff_interfaces/include/buff_interfaces/buff_interfaces/msg/detail/time_info__rosidl_typesupport_introspection_cpp.hpp
[1.563s] -- Up-to-date: /home/rosnoetic/vision_ws/rm_shaobing_vision/install/buff_interfaces/include/buff_interfaces/buff_interfaces/msg/detail/debug_blade_array__type_support.cpp
[1.563s] -- Up-to-date: /home/rosnoetic/vision_ws/rm_shaobing_vision/install/buff_interfaces/include/buff_interfaces/buff_interfaces/msg/detail/rune_info__type_support.cpp
[1.564s] -- Up-to-date: /home/rosnoetic/vision_ws/rm_shaobing_vision/install/buff_interfaces/include/buff_interfaces/buff_interfaces/msg/detail/time_info__type_support.cpp
[1.564s] -- Up-to-date: /home/rosnoetic/vision_ws/rm_shaobing_vision/install/buff_interfaces/lib/libbuff_interfaces__rosidl_typesupport_introspection_cpp.so
[1.564s] -- Up-to-date: /home/rosnoetic/vision_ws/rm_shaobing_vision/install/buff_interfaces/lib/libbuff_interfaces__rosidl_typesupport_cpp.so
[1.564s] -- Up-to-date: /home/rosnoetic/vision_ws/rm_shaobing_vision/install/buff_interfaces/share/buff_interfaces/environment/pythonpath.sh
[1.564s] -- Up-to-date: /home/rosnoetic/vision_ws/rm_shaobing_vision/install/buff_interfaces/share/buff_interfaces/environment/pythonpath.dsv
[1.564s] -- Up-to-date: /home/rosnoetic/vision_ws/rm_shaobing_vision/install/buff_interfaces/local/lib/python3.10/dist-packages/buff_interfaces-1.0.0-py3.10.egg-info
[1.564s] -- Installing: /home/rosnoetic/vision_ws/rm_shaobing_vision/install/buff_interfaces/local/lib/python3.10/dist-packages/buff_interfaces-1.0.0-py3.10.egg-info/top_level.txt
[1.564s] -- Installing: /home/rosnoetic/vision_ws/rm_shaobing_vision/install/buff_interfaces/local/lib/python3.10/dist-packages/buff_interfaces-1.0.0-py3.10.egg-info/dependency_links.txt
[1.564s] -- Installing: /home/rosnoetic/vision_ws/rm_shaobing_vision/install/buff_interfaces/local/lib/python3.10/dist-packages/buff_interfaces-1.0.0-py3.10.egg-info/PKG-INFO
[1.564s] -- Installing: /home/rosnoetic/vision_ws/rm_shaobing_vision/install/buff_interfaces/local/lib/python3.10/dist-packages/buff_interfaces-1.0.0-py3.10.egg-info/SOURCES.txt
[1.564s] -- Up-to-date: /home/rosnoetic/vision_ws/rm_shaobing_vision/install/buff_interfaces/local/lib/python3.10/dist-packages/buff_interfaces
[1.565s] -- Up-to-date: /home/rosnoetic/vision_ws/rm_shaobing_vision/install/buff_interfaces/local/lib/python3.10/dist-packages/buff_interfaces/__init__.py
[1.565s] -- Up-to-date: /home/rosnoetic/vision_ws/rm_shaobing_vision/install/buff_interfaces/local/lib/python3.10/dist-packages/buff_interfaces/buff_interfaces_s__rosidl_typesupport_introspection_c.cpython-310-x86_64-linux-gnu.so
[1.565s] -- Up-to-date: /home/rosnoetic/vision_ws/rm_shaobing_vision/install/buff_interfaces/local/lib/python3.10/dist-packages/buff_interfaces/msg
[1.565s] -- Up-to-date: /home/rosnoetic/vision_ws/rm_shaobing_vision/install/buff_interfaces/local/lib/python3.10/dist-packages/buff_interfaces/msg/_rune.py
[1.565s] -- Up-to-date: /home/rosnoetic/vision_ws/rm_shaobing_vision/install/buff_interfaces/local/lib/python3.10/dist-packages/buff_interfaces/msg/_rune_s.c
[1.565s] -- Up-to-date: /home/rosnoetic/vision_ws/rm_shaobing_vision/install/buff_interfaces/local/lib/python3.10/dist-packages/buff_interfaces/msg/_debug_blade.py
[1.565s] -- Up-to-date: /home/rosnoetic/vision_ws/rm_shaobing_vision/install/buff_interfaces/local/lib/python3.10/dist-packages/buff_interfaces/msg/__init__.py
[1.565s] -- Up-to-date: /home/rosnoetic/vision_ws/rm_shaobing_vision/install/buff_interfaces/local/lib/python3.10/dist-packages/buff_interfaces/msg/_blade.py
[1.565s] -- Up-to-date: /home/rosnoetic/vision_ws/rm_shaobing_vision/install/buff_interfaces/local/lib/python3.10/dist-packages/buff_interfaces/msg/_blade_array.py
[1.565s] -- Up-to-date: /home/rosnoetic/vision_ws/rm_shaobing_vision/install/buff_interfaces/local/lib/python3.10/dist-packages/buff_interfaces/msg/_debug_blade_s.c
[1.565s] -- Up-to-date: /home/rosnoetic/vision_ws/rm_shaobing_vision/install/buff_interfaces/local/lib/python3.10/dist-packages/buff_interfaces/msg/_time_info_s.c
[1.566s] -- Up-to-date: /home/rosnoetic/vision_ws/rm_shaobing_vision/install/buff_interfaces/local/lib/python3.10/dist-packages/buff_interfaces/msg/_blade_s.c
[1.566s] -- Up-to-date: /home/rosnoetic/vision_ws/rm_shaobing_vision/install/buff_interfaces/local/lib/python3.10/dist-packages/buff_interfaces/msg/_debug_blade_array.py
[1.566s] -- Up-to-date: /home/rosnoetic/vision_ws/rm_shaobing_vision/install/buff_interfaces/local/lib/python3.10/dist-packages/buff_interfaces/msg/_time_info.py
[1.566s] -- Up-to-date: /home/rosnoetic/vision_ws/rm_shaobing_vision/install/buff_interfaces/local/lib/python3.10/dist-packages/buff_interfaces/msg/_rune_info.py
[1.566s] -- Up-to-date: /home/rosnoetic/vision_ws/rm_shaobing_vision/install/buff_interfaces/local/lib/python3.10/dist-packages/buff_interfaces/msg/_rune_info_s.c
[1.566s] -- Up-to-date: /home/rosnoetic/vision_ws/rm_shaobing_vision/install/buff_interfaces/local/lib/python3.10/dist-packages/buff_interfaces/msg/_debug_blade_array_s.c
[1.566s] -- Up-to-date: /home/rosnoetic/vision_ws/rm_shaobing_vision/install/buff_interfaces/local/lib/python3.10/dist-packages/buff_interfaces/msg/_blade_array_s.c
[1.566s] -- Up-to-date: /home/rosnoetic/vision_ws/rm_shaobing_vision/install/buff_interfaces/local/lib/python3.10/dist-packages/buff_interfaces/libbuff_interfaces__rosidl_generator_py.so
[1.566s] -- Up-to-date: /home/rosnoetic/vision_ws/rm_shaobing_vision/install/buff_interfaces/local/lib/python3.10/dist-packages/buff_interfaces/buff_interfaces_s__rosidl_typesupport_c.cpython-310-x86_64-linux-gnu.so
[1.566s] -- Up-to-date: /home/rosnoetic/vision_ws/rm_shaobing_vision/install/buff_interfaces/local/lib/python3.10/dist-packages/buff_interfaces/_buff_interfaces_s.ep.rosidl_typesupport_c.c
[1.566s] -- Up-to-date: /home/rosnoetic/vision_ws/rm_shaobing_vision/install/buff_interfaces/local/lib/python3.10/dist-packages/buff_interfaces/_buff_interfaces_s.ep.rosidl_typesupport_introspection_c.c
[1.567s] -- Up-to-date: /home/rosnoetic/vision_ws/rm_shaobing_vision/install/buff_interfaces/local/lib/python3.10/dist-packages/buff_interfaces/buff_interfaces_s__rosidl_typesupport_fastrtps_c.cpython-310-x86_64-linux-gnu.so
[1.567s] -- Up-to-date: /home/rosnoetic/vision_ws/rm_shaobing_vision/install/buff_interfaces/local/lib/python3.10/dist-packages/buff_interfaces/_buff_interfaces_s.ep.rosidl_typesupport_fastrtps_c.c
[1.606s] Listing '/home/rosnoetic/vision_ws/rm_shaobing_vision/install/buff_interfaces/local/lib/python3.10/dist-packages/buff_interfaces'...
[1.607s] Listing '/home/rosnoetic/vision_ws/rm_shaobing_vision/install/buff_interfaces/local/lib/python3.10/dist-packages/buff_interfaces/msg'...
[1.613s] -- Up-to-date: /home/rosnoetic/vision_ws/rm_shaobing_vision/install/buff_interfaces/local/lib/python3.10/dist-packages/buff_interfaces/buff_interfaces_s__rosidl_typesupport_fastrtps_c.cpython-310-x86_64-linux-gnu.so
[1.614s] -- Up-to-date: /home/rosnoetic/vision_ws/rm_shaobing_vision/install/buff_interfaces/local/lib/python3.10/dist-packages/buff_interfaces/buff_interfaces_s__rosidl_typesupport_introspection_c.cpython-310-x86_64-linux-gnu.so
[1.614s] -- Up-to-date: /home/rosnoetic/vision_ws/rm_shaobing_vision/install/buff_interfaces/local/lib/python3.10/dist-packages/buff_interfaces/buff_interfaces_s__rosidl_typesupport_c.cpython-310-x86_64-linux-gnu.so
[1.614s] -- Up-to-date: /home/rosnoetic/vision_ws/rm_shaobing_vision/install/buff_interfaces/lib/libbuff_interfaces__rosidl_generator_py.so
[1.616s] -- Up-to-date: /home/rosnoetic/vision_ws/rm_shaobing_vision/install/buff_interfaces/share/buff_interfaces/msg/Blade.idl
[1.616s] -- Up-to-date: /home/rosnoetic/vision_ws/rm_shaobing_vision/install/buff_interfaces/share/buff_interfaces/msg/BladeArray.idl
[1.616s] -- Up-to-date: /home/rosnoetic/vision_ws/rm_shaobing_vision/install/buff_interfaces/share/buff_interfaces/msg/DebugBlade.idl
[1.616s] -- Up-to-date: /home/rosnoetic/vision_ws/rm_shaobing_vision/install/buff_interfaces/share/buff_interfaces/msg/DebugBladeArray.idl
[1.616s] -- Up-to-date: /home/rosnoetic/vision_ws/rm_shaobing_vision/install/buff_interfaces/share/buff_interfaces/msg/Rune.idl
[1.617s] -- Up-to-date: /home/rosnoetic/vision_ws/rm_shaobing_vision/install/buff_interfaces/share/buff_interfaces/msg/RuneInfo.idl
[1.617s] -- Up-to-date: /home/rosnoetic/vision_ws/rm_shaobing_vision/install/buff_interfaces/share/buff_interfaces/msg/TimeInfo.idl
[1.617s] -- Up-to-date: /home/rosnoetic/vision_ws/rm_shaobing_vision/install/buff_interfaces/share/buff_interfaces/msg/Blade.msg
[1.617s] -- Up-to-date: /home/rosnoetic/vision_ws/rm_shaobing_vision/install/buff_interfaces/share/buff_interfaces/msg/BladeArray.msg
[1.618s] -- Up-to-date: /home/rosnoetic/vision_ws/rm_shaobing_vision/install/buff_interfaces/share/buff_interfaces/msg/DebugBlade.msg
[1.618s] -- Up-to-date: /home/rosnoetic/vision_ws/rm_shaobing_vision/install/buff_interfaces/share/buff_interfaces/msg/DebugBladeArray.msg
[1.618s] -- Up-to-date: /home/rosnoetic/vision_ws/rm_shaobing_vision/install/buff_interfaces/share/buff_interfaces/msg/Rune.msg
[1.618s] -- Up-to-date: /home/rosnoetic/vision_ws/rm_shaobing_vision/install/buff_interfaces/share/buff_interfaces/msg/RuneInfo.msg
[1.619s] -- Up-to-date: /home/rosnoetic/vision_ws/rm_shaobing_vision/install/buff_interfaces/share/buff_interfaces/msg/TimeInfo.msg
[1.619s] -- Up-to-date: /home/rosnoetic/vision_ws/rm_shaobing_vision/install/buff_interfaces/share/ament_index/resource_index/package_run_dependencies/buff_interfaces
[1.619s] -- Up-to-date: /home/rosnoetic/vision_ws/rm_shaobing_vision/install/buff_interfaces/share/ament_index/resource_index/parent_prefix_path/buff_interfaces
[1.619s] -- Up-to-date: /home/rosnoetic/vision_ws/rm_shaobing_vision/install/buff_interfaces/share/buff_interfaces/environment/ament_prefix_path.dsv
[1.619s] -- Up-to-date: /home/rosnoetic/vision_ws/rm_shaobing_vision/install/buff_interfaces/share/buff_interfaces/environment/path.dsv
[1.619s] -- Up-to-date: /home/rosnoetic/vision_ws/rm_shaobing_vision/install/buff_interfaces/share/buff_interfaces/local_setup.bash
[1.620s] -- Up-to-date: /home/rosnoetic/vision_ws/rm_shaobing_vision/install/buff_interfaces/share/buff_interfaces/local_setup.sh
[1.620s] -- Up-to-date: /home/rosnoetic/vision_ws/rm_shaobing_vision/install/buff_interfaces/share/buff_interfaces/local_setup.zsh
[1.620s] -- Up-to-date: /home/rosnoetic/vision_ws/rm_shaobing_vision/install/buff_interfaces/share/buff_interfaces/local_setup.dsv
[1.620s] -- Installing: /home/rosnoetic/vision_ws/rm_shaobing_vision/install/buff_interfaces/share/buff_interfaces/package.dsv
[1.620s] -- Up-to-date: /home/rosnoetic/vision_ws/rm_shaobing_vision/install/buff_interfaces/share/ament_index/resource_index/packages/buff_interfaces
[1.620s] -- Up-to-date: /home/rosnoetic/vision_ws/rm_shaobing_vision/install/buff_interfaces/share/buff_interfaces/cmake/export_buff_interfaces__rosidl_generator_cExport.cmake
[1.620s] -- Up-to-date: /home/rosnoetic/vision_ws/rm_shaobing_vision/install/buff_interfaces/share/buff_interfaces/cmake/export_buff_interfaces__rosidl_generator_cExport-noconfig.cmake
[1.620s] -- Up-to-date: /home/rosnoetic/vision_ws/rm_shaobing_vision/install/buff_interfaces/share/buff_interfaces/cmake/export_buff_interfaces__rosidl_typesupport_fastrtps_cExport.cmake
[1.620s] -- Up-to-date: /home/rosnoetic/vision_ws/rm_shaobing_vision/install/buff_interfaces/share/buff_interfaces/cmake/export_buff_interfaces__rosidl_typesupport_fastrtps_cExport-noconfig.cmake
[1.620s] -- Up-to-date: /home/rosnoetic/vision_ws/rm_shaobing_vision/install/buff_interfaces/share/buff_interfaces/cmake/buff_interfaces__rosidl_typesupport_introspection_cExport.cmake
[1.620s] -- Up-to-date: /home/rosnoetic/vision_ws/rm_shaobing_vision/install/buff_interfaces/share/buff_interfaces/cmake/buff_interfaces__rosidl_typesupport_introspection_cExport-noconfig.cmake
[1.620s] -- Up-to-date: /home/rosnoetic/vision_ws/rm_shaobing_vision/install/buff_interfaces/share/buff_interfaces/cmake/buff_interfaces__rosidl_typesupport_cExport.cmake
[1.621s] -- Up-to-date: /home/rosnoetic/vision_ws/rm_shaobing_vision/install/buff_interfaces/share/buff_interfaces/cmake/buff_interfaces__rosidl_typesupport_cExport-noconfig.cmake
[1.621s] -- Up-to-date: /home/rosnoetic/vision_ws/rm_shaobing_vision/install/buff_interfaces/share/buff_interfaces/cmake/export_buff_interfaces__rosidl_generator_cppExport.cmake
[1.622s] -- Up-to-date: /home/rosnoetic/vision_ws/rm_shaobing_vision/install/buff_interfaces/share/buff_interfaces/cmake/export_buff_interfaces__rosidl_typesupport_fastrtps_cppExport.cmake
[1.622s] -- Up-to-date: /home/rosnoetic/vision_ws/rm_shaobing_vision/install/buff_interfaces/share/buff_interfaces/cmake/export_buff_interfaces__rosidl_typesupport_fastrtps_cppExport-noconfig.cmake
[1.622s] -- Up-to-date: /home/rosnoetic/vision_ws/rm_shaobing_vision/install/buff_interfaces/share/buff_interfaces/cmake/buff_interfaces__rosidl_typesupport_introspection_cppExport.cmake
[1.623s] -- Up-to-date: /home/rosnoetic/vision_ws/rm_shaobing_vision/install/buff_interfaces/share/buff_interfaces/cmake/buff_interfaces__rosidl_typesupport_introspection_cppExport-noconfig.cmake
[1.624s] -- Up-to-date: /home/rosnoetic/vision_ws/rm_shaobing_vision/install/buff_interfaces/share/buff_interfaces/cmake/buff_interfaces__rosidl_typesupport_cppExport.cmake
[1.624s] -- Up-to-date: /home/rosnoetic/vision_ws/rm_shaobing_vision/install/buff_interfaces/share/buff_interfaces/cmake/buff_interfaces__rosidl_typesupport_cppExport-noconfig.cmake
[1.624s] -- Up-to-date: /home/rosnoetic/vision_ws/rm_shaobing_vision/install/buff_interfaces/share/buff_interfaces/cmake/export_buff_interfaces__rosidl_generator_pyExport.cmake
[1.624s] -- Up-to-date: /home/rosnoetic/vision_ws/rm_shaobing_vision/install/buff_interfaces/share/buff_interfaces/cmake/export_buff_interfaces__rosidl_generator_pyExport-noconfig.cmake
[1.624s] -- Up-to-date: /home/rosnoetic/vision_ws/rm_shaobing_vision/install/buff_interfaces/share/buff_interfaces/cmake/rosidl_cmake-extras.cmake
[1.624s] -- Up-to-date: /home/rosnoetic/vision_ws/rm_shaobing_vision/install/buff_interfaces/share/buff_interfaces/cmake/ament_cmake_export_dependencies-extras.cmake
[1.625s] -- Up-to-date: /home/rosnoetic/vision_ws/rm_shaobing_vision/install/buff_interfaces/share/buff_interfaces/cmake/ament_cmake_export_include_directories-extras.cmake
[1.626s] -- Up-to-date: /home/rosnoetic/vision_ws/rm_shaobing_vision/install/buff_interfaces/share/buff_interfaces/cmake/ament_cmake_export_libraries-extras.cmake
[1.628s] -- Up-to-date: /home/rosnoetic/vision_ws/rm_shaobing_vision/install/buff_interfaces/share/buff_interfaces/cmake/ament_cmake_export_targets-extras.cmake
[1.628s] -- Up-to-date: /home/rosnoetic/vision_ws/rm_shaobing_vision/install/buff_interfaces/share/buff_interfaces/cmake/rosidl_cmake_export_typesupport_targets-extras.cmake
[1.628s] -- Up-to-date: /home/rosnoetic/vision_ws/rm_shaobing_vision/install/buff_interfaces/share/buff_interfaces/cmake/rosidl_cmake_export_typesupport_libraries-extras.cmake
[1.628s] -- Up-to-date: /home/rosnoetic/vision_ws/rm_shaobing_vision/install/buff_interfaces/share/buff_interfaces/cmake/buff_interfacesConfig.cmake
[1.629s] -- Up-to-date: /home/rosnoetic/vision_ws/rm_shaobing_vision/install/buff_interfaces/share/buff_interfaces/cmake/buff_interfacesConfig-version.cmake
[1.629s] -- Up-to-date: /home/rosnoetic/vision_ws/rm_shaobing_vision/install/buff_interfaces/share/buff_interfaces/package.xml
[1.629s] Invoked command in '/home/rosnoetic/vision_ws/rm_shaobing_vision/build/buff_interfaces' returned '0': CMAKE_PREFIX_PATH=/home/rosnoetic/ros_ws/install/rm_vision_bringup:/home/rosnoetic/ros_ws/install/rm_serial_driver:/home/rosnoetic/ros_ws/install/rm_gimbal_description:/home/rosnoetic/ros_ws/install/hik_camera:/home/rosnoetic/ros_ws/install/armor_tracker:/home/rosnoetic/ros_ws/install/armor_detector:/home/rosnoetic/ros_ws/install/auto_aim_interfaces:/opt/ros/humble /usr/bin/cmake --install /home/rosnoetic/vision_ws/rm_shaobing_vision/build/buff_interfaces
