[0.014s] Invoking command in '/home/nuc/rm_vision_ws/build/hik_camera': CMAKE_PREFIX_PATH=${CMAKE_PREFIX_PATH}:/opt/ros/humble /usr/bin/cmake --build /home/nuc/rm_vision_ws/build/hik_camera -- -j16 -l16
[0.062s] [ 50%] Built target hik_camera
[0.071s] [100%] Built target hik_camera_node
[0.085s] Invoked command in '/home/nuc/rm_vision_ws/build/hik_camera' returned '0': CMAKE_PREFIX_PATH=${CMAKE_PREFIX_PATH}:/opt/ros/humble /usr/bin/cmake --build /home/nuc/rm_vision_ws/build/hik_camera -- -j16 -l16
[0.122s] Invoking command in '/home/nuc/rm_vision_ws/build/hik_camera': CMAKE_PREFIX_PATH=${CMAKE_PREFIX_PATH}:/opt/ros/humble /usr/bin/cmake --install /home/nuc/rm_vision_ws/build/hik_camera
[0.133s] -- Install configuration: ""
[0.133s] -- Execute custom install script
[0.134s] -- Up-to-date symlink: /home/nuc/rm_vision_ws/install/hik_camera/lib/libFormatConversion.so
[0.134s] -- Up-to-date symlink: /home/nuc/rm_vision_ws/install/hik_camera/lib/libMVRender.so
[0.134s] -- Up-to-date symlink: /home/nuc/rm_vision_ws/install/hik_camera/lib/libMediaProcess.so
[0.135s] -- Up-to-date symlink: /home/nuc/rm_vision_ws/install/hik_camera/lib/libMvCameraControl.so
[0.135s] -- Up-to-date symlink: /home/nuc/rm_vision_ws/install/hik_camera/lib/libMvUsb3vTL.so
[0.135s] -- Up-to-date symlink: /home/nuc/rm_vision_ws/install/hik_camera/lib/hik_camera/hik_camera_node
[0.135s] -- Up-to-date symlink: /home/nuc/rm_vision_ws/install/hik_camera/share/hik_camera/environment/library_path.sh
[0.135s] -- Up-to-date symlink: /home/nuc/rm_vision_ws/install/hik_camera/share/hik_camera/environment/library_path.dsv
[0.135s] -- Up-to-date symlink: /home/nuc/rm_vision_ws/install/hik_camera/lib/libhik_camera.so
[0.136s] -- Up-to-date symlink: /home/nuc/rm_vision_ws/install/hik_camera/share/hik_camera/config/camera_info.yaml
[0.136s] -- Up-to-date symlink: /home/nuc/rm_vision_ws/install/hik_camera/share/hik_camera/config/camera_params.yaml
[0.136s] -- Up-to-date symlink: /home/nuc/rm_vision_ws/install/hik_camera/share/hik_camera/launch/hik_camera.launch.py
[0.136s] -- Up-to-date symlink: /home/nuc/rm_vision_ws/install/hik_camera/share/ament_index/resource_index/package_run_dependencies/hik_camera
[0.136s] -- Up-to-date symlink: /home/nuc/rm_vision_ws/install/hik_camera/share/ament_index/resource_index/parent_prefix_path/hik_camera
[0.136s] -- Up-to-date symlink: /home/nuc/rm_vision_ws/install/hik_camera/share/hik_camera/environment/ament_prefix_path.sh
[0.136s] -- Up-to-date symlink: /home/nuc/rm_vision_ws/install/hik_camera/share/hik_camera/environment/ament_prefix_path.dsv
[0.136s] -- Up-to-date symlink: /home/nuc/rm_vision_ws/install/hik_camera/share/hik_camera/environment/path.sh
[0.136s] -- Up-to-date symlink: /home/nuc/rm_vision_ws/install/hik_camera/share/hik_camera/environment/path.dsv
[0.137s] -- Up-to-date symlink: /home/nuc/rm_vision_ws/install/hik_camera/share/hik_camera/local_setup.bash
[0.137s] -- Up-to-date symlink: /home/nuc/rm_vision_ws/install/hik_camera/share/hik_camera/local_setup.sh
[0.137s] -- Up-to-date symlink: /home/nuc/rm_vision_ws/install/hik_camera/share/hik_camera/local_setup.zsh
[0.137s] -- Up-to-date symlink: /home/nuc/rm_vision_ws/install/hik_camera/share/hik_camera/local_setup.dsv
[0.137s] -- Symlinking: /home/nuc/rm_vision_ws/install/hik_camera/share/hik_camera/package.dsv
[0.147s] -- Up-to-date symlink: /home/nuc/rm_vision_ws/install/hik_camera/share/ament_index/resource_index/packages/hik_camera
[0.147s] -- Up-to-date symlink: /home/nuc/rm_vision_ws/install/hik_camera/share/ament_index/resource_index/rclcpp_components/hik_camera
[0.147s] -- Up-to-date symlink: /home/nuc/rm_vision_ws/install/hik_camera/share/hik_camera/cmake/ament_cmake_export_dependencies-extras.cmake
[0.147s] -- Up-to-date symlink: /home/nuc/rm_vision_ws/install/hik_camera/share/hik_camera/cmake/ament_cmake_export_libraries-extras.cmake
[0.148s] -- Up-to-date symlink: /home/nuc/rm_vision_ws/install/hik_camera/share/hik_camera/cmake/hik_cameraConfig.cmake
[0.148s] -- Up-to-date symlink: /home/nuc/rm_vision_ws/install/hik_camera/share/hik_camera/cmake/hik_cameraConfig-version.cmake
[0.148s] -- Up-to-date symlink: /home/nuc/rm_vision_ws/install/hik_camera/share/hik_camera/package.xml
[0.150s] Invoked command in '/home/nuc/rm_vision_ws/build/hik_camera' returned '0': CMAKE_PREFIX_PATH=${CMAKE_PREFIX_PATH}:/opt/ros/humble /usr/bin/cmake --install /home/nuc/rm_vision_ws/build/hik_camera
