[0.019s] Invoking command in '/home/nuc/rm_vision_ws/build/armor_detector': AMENT_PREFIX_PATH=/home/nuc/rm_vision_ws/install/auto_aim_interfaces:${AMENT_PREFIX_PATH} CMAKE_PREFIX_PATH=/home/nuc/rm_vision_ws/install/auto_aim_interfaces:/home/nuc/ros_ws_ADD_NEW/install/rm_vision_bringup:/home/nuc/ros_ws_ADD_NEW/install/rm_serial_driver:/home/nuc/ros_ws_ADD_NEW/install/rm_gimbal_description:/home/nuc/ros_ws_ADD_NEW/install/hik_camera:/home/nuc/ros_ws_ADD_NEW/install/armor_tracker:/home/nuc/ros_ws_ADD_NEW/install/armor_detector:/home/nuc/ros_ws_ADD_NEW/install/auto_aim_interfaces:/opt/ros/humble LD_LIBRARY_PATH=/home/nuc/rm_vision_ws/install/auto_aim_interfaces/lib:${LD_LIBRARY_PATH} PYTHONPATH=/home/nuc/rm_vision_ws/install/auto_aim_interfaces/local/lib/python3.10/dist-packages:${PYTHONPATH} /usr/bin/cmake --build /home/nuc/rm_vision_ws/build/armor_detector -- -j16 -l16
[0.063s] [35m[1mConsolidate compiler generated dependencies of target armor_detector[0m
[0.068s] [ 13%] Built target gtest_main
[0.071s] [ 26%] Built target gtest
[0.071s] [ 40%] Built target armor_detector_node
[0.088s] [ 73%] Built target armor_detector
[0.108s] [ 86%] Built target test_number_cls
[0.113s] [100%] Built target test_node_startup
[0.132s] Invoked command in '/home/nuc/rm_vision_ws/build/armor_detector' returned '0': AMENT_PREFIX_PATH=/home/nuc/rm_vision_ws/install/auto_aim_interfaces:${AMENT_PREFIX_PATH} CMAKE_PREFIX_PATH=/home/nuc/rm_vision_ws/install/auto_aim_interfaces:/home/nuc/ros_ws_ADD_NEW/install/rm_vision_bringup:/home/nuc/ros_ws_ADD_NEW/install/rm_serial_driver:/home/nuc/ros_ws_ADD_NEW/install/rm_gimbal_description:/home/nuc/ros_ws_ADD_NEW/install/hik_camera:/home/nuc/ros_ws_ADD_NEW/install/armor_tracker:/home/nuc/ros_ws_ADD_NEW/install/armor_detector:/home/nuc/ros_ws_ADD_NEW/install/auto_aim_interfaces:/opt/ros/humble LD_LIBRARY_PATH=/home/nuc/rm_vision_ws/install/auto_aim_interfaces/lib:${LD_LIBRARY_PATH} PYTHONPATH=/home/nuc/rm_vision_ws/install/auto_aim_interfaces/local/lib/python3.10/dist-packages:${PYTHONPATH} /usr/bin/cmake --build /home/nuc/rm_vision_ws/build/armor_detector -- -j16 -l16
[0.174s] Invoking command in '/home/nuc/rm_vision_ws/build/armor_detector': AMENT_PREFIX_PATH=/home/nuc/rm_vision_ws/install/auto_aim_interfaces:${AMENT_PREFIX_PATH} CMAKE_PREFIX_PATH=/home/nuc/rm_vision_ws/install/auto_aim_interfaces:/home/nuc/ros_ws_ADD_NEW/install/rm_vision_bringup:/home/nuc/ros_ws_ADD_NEW/install/rm_serial_driver:/home/nuc/ros_ws_ADD_NEW/install/rm_gimbal_description:/home/nuc/ros_ws_ADD_NEW/install/hik_camera:/home/nuc/ros_ws_ADD_NEW/install/armor_tracker:/home/nuc/ros_ws_ADD_NEW/install/armor_detector:/home/nuc/ros_ws_ADD_NEW/install/auto_aim_interfaces:/opt/ros/humble LD_LIBRARY_PATH=/home/nuc/rm_vision_ws/install/auto_aim_interfaces/lib:${LD_LIBRARY_PATH} PYTHONPATH=/home/nuc/rm_vision_ws/install/auto_aim_interfaces/local/lib/python3.10/dist-packages:${PYTHONPATH} /usr/bin/cmake --install /home/nuc/rm_vision_ws/build/armor_detector
[0.179s] -- Install configuration: ""
[0.180s] -- Execute custom install script
[0.180s] -- Up-to-date symlink: /home/nuc/rm_vision_ws/install/armor_detector/lib/armor_detector/armor_detector_node
[0.181s] -- Up-to-date symlink: /home/nuc/rm_vision_ws/install/armor_detector/include/armor_detector/armor.hpp
[0.181s] -- Up-to-date symlink: /home/nuc/rm_vision_ws/install/armor_detector/include/armor_detector/detector.hpp
[0.182s] -- Up-to-date symlink: /home/nuc/rm_vision_ws/install/armor_detector/include/armor_detector/detector_node.hpp
[0.182s] -- Up-to-date symlink: /home/nuc/rm_vision_ws/install/armor_detector/include/armor_detector/number_classifier.hpp
[0.182s] -- Up-to-date symlink: /home/nuc/rm_vision_ws/install/armor_detector/include/armor_detector/pnp_solver.hpp
[0.182s] -- Up-to-date symlink: /home/nuc/rm_vision_ws/install/armor_detector/share/armor_detector/environment/library_path.sh
[0.182s] -- Up-to-date symlink: /home/nuc/rm_vision_ws/install/armor_detector/share/armor_detector/environment/library_path.dsv
[0.182s] -- Up-to-date symlink: /home/nuc/rm_vision_ws/install/armor_detector/lib/libarmor_detector.so
[0.182s] -- Up-to-date symlink: /home/nuc/rm_vision_ws/install/armor_detector/share/armor_detector/model/label.txt
[0.182s] -- Up-to-date symlink: /home/nuc/rm_vision_ws/install/armor_detector/share/armor_detector/model/mlp.onnx
[0.182s] -- Up-to-date symlink: /home/nuc/rm_vision_ws/install/armor_detector/share/ament_index/resource_index/package_run_dependencies/armor_detector
[0.182s] -- Up-to-date symlink: /home/nuc/rm_vision_ws/install/armor_detector/share/ament_index/resource_index/parent_prefix_path/armor_detector
[0.182s] -- Up-to-date symlink: /home/nuc/rm_vision_ws/install/armor_detector/share/armor_detector/environment/ament_prefix_path.sh
[0.183s] -- Up-to-date symlink: /home/nuc/rm_vision_ws/install/armor_detector/share/armor_detector/environment/ament_prefix_path.dsv
[0.183s] -- Up-to-date symlink: /home/nuc/rm_vision_ws/install/armor_detector/share/armor_detector/environment/path.sh
[0.183s] -- Up-to-date symlink: /home/nuc/rm_vision_ws/install/armor_detector/share/armor_detector/environment/path.dsv
[0.183s] -- Up-to-date symlink: /home/nuc/rm_vision_ws/install/armor_detector/share/armor_detector/local_setup.bash
[0.183s] -- Up-to-date symlink: /home/nuc/rm_vision_ws/install/armor_detector/share/armor_detector/local_setup.sh
[0.183s] -- Up-to-date symlink: /home/nuc/rm_vision_ws/install/armor_detector/share/armor_detector/local_setup.zsh
[0.184s] -- Up-to-date symlink: /home/nuc/rm_vision_ws/install/armor_detector/share/armor_detector/local_setup.dsv
[0.184s] -- Symlinking: /home/nuc/rm_vision_ws/install/armor_detector/share/armor_detector/package.dsv
[0.190s] -- Up-to-date symlink: /home/nuc/rm_vision_ws/install/armor_detector/share/ament_index/resource_index/packages/armor_detector
[0.190s] -- Up-to-date symlink: /home/nuc/rm_vision_ws/install/armor_detector/share/ament_index/resource_index/rclcpp_components/armor_detector
[0.190s] -- Up-to-date symlink: /home/nuc/rm_vision_ws/install/armor_detector/share/armor_detector/cmake/ament_cmake_export_dependencies-extras.cmake
[0.190s] -- Up-to-date symlink: /home/nuc/rm_vision_ws/install/armor_detector/share/armor_detector/cmake/ament_cmake_export_include_directories-extras.cmake
[0.191s] -- Up-to-date symlink: /home/nuc/rm_vision_ws/install/armor_detector/share/armor_detector/cmake/ament_cmake_export_libraries-extras.cmake
[0.191s] -- Up-to-date symlink: /home/nuc/rm_vision_ws/install/armor_detector/share/armor_detector/cmake/armor_detectorConfig.cmake
[0.191s] -- Up-to-date symlink: /home/nuc/rm_vision_ws/install/armor_detector/share/armor_detector/cmake/armor_detectorConfig-version.cmake
[0.191s] -- Up-to-date symlink: /home/nuc/rm_vision_ws/install/armor_detector/share/armor_detector/package.xml
[0.200s] Invoked command in '/home/nuc/rm_vision_ws/build/armor_detector' returned '0': AMENT_PREFIX_PATH=/home/nuc/rm_vision_ws/install/auto_aim_interfaces:${AMENT_PREFIX_PATH} CMAKE_PREFIX_PATH=/home/nuc/rm_vision_ws/install/auto_aim_interfaces:/home/nuc/ros_ws_ADD_NEW/install/rm_vision_bringup:/home/nuc/ros_ws_ADD_NEW/install/rm_serial_driver:/home/nuc/ros_ws_ADD_NEW/install/rm_gimbal_description:/home/nuc/ros_ws_ADD_NEW/install/hik_camera:/home/nuc/ros_ws_ADD_NEW/install/armor_tracker:/home/nuc/ros_ws_ADD_NEW/install/armor_detector:/home/nuc/ros_ws_ADD_NEW/install/auto_aim_interfaces:/opt/ros/humble LD_LIBRARY_PATH=/home/nuc/rm_vision_ws/install/auto_aim_interfaces/lib:${LD_LIBRARY_PATH} PYTHONPATH=/home/nuc/rm_vision_ws/install/auto_aim_interfaces/local/lib/python3.10/dist-packages:${PYTHONPATH} /usr/bin/cmake --install /home/nuc/rm_vision_ws/build/armor_detector
