[0.175s] Invoking command in '/home/rosnoetic/rm_shaobing_vision/build/hik_camera': CMAKE_PREFIX_PATH=/home/rosnoetic/ros_ws/install/rm_vision_bringup:/home/rosnoetic/ros_ws/install/rm_serial_driver:/home/rosnoetic/ros_ws/install/rm_gimbal_description:/home/rosnoetic/ros_ws/install/hik_camera:/home/rosnoetic/ros_ws/install/armor_tracker:/home/rosnoetic/ros_ws/install/armor_detector:/home/rosnoetic/ros_ws/install/auto_aim_interfaces:/opt/ros/humble /usr/bin/cmake --build /home/rosnoetic/rm_shaobing_vision/build/hik_camera -- -j16 -l16
[1.142s] [ 50%] Built target hik_camera_node
[1.143s] [100%] Built target hik_camera
[1.498s] Invoked command in '/home/rosnoetic/rm_shaobing_vision/build/hik_camera' returned '0': CMAKE_PREFIX_PATH=/home/rosnoetic/ros_ws/install/rm_vision_bringup:/home/rosnoetic/ros_ws/install/rm_serial_driver:/home/rosnoetic/ros_ws/install/rm_gimbal_description:/home/rosnoetic/ros_ws/install/hik_camera:/home/rosnoetic/ros_ws/install/armor_tracker:/home/rosnoetic/ros_ws/install/armor_detector:/home/rosnoetic/ros_ws/install/auto_aim_interfaces:/opt/ros/humble /usr/bin/cmake --build /home/rosnoetic/rm_shaobing_vision/build/hik_camera -- -j16 -l16
[2.398s] Invoking command in '/home/rosnoetic/rm_shaobing_vision/build/hik_camera': CMAKE_PREFIX_PATH=/home/rosnoetic/ros_ws/install/rm_vision_bringup:/home/rosnoetic/ros_ws/install/rm_serial_driver:/home/rosnoetic/ros_ws/install/rm_gimbal_description:/home/rosnoetic/ros_ws/install/hik_camera:/home/rosnoetic/ros_ws/install/armor_tracker:/home/rosnoetic/ros_ws/install/armor_detector:/home/rosnoetic/ros_ws/install/auto_aim_interfaces:/opt/ros/humble /usr/bin/cmake --install /home/rosnoetic/rm_shaobing_vision/build/hik_camera
[2.509s] -- Install configuration: ""
[2.509s] -- Up-to-date: /home/rosnoetic/rm_shaobing_vision/install/hik_camera/lib
[2.509s] -- Up-to-date: /home/rosnoetic/rm_shaobing_vision/install/hik_camera/lib/libMvUsb3vTL.so
[2.510s] -- Up-to-date: /home/rosnoetic/rm_shaobing_vision/install/hik_camera/lib/libFormatConversion.so
[2.510s] -- Up-to-date: /home/rosnoetic/rm_shaobing_vision/install/hik_camera/lib/libMvCameraControl.so
[2.510s] -- Up-to-date: /home/rosnoetic/rm_shaobing_vision/install/hik_camera/lib/libMVRender.so
[2.511s] -- Up-to-date: /home/rosnoetic/rm_shaobing_vision/install/hik_camera/lib/libMediaProcess.so
[2.536s] -- Up-to-date: /home/rosnoetic/rm_shaobing_vision/install/hik_camera/lib/hik_camera/hik_camera_node
[2.537s] -- Up-to-date: /home/rosnoetic/rm_shaobing_vision/install/hik_camera/share/hik_camera/environment/library_path.sh
[2.538s] -- Up-to-date: /home/rosnoetic/rm_shaobing_vision/install/hik_camera/share/hik_camera/environment/library_path.dsv
[2.573s] -- Up-to-date: /home/rosnoetic/rm_shaobing_vision/install/hik_camera/lib/libhik_camera.so
[2.573s] -- Up-to-date: /home/rosnoetic/rm_shaobing_vision/install/hik_camera/share/hik_camera/config
[2.573s] -- Up-to-date: /home/rosnoetic/rm_shaobing_vision/install/hik_camera/share/hik_camera/config/camera_info.yaml
[2.573s] -- Up-to-date: /home/rosnoetic/rm_shaobing_vision/install/hik_camera/share/hik_camera/config/camera_params.yaml
[2.574s] -- Up-to-date: /home/rosnoetic/rm_shaobing_vision/install/hik_camera/share/hik_camera/launch
[2.574s] -- Up-to-date: /home/rosnoetic/rm_shaobing_vision/install/hik_camera/share/hik_camera/launch/hik_camera.launch.py
[2.574s] -- Up-to-date: /home/rosnoetic/rm_shaobing_vision/install/hik_camera/share/ament_index/resource_index/package_run_dependencies/hik_camera
[2.575s] -- Up-to-date: /home/rosnoetic/rm_shaobing_vision/install/hik_camera/share/ament_index/resource_index/parent_prefix_path/hik_camera
[2.575s] -- Up-to-date: /home/rosnoetic/rm_shaobing_vision/install/hik_camera/share/hik_camera/environment/ament_prefix_path.sh
[2.575s] -- Up-to-date: /home/rosnoetic/rm_shaobing_vision/install/hik_camera/share/hik_camera/environment/ament_prefix_path.dsv
[2.576s] -- Up-to-date: /home/rosnoetic/rm_shaobing_vision/install/hik_camera/share/hik_camera/environment/path.sh
[2.576s] -- Up-to-date: /home/rosnoetic/rm_shaobing_vision/install/hik_camera/share/hik_camera/environment/path.dsv
[2.576s] -- Up-to-date: /home/rosnoetic/rm_shaobing_vision/install/hik_camera/share/hik_camera/local_setup.bash
[2.576s] -- Up-to-date: /home/rosnoetic/rm_shaobing_vision/install/hik_camera/share/hik_camera/local_setup.sh
[2.577s] -- Up-to-date: /home/rosnoetic/rm_shaobing_vision/install/hik_camera/share/hik_camera/local_setup.zsh
[2.577s] -- Up-to-date: /home/rosnoetic/rm_shaobing_vision/install/hik_camera/share/hik_camera/local_setup.dsv
[2.578s] -- Installing: /home/rosnoetic/rm_shaobing_vision/install/hik_camera/share/hik_camera/package.dsv
[2.578s] -- Up-to-date: /home/rosnoetic/rm_shaobing_vision/install/hik_camera/share/ament_index/resource_index/packages/hik_camera
[2.578s] -- Up-to-date: /home/rosnoetic/rm_shaobing_vision/install/hik_camera/share/ament_index/resource_index/rclcpp_components/hik_camera
[2.578s] -- Up-to-date: /home/rosnoetic/rm_shaobing_vision/install/hik_camera/share/hik_camera/cmake/ament_cmake_export_dependencies-extras.cmake
[2.579s] -- Up-to-date: /home/rosnoetic/rm_shaobing_vision/install/hik_camera/share/hik_camera/cmake/ament_cmake_export_libraries-extras.cmake
[2.579s] -- Up-to-date: /home/rosnoetic/rm_shaobing_vision/install/hik_camera/share/hik_camera/cmake/hik_cameraConfig.cmake
[2.579s] -- Up-to-date: /home/rosnoetic/rm_shaobing_vision/install/hik_camera/share/hik_camera/cmake/hik_cameraConfig-version.cmake
[2.580s] -- Up-to-date: /home/rosnoetic/rm_shaobing_vision/install/hik_camera/share/hik_camera/package.xml
[2.658s] Invoked command in '/home/rosnoetic/rm_shaobing_vision/build/hik_camera' returned '0': CMAKE_PREFIX_PATH=/home/rosnoetic/ros_ws/install/rm_vision_bringup:/home/rosnoetic/ros_ws/install/rm_serial_driver:/home/rosnoetic/ros_ws/install/rm_gimbal_description:/home/rosnoetic/ros_ws/install/hik_camera:/home/rosnoetic/ros_ws/install/armor_tracker:/home/rosnoetic/ros_ws/install/armor_detector:/home/rosnoetic/ros_ws/install/auto_aim_interfaces:/opt/ros/humble /usr/bin/cmake --install /home/rosnoetic/rm_shaobing_vision/build/hik_camera
