[0.018s] Invoking command in '/home/nuc/rm_vision_ws/build/rm_serial_driver': AMENT_PREFIX_PATH=/home/nuc/rm_vision_ws/install/auto_aim_interfaces:${AMENT_PREFIX_PATH} CMAKE_PREFIX_PATH=/home/nuc/rm_vision_ws/install/auto_aim_interfaces:/home/nuc/ros_ws_ADD_NEW/install/rm_vision_bringup:/home/nuc/ros_ws_ADD_NEW/install/rm_serial_driver:/home/nuc/ros_ws_ADD_NEW/install/rm_gimbal_description:/home/nuc/ros_ws_ADD_NEW/install/hik_camera:/home/nuc/ros_ws_ADD_NEW/install/armor_tracker:/home/nuc/ros_ws_ADD_NEW/install/armor_detector:/home/nuc/ros_ws_ADD_NEW/install/auto_aim_interfaces:/opt/ros/humble LD_LIBRARY_PATH=/home/nuc/rm_vision_ws/install/auto_aim_interfaces/lib:${LD_LIBRARY_PATH} PYTHONPATH=/home/nuc/rm_vision_ws/install/auto_aim_interfaces/local/lib/python3.10/dist-packages:${PYTHONPATH} /usr/bin/cmake --build /home/nuc/rm_vision_ws/build/rm_serial_driver -- -j16 -l16
[0.060s] [35m[1mConsolidate compiler generated dependencies of target rm_serial_driver[0m
[0.074s] [ 40%] Built target rm_serial_driver_node
[0.074s] [100%] Built target rm_serial_driver
[0.091s] Invoked command in '/home/nuc/rm_vision_ws/build/rm_serial_driver' returned '0': AMENT_PREFIX_PATH=/home/nuc/rm_vision_ws/install/auto_aim_interfaces:${AMENT_PREFIX_PATH} CMAKE_PREFIX_PATH=/home/nuc/rm_vision_ws/install/auto_aim_interfaces:/home/nuc/ros_ws_ADD_NEW/install/rm_vision_bringup:/home/nuc/ros_ws_ADD_NEW/install/rm_serial_driver:/home/nuc/ros_ws_ADD_NEW/install/rm_gimbal_description:/home/nuc/ros_ws_ADD_NEW/install/hik_camera:/home/nuc/ros_ws_ADD_NEW/install/armor_tracker:/home/nuc/ros_ws_ADD_NEW/install/armor_detector:/home/nuc/ros_ws_ADD_NEW/install/auto_aim_interfaces:/opt/ros/humble LD_LIBRARY_PATH=/home/nuc/rm_vision_ws/install/auto_aim_interfaces/lib:${LD_LIBRARY_PATH} PYTHONPATH=/home/nuc/rm_vision_ws/install/auto_aim_interfaces/local/lib/python3.10/dist-packages:${PYTHONPATH} /usr/bin/cmake --build /home/nuc/rm_vision_ws/build/rm_serial_driver -- -j16 -l16
[0.123s] Invoking command in '/home/nuc/rm_vision_ws/build/rm_serial_driver': AMENT_PREFIX_PATH=/home/nuc/rm_vision_ws/install/auto_aim_interfaces:${AMENT_PREFIX_PATH} CMAKE_PREFIX_PATH=/home/nuc/rm_vision_ws/install/auto_aim_interfaces:/home/nuc/ros_ws_ADD_NEW/install/rm_vision_bringup:/home/nuc/ros_ws_ADD_NEW/install/rm_serial_driver:/home/nuc/ros_ws_ADD_NEW/install/rm_gimbal_description:/home/nuc/ros_ws_ADD_NEW/install/hik_camera:/home/nuc/ros_ws_ADD_NEW/install/armor_tracker:/home/nuc/ros_ws_ADD_NEW/install/armor_detector:/home/nuc/ros_ws_ADD_NEW/install/auto_aim_interfaces:/opt/ros/humble LD_LIBRARY_PATH=/home/nuc/rm_vision_ws/install/auto_aim_interfaces/lib:${LD_LIBRARY_PATH} PYTHONPATH=/home/nuc/rm_vision_ws/install/auto_aim_interfaces/local/lib/python3.10/dist-packages:${PYTHONPATH} /usr/bin/cmake --install /home/nuc/rm_vision_ws/build/rm_serial_driver
[0.130s] -- Install configuration: ""
[0.130s] -- Execute custom install script
[0.131s] -- Up-to-date symlink: /home/nuc/rm_vision_ws/install/rm_serial_driver/lib/rm_serial_driver/rm_serial_driver_node
[0.131s] -- Up-to-date symlink: /home/nuc/rm_vision_ws/install/rm_serial_driver/include/rm_serial_driver/crc.hpp
[0.131s] -- Up-to-date symlink: /home/nuc/rm_vision_ws/install/rm_serial_driver/include/rm_serial_driver/packet.hpp
[0.132s] -- Up-to-date symlink: /home/nuc/rm_vision_ws/install/rm_serial_driver/include/rm_serial_driver/rm_serial_driver.hpp
[0.132s] -- Up-to-date symlink: /home/nuc/rm_vision_ws/install/rm_serial_driver/share/rm_serial_driver/environment/library_path.sh
[0.132s] -- Up-to-date symlink: /home/nuc/rm_vision_ws/install/rm_serial_driver/share/rm_serial_driver/environment/library_path.dsv
[0.132s] -- Up-to-date symlink: /home/nuc/rm_vision_ws/install/rm_serial_driver/lib/librm_serial_driver.so
[0.132s] -- Up-to-date symlink: /home/nuc/rm_vision_ws/install/rm_serial_driver/share/rm_serial_driver/config/serial_driver.yaml
[0.132s] -- Up-to-date symlink: /home/nuc/rm_vision_ws/install/rm_serial_driver/share/rm_serial_driver/launch/serial_driver.launch.py
[0.132s] -- Up-to-date symlink: /home/nuc/rm_vision_ws/install/rm_serial_driver/share/ament_index/resource_index/package_run_dependencies/rm_serial_driver
[0.133s] -- Up-to-date symlink: /home/nuc/rm_vision_ws/install/rm_serial_driver/share/ament_index/resource_index/parent_prefix_path/rm_serial_driver
[0.133s] -- Up-to-date symlink: /home/nuc/rm_vision_ws/install/rm_serial_driver/share/rm_serial_driver/environment/ament_prefix_path.sh
[0.133s] -- Up-to-date symlink: /home/nuc/rm_vision_ws/install/rm_serial_driver/share/rm_serial_driver/environment/ament_prefix_path.dsv
[0.133s] -- Up-to-date symlink: /home/nuc/rm_vision_ws/install/rm_serial_driver/share/rm_serial_driver/environment/path.sh
[0.133s] -- Up-to-date symlink: /home/nuc/rm_vision_ws/install/rm_serial_driver/share/rm_serial_driver/environment/path.dsv
[0.133s] -- Up-to-date symlink: /home/nuc/rm_vision_ws/install/rm_serial_driver/share/rm_serial_driver/local_setup.bash
[0.133s] -- Up-to-date symlink: /home/nuc/rm_vision_ws/install/rm_serial_driver/share/rm_serial_driver/local_setup.sh
[0.133s] -- Up-to-date symlink: /home/nuc/rm_vision_ws/install/rm_serial_driver/share/rm_serial_driver/local_setup.zsh
[0.133s] -- Up-to-date symlink: /home/nuc/rm_vision_ws/install/rm_serial_driver/share/rm_serial_driver/local_setup.dsv
[0.133s] -- Symlinking: /home/nuc/rm_vision_ws/install/rm_serial_driver/share/rm_serial_driver/package.dsv
[0.140s] -- Up-to-date symlink: /home/nuc/rm_vision_ws/install/rm_serial_driver/share/ament_index/resource_index/packages/rm_serial_driver
[0.140s] -- Up-to-date symlink: /home/nuc/rm_vision_ws/install/rm_serial_driver/share/ament_index/resource_index/rclcpp_components/rm_serial_driver
[0.141s] -- Up-to-date symlink: /home/nuc/rm_vision_ws/install/rm_serial_driver/share/rm_serial_driver/cmake/ament_cmake_export_dependencies-extras.cmake
[0.141s] -- Up-to-date symlink: /home/nuc/rm_vision_ws/install/rm_serial_driver/share/rm_serial_driver/cmake/ament_cmake_export_include_directories-extras.cmake
[0.141s] -- Up-to-date symlink: /home/nuc/rm_vision_ws/install/rm_serial_driver/share/rm_serial_driver/cmake/ament_cmake_export_libraries-extras.cmake
[0.141s] -- Up-to-date symlink: /home/nuc/rm_vision_ws/install/rm_serial_driver/share/rm_serial_driver/cmake/rm_serial_driverConfig.cmake
[0.141s] -- Up-to-date symlink: /home/nuc/rm_vision_ws/install/rm_serial_driver/share/rm_serial_driver/cmake/rm_serial_driverConfig-version.cmake
[0.141s] -- Up-to-date symlink: /home/nuc/rm_vision_ws/install/rm_serial_driver/share/rm_serial_driver/package.xml
[0.143s] Invoked command in '/home/nuc/rm_vision_ws/build/rm_serial_driver' returned '0': AMENT_PREFIX_PATH=/home/nuc/rm_vision_ws/install/auto_aim_interfaces:${AMENT_PREFIX_PATH} CMAKE_PREFIX_PATH=/home/nuc/rm_vision_ws/install/auto_aim_interfaces:/home/nuc/ros_ws_ADD_NEW/install/rm_vision_bringup:/home/nuc/ros_ws_ADD_NEW/install/rm_serial_driver:/home/nuc/ros_ws_ADD_NEW/install/rm_gimbal_description:/home/nuc/ros_ws_ADD_NEW/install/hik_camera:/home/nuc/ros_ws_ADD_NEW/install/armor_tracker:/home/nuc/ros_ws_ADD_NEW/install/armor_detector:/home/nuc/ros_ws_ADD_NEW/install/auto_aim_interfaces:/opt/ros/humble LD_LIBRARY_PATH=/home/nuc/rm_vision_ws/install/auto_aim_interfaces/lib:${LD_LIBRARY_PATH} PYTHONPATH=/home/nuc/rm_vision_ws/install/auto_aim_interfaces/local/lib/python3.10/dist-packages:${PYTHONPATH} /usr/bin/cmake --install /home/nuc/rm_vision_ws/build/rm_serial_driver
