-- The C compiler identification is GNU 11.4.0
-- The CXX compiler identification is GNU 11.4.0
-- Detecting C compiler ABI info
-- Detecting C compiler ABI info - done
-- Check for working C compiler: /usr/bin/cc - skipped
-- Detecting C compile features
-- Detecting C compile features - done
-- Detecting CXX compiler ABI info
-- Detecting CXX compiler ABI info - done
-- Check for working CXX compiler: /usr/bin/c++ - skipped
-- Detecting CXX compile features
-- Detecting CXX compile features - done
-- Found ament_cmake_auto: 1.3.10 (/opt/ros/humble/share/ament_cmake_auto/cmake)
-- Found Python3: /usr/bin/python3 (found version "3.10.12") found components: Interpreter 
-- Found ament_lint_auto: 0.12.11 (/opt/ros/humble/share/ament_lint_auto/cmake)
-- Added test 'lint_cmake' to check CMake code style
-- Added test 'xmllint' to check XML markup files
-- Configuring done
-- Generating done
-- Build files have been written to: /home/rosnoetic/rm_shaobing_vision/build/rm_buff
-- Install configuration: ""
-- Installing: /home/rosnoetic/rm_shaobing_vision/install/rm_buff/share/ament_index/resource_index/package_run_dependencies/rm_buff
-- Installing: /home/rosnoetic/rm_shaobing_vision/install/rm_buff/share/ament_index/resource_index/parent_prefix_path/rm_buff
-- Installing: /home/rosnoetic/rm_shaobing_vision/install/rm_buff/share/rm_buff/environment/ament_prefix_path.sh
-- Installing: /home/rosnoetic/rm_shaobing_vision/install/rm_buff/share/rm_buff/environment/ament_prefix_path.dsv
-- Installing: /home/rosnoetic/rm_shaobing_vision/install/rm_buff/share/rm_buff/environment/path.sh
-- Installing: /home/rosnoetic/rm_shaobing_vision/install/rm_buff/share/rm_buff/environment/path.dsv
-- Installing: /home/rosnoetic/rm_shaobing_vision/install/rm_buff/share/rm_buff/local_setup.bash
-- Installing: /home/rosnoetic/rm_shaobing_vision/install/rm_buff/share/rm_buff/local_setup.sh
-- Installing: /home/rosnoetic/rm_shaobing_vision/install/rm_buff/share/rm_buff/local_setup.zsh
-- Installing: /home/rosnoetic/rm_shaobing_vision/install/rm_buff/share/rm_buff/local_setup.dsv
-- Installing: /home/rosnoetic/rm_shaobing_vision/install/rm_buff/share/rm_buff/package.dsv
-- Installing: /home/rosnoetic/rm_shaobing_vision/install/rm_buff/share/ament_index/resource_index/packages/rm_buff
-- Installing: /home/rosnoetic/rm_shaobing_vision/install/rm_buff/share/rm_buff/cmake/rm_buffConfig.cmake
-- Installing: /home/rosnoetic/rm_shaobing_vision/install/rm_buff/share/rm_buff/cmake/rm_buffConfig-version.cmake
-- Installing: /home/rosnoetic/rm_shaobing_vision/install/rm_buff/share/rm_buff/package.xml
