[0.025s] Invoking command in '/home/rosnoetic/vision_ws/rm_shaobing_vision/build/buff_tracker': AMENT_PREFIX_PATH=/home/rosnoetic/vision_ws/rm_shaobing_vision/install/buff_interfaces:${AMENT_PREFIX_PATH} CMAKE_PREFIX_PATH=/home/rosnoetic/vision_ws/rm_shaobing_vision/install/buff_interfaces:/home/rosnoetic/vision_ws/rm_shaobing_vision/install/rm_vision_bringup:/home/rosnoetic/vision_ws/rm_shaobing_vision/install/rm_buff_bringup:/home/rosnoetic/vision_ws/rm_shaobing_vision/install/rm_serial_driver:/home/rosnoetic/vision_ws/rm_shaobing_vision/install/rm_gimbal_description:/home/rosnoetic/vision_ws/rm_shaobing_vision/install/rm_buff:/home/rosnoetic/vision_ws/rm_shaobing_vision/install/rm_auto_record:/home/rosnoetic/vision_ws/rm_shaobing_vision/install/rm_auto_aim:/home/rosnoetic/vision_ws/rm_shaobing_vision/install/hik_camera:/home/rosnoetic/vision_ws/rm_shaobing_vision/install/buff_tracker:/home/rosnoetic/vision_ws/rm_shaobing_vision/install/buff_detector:/home/rosnoetic/vision_ws/rm_shaobing_vision/install/armor_tracker:/home/rosnoetic/vision_ws/rm_shaobing_vision/install/armor_detector:/home/rosnoetic/vision_ws/rm_shaobing_vision/install/auto_aim_interfaces:/home/rosnoetic/ros_ws/install/rm_vision_bringup:/home/rosnoetic/ros_ws/install/rm_serial_driver:/home/rosnoetic/ros_ws/install/rm_gimbal_description:/home/rosnoetic/ros_ws/install/hik_camera:/home/rosnoetic/ros_ws/install/armor_tracker:/home/rosnoetic/ros_ws/install/armor_detector:/home/rosnoetic/ros_ws/install/auto_aim_interfaces:/opt/ros/humble LD_LIBRARY_PATH=/home/rosnoetic/vision_ws/rm_shaobing_vision/install/buff_interfaces/lib:/home/rosnoetic/vision_ws/rm_shaobing_vision/install/rm_serial_driver/lib:/home/rosnoetic/vision_ws/rm_shaobing_vision/install/rm_auto_record/lib:/home/rosnoetic/vision_ws/rm_shaobing_vision/install/hik_camera/lib:/home/rosnoetic/vision_ws/rm_shaobing_vision/install/buff_tracker/lib:/home/rosnoetic/vision_ws/rm_shaobing_vision/install/buff_detector/lib:/home/rosnoetic/vision_ws/rm_shaobing_vision/install/armor_tracker/lib:/home/rosnoetic/vision_ws/rm_shaobing_vision/install/armor_detector/lib:/home/rosnoetic/vision_ws/rm_shaobing_vision/install/auto_aim_interfaces/lib:/opt/MVS/lib/64:/opt/MVS/lib/32:/opt/MVS/lib/64:/opt/MVS/lib/32:/home/rosnoetic/ros_ws/install/rm_serial_driver/lib:/home/rosnoetic/ros_ws/install/hik_camera/lib:/home/rosnoetic/ros_ws/install/armor_tracker/lib:/home/rosnoetic/ros_ws/install/armor_detector/lib:/home/rosnoetic/ros_ws/install/auto_aim_interfaces/lib:/usr/lib/x86_64-linux-gnu/gazebo-11/plugins:/opt/ros/humble/opt/rviz_ogre_vendor/lib:/opt/ros/humble/lib/x86_64-linux-gnu:/opt/ros/humble/lib:/opt/MVS/lib/64:/opt/MVS/lib/32:/opt/MVS/lib/64:/opt/MVS/lib/32 PYTHONPATH=/home/rosnoetic/vision_ws/rm_shaobing_vision/install/buff_interfaces/local/lib/python3.10/dist-packages:${PYTHONPATH} /usr/bin/cmake /home/rosnoetic/vision_ws/rm_shaobing_vision/src/rm_buff/buff_tracker -DCMAKE_INSTALL_PREFIX=/home/rosnoetic/vision_ws/rm_shaobing_vision/install/buff_tracker
[0.134s] -- The C compiler identification is GNU 11.4.0
[0.230s] -- The CXX compiler identification is GNU 11.4.0
[0.241s] -- Detecting C compiler ABI info
[0.373s] -- Detecting C compiler ABI info - done
[0.383s] -- Check for working C compiler: /usr/bin/cc - skipped
[0.383s] -- Detecting C compile features
[0.384s] -- Detecting C compile features - done
[0.389s] -- Detecting CXX compiler ABI info
[0.556s] -- Detecting CXX compiler ABI info - done
[0.565s] -- Check for working CXX compiler: /usr/bin/c++ - skipped
[0.566s] -- Detecting CXX compile features
[0.567s] -- Detecting CXX compile features - done
[0.571s] -- Found ament_cmake_auto: 1.3.10 (/opt/ros/humble/share/ament_cmake_auto/cmake)
[0.830s] -- Found Python3: /usr/bin/python3 (found version "3.10.12") found components: Interpreter 
[1.021s] -- Found OpenCV: /usr (found version "4.5.4") 
[1.253s] -- Found rosidl_generator_c: 3.1.5 (/opt/ros/humble/share/rosidl_generator_c/cmake)
[1.273s] -- Found rosidl_adapter: 3.1.5 (/opt/ros/humble/share/rosidl_adapter/cmake)
[1.303s] -- Found rosidl_generator_cpp: 3.1.5 (/opt/ros/humble/share/rosidl_generator_cpp/cmake)
[1.303s] -- Using all available rosidl_typesupport_c: rosidl_typesupport_fastrtps_c;rosidl_typesupport_introspection_c
[1.357s] -- Using all available rosidl_typesupport_cpp: rosidl_typesupport_fastrtps_cpp;rosidl_typesupport_introspection_cpp
[1.445s] -- Found rmw_implementation_cmake: 6.1.2 (/opt/ros/humble/share/rmw_implementation_cmake/cmake)
[1.455s] -- Found rmw_fastrtps_cpp: 6.2.7 (/opt/ros/humble/share/rmw_fastrtps_cpp/cmake)
[1.710s] -- Found OpenSSL: /usr/lib/x86_64-linux-gnu/libcrypto.so (found version "3.0.2")  
[1.753s] -- Found FastRTPS: /opt/ros/humble/include  
[1.822s] -- Using RMW implementation 'rmw_fastrtps_cpp' as default
[1.837s] -- Looking for pthread.h
[1.994s] -- Looking for pthread.h - found
[1.994s] -- Performing Test CMAKE_HAVE_LIBC_PTHREAD
[2.140s] -- Performing Test CMAKE_HAVE_LIBC_PTHREAD - Success
[2.141s] -- Found Threads: TRUE  
[2.505s] -- Found eigen3_cmake_module: 0.1.1 (/opt/ros/humble/share/eigen3_cmake_module/cmake)
[2.510s] -- Found Eigen3: TRUE (found version "3.4.0") 
[2.510s] -- Ensuring Eigen3 include directory is part of orocos-kdl CMake target
[2.743s] -- Found ament_lint_auto: 0.12.11 (/opt/ros/humble/share/ament_lint_auto/cmake)
[2.788s] -- Added test 'cppcheck' to perform static code analysis on C / C++ code
[2.789s] -- Configured cppcheck include dirs: /home/rosnoetic/vision_ws/rm_shaobing_vision/src/rm_buff/buff_tracker/include
[2.789s] -- Configured cppcheck exclude dirs and/or files: 
[2.790s] -- Added test 'lint_cmake' to check CMake code style
[2.791s] -- Added test 'xmllint' to check XML markup files
[2.798s] -- Configuring done
[2.834s] -- Generating done
[2.834s] -- Build files have been written to: /home/rosnoetic/vision_ws/rm_shaobing_vision/build/buff_tracker
[2.851s] Invoked command in '/home/rosnoetic/vision_ws/rm_shaobing_vision/build/buff_tracker' returned '0': AMENT_PREFIX_PATH=/home/rosnoetic/vision_ws/rm_shaobing_vision/install/buff_interfaces:${AMENT_PREFIX_PATH} CMAKE_PREFIX_PATH=/home/rosnoetic/vision_ws/rm_shaobing_vision/install/buff_interfaces:/home/rosnoetic/vision_ws/rm_shaobing_vision/install/rm_vision_bringup:/home/rosnoetic/vision_ws/rm_shaobing_vision/install/rm_buff_bringup:/home/rosnoetic/vision_ws/rm_shaobing_vision/install/rm_serial_driver:/home/rosnoetic/vision_ws/rm_shaobing_vision/install/rm_gimbal_description:/home/rosnoetic/vision_ws/rm_shaobing_vision/install/rm_buff:/home/rosnoetic/vision_ws/rm_shaobing_vision/install/rm_auto_record:/home/rosnoetic/vision_ws/rm_shaobing_vision/install/rm_auto_aim:/home/rosnoetic/vision_ws/rm_shaobing_vision/install/hik_camera:/home/rosnoetic/vision_ws/rm_shaobing_vision/install/buff_tracker:/home/rosnoetic/vision_ws/rm_shaobing_vision/install/buff_detector:/home/rosnoetic/vision_ws/rm_shaobing_vision/install/armor_tracker:/home/rosnoetic/vision_ws/rm_shaobing_vision/install/armor_detector:/home/rosnoetic/vision_ws/rm_shaobing_vision/install/auto_aim_interfaces:/home/rosnoetic/ros_ws/install/rm_vision_bringup:/home/rosnoetic/ros_ws/install/rm_serial_driver:/home/rosnoetic/ros_ws/install/rm_gimbal_description:/home/rosnoetic/ros_ws/install/hik_camera:/home/rosnoetic/ros_ws/install/armor_tracker:/home/rosnoetic/ros_ws/install/armor_detector:/home/rosnoetic/ros_ws/install/auto_aim_interfaces:/opt/ros/humble LD_LIBRARY_PATH=/home/rosnoetic/vision_ws/rm_shaobing_vision/install/buff_interfaces/lib:/home/rosnoetic/vision_ws/rm_shaobing_vision/install/rm_serial_driver/lib:/home/rosnoetic/vision_ws/rm_shaobing_vision/install/rm_auto_record/lib:/home/rosnoetic/vision_ws/rm_shaobing_vision/install/hik_camera/lib:/home/rosnoetic/vision_ws/rm_shaobing_vision/install/buff_tracker/lib:/home/rosnoetic/vision_ws/rm_shaobing_vision/install/buff_detector/lib:/home/rosnoetic/vision_ws/rm_shaobing_vision/install/armor_tracker/lib:/home/rosnoetic/vision_ws/rm_shaobing_vision/install/armor_detector/lib:/home/rosnoetic/vision_ws/rm_shaobing_vision/install/auto_aim_interfaces/lib:/opt/MVS/lib/64:/opt/MVS/lib/32:/opt/MVS/lib/64:/opt/MVS/lib/32:/home/rosnoetic/ros_ws/install/rm_serial_driver/lib:/home/rosnoetic/ros_ws/install/hik_camera/lib:/home/rosnoetic/ros_ws/install/armor_tracker/lib:/home/rosnoetic/ros_ws/install/armor_detector/lib:/home/rosnoetic/ros_ws/install/auto_aim_interfaces/lib:/usr/lib/x86_64-linux-gnu/gazebo-11/plugins:/opt/ros/humble/opt/rviz_ogre_vendor/lib:/opt/ros/humble/lib/x86_64-linux-gnu:/opt/ros/humble/lib:/opt/MVS/lib/64:/opt/MVS/lib/32:/opt/MVS/lib/64:/opt/MVS/lib/32 PYTHONPATH=/home/rosnoetic/vision_ws/rm_shaobing_vision/install/buff_interfaces/local/lib/python3.10/dist-packages:${PYTHONPATH} /usr/bin/cmake /home/rosnoetic/vision_ws/rm_shaobing_vision/src/rm_buff/buff_tracker -DCMAKE_INSTALL_PREFIX=/home/rosnoetic/vision_ws/rm_shaobing_vision/install/buff_tracker
[2.855s] Invoking command in '/home/rosnoetic/vision_ws/rm_shaobing_vision/build/buff_tracker': AMENT_PREFIX_PATH=/home/rosnoetic/vision_ws/rm_shaobing_vision/install/buff_interfaces:${AMENT_PREFIX_PATH} CMAKE_PREFIX_PATH=/home/rosnoetic/vision_ws/rm_shaobing_vision/install/buff_interfaces:/home/rosnoetic/vision_ws/rm_shaobing_vision/install/rm_vision_bringup:/home/rosnoetic/vision_ws/rm_shaobing_vision/install/rm_buff_bringup:/home/rosnoetic/vision_ws/rm_shaobing_vision/install/rm_serial_driver:/home/rosnoetic/vision_ws/rm_shaobing_vision/install/rm_gimbal_description:/home/rosnoetic/vision_ws/rm_shaobing_vision/install/rm_buff:/home/rosnoetic/vision_ws/rm_shaobing_vision/install/rm_auto_record:/home/rosnoetic/vision_ws/rm_shaobing_vision/install/rm_auto_aim:/home/rosnoetic/vision_ws/rm_shaobing_vision/install/hik_camera:/home/rosnoetic/vision_ws/rm_shaobing_vision/install/buff_tracker:/home/rosnoetic/vision_ws/rm_shaobing_vision/install/buff_detector:/home/rosnoetic/vision_ws/rm_shaobing_vision/install/armor_tracker:/home/rosnoetic/vision_ws/rm_shaobing_vision/install/armor_detector:/home/rosnoetic/vision_ws/rm_shaobing_vision/install/auto_aim_interfaces:/home/rosnoetic/ros_ws/install/rm_vision_bringup:/home/rosnoetic/ros_ws/install/rm_serial_driver:/home/rosnoetic/ros_ws/install/rm_gimbal_description:/home/rosnoetic/ros_ws/install/hik_camera:/home/rosnoetic/ros_ws/install/armor_tracker:/home/rosnoetic/ros_ws/install/armor_detector:/home/rosnoetic/ros_ws/install/auto_aim_interfaces:/opt/ros/humble LD_LIBRARY_PATH=/home/rosnoetic/vision_ws/rm_shaobing_vision/install/buff_interfaces/lib:/home/rosnoetic/vision_ws/rm_shaobing_vision/install/rm_serial_driver/lib:/home/rosnoetic/vision_ws/rm_shaobing_vision/install/rm_auto_record/lib:/home/rosnoetic/vision_ws/rm_shaobing_vision/install/hik_camera/lib:/home/rosnoetic/vision_ws/rm_shaobing_vision/install/buff_tracker/lib:/home/rosnoetic/vision_ws/rm_shaobing_vision/install/buff_detector/lib:/home/rosnoetic/vision_ws/rm_shaobing_vision/install/armor_tracker/lib:/home/rosnoetic/vision_ws/rm_shaobing_vision/install/armor_detector/lib:/home/rosnoetic/vision_ws/rm_shaobing_vision/install/auto_aim_interfaces/lib:/opt/MVS/lib/64:/opt/MVS/lib/32:/opt/MVS/lib/64:/opt/MVS/lib/32:/home/rosnoetic/ros_ws/install/rm_serial_driver/lib:/home/rosnoetic/ros_ws/install/hik_camera/lib:/home/rosnoetic/ros_ws/install/armor_tracker/lib:/home/rosnoetic/ros_ws/install/armor_detector/lib:/home/rosnoetic/ros_ws/install/auto_aim_interfaces/lib:/usr/lib/x86_64-linux-gnu/gazebo-11/plugins:/opt/ros/humble/opt/rviz_ogre_vendor/lib:/opt/ros/humble/lib/x86_64-linux-gnu:/opt/ros/humble/lib:/opt/MVS/lib/64:/opt/MVS/lib/32:/opt/MVS/lib/64:/opt/MVS/lib/32 PYTHONPATH=/home/rosnoetic/vision_ws/rm_shaobing_vision/install/buff_interfaces/local/lib/python3.10/dist-packages:${PYTHONPATH} /usr/bin/cmake --build /home/rosnoetic/vision_ws/rm_shaobing_vision/build/buff_tracker -- -j16 -l16
[2.988s] [ 14%] [32mBuilding CXX object CMakeFiles/buff_tracker.dir/src/extended_kalman_filter.cpp.o[0m
[2.988s] [ 28%] [32mBuilding CXX object CMakeFiles/buff_tracker.dir/src/gauss_newton_solver.cpp.o[0m
[2.992s] [ 42%] [32mBuilding CXX object CMakeFiles/buff_tracker_node.dir/rclcpp_components/node_main_buff_tracker_node.cpp.o[0m
[3.004s] [ 57%] [32mBuilding CXX object CMakeFiles/buff_tracker.dir/src/tracker.cpp.o[0m
[3.008s] [ 71%] [32mBuilding CXX object CMakeFiles/buff_tracker.dir/src/tracker_node.cpp.o[0m
[30.965s] [ 85%] [32m[1mLinking CXX executable buff_tracker_node[0m
[31.728s] [ 85%] Built target buff_tracker_node
[55.012s] [100%] [32m[1mLinking CXX shared library libbuff_tracker.so[0m
[57.723s] [100%] Built target buff_tracker
[57.748s] Invoked command in '/home/rosnoetic/vision_ws/rm_shaobing_vision/build/buff_tracker' returned '0': AMENT_PREFIX_PATH=/home/rosnoetic/vision_ws/rm_shaobing_vision/install/buff_interfaces:${AMENT_PREFIX_PATH} CMAKE_PREFIX_PATH=/home/rosnoetic/vision_ws/rm_shaobing_vision/install/buff_interfaces:/home/rosnoetic/vision_ws/rm_shaobing_vision/install/rm_vision_bringup:/home/rosnoetic/vision_ws/rm_shaobing_vision/install/rm_buff_bringup:/home/rosnoetic/vision_ws/rm_shaobing_vision/install/rm_serial_driver:/home/rosnoetic/vision_ws/rm_shaobing_vision/install/rm_gimbal_description:/home/rosnoetic/vision_ws/rm_shaobing_vision/install/rm_buff:/home/rosnoetic/vision_ws/rm_shaobing_vision/install/rm_auto_record:/home/rosnoetic/vision_ws/rm_shaobing_vision/install/rm_auto_aim:/home/rosnoetic/vision_ws/rm_shaobing_vision/install/hik_camera:/home/rosnoetic/vision_ws/rm_shaobing_vision/install/buff_tracker:/home/rosnoetic/vision_ws/rm_shaobing_vision/install/buff_detector:/home/rosnoetic/vision_ws/rm_shaobing_vision/install/armor_tracker:/home/rosnoetic/vision_ws/rm_shaobing_vision/install/armor_detector:/home/rosnoetic/vision_ws/rm_shaobing_vision/install/auto_aim_interfaces:/home/rosnoetic/ros_ws/install/rm_vision_bringup:/home/rosnoetic/ros_ws/install/rm_serial_driver:/home/rosnoetic/ros_ws/install/rm_gimbal_description:/home/rosnoetic/ros_ws/install/hik_camera:/home/rosnoetic/ros_ws/install/armor_tracker:/home/rosnoetic/ros_ws/install/armor_detector:/home/rosnoetic/ros_ws/install/auto_aim_interfaces:/opt/ros/humble LD_LIBRARY_PATH=/home/rosnoetic/vision_ws/rm_shaobing_vision/install/buff_interfaces/lib:/home/rosnoetic/vision_ws/rm_shaobing_vision/install/rm_serial_driver/lib:/home/rosnoetic/vision_ws/rm_shaobing_vision/install/rm_auto_record/lib:/home/rosnoetic/vision_ws/rm_shaobing_vision/install/hik_camera/lib:/home/rosnoetic/vision_ws/rm_shaobing_vision/install/buff_tracker/lib:/home/rosnoetic/vision_ws/rm_shaobing_vision/install/buff_detector/lib:/home/rosnoetic/vision_ws/rm_shaobing_vision/install/armor_tracker/lib:/home/rosnoetic/vision_ws/rm_shaobing_vision/install/armor_detector/lib:/home/rosnoetic/vision_ws/rm_shaobing_vision/install/auto_aim_interfaces/lib:/opt/MVS/lib/64:/opt/MVS/lib/32:/opt/MVS/lib/64:/opt/MVS/lib/32:/home/rosnoetic/ros_ws/install/rm_serial_driver/lib:/home/rosnoetic/ros_ws/install/hik_camera/lib:/home/rosnoetic/ros_ws/install/armor_tracker/lib:/home/rosnoetic/ros_ws/install/armor_detector/lib:/home/rosnoetic/ros_ws/install/auto_aim_interfaces/lib:/usr/lib/x86_64-linux-gnu/gazebo-11/plugins:/opt/ros/humble/opt/rviz_ogre_vendor/lib:/opt/ros/humble/lib/x86_64-linux-gnu:/opt/ros/humble/lib:/opt/MVS/lib/64:/opt/MVS/lib/32:/opt/MVS/lib/64:/opt/MVS/lib/32 PYTHONPATH=/home/rosnoetic/vision_ws/rm_shaobing_vision/install/buff_interfaces/local/lib/python3.10/dist-packages:${PYTHONPATH} /usr/bin/cmake --build /home/rosnoetic/vision_ws/rm_shaobing_vision/build/buff_tracker -- -j16 -l16
[57.871s] Invoking command in '/home/rosnoetic/vision_ws/rm_shaobing_vision/build/buff_tracker': AMENT_PREFIX_PATH=/home/rosnoetic/vision_ws/rm_shaobing_vision/install/buff_interfaces:${AMENT_PREFIX_PATH} CMAKE_PREFIX_PATH=/home/rosnoetic/vision_ws/rm_shaobing_vision/install/buff_interfaces:/home/rosnoetic/vision_ws/rm_shaobing_vision/install/rm_vision_bringup:/home/rosnoetic/vision_ws/rm_shaobing_vision/install/rm_buff_bringup:/home/rosnoetic/vision_ws/rm_shaobing_vision/install/rm_serial_driver:/home/rosnoetic/vision_ws/rm_shaobing_vision/install/rm_gimbal_description:/home/rosnoetic/vision_ws/rm_shaobing_vision/install/rm_buff:/home/rosnoetic/vision_ws/rm_shaobing_vision/install/rm_auto_record:/home/rosnoetic/vision_ws/rm_shaobing_vision/install/rm_auto_aim:/home/rosnoetic/vision_ws/rm_shaobing_vision/install/hik_camera:/home/rosnoetic/vision_ws/rm_shaobing_vision/install/buff_tracker:/home/rosnoetic/vision_ws/rm_shaobing_vision/install/buff_detector:/home/rosnoetic/vision_ws/rm_shaobing_vision/install/armor_tracker:/home/rosnoetic/vision_ws/rm_shaobing_vision/install/armor_detector:/home/rosnoetic/vision_ws/rm_shaobing_vision/install/auto_aim_interfaces:/home/rosnoetic/ros_ws/install/rm_vision_bringup:/home/rosnoetic/ros_ws/install/rm_serial_driver:/home/rosnoetic/ros_ws/install/rm_gimbal_description:/home/rosnoetic/ros_ws/install/hik_camera:/home/rosnoetic/ros_ws/install/armor_tracker:/home/rosnoetic/ros_ws/install/armor_detector:/home/rosnoetic/ros_ws/install/auto_aim_interfaces:/opt/ros/humble LD_LIBRARY_PATH=/home/rosnoetic/vision_ws/rm_shaobing_vision/install/buff_interfaces/lib:/home/rosnoetic/vision_ws/rm_shaobing_vision/install/rm_serial_driver/lib:/home/rosnoetic/vision_ws/rm_shaobing_vision/install/rm_auto_record/lib:/home/rosnoetic/vision_ws/rm_shaobing_vision/install/hik_camera/lib:/home/rosnoetic/vision_ws/rm_shaobing_vision/install/buff_tracker/lib:/home/rosnoetic/vision_ws/rm_shaobing_vision/install/buff_detector/lib:/home/rosnoetic/vision_ws/rm_shaobing_vision/install/armor_tracker/lib:/home/rosnoetic/vision_ws/rm_shaobing_vision/install/armor_detector/lib:/home/rosnoetic/vision_ws/rm_shaobing_vision/install/auto_aim_interfaces/lib:/opt/MVS/lib/64:/opt/MVS/lib/32:/opt/MVS/lib/64:/opt/MVS/lib/32:/home/rosnoetic/ros_ws/install/rm_serial_driver/lib:/home/rosnoetic/ros_ws/install/hik_camera/lib:/home/rosnoetic/ros_ws/install/armor_tracker/lib:/home/rosnoetic/ros_ws/install/armor_detector/lib:/home/rosnoetic/ros_ws/install/auto_aim_interfaces/lib:/usr/lib/x86_64-linux-gnu/gazebo-11/plugins:/opt/ros/humble/opt/rviz_ogre_vendor/lib:/opt/ros/humble/lib/x86_64-linux-gnu:/opt/ros/humble/lib:/opt/MVS/lib/64:/opt/MVS/lib/32:/opt/MVS/lib/64:/opt/MVS/lib/32 PYTHONPATH=/home/rosnoetic/vision_ws/rm_shaobing_vision/install/buff_interfaces/local/lib/python3.10/dist-packages:${PYTHONPATH} /usr/bin/cmake --install /home/rosnoetic/vision_ws/rm_shaobing_vision/build/buff_tracker
[57.886s] -- Install configuration: ""
[57.887s] -- Installing: /home/rosnoetic/vision_ws/rm_shaobing_vision/install/buff_tracker/lib/buff_tracker/buff_tracker_node
[57.887s] -- Set runtime path of "/home/rosnoetic/vision_ws/rm_shaobing_vision/install/buff_tracker/lib/buff_tracker/buff_tracker_node" to ""
[57.887s] -- Up-to-date: /home/rosnoetic/vision_ws/rm_shaobing_vision/install/buff_tracker/include
[57.887s] -- Up-to-date: /home/rosnoetic/vision_ws/rm_shaobing_vision/install/buff_tracker/include/buff_tracker
[57.888s] -- Installing: /home/rosnoetic/vision_ws/rm_shaobing_vision/install/buff_tracker/include/buff_tracker/tracker.hpp
[57.889s] -- Installing: /home/rosnoetic/vision_ws/rm_shaobing_vision/install/buff_tracker/include/buff_tracker/extended_kalman_filter.hpp
[57.891s] -- Installing: /home/rosnoetic/vision_ws/rm_shaobing_vision/install/buff_tracker/include/buff_tracker/tracker_node.hpp
[57.892s] -- Installing: /home/rosnoetic/vision_ws/rm_shaobing_vision/install/buff_tracker/include/buff_tracker/gauss_newton_solver.hpp
[57.894s] -- Installing: /home/rosnoetic/vision_ws/rm_shaobing_vision/install/buff_tracker/share/buff_tracker/environment/library_path.dsv
[57.908s] -- Installing: /home/rosnoetic/vision_ws/rm_shaobing_vision/install/buff_tracker/lib/libbuff_tracker.so
[57.917s] -- Set runtime path of "/home/rosnoetic/vision_ws/rm_shaobing_vision/install/buff_tracker/lib/libbuff_tracker.so" to ""
[57.918s] -- Installing: /home/rosnoetic/vision_ws/rm_shaobing_vision/install/buff_tracker/share/ament_index/resource_index/package_run_dependencies/buff_tracker
[57.920s] -- Installing: /home/rosnoetic/vision_ws/rm_shaobing_vision/install/buff_tracker/share/ament_index/resource_index/parent_prefix_path/buff_tracker
[57.923s] -- Installing: /home/rosnoetic/vision_ws/rm_shaobing_vision/install/buff_tracker/share/buff_tracker/environment/ament_prefix_path.dsv
[57.927s] -- Installing: /home/rosnoetic/vision_ws/rm_shaobing_vision/install/buff_tracker/share/buff_tracker/environment/path.dsv
[57.928s] -- Installing: /home/rosnoetic/vision_ws/rm_shaobing_vision/install/buff_tracker/share/buff_tracker/local_setup.bash
[57.929s] -- Installing: /home/rosnoetic/vision_ws/rm_shaobing_vision/install/buff_tracker/share/buff_tracker/local_setup.sh
[57.931s] -- Installing: /home/rosnoetic/vision_ws/rm_shaobing_vision/install/buff_tracker/share/buff_tracker/local_setup.zsh
[57.932s] -- Installing: /home/rosnoetic/vision_ws/rm_shaobing_vision/install/buff_tracker/share/buff_tracker/local_setup.dsv
[57.932s] -- Installing: /home/rosnoetic/vision_ws/rm_shaobing_vision/install/buff_tracker/share/buff_tracker/package.dsv
[57.933s] -- Installing: /home/rosnoetic/vision_ws/rm_shaobing_vision/install/buff_tracker/share/ament_index/resource_index/packages/buff_tracker
[57.934s] -- Installing: /home/rosnoetic/vision_ws/rm_shaobing_vision/install/buff_tracker/share/ament_index/resource_index/rclcpp_components/buff_tracker
[57.935s] -- Installing: /home/rosnoetic/vision_ws/rm_shaobing_vision/install/buff_tracker/share/buff_tracker/cmake/ament_cmake_export_dependencies-extras.cmake
[57.936s] -- Installing: /home/rosnoetic/vision_ws/rm_shaobing_vision/install/buff_tracker/share/buff_tracker/cmake/ament_cmake_export_include_directories-extras.cmake
[57.937s] -- Installing: /home/rosnoetic/vision_ws/rm_shaobing_vision/install/buff_tracker/share/buff_tracker/cmake/ament_cmake_export_libraries-extras.cmake
[57.938s] -- Installing: /home/rosnoetic/vision_ws/rm_shaobing_vision/install/buff_tracker/share/buff_tracker/cmake/buff_trackerConfig.cmake
[57.938s] -- Installing: /home/rosnoetic/vision_ws/rm_shaobing_vision/install/buff_tracker/share/buff_tracker/cmake/buff_trackerConfig-version.cmake
[57.939s] -- Installing: /home/rosnoetic/vision_ws/rm_shaobing_vision/install/buff_tracker/share/buff_tracker/package.xml
[57.944s] Invoked command in '/home/rosnoetic/vision_ws/rm_shaobing_vision/build/buff_tracker' returned '0': AMENT_PREFIX_PATH=/home/rosnoetic/vision_ws/rm_shaobing_vision/install/buff_interfaces:${AMENT_PREFIX_PATH} CMAKE_PREFIX_PATH=/home/rosnoetic/vision_ws/rm_shaobing_vision/install/buff_interfaces:/home/rosnoetic/vision_ws/rm_shaobing_vision/install/rm_vision_bringup:/home/rosnoetic/vision_ws/rm_shaobing_vision/install/rm_buff_bringup:/home/rosnoetic/vision_ws/rm_shaobing_vision/install/rm_serial_driver:/home/rosnoetic/vision_ws/rm_shaobing_vision/install/rm_gimbal_description:/home/rosnoetic/vision_ws/rm_shaobing_vision/install/rm_buff:/home/rosnoetic/vision_ws/rm_shaobing_vision/install/rm_auto_record:/home/rosnoetic/vision_ws/rm_shaobing_vision/install/rm_auto_aim:/home/rosnoetic/vision_ws/rm_shaobing_vision/install/hik_camera:/home/rosnoetic/vision_ws/rm_shaobing_vision/install/buff_tracker:/home/rosnoetic/vision_ws/rm_shaobing_vision/install/buff_detector:/home/rosnoetic/vision_ws/rm_shaobing_vision/install/armor_tracker:/home/rosnoetic/vision_ws/rm_shaobing_vision/install/armor_detector:/home/rosnoetic/vision_ws/rm_shaobing_vision/install/auto_aim_interfaces:/home/rosnoetic/ros_ws/install/rm_vision_bringup:/home/rosnoetic/ros_ws/install/rm_serial_driver:/home/rosnoetic/ros_ws/install/rm_gimbal_description:/home/rosnoetic/ros_ws/install/hik_camera:/home/rosnoetic/ros_ws/install/armor_tracker:/home/rosnoetic/ros_ws/install/armor_detector:/home/rosnoetic/ros_ws/install/auto_aim_interfaces:/opt/ros/humble LD_LIBRARY_PATH=/home/rosnoetic/vision_ws/rm_shaobing_vision/install/buff_interfaces/lib:/home/rosnoetic/vision_ws/rm_shaobing_vision/install/rm_serial_driver/lib:/home/rosnoetic/vision_ws/rm_shaobing_vision/install/rm_auto_record/lib:/home/rosnoetic/vision_ws/rm_shaobing_vision/install/hik_camera/lib:/home/rosnoetic/vision_ws/rm_shaobing_vision/install/buff_tracker/lib:/home/rosnoetic/vision_ws/rm_shaobing_vision/install/buff_detector/lib:/home/rosnoetic/vision_ws/rm_shaobing_vision/install/armor_tracker/lib:/home/rosnoetic/vision_ws/rm_shaobing_vision/install/armor_detector/lib:/home/rosnoetic/vision_ws/rm_shaobing_vision/install/auto_aim_interfaces/lib:/opt/MVS/lib/64:/opt/MVS/lib/32:/opt/MVS/lib/64:/opt/MVS/lib/32:/home/rosnoetic/ros_ws/install/rm_serial_driver/lib:/home/rosnoetic/ros_ws/install/hik_camera/lib:/home/rosnoetic/ros_ws/install/armor_tracker/lib:/home/rosnoetic/ros_ws/install/armor_detector/lib:/home/rosnoetic/ros_ws/install/auto_aim_interfaces/lib:/usr/lib/x86_64-linux-gnu/gazebo-11/plugins:/opt/ros/humble/opt/rviz_ogre_vendor/lib:/opt/ros/humble/lib/x86_64-linux-gnu:/opt/ros/humble/lib:/opt/MVS/lib/64:/opt/MVS/lib/32:/opt/MVS/lib/64:/opt/MVS/lib/32 PYTHONPATH=/home/rosnoetic/vision_ws/rm_shaobing_vision/install/buff_interfaces/local/lib/python3.10/dist-packages:${PYTHONPATH} /usr/bin/cmake --install /home/rosnoetic/vision_ws/rm_shaobing_vision/build/buff_tracker
