[0.018s] Invoking command in '/home/nuc/rm_vision_ws/build/rm_gimbal_description': CMAKE_PREFIX_PATH=${CMAKE_PREFIX_PATH}:/opt/ros/humble /usr/bin/cmake --build /home/nuc/rm_vision_ws/build/rm_gimbal_description -- -j16 -l16
[0.088s] Invoked command in '/home/nuc/rm_vision_ws/build/rm_gimbal_description' returned '0': CMAKE_PREFIX_PATH=${CMAKE_PREFIX_PATH}:/opt/ros/humble /usr/bin/cmake --build /home/nuc/rm_vision_ws/build/rm_gimbal_description -- -j16 -l16
[0.132s] Invoking command in '/home/nuc/rm_vision_ws/build/rm_gimbal_description': CMAKE_PREFIX_PATH=${CMAKE_PREFIX_PATH}:/opt/ros/humble /usr/bin/cmake --install /home/nuc/rm_vision_ws/build/rm_gimbal_description
[0.142s] -- Install configuration: ""
[0.144s] -- Execute custom install script
[0.145s] -- Up-to-date symlink: /home/nuc/rm_vision_ws/install/rm_gimbal_description/share/rm_gimbal_description/urdf/rm_gimbal.urdf.xacro
[0.146s] -- Up-to-date symlink: /home/nuc/rm_vision_ws/install/rm_gimbal_description/share/ament_index/resource_index/package_run_dependencies/rm_gimbal_description
[0.146s] -- Up-to-date symlink: /home/nuc/rm_vision_ws/install/rm_gimbal_description/share/ament_index/resource_index/parent_prefix_path/rm_gimbal_description
[0.146s] -- Up-to-date symlink: /home/nuc/rm_vision_ws/install/rm_gimbal_description/share/rm_gimbal_description/environment/ament_prefix_path.sh
[0.147s] -- Up-to-date symlink: /home/nuc/rm_vision_ws/install/rm_gimbal_description/share/rm_gimbal_description/environment/ament_prefix_path.dsv
[0.148s] -- Up-to-date symlink: /home/nuc/rm_vision_ws/install/rm_gimbal_description/share/rm_gimbal_description/environment/path.sh
[0.149s] -- Up-to-date symlink: /home/nuc/rm_vision_ws/install/rm_gimbal_description/share/rm_gimbal_description/environment/path.dsv
[0.149s] -- Up-to-date symlink: /home/nuc/rm_vision_ws/install/rm_gimbal_description/share/rm_gimbal_description/local_setup.bash
[0.149s] -- Up-to-date symlink: /home/nuc/rm_vision_ws/install/rm_gimbal_description/share/rm_gimbal_description/local_setup.sh
[0.149s] -- Up-to-date symlink: /home/nuc/rm_vision_ws/install/rm_gimbal_description/share/rm_gimbal_description/local_setup.zsh
[0.149s] -- Up-to-date symlink: /home/nuc/rm_vision_ws/install/rm_gimbal_description/share/rm_gimbal_description/local_setup.dsv
[0.149s] -- Symlinking: /home/nuc/rm_vision_ws/install/rm_gimbal_description/share/rm_gimbal_description/package.dsv
[0.154s] -- Up-to-date symlink: /home/nuc/rm_vision_ws/install/rm_gimbal_description/share/ament_index/resource_index/packages/rm_gimbal_description
[0.154s] -- Up-to-date symlink: /home/nuc/rm_vision_ws/install/rm_gimbal_description/share/rm_gimbal_description/cmake/rm_gimbal_descriptionConfig.cmake
[0.154s] -- Up-to-date symlink: /home/nuc/rm_vision_ws/install/rm_gimbal_description/share/rm_gimbal_description/cmake/rm_gimbal_descriptionConfig-version.cmake
[0.155s] -- Up-to-date symlink: /home/nuc/rm_vision_ws/install/rm_gimbal_description/share/rm_gimbal_description/package.xml
[0.156s] Invoked command in '/home/nuc/rm_vision_ws/build/rm_gimbal_description' returned '0': CMAKE_PREFIX_PATH=${CMAKE_PREFIX_PATH}:/opt/ros/humble /usr/bin/cmake --install /home/nuc/rm_vision_ws/build/rm_gimbal_description
