[0.036s] Invoking command in '/home/rosnoetic/rm_shaobing_vision/build/armor_tracker': CMAKE_PREFIX_PATH=/home/rosnoetic/rm_shaobing_vision/install/auto_aim_interfaces:/home/rosnoetic/rm_shaobing_vision/install/rm_vision_bringup:/home/rosnoetic/rm_shaobing_vision/install/rm_buff_bringup:/home/rosnoetic/rm_shaobing_vision/install/rm_serial_driver:/home/rosnoetic/rm_shaobing_vision/install/rm_gimbal_description:/home/rosnoetic/rm_shaobing_vision/install/rm_buff:/home/rosnoetic/rm_shaobing_vision/install/rm_auto_record:/home/rosnoetic/rm_shaobing_vision/install/rm_auto_aim:/home/rosnoetic/rm_shaobing_vision/install/hik_camera:/home/rosnoetic/rm_shaobing_vision/install/buff_tracker:/home/rosnoetic/rm_shaobing_vision/install/buff_detector:/home/rosnoetic/rm_shaobing_vision/install/buff_interfaces:/home/rosnoetic/rm_shaobing_vision/install/armor_tracker:/home/rosnoetic/rm_shaobing_vision/install/armor_detector:/home/rosnoetic/ros_ws/install/rm_vision_bringup:/home/rosnoetic/ros_ws/install/rm_serial_driver:/home/rosnoetic/ros_ws/install/rm_gimbal_description:/home/rosnoetic/ros_ws/install/hik_camera:/home/rosnoetic/ros_ws/install/armor_tracker:/home/rosnoetic/ros_ws/install/armor_detector:/home/rosnoetic/ros_ws/install/auto_aim_interfaces:/opt/ros/humble LD_LIBRARY_PATH=/home/rosnoetic/rm_shaobing_vision/install/auto_aim_interfaces/lib:/home/rosnoetic/rm_shaobing_vision/install/rm_serial_driver/lib:/home/rosnoetic/rm_shaobing_vision/install/rm_auto_record/lib:/home/rosnoetic/rm_shaobing_vision/install/hik_camera/lib:/home/rosnoetic/rm_shaobing_vision/install/buff_tracker/lib:/home/rosnoetic/rm_shaobing_vision/install/buff_detector/lib:/home/rosnoetic/rm_shaobing_vision/install/buff_interfaces/lib:/home/rosnoetic/rm_shaobing_vision/install/armor_tracker/lib:/home/rosnoetic/rm_shaobing_vision/install/armor_detector/lib:/opt/MVS/lib/64:/opt/MVS/lib/32:/opt/MVS/lib/64:/opt/MVS/lib/32:/home/rosnoetic/ros_ws/install/rm_serial_driver/lib:/home/rosnoetic/ros_ws/install/hik_camera/lib:/home/rosnoetic/ros_ws/install/armor_tracker/lib:/home/rosnoetic/ros_ws/install/armor_detector/lib:/home/rosnoetic/ros_ws/install/auto_aim_interfaces/lib:/usr/lib/x86_64-linux-gnu/gazebo-11/plugins:/opt/ros/humble/opt/rviz_ogre_vendor/lib:/opt/ros/humble/lib/x86_64-linux-gnu:/opt/ros/humble/lib:/opt/MVS/lib/64:/opt/MVS/lib/32:/opt/MVS/lib/64:/opt/MVS/lib/32 /usr/bin/cmake --build /home/rosnoetic/rm_shaobing_vision/build/armor_tracker -- -j16 -l16
[0.153s] [ 33%] Built target armor_tracker_node
[0.166s] [ 50%] [32mBuilding CXX object CMakeFiles/armor_tracker.dir/src/tracker.cpp.o[0m
[0.168s] [ 66%] [32mBuilding CXX object CMakeFiles/armor_tracker.dir/src/tracker_node.cpp.o[0m
[6.117s] [01m[K/home/rosnoetic/rm_shaobing_vision/src/rm_auto_aim/armor_tracker/src/tracker_node.cpp:[m[K In member function ‘[01m[Kvoid rm_auto_aim::ArmorTrackerNode::armorsCallback(auto_aim_interfaces::msg::Armors_<std::allocator<void> >::SharedPtr)[m[K’:
[6.117s] [01m[K/home/rosnoetic/rm_shaobing_vision/src/rm_auto_aim/armor_tracker/src/tracker_node.cpp:241:29:[m[K [01;31m[Kerror: [m[K‘[01m[KTimeSeries[m[K’ is not a member of ‘[01m[Kauto_aim_interfaces::msg[m[K’
[6.117s]   241 |   auto_aim_interfaces::msg::[01;31m[KTimeSeries[m[K ts;
[6.117s]       |                             [01;31m[K^~~~~~~~~~[m[K
[6.119s] [01m[K/home/rosnoetic/rm_shaobing_vision/src/rm_auto_aim/armor_tracker/src/tracker_node.cpp:242:31:[m[K [01;31m[Kerror: [m[K‘[01m[Kusing Target = struct auto_aim_interfaces::msg::Target_<std::allocator<void> >[m[K’ {aka ‘[01m[Kstruct auto_aim_interfaces::msg::Target_<std::allocator<void> >[m[K’} has no member named ‘[01m[Ktimeseries[m[K’
[6.120s]   242 |   int series_num = target_msg.[01;31m[Ktimeseries[m[K.size();
[6.120s]       |                               [01;31m[K^~~~~~~~~~[m[K
[6.120s] [01m[K/home/rosnoetic/rm_shaobing_vision/src/rm_auto_aim/armor_tracker/src/tracker_node.cpp:246:19:[m[K [01;31m[Kerror: [m[K‘[01m[Kusing Target = struct auto_aim_interfaces::msg::Target_<std::allocator<void> >[m[K’ {aka ‘[01m[Kstruct auto_aim_interfaces::msg::Target_<std::allocator<void> >[m[K’} has no member named ‘[01m[Ktimeseries[m[K’
[6.120s]   246 |     if(target_msg.[01;31m[Ktimeseries[m[K[series_num-1].header.stamp.sec - target_msg.timeseries[0].header.stamp.sec > 5)
[6.121s]       |                   [01;31m[K^~~~~~~~~~[m[K
[6.121s] [01m[K/home/rosnoetic/rm_shaobing_vision/src/rm_auto_aim/armor_tracker/src/tracker_node.cpp:246:74:[m[K [01;31m[Kerror: [m[K‘[01m[Kusing Target = struct auto_aim_interfaces::msg::Target_<std::allocator<void> >[m[K’ {aka ‘[01m[Kstruct auto_aim_interfaces::msg::Target_<std::allocator<void> >[m[K’} has no member named ‘[01m[Ktimeseries[m[K’
[6.121s]   246 |     if(target_msg.timeseries[series_num-1].header.stamp.sec - target_msg.[01;31m[Ktimeseries[m[K[0].header.stamp.sec > 5)
[6.121s]       |                                                                          [01;31m[K^~~~~~~~~~[m[K
[6.121s] [01m[K/home/rosnoetic/rm_shaobing_vision/src/rm_auto_aim/armor_tracker/src/tracker_node.cpp:248:18:[m[K [01;31m[Kerror: [m[K‘[01m[Kusing Target = struct auto_aim_interfaces::msg::Target_<std::allocator<void> >[m[K’ {aka ‘[01m[Kstruct auto_aim_interfaces::msg::Target_<std::allocator<void> >[m[K’} has no member named ‘[01m[Ktimeseries[m[K’
[6.121s]   248 |       target_msg.[01;31m[Ktimeseries[m[K.clear();
[6.121s]       |                  [01;31m[K^~~~~~~~~~[m[K
[6.122s] [01m[K/home/rosnoetic/rm_shaobing_vision/src/rm_auto_aim/armor_tracker/src/tracker_node.cpp:253:14:[m[K [01;31m[Kerror: [m[K‘[01m[Kusing Target = struct auto_aim_interfaces::msg::Target_<std::allocator<void> >[m[K’ {aka ‘[01m[Kstruct auto_aim_interfaces::msg::Target_<std::allocator<void> >[m[K’} has no member named ‘[01m[Ktimeseries[m[K’
[6.122s]   253 |   target_msg.[01;31m[Ktimeseries[m[K[series_num-1].header.stamp = time;
[6.122s]       |              [01;31m[K^~~~~~~~~~[m[K
[6.137s] [01m[K/home/rosnoetic/rm_shaobing_vision/src/rm_auto_aim/armor_tracker/src/tracker_node.cpp:297:7:[m[K [01;31m[Kerror: [m[K‘[01m[Kts[m[K’ was not declared in this scope; did you mean ‘[01m[Ktm[m[K’?
[6.137s]   297 |       [01;31m[Kts[m[K.x = target_msg.position.x;
[6.137s]       |       [01;31m[K^~[m[K
[6.137s]       |       [32m[Ktm[m[K
[6.138s] [01m[K/home/rosnoetic/rm_shaobing_vision/src/rm_auto_aim/armor_tracker/src/tracker_node.cpp:300:18:[m[K [01;31m[Kerror: [m[K‘[01m[Kusing Target = struct auto_aim_interfaces::msg::Target_<std::allocator<void> >[m[K’ {aka ‘[01m[Kstruct auto_aim_interfaces::msg::Target_<std::allocator<void> >[m[K’} has no member named ‘[01m[Ktimeseries[m[K’
[6.138s]   300 |       target_msg.[01;31m[Ktimeseries[m[K.emplace_back(ts);
[6.138s]       |                  [01;31m[K^~~~~~~~~~[m[K
[11.797s] gmake[2]: *** [CMakeFiles/armor_tracker.dir/build.make:104：CMakeFiles/armor_tracker.dir/src/tracker_node.cpp.o] 错误 1
[11.798s] gmake[1]: *** [CMakeFiles/Makefile2:139：CMakeFiles/armor_tracker.dir/all] 错误 2
[11.798s] gmake: *** [Makefile:146：all] 错误 2
[11.807s] Invoked command in '/home/rosnoetic/rm_shaobing_vision/build/armor_tracker' returned '2': CMAKE_PREFIX_PATH=/home/rosnoetic/rm_shaobing_vision/install/auto_aim_interfaces:/home/rosnoetic/rm_shaobing_vision/install/rm_vision_bringup:/home/rosnoetic/rm_shaobing_vision/install/rm_buff_bringup:/home/rosnoetic/rm_shaobing_vision/install/rm_serial_driver:/home/rosnoetic/rm_shaobing_vision/install/rm_gimbal_description:/home/rosnoetic/rm_shaobing_vision/install/rm_buff:/home/rosnoetic/rm_shaobing_vision/install/rm_auto_record:/home/rosnoetic/rm_shaobing_vision/install/rm_auto_aim:/home/rosnoetic/rm_shaobing_vision/install/hik_camera:/home/rosnoetic/rm_shaobing_vision/install/buff_tracker:/home/rosnoetic/rm_shaobing_vision/install/buff_detector:/home/rosnoetic/rm_shaobing_vision/install/buff_interfaces:/home/rosnoetic/rm_shaobing_vision/install/armor_tracker:/home/rosnoetic/rm_shaobing_vision/install/armor_detector:/home/rosnoetic/ros_ws/install/rm_vision_bringup:/home/rosnoetic/ros_ws/install/rm_serial_driver:/home/rosnoetic/ros_ws/install/rm_gimbal_description:/home/rosnoetic/ros_ws/install/hik_camera:/home/rosnoetic/ros_ws/install/armor_tracker:/home/rosnoetic/ros_ws/install/armor_detector:/home/rosnoetic/ros_ws/install/auto_aim_interfaces:/opt/ros/humble LD_LIBRARY_PATH=/home/rosnoetic/rm_shaobing_vision/install/auto_aim_interfaces/lib:/home/rosnoetic/rm_shaobing_vision/install/rm_serial_driver/lib:/home/rosnoetic/rm_shaobing_vision/install/rm_auto_record/lib:/home/rosnoetic/rm_shaobing_vision/install/hik_camera/lib:/home/rosnoetic/rm_shaobing_vision/install/buff_tracker/lib:/home/rosnoetic/rm_shaobing_vision/install/buff_detector/lib:/home/rosnoetic/rm_shaobing_vision/install/buff_interfaces/lib:/home/rosnoetic/rm_shaobing_vision/install/armor_tracker/lib:/home/rosnoetic/rm_shaobing_vision/install/armor_detector/lib:/opt/MVS/lib/64:/opt/MVS/lib/32:/opt/MVS/lib/64:/opt/MVS/lib/32:/home/rosnoetic/ros_ws/install/rm_serial_driver/lib:/home/rosnoetic/ros_ws/install/hik_camera/lib:/home/rosnoetic/ros_ws/install/armor_tracker/lib:/home/rosnoetic/ros_ws/install/armor_detector/lib:/home/rosnoetic/ros_ws/install/auto_aim_interfaces/lib:/usr/lib/x86_64-linux-gnu/gazebo-11/plugins:/opt/ros/humble/opt/rviz_ogre_vendor/lib:/opt/ros/humble/lib/x86_64-linux-gnu:/opt/ros/humble/lib:/opt/MVS/lib/64:/opt/MVS/lib/32:/opt/MVS/lib/64:/opt/MVS/lib/32 /usr/bin/cmake --build /home/rosnoetic/rm_shaobing_vision/build/armor_tracker -- -j16 -l16
