[0.010s] Invoking command in '/home/nuc/rm_vision_ws/build/buff_interfaces': CMAKE_PREFIX_PATH=/opt/ros/humble /usr/bin/cmake /home/nuc/rm_vision_ws/src/rm_buff/buff_interfaces -DAMENT_CMAKE_SYMLINK_INSTALL=1 -DCMAKE_INSTALL_PREFIX=/home/nuc/rm_vision_ws/install/buff_interfaces
[0.049s] -- The C compiler identification is GNU 11.4.0
[0.097s] -- The CXX compiler identification is GNU 11.4.0
[0.102s] -- Detecting C compiler ABI info
[0.156s] -- Detecting C compiler ABI info - done
[0.164s] -- Check for working C compiler: /usr/bin/cc - skipped
[0.164s] -- Detecting C compile features
[0.165s] -- Detecting C compile features - done
[0.168s] -- Detecting CXX compiler ABI info
[0.241s] -- Detecting CXX compiler ABI info - done
[0.250s] -- Check for working CXX compiler: /usr/bin/c++ - skipped
[0.250s] -- Detecting CXX compile features
[0.250s] -- Detecting CXX compile features - done
[0.253s] -- Found ament_cmake: 1.3.10 (/opt/ros/humble/share/ament_cmake/cmake)
[0.375s] -- Found Python3: /usr/bin/python3 (found version "3.10.12") found components: Interpreter 
[0.435s] -- Override CMake install command with custom implementation using symlinks instead of copying resources
[0.452s] -- Found rosidl_default_generators: 1.2.0 (/opt/ros/humble/share/rosidl_default_generators/cmake)
[0.454s] -- Using all available rosidl_typesupport_c: rosidl_typesupport_fastrtps_c;rosidl_typesupport_introspection_c
[0.458s] -- Found rosidl_adapter: 3.1.5 (/opt/ros/humble/share/rosidl_adapter/cmake)
[0.482s] -- Using all available rosidl_typesupport_cpp: rosidl_typesupport_fastrtps_cpp;rosidl_typesupport_introspection_cpp
[0.503s] -- Found geometry_msgs: 4.2.4 (/opt/ros/humble/share/geometry_msgs/cmake)
[0.773s] -- Found ament_cmake_ros: 0.10.0 (/opt/ros/humble/share/ament_cmake_ros/cmake)
[0.952s] -- Using all available rosidl_typesupport_c: rosidl_typesupport_fastrtps_c;rosidl_typesupport_introspection_c
[1.255s] -- Using all available rosidl_typesupport_cpp: rosidl_typesupport_fastrtps_cpp;rosidl_typesupport_introspection_cpp
[1.278s] -- Found PythonInterp: /usr/bin/python3 (found suitable version "3.10.12", minimum required is "3.6") 
[1.279s] -- Found python_cmake_module: 0.10.0 (/opt/ros/humble/share/python_cmake_module/cmake)
[1.307s] -- Found PythonLibs: /usr/lib/x86_64-linux-gnu/libpython3.10.so (found suitable version "3.10.12", minimum required is "3.5") 
[1.307s] -- Using PYTHON_EXECUTABLE: /usr/bin/python3
[1.307s] -- Using PYTHON_INCLUDE_DIRS: /usr/include/python3.10
[1.307s] -- Using PYTHON_LIBRARIES: /usr/lib/x86_64-linux-gnu/libpython3.10.so
[1.330s] -- Found PythonExtra: .so  
[1.397s] -- Configuring done
[1.427s] -- Generating done
[1.429s] -- Build files have been written to: /home/nuc/rm_vision_ws/build/buff_interfaces
[1.442s] Invoked command in '/home/nuc/rm_vision_ws/build/buff_interfaces' returned '0': CMAKE_PREFIX_PATH=/opt/ros/humble /usr/bin/cmake /home/nuc/rm_vision_ws/src/rm_buff/buff_interfaces -DAMENT_CMAKE_SYMLINK_INSTALL=1 -DCMAKE_INSTALL_PREFIX=/home/nuc/rm_vision_ws/install/buff_interfaces
[1.443s] Invoking command in '/home/nuc/rm_vision_ws/build/buff_interfaces': CMAKE_PREFIX_PATH=/opt/ros/humble /usr/bin/cmake --build /home/nuc/rm_vision_ws/build/buff_interfaces -- -j16 -l16
[1.493s] [  1%] [34m[1mGenerating C code for ROS interfaces[0m
[1.506s] [  2%] [34m[1mGenerating C++ code for ROS interfaces[0m
[1.518s] [  2%] Built target ament_cmake_python_symlink_buff_interfaces
[1.719s] running egg_info
[1.719s] creating buff_interfaces.egg-info
[1.720s] writing buff_interfaces.egg-info/PKG-INFO
[1.720s] writing dependency_links to buff_interfaces.egg-info/dependency_links.txt
[1.720s] writing top-level names to buff_interfaces.egg-info/top_level.txt
[1.720s] writing manifest file 'buff_interfaces.egg-info/SOURCES.txt'
[1.721s] reading manifest file 'buff_interfaces.egg-info/SOURCES.txt'
[1.722s] writing manifest file 'buff_interfaces.egg-info/SOURCES.txt'
[1.752s] [  2%] Built target ament_cmake_python_build_buff_interfaces_egg
[2.049s] [  6%] [32mBuilding C object CMakeFiles/buff_interfaces__rosidl_generator_c.dir/rosidl_generator_c/buff_interfaces/msg/detail/rune__functions.c.o[0m
[2.049s] [  6%] [32mBuilding C object CMakeFiles/buff_interfaces__rosidl_generator_c.dir/rosidl_generator_c/buff_interfaces/msg/detail/blade__functions.c.o[0m
[2.049s] [  6%] [32mBuilding C object CMakeFiles/buff_interfaces__rosidl_generator_c.dir/rosidl_generator_c/buff_interfaces/msg/detail/blade_array__functions.c.o[0m
[2.055s] [  7%] [32mBuilding C object CMakeFiles/buff_interfaces__rosidl_generator_c.dir/rosidl_generator_c/buff_interfaces/msg/detail/debug_blade_array__functions.c.o[0m
[2.056s] [  8%] [32mBuilding C object CMakeFiles/buff_interfaces__rosidl_generator_c.dir/rosidl_generator_c/buff_interfaces/msg/detail/rune_info__functions.c.o[0m
[2.056s] [ 10%] [32mBuilding C object CMakeFiles/buff_interfaces__rosidl_generator_c.dir/rosidl_generator_c/buff_interfaces/msg/detail/time_info__functions.c.o[0m
[2.057s] [ 11%] [32mBuilding C object CMakeFiles/buff_interfaces__rosidl_generator_c.dir/rosidl_generator_c/buff_interfaces/msg/detail/debug_blade__functions.c.o[0m
[2.122s] [ 12%] [32m[1mLinking C shared library libbuff_interfaces__rosidl_generator_c.so[0m
[2.188s] [ 12%] Built target buff_interfaces__cpp
[2.189s] [ 12%] Built target buff_interfaces__rosidl_generator_c
[2.205s] [ 13%] [34m[1mGenerating C++ type support for eProsima Fast-RTPS[0m
[2.205s] [ 15%] [34m[1mGenerating C type support dispatch for ROS interfaces[0m
[2.205s] [ 16%] [34m[1mGenerating C++ introspection for ROS interfaces[0m
[2.205s] [ 17%] [34m[1mGenerating C++ type support dispatch for ROS interfaces[0m
[2.207s] [ 18%] [34m[1mGenerating C introspection for ROS interfaces[0m
[2.208s] [ 20%] [34m[1mGenerating C type support for eProsima Fast-RTPS[0m
[2.806s] [ 21%] [32mBuilding CXX object CMakeFiles/buff_interfaces__rosidl_typesupport_c.dir/rosidl_typesupport_c/buff_interfaces/msg/blade_array__type_support.cpp.o[0m
[2.806s] [ 22%] [32mBuilding CXX object CMakeFiles/buff_interfaces__rosidl_typesupport_c.dir/rosidl_typesupport_c/buff_interfaces/msg/blade__type_support.cpp.o[0m
[2.807s] [ 24%] [32mBuilding CXX object CMakeFiles/buff_interfaces__rosidl_typesupport_c.dir/rosidl_typesupport_c/buff_interfaces/msg/debug_blade__type_support.cpp.o[0m
[2.819s] [ 25%] [32mBuilding CXX object CMakeFiles/buff_interfaces__rosidl_typesupport_c.dir/rosidl_typesupport_c/buff_interfaces/msg/debug_blade_array__type_support.cpp.o[0m
[2.824s] [ 26%] [32mBuilding CXX object CMakeFiles/buff_interfaces__rosidl_typesupport_c.dir/rosidl_typesupport_c/buff_interfaces/msg/rune_info__type_support.cpp.o[0m
[2.827s] [ 27%] [32mBuilding CXX object CMakeFiles/buff_interfaces__rosidl_typesupport_c.dir/rosidl_typesupport_c/buff_interfaces/msg/rune__type_support.cpp.o[0m
[2.840s] [ 29%] [32mBuilding CXX object CMakeFiles/buff_interfaces__rosidl_typesupport_c.dir/rosidl_typesupport_c/buff_interfaces/msg/time_info__type_support.cpp.o[0m
[2.966s] [ 30%] [32m[1mLinking CXX shared library libbuff_interfaces__rosidl_typesupport_c.so[0m
[3.161s] [ 31%] [32mBuilding CXX object CMakeFiles/buff_interfaces__rosidl_typesupport_introspection_cpp.dir/rosidl_typesupport_introspection_cpp/buff_interfaces/msg/detail/blade__type_support.cpp.o[0m
[3.161s] [ 34%] [32mBuilding CXX object CMakeFiles/buff_interfaces__rosidl_typesupport_fastrtps_cpp.dir/rosidl_typesupport_fastrtps_cpp/buff_interfaces/msg/detail/dds_fastrtps/blade_array__type_support.cpp.o[0m
[3.161s] [ 34%] [32mBuilding CXX object CMakeFiles/buff_interfaces__rosidl_typesupport_fastrtps_cpp.dir/rosidl_typesupport_fastrtps_cpp/buff_interfaces/msg/detail/dds_fastrtps/blade__type_support.cpp.o[0m
[3.162s] [ 34%] Built target buff_interfaces__rosidl_typesupport_c
[3.165s] [ 35%] [32mBuilding CXX object CMakeFiles/buff_interfaces__rosidl_typesupport_fastrtps_cpp.dir/rosidl_typesupport_fastrtps_cpp/buff_interfaces/msg/detail/dds_fastrtps/rune__type_support.cpp.o[0m
[3.169s] [ 36%] [32mBuilding CXX object CMakeFiles/buff_interfaces__rosidl_typesupport_fastrtps_cpp.dir/rosidl_typesupport_fastrtps_cpp/buff_interfaces/msg/detail/dds_fastrtps/debug_blade_array__type_support.cpp.o[0m
[3.170s] [ 37%] [32mBuilding CXX object CMakeFiles/buff_interfaces__rosidl_typesupport_introspection_cpp.dir/rosidl_typesupport_introspection_cpp/buff_interfaces/msg/detail/debug_blade__type_support.cpp.o[0m
[3.172s] [ 39%] [32mBuilding CXX object CMakeFiles/buff_interfaces__rosidl_typesupport_introspection_cpp.dir/rosidl_typesupport_introspection_cpp/buff_interfaces/msg/detail/blade_array__type_support.cpp.o[0m
[3.175s] [ 40%] [32mBuilding CXX object CMakeFiles/buff_interfaces__rosidl_typesupport_fastrtps_cpp.dir/rosidl_typesupport_fastrtps_cpp/buff_interfaces/msg/detail/dds_fastrtps/debug_blade__type_support.cpp.o[0m
[3.180s] [ 41%] [32mBuilding CXX object CMakeFiles/buff_interfaces__rosidl_typesupport_fastrtps_cpp.dir/rosidl_typesupport_fastrtps_cpp/buff_interfaces/msg/detail/dds_fastrtps/rune_info__type_support.cpp.o[0m
[3.182s] [ 43%] [32mBuilding CXX object CMakeFiles/buff_interfaces__rosidl_typesupport_introspection_cpp.dir/rosidl_typesupport_introspection_cpp/buff_interfaces/msg/detail/debug_blade_array__type_support.cpp.o[0m
[3.196s] [ 45%] [32mBuilding C object CMakeFiles/buff_interfaces__rosidl_typesupport_introspection_c.dir/rosidl_typesupport_introspection_c/buff_interfaces/msg/detail/blade__type_support.c.o[0m
[3.196s] [ 45%] [32mBuilding CXX object CMakeFiles/buff_interfaces__rosidl_typesupport_introspection_cpp.dir/rosidl_typesupport_introspection_cpp/buff_interfaces/msg/detail/rune__type_support.cpp.o[0m
[3.199s] [ 46%] [32mBuilding CXX object CMakeFiles/buff_interfaces__rosidl_typesupport_introspection_cpp.dir/rosidl_typesupport_introspection_cpp/buff_interfaces/msg/detail/rune_info__type_support.cpp.o[0m
[3.200s] [ 48%] [32mBuilding CXX object CMakeFiles/buff_interfaces__rosidl_typesupport_fastrtps_cpp.dir/rosidl_typesupport_fastrtps_cpp/buff_interfaces/msg/detail/dds_fastrtps/time_info__type_support.cpp.o[0m
[3.348s] [ 49%] [32mBuilding C object CMakeFiles/buff_interfaces__rosidl_typesupport_introspection_c.dir/rosidl_typesupport_introspection_c/buff_interfaces/msg/detail/blade_array__type_support.c.o[0m
[3.512s] [ 50%] [32mBuilding CXX object CMakeFiles/buff_interfaces__rosidl_typesupport_cpp.dir/rosidl_typesupport_cpp/buff_interfaces/msg/blade__type_support.cpp.o[0m
[3.514s] [ 51%] [32mBuilding C object CMakeFiles/buff_interfaces__rosidl_typesupport_introspection_c.dir/rosidl_typesupport_introspection_c/buff_interfaces/msg/detail/debug_blade__type_support.c.o[0m
[3.715s] [ 53%] [32mBuilding C object CMakeFiles/buff_interfaces__rosidl_typesupport_introspection_c.dir/rosidl_typesupport_introspection_c/buff_interfaces/msg/detail/debug_blade_array__type_support.c.o[0m
[3.860s] [ 54%] [32mBuilding C object CMakeFiles/buff_interfaces__rosidl_typesupport_introspection_c.dir/rosidl_typesupport_introspection_c/buff_interfaces/msg/detail/rune__type_support.c.o[0m
[4.004s] [ 55%] [32mBuilding C object CMakeFiles/buff_interfaces__rosidl_typesupport_introspection_c.dir/rosidl_typesupport_introspection_c/buff_interfaces/msg/detail/rune_info__type_support.c.o[0m
[4.066s] [ 56%] [32mBuilding CXX object CMakeFiles/buff_interfaces__rosidl_typesupport_fastrtps_c.dir/rosidl_typesupport_fastrtps_c/buff_interfaces/msg/detail/blade__type_support_c.cpp.o[0m
[4.179s] [ 58%] [32mBuilding C object CMakeFiles/buff_interfaces__rosidl_typesupport_introspection_c.dir/rosidl_typesupport_introspection_c/buff_interfaces/msg/detail/time_info__type_support.c.o[0m
[4.311s] [ 59%] [32mBuilding CXX object CMakeFiles/buff_interfaces__rosidl_typesupport_cpp.dir/rosidl_typesupport_cpp/buff_interfaces/msg/blade_array__type_support.cpp.o[0m
[4.344s] [ 60%] [32mBuilding CXX object CMakeFiles/buff_interfaces__rosidl_typesupport_fastrtps_c.dir/rosidl_typesupport_fastrtps_c/buff_interfaces/msg/detail/blade_array__type_support_c.cpp.o[0m
[4.368s] [ 62%] [32m[1mLinking C shared library libbuff_interfaces__rosidl_typesupport_introspection_c.so[0m
[4.380s] [ 63%] [32mBuilding CXX object CMakeFiles/buff_interfaces__rosidl_typesupport_introspection_cpp.dir/rosidl_typesupport_introspection_cpp/buff_interfaces/msg/detail/time_info__type_support.cpp.o[0m
[4.523s] [ 63%] Built target buff_interfaces__rosidl_typesupport_introspection_c
[4.560s] [ 64%] [32mBuilding CXX object CMakeFiles/buff_interfaces__rosidl_typesupport_fastrtps_c.dir/rosidl_typesupport_fastrtps_c/buff_interfaces/msg/detail/debug_blade__type_support_c.cpp.o[0m
[4.657s] [ 65%] [32mBuilding CXX object CMakeFiles/buff_interfaces__rosidl_typesupport_fastrtps_c.dir/rosidl_typesupport_fastrtps_c/buff_interfaces/msg/detail/debug_blade_array__type_support_c.cpp.o[0m
[4.687s] [ 67%] [32mBuilding CXX object CMakeFiles/buff_interfaces__rosidl_typesupport_fastrtps_c.dir/rosidl_typesupport_fastrtps_c/buff_interfaces/msg/detail/rune__type_support_c.cpp.o[0m
[4.829s] [ 68%] [32mBuilding CXX object CMakeFiles/buff_interfaces__rosidl_typesupport_fastrtps_c.dir/rosidl_typesupport_fastrtps_c/buff_interfaces/msg/detail/rune_info__type_support_c.cpp.o[0m
[4.975s] [ 69%] [32mBuilding CXX object CMakeFiles/buff_interfaces__rosidl_typesupport_cpp.dir/rosidl_typesupport_cpp/buff_interfaces/msg/debug_blade__type_support.cpp.o[0m
[5.141s] [ 70%] [32mBuilding CXX object CMakeFiles/buff_interfaces__rosidl_typesupport_fastrtps_c.dir/rosidl_typesupport_fastrtps_c/buff_interfaces/msg/detail/time_info__type_support_c.cpp.o[0m
[5.145s] [ 72%] [32mBuilding CXX object CMakeFiles/buff_interfaces__rosidl_typesupport_cpp.dir/rosidl_typesupport_cpp/buff_interfaces/msg/debug_blade_array__type_support.cpp.o[0m
[5.229s] [ 73%] [32mBuilding CXX object CMakeFiles/buff_interfaces__rosidl_typesupport_cpp.dir/rosidl_typesupport_cpp/buff_interfaces/msg/rune__type_support.cpp.o[0m
[5.563s] [ 74%] [32mBuilding CXX object CMakeFiles/buff_interfaces__rosidl_typesupport_cpp.dir/rosidl_typesupport_cpp/buff_interfaces/msg/rune_info__type_support.cpp.o[0m
[5.669s] [ 75%] [32mBuilding CXX object CMakeFiles/buff_interfaces__rosidl_typesupport_cpp.dir/rosidl_typesupport_cpp/buff_interfaces/msg/time_info__type_support.cpp.o[0m
[5.873s] [ 77%] [32m[1mLinking CXX shared library libbuff_interfaces__rosidl_typesupport_fastrtps_cpp.so[0m
[6.103s] [ 78%] [32m[1mLinking CXX shared library libbuff_interfaces__rosidl_typesupport_introspection_cpp.so[0m
[6.291s] [ 78%] Built target buff_interfaces__rosidl_typesupport_fastrtps_cpp
[6.436s] [ 78%] Built target buff_interfaces__rosidl_typesupport_introspection_cpp
[6.496s] [ 79%] [32m[1mLinking CXX shared library libbuff_interfaces__rosidl_typesupport_fastrtps_c.so[0m
[6.568s] [ 81%] [32m[1mLinking CXX shared library libbuff_interfaces__rosidl_typesupport_cpp.so[0m
[6.665s] [ 81%] Built target buff_interfaces__rosidl_typesupport_cpp
[6.700s] [ 81%] Built target buff_interfaces__rosidl_typesupport_fastrtps_c
[6.729s] [ 81%] Built target buff_interfaces
[6.768s] [ 82%] [34m[1mGenerating Python code for ROS interfaces[0m
[7.402s] [ 82%] Built target buff_interfaces__py
[7.421s] [ 83%] [32mBuilding C object CMakeFiles/buff_interfaces__rosidl_generator_py.dir/rosidl_generator_py/buff_interfaces/msg/_debug_blade_array_s.c.o[0m
[7.423s] [ 86%] [32mBuilding C object CMakeFiles/buff_interfaces__rosidl_generator_py.dir/rosidl_generator_py/buff_interfaces/msg/_blade_s.c.o[0m
[7.424s] [ 86%] [32mBuilding C object CMakeFiles/buff_interfaces__rosidl_generator_py.dir/rosidl_generator_py/buff_interfaces/msg/_debug_blade_s.c.o[0m
[7.424s] [ 87%] [32mBuilding C object CMakeFiles/buff_interfaces__rosidl_generator_py.dir/rosidl_generator_py/buff_interfaces/msg/_blade_array_s.c.o[0m
[7.424s] [ 88%] [32mBuilding C object CMakeFiles/buff_interfaces__rosidl_generator_py.dir/rosidl_generator_py/buff_interfaces/msg/_rune_s.c.o[0m
[7.424s] [ 91%] [32mBuilding C object CMakeFiles/buff_interfaces__rosidl_generator_py.dir/rosidl_generator_py/buff_interfaces/msg/_time_info_s.c.o[0m
[7.424s] [ 91%] [32mBuilding C object CMakeFiles/buff_interfaces__rosidl_generator_py.dir/rosidl_generator_py/buff_interfaces/msg/_rune_info_s.c.o[0m
[7.563s] [ 92%] [32m[1mLinking C shared library rosidl_generator_py/buff_interfaces/libbuff_interfaces__rosidl_generator_py.so[0m
[7.609s] [ 92%] Built target buff_interfaces__rosidl_generator_py
[7.630s] [ 93%] [32mBuilding C object CMakeFiles/buff_interfaces__rosidl_typesupport_fastrtps_c__pyext.dir/rosidl_generator_py/buff_interfaces/_buff_interfaces_s.ep.rosidl_typesupport_fastrtps_c.c.o[0m
[7.630s] [ 94%] [32mBuilding C object CMakeFiles/buff_interfaces__rosidl_typesupport_c__pyext.dir/rosidl_generator_py/buff_interfaces/_buff_interfaces_s.ep.rosidl_typesupport_c.c.o[0m
[7.630s] [ 96%] [32mBuilding C object CMakeFiles/buff_interfaces__rosidl_typesupport_introspection_c__pyext.dir/rosidl_generator_py/buff_interfaces/_buff_interfaces_s.ep.rosidl_typesupport_introspection_c.c.o[0m
[7.751s] [ 97%] [32m[1mLinking C shared library rosidl_generator_py/buff_interfaces/buff_interfaces_s__rosidl_typesupport_c.cpython-310-x86_64-linux-gnu.so[0m
[7.759s] [ 98%] [32m[1mLinking C shared library rosidl_generator_py/buff_interfaces/buff_interfaces_s__rosidl_typesupport_fastrtps_c.cpython-310-x86_64-linux-gnu.so[0m
[7.773s] [100%] [32m[1mLinking C shared library rosidl_generator_py/buff_interfaces/buff_interfaces_s__rosidl_typesupport_introspection_c.cpython-310-x86_64-linux-gnu.so[0m
[7.813s] [100%] Built target buff_interfaces__rosidl_typesupport_c__pyext
[7.819s] [100%] Built target buff_interfaces__rosidl_typesupport_fastrtps_c__pyext
[7.822s] [100%] Built target buff_interfaces__rosidl_typesupport_introspection_c__pyext
[7.834s] Invoked command in '/home/nuc/rm_vision_ws/build/buff_interfaces' returned '0': CMAKE_PREFIX_PATH=/opt/ros/humble /usr/bin/cmake --build /home/nuc/rm_vision_ws/build/buff_interfaces -- -j16 -l16
[7.979s] Invoking command in '/home/nuc/rm_vision_ws/build/buff_interfaces': CMAKE_PREFIX_PATH=/opt/ros/humble /usr/bin/cmake --install /home/nuc/rm_vision_ws/build/buff_interfaces
[7.985s] -- Install configuration: ""
[7.986s] -- Execute custom install script
[7.986s] -- Symlinking: /home/nuc/rm_vision_ws/install/buff_interfaces/share/ament_index/resource_index/rosidl_interfaces/buff_interfaces
[7.993s] -- Symlinking: /home/nuc/rm_vision_ws/install/buff_interfaces/include/buff_interfaces/buff_interfaces/msg/blade.h
[8.001s] -- Symlinking: /home/nuc/rm_vision_ws/install/buff_interfaces/include/buff_interfaces/buff_interfaces/msg/blade_array.h
[8.009s] -- Symlinking: /home/nuc/rm_vision_ws/install/buff_interfaces/include/buff_interfaces/buff_interfaces/msg/debug_blade.h
[8.018s] -- Symlinking: /home/nuc/rm_vision_ws/install/buff_interfaces/include/buff_interfaces/buff_interfaces/msg/debug_blade_array.h
[8.026s] -- Symlinking: /home/nuc/rm_vision_ws/install/buff_interfaces/include/buff_interfaces/buff_interfaces/msg/detail/blade__functions.h
[8.034s] -- Symlinking: /home/nuc/rm_vision_ws/install/buff_interfaces/include/buff_interfaces/buff_interfaces/msg/detail/blade__struct.h
[8.040s] -- Symlinking: /home/nuc/rm_vision_ws/install/buff_interfaces/include/buff_interfaces/buff_interfaces/msg/detail/blade__type_support.h
[8.047s] -- Symlinking: /home/nuc/rm_vision_ws/install/buff_interfaces/include/buff_interfaces/buff_interfaces/msg/detail/blade_array__functions.h
[8.054s] -- Symlinking: /home/nuc/rm_vision_ws/install/buff_interfaces/include/buff_interfaces/buff_interfaces/msg/detail/blade_array__struct.h
[8.061s] -- Symlinking: /home/nuc/rm_vision_ws/install/buff_interfaces/include/buff_interfaces/buff_interfaces/msg/detail/blade_array__type_support.h
[8.069s] -- Symlinking: /home/nuc/rm_vision_ws/install/buff_interfaces/include/buff_interfaces/buff_interfaces/msg/detail/debug_blade__functions.h
[8.078s] -- Symlinking: /home/nuc/rm_vision_ws/install/buff_interfaces/include/buff_interfaces/buff_interfaces/msg/detail/debug_blade__struct.h
[8.085s] -- Symlinking: /home/nuc/rm_vision_ws/install/buff_interfaces/include/buff_interfaces/buff_interfaces/msg/detail/debug_blade__type_support.h
[8.093s] -- Symlinking: /home/nuc/rm_vision_ws/install/buff_interfaces/include/buff_interfaces/buff_interfaces/msg/detail/debug_blade_array__functions.h
[8.101s] -- Symlinking: /home/nuc/rm_vision_ws/install/buff_interfaces/include/buff_interfaces/buff_interfaces/msg/detail/debug_blade_array__struct.h
[8.108s] -- Symlinking: /home/nuc/rm_vision_ws/install/buff_interfaces/include/buff_interfaces/buff_interfaces/msg/detail/debug_blade_array__type_support.h
[8.117s] -- Symlinking: /home/nuc/rm_vision_ws/install/buff_interfaces/include/buff_interfaces/buff_interfaces/msg/detail/rune__functions.h
[8.126s] -- Symlinking: /home/nuc/rm_vision_ws/install/buff_interfaces/include/buff_interfaces/buff_interfaces/msg/detail/rune__struct.h
[8.133s] -- Symlinking: /home/nuc/rm_vision_ws/install/buff_interfaces/include/buff_interfaces/buff_interfaces/msg/detail/rune__type_support.h
[8.141s] -- Symlinking: /home/nuc/rm_vision_ws/install/buff_interfaces/include/buff_interfaces/buff_interfaces/msg/detail/rune_info__functions.h
[8.147s] -- Symlinking: /home/nuc/rm_vision_ws/install/buff_interfaces/include/buff_interfaces/buff_interfaces/msg/detail/rune_info__struct.h
[8.153s] -- Symlinking: /home/nuc/rm_vision_ws/install/buff_interfaces/include/buff_interfaces/buff_interfaces/msg/detail/rune_info__type_support.h
[8.161s] -- Symlinking: /home/nuc/rm_vision_ws/install/buff_interfaces/include/buff_interfaces/buff_interfaces/msg/detail/time_info__functions.h
[8.169s] -- Symlinking: /home/nuc/rm_vision_ws/install/buff_interfaces/include/buff_interfaces/buff_interfaces/msg/detail/time_info__struct.h
[8.177s] -- Symlinking: /home/nuc/rm_vision_ws/install/buff_interfaces/include/buff_interfaces/buff_interfaces/msg/detail/time_info__type_support.h
[8.185s] -- Symlinking: /home/nuc/rm_vision_ws/install/buff_interfaces/include/buff_interfaces/buff_interfaces/msg/rosidl_generator_c__visibility_control.h
[8.192s] -- Symlinking: /home/nuc/rm_vision_ws/install/buff_interfaces/include/buff_interfaces/buff_interfaces/msg/rune.h
[8.199s] -- Symlinking: /home/nuc/rm_vision_ws/install/buff_interfaces/include/buff_interfaces/buff_interfaces/msg/rune_info.h
[8.206s] -- Symlinking: /home/nuc/rm_vision_ws/install/buff_interfaces/include/buff_interfaces/buff_interfaces/msg/time_info.h
[8.213s] -- Symlinking: /home/nuc/rm_vision_ws/install/buff_interfaces/share/buff_interfaces/environment/library_path.sh
[8.221s] -- Symlinking: /home/nuc/rm_vision_ws/install/buff_interfaces/share/buff_interfaces/environment/library_path.dsv
[8.228s] -- Symlinking: /home/nuc/rm_vision_ws/install/buff_interfaces/include/buff_interfaces/buff_interfaces/msg/detail/blade__rosidl_typesupport_fastrtps_c.h
[8.236s] -- Symlinking: /home/nuc/rm_vision_ws/install/buff_interfaces/include/buff_interfaces/buff_interfaces/msg/detail/blade_array__rosidl_typesupport_fastrtps_c.h
[8.242s] -- Symlinking: /home/nuc/rm_vision_ws/install/buff_interfaces/include/buff_interfaces/buff_interfaces/msg/detail/debug_blade__rosidl_typesupport_fastrtps_c.h
[8.250s] -- Symlinking: /home/nuc/rm_vision_ws/install/buff_interfaces/include/buff_interfaces/buff_interfaces/msg/detail/debug_blade_array__rosidl_typesupport_fastrtps_c.h
[8.258s] -- Symlinking: /home/nuc/rm_vision_ws/install/buff_interfaces/include/buff_interfaces/buff_interfaces/msg/detail/rune__rosidl_typesupport_fastrtps_c.h
[8.266s] -- Symlinking: /home/nuc/rm_vision_ws/install/buff_interfaces/include/buff_interfaces/buff_interfaces/msg/detail/rune_info__rosidl_typesupport_fastrtps_c.h
[8.273s] -- Symlinking: /home/nuc/rm_vision_ws/install/buff_interfaces/include/buff_interfaces/buff_interfaces/msg/detail/time_info__rosidl_typesupport_fastrtps_c.h
[8.281s] -- Symlinking: /home/nuc/rm_vision_ws/install/buff_interfaces/include/buff_interfaces/buff_interfaces/msg/rosidl_typesupport_fastrtps_c__visibility_control.h
[8.290s] -- Symlinking: /home/nuc/rm_vision_ws/install/buff_interfaces/include/buff_interfaces/buff_interfaces/msg/detail/blade__rosidl_typesupport_introspection_c.h
[8.297s] -- Symlinking: /home/nuc/rm_vision_ws/install/buff_interfaces/include/buff_interfaces/buff_interfaces/msg/detail/blade_array__rosidl_typesupport_introspection_c.h
[8.305s] -- Symlinking: /home/nuc/rm_vision_ws/install/buff_interfaces/include/buff_interfaces/buff_interfaces/msg/detail/debug_blade__rosidl_typesupport_introspection_c.h
[8.314s] -- Symlinking: /home/nuc/rm_vision_ws/install/buff_interfaces/include/buff_interfaces/buff_interfaces/msg/detail/debug_blade_array__rosidl_typesupport_introspection_c.h
[8.321s] -- Symlinking: /home/nuc/rm_vision_ws/install/buff_interfaces/include/buff_interfaces/buff_interfaces/msg/detail/rune__rosidl_typesupport_introspection_c.h
[8.329s] -- Symlinking: /home/nuc/rm_vision_ws/install/buff_interfaces/include/buff_interfaces/buff_interfaces/msg/detail/rune_info__rosidl_typesupport_introspection_c.h
[8.337s] -- Symlinking: /home/nuc/rm_vision_ws/install/buff_interfaces/include/buff_interfaces/buff_interfaces/msg/detail/time_info__rosidl_typesupport_introspection_c.h
[8.344s] -- Symlinking: /home/nuc/rm_vision_ws/install/buff_interfaces/include/buff_interfaces/buff_interfaces/msg/rosidl_typesupport_introspection_c__visibility_control.h
[8.352s] -- Symlinking: /home/nuc/rm_vision_ws/install/buff_interfaces/include/buff_interfaces/buff_interfaces/msg/blade.hpp
[8.359s] -- Symlinking: /home/nuc/rm_vision_ws/install/buff_interfaces/include/buff_interfaces/buff_interfaces/msg/blade_array.hpp
[8.367s] -- Symlinking: /home/nuc/rm_vision_ws/install/buff_interfaces/include/buff_interfaces/buff_interfaces/msg/debug_blade.hpp
[8.373s] -- Symlinking: /home/nuc/rm_vision_ws/install/buff_interfaces/include/buff_interfaces/buff_interfaces/msg/debug_blade_array.hpp
[8.380s] -- Symlinking: /home/nuc/rm_vision_ws/install/buff_interfaces/include/buff_interfaces/buff_interfaces/msg/detail/blade__builder.hpp
[8.386s] -- Symlinking: /home/nuc/rm_vision_ws/install/buff_interfaces/include/buff_interfaces/buff_interfaces/msg/detail/blade__struct.hpp
[8.394s] -- Symlinking: /home/nuc/rm_vision_ws/install/buff_interfaces/include/buff_interfaces/buff_interfaces/msg/detail/blade__traits.hpp
[8.403s] -- Symlinking: /home/nuc/rm_vision_ws/install/buff_interfaces/include/buff_interfaces/buff_interfaces/msg/detail/blade_array__builder.hpp
[8.412s] -- Symlinking: /home/nuc/rm_vision_ws/install/buff_interfaces/include/buff_interfaces/buff_interfaces/msg/detail/blade_array__struct.hpp
[8.420s] -- Symlinking: /home/nuc/rm_vision_ws/install/buff_interfaces/include/buff_interfaces/buff_interfaces/msg/detail/blade_array__traits.hpp
[8.428s] -- Symlinking: /home/nuc/rm_vision_ws/install/buff_interfaces/include/buff_interfaces/buff_interfaces/msg/detail/debug_blade__builder.hpp
[8.437s] -- Symlinking: /home/nuc/rm_vision_ws/install/buff_interfaces/include/buff_interfaces/buff_interfaces/msg/detail/debug_blade__struct.hpp
[8.445s] -- Symlinking: /home/nuc/rm_vision_ws/install/buff_interfaces/include/buff_interfaces/buff_interfaces/msg/detail/debug_blade__traits.hpp
[8.454s] -- Symlinking: /home/nuc/rm_vision_ws/install/buff_interfaces/include/buff_interfaces/buff_interfaces/msg/detail/debug_blade_array__builder.hpp
[8.461s] -- Symlinking: /home/nuc/rm_vision_ws/install/buff_interfaces/include/buff_interfaces/buff_interfaces/msg/detail/debug_blade_array__struct.hpp
[8.468s] -- Symlinking: /home/nuc/rm_vision_ws/install/buff_interfaces/include/buff_interfaces/buff_interfaces/msg/detail/debug_blade_array__traits.hpp
[8.475s] -- Symlinking: /home/nuc/rm_vision_ws/install/buff_interfaces/include/buff_interfaces/buff_interfaces/msg/detail/rune__builder.hpp
[8.481s] -- Symlinking: /home/nuc/rm_vision_ws/install/buff_interfaces/include/buff_interfaces/buff_interfaces/msg/detail/rune__struct.hpp
[8.489s] -- Symlinking: /home/nuc/rm_vision_ws/install/buff_interfaces/include/buff_interfaces/buff_interfaces/msg/detail/rune__traits.hpp
[8.495s] -- Symlinking: /home/nuc/rm_vision_ws/install/buff_interfaces/include/buff_interfaces/buff_interfaces/msg/detail/rune_info__builder.hpp
[8.503s] -- Symlinking: /home/nuc/rm_vision_ws/install/buff_interfaces/include/buff_interfaces/buff_interfaces/msg/detail/rune_info__struct.hpp
[8.511s] -- Symlinking: /home/nuc/rm_vision_ws/install/buff_interfaces/include/buff_interfaces/buff_interfaces/msg/detail/rune_info__traits.hpp
[8.518s] -- Symlinking: /home/nuc/rm_vision_ws/install/buff_interfaces/include/buff_interfaces/buff_interfaces/msg/detail/time_info__builder.hpp
[8.526s] -- Symlinking: /home/nuc/rm_vision_ws/install/buff_interfaces/include/buff_interfaces/buff_interfaces/msg/detail/time_info__struct.hpp
[8.534s] -- Symlinking: /home/nuc/rm_vision_ws/install/buff_interfaces/include/buff_interfaces/buff_interfaces/msg/detail/time_info__traits.hpp
[8.541s] -- Symlinking: /home/nuc/rm_vision_ws/install/buff_interfaces/include/buff_interfaces/buff_interfaces/msg/rune.hpp
[8.549s] -- Symlinking: /home/nuc/rm_vision_ws/install/buff_interfaces/include/buff_interfaces/buff_interfaces/msg/rune_info.hpp
[8.556s] -- Symlinking: /home/nuc/rm_vision_ws/install/buff_interfaces/include/buff_interfaces/buff_interfaces/msg/time_info.hpp
[8.563s] -- Symlinking: /home/nuc/rm_vision_ws/install/buff_interfaces/include/buff_interfaces/buff_interfaces/msg/detail/blade__rosidl_typesupport_fastrtps_cpp.hpp
[8.570s] -- Symlinking: /home/nuc/rm_vision_ws/install/buff_interfaces/include/buff_interfaces/buff_interfaces/msg/detail/blade_array__rosidl_typesupport_fastrtps_cpp.hpp
[8.578s] -- Symlinking: /home/nuc/rm_vision_ws/install/buff_interfaces/include/buff_interfaces/buff_interfaces/msg/detail/debug_blade__rosidl_typesupport_fastrtps_cpp.hpp
[8.585s] -- Symlinking: /home/nuc/rm_vision_ws/install/buff_interfaces/include/buff_interfaces/buff_interfaces/msg/detail/debug_blade_array__rosidl_typesupport_fastrtps_cpp.hpp
[8.592s] -- Symlinking: /home/nuc/rm_vision_ws/install/buff_interfaces/include/buff_interfaces/buff_interfaces/msg/detail/rune__rosidl_typesupport_fastrtps_cpp.hpp
[8.600s] -- Symlinking: /home/nuc/rm_vision_ws/install/buff_interfaces/include/buff_interfaces/buff_interfaces/msg/detail/rune_info__rosidl_typesupport_fastrtps_cpp.hpp
[8.607s] -- Symlinking: /home/nuc/rm_vision_ws/install/buff_interfaces/include/buff_interfaces/buff_interfaces/msg/detail/time_info__rosidl_typesupport_fastrtps_cpp.hpp
[8.614s] -- Symlinking: /home/nuc/rm_vision_ws/install/buff_interfaces/include/buff_interfaces/buff_interfaces/msg/rosidl_typesupport_fastrtps_cpp__visibility_control.h
[8.623s] -- Symlinking: /home/nuc/rm_vision_ws/install/buff_interfaces/include/buff_interfaces/buff_interfaces/msg/detail/blade__rosidl_typesupport_introspection_cpp.hpp
[8.630s] -- Symlinking: /home/nuc/rm_vision_ws/install/buff_interfaces/include/buff_interfaces/buff_interfaces/msg/detail/blade_array__rosidl_typesupport_introspection_cpp.hpp
[8.636s] -- Symlinking: /home/nuc/rm_vision_ws/install/buff_interfaces/include/buff_interfaces/buff_interfaces/msg/detail/debug_blade__rosidl_typesupport_introspection_cpp.hpp
[8.644s] -- Symlinking: /home/nuc/rm_vision_ws/install/buff_interfaces/include/buff_interfaces/buff_interfaces/msg/detail/debug_blade_array__rosidl_typesupport_introspection_cpp.hpp
[8.649s] -- Symlinking: /home/nuc/rm_vision_ws/install/buff_interfaces/include/buff_interfaces/buff_interfaces/msg/detail/rune__rosidl_typesupport_introspection_cpp.hpp
[8.655s] -- Symlinking: /home/nuc/rm_vision_ws/install/buff_interfaces/include/buff_interfaces/buff_interfaces/msg/detail/rune_info__rosidl_typesupport_introspection_cpp.hpp
[8.664s] -- Symlinking: /home/nuc/rm_vision_ws/install/buff_interfaces/include/buff_interfaces/buff_interfaces/msg/detail/time_info__rosidl_typesupport_introspection_cpp.hpp
[8.671s] -- Symlinking: /home/nuc/rm_vision_ws/install/buff_interfaces/share/buff_interfaces/environment/pythonpath.sh
[8.681s] -- Symlinking: /home/nuc/rm_vision_ws/install/buff_interfaces/share/buff_interfaces/environment/pythonpath.dsv
[8.688s] -- Symlinking: /home/nuc/rm_vision_ws/install/buff_interfaces/local/lib/python3.10/dist-packages/buff_interfaces-1.0.0-py3.10.egg-info/PKG-INFO
[8.698s] -- Symlinking: /home/nuc/rm_vision_ws/install/buff_interfaces/local/lib/python3.10/dist-packages/buff_interfaces-1.0.0-py3.10.egg-info/SOURCES.txt
[8.706s] -- Symlinking: /home/nuc/rm_vision_ws/install/buff_interfaces/local/lib/python3.10/dist-packages/buff_interfaces-1.0.0-py3.10.egg-info/dependency_links.txt
[8.716s] -- Symlinking: /home/nuc/rm_vision_ws/install/buff_interfaces/local/lib/python3.10/dist-packages/buff_interfaces-1.0.0-py3.10.egg-info/top_level.txt
[8.723s] -- Symlinking: /home/nuc/rm_vision_ws/install/buff_interfaces/local/lib/python3.10/dist-packages/buff_interfaces/__init__.py
[8.734s] -- Symlinking: /home/nuc/rm_vision_ws/install/buff_interfaces/local/lib/python3.10/dist-packages/buff_interfaces/_buff_interfaces_s.ep.rosidl_typesupport_c.c
[8.740s] -- Symlinking: /home/nuc/rm_vision_ws/install/buff_interfaces/local/lib/python3.10/dist-packages/buff_interfaces/_buff_interfaces_s.ep.rosidl_typesupport_fastrtps_c.c
[8.750s] -- Symlinking: /home/nuc/rm_vision_ws/install/buff_interfaces/local/lib/python3.10/dist-packages/buff_interfaces/_buff_interfaces_s.ep.rosidl_typesupport_introspection_c.c
[8.756s] -- Symlinking: /home/nuc/rm_vision_ws/install/buff_interfaces/local/lib/python3.10/dist-packages/buff_interfaces/buff_interfaces_s__rosidl_typesupport_c.cpython-310-x86_64-linux-gnu.so
[8.766s] -- Symlinking: /home/nuc/rm_vision_ws/install/buff_interfaces/local/lib/python3.10/dist-packages/buff_interfaces/buff_interfaces_s__rosidl_typesupport_fastrtps_c.cpython-310-x86_64-linux-gnu.so
[8.773s] -- Symlinking: /home/nuc/rm_vision_ws/install/buff_interfaces/local/lib/python3.10/dist-packages/buff_interfaces/buff_interfaces_s__rosidl_typesupport_introspection_c.cpython-310-x86_64-linux-gnu.so
[8.782s] -- Symlinking: /home/nuc/rm_vision_ws/install/buff_interfaces/local/lib/python3.10/dist-packages/buff_interfaces/libbuff_interfaces__rosidl_generator_py.so
[8.789s] -- Symlinking: /home/nuc/rm_vision_ws/install/buff_interfaces/local/lib/python3.10/dist-packages/buff_interfaces/msg/__init__.py
[8.800s] -- Symlinking: /home/nuc/rm_vision_ws/install/buff_interfaces/local/lib/python3.10/dist-packages/buff_interfaces/msg/_blade.py
[8.807s] -- Symlinking: /home/nuc/rm_vision_ws/install/buff_interfaces/local/lib/python3.10/dist-packages/buff_interfaces/msg/_blade_array.py
[8.816s] -- Symlinking: /home/nuc/rm_vision_ws/install/buff_interfaces/local/lib/python3.10/dist-packages/buff_interfaces/msg/_blade_array_s.c
[8.822s] -- Symlinking: /home/nuc/rm_vision_ws/install/buff_interfaces/local/lib/python3.10/dist-packages/buff_interfaces/msg/_blade_s.c
[8.829s] -- Symlinking: /home/nuc/rm_vision_ws/install/buff_interfaces/local/lib/python3.10/dist-packages/buff_interfaces/msg/_debug_blade.py
[8.838s] -- Symlinking: /home/nuc/rm_vision_ws/install/buff_interfaces/local/lib/python3.10/dist-packages/buff_interfaces/msg/_debug_blade_array.py
[8.847s] -- Symlinking: /home/nuc/rm_vision_ws/install/buff_interfaces/local/lib/python3.10/dist-packages/buff_interfaces/msg/_debug_blade_array_s.c
[8.853s] -- Symlinking: /home/nuc/rm_vision_ws/install/buff_interfaces/local/lib/python3.10/dist-packages/buff_interfaces/msg/_debug_blade_s.c
[8.862s] -- Symlinking: /home/nuc/rm_vision_ws/install/buff_interfaces/local/lib/python3.10/dist-packages/buff_interfaces/msg/_rune.py
[8.870s] -- Symlinking: /home/nuc/rm_vision_ws/install/buff_interfaces/local/lib/python3.10/dist-packages/buff_interfaces/msg/_rune_info.py
[8.878s] -- Symlinking: /home/nuc/rm_vision_ws/install/buff_interfaces/local/lib/python3.10/dist-packages/buff_interfaces/msg/_rune_info_s.c
[8.884s] -- Symlinking: /home/nuc/rm_vision_ws/install/buff_interfaces/local/lib/python3.10/dist-packages/buff_interfaces/msg/_rune_s.c
[8.891s] -- Symlinking: /home/nuc/rm_vision_ws/install/buff_interfaces/local/lib/python3.10/dist-packages/buff_interfaces/msg/_time_info.py
[8.899s] -- Symlinking: /home/nuc/rm_vision_ws/install/buff_interfaces/local/lib/python3.10/dist-packages/buff_interfaces/msg/_time_info_s.c
[8.907s] -- Up-to-date symlink: /home/nuc/rm_vision_ws/install/buff_interfaces/local/lib/python3.10/dist-packages/buff_interfaces/buff_interfaces_s__rosidl_typesupport_fastrtps_c.cpython-310-x86_64-linux-gnu.so
[8.907s] -- Up-to-date symlink: /home/nuc/rm_vision_ws/install/buff_interfaces/local/lib/python3.10/dist-packages/buff_interfaces/buff_interfaces_s__rosidl_typesupport_introspection_c.cpython-310-x86_64-linux-gnu.so
[8.907s] -- Up-to-date symlink: /home/nuc/rm_vision_ws/install/buff_interfaces/local/lib/python3.10/dist-packages/buff_interfaces/buff_interfaces_s__rosidl_typesupport_c.cpython-310-x86_64-linux-gnu.so
[8.907s] -- Symlinking: /home/nuc/rm_vision_ws/install/buff_interfaces/share/buff_interfaces/msg/Blade.idl
[8.916s] -- Symlinking: /home/nuc/rm_vision_ws/install/buff_interfaces/share/buff_interfaces/msg/BladeArray.idl
[8.924s] -- Symlinking: /home/nuc/rm_vision_ws/install/buff_interfaces/share/buff_interfaces/msg/DebugBlade.idl
[8.929s] -- Symlinking: /home/nuc/rm_vision_ws/install/buff_interfaces/share/buff_interfaces/msg/DebugBladeArray.idl
[8.937s] -- Symlinking: /home/nuc/rm_vision_ws/install/buff_interfaces/share/buff_interfaces/msg/Rune.idl
[8.943s] -- Symlinking: /home/nuc/rm_vision_ws/install/buff_interfaces/share/buff_interfaces/msg/RuneInfo.idl
[8.951s] -- Symlinking: /home/nuc/rm_vision_ws/install/buff_interfaces/share/buff_interfaces/msg/TimeInfo.idl
[8.958s] -- Symlinking: /home/nuc/rm_vision_ws/install/buff_interfaces/share/buff_interfaces/msg/Blade.msg
[8.966s] -- Symlinking: /home/nuc/rm_vision_ws/install/buff_interfaces/share/buff_interfaces/msg/BladeArray.msg
[8.972s] -- Symlinking: /home/nuc/rm_vision_ws/install/buff_interfaces/share/buff_interfaces/msg/DebugBlade.msg
[8.978s] -- Symlinking: /home/nuc/rm_vision_ws/install/buff_interfaces/share/buff_interfaces/msg/DebugBladeArray.msg
[8.986s] -- Symlinking: /home/nuc/rm_vision_ws/install/buff_interfaces/share/buff_interfaces/msg/Rune.msg
[8.993s] -- Symlinking: /home/nuc/rm_vision_ws/install/buff_interfaces/share/buff_interfaces/msg/RuneInfo.msg
[9.002s] -- Symlinking: /home/nuc/rm_vision_ws/install/buff_interfaces/share/buff_interfaces/msg/TimeInfo.msg
[9.009s] -- Symlinking: /home/nuc/rm_vision_ws/install/buff_interfaces/share/ament_index/resource_index/package_run_dependencies/buff_interfaces
[9.018s] -- Symlinking: /home/nuc/rm_vision_ws/install/buff_interfaces/share/ament_index/resource_index/parent_prefix_path/buff_interfaces
[9.025s] -- Symlinking: /home/nuc/rm_vision_ws/install/buff_interfaces/share/buff_interfaces/environment/ament_prefix_path.sh
[9.032s] -- Symlinking: /home/nuc/rm_vision_ws/install/buff_interfaces/share/buff_interfaces/environment/ament_prefix_path.dsv
[9.040s] -- Symlinking: /home/nuc/rm_vision_ws/install/buff_interfaces/share/buff_interfaces/environment/path.sh
[9.047s] -- Symlinking: /home/nuc/rm_vision_ws/install/buff_interfaces/share/buff_interfaces/environment/path.dsv
[9.054s] -- Symlinking: /home/nuc/rm_vision_ws/install/buff_interfaces/share/buff_interfaces/local_setup.bash
[9.062s] -- Symlinking: /home/nuc/rm_vision_ws/install/buff_interfaces/share/buff_interfaces/local_setup.sh
[9.069s] -- Symlinking: /home/nuc/rm_vision_ws/install/buff_interfaces/share/buff_interfaces/local_setup.zsh
[9.076s] -- Symlinking: /home/nuc/rm_vision_ws/install/buff_interfaces/share/buff_interfaces/local_setup.dsv
[9.083s] -- Symlinking: /home/nuc/rm_vision_ws/install/buff_interfaces/share/buff_interfaces/package.dsv
[9.090s] -- Symlinking: /home/nuc/rm_vision_ws/install/buff_interfaces/share/ament_index/resource_index/packages/buff_interfaces
[9.097s] -- Symlinking: /home/nuc/rm_vision_ws/install/buff_interfaces/share/buff_interfaces/cmake/rosidl_cmake-extras.cmake
[9.105s] -- Symlinking: /home/nuc/rm_vision_ws/install/buff_interfaces/share/buff_interfaces/cmake/ament_cmake_export_dependencies-extras.cmake
[9.111s] -- Symlinking: /home/nuc/rm_vision_ws/install/buff_interfaces/share/buff_interfaces/cmake/ament_cmake_export_include_directories-extras.cmake
[9.120s] -- Symlinking: /home/nuc/rm_vision_ws/install/buff_interfaces/share/buff_interfaces/cmake/ament_cmake_export_libraries-extras.cmake
[9.128s] -- Symlinking: /home/nuc/rm_vision_ws/install/buff_interfaces/share/buff_interfaces/cmake/ament_cmake_export_targets-extras.cmake
[9.137s] -- Symlinking: /home/nuc/rm_vision_ws/install/buff_interfaces/share/buff_interfaces/cmake/rosidl_cmake_export_typesupport_targets-extras.cmake
[9.144s] -- Symlinking: /home/nuc/rm_vision_ws/install/buff_interfaces/share/buff_interfaces/cmake/rosidl_cmake_export_typesupport_libraries-extras.cmake
[9.150s] -- Symlinking: /home/nuc/rm_vision_ws/install/buff_interfaces/share/buff_interfaces/cmake/buff_interfacesConfig.cmake
[9.158s] -- Symlinking: /home/nuc/rm_vision_ws/install/buff_interfaces/share/buff_interfaces/cmake/buff_interfacesConfig-version.cmake
[9.164s] -- Symlinking: /home/nuc/rm_vision_ws/install/buff_interfaces/share/buff_interfaces/package.xml
[9.170s] -- Installing: /home/nuc/rm_vision_ws/install/buff_interfaces/lib/libbuff_interfaces__rosidl_generator_c.so
[9.170s] -- Set runtime path of "/home/nuc/rm_vision_ws/install/buff_interfaces/lib/libbuff_interfaces__rosidl_generator_c.so" to ""
[9.170s] -- Installing: /home/nuc/rm_vision_ws/install/buff_interfaces/lib/libbuff_interfaces__rosidl_typesupport_fastrtps_c.so
[9.170s] -- Set runtime path of "/home/nuc/rm_vision_ws/install/buff_interfaces/lib/libbuff_interfaces__rosidl_typesupport_fastrtps_c.so" to ""
[9.170s] -- Installing: /home/nuc/rm_vision_ws/install/buff_interfaces/lib/libbuff_interfaces__rosidl_typesupport_introspection_c.so
[9.170s] -- Set runtime path of "/home/nuc/rm_vision_ws/install/buff_interfaces/lib/libbuff_interfaces__rosidl_typesupport_introspection_c.so" to ""
[9.170s] -- Installing: /home/nuc/rm_vision_ws/install/buff_interfaces/lib/libbuff_interfaces__rosidl_typesupport_c.so
[9.171s] -- Set runtime path of "/home/nuc/rm_vision_ws/install/buff_interfaces/lib/libbuff_interfaces__rosidl_typesupport_c.so" to ""
[9.171s] -- Installing: /home/nuc/rm_vision_ws/install/buff_interfaces/lib/libbuff_interfaces__rosidl_typesupport_fastrtps_cpp.so
[9.171s] -- Set runtime path of "/home/nuc/rm_vision_ws/install/buff_interfaces/lib/libbuff_interfaces__rosidl_typesupport_fastrtps_cpp.so" to ""
[9.171s] -- Installing: /home/nuc/rm_vision_ws/install/buff_interfaces/lib/libbuff_interfaces__rosidl_typesupport_introspection_cpp.so
[9.171s] -- Set runtime path of "/home/nuc/rm_vision_ws/install/buff_interfaces/lib/libbuff_interfaces__rosidl_typesupport_introspection_cpp.so" to ""
[9.171s] -- Installing: /home/nuc/rm_vision_ws/install/buff_interfaces/lib/libbuff_interfaces__rosidl_typesupport_cpp.so
[9.171s] -- Set runtime path of "/home/nuc/rm_vision_ws/install/buff_interfaces/lib/libbuff_interfaces__rosidl_typesupport_cpp.so" to ""
[9.197s] Listing '/home/nuc/rm_vision_ws/install/buff_interfaces/local/lib/python3.10/dist-packages/buff_interfaces'...
[9.197s] Compiling '/home/nuc/rm_vision_ws/install/buff_interfaces/local/lib/python3.10/dist-packages/buff_interfaces/__init__.py'...
[9.198s] Listing '/home/nuc/rm_vision_ws/install/buff_interfaces/local/lib/python3.10/dist-packages/buff_interfaces/msg'...
[9.198s] Compiling '/home/nuc/rm_vision_ws/install/buff_interfaces/local/lib/python3.10/dist-packages/buff_interfaces/msg/__init__.py'...
[9.198s] Compiling '/home/nuc/rm_vision_ws/install/buff_interfaces/local/lib/python3.10/dist-packages/buff_interfaces/msg/_blade.py'...
[9.198s] Compiling '/home/nuc/rm_vision_ws/install/buff_interfaces/local/lib/python3.10/dist-packages/buff_interfaces/msg/_blade_array.py'...
[9.198s] Compiling '/home/nuc/rm_vision_ws/install/buff_interfaces/local/lib/python3.10/dist-packages/buff_interfaces/msg/_debug_blade.py'...
[9.198s] Compiling '/home/nuc/rm_vision_ws/install/buff_interfaces/local/lib/python3.10/dist-packages/buff_interfaces/msg/_debug_blade_array.py'...
[9.198s] Compiling '/home/nuc/rm_vision_ws/install/buff_interfaces/local/lib/python3.10/dist-packages/buff_interfaces/msg/_rune.py'...
[9.198s] Compiling '/home/nuc/rm_vision_ws/install/buff_interfaces/local/lib/python3.10/dist-packages/buff_interfaces/msg/_rune_info.py'...
[9.198s] Compiling '/home/nuc/rm_vision_ws/install/buff_interfaces/local/lib/python3.10/dist-packages/buff_interfaces/msg/_time_info.py'...
[9.201s] -- Installing: /home/nuc/rm_vision_ws/install/buff_interfaces/lib/libbuff_interfaces__rosidl_generator_py.so
[9.201s] -- Set runtime path of "/home/nuc/rm_vision_ws/install/buff_interfaces/lib/libbuff_interfaces__rosidl_generator_py.so" to ""
[9.201s] -- Installing: /home/nuc/rm_vision_ws/install/buff_interfaces/share/buff_interfaces/cmake/export_buff_interfaces__rosidl_generator_cExport.cmake
[9.201s] -- Installing: /home/nuc/rm_vision_ws/install/buff_interfaces/share/buff_interfaces/cmake/export_buff_interfaces__rosidl_generator_cExport-noconfig.cmake
[9.201s] -- Installing: /home/nuc/rm_vision_ws/install/buff_interfaces/share/buff_interfaces/cmake/export_buff_interfaces__rosidl_typesupport_fastrtps_cExport.cmake
[9.201s] -- Installing: /home/nuc/rm_vision_ws/install/buff_interfaces/share/buff_interfaces/cmake/export_buff_interfaces__rosidl_typesupport_fastrtps_cExport-noconfig.cmake
[9.201s] -- Installing: /home/nuc/rm_vision_ws/install/buff_interfaces/share/buff_interfaces/cmake/buff_interfaces__rosidl_typesupport_introspection_cExport.cmake
[9.202s] -- Installing: /home/nuc/rm_vision_ws/install/buff_interfaces/share/buff_interfaces/cmake/buff_interfaces__rosidl_typesupport_introspection_cExport-noconfig.cmake
[9.202s] -- Installing: /home/nuc/rm_vision_ws/install/buff_interfaces/share/buff_interfaces/cmake/buff_interfaces__rosidl_typesupport_cExport.cmake
[9.202s] -- Installing: /home/nuc/rm_vision_ws/install/buff_interfaces/share/buff_interfaces/cmake/buff_interfaces__rosidl_typesupport_cExport-noconfig.cmake
[9.202s] -- Installing: /home/nuc/rm_vision_ws/install/buff_interfaces/share/buff_interfaces/cmake/export_buff_interfaces__rosidl_generator_cppExport.cmake
[9.202s] -- Installing: /home/nuc/rm_vision_ws/install/buff_interfaces/share/buff_interfaces/cmake/export_buff_interfaces__rosidl_typesupport_fastrtps_cppExport.cmake
[9.202s] -- Installing: /home/nuc/rm_vision_ws/install/buff_interfaces/share/buff_interfaces/cmake/export_buff_interfaces__rosidl_typesupport_fastrtps_cppExport-noconfig.cmake
[9.202s] -- Installing: /home/nuc/rm_vision_ws/install/buff_interfaces/share/buff_interfaces/cmake/buff_interfaces__rosidl_typesupport_introspection_cppExport.cmake
[9.202s] -- Installing: /home/nuc/rm_vision_ws/install/buff_interfaces/share/buff_interfaces/cmake/buff_interfaces__rosidl_typesupport_introspection_cppExport-noconfig.cmake
[9.202s] -- Installing: /home/nuc/rm_vision_ws/install/buff_interfaces/share/buff_interfaces/cmake/buff_interfaces__rosidl_typesupport_cppExport.cmake
[9.202s] -- Installing: /home/nuc/rm_vision_ws/install/buff_interfaces/share/buff_interfaces/cmake/buff_interfaces__rosidl_typesupport_cppExport-noconfig.cmake
[9.202s] -- Installing: /home/nuc/rm_vision_ws/install/buff_interfaces/share/buff_interfaces/cmake/export_buff_interfaces__rosidl_generator_pyExport.cmake
[9.202s] -- Installing: /home/nuc/rm_vision_ws/install/buff_interfaces/share/buff_interfaces/cmake/export_buff_interfaces__rosidl_generator_pyExport-noconfig.cmake
[9.204s] Invoked command in '/home/nuc/rm_vision_ws/build/buff_interfaces' returned '0': CMAKE_PREFIX_PATH=/opt/ros/humble /usr/bin/cmake --install /home/nuc/rm_vision_ws/build/buff_interfaces
