[0.019s] Invoking command in '/home/nuc/rm_vision_ws/build/buff_interfaces': CMAKE_PREFIX_PATH=${CMAKE_PREFIX_PATH}:/opt/ros/humble /usr/bin/cmake /home/nuc/rm_vision_ws/src/rm_buff/buff_interfaces -DCMAKE_INSTALL_PREFIX=/home/nuc/rm_vision_ws/install/buff_interfaces
[0.062s] -- Found ament_cmake: 1.3.10 (/opt/ros/humble/share/ament_cmake/cmake)
[0.161s] -- Override CMake install command with custom implementation using symlinks instead of copying resources
[0.175s] -- Found rosidl_default_generators: 1.2.0 (/opt/ros/humble/share/rosidl_default_generators/cmake)
[0.180s] -- Using all available rosidl_typesupport_c: rosidl_typesupport_fastrtps_c;rosidl_typesupport_introspection_c
[0.183s] -- Found rosidl_adapter: 3.1.5 (/opt/ros/humble/share/rosidl_adapter/cmake)
[0.214s] -- Using all available rosidl_typesupport_cpp: rosidl_typesupport_fastrtps_cpp;rosidl_typesupport_introspection_cpp
[0.237s] -- Found geometry_msgs: 4.2.4 (/opt/ros/humble/share/geometry_msgs/cmake)
[0.507s] -- Found ament_cmake_ros: 0.10.0 (/opt/ros/humble/share/ament_cmake_ros/cmake)
[0.688s] -- Using all available rosidl_typesupport_c: rosidl_typesupport_fastrtps_c;rosidl_typesupport_introspection_c
[0.917s] -- Using all available rosidl_typesupport_cpp: rosidl_typesupport_fastrtps_cpp;rosidl_typesupport_introspection_cpp
[0.936s] -- Found python_cmake_module: 0.10.0 (/opt/ros/humble/share/python_cmake_module/cmake)
[0.954s] -- Using PYTHON_EXECUTABLE: /usr/bin/python3
[0.954s] -- Using PYTHON_INCLUDE_DIRS: /usr/include/python3.10
[0.954s] -- Using PYTHON_LIBRARIES: /usr/lib/x86_64-linux-gnu/libpython3.10.so
[0.995s] -- Configuring done
[1.041s] -- Generating done
[1.043s] -- Build files have been written to: /home/nuc/rm_vision_ws/build/buff_interfaces
[1.048s] Invoked command in '/home/nuc/rm_vision_ws/build/buff_interfaces' returned '0': CMAKE_PREFIX_PATH=${CMAKE_PREFIX_PATH}:/opt/ros/humble /usr/bin/cmake /home/nuc/rm_vision_ws/src/rm_buff/buff_interfaces -DCMAKE_INSTALL_PREFIX=/home/nuc/rm_vision_ws/install/buff_interfaces
[1.049s] Invoking command in '/home/nuc/rm_vision_ws/build/buff_interfaces': CMAKE_PREFIX_PATH=${CMAKE_PREFIX_PATH}:/opt/ros/humble /usr/bin/cmake --build /home/nuc/rm_vision_ws/build/buff_interfaces -- -j16 -l16
[1.094s] [35m[1mConsolidate compiler generated dependencies of target buff_interfaces__rosidl_generator_c[0m
[1.102s] [  1%] Built target buff_interfaces__cpp
[1.109s] [ 12%] Built target buff_interfaces__rosidl_generator_c
[1.110s] [ 12%] Built target ament_cmake_python_symlink_buff_interfaces
[1.115s] [35m[1mConsolidate compiler generated dependencies of target buff_interfaces__rosidl_typesupport_fastrtps_cpp[0m
[1.118s] [35m[1mConsolidate compiler generated dependencies of target buff_interfaces__rosidl_typesupport_cpp[0m
[1.118s] [35m[1mConsolidate compiler generated dependencies of target buff_interfaces__rosidl_typesupport_introspection_cpp[0m
[1.124s] [35m[1mConsolidate compiler generated dependencies of target buff_interfaces__rosidl_typesupport_introspection_c[0m
[1.125s] [35m[1mConsolidate compiler generated dependencies of target buff_interfaces__rosidl_typesupport_fastrtps_c[0m
[1.127s] [35m[1mConsolidate compiler generated dependencies of target buff_interfaces__rosidl_typesupport_c[0m
[1.133s] [ 35%] Built target buff_interfaces__rosidl_typesupport_introspection_cpp
[1.133s] [ 35%] Built target buff_interfaces__rosidl_typesupport_fastrtps_cpp
[1.134s] [ 46%] Built target buff_interfaces__rosidl_typesupport_cpp
[1.140s] [ 58%] Built target buff_interfaces__rosidl_typesupport_introspection_c
[1.142s] [ 69%] Built target buff_interfaces__rosidl_typesupport_c
[1.146s] [ 81%] Built target buff_interfaces__rosidl_typesupport_fastrtps_c
[1.167s] [ 81%] Built target buff_interfaces
[1.194s] [ 82%] Built target buff_interfaces__py
[1.207s] [35m[1mConsolidate compiler generated dependencies of target buff_interfaces__rosidl_generator_py[0m
[1.229s] [ 92%] Built target buff_interfaces__rosidl_generator_py
[1.245s] [35m[1mConsolidate compiler generated dependencies of target buff_interfaces__rosidl_typesupport_c__pyext[0m
[1.245s] [35m[1mConsolidate compiler generated dependencies of target buff_interfaces__rosidl_typesupport_fastrtps_c__pyext[0m
[1.245s] [35m[1mConsolidate compiler generated dependencies of target buff_interfaces__rosidl_typesupport_introspection_c__pyext[0m
[1.261s] [100%] Built target buff_interfaces__rosidl_typesupport_introspection_c__pyext
[1.261s] [100%] Built target buff_interfaces__rosidl_typesupport_fastrtps_c__pyext
[1.261s] [100%] Built target buff_interfaces__rosidl_typesupport_c__pyext
[1.272s] running egg_info
[1.273s] writing buff_interfaces.egg-info/PKG-INFO
[1.273s] writing dependency_links to buff_interfaces.egg-info/dependency_links.txt
[1.273s] writing top-level names to buff_interfaces.egg-info/top_level.txt
[1.275s] reading manifest file 'buff_interfaces.egg-info/SOURCES.txt'
[1.275s] writing manifest file 'buff_interfaces.egg-info/SOURCES.txt'
[1.299s] [100%] Built target ament_cmake_python_build_buff_interfaces_egg
[1.311s] Invoked command in '/home/nuc/rm_vision_ws/build/buff_interfaces' returned '0': CMAKE_PREFIX_PATH=${CMAKE_PREFIX_PATH}:/opt/ros/humble /usr/bin/cmake --build /home/nuc/rm_vision_ws/build/buff_interfaces -- -j16 -l16
[1.577s] Invoking command in '/home/nuc/rm_vision_ws/build/buff_interfaces': CMAKE_PREFIX_PATH=${CMAKE_PREFIX_PATH}:/opt/ros/humble /usr/bin/cmake --install /home/nuc/rm_vision_ws/build/buff_interfaces
[1.585s] -- Install configuration: ""
[1.585s] -- Execute custom install script
[1.585s] -- Up-to-date symlink: /home/nuc/rm_vision_ws/install/buff_interfaces/share/ament_index/resource_index/rosidl_interfaces/buff_interfaces
[1.586s] -- Up-to-date symlink: /home/nuc/rm_vision_ws/install/buff_interfaces/include/buff_interfaces/buff_interfaces/msg/blade.h
[1.586s] -- Up-to-date symlink: /home/nuc/rm_vision_ws/install/buff_interfaces/include/buff_interfaces/buff_interfaces/msg/blade_array.h
[1.586s] -- Up-to-date symlink: /home/nuc/rm_vision_ws/install/buff_interfaces/include/buff_interfaces/buff_interfaces/msg/debug_blade.h
[1.586s] -- Up-to-date symlink: /home/nuc/rm_vision_ws/install/buff_interfaces/include/buff_interfaces/buff_interfaces/msg/debug_blade_array.h
[1.587s] -- Up-to-date symlink: /home/nuc/rm_vision_ws/install/buff_interfaces/include/buff_interfaces/buff_interfaces/msg/detail/blade__functions.h
[1.587s] -- Up-to-date symlink: /home/nuc/rm_vision_ws/install/buff_interfaces/include/buff_interfaces/buff_interfaces/msg/detail/blade__struct.h
[1.587s] -- Up-to-date symlink: /home/nuc/rm_vision_ws/install/buff_interfaces/include/buff_interfaces/buff_interfaces/msg/detail/blade__type_support.h
[1.587s] -- Up-to-date symlink: /home/nuc/rm_vision_ws/install/buff_interfaces/include/buff_interfaces/buff_interfaces/msg/detail/blade_array__functions.h
[1.587s] -- Up-to-date symlink: /home/nuc/rm_vision_ws/install/buff_interfaces/include/buff_interfaces/buff_interfaces/msg/detail/blade_array__struct.h
[1.587s] -- Up-to-date symlink: /home/nuc/rm_vision_ws/install/buff_interfaces/include/buff_interfaces/buff_interfaces/msg/detail/blade_array__type_support.h
[1.588s] -- Up-to-date symlink: /home/nuc/rm_vision_ws/install/buff_interfaces/include/buff_interfaces/buff_interfaces/msg/detail/debug_blade__functions.h
[1.588s] -- Up-to-date symlink: /home/nuc/rm_vision_ws/install/buff_interfaces/include/buff_interfaces/buff_interfaces/msg/detail/debug_blade__struct.h
[1.588s] -- Up-to-date symlink: /home/nuc/rm_vision_ws/install/buff_interfaces/include/buff_interfaces/buff_interfaces/msg/detail/debug_blade__type_support.h
[1.588s] -- Up-to-date symlink: /home/nuc/rm_vision_ws/install/buff_interfaces/include/buff_interfaces/buff_interfaces/msg/detail/debug_blade_array__functions.h
[1.588s] -- Up-to-date symlink: /home/nuc/rm_vision_ws/install/buff_interfaces/include/buff_interfaces/buff_interfaces/msg/detail/debug_blade_array__struct.h
[1.588s] -- Up-to-date symlink: /home/nuc/rm_vision_ws/install/buff_interfaces/include/buff_interfaces/buff_interfaces/msg/detail/debug_blade_array__type_support.h
[1.588s] -- Up-to-date symlink: /home/nuc/rm_vision_ws/install/buff_interfaces/include/buff_interfaces/buff_interfaces/msg/detail/rune__functions.h
[1.589s] -- Up-to-date symlink: /home/nuc/rm_vision_ws/install/buff_interfaces/include/buff_interfaces/buff_interfaces/msg/detail/rune__struct.h
[1.589s] -- Up-to-date symlink: /home/nuc/rm_vision_ws/install/buff_interfaces/include/buff_interfaces/buff_interfaces/msg/detail/rune__type_support.h
[1.589s] -- Up-to-date symlink: /home/nuc/rm_vision_ws/install/buff_interfaces/include/buff_interfaces/buff_interfaces/msg/detail/rune_info__functions.h
[1.589s] -- Up-to-date symlink: /home/nuc/rm_vision_ws/install/buff_interfaces/include/buff_interfaces/buff_interfaces/msg/detail/rune_info__struct.h
[1.589s] -- Up-to-date symlink: /home/nuc/rm_vision_ws/install/buff_interfaces/include/buff_interfaces/buff_interfaces/msg/detail/rune_info__type_support.h
[1.589s] -- Up-to-date symlink: /home/nuc/rm_vision_ws/install/buff_interfaces/include/buff_interfaces/buff_interfaces/msg/detail/time_info__functions.h
[1.589s] -- Up-to-date symlink: /home/nuc/rm_vision_ws/install/buff_interfaces/include/buff_interfaces/buff_interfaces/msg/detail/time_info__struct.h
[1.589s] -- Up-to-date symlink: /home/nuc/rm_vision_ws/install/buff_interfaces/include/buff_interfaces/buff_interfaces/msg/detail/time_info__type_support.h
[1.590s] -- Up-to-date symlink: /home/nuc/rm_vision_ws/install/buff_interfaces/include/buff_interfaces/buff_interfaces/msg/rosidl_generator_c__visibility_control.h
[1.590s] -- Up-to-date symlink: /home/nuc/rm_vision_ws/install/buff_interfaces/include/buff_interfaces/buff_interfaces/msg/rune.h
[1.590s] -- Up-to-date symlink: /home/nuc/rm_vision_ws/install/buff_interfaces/include/buff_interfaces/buff_interfaces/msg/rune_info.h
[1.590s] -- Up-to-date symlink: /home/nuc/rm_vision_ws/install/buff_interfaces/include/buff_interfaces/buff_interfaces/msg/time_info.h
[1.590s] -- Up-to-date symlink: /home/nuc/rm_vision_ws/install/buff_interfaces/share/buff_interfaces/environment/library_path.sh
[1.590s] -- Up-to-date symlink: /home/nuc/rm_vision_ws/install/buff_interfaces/share/buff_interfaces/environment/library_path.dsv
[1.591s] -- Up-to-date symlink: /home/nuc/rm_vision_ws/install/buff_interfaces/include/buff_interfaces/buff_interfaces/msg/detail/blade__rosidl_typesupport_fastrtps_c.h
[1.591s] -- Up-to-date symlink: /home/nuc/rm_vision_ws/install/buff_interfaces/include/buff_interfaces/buff_interfaces/msg/detail/blade_array__rosidl_typesupport_fastrtps_c.h
[1.591s] -- Up-to-date symlink: /home/nuc/rm_vision_ws/install/buff_interfaces/include/buff_interfaces/buff_interfaces/msg/detail/debug_blade__rosidl_typesupport_fastrtps_c.h
[1.591s] -- Up-to-date symlink: /home/nuc/rm_vision_ws/install/buff_interfaces/include/buff_interfaces/buff_interfaces/msg/detail/debug_blade_array__rosidl_typesupport_fastrtps_c.h
[1.591s] -- Up-to-date symlink: /home/nuc/rm_vision_ws/install/buff_interfaces/include/buff_interfaces/buff_interfaces/msg/detail/rune__rosidl_typesupport_fastrtps_c.h
[1.591s] -- Up-to-date symlink: /home/nuc/rm_vision_ws/install/buff_interfaces/include/buff_interfaces/buff_interfaces/msg/detail/rune_info__rosidl_typesupport_fastrtps_c.h
[1.592s] -- Up-to-date symlink: /home/nuc/rm_vision_ws/install/buff_interfaces/include/buff_interfaces/buff_interfaces/msg/detail/time_info__rosidl_typesupport_fastrtps_c.h
[1.592s] -- Up-to-date symlink: /home/nuc/rm_vision_ws/install/buff_interfaces/include/buff_interfaces/buff_interfaces/msg/rosidl_typesupport_fastrtps_c__visibility_control.h
[1.592s] -- Up-to-date symlink: /home/nuc/rm_vision_ws/install/buff_interfaces/include/buff_interfaces/buff_interfaces/msg/detail/blade__rosidl_typesupport_introspection_c.h
[1.592s] -- Up-to-date symlink: /home/nuc/rm_vision_ws/install/buff_interfaces/include/buff_interfaces/buff_interfaces/msg/detail/blade_array__rosidl_typesupport_introspection_c.h
[1.592s] -- Up-to-date symlink: /home/nuc/rm_vision_ws/install/buff_interfaces/include/buff_interfaces/buff_interfaces/msg/detail/debug_blade__rosidl_typesupport_introspection_c.h
[1.593s] -- Up-to-date symlink: /home/nuc/rm_vision_ws/install/buff_interfaces/include/buff_interfaces/buff_interfaces/msg/detail/debug_blade_array__rosidl_typesupport_introspection_c.h
[1.593s] -- Up-to-date symlink: /home/nuc/rm_vision_ws/install/buff_interfaces/include/buff_interfaces/buff_interfaces/msg/detail/rune__rosidl_typesupport_introspection_c.h
[1.593s] -- Up-to-date symlink: /home/nuc/rm_vision_ws/install/buff_interfaces/include/buff_interfaces/buff_interfaces/msg/detail/rune_info__rosidl_typesupport_introspection_c.h
[1.593s] -- Up-to-date symlink: /home/nuc/rm_vision_ws/install/buff_interfaces/include/buff_interfaces/buff_interfaces/msg/detail/time_info__rosidl_typesupport_introspection_c.h
[1.594s] -- Up-to-date symlink: /home/nuc/rm_vision_ws/install/buff_interfaces/include/buff_interfaces/buff_interfaces/msg/rosidl_typesupport_introspection_c__visibility_control.h
[1.595s] -- Up-to-date symlink: /home/nuc/rm_vision_ws/install/buff_interfaces/include/buff_interfaces/buff_interfaces/msg/blade.hpp
[1.595s] -- Up-to-date symlink: /home/nuc/rm_vision_ws/install/buff_interfaces/include/buff_interfaces/buff_interfaces/msg/blade_array.hpp
[1.595s] -- Up-to-date symlink: /home/nuc/rm_vision_ws/install/buff_interfaces/include/buff_interfaces/buff_interfaces/msg/debug_blade.hpp
[1.595s] -- Up-to-date symlink: /home/nuc/rm_vision_ws/install/buff_interfaces/include/buff_interfaces/buff_interfaces/msg/debug_blade_array.hpp
[1.595s] -- Up-to-date symlink: /home/nuc/rm_vision_ws/install/buff_interfaces/include/buff_interfaces/buff_interfaces/msg/detail/blade__builder.hpp
[1.596s] -- Up-to-date symlink: /home/nuc/rm_vision_ws/install/buff_interfaces/include/buff_interfaces/buff_interfaces/msg/detail/blade__struct.hpp
[1.596s] -- Up-to-date symlink: /home/nuc/rm_vision_ws/install/buff_interfaces/include/buff_interfaces/buff_interfaces/msg/detail/blade__traits.hpp
[1.596s] -- Up-to-date symlink: /home/nuc/rm_vision_ws/install/buff_interfaces/include/buff_interfaces/buff_interfaces/msg/detail/blade_array__builder.hpp
[1.596s] -- Up-to-date symlink: /home/nuc/rm_vision_ws/install/buff_interfaces/include/buff_interfaces/buff_interfaces/msg/detail/blade_array__struct.hpp
[1.597s] -- Up-to-date symlink: /home/nuc/rm_vision_ws/install/buff_interfaces/include/buff_interfaces/buff_interfaces/msg/detail/blade_array__traits.hpp
[1.597s] -- Up-to-date symlink: /home/nuc/rm_vision_ws/install/buff_interfaces/include/buff_interfaces/buff_interfaces/msg/detail/debug_blade__builder.hpp
[1.597s] -- Up-to-date symlink: /home/nuc/rm_vision_ws/install/buff_interfaces/include/buff_interfaces/buff_interfaces/msg/detail/debug_blade__struct.hpp
[1.597s] -- Up-to-date symlink: /home/nuc/rm_vision_ws/install/buff_interfaces/include/buff_interfaces/buff_interfaces/msg/detail/debug_blade__traits.hpp
[1.597s] -- Up-to-date symlink: /home/nuc/rm_vision_ws/install/buff_interfaces/include/buff_interfaces/buff_interfaces/msg/detail/debug_blade_array__builder.hpp
[1.598s] -- Up-to-date symlink: /home/nuc/rm_vision_ws/install/buff_interfaces/include/buff_interfaces/buff_interfaces/msg/detail/debug_blade_array__struct.hpp
[1.598s] -- Up-to-date symlink: /home/nuc/rm_vision_ws/install/buff_interfaces/include/buff_interfaces/buff_interfaces/msg/detail/debug_blade_array__traits.hpp
[1.598s] -- Up-to-date symlink: /home/nuc/rm_vision_ws/install/buff_interfaces/include/buff_interfaces/buff_interfaces/msg/detail/rune__builder.hpp
[1.598s] -- Up-to-date symlink: /home/nuc/rm_vision_ws/install/buff_interfaces/include/buff_interfaces/buff_interfaces/msg/detail/rune__struct.hpp
[1.599s] -- Up-to-date symlink: /home/nuc/rm_vision_ws/install/buff_interfaces/include/buff_interfaces/buff_interfaces/msg/detail/rune__traits.hpp
[1.599s] -- Up-to-date symlink: /home/nuc/rm_vision_ws/install/buff_interfaces/include/buff_interfaces/buff_interfaces/msg/detail/rune_info__builder.hpp
[1.599s] -- Up-to-date symlink: /home/nuc/rm_vision_ws/install/buff_interfaces/include/buff_interfaces/buff_interfaces/msg/detail/rune_info__struct.hpp
[1.599s] -- Up-to-date symlink: /home/nuc/rm_vision_ws/install/buff_interfaces/include/buff_interfaces/buff_interfaces/msg/detail/rune_info__traits.hpp
[1.600s] -- Up-to-date symlink: /home/nuc/rm_vision_ws/install/buff_interfaces/include/buff_interfaces/buff_interfaces/msg/detail/time_info__builder.hpp
[1.600s] -- Up-to-date symlink: /home/nuc/rm_vision_ws/install/buff_interfaces/include/buff_interfaces/buff_interfaces/msg/detail/time_info__struct.hpp
[1.600s] -- Up-to-date symlink: /home/nuc/rm_vision_ws/install/buff_interfaces/include/buff_interfaces/buff_interfaces/msg/detail/time_info__traits.hpp
[1.601s] -- Up-to-date symlink: /home/nuc/rm_vision_ws/install/buff_interfaces/include/buff_interfaces/buff_interfaces/msg/rune.hpp
[1.601s] -- Up-to-date symlink: /home/nuc/rm_vision_ws/install/buff_interfaces/include/buff_interfaces/buff_interfaces/msg/rune_info.hpp
[1.601s] -- Up-to-date symlink: /home/nuc/rm_vision_ws/install/buff_interfaces/include/buff_interfaces/buff_interfaces/msg/time_info.hpp
[1.602s] -- Up-to-date symlink: /home/nuc/rm_vision_ws/install/buff_interfaces/include/buff_interfaces/buff_interfaces/msg/detail/blade__rosidl_typesupport_fastrtps_cpp.hpp
[1.602s] -- Up-to-date symlink: /home/nuc/rm_vision_ws/install/buff_interfaces/include/buff_interfaces/buff_interfaces/msg/detail/blade_array__rosidl_typesupport_fastrtps_cpp.hpp
[1.602s] -- Up-to-date symlink: /home/nuc/rm_vision_ws/install/buff_interfaces/include/buff_interfaces/buff_interfaces/msg/detail/debug_blade__rosidl_typesupport_fastrtps_cpp.hpp
[1.603s] -- Up-to-date symlink: /home/nuc/rm_vision_ws/install/buff_interfaces/include/buff_interfaces/buff_interfaces/msg/detail/debug_blade_array__rosidl_typesupport_fastrtps_cpp.hpp
[1.603s] -- Up-to-date symlink: /home/nuc/rm_vision_ws/install/buff_interfaces/include/buff_interfaces/buff_interfaces/msg/detail/rune__rosidl_typesupport_fastrtps_cpp.hpp
[1.603s] -- Up-to-date symlink: /home/nuc/rm_vision_ws/install/buff_interfaces/include/buff_interfaces/buff_interfaces/msg/detail/rune_info__rosidl_typesupport_fastrtps_cpp.hpp
[1.603s] -- Up-to-date symlink: /home/nuc/rm_vision_ws/install/buff_interfaces/include/buff_interfaces/buff_interfaces/msg/detail/time_info__rosidl_typesupport_fastrtps_cpp.hpp
[1.604s] -- Up-to-date symlink: /home/nuc/rm_vision_ws/install/buff_interfaces/include/buff_interfaces/buff_interfaces/msg/rosidl_typesupport_fastrtps_cpp__visibility_control.h
[1.604s] -- Up-to-date symlink: /home/nuc/rm_vision_ws/install/buff_interfaces/include/buff_interfaces/buff_interfaces/msg/detail/blade__rosidl_typesupport_introspection_cpp.hpp
[1.605s] -- Up-to-date symlink: /home/nuc/rm_vision_ws/install/buff_interfaces/include/buff_interfaces/buff_interfaces/msg/detail/blade_array__rosidl_typesupport_introspection_cpp.hpp
[1.605s] -- Up-to-date symlink: /home/nuc/rm_vision_ws/install/buff_interfaces/include/buff_interfaces/buff_interfaces/msg/detail/debug_blade__rosidl_typesupport_introspection_cpp.hpp
[1.605s] -- Up-to-date symlink: /home/nuc/rm_vision_ws/install/buff_interfaces/include/buff_interfaces/buff_interfaces/msg/detail/debug_blade_array__rosidl_typesupport_introspection_cpp.hpp
[1.605s] -- Up-to-date symlink: /home/nuc/rm_vision_ws/install/buff_interfaces/include/buff_interfaces/buff_interfaces/msg/detail/rune__rosidl_typesupport_introspection_cpp.hpp
[1.606s] -- Up-to-date symlink: /home/nuc/rm_vision_ws/install/buff_interfaces/include/buff_interfaces/buff_interfaces/msg/detail/rune_info__rosidl_typesupport_introspection_cpp.hpp
[1.606s] -- Up-to-date symlink: /home/nuc/rm_vision_ws/install/buff_interfaces/include/buff_interfaces/buff_interfaces/msg/detail/time_info__rosidl_typesupport_introspection_cpp.hpp
[1.606s] -- Up-to-date symlink: /home/nuc/rm_vision_ws/install/buff_interfaces/share/buff_interfaces/environment/pythonpath.sh
[1.606s] -- Up-to-date symlink: /home/nuc/rm_vision_ws/install/buff_interfaces/share/buff_interfaces/environment/pythonpath.dsv
[1.607s] -- Up-to-date symlink: /home/nuc/rm_vision_ws/install/buff_interfaces/local/lib/python3.10/dist-packages/buff_interfaces-1.0.0-py3.10.egg-info/PKG-INFO
[1.607s] -- Up-to-date symlink: /home/nuc/rm_vision_ws/install/buff_interfaces/local/lib/python3.10/dist-packages/buff_interfaces-1.0.0-py3.10.egg-info/SOURCES.txt
[1.608s] -- Up-to-date symlink: /home/nuc/rm_vision_ws/install/buff_interfaces/local/lib/python3.10/dist-packages/buff_interfaces-1.0.0-py3.10.egg-info/dependency_links.txt
[1.609s] -- Up-to-date symlink: /home/nuc/rm_vision_ws/install/buff_interfaces/local/lib/python3.10/dist-packages/buff_interfaces-1.0.0-py3.10.egg-info/top_level.txt
[1.609s] -- Up-to-date symlink: /home/nuc/rm_vision_ws/install/buff_interfaces/local/lib/python3.10/dist-packages/buff_interfaces/__init__.py
[1.610s] -- Up-to-date symlink: /home/nuc/rm_vision_ws/install/buff_interfaces/local/lib/python3.10/dist-packages/buff_interfaces/_buff_interfaces_s.ep.rosidl_typesupport_c.c
[1.610s] -- Up-to-date symlink: /home/nuc/rm_vision_ws/install/buff_interfaces/local/lib/python3.10/dist-packages/buff_interfaces/_buff_interfaces_s.ep.rosidl_typesupport_fastrtps_c.c
[1.610s] -- Up-to-date symlink: /home/nuc/rm_vision_ws/install/buff_interfaces/local/lib/python3.10/dist-packages/buff_interfaces/_buff_interfaces_s.ep.rosidl_typesupport_introspection_c.c
[1.610s] -- Up-to-date symlink: /home/nuc/rm_vision_ws/install/buff_interfaces/local/lib/python3.10/dist-packages/buff_interfaces/buff_interfaces_s__rosidl_typesupport_c.cpython-310-x86_64-linux-gnu.so
[1.610s] -- Up-to-date symlink: /home/nuc/rm_vision_ws/install/buff_interfaces/local/lib/python3.10/dist-packages/buff_interfaces/buff_interfaces_s__rosidl_typesupport_fastrtps_c.cpython-310-x86_64-linux-gnu.so
[1.610s] -- Up-to-date symlink: /home/nuc/rm_vision_ws/install/buff_interfaces/local/lib/python3.10/dist-packages/buff_interfaces/buff_interfaces_s__rosidl_typesupport_introspection_c.cpython-310-x86_64-linux-gnu.so
[1.610s] -- Up-to-date symlink: /home/nuc/rm_vision_ws/install/buff_interfaces/local/lib/python3.10/dist-packages/buff_interfaces/libbuff_interfaces__rosidl_generator_py.so
[1.611s] -- Up-to-date symlink: /home/nuc/rm_vision_ws/install/buff_interfaces/local/lib/python3.10/dist-packages/buff_interfaces/msg/__init__.py
[1.611s] -- Up-to-date symlink: /home/nuc/rm_vision_ws/install/buff_interfaces/local/lib/python3.10/dist-packages/buff_interfaces/msg/_blade.py
[1.611s] -- Up-to-date symlink: /home/nuc/rm_vision_ws/install/buff_interfaces/local/lib/python3.10/dist-packages/buff_interfaces/msg/_blade_array.py
[1.612s] -- Up-to-date symlink: /home/nuc/rm_vision_ws/install/buff_interfaces/local/lib/python3.10/dist-packages/buff_interfaces/msg/_blade_array_s.c
[1.612s] -- Up-to-date symlink: /home/nuc/rm_vision_ws/install/buff_interfaces/local/lib/python3.10/dist-packages/buff_interfaces/msg/_blade_s.c
[1.612s] -- Up-to-date symlink: /home/nuc/rm_vision_ws/install/buff_interfaces/local/lib/python3.10/dist-packages/buff_interfaces/msg/_debug_blade.py
[1.612s] -- Up-to-date symlink: /home/nuc/rm_vision_ws/install/buff_interfaces/local/lib/python3.10/dist-packages/buff_interfaces/msg/_debug_blade_array.py
[1.613s] -- Up-to-date symlink: /home/nuc/rm_vision_ws/install/buff_interfaces/local/lib/python3.10/dist-packages/buff_interfaces/msg/_debug_blade_array_s.c
[1.614s] -- Up-to-date symlink: /home/nuc/rm_vision_ws/install/buff_interfaces/local/lib/python3.10/dist-packages/buff_interfaces/msg/_debug_blade_s.c
[1.614s] -- Up-to-date symlink: /home/nuc/rm_vision_ws/install/buff_interfaces/local/lib/python3.10/dist-packages/buff_interfaces/msg/_rune.py
[1.614s] -- Up-to-date symlink: /home/nuc/rm_vision_ws/install/buff_interfaces/local/lib/python3.10/dist-packages/buff_interfaces/msg/_rune_info.py
[1.615s] -- Up-to-date symlink: /home/nuc/rm_vision_ws/install/buff_interfaces/local/lib/python3.10/dist-packages/buff_interfaces/msg/_rune_info_s.c
[1.615s] -- Up-to-date symlink: /home/nuc/rm_vision_ws/install/buff_interfaces/local/lib/python3.10/dist-packages/buff_interfaces/msg/_rune_s.c
[1.615s] -- Up-to-date symlink: /home/nuc/rm_vision_ws/install/buff_interfaces/local/lib/python3.10/dist-packages/buff_interfaces/msg/_time_info.py
[1.616s] -- Up-to-date symlink: /home/nuc/rm_vision_ws/install/buff_interfaces/local/lib/python3.10/dist-packages/buff_interfaces/msg/_time_info_s.c
[1.616s] -- Up-to-date symlink: /home/nuc/rm_vision_ws/install/buff_interfaces/local/lib/python3.10/dist-packages/buff_interfaces/buff_interfaces_s__rosidl_typesupport_fastrtps_c.cpython-310-x86_64-linux-gnu.so
[1.616s] -- Up-to-date symlink: /home/nuc/rm_vision_ws/install/buff_interfaces/local/lib/python3.10/dist-packages/buff_interfaces/buff_interfaces_s__rosidl_typesupport_introspection_c.cpython-310-x86_64-linux-gnu.so
[1.616s] -- Up-to-date symlink: /home/nuc/rm_vision_ws/install/buff_interfaces/local/lib/python3.10/dist-packages/buff_interfaces/buff_interfaces_s__rosidl_typesupport_c.cpython-310-x86_64-linux-gnu.so
[1.616s] -- Up-to-date symlink: /home/nuc/rm_vision_ws/install/buff_interfaces/share/buff_interfaces/msg/Blade.idl
[1.617s] -- Up-to-date symlink: /home/nuc/rm_vision_ws/install/buff_interfaces/share/buff_interfaces/msg/BladeArray.idl
[1.618s] -- Up-to-date symlink: /home/nuc/rm_vision_ws/install/buff_interfaces/share/buff_interfaces/msg/DebugBlade.idl
[1.618s] -- Up-to-date symlink: /home/nuc/rm_vision_ws/install/buff_interfaces/share/buff_interfaces/msg/DebugBladeArray.idl
[1.619s] -- Up-to-date symlink: /home/nuc/rm_vision_ws/install/buff_interfaces/share/buff_interfaces/msg/Rune.idl
[1.619s] -- Up-to-date symlink: /home/nuc/rm_vision_ws/install/buff_interfaces/share/buff_interfaces/msg/RuneInfo.idl
[1.619s] -- Up-to-date symlink: /home/nuc/rm_vision_ws/install/buff_interfaces/share/buff_interfaces/msg/TimeInfo.idl
[1.620s] -- Up-to-date symlink: /home/nuc/rm_vision_ws/install/buff_interfaces/share/buff_interfaces/msg/Blade.msg
[1.620s] -- Up-to-date symlink: /home/nuc/rm_vision_ws/install/buff_interfaces/share/buff_interfaces/msg/BladeArray.msg
[1.620s] -- Up-to-date symlink: /home/nuc/rm_vision_ws/install/buff_interfaces/share/buff_interfaces/msg/DebugBlade.msg
[1.620s] -- Up-to-date symlink: /home/nuc/rm_vision_ws/install/buff_interfaces/share/buff_interfaces/msg/DebugBladeArray.msg
[1.621s] -- Up-to-date symlink: /home/nuc/rm_vision_ws/install/buff_interfaces/share/buff_interfaces/msg/Rune.msg
[1.621s] -- Up-to-date symlink: /home/nuc/rm_vision_ws/install/buff_interfaces/share/buff_interfaces/msg/RuneInfo.msg
[1.621s] -- Up-to-date symlink: /home/nuc/rm_vision_ws/install/buff_interfaces/share/buff_interfaces/msg/TimeInfo.msg
[1.621s] -- Up-to-date symlink: /home/nuc/rm_vision_ws/install/buff_interfaces/share/ament_index/resource_index/package_run_dependencies/buff_interfaces
[1.622s] -- Up-to-date symlink: /home/nuc/rm_vision_ws/install/buff_interfaces/share/ament_index/resource_index/parent_prefix_path/buff_interfaces
[1.622s] -- Up-to-date symlink: /home/nuc/rm_vision_ws/install/buff_interfaces/share/buff_interfaces/environment/ament_prefix_path.sh
[1.622s] -- Up-to-date symlink: /home/nuc/rm_vision_ws/install/buff_interfaces/share/buff_interfaces/environment/ament_prefix_path.dsv
[1.622s] -- Up-to-date symlink: /home/nuc/rm_vision_ws/install/buff_interfaces/share/buff_interfaces/environment/path.sh
[1.623s] -- Up-to-date symlink: /home/nuc/rm_vision_ws/install/buff_interfaces/share/buff_interfaces/environment/path.dsv
[1.623s] -- Up-to-date symlink: /home/nuc/rm_vision_ws/install/buff_interfaces/share/buff_interfaces/local_setup.bash
[1.623s] -- Up-to-date symlink: /home/nuc/rm_vision_ws/install/buff_interfaces/share/buff_interfaces/local_setup.sh
[1.623s] -- Up-to-date symlink: /home/nuc/rm_vision_ws/install/buff_interfaces/share/buff_interfaces/local_setup.zsh
[1.623s] -- Up-to-date symlink: /home/nuc/rm_vision_ws/install/buff_interfaces/share/buff_interfaces/local_setup.dsv
[1.624s] -- Symlinking: /home/nuc/rm_vision_ws/install/buff_interfaces/share/buff_interfaces/package.dsv
[1.635s] -- Up-to-date symlink: /home/nuc/rm_vision_ws/install/buff_interfaces/share/ament_index/resource_index/packages/buff_interfaces
[1.635s] -- Up-to-date symlink: /home/nuc/rm_vision_ws/install/buff_interfaces/share/buff_interfaces/cmake/rosidl_cmake-extras.cmake
[1.635s] -- Up-to-date symlink: /home/nuc/rm_vision_ws/install/buff_interfaces/share/buff_interfaces/cmake/ament_cmake_export_dependencies-extras.cmake
[1.636s] -- Up-to-date symlink: /home/nuc/rm_vision_ws/install/buff_interfaces/share/buff_interfaces/cmake/ament_cmake_export_include_directories-extras.cmake
[1.636s] -- Up-to-date symlink: /home/nuc/rm_vision_ws/install/buff_interfaces/share/buff_interfaces/cmake/ament_cmake_export_libraries-extras.cmake
[1.636s] -- Up-to-date symlink: /home/nuc/rm_vision_ws/install/buff_interfaces/share/buff_interfaces/cmake/ament_cmake_export_targets-extras.cmake
[1.636s] -- Up-to-date symlink: /home/nuc/rm_vision_ws/install/buff_interfaces/share/buff_interfaces/cmake/rosidl_cmake_export_typesupport_targets-extras.cmake
[1.637s] -- Up-to-date symlink: /home/nuc/rm_vision_ws/install/buff_interfaces/share/buff_interfaces/cmake/rosidl_cmake_export_typesupport_libraries-extras.cmake
[1.637s] -- Up-to-date symlink: /home/nuc/rm_vision_ws/install/buff_interfaces/share/buff_interfaces/cmake/buff_interfacesConfig.cmake
[1.637s] -- Up-to-date symlink: /home/nuc/rm_vision_ws/install/buff_interfaces/share/buff_interfaces/cmake/buff_interfacesConfig-version.cmake
[1.638s] -- Up-to-date symlink: /home/nuc/rm_vision_ws/install/buff_interfaces/share/buff_interfaces/package.xml
[1.638s] -- Up-to-date: /home/nuc/rm_vision_ws/install/buff_interfaces/lib/libbuff_interfaces__rosidl_generator_c.so
[1.639s] -- Up-to-date: /home/nuc/rm_vision_ws/install/buff_interfaces/lib/libbuff_interfaces__rosidl_typesupport_fastrtps_c.so
[1.640s] -- Up-to-date: /home/nuc/rm_vision_ws/install/buff_interfaces/lib/libbuff_interfaces__rosidl_typesupport_introspection_c.so
[1.640s] -- Up-to-date: /home/nuc/rm_vision_ws/install/buff_interfaces/lib/libbuff_interfaces__rosidl_typesupport_c.so
[1.640s] -- Up-to-date: /home/nuc/rm_vision_ws/install/buff_interfaces/lib/libbuff_interfaces__rosidl_typesupport_fastrtps_cpp.so
[1.641s] -- Up-to-date: /home/nuc/rm_vision_ws/install/buff_interfaces/lib/libbuff_interfaces__rosidl_typesupport_introspection_cpp.so
[1.641s] -- Up-to-date: /home/nuc/rm_vision_ws/install/buff_interfaces/lib/libbuff_interfaces__rosidl_typesupport_cpp.so
[1.673s] Listing '/home/nuc/rm_vision_ws/install/buff_interfaces/local/lib/python3.10/dist-packages/buff_interfaces'...
[1.674s] Compiling '/home/nuc/rm_vision_ws/install/buff_interfaces/local/lib/python3.10/dist-packages/buff_interfaces/__init__.py'...
[1.674s] Listing '/home/nuc/rm_vision_ws/install/buff_interfaces/local/lib/python3.10/dist-packages/buff_interfaces/msg'...
[1.678s] -- Up-to-date: /home/nuc/rm_vision_ws/install/buff_interfaces/lib/libbuff_interfaces__rosidl_generator_py.so
[1.678s] -- Up-to-date: /home/nuc/rm_vision_ws/install/buff_interfaces/share/buff_interfaces/cmake/export_buff_interfaces__rosidl_generator_cExport.cmake
[1.678s] -- Up-to-date: /home/nuc/rm_vision_ws/install/buff_interfaces/share/buff_interfaces/cmake/export_buff_interfaces__rosidl_generator_cExport-noconfig.cmake
[1.678s] -- Up-to-date: /home/nuc/rm_vision_ws/install/buff_interfaces/share/buff_interfaces/cmake/export_buff_interfaces__rosidl_typesupport_fastrtps_cExport.cmake
[1.678s] -- Up-to-date: /home/nuc/rm_vision_ws/install/buff_interfaces/share/buff_interfaces/cmake/export_buff_interfaces__rosidl_typesupport_fastrtps_cExport-noconfig.cmake
[1.679s] -- Up-to-date: /home/nuc/rm_vision_ws/install/buff_interfaces/share/buff_interfaces/cmake/buff_interfaces__rosidl_typesupport_introspection_cExport.cmake
[1.679s] -- Up-to-date: /home/nuc/rm_vision_ws/install/buff_interfaces/share/buff_interfaces/cmake/buff_interfaces__rosidl_typesupport_introspection_cExport-noconfig.cmake
[1.679s] -- Up-to-date: /home/nuc/rm_vision_ws/install/buff_interfaces/share/buff_interfaces/cmake/buff_interfaces__rosidl_typesupport_cExport.cmake
[1.679s] -- Up-to-date: /home/nuc/rm_vision_ws/install/buff_interfaces/share/buff_interfaces/cmake/buff_interfaces__rosidl_typesupport_cExport-noconfig.cmake
[1.679s] -- Up-to-date: /home/nuc/rm_vision_ws/install/buff_interfaces/share/buff_interfaces/cmake/export_buff_interfaces__rosidl_generator_cppExport.cmake
[1.679s] -- Up-to-date: /home/nuc/rm_vision_ws/install/buff_interfaces/share/buff_interfaces/cmake/export_buff_interfaces__rosidl_typesupport_fastrtps_cppExport.cmake
[1.679s] -- Up-to-date: /home/nuc/rm_vision_ws/install/buff_interfaces/share/buff_interfaces/cmake/export_buff_interfaces__rosidl_typesupport_fastrtps_cppExport-noconfig.cmake
[1.679s] -- Up-to-date: /home/nuc/rm_vision_ws/install/buff_interfaces/share/buff_interfaces/cmake/buff_interfaces__rosidl_typesupport_introspection_cppExport.cmake
[1.679s] -- Up-to-date: /home/nuc/rm_vision_ws/install/buff_interfaces/share/buff_interfaces/cmake/buff_interfaces__rosidl_typesupport_introspection_cppExport-noconfig.cmake
[1.679s] -- Up-to-date: /home/nuc/rm_vision_ws/install/buff_interfaces/share/buff_interfaces/cmake/buff_interfaces__rosidl_typesupport_cppExport.cmake
[1.680s] -- Up-to-date: /home/nuc/rm_vision_ws/install/buff_interfaces/share/buff_interfaces/cmake/buff_interfaces__rosidl_typesupport_cppExport-noconfig.cmake
[1.680s] -- Up-to-date: /home/nuc/rm_vision_ws/install/buff_interfaces/share/buff_interfaces/cmake/export_buff_interfaces__rosidl_generator_pyExport.cmake
[1.680s] -- Up-to-date: /home/nuc/rm_vision_ws/install/buff_interfaces/share/buff_interfaces/cmake/export_buff_interfaces__rosidl_generator_pyExport-noconfig.cmake
[1.683s] Invoked command in '/home/nuc/rm_vision_ws/build/buff_interfaces' returned '0': CMAKE_PREFIX_PATH=${CMAKE_PREFIX_PATH}:/opt/ros/humble /usr/bin/cmake --install /home/nuc/rm_vision_ws/build/buff_interfaces
