[0.059s] Invoking command in '/home/rosnoetic/rm_shaobing_vision/build/buff_interfaces': CMAKE_PREFIX_PATH=${CMAKE_PREFIX_PATH}:/home/rosnoetic/ros_ws/install/rm_vision_bringup:/home/rosnoetic/ros_ws/install/rm_serial_driver:/home/rosnoetic/ros_ws/install/rm_gimbal_description:/home/rosnoetic/ros_ws/install/hik_camera:/home/rosnoetic/ros_ws/install/armor_tracker:/home/rosnoetic/ros_ws/install/armor_detector:/home/rosnoetic/ros_ws/install/auto_aim_interfaces:/opt/ros/humble /usr/bin/cmake --build /home/rosnoetic/rm_shaobing_vision/build/buff_interfaces -- -j16 -l16
[0.176s] [  1%] Built target buff_interfaces__cpp
[0.187s] [ 12%] Built target buff_interfaces__rosidl_generator_c
[0.197s] [ 12%] Built target ament_cmake_python_copy_buff_interfaces
[0.284s] [ 24%] Built target buff_interfaces__rosidl_typesupport_cpp
[0.284s] [ 46%] Built target buff_interfaces__rosidl_typesupport_fastrtps_cpp
[0.284s] [ 46%] Built target buff_interfaces__rosidl_typesupport_fastrtps_c
[0.284s] [ 58%] Built target buff_interfaces__rosidl_typesupport_introspection_cpp
[0.285s] [ 69%] Built target buff_interfaces__rosidl_typesupport_introspection_c
[0.290s] [ 81%] Built target buff_interfaces__rosidl_typesupport_c
[0.345s] [ 81%] Built target buff_interfaces
[0.407s] [ 82%] Built target buff_interfaces__py
[0.464s] [ 92%] Built target buff_interfaces__rosidl_generator_py
[0.524s] [ 98%] Built target buff_interfaces__rosidl_typesupport_c__pyext
[0.524s] [100%] Built target buff_interfaces__rosidl_typesupport_introspection_c__pyext
[0.524s] [100%] Built target buff_interfaces__rosidl_typesupport_fastrtps_c__pyext
[0.629s] running egg_info
[0.630s] writing buff_interfaces.egg-info/PKG-INFO
[0.631s] writing dependency_links to buff_interfaces.egg-info/dependency_links.txt
[0.632s] writing top-level names to buff_interfaces.egg-info/top_level.txt
[0.636s] reading manifest file 'buff_interfaces.egg-info/SOURCES.txt'
[0.637s] writing manifest file 'buff_interfaces.egg-info/SOURCES.txt'
[0.684s] [100%] Built target ament_cmake_python_build_buff_interfaces_egg
[0.710s] Invoked command in '/home/rosnoetic/rm_shaobing_vision/build/buff_interfaces' returned '0': CMAKE_PREFIX_PATH=${CMAKE_PREFIX_PATH}:/home/rosnoetic/ros_ws/install/rm_vision_bringup:/home/rosnoetic/ros_ws/install/rm_serial_driver:/home/rosnoetic/ros_ws/install/rm_gimbal_description:/home/rosnoetic/ros_ws/install/hik_camera:/home/rosnoetic/ros_ws/install/armor_tracker:/home/rosnoetic/ros_ws/install/armor_detector:/home/rosnoetic/ros_ws/install/auto_aim_interfaces:/opt/ros/humble /usr/bin/cmake --build /home/rosnoetic/rm_shaobing_vision/build/buff_interfaces -- -j16 -l16
[1.413s] Invoking command in '/home/rosnoetic/rm_shaobing_vision/build/buff_interfaces': CMAKE_PREFIX_PATH=${CMAKE_PREFIX_PATH}:/home/rosnoetic/ros_ws/install/rm_vision_bringup:/home/rosnoetic/ros_ws/install/rm_serial_driver:/home/rosnoetic/ros_ws/install/rm_gimbal_description:/home/rosnoetic/ros_ws/install/hik_camera:/home/rosnoetic/ros_ws/install/armor_tracker:/home/rosnoetic/ros_ws/install/armor_detector:/home/rosnoetic/ros_ws/install/auto_aim_interfaces:/opt/ros/humble /usr/bin/cmake --install /home/rosnoetic/rm_shaobing_vision/build/buff_interfaces
[1.429s] -- Install configuration: ""
[1.430s] -- Up-to-date: /home/rosnoetic/rm_shaobing_vision/install/buff_interfaces/share/ament_index/resource_index/rosidl_interfaces/buff_interfaces
[1.430s] -- Up-to-date: /home/rosnoetic/rm_shaobing_vision/install/buff_interfaces/include/buff_interfaces/buff_interfaces
[1.431s] -- Up-to-date: /home/rosnoetic/rm_shaobing_vision/install/buff_interfaces/include/buff_interfaces/buff_interfaces/msg
[1.431s] -- Up-to-date: /home/rosnoetic/rm_shaobing_vision/install/buff_interfaces/include/buff_interfaces/buff_interfaces/msg/time_info.h
[1.432s] -- Up-to-date: /home/rosnoetic/rm_shaobing_vision/install/buff_interfaces/include/buff_interfaces/buff_interfaces/msg/blade_array.h
[1.432s] -- Up-to-date: /home/rosnoetic/rm_shaobing_vision/install/buff_interfaces/include/buff_interfaces/buff_interfaces/msg/debug_blade.h
[1.432s] -- Up-to-date: /home/rosnoetic/rm_shaobing_vision/install/buff_interfaces/include/buff_interfaces/buff_interfaces/msg/rune.h
[1.432s] -- Up-to-date: /home/rosnoetic/rm_shaobing_vision/install/buff_interfaces/include/buff_interfaces/buff_interfaces/msg/debug_blade_array.h
[1.433s] -- Up-to-date: /home/rosnoetic/rm_shaobing_vision/install/buff_interfaces/include/buff_interfaces/buff_interfaces/msg/blade.h
[1.433s] -- Up-to-date: /home/rosnoetic/rm_shaobing_vision/install/buff_interfaces/include/buff_interfaces/buff_interfaces/msg/rosidl_generator_c__visibility_control.h
[1.433s] -- Up-to-date: /home/rosnoetic/rm_shaobing_vision/install/buff_interfaces/include/buff_interfaces/buff_interfaces/msg/rune_info.h
[1.433s] -- Up-to-date: /home/rosnoetic/rm_shaobing_vision/install/buff_interfaces/include/buff_interfaces/buff_interfaces/msg/detail
[1.433s] -- Up-to-date: /home/rosnoetic/rm_shaobing_vision/install/buff_interfaces/include/buff_interfaces/buff_interfaces/msg/detail/rune_info__struct.h
[1.433s] -- Up-to-date: /home/rosnoetic/rm_shaobing_vision/install/buff_interfaces/include/buff_interfaces/buff_interfaces/msg/detail/debug_blade_array__struct.h
[1.434s] -- Up-to-date: /home/rosnoetic/rm_shaobing_vision/install/buff_interfaces/include/buff_interfaces/buff_interfaces/msg/detail/debug_blade_array__functions.c
[1.434s] -- Up-to-date: /home/rosnoetic/rm_shaobing_vision/install/buff_interfaces/include/buff_interfaces/buff_interfaces/msg/detail/blade_array__struct.h
[1.434s] -- Up-to-date: /home/rosnoetic/rm_shaobing_vision/install/buff_interfaces/include/buff_interfaces/buff_interfaces/msg/detail/rune_info__functions.c
[1.434s] -- Up-to-date: /home/rosnoetic/rm_shaobing_vision/install/buff_interfaces/include/buff_interfaces/buff_interfaces/msg/detail/debug_blade__type_support.h
[1.434s] -- Up-to-date: /home/rosnoetic/rm_shaobing_vision/install/buff_interfaces/include/buff_interfaces/buff_interfaces/msg/detail/blade__struct.h
[1.435s] -- Up-to-date: /home/rosnoetic/rm_shaobing_vision/install/buff_interfaces/include/buff_interfaces/buff_interfaces/msg/detail/debug_blade__functions.h
[1.435s] -- Up-to-date: /home/rosnoetic/rm_shaobing_vision/install/buff_interfaces/include/buff_interfaces/buff_interfaces/msg/detail/rune__functions.c
[1.436s] -- Up-to-date: /home/rosnoetic/rm_shaobing_vision/install/buff_interfaces/include/buff_interfaces/buff_interfaces/msg/detail/blade__functions.c
[1.436s] -- Up-to-date: /home/rosnoetic/rm_shaobing_vision/install/buff_interfaces/include/buff_interfaces/buff_interfaces/msg/detail/blade__functions.h
[1.437s] -- Up-to-date: /home/rosnoetic/rm_shaobing_vision/install/buff_interfaces/include/buff_interfaces/buff_interfaces/msg/detail/blade__type_support.h
[1.437s] -- Up-to-date: /home/rosnoetic/rm_shaobing_vision/install/buff_interfaces/include/buff_interfaces/buff_interfaces/msg/detail/rune__functions.h
[1.437s] -- Up-to-date: /home/rosnoetic/rm_shaobing_vision/install/buff_interfaces/include/buff_interfaces/buff_interfaces/msg/detail/blade_array__type_support.h
[1.438s] -- Up-to-date: /home/rosnoetic/rm_shaobing_vision/install/buff_interfaces/include/buff_interfaces/buff_interfaces/msg/detail/debug_blade_array__type_support.h
[1.438s] -- Up-to-date: /home/rosnoetic/rm_shaobing_vision/install/buff_interfaces/include/buff_interfaces/buff_interfaces/msg/detail/time_info__functions.c
[1.438s] -- Up-to-date: /home/rosnoetic/rm_shaobing_vision/install/buff_interfaces/include/buff_interfaces/buff_interfaces/msg/detail/rune_info__type_support.h
[1.439s] -- Up-to-date: /home/rosnoetic/rm_shaobing_vision/install/buff_interfaces/include/buff_interfaces/buff_interfaces/msg/detail/time_info__type_support.h
[1.439s] -- Up-to-date: /home/rosnoetic/rm_shaobing_vision/install/buff_interfaces/include/buff_interfaces/buff_interfaces/msg/detail/blade_array__functions.c
[1.440s] -- Up-to-date: /home/rosnoetic/rm_shaobing_vision/install/buff_interfaces/include/buff_interfaces/buff_interfaces/msg/detail/rune__type_support.h
[1.440s] -- Up-to-date: /home/rosnoetic/rm_shaobing_vision/install/buff_interfaces/include/buff_interfaces/buff_interfaces/msg/detail/debug_blade__functions.c
[1.440s] -- Up-to-date: /home/rosnoetic/rm_shaobing_vision/install/buff_interfaces/include/buff_interfaces/buff_interfaces/msg/detail/debug_blade_array__functions.h
[1.440s] -- Up-to-date: /home/rosnoetic/rm_shaobing_vision/install/buff_interfaces/include/buff_interfaces/buff_interfaces/msg/detail/blade_array__functions.h
[1.441s] -- Up-to-date: /home/rosnoetic/rm_shaobing_vision/install/buff_interfaces/include/buff_interfaces/buff_interfaces/msg/detail/time_info__functions.h
[1.441s] -- Up-to-date: /home/rosnoetic/rm_shaobing_vision/install/buff_interfaces/include/buff_interfaces/buff_interfaces/msg/detail/rune_info__functions.h
[1.441s] -- Up-to-date: /home/rosnoetic/rm_shaobing_vision/install/buff_interfaces/include/buff_interfaces/buff_interfaces/msg/detail/time_info__struct.h
[1.441s] -- Up-to-date: /home/rosnoetic/rm_shaobing_vision/install/buff_interfaces/include/buff_interfaces/buff_interfaces/msg/detail/rune__struct.h
[1.442s] -- Up-to-date: /home/rosnoetic/rm_shaobing_vision/install/buff_interfaces/include/buff_interfaces/buff_interfaces/msg/detail/debug_blade__struct.h
[1.442s] -- Up-to-date: /home/rosnoetic/rm_shaobing_vision/install/buff_interfaces/share/buff_interfaces/environment/library_path.sh
[1.442s] -- Up-to-date: /home/rosnoetic/rm_shaobing_vision/install/buff_interfaces/share/buff_interfaces/environment/library_path.dsv
[1.443s] -- Up-to-date: /home/rosnoetic/rm_shaobing_vision/install/buff_interfaces/lib/libbuff_interfaces__rosidl_generator_c.so
[1.443s] -- Up-to-date: /home/rosnoetic/rm_shaobing_vision/install/buff_interfaces/include/buff_interfaces/buff_interfaces
[1.443s] -- Up-to-date: /home/rosnoetic/rm_shaobing_vision/install/buff_interfaces/include/buff_interfaces/buff_interfaces/msg
[1.444s] -- Up-to-date: /home/rosnoetic/rm_shaobing_vision/install/buff_interfaces/include/buff_interfaces/buff_interfaces/msg/rosidl_typesupport_fastrtps_c__visibility_control.h
[1.444s] -- Up-to-date: /home/rosnoetic/rm_shaobing_vision/install/buff_interfaces/include/buff_interfaces/buff_interfaces/msg/detail
[1.444s] -- Up-to-date: /home/rosnoetic/rm_shaobing_vision/install/buff_interfaces/include/buff_interfaces/buff_interfaces/msg/detail/rune_info__rosidl_typesupport_fastrtps_c.h
[1.444s] -- Up-to-date: /home/rosnoetic/rm_shaobing_vision/install/buff_interfaces/include/buff_interfaces/buff_interfaces/msg/detail/time_info__rosidl_typesupport_fastrtps_c.h
[1.444s] -- Up-to-date: /home/rosnoetic/rm_shaobing_vision/install/buff_interfaces/include/buff_interfaces/buff_interfaces/msg/detail/rune__rosidl_typesupport_fastrtps_c.h
[1.444s] -- Up-to-date: /home/rosnoetic/rm_shaobing_vision/install/buff_interfaces/include/buff_interfaces/buff_interfaces/msg/detail/debug_blade__rosidl_typesupport_fastrtps_c.h
[1.444s] -- Up-to-date: /home/rosnoetic/rm_shaobing_vision/install/buff_interfaces/include/buff_interfaces/buff_interfaces/msg/detail/blade_array__rosidl_typesupport_fastrtps_c.h
[1.444s] -- Up-to-date: /home/rosnoetic/rm_shaobing_vision/install/buff_interfaces/include/buff_interfaces/buff_interfaces/msg/detail/blade__rosidl_typesupport_fastrtps_c.h
[1.444s] -- Up-to-date: /home/rosnoetic/rm_shaobing_vision/install/buff_interfaces/include/buff_interfaces/buff_interfaces/msg/detail/debug_blade_array__rosidl_typesupport_fastrtps_c.h
[1.444s] -- Up-to-date: /home/rosnoetic/rm_shaobing_vision/install/buff_interfaces/lib/libbuff_interfaces__rosidl_typesupport_fastrtps_c.so
[1.444s] -- Up-to-date: /home/rosnoetic/rm_shaobing_vision/install/buff_interfaces/include/buff_interfaces/buff_interfaces
[1.445s] -- Up-to-date: /home/rosnoetic/rm_shaobing_vision/install/buff_interfaces/include/buff_interfaces/buff_interfaces/msg
[1.445s] -- Up-to-date: /home/rosnoetic/rm_shaobing_vision/install/buff_interfaces/include/buff_interfaces/buff_interfaces/msg/rosidl_typesupport_introspection_c__visibility_control.h
[1.445s] -- Up-to-date: /home/rosnoetic/rm_shaobing_vision/install/buff_interfaces/include/buff_interfaces/buff_interfaces/msg/detail
[1.445s] -- Up-to-date: /home/rosnoetic/rm_shaobing_vision/install/buff_interfaces/include/buff_interfaces/buff_interfaces/msg/detail/time_info__type_support.c
[1.445s] -- Up-to-date: /home/rosnoetic/rm_shaobing_vision/install/buff_interfaces/include/buff_interfaces/buff_interfaces/msg/detail/rune__type_support.c
[1.445s] -- Up-to-date: /home/rosnoetic/rm_shaobing_vision/install/buff_interfaces/include/buff_interfaces/buff_interfaces/msg/detail/rune__rosidl_typesupport_introspection_c.h
[1.445s] -- Up-to-date: /home/rosnoetic/rm_shaobing_vision/install/buff_interfaces/include/buff_interfaces/buff_interfaces/msg/detail/debug_blade_array__rosidl_typesupport_introspection_c.h
[1.445s] -- Up-to-date: /home/rosnoetic/rm_shaobing_vision/install/buff_interfaces/include/buff_interfaces/buff_interfaces/msg/detail/blade_array__rosidl_typesupport_introspection_c.h
[1.445s] -- Up-to-date: /home/rosnoetic/rm_shaobing_vision/install/buff_interfaces/include/buff_interfaces/buff_interfaces/msg/detail/blade_array__type_support.c
[1.445s] -- Up-to-date: /home/rosnoetic/rm_shaobing_vision/install/buff_interfaces/include/buff_interfaces/buff_interfaces/msg/detail/blade__rosidl_typesupport_introspection_c.h
[1.445s] -- Up-to-date: /home/rosnoetic/rm_shaobing_vision/install/buff_interfaces/include/buff_interfaces/buff_interfaces/msg/detail/rune_info__rosidl_typesupport_introspection_c.h
[1.445s] -- Up-to-date: /home/rosnoetic/rm_shaobing_vision/install/buff_interfaces/include/buff_interfaces/buff_interfaces/msg/detail/debug_blade_array__type_support.c
[1.445s] -- Up-to-date: /home/rosnoetic/rm_shaobing_vision/install/buff_interfaces/include/buff_interfaces/buff_interfaces/msg/detail/rune_info__type_support.c
[1.446s] -- Up-to-date: /home/rosnoetic/rm_shaobing_vision/install/buff_interfaces/include/buff_interfaces/buff_interfaces/msg/detail/time_info__rosidl_typesupport_introspection_c.h
[1.446s] -- Up-to-date: /home/rosnoetic/rm_shaobing_vision/install/buff_interfaces/include/buff_interfaces/buff_interfaces/msg/detail/debug_blade__type_support.c
[1.446s] -- Up-to-date: /home/rosnoetic/rm_shaobing_vision/install/buff_interfaces/include/buff_interfaces/buff_interfaces/msg/detail/blade__type_support.c
[1.446s] -- Up-to-date: /home/rosnoetic/rm_shaobing_vision/install/buff_interfaces/include/buff_interfaces/buff_interfaces/msg/detail/debug_blade__rosidl_typesupport_introspection_c.h
[1.446s] -- Up-to-date: /home/rosnoetic/rm_shaobing_vision/install/buff_interfaces/lib/libbuff_interfaces__rosidl_typesupport_introspection_c.so
[1.446s] -- Up-to-date: /home/rosnoetic/rm_shaobing_vision/install/buff_interfaces/lib/libbuff_interfaces__rosidl_typesupport_c.so
[1.446s] -- Up-to-date: /home/rosnoetic/rm_shaobing_vision/install/buff_interfaces/include/buff_interfaces/buff_interfaces
[1.446s] -- Up-to-date: /home/rosnoetic/rm_shaobing_vision/install/buff_interfaces/include/buff_interfaces/buff_interfaces/msg
[1.446s] -- Up-to-date: /home/rosnoetic/rm_shaobing_vision/install/buff_interfaces/include/buff_interfaces/buff_interfaces/msg/debug_blade_array.hpp
[1.446s] -- Up-to-date: /home/rosnoetic/rm_shaobing_vision/install/buff_interfaces/include/buff_interfaces/buff_interfaces/msg/blade.hpp
[1.446s] -- Up-to-date: /home/rosnoetic/rm_shaobing_vision/install/buff_interfaces/include/buff_interfaces/buff_interfaces/msg/debug_blade.hpp
[1.446s] -- Up-to-date: /home/rosnoetic/rm_shaobing_vision/install/buff_interfaces/include/buff_interfaces/buff_interfaces/msg/rune.hpp
[1.447s] -- Up-to-date: /home/rosnoetic/rm_shaobing_vision/install/buff_interfaces/include/buff_interfaces/buff_interfaces/msg/blade_array.hpp
[1.447s] -- Up-to-date: /home/rosnoetic/rm_shaobing_vision/install/buff_interfaces/include/buff_interfaces/buff_interfaces/msg/rune_info.hpp
[1.447s] -- Up-to-date: /home/rosnoetic/rm_shaobing_vision/install/buff_interfaces/include/buff_interfaces/buff_interfaces/msg/time_info.hpp
[1.447s] -- Up-to-date: /home/rosnoetic/rm_shaobing_vision/install/buff_interfaces/include/buff_interfaces/buff_interfaces/msg/detail
[1.447s] -- Up-to-date: /home/rosnoetic/rm_shaobing_vision/install/buff_interfaces/include/buff_interfaces/buff_interfaces/msg/detail/blade_array__traits.hpp
[1.447s] -- Up-to-date: /home/rosnoetic/rm_shaobing_vision/install/buff_interfaces/include/buff_interfaces/buff_interfaces/msg/detail/time_info__struct.hpp
[1.447s] -- Up-to-date: /home/rosnoetic/rm_shaobing_vision/install/buff_interfaces/include/buff_interfaces/buff_interfaces/msg/detail/debug_blade_array__struct.hpp
[1.447s] -- Up-to-date: /home/rosnoetic/rm_shaobing_vision/install/buff_interfaces/include/buff_interfaces/buff_interfaces/msg/detail/debug_blade_array__builder.hpp
[1.447s] -- Up-to-date: /home/rosnoetic/rm_shaobing_vision/install/buff_interfaces/include/buff_interfaces/buff_interfaces/msg/detail/debug_blade__traits.hpp
[1.447s] -- Up-to-date: /home/rosnoetic/rm_shaobing_vision/install/buff_interfaces/include/buff_interfaces/buff_interfaces/msg/detail/debug_blade_array__traits.hpp
[1.447s] -- Up-to-date: /home/rosnoetic/rm_shaobing_vision/install/buff_interfaces/include/buff_interfaces/buff_interfaces/msg/detail/blade__builder.hpp
[1.447s] -- Up-to-date: /home/rosnoetic/rm_shaobing_vision/install/buff_interfaces/include/buff_interfaces/buff_interfaces/msg/detail/blade_array__struct.hpp
[1.447s] -- Up-to-date: /home/rosnoetic/rm_shaobing_vision/install/buff_interfaces/include/buff_interfaces/buff_interfaces/msg/detail/debug_blade__struct.hpp
[1.448s] -- Up-to-date: /home/rosnoetic/rm_shaobing_vision/install/buff_interfaces/include/buff_interfaces/buff_interfaces/msg/detail/blade__struct.hpp
[1.448s] -- Up-to-date: /home/rosnoetic/rm_shaobing_vision/install/buff_interfaces/include/buff_interfaces/buff_interfaces/msg/detail/blade_array__builder.hpp
[1.448s] -- Up-to-date: /home/rosnoetic/rm_shaobing_vision/install/buff_interfaces/include/buff_interfaces/buff_interfaces/msg/detail/rune__struct.hpp
[1.448s] -- Up-to-date: /home/rosnoetic/rm_shaobing_vision/install/buff_interfaces/include/buff_interfaces/buff_interfaces/msg/detail/time_info__builder.hpp
[1.448s] -- Up-to-date: /home/rosnoetic/rm_shaobing_vision/install/buff_interfaces/include/buff_interfaces/buff_interfaces/msg/detail/rune_info__builder.hpp
[1.448s] -- Up-to-date: /home/rosnoetic/rm_shaobing_vision/install/buff_interfaces/include/buff_interfaces/buff_interfaces/msg/detail/rune_info__struct.hpp
[1.448s] -- Up-to-date: /home/rosnoetic/rm_shaobing_vision/install/buff_interfaces/include/buff_interfaces/buff_interfaces/msg/detail/blade__traits.hpp
[1.448s] -- Up-to-date: /home/rosnoetic/rm_shaobing_vision/install/buff_interfaces/include/buff_interfaces/buff_interfaces/msg/detail/rune__builder.hpp
[1.448s] -- Up-to-date: /home/rosnoetic/rm_shaobing_vision/install/buff_interfaces/include/buff_interfaces/buff_interfaces/msg/detail/rune_info__traits.hpp
[1.448s] -- Up-to-date: /home/rosnoetic/rm_shaobing_vision/install/buff_interfaces/include/buff_interfaces/buff_interfaces/msg/detail/rune__traits.hpp
[1.448s] -- Up-to-date: /home/rosnoetic/rm_shaobing_vision/install/buff_interfaces/include/buff_interfaces/buff_interfaces/msg/detail/debug_blade__builder.hpp
[1.448s] -- Up-to-date: /home/rosnoetic/rm_shaobing_vision/install/buff_interfaces/include/buff_interfaces/buff_interfaces/msg/detail/time_info__traits.hpp
[1.448s] -- Up-to-date: /home/rosnoetic/rm_shaobing_vision/install/buff_interfaces/include/buff_interfaces/buff_interfaces
[1.449s] -- Up-to-date: /home/rosnoetic/rm_shaobing_vision/install/buff_interfaces/include/buff_interfaces/buff_interfaces/msg
[1.449s] -- Up-to-date: /home/rosnoetic/rm_shaobing_vision/install/buff_interfaces/include/buff_interfaces/buff_interfaces/msg/rosidl_typesupport_fastrtps_cpp__visibility_control.h
[1.449s] -- Up-to-date: /home/rosnoetic/rm_shaobing_vision/install/buff_interfaces/include/buff_interfaces/buff_interfaces/msg/detail
[1.449s] -- Up-to-date: /home/rosnoetic/rm_shaobing_vision/install/buff_interfaces/include/buff_interfaces/buff_interfaces/msg/detail/rune__rosidl_typesupport_fastrtps_cpp.hpp
[1.449s] -- Up-to-date: /home/rosnoetic/rm_shaobing_vision/install/buff_interfaces/include/buff_interfaces/buff_interfaces/msg/detail/time_info__rosidl_typesupport_fastrtps_cpp.hpp
[1.449s] -- Up-to-date: /home/rosnoetic/rm_shaobing_vision/install/buff_interfaces/include/buff_interfaces/buff_interfaces/msg/detail/blade_array__rosidl_typesupport_fastrtps_cpp.hpp
[1.449s] -- Up-to-date: /home/rosnoetic/rm_shaobing_vision/install/buff_interfaces/include/buff_interfaces/buff_interfaces/msg/detail/debug_blade__rosidl_typesupport_fastrtps_cpp.hpp
[1.449s] -- Up-to-date: /home/rosnoetic/rm_shaobing_vision/install/buff_interfaces/include/buff_interfaces/buff_interfaces/msg/detail/dds_fastrtps
[1.449s] -- Up-to-date: /home/rosnoetic/rm_shaobing_vision/install/buff_interfaces/include/buff_interfaces/buff_interfaces/msg/detail/rune_info__rosidl_typesupport_fastrtps_cpp.hpp
[1.449s] -- Up-to-date: /home/rosnoetic/rm_shaobing_vision/install/buff_interfaces/include/buff_interfaces/buff_interfaces/msg/detail/debug_blade_array__rosidl_typesupport_fastrtps_cpp.hpp
[1.449s] -- Up-to-date: /home/rosnoetic/rm_shaobing_vision/install/buff_interfaces/include/buff_interfaces/buff_interfaces/msg/detail/blade__rosidl_typesupport_fastrtps_cpp.hpp
[1.449s] -- Up-to-date: /home/rosnoetic/rm_shaobing_vision/install/buff_interfaces/lib/libbuff_interfaces__rosidl_typesupport_fastrtps_cpp.so
[1.450s] -- Up-to-date: /home/rosnoetic/rm_shaobing_vision/install/buff_interfaces/include/buff_interfaces/buff_interfaces
[1.450s] -- Up-to-date: /home/rosnoetic/rm_shaobing_vision/install/buff_interfaces/include/buff_interfaces/buff_interfaces/msg
[1.450s] -- Up-to-date: /home/rosnoetic/rm_shaobing_vision/install/buff_interfaces/include/buff_interfaces/buff_interfaces/msg/detail
[1.450s] -- Up-to-date: /home/rosnoetic/rm_shaobing_vision/install/buff_interfaces/include/buff_interfaces/buff_interfaces/msg/detail/debug_blade_array__rosidl_typesupport_introspection_cpp.hpp
[1.450s] -- Up-to-date: /home/rosnoetic/rm_shaobing_vision/install/buff_interfaces/include/buff_interfaces/buff_interfaces/msg/detail/rune__type_support.cpp
[1.450s] -- Up-to-date: /home/rosnoetic/rm_shaobing_vision/install/buff_interfaces/include/buff_interfaces/buff_interfaces/msg/detail/debug_blade__rosidl_typesupport_introspection_cpp.hpp
[1.450s] -- Up-to-date: /home/rosnoetic/rm_shaobing_vision/install/buff_interfaces/include/buff_interfaces/buff_interfaces/msg/detail/blade__rosidl_typesupport_introspection_cpp.hpp
[1.450s] -- Up-to-date: /home/rosnoetic/rm_shaobing_vision/install/buff_interfaces/include/buff_interfaces/buff_interfaces/msg/detail/blade_array__rosidl_typesupport_introspection_cpp.hpp
[1.450s] -- Up-to-date: /home/rosnoetic/rm_shaobing_vision/install/buff_interfaces/include/buff_interfaces/buff_interfaces/msg/detail/debug_blade__type_support.cpp
[1.450s] -- Up-to-date: /home/rosnoetic/rm_shaobing_vision/install/buff_interfaces/include/buff_interfaces/buff_interfaces/msg/detail/rune_info__rosidl_typesupport_introspection_cpp.hpp
[1.450s] -- Up-to-date: /home/rosnoetic/rm_shaobing_vision/install/buff_interfaces/include/buff_interfaces/buff_interfaces/msg/detail/blade__type_support.cpp
[1.450s] -- Up-to-date: /home/rosnoetic/rm_shaobing_vision/install/buff_interfaces/include/buff_interfaces/buff_interfaces/msg/detail/blade_array__type_support.cpp
[1.451s] -- Up-to-date: /home/rosnoetic/rm_shaobing_vision/install/buff_interfaces/include/buff_interfaces/buff_interfaces/msg/detail/rune__rosidl_typesupport_introspection_cpp.hpp
[1.451s] -- Up-to-date: /home/rosnoetic/rm_shaobing_vision/install/buff_interfaces/include/buff_interfaces/buff_interfaces/msg/detail/time_info__rosidl_typesupport_introspection_cpp.hpp
[1.451s] -- Up-to-date: /home/rosnoetic/rm_shaobing_vision/install/buff_interfaces/include/buff_interfaces/buff_interfaces/msg/detail/debug_blade_array__type_support.cpp
[1.451s] -- Up-to-date: /home/rosnoetic/rm_shaobing_vision/install/buff_interfaces/include/buff_interfaces/buff_interfaces/msg/detail/rune_info__type_support.cpp
[1.451s] -- Up-to-date: /home/rosnoetic/rm_shaobing_vision/install/buff_interfaces/include/buff_interfaces/buff_interfaces/msg/detail/time_info__type_support.cpp
[1.451s] -- Up-to-date: /home/rosnoetic/rm_shaobing_vision/install/buff_interfaces/lib/libbuff_interfaces__rosidl_typesupport_introspection_cpp.so
[1.451s] -- Up-to-date: /home/rosnoetic/rm_shaobing_vision/install/buff_interfaces/lib/libbuff_interfaces__rosidl_typesupport_cpp.so
[1.451s] -- Up-to-date: /home/rosnoetic/rm_shaobing_vision/install/buff_interfaces/share/buff_interfaces/environment/pythonpath.sh
[1.451s] -- Up-to-date: /home/rosnoetic/rm_shaobing_vision/install/buff_interfaces/share/buff_interfaces/environment/pythonpath.dsv
[1.451s] -- Up-to-date: /home/rosnoetic/rm_shaobing_vision/install/buff_interfaces/local/lib/python3.10/dist-packages/buff_interfaces-1.0.0-py3.10.egg-info
[1.451s] -- Installing: /home/rosnoetic/rm_shaobing_vision/install/buff_interfaces/local/lib/python3.10/dist-packages/buff_interfaces-1.0.0-py3.10.egg-info/top_level.txt
[1.451s] -- Installing: /home/rosnoetic/rm_shaobing_vision/install/buff_interfaces/local/lib/python3.10/dist-packages/buff_interfaces-1.0.0-py3.10.egg-info/dependency_links.txt
[1.451s] -- Installing: /home/rosnoetic/rm_shaobing_vision/install/buff_interfaces/local/lib/python3.10/dist-packages/buff_interfaces-1.0.0-py3.10.egg-info/PKG-INFO
[1.451s] -- Installing: /home/rosnoetic/rm_shaobing_vision/install/buff_interfaces/local/lib/python3.10/dist-packages/buff_interfaces-1.0.0-py3.10.egg-info/SOURCES.txt
[1.452s] -- Up-to-date: /home/rosnoetic/rm_shaobing_vision/install/buff_interfaces/local/lib/python3.10/dist-packages/buff_interfaces
[1.452s] -- Up-to-date: /home/rosnoetic/rm_shaobing_vision/install/buff_interfaces/local/lib/python3.10/dist-packages/buff_interfaces/__init__.py
[1.452s] -- Up-to-date: /home/rosnoetic/rm_shaobing_vision/install/buff_interfaces/local/lib/python3.10/dist-packages/buff_interfaces/buff_interfaces_s__rosidl_typesupport_introspection_c.cpython-310-x86_64-linux-gnu.so
[1.452s] -- Up-to-date: /home/rosnoetic/rm_shaobing_vision/install/buff_interfaces/local/lib/python3.10/dist-packages/buff_interfaces/msg
[1.452s] -- Up-to-date: /home/rosnoetic/rm_shaobing_vision/install/buff_interfaces/local/lib/python3.10/dist-packages/buff_interfaces/msg/_rune.py
[1.452s] -- Up-to-date: /home/rosnoetic/rm_shaobing_vision/install/buff_interfaces/local/lib/python3.10/dist-packages/buff_interfaces/msg/_rune_s.c
[1.452s] -- Up-to-date: /home/rosnoetic/rm_shaobing_vision/install/buff_interfaces/local/lib/python3.10/dist-packages/buff_interfaces/msg/_debug_blade.py
[1.452s] -- Up-to-date: /home/rosnoetic/rm_shaobing_vision/install/buff_interfaces/local/lib/python3.10/dist-packages/buff_interfaces/msg/__init__.py
[1.452s] -- Up-to-date: /home/rosnoetic/rm_shaobing_vision/install/buff_interfaces/local/lib/python3.10/dist-packages/buff_interfaces/msg/_blade.py
[1.452s] -- Up-to-date: /home/rosnoetic/rm_shaobing_vision/install/buff_interfaces/local/lib/python3.10/dist-packages/buff_interfaces/msg/_blade_array.py
[1.452s] -- Up-to-date: /home/rosnoetic/rm_shaobing_vision/install/buff_interfaces/local/lib/python3.10/dist-packages/buff_interfaces/msg/_debug_blade_s.c
[1.452s] -- Up-to-date: /home/rosnoetic/rm_shaobing_vision/install/buff_interfaces/local/lib/python3.10/dist-packages/buff_interfaces/msg/_time_info_s.c
[1.452s] -- Up-to-date: /home/rosnoetic/rm_shaobing_vision/install/buff_interfaces/local/lib/python3.10/dist-packages/buff_interfaces/msg/_blade_s.c
[1.452s] -- Up-to-date: /home/rosnoetic/rm_shaobing_vision/install/buff_interfaces/local/lib/python3.10/dist-packages/buff_interfaces/msg/_debug_blade_array.py
[1.453s] -- Up-to-date: /home/rosnoetic/rm_shaobing_vision/install/buff_interfaces/local/lib/python3.10/dist-packages/buff_interfaces/msg/_time_info.py
[1.453s] -- Up-to-date: /home/rosnoetic/rm_shaobing_vision/install/buff_interfaces/local/lib/python3.10/dist-packages/buff_interfaces/msg/_rune_info.py
[1.453s] -- Up-to-date: /home/rosnoetic/rm_shaobing_vision/install/buff_interfaces/local/lib/python3.10/dist-packages/buff_interfaces/msg/_rune_info_s.c
[1.453s] -- Up-to-date: /home/rosnoetic/rm_shaobing_vision/install/buff_interfaces/local/lib/python3.10/dist-packages/buff_interfaces/msg/_debug_blade_array_s.c
[1.453s] -- Up-to-date: /home/rosnoetic/rm_shaobing_vision/install/buff_interfaces/local/lib/python3.10/dist-packages/buff_interfaces/msg/_blade_array_s.c
[1.453s] -- Up-to-date: /home/rosnoetic/rm_shaobing_vision/install/buff_interfaces/local/lib/python3.10/dist-packages/buff_interfaces/libbuff_interfaces__rosidl_generator_py.so
[1.453s] -- Up-to-date: /home/rosnoetic/rm_shaobing_vision/install/buff_interfaces/local/lib/python3.10/dist-packages/buff_interfaces/buff_interfaces_s__rosidl_typesupport_c.cpython-310-x86_64-linux-gnu.so
[1.453s] -- Up-to-date: /home/rosnoetic/rm_shaobing_vision/install/buff_interfaces/local/lib/python3.10/dist-packages/buff_interfaces/_buff_interfaces_s.ep.rosidl_typesupport_c.c
[1.453s] -- Up-to-date: /home/rosnoetic/rm_shaobing_vision/install/buff_interfaces/local/lib/python3.10/dist-packages/buff_interfaces/_buff_interfaces_s.ep.rosidl_typesupport_introspection_c.c
[1.453s] -- Up-to-date: /home/rosnoetic/rm_shaobing_vision/install/buff_interfaces/local/lib/python3.10/dist-packages/buff_interfaces/buff_interfaces_s__rosidl_typesupport_fastrtps_c.cpython-310-x86_64-linux-gnu.so
[1.453s] -- Up-to-date: /home/rosnoetic/rm_shaobing_vision/install/buff_interfaces/local/lib/python3.10/dist-packages/buff_interfaces/_buff_interfaces_s.ep.rosidl_typesupport_fastrtps_c.c
[1.490s] Listing '/home/rosnoetic/rm_shaobing_vision/install/buff_interfaces/local/lib/python3.10/dist-packages/buff_interfaces'...
[1.490s] Listing '/home/rosnoetic/rm_shaobing_vision/install/buff_interfaces/local/lib/python3.10/dist-packages/buff_interfaces/msg'...
[1.495s] -- Up-to-date: /home/rosnoetic/rm_shaobing_vision/install/buff_interfaces/local/lib/python3.10/dist-packages/buff_interfaces/buff_interfaces_s__rosidl_typesupport_fastrtps_c.cpython-310-x86_64-linux-gnu.so
[1.496s] -- Up-to-date: /home/rosnoetic/rm_shaobing_vision/install/buff_interfaces/local/lib/python3.10/dist-packages/buff_interfaces/buff_interfaces_s__rosidl_typesupport_introspection_c.cpython-310-x86_64-linux-gnu.so
[1.496s] -- Up-to-date: /home/rosnoetic/rm_shaobing_vision/install/buff_interfaces/local/lib/python3.10/dist-packages/buff_interfaces/buff_interfaces_s__rosidl_typesupport_c.cpython-310-x86_64-linux-gnu.so
[1.497s] -- Up-to-date: /home/rosnoetic/rm_shaobing_vision/install/buff_interfaces/lib/libbuff_interfaces__rosidl_generator_py.so
[1.497s] -- Up-to-date: /home/rosnoetic/rm_shaobing_vision/install/buff_interfaces/share/buff_interfaces/msg/Blade.idl
[1.497s] -- Up-to-date: /home/rosnoetic/rm_shaobing_vision/install/buff_interfaces/share/buff_interfaces/msg/BladeArray.idl
[1.498s] -- Up-to-date: /home/rosnoetic/rm_shaobing_vision/install/buff_interfaces/share/buff_interfaces/msg/DebugBlade.idl
[1.498s] -- Up-to-date: /home/rosnoetic/rm_shaobing_vision/install/buff_interfaces/share/buff_interfaces/msg/DebugBladeArray.idl
[1.498s] -- Up-to-date: /home/rosnoetic/rm_shaobing_vision/install/buff_interfaces/share/buff_interfaces/msg/Rune.idl
[1.498s] -- Up-to-date: /home/rosnoetic/rm_shaobing_vision/install/buff_interfaces/share/buff_interfaces/msg/RuneInfo.idl
[1.498s] -- Up-to-date: /home/rosnoetic/rm_shaobing_vision/install/buff_interfaces/share/buff_interfaces/msg/TimeInfo.idl
[1.499s] -- Up-to-date: /home/rosnoetic/rm_shaobing_vision/install/buff_interfaces/share/buff_interfaces/msg/Blade.msg
[1.499s] -- Up-to-date: /home/rosnoetic/rm_shaobing_vision/install/buff_interfaces/share/buff_interfaces/msg/BladeArray.msg
[1.499s] -- Up-to-date: /home/rosnoetic/rm_shaobing_vision/install/buff_interfaces/share/buff_interfaces/msg/DebugBlade.msg
[1.499s] -- Up-to-date: /home/rosnoetic/rm_shaobing_vision/install/buff_interfaces/share/buff_interfaces/msg/DebugBladeArray.msg
[1.499s] -- Up-to-date: /home/rosnoetic/rm_shaobing_vision/install/buff_interfaces/share/buff_interfaces/msg/Rune.msg
[1.499s] -- Up-to-date: /home/rosnoetic/rm_shaobing_vision/install/buff_interfaces/share/buff_interfaces/msg/RuneInfo.msg
[1.500s] -- Up-to-date: /home/rosnoetic/rm_shaobing_vision/install/buff_interfaces/share/buff_interfaces/msg/TimeInfo.msg
[1.500s] -- Up-to-date: /home/rosnoetic/rm_shaobing_vision/install/buff_interfaces/share/ament_index/resource_index/package_run_dependencies/buff_interfaces
[1.500s] -- Up-to-date: /home/rosnoetic/rm_shaobing_vision/install/buff_interfaces/share/ament_index/resource_index/parent_prefix_path/buff_interfaces
[1.500s] -- Up-to-date: /home/rosnoetic/rm_shaobing_vision/install/buff_interfaces/share/buff_interfaces/environment/ament_prefix_path.sh
[1.500s] -- Up-to-date: /home/rosnoetic/rm_shaobing_vision/install/buff_interfaces/share/buff_interfaces/environment/ament_prefix_path.dsv
[1.500s] -- Up-to-date: /home/rosnoetic/rm_shaobing_vision/install/buff_interfaces/share/buff_interfaces/environment/path.sh
[1.500s] -- Up-to-date: /home/rosnoetic/rm_shaobing_vision/install/buff_interfaces/share/buff_interfaces/environment/path.dsv
[1.500s] -- Up-to-date: /home/rosnoetic/rm_shaobing_vision/install/buff_interfaces/share/buff_interfaces/local_setup.bash
[1.501s] -- Up-to-date: /home/rosnoetic/rm_shaobing_vision/install/buff_interfaces/share/buff_interfaces/local_setup.sh
[1.501s] -- Up-to-date: /home/rosnoetic/rm_shaobing_vision/install/buff_interfaces/share/buff_interfaces/local_setup.zsh
[1.501s] -- Up-to-date: /home/rosnoetic/rm_shaobing_vision/install/buff_interfaces/share/buff_interfaces/local_setup.dsv
[1.501s] -- Installing: /home/rosnoetic/rm_shaobing_vision/install/buff_interfaces/share/buff_interfaces/package.dsv
[1.501s] -- Up-to-date: /home/rosnoetic/rm_shaobing_vision/install/buff_interfaces/share/ament_index/resource_index/packages/buff_interfaces
[1.501s] -- Up-to-date: /home/rosnoetic/rm_shaobing_vision/install/buff_interfaces/share/buff_interfaces/cmake/export_buff_interfaces__rosidl_generator_cExport.cmake
[1.501s] -- Up-to-date: /home/rosnoetic/rm_shaobing_vision/install/buff_interfaces/share/buff_interfaces/cmake/export_buff_interfaces__rosidl_generator_cExport-noconfig.cmake
[1.501s] -- Up-to-date: /home/rosnoetic/rm_shaobing_vision/install/buff_interfaces/share/buff_interfaces/cmake/export_buff_interfaces__rosidl_typesupport_fastrtps_cExport.cmake
[1.501s] -- Up-to-date: /home/rosnoetic/rm_shaobing_vision/install/buff_interfaces/share/buff_interfaces/cmake/export_buff_interfaces__rosidl_typesupport_fastrtps_cExport-noconfig.cmake
[1.501s] -- Up-to-date: /home/rosnoetic/rm_shaobing_vision/install/buff_interfaces/share/buff_interfaces/cmake/buff_interfaces__rosidl_typesupport_introspection_cExport.cmake
[1.501s] -- Up-to-date: /home/rosnoetic/rm_shaobing_vision/install/buff_interfaces/share/buff_interfaces/cmake/buff_interfaces__rosidl_typesupport_introspection_cExport-noconfig.cmake
[1.502s] -- Up-to-date: /home/rosnoetic/rm_shaobing_vision/install/buff_interfaces/share/buff_interfaces/cmake/buff_interfaces__rosidl_typesupport_cExport.cmake
[1.502s] -- Up-to-date: /home/rosnoetic/rm_shaobing_vision/install/buff_interfaces/share/buff_interfaces/cmake/buff_interfaces__rosidl_typesupport_cExport-noconfig.cmake
[1.502s] -- Up-to-date: /home/rosnoetic/rm_shaobing_vision/install/buff_interfaces/share/buff_interfaces/cmake/export_buff_interfaces__rosidl_generator_cppExport.cmake
[1.502s] -- Up-to-date: /home/rosnoetic/rm_shaobing_vision/install/buff_interfaces/share/buff_interfaces/cmake/export_buff_interfaces__rosidl_typesupport_fastrtps_cppExport.cmake
[1.502s] -- Up-to-date: /home/rosnoetic/rm_shaobing_vision/install/buff_interfaces/share/buff_interfaces/cmake/export_buff_interfaces__rosidl_typesupport_fastrtps_cppExport-noconfig.cmake
[1.502s] -- Up-to-date: /home/rosnoetic/rm_shaobing_vision/install/buff_interfaces/share/buff_interfaces/cmake/buff_interfaces__rosidl_typesupport_introspection_cppExport.cmake
[1.502s] -- Up-to-date: /home/rosnoetic/rm_shaobing_vision/install/buff_interfaces/share/buff_interfaces/cmake/buff_interfaces__rosidl_typesupport_introspection_cppExport-noconfig.cmake
[1.503s] -- Up-to-date: /home/rosnoetic/rm_shaobing_vision/install/buff_interfaces/share/buff_interfaces/cmake/buff_interfaces__rosidl_typesupport_cppExport.cmake
[1.503s] -- Up-to-date: /home/rosnoetic/rm_shaobing_vision/install/buff_interfaces/share/buff_interfaces/cmake/buff_interfaces__rosidl_typesupport_cppExport-noconfig.cmake
[1.503s] -- Up-to-date: /home/rosnoetic/rm_shaobing_vision/install/buff_interfaces/share/buff_interfaces/cmake/export_buff_interfaces__rosidl_generator_pyExport.cmake
[1.503s] -- Up-to-date: /home/rosnoetic/rm_shaobing_vision/install/buff_interfaces/share/buff_interfaces/cmake/export_buff_interfaces__rosidl_generator_pyExport-noconfig.cmake
[1.503s] -- Up-to-date: /home/rosnoetic/rm_shaobing_vision/install/buff_interfaces/share/buff_interfaces/cmake/rosidl_cmake-extras.cmake
[1.503s] -- Up-to-date: /home/rosnoetic/rm_shaobing_vision/install/buff_interfaces/share/buff_interfaces/cmake/ament_cmake_export_dependencies-extras.cmake
[1.503s] -- Up-to-date: /home/rosnoetic/rm_shaobing_vision/install/buff_interfaces/share/buff_interfaces/cmake/ament_cmake_export_include_directories-extras.cmake
[1.503s] -- Up-to-date: /home/rosnoetic/rm_shaobing_vision/install/buff_interfaces/share/buff_interfaces/cmake/ament_cmake_export_libraries-extras.cmake
[1.504s] -- Up-to-date: /home/rosnoetic/rm_shaobing_vision/install/buff_interfaces/share/buff_interfaces/cmake/ament_cmake_export_targets-extras.cmake
[1.504s] -- Up-to-date: /home/rosnoetic/rm_shaobing_vision/install/buff_interfaces/share/buff_interfaces/cmake/rosidl_cmake_export_typesupport_targets-extras.cmake
[1.504s] -- Up-to-date: /home/rosnoetic/rm_shaobing_vision/install/buff_interfaces/share/buff_interfaces/cmake/rosidl_cmake_export_typesupport_libraries-extras.cmake
[1.504s] -- Up-to-date: /home/rosnoetic/rm_shaobing_vision/install/buff_interfaces/share/buff_interfaces/cmake/buff_interfacesConfig.cmake
[1.504s] -- Up-to-date: /home/rosnoetic/rm_shaobing_vision/install/buff_interfaces/share/buff_interfaces/cmake/buff_interfacesConfig-version.cmake
[1.504s] -- Up-to-date: /home/rosnoetic/rm_shaobing_vision/install/buff_interfaces/share/buff_interfaces/package.xml
[1.507s] Invoked command in '/home/rosnoetic/rm_shaobing_vision/build/buff_interfaces' returned '0': CMAKE_PREFIX_PATH=${CMAKE_PREFIX_PATH}:/home/rosnoetic/ros_ws/install/rm_vision_bringup:/home/rosnoetic/ros_ws/install/rm_serial_driver:/home/rosnoetic/ros_ws/install/rm_gimbal_description:/home/rosnoetic/ros_ws/install/hik_camera:/home/rosnoetic/ros_ws/install/armor_tracker:/home/rosnoetic/ros_ws/install/armor_detector:/home/rosnoetic/ros_ws/install/auto_aim_interfaces:/opt/ros/humble /usr/bin/cmake --install /home/rosnoetic/rm_shaobing_vision/build/buff_interfaces
