[0.017s] Invoking command in '/home/nuc/rm_vision_ws/build/rm_buff': AMENT_PREFIX_PATH=/home/nuc/rm_vision_ws/install/buff_tracker:/home/nuc/rm_vision_ws/install/buff_detector:/home/nuc/rm_vision_ws/install/buff_interfaces:${AMENT_PREFIX_PATH} CMAKE_PREFIX_PATH=/home/nuc/rm_vision_ws/install/buff_tracker:/home/nuc/rm_vision_ws/install/buff_detector:/home/nuc/rm_vision_ws/install/buff_interfaces:/home/nuc/ros_ws_ADD_NEW/install/rm_vision_bringup:/home/nuc/ros_ws_ADD_NEW/install/rm_serial_driver:/home/nuc/ros_ws_ADD_NEW/install/rm_gimbal_description:/home/nuc/ros_ws_ADD_NEW/install/hik_camera:/home/nuc/ros_ws_ADD_NEW/install/armor_tracker:/home/nuc/ros_ws_ADD_NEW/install/armor_detector:/home/nuc/ros_ws_ADD_NEW/install/auto_aim_interfaces:/opt/ros/humble LD_LIBRARY_PATH=/home/nuc/rm_vision_ws/install/buff_tracker/lib:/home/nuc/rm_vision_ws/install/buff_detector/lib:/home/nuc/rm_vision_ws/install/buff_interfaces/lib:${LD_LIBRARY_PATH} PYTHONPATH=/home/nuc/rm_vision_ws/install/buff_interfaces/local/lib/python3.10/dist-packages:${PYTHONPATH} /usr/bin/cmake --build /home/nuc/rm_vision_ws/build/rm_buff -- -j16 -l16
[0.060s] Invoked command in '/home/nuc/rm_vision_ws/build/rm_buff' returned '0': AMENT_PREFIX_PATH=/home/nuc/rm_vision_ws/install/buff_tracker:/home/nuc/rm_vision_ws/install/buff_detector:/home/nuc/rm_vision_ws/install/buff_interfaces:${AMENT_PREFIX_PATH} CMAKE_PREFIX_PATH=/home/nuc/rm_vision_ws/install/buff_tracker:/home/nuc/rm_vision_ws/install/buff_detector:/home/nuc/rm_vision_ws/install/buff_interfaces:/home/nuc/ros_ws_ADD_NEW/install/rm_vision_bringup:/home/nuc/ros_ws_ADD_NEW/install/rm_serial_driver:/home/nuc/ros_ws_ADD_NEW/install/rm_gimbal_description:/home/nuc/ros_ws_ADD_NEW/install/hik_camera:/home/nuc/ros_ws_ADD_NEW/install/armor_tracker:/home/nuc/ros_ws_ADD_NEW/install/armor_detector:/home/nuc/ros_ws_ADD_NEW/install/auto_aim_interfaces:/opt/ros/humble LD_LIBRARY_PATH=/home/nuc/rm_vision_ws/install/buff_tracker/lib:/home/nuc/rm_vision_ws/install/buff_detector/lib:/home/nuc/rm_vision_ws/install/buff_interfaces/lib:${LD_LIBRARY_PATH} PYTHONPATH=/home/nuc/rm_vision_ws/install/buff_interfaces/local/lib/python3.10/dist-packages:${PYTHONPATH} /usr/bin/cmake --build /home/nuc/rm_vision_ws/build/rm_buff -- -j16 -l16
[0.082s] Invoking command in '/home/nuc/rm_vision_ws/build/rm_buff': AMENT_PREFIX_PATH=/home/nuc/rm_vision_ws/install/buff_tracker:/home/nuc/rm_vision_ws/install/buff_detector:/home/nuc/rm_vision_ws/install/buff_interfaces:${AMENT_PREFIX_PATH} CMAKE_PREFIX_PATH=/home/nuc/rm_vision_ws/install/buff_tracker:/home/nuc/rm_vision_ws/install/buff_detector:/home/nuc/rm_vision_ws/install/buff_interfaces:/home/nuc/ros_ws_ADD_NEW/install/rm_vision_bringup:/home/nuc/ros_ws_ADD_NEW/install/rm_serial_driver:/home/nuc/ros_ws_ADD_NEW/install/rm_gimbal_description:/home/nuc/ros_ws_ADD_NEW/install/hik_camera:/home/nuc/ros_ws_ADD_NEW/install/armor_tracker:/home/nuc/ros_ws_ADD_NEW/install/armor_detector:/home/nuc/ros_ws_ADD_NEW/install/auto_aim_interfaces:/opt/ros/humble LD_LIBRARY_PATH=/home/nuc/rm_vision_ws/install/buff_tracker/lib:/home/nuc/rm_vision_ws/install/buff_detector/lib:/home/nuc/rm_vision_ws/install/buff_interfaces/lib:${LD_LIBRARY_PATH} PYTHONPATH=/home/nuc/rm_vision_ws/install/buff_interfaces/local/lib/python3.10/dist-packages:${PYTHONPATH} /usr/bin/cmake --install /home/nuc/rm_vision_ws/build/rm_buff
[0.088s] -- Install configuration: ""
[0.089s] -- Execute custom install script
[0.089s] -- Up-to-date symlink: /home/nuc/rm_vision_ws/install/rm_buff/share/ament_index/resource_index/package_run_dependencies/rm_buff
[0.089s] -- Up-to-date symlink: /home/nuc/rm_vision_ws/install/rm_buff/share/ament_index/resource_index/parent_prefix_path/rm_buff
[0.089s] -- Up-to-date symlink: /home/nuc/rm_vision_ws/install/rm_buff/share/rm_buff/environment/ament_prefix_path.sh
[0.089s] -- Up-to-date symlink: /home/nuc/rm_vision_ws/install/rm_buff/share/rm_buff/environment/ament_prefix_path.dsv
[0.089s] -- Up-to-date symlink: /home/nuc/rm_vision_ws/install/rm_buff/share/rm_buff/environment/path.sh
[0.090s] -- Up-to-date symlink: /home/nuc/rm_vision_ws/install/rm_buff/share/rm_buff/environment/path.dsv
[0.090s] -- Up-to-date symlink: /home/nuc/rm_vision_ws/install/rm_buff/share/rm_buff/local_setup.bash
[0.090s] -- Up-to-date symlink: /home/nuc/rm_vision_ws/install/rm_buff/share/rm_buff/local_setup.sh
[0.090s] -- Up-to-date symlink: /home/nuc/rm_vision_ws/install/rm_buff/share/rm_buff/local_setup.zsh
[0.090s] -- Up-to-date symlink: /home/nuc/rm_vision_ws/install/rm_buff/share/rm_buff/local_setup.dsv
[0.090s] -- Symlinking: /home/nuc/rm_vision_ws/install/rm_buff/share/rm_buff/package.dsv
[0.098s] -- Up-to-date symlink: /home/nuc/rm_vision_ws/install/rm_buff/share/ament_index/resource_index/packages/rm_buff
[0.099s] -- Up-to-date symlink: /home/nuc/rm_vision_ws/install/rm_buff/share/rm_buff/cmake/rm_buffConfig.cmake
[0.099s] -- Up-to-date symlink: /home/nuc/rm_vision_ws/install/rm_buff/share/rm_buff/cmake/rm_buffConfig-version.cmake
[0.099s] -- Up-to-date symlink: /home/nuc/rm_vision_ws/install/rm_buff/share/rm_buff/package.xml
[0.100s] Invoked command in '/home/nuc/rm_vision_ws/build/rm_buff' returned '0': AMENT_PREFIX_PATH=/home/nuc/rm_vision_ws/install/buff_tracker:/home/nuc/rm_vision_ws/install/buff_detector:/home/nuc/rm_vision_ws/install/buff_interfaces:${AMENT_PREFIX_PATH} CMAKE_PREFIX_PATH=/home/nuc/rm_vision_ws/install/buff_tracker:/home/nuc/rm_vision_ws/install/buff_detector:/home/nuc/rm_vision_ws/install/buff_interfaces:/home/nuc/ros_ws_ADD_NEW/install/rm_vision_bringup:/home/nuc/ros_ws_ADD_NEW/install/rm_serial_driver:/home/nuc/ros_ws_ADD_NEW/install/rm_gimbal_description:/home/nuc/ros_ws_ADD_NEW/install/hik_camera:/home/nuc/ros_ws_ADD_NEW/install/armor_tracker:/home/nuc/ros_ws_ADD_NEW/install/armor_detector:/home/nuc/ros_ws_ADD_NEW/install/auto_aim_interfaces:/opt/ros/humble LD_LIBRARY_PATH=/home/nuc/rm_vision_ws/install/buff_tracker/lib:/home/nuc/rm_vision_ws/install/buff_detector/lib:/home/nuc/rm_vision_ws/install/buff_interfaces/lib:${LD_LIBRARY_PATH} PYTHONPATH=/home/nuc/rm_vision_ws/install/buff_interfaces/local/lib/python3.10/dist-packages:${PYTHONPATH} /usr/bin/cmake --install /home/nuc/rm_vision_ws/build/rm_buff
