[0.014s] Invoking command in '/home/nuc/rm_vision_ws/build/rm_vision_bringup': AMENT_PREFIX_PATH=/home/nuc/rm_vision_ws/install/rm_auto_aim:/home/nuc/rm_vision_ws/install/rm_serial_driver:/home/nuc/rm_vision_ws/install/armor_tracker:/home/nuc/rm_vision_ws/install/armor_detector:/home/nuc/rm_vision_ws/install/buff_interfaces:/home/nuc/rm_vision_ws/install/auto_aim_interfaces:${AMENT_PREFIX_PATH} CMAKE_PREFIX_PATH=/home/nuc/rm_vision_ws/install/rm_auto_aim:/home/nuc/rm_vision_ws/install/rm_serial_driver:/home/nuc/rm_vision_ws/install/armor_tracker:/home/nuc/rm_vision_ws/install/armor_detector:/home/nuc/rm_vision_ws/install/buff_interfaces:/home/nuc/rm_vision_ws/install/auto_aim_interfaces:/opt/ros/humble LD_LIBRARY_PATH=/home/nuc/rm_vision_ws/install/rm_serial_driver/lib:/home/nuc/rm_vision_ws/install/armor_tracker/lib:/home/nuc/rm_vision_ws/install/armor_detector/lib:/home/nuc/rm_vision_ws/install/buff_interfaces/lib:/home/nuc/rm_vision_ws/install/auto_aim_interfaces/lib:${LD_LIBRARY_PATH} PYTHONPATH=/home/nuc/rm_vision_ws/install/buff_interfaces/local/lib/python3.10/dist-packages:/home/nuc/rm_vision_ws/install/auto_aim_interfaces/local/lib/python3.10/dist-packages:${PYTHONPATH} /usr/bin/cmake --build /home/nuc/rm_vision_ws/build/rm_vision_bringup -- -j16 -l16
[0.043s] Invoked command in '/home/nuc/rm_vision_ws/build/rm_vision_bringup' returned '0': AMENT_PREFIX_PATH=/home/nuc/rm_vision_ws/install/rm_auto_aim:/home/nuc/rm_vision_ws/install/rm_serial_driver:/home/nuc/rm_vision_ws/install/armor_tracker:/home/nuc/rm_vision_ws/install/armor_detector:/home/nuc/rm_vision_ws/install/buff_interfaces:/home/nuc/rm_vision_ws/install/auto_aim_interfaces:${AMENT_PREFIX_PATH} CMAKE_PREFIX_PATH=/home/nuc/rm_vision_ws/install/rm_auto_aim:/home/nuc/rm_vision_ws/install/rm_serial_driver:/home/nuc/rm_vision_ws/install/armor_tracker:/home/nuc/rm_vision_ws/install/armor_detector:/home/nuc/rm_vision_ws/install/buff_interfaces:/home/nuc/rm_vision_ws/install/auto_aim_interfaces:/opt/ros/humble LD_LIBRARY_PATH=/home/nuc/rm_vision_ws/install/rm_serial_driver/lib:/home/nuc/rm_vision_ws/install/armor_tracker/lib:/home/nuc/rm_vision_ws/install/armor_detector/lib:/home/nuc/rm_vision_ws/install/buff_interfaces/lib:/home/nuc/rm_vision_ws/install/auto_aim_interfaces/lib:${LD_LIBRARY_PATH} PYTHONPATH=/home/nuc/rm_vision_ws/install/buff_interfaces/local/lib/python3.10/dist-packages:/home/nuc/rm_vision_ws/install/auto_aim_interfaces/local/lib/python3.10/dist-packages:${PYTHONPATH} /usr/bin/cmake --build /home/nuc/rm_vision_ws/build/rm_vision_bringup -- -j16 -l16
[0.059s] Invoking command in '/home/nuc/rm_vision_ws/build/rm_vision_bringup': AMENT_PREFIX_PATH=/home/nuc/rm_vision_ws/install/rm_auto_aim:/home/nuc/rm_vision_ws/install/rm_serial_driver:/home/nuc/rm_vision_ws/install/armor_tracker:/home/nuc/rm_vision_ws/install/armor_detector:/home/nuc/rm_vision_ws/install/buff_interfaces:/home/nuc/rm_vision_ws/install/auto_aim_interfaces:${AMENT_PREFIX_PATH} CMAKE_PREFIX_PATH=/home/nuc/rm_vision_ws/install/rm_auto_aim:/home/nuc/rm_vision_ws/install/rm_serial_driver:/home/nuc/rm_vision_ws/install/armor_tracker:/home/nuc/rm_vision_ws/install/armor_detector:/home/nuc/rm_vision_ws/install/buff_interfaces:/home/nuc/rm_vision_ws/install/auto_aim_interfaces:/opt/ros/humble LD_LIBRARY_PATH=/home/nuc/rm_vision_ws/install/rm_serial_driver/lib:/home/nuc/rm_vision_ws/install/armor_tracker/lib:/home/nuc/rm_vision_ws/install/armor_detector/lib:/home/nuc/rm_vision_ws/install/buff_interfaces/lib:/home/nuc/rm_vision_ws/install/auto_aim_interfaces/lib:${LD_LIBRARY_PATH} PYTHONPATH=/home/nuc/rm_vision_ws/install/buff_interfaces/local/lib/python3.10/dist-packages:/home/nuc/rm_vision_ws/install/auto_aim_interfaces/local/lib/python3.10/dist-packages:${PYTHONPATH} /usr/bin/cmake --install /home/nuc/rm_vision_ws/build/rm_vision_bringup
[0.063s] -- Install configuration: ""
[0.064s] -- Execute custom install script
[0.064s] -- Up-to-date symlink: /home/nuc/rm_vision_ws/install/rm_vision_bringup/share/rm_vision_bringup/launch/common.py
[0.064s] -- Up-to-date symlink: /home/nuc/rm_vision_ws/install/rm_vision_bringup/share/rm_vision_bringup/launch/no_hardware.launch.py
[0.064s] -- Up-to-date symlink: /home/nuc/rm_vision_ws/install/rm_vision_bringup/share/rm_vision_bringup/launch/vision_bringup.launch.py
[0.064s] -- Up-to-date symlink: /home/nuc/rm_vision_ws/install/rm_vision_bringup/share/rm_vision_bringup/config/camera_info.yaml
[0.064s] -- Up-to-date symlink: /home/nuc/rm_vision_ws/install/rm_vision_bringup/share/rm_vision_bringup/config/launch_params.yaml
[0.064s] -- Up-to-date symlink: /home/nuc/rm_vision_ws/install/rm_vision_bringup/share/rm_vision_bringup/config/node_params.yaml
[0.064s] -- Up-to-date symlink: /home/nuc/rm_vision_ws/install/rm_vision_bringup/share/ament_index/resource_index/package_run_dependencies/rm_vision_bringup
[0.064s] -- Up-to-date symlink: /home/nuc/rm_vision_ws/install/rm_vision_bringup/share/ament_index/resource_index/parent_prefix_path/rm_vision_bringup
[0.065s] -- Up-to-date symlink: /home/nuc/rm_vision_ws/install/rm_vision_bringup/share/rm_vision_bringup/environment/ament_prefix_path.sh
[0.065s] -- Up-to-date symlink: /home/nuc/rm_vision_ws/install/rm_vision_bringup/share/rm_vision_bringup/environment/ament_prefix_path.dsv
[0.065s] -- Up-to-date symlink: /home/nuc/rm_vision_ws/install/rm_vision_bringup/share/rm_vision_bringup/environment/path.sh
[0.065s] -- Up-to-date symlink: /home/nuc/rm_vision_ws/install/rm_vision_bringup/share/rm_vision_bringup/environment/path.dsv
[0.065s] -- Up-to-date symlink: /home/nuc/rm_vision_ws/install/rm_vision_bringup/share/rm_vision_bringup/local_setup.bash
[0.065s] -- Up-to-date symlink: /home/nuc/rm_vision_ws/install/rm_vision_bringup/share/rm_vision_bringup/local_setup.sh
[0.065s] -- Up-to-date symlink: /home/nuc/rm_vision_ws/install/rm_vision_bringup/share/rm_vision_bringup/local_setup.zsh
[0.065s] -- Up-to-date symlink: /home/nuc/rm_vision_ws/install/rm_vision_bringup/share/rm_vision_bringup/local_setup.dsv
[0.065s] -- Symlinking: /home/nuc/rm_vision_ws/install/rm_vision_bringup/share/rm_vision_bringup/package.dsv
[0.073s] -- Up-to-date symlink: /home/nuc/rm_vision_ws/install/rm_vision_bringup/share/ament_index/resource_index/packages/rm_vision_bringup
[0.073s] -- Up-to-date symlink: /home/nuc/rm_vision_ws/install/rm_vision_bringup/share/rm_vision_bringup/cmake/rm_vision_bringupConfig.cmake
[0.073s] -- Up-to-date symlink: /home/nuc/rm_vision_ws/install/rm_vision_bringup/share/rm_vision_bringup/cmake/rm_vision_bringupConfig-version.cmake
[0.073s] -- Up-to-date symlink: /home/nuc/rm_vision_ws/install/rm_vision_bringup/share/rm_vision_bringup/package.xml
[0.077s] Invoked command in '/home/nuc/rm_vision_ws/build/rm_vision_bringup' returned '0': AMENT_PREFIX_PATH=/home/nuc/rm_vision_ws/install/rm_auto_aim:/home/nuc/rm_vision_ws/install/rm_serial_driver:/home/nuc/rm_vision_ws/install/armor_tracker:/home/nuc/rm_vision_ws/install/armor_detector:/home/nuc/rm_vision_ws/install/buff_interfaces:/home/nuc/rm_vision_ws/install/auto_aim_interfaces:${AMENT_PREFIX_PATH} CMAKE_PREFIX_PATH=/home/nuc/rm_vision_ws/install/rm_auto_aim:/home/nuc/rm_vision_ws/install/rm_serial_driver:/home/nuc/rm_vision_ws/install/armor_tracker:/home/nuc/rm_vision_ws/install/armor_detector:/home/nuc/rm_vision_ws/install/buff_interfaces:/home/nuc/rm_vision_ws/install/auto_aim_interfaces:/opt/ros/humble LD_LIBRARY_PATH=/home/nuc/rm_vision_ws/install/rm_serial_driver/lib:/home/nuc/rm_vision_ws/install/armor_tracker/lib:/home/nuc/rm_vision_ws/install/armor_detector/lib:/home/nuc/rm_vision_ws/install/buff_interfaces/lib:/home/nuc/rm_vision_ws/install/auto_aim_interfaces/lib:${LD_LIBRARY_PATH} PYTHONPATH=/home/nuc/rm_vision_ws/install/buff_interfaces/local/lib/python3.10/dist-packages:/home/nuc/rm_vision_ws/install/auto_aim_interfaces/local/lib/python3.10/dist-packages:${PYTHONPATH} /usr/bin/cmake --install /home/nuc/rm_vision_ws/build/rm_vision_bringup
