[0.057s] Invoking command in '/home/rosnoetic/rm_shaobing_vision/build/auto_aim_interfaces': CMAKE_PREFIX_PATH=${CMAKE_PREFIX_PATH}:/home/rosnoetic/ros_ws/install/rm_vision_bringup:/home/rosnoetic/ros_ws/install/rm_serial_driver:/home/rosnoetic/ros_ws/install/rm_gimbal_description:/home/rosnoetic/ros_ws/install/hik_camera:/home/rosnoetic/ros_ws/install/armor_tracker:/home/rosnoetic/ros_ws/install/armor_detector:/home/rosnoetic/ros_ws/install/auto_aim_interfaces:/opt/ros/humble /usr/bin/cmake --build /home/rosnoetic/rm_shaobing_vision/build/auto_aim_interfaces -- -j16 -l16
[0.202s] [  0%] Built target auto_aim_interfaces__cpp
[0.224s] [ 12%] Built target auto_aim_interfaces__rosidl_generator_c
[0.254s] [ 12%] Built target ament_cmake_python_copy_auto_aim_interfaces
[0.391s] [ 23%] Built target auto_aim_interfaces__rosidl_typesupport_fastrtps_cpp
[0.391s] [ 35%] Built target auto_aim_interfaces__rosidl_typesupport_cpp
[0.400s] [ 59%] Built target auto_aim_interfaces__rosidl_typesupport_introspection_cpp
[0.401s] [ 59%] Built target auto_aim_interfaces__rosidl_typesupport_fastrtps_c
[0.444s] [ 70%] Built target auto_aim_interfaces__rosidl_typesupport_c
[0.444s] [ 82%] Built target auto_aim_interfaces__rosidl_typesupport_introspection_c
[0.495s] [ 82%] Built target auto_aim_interfaces
[0.570s] [ 83%] Built target auto_aim_interfaces__py
[0.648s] [ 94%] Built target auto_aim_interfaces__rosidl_generator_py
[0.716s] [ 96%] Built target auto_aim_interfaces__rosidl_typesupport_fastrtps_c__pyext
[0.765s] [ 98%] Built target auto_aim_interfaces__rosidl_typesupport_c__pyext
[0.765s] [100%] Built target auto_aim_interfaces__rosidl_typesupport_introspection_c__pyext
[0.817s] running egg_info
[0.820s] writing auto_aim_interfaces.egg-info/PKG-INFO
[0.821s] writing dependency_links to auto_aim_interfaces.egg-info/dependency_links.txt
[0.821s] writing top-level names to auto_aim_interfaces.egg-info/top_level.txt
[0.826s] reading manifest file 'auto_aim_interfaces.egg-info/SOURCES.txt'
[0.829s] writing manifest file 'auto_aim_interfaces.egg-info/SOURCES.txt'
[0.882s] [100%] Built target ament_cmake_python_build_auto_aim_interfaces_egg
[0.908s] Invoked command in '/home/rosnoetic/rm_shaobing_vision/build/auto_aim_interfaces' returned '0': CMAKE_PREFIX_PATH=${CMAKE_PREFIX_PATH}:/home/rosnoetic/ros_ws/install/rm_vision_bringup:/home/rosnoetic/ros_ws/install/rm_serial_driver:/home/rosnoetic/ros_ws/install/rm_gimbal_description:/home/rosnoetic/ros_ws/install/hik_camera:/home/rosnoetic/ros_ws/install/armor_tracker:/home/rosnoetic/ros_ws/install/armor_detector:/home/rosnoetic/ros_ws/install/auto_aim_interfaces:/opt/ros/humble /usr/bin/cmake --build /home/rosnoetic/rm_shaobing_vision/build/auto_aim_interfaces -- -j16 -l16
[1.909s] Invoking command in '/home/rosnoetic/rm_shaobing_vision/build/auto_aim_interfaces': CMAKE_PREFIX_PATH=${CMAKE_PREFIX_PATH}:/home/rosnoetic/ros_ws/install/rm_vision_bringup:/home/rosnoetic/ros_ws/install/rm_serial_driver:/home/rosnoetic/ros_ws/install/rm_gimbal_description:/home/rosnoetic/ros_ws/install/hik_camera:/home/rosnoetic/ros_ws/install/armor_tracker:/home/rosnoetic/ros_ws/install/armor_detector:/home/rosnoetic/ros_ws/install/auto_aim_interfaces:/opt/ros/humble /usr/bin/cmake --install /home/rosnoetic/rm_shaobing_vision/build/auto_aim_interfaces
[1.924s] -- Install configuration: ""
[1.926s] -- Up-to-date: /home/rosnoetic/rm_shaobing_vision/install/auto_aim_interfaces/share/ament_index/resource_index/rosidl_interfaces/auto_aim_interfaces
[1.926s] -- Up-to-date: /home/rosnoetic/rm_shaobing_vision/install/auto_aim_interfaces/include/auto_aim_interfaces/auto_aim_interfaces
[1.926s] -- Up-to-date: /home/rosnoetic/rm_shaobing_vision/install/auto_aim_interfaces/include/auto_aim_interfaces/auto_aim_interfaces/msg
[1.926s] -- Up-to-date: /home/rosnoetic/rm_shaobing_vision/install/auto_aim_interfaces/include/auto_aim_interfaces/auto_aim_interfaces/msg/time_info.h
[1.926s] -- Up-to-date: /home/rosnoetic/rm_shaobing_vision/install/auto_aim_interfaces/include/auto_aim_interfaces/auto_aim_interfaces/msg/debug_light.h
[1.926s] -- Up-to-date: /home/rosnoetic/rm_shaobing_vision/install/auto_aim_interfaces/include/auto_aim_interfaces/auto_aim_interfaces/msg/armor.h
[1.926s] -- Up-to-date: /home/rosnoetic/rm_shaobing_vision/install/auto_aim_interfaces/include/auto_aim_interfaces/auto_aim_interfaces/msg/time_series.h
[1.926s] -- Up-to-date: /home/rosnoetic/rm_shaobing_vision/install/auto_aim_interfaces/include/auto_aim_interfaces/auto_aim_interfaces/msg/rosidl_generator_c__visibility_control.h
[1.926s] -- Up-to-date: /home/rosnoetic/rm_shaobing_vision/install/auto_aim_interfaces/include/auto_aim_interfaces/auto_aim_interfaces/msg/armors.h
[1.926s] -- Up-to-date: /home/rosnoetic/rm_shaobing_vision/install/auto_aim_interfaces/include/auto_aim_interfaces/auto_aim_interfaces/msg/tracker_info.h
[1.927s] -- Up-to-date: /home/rosnoetic/rm_shaobing_vision/install/auto_aim_interfaces/include/auto_aim_interfaces/auto_aim_interfaces/msg/debug_armor.h
[1.927s] -- Up-to-date: /home/rosnoetic/rm_shaobing_vision/install/auto_aim_interfaces/include/auto_aim_interfaces/auto_aim_interfaces/msg/debug_armors.h
[1.927s] -- Up-to-date: /home/rosnoetic/rm_shaobing_vision/install/auto_aim_interfaces/include/auto_aim_interfaces/auto_aim_interfaces/msg/target.h
[1.927s] -- Up-to-date: /home/rosnoetic/rm_shaobing_vision/install/auto_aim_interfaces/include/auto_aim_interfaces/auto_aim_interfaces/msg/debug_lights.h
[1.927s] -- Up-to-date: /home/rosnoetic/rm_shaobing_vision/install/auto_aim_interfaces/include/auto_aim_interfaces/auto_aim_interfaces/msg/detail
[1.927s] -- Up-to-date: /home/rosnoetic/rm_shaobing_vision/install/auto_aim_interfaces/include/auto_aim_interfaces/auto_aim_interfaces/msg/detail/debug_light__type_support.h
[1.927s] -- Up-to-date: /home/rosnoetic/rm_shaobing_vision/install/auto_aim_interfaces/include/auto_aim_interfaces/auto_aim_interfaces/msg/detail/debug_armor__functions.h
[1.929s] -- Up-to-date: /home/rosnoetic/rm_shaobing_vision/install/auto_aim_interfaces/include/auto_aim_interfaces/auto_aim_interfaces/msg/detail/target__functions.h
[1.929s] -- Up-to-date: /home/rosnoetic/rm_shaobing_vision/install/auto_aim_interfaces/include/auto_aim_interfaces/auto_aim_interfaces/msg/detail/armor__struct.h
[1.929s] -- Up-to-date: /home/rosnoetic/rm_shaobing_vision/install/auto_aim_interfaces/include/auto_aim_interfaces/auto_aim_interfaces/msg/detail/tracker_info__struct.h
[1.931s] -- Up-to-date: /home/rosnoetic/rm_shaobing_vision/install/auto_aim_interfaces/include/auto_aim_interfaces/auto_aim_interfaces/msg/detail/debug_lights__functions.h
[1.931s] -- Up-to-date: /home/rosnoetic/rm_shaobing_vision/install/auto_aim_interfaces/include/auto_aim_interfaces/auto_aim_interfaces/msg/detail/time_series__type_support.h
[1.931s] -- Up-to-date: /home/rosnoetic/rm_shaobing_vision/install/auto_aim_interfaces/include/auto_aim_interfaces/auto_aim_interfaces/msg/detail/time_series__functions.h
[1.931s] -- Up-to-date: /home/rosnoetic/rm_shaobing_vision/install/auto_aim_interfaces/include/auto_aim_interfaces/auto_aim_interfaces/msg/detail/tracker_info__type_support.h
[1.931s] -- Up-to-date: /home/rosnoetic/rm_shaobing_vision/install/auto_aim_interfaces/include/auto_aim_interfaces/auto_aim_interfaces/msg/detail/debug_light__functions.h
[1.931s] -- Up-to-date: /home/rosnoetic/rm_shaobing_vision/install/auto_aim_interfaces/include/auto_aim_interfaces/auto_aim_interfaces/msg/detail/target__type_support.h
[1.932s] -- Up-to-date: /home/rosnoetic/rm_shaobing_vision/install/auto_aim_interfaces/include/auto_aim_interfaces/auto_aim_interfaces/msg/detail/target__functions.c
[1.932s] -- Up-to-date: /home/rosnoetic/rm_shaobing_vision/install/auto_aim_interfaces/include/auto_aim_interfaces/auto_aim_interfaces/msg/detail/debug_armors__functions.h
[1.932s] -- Up-to-date: /home/rosnoetic/rm_shaobing_vision/install/auto_aim_interfaces/include/auto_aim_interfaces/auto_aim_interfaces/msg/detail/target__struct.h
[1.932s] -- Up-to-date: /home/rosnoetic/rm_shaobing_vision/install/auto_aim_interfaces/include/auto_aim_interfaces/auto_aim_interfaces/msg/detail/debug_armor__struct.h
[1.932s] -- Up-to-date: /home/rosnoetic/rm_shaobing_vision/install/auto_aim_interfaces/include/auto_aim_interfaces/auto_aim_interfaces/msg/detail/armor__type_support.h
[1.932s] -- Up-to-date: /home/rosnoetic/rm_shaobing_vision/install/auto_aim_interfaces/include/auto_aim_interfaces/auto_aim_interfaces/msg/detail/armors__type_support.h
[1.932s] -- Up-to-date: /home/rosnoetic/rm_shaobing_vision/install/auto_aim_interfaces/include/auto_aim_interfaces/auto_aim_interfaces/msg/detail/armor__functions.h
[1.932s] -- Up-to-date: /home/rosnoetic/rm_shaobing_vision/install/auto_aim_interfaces/include/auto_aim_interfaces/auto_aim_interfaces/msg/detail/debug_lights__type_support.h
[1.932s] -- Up-to-date: /home/rosnoetic/rm_shaobing_vision/install/auto_aim_interfaces/include/auto_aim_interfaces/auto_aim_interfaces/msg/detail/time_info__functions.c
[1.932s] -- Up-to-date: /home/rosnoetic/rm_shaobing_vision/install/auto_aim_interfaces/include/auto_aim_interfaces/auto_aim_interfaces/msg/detail/time_info__type_support.h
[1.932s] -- Up-to-date: /home/rosnoetic/rm_shaobing_vision/install/auto_aim_interfaces/include/auto_aim_interfaces/auto_aim_interfaces/msg/detail/debug_armors__type_support.h
[1.932s] -- Up-to-date: /home/rosnoetic/rm_shaobing_vision/install/auto_aim_interfaces/include/auto_aim_interfaces/auto_aim_interfaces/msg/detail/debug_armor__functions.c
[1.932s] -- Up-to-date: /home/rosnoetic/rm_shaobing_vision/install/auto_aim_interfaces/include/auto_aim_interfaces/auto_aim_interfaces/msg/detail/debug_light__functions.c
[1.932s] -- Up-to-date: /home/rosnoetic/rm_shaobing_vision/install/auto_aim_interfaces/include/auto_aim_interfaces/auto_aim_interfaces/msg/detail/debug_armor__type_support.h
[1.932s] -- Up-to-date: /home/rosnoetic/rm_shaobing_vision/install/auto_aim_interfaces/include/auto_aim_interfaces/auto_aim_interfaces/msg/detail/debug_lights__functions.c
[1.933s] -- Up-to-date: /home/rosnoetic/rm_shaobing_vision/install/auto_aim_interfaces/include/auto_aim_interfaces/auto_aim_interfaces/msg/detail/armor__functions.c
[1.933s] -- Up-to-date: /home/rosnoetic/rm_shaobing_vision/install/auto_aim_interfaces/include/auto_aim_interfaces/auto_aim_interfaces/msg/detail/armors__functions.c
[1.933s] -- Up-to-date: /home/rosnoetic/rm_shaobing_vision/install/auto_aim_interfaces/include/auto_aim_interfaces/auto_aim_interfaces/msg/detail/debug_lights__struct.h
[1.933s] -- Up-to-date: /home/rosnoetic/rm_shaobing_vision/install/auto_aim_interfaces/include/auto_aim_interfaces/auto_aim_interfaces/msg/detail/time_series__functions.c
[1.933s] -- Up-to-date: /home/rosnoetic/rm_shaobing_vision/install/auto_aim_interfaces/include/auto_aim_interfaces/auto_aim_interfaces/msg/detail/armors__functions.h
[1.933s] -- Up-to-date: /home/rosnoetic/rm_shaobing_vision/install/auto_aim_interfaces/include/auto_aim_interfaces/auto_aim_interfaces/msg/detail/time_series__struct.h
[1.933s] -- Up-to-date: /home/rosnoetic/rm_shaobing_vision/install/auto_aim_interfaces/include/auto_aim_interfaces/auto_aim_interfaces/msg/detail/tracker_info__functions.h
[1.933s] -- Up-to-date: /home/rosnoetic/rm_shaobing_vision/install/auto_aim_interfaces/include/auto_aim_interfaces/auto_aim_interfaces/msg/detail/tracker_info__functions.c
[1.933s] -- Up-to-date: /home/rosnoetic/rm_shaobing_vision/install/auto_aim_interfaces/include/auto_aim_interfaces/auto_aim_interfaces/msg/detail/time_info__functions.h
[1.933s] -- Up-to-date: /home/rosnoetic/rm_shaobing_vision/install/auto_aim_interfaces/include/auto_aim_interfaces/auto_aim_interfaces/msg/detail/debug_armors__struct.h
[1.933s] -- Up-to-date: /home/rosnoetic/rm_shaobing_vision/install/auto_aim_interfaces/include/auto_aim_interfaces/auto_aim_interfaces/msg/detail/time_info__struct.h
[1.934s] -- Up-to-date: /home/rosnoetic/rm_shaobing_vision/install/auto_aim_interfaces/include/auto_aim_interfaces/auto_aim_interfaces/msg/detail/armors__struct.h
[1.934s] -- Up-to-date: /home/rosnoetic/rm_shaobing_vision/install/auto_aim_interfaces/include/auto_aim_interfaces/auto_aim_interfaces/msg/detail/debug_armors__functions.c
[1.935s] -- Up-to-date: /home/rosnoetic/rm_shaobing_vision/install/auto_aim_interfaces/include/auto_aim_interfaces/auto_aim_interfaces/msg/detail/debug_light__struct.h
[1.935s] -- Up-to-date: /home/rosnoetic/rm_shaobing_vision/install/auto_aim_interfaces/share/auto_aim_interfaces/environment/library_path.sh
[1.936s] -- Up-to-date: /home/rosnoetic/rm_shaobing_vision/install/auto_aim_interfaces/share/auto_aim_interfaces/environment/library_path.dsv
[1.936s] -- Up-to-date: /home/rosnoetic/rm_shaobing_vision/install/auto_aim_interfaces/lib/libauto_aim_interfaces__rosidl_generator_c.so
[1.936s] -- Up-to-date: /home/rosnoetic/rm_shaobing_vision/install/auto_aim_interfaces/include/auto_aim_interfaces/auto_aim_interfaces
[1.936s] -- Up-to-date: /home/rosnoetic/rm_shaobing_vision/install/auto_aim_interfaces/include/auto_aim_interfaces/auto_aim_interfaces/msg
[1.936s] -- Up-to-date: /home/rosnoetic/rm_shaobing_vision/install/auto_aim_interfaces/include/auto_aim_interfaces/auto_aim_interfaces/msg/rosidl_typesupport_fastrtps_c__visibility_control.h
[1.936s] -- Up-to-date: /home/rosnoetic/rm_shaobing_vision/install/auto_aim_interfaces/include/auto_aim_interfaces/auto_aim_interfaces/msg/detail
[1.936s] -- Up-to-date: /home/rosnoetic/rm_shaobing_vision/install/auto_aim_interfaces/include/auto_aim_interfaces/auto_aim_interfaces/msg/detail/target__rosidl_typesupport_fastrtps_c.h
[1.936s] -- Up-to-date: /home/rosnoetic/rm_shaobing_vision/install/auto_aim_interfaces/include/auto_aim_interfaces/auto_aim_interfaces/msg/detail/debug_light__rosidl_typesupport_fastrtps_c.h
[1.936s] -- Up-to-date: /home/rosnoetic/rm_shaobing_vision/install/auto_aim_interfaces/include/auto_aim_interfaces/auto_aim_interfaces/msg/detail/time_info__rosidl_typesupport_fastrtps_c.h
[1.936s] -- Up-to-date: /home/rosnoetic/rm_shaobing_vision/install/auto_aim_interfaces/include/auto_aim_interfaces/auto_aim_interfaces/msg/detail/debug_lights__rosidl_typesupport_fastrtps_c.h
[1.936s] -- Up-to-date: /home/rosnoetic/rm_shaobing_vision/install/auto_aim_interfaces/include/auto_aim_interfaces/auto_aim_interfaces/msg/detail/time_series__rosidl_typesupport_fastrtps_c.h
[1.936s] -- Up-to-date: /home/rosnoetic/rm_shaobing_vision/install/auto_aim_interfaces/include/auto_aim_interfaces/auto_aim_interfaces/msg/detail/debug_armor__rosidl_typesupport_fastrtps_c.h
[1.937s] -- Up-to-date: /home/rosnoetic/rm_shaobing_vision/install/auto_aim_interfaces/include/auto_aim_interfaces/auto_aim_interfaces/msg/detail/debug_armors__rosidl_typesupport_fastrtps_c.h
[1.937s] -- Up-to-date: /home/rosnoetic/rm_shaobing_vision/install/auto_aim_interfaces/include/auto_aim_interfaces/auto_aim_interfaces/msg/detail/tracker_info__rosidl_typesupport_fastrtps_c.h
[1.937s] -- Up-to-date: /home/rosnoetic/rm_shaobing_vision/install/auto_aim_interfaces/include/auto_aim_interfaces/auto_aim_interfaces/msg/detail/armor__rosidl_typesupport_fastrtps_c.h
[1.937s] -- Up-to-date: /home/rosnoetic/rm_shaobing_vision/install/auto_aim_interfaces/include/auto_aim_interfaces/auto_aim_interfaces/msg/detail/armors__rosidl_typesupport_fastrtps_c.h
[1.937s] -- Up-to-date: /home/rosnoetic/rm_shaobing_vision/install/auto_aim_interfaces/lib/libauto_aim_interfaces__rosidl_typesupport_fastrtps_c.so
[1.937s] -- Up-to-date: /home/rosnoetic/rm_shaobing_vision/install/auto_aim_interfaces/include/auto_aim_interfaces/auto_aim_interfaces
[1.937s] -- Up-to-date: /home/rosnoetic/rm_shaobing_vision/install/auto_aim_interfaces/include/auto_aim_interfaces/auto_aim_interfaces/msg
[1.937s] -- Up-to-date: /home/rosnoetic/rm_shaobing_vision/install/auto_aim_interfaces/include/auto_aim_interfaces/auto_aim_interfaces/msg/rosidl_typesupport_introspection_c__visibility_control.h
[1.937s] -- Up-to-date: /home/rosnoetic/rm_shaobing_vision/install/auto_aim_interfaces/include/auto_aim_interfaces/auto_aim_interfaces/msg/detail
[1.938s] -- Up-to-date: /home/rosnoetic/rm_shaobing_vision/install/auto_aim_interfaces/include/auto_aim_interfaces/auto_aim_interfaces/msg/detail/tracker_info__rosidl_typesupport_introspection_c.h
[1.938s] -- Up-to-date: /home/rosnoetic/rm_shaobing_vision/install/auto_aim_interfaces/include/auto_aim_interfaces/auto_aim_interfaces/msg/detail/time_info__type_support.c
[1.938s] -- Up-to-date: /home/rosnoetic/rm_shaobing_vision/install/auto_aim_interfaces/include/auto_aim_interfaces/auto_aim_interfaces/msg/detail/armor__rosidl_typesupport_introspection_c.h
[1.938s] -- Up-to-date: /home/rosnoetic/rm_shaobing_vision/install/auto_aim_interfaces/include/auto_aim_interfaces/auto_aim_interfaces/msg/detail/debug_light__type_support.c
[1.938s] -- Up-to-date: /home/rosnoetic/rm_shaobing_vision/install/auto_aim_interfaces/include/auto_aim_interfaces/auto_aim_interfaces/msg/detail/time_series__rosidl_typesupport_introspection_c.h
[1.938s] -- Up-to-date: /home/rosnoetic/rm_shaobing_vision/install/auto_aim_interfaces/include/auto_aim_interfaces/auto_aim_interfaces/msg/detail/armors__type_support.c
[1.938s] -- Up-to-date: /home/rosnoetic/rm_shaobing_vision/install/auto_aim_interfaces/include/auto_aim_interfaces/auto_aim_interfaces/msg/detail/time_series__type_support.c
[1.938s] -- Up-to-date: /home/rosnoetic/rm_shaobing_vision/install/auto_aim_interfaces/include/auto_aim_interfaces/auto_aim_interfaces/msg/detail/debug_armors__rosidl_typesupport_introspection_c.h
[1.938s] -- Up-to-date: /home/rosnoetic/rm_shaobing_vision/install/auto_aim_interfaces/include/auto_aim_interfaces/auto_aim_interfaces/msg/detail/armor__type_support.c
[1.938s] -- Up-to-date: /home/rosnoetic/rm_shaobing_vision/install/auto_aim_interfaces/include/auto_aim_interfaces/auto_aim_interfaces/msg/detail/debug_lights__rosidl_typesupport_introspection_c.h
[1.938s] -- Up-to-date: /home/rosnoetic/rm_shaobing_vision/install/auto_aim_interfaces/include/auto_aim_interfaces/auto_aim_interfaces/msg/detail/debug_armor__rosidl_typesupport_introspection_c.h
[1.939s] -- Up-to-date: /home/rosnoetic/rm_shaobing_vision/install/auto_aim_interfaces/include/auto_aim_interfaces/auto_aim_interfaces/msg/detail/debug_lights__type_support.c
[1.939s] -- Up-to-date: /home/rosnoetic/rm_shaobing_vision/install/auto_aim_interfaces/include/auto_aim_interfaces/auto_aim_interfaces/msg/detail/target__type_support.c
[1.939s] -- Up-to-date: /home/rosnoetic/rm_shaobing_vision/install/auto_aim_interfaces/include/auto_aim_interfaces/auto_aim_interfaces/msg/detail/tracker_info__type_support.c
[1.939s] -- Up-to-date: /home/rosnoetic/rm_shaobing_vision/install/auto_aim_interfaces/include/auto_aim_interfaces/auto_aim_interfaces/msg/detail/debug_armors__type_support.c
[1.939s] -- Up-to-date: /home/rosnoetic/rm_shaobing_vision/install/auto_aim_interfaces/include/auto_aim_interfaces/auto_aim_interfaces/msg/detail/time_info__rosidl_typesupport_introspection_c.h
[1.939s] -- Up-to-date: /home/rosnoetic/rm_shaobing_vision/install/auto_aim_interfaces/include/auto_aim_interfaces/auto_aim_interfaces/msg/detail/target__rosidl_typesupport_introspection_c.h
[1.939s] -- Up-to-date: /home/rosnoetic/rm_shaobing_vision/install/auto_aim_interfaces/include/auto_aim_interfaces/auto_aim_interfaces/msg/detail/debug_light__rosidl_typesupport_introspection_c.h
[1.939s] -- Up-to-date: /home/rosnoetic/rm_shaobing_vision/install/auto_aim_interfaces/include/auto_aim_interfaces/auto_aim_interfaces/msg/detail/armors__rosidl_typesupport_introspection_c.h
[1.939s] -- Up-to-date: /home/rosnoetic/rm_shaobing_vision/install/auto_aim_interfaces/include/auto_aim_interfaces/auto_aim_interfaces/msg/detail/debug_armor__type_support.c
[1.939s] -- Up-to-date: /home/rosnoetic/rm_shaobing_vision/install/auto_aim_interfaces/lib/libauto_aim_interfaces__rosidl_typesupport_introspection_c.so
[1.939s] -- Up-to-date: /home/rosnoetic/rm_shaobing_vision/install/auto_aim_interfaces/lib/libauto_aim_interfaces__rosidl_typesupport_c.so
[1.939s] -- Up-to-date: /home/rosnoetic/rm_shaobing_vision/install/auto_aim_interfaces/include/auto_aim_interfaces/auto_aim_interfaces
[1.939s] -- Up-to-date: /home/rosnoetic/rm_shaobing_vision/install/auto_aim_interfaces/include/auto_aim_interfaces/auto_aim_interfaces/msg
[1.939s] -- Up-to-date: /home/rosnoetic/rm_shaobing_vision/install/auto_aim_interfaces/include/auto_aim_interfaces/auto_aim_interfaces/msg/debug_armors.hpp
[1.940s] -- Up-to-date: /home/rosnoetic/rm_shaobing_vision/install/auto_aim_interfaces/include/auto_aim_interfaces/auto_aim_interfaces/msg/time_series.hpp
[1.940s] -- Up-to-date: /home/rosnoetic/rm_shaobing_vision/install/auto_aim_interfaces/include/auto_aim_interfaces/auto_aim_interfaces/msg/armor.hpp
[1.940s] -- Up-to-date: /home/rosnoetic/rm_shaobing_vision/install/auto_aim_interfaces/include/auto_aim_interfaces/auto_aim_interfaces/msg/debug_lights.hpp
[1.940s] -- Up-to-date: /home/rosnoetic/rm_shaobing_vision/install/auto_aim_interfaces/include/auto_aim_interfaces/auto_aim_interfaces/msg/target.hpp
[1.940s] -- Up-to-date: /home/rosnoetic/rm_shaobing_vision/install/auto_aim_interfaces/include/auto_aim_interfaces/auto_aim_interfaces/msg/armors.hpp
[1.940s] -- Up-to-date: /home/rosnoetic/rm_shaobing_vision/install/auto_aim_interfaces/include/auto_aim_interfaces/auto_aim_interfaces/msg/debug_light.hpp
[1.940s] -- Up-to-date: /home/rosnoetic/rm_shaobing_vision/install/auto_aim_interfaces/include/auto_aim_interfaces/auto_aim_interfaces/msg/debug_armor.hpp
[1.940s] -- Up-to-date: /home/rosnoetic/rm_shaobing_vision/install/auto_aim_interfaces/include/auto_aim_interfaces/auto_aim_interfaces/msg/time_info.hpp
[1.940s] -- Up-to-date: /home/rosnoetic/rm_shaobing_vision/install/auto_aim_interfaces/include/auto_aim_interfaces/auto_aim_interfaces/msg/detail
[1.940s] -- Up-to-date: /home/rosnoetic/rm_shaobing_vision/install/auto_aim_interfaces/include/auto_aim_interfaces/auto_aim_interfaces/msg/detail/debug_armors__traits.hpp
[1.941s] -- Up-to-date: /home/rosnoetic/rm_shaobing_vision/install/auto_aim_interfaces/include/auto_aim_interfaces/auto_aim_interfaces/msg/detail/debug_light__builder.hpp
[1.941s] -- Up-to-date: /home/rosnoetic/rm_shaobing_vision/install/auto_aim_interfaces/include/auto_aim_interfaces/auto_aim_interfaces/msg/detail/debug_armors__struct.hpp
[1.941s] -- Up-to-date: /home/rosnoetic/rm_shaobing_vision/install/auto_aim_interfaces/include/auto_aim_interfaces/auto_aim_interfaces/msg/detail/time_info__struct.hpp
[1.941s] -- Up-to-date: /home/rosnoetic/rm_shaobing_vision/install/auto_aim_interfaces/include/auto_aim_interfaces/auto_aim_interfaces/msg/detail/target__builder.hpp
[1.941s] -- Up-to-date: /home/rosnoetic/rm_shaobing_vision/install/auto_aim_interfaces/include/auto_aim_interfaces/auto_aim_interfaces/msg/detail/armor__builder.hpp
[1.941s] -- Up-to-date: /home/rosnoetic/rm_shaobing_vision/install/auto_aim_interfaces/include/auto_aim_interfaces/auto_aim_interfaces/msg/detail/debug_lights__struct.hpp
[1.941s] -- Up-to-date: /home/rosnoetic/rm_shaobing_vision/install/auto_aim_interfaces/include/auto_aim_interfaces/auto_aim_interfaces/msg/detail/debug_armor__builder.hpp
[1.941s] -- Up-to-date: /home/rosnoetic/rm_shaobing_vision/install/auto_aim_interfaces/include/auto_aim_interfaces/auto_aim_interfaces/msg/detail/tracker_info__builder.hpp
[1.941s] -- Up-to-date: /home/rosnoetic/rm_shaobing_vision/install/auto_aim_interfaces/include/auto_aim_interfaces/auto_aim_interfaces/msg/detail/debug_light__struct.hpp
[1.941s] -- Up-to-date: /home/rosnoetic/rm_shaobing_vision/install/auto_aim_interfaces/include/auto_aim_interfaces/auto_aim_interfaces/msg/detail/armor__traits.hpp
[1.941s] -- Up-to-date: /home/rosnoetic/rm_shaobing_vision/install/auto_aim_interfaces/include/auto_aim_interfaces/auto_aim_interfaces/msg/detail/armor__struct.hpp
[1.941s] -- Up-to-date: /home/rosnoetic/rm_shaobing_vision/install/auto_aim_interfaces/include/auto_aim_interfaces/auto_aim_interfaces/msg/detail/time_series__struct.hpp
[1.941s] -- Up-to-date: /home/rosnoetic/rm_shaobing_vision/install/auto_aim_interfaces/include/auto_aim_interfaces/auto_aim_interfaces/msg/detail/debug_armor__struct.hpp
[1.942s] -- Up-to-date: /home/rosnoetic/rm_shaobing_vision/install/auto_aim_interfaces/include/auto_aim_interfaces/auto_aim_interfaces/msg/detail/tracker_info__struct.hpp
[1.942s] -- Up-to-date: /home/rosnoetic/rm_shaobing_vision/install/auto_aim_interfaces/include/auto_aim_interfaces/auto_aim_interfaces/msg/detail/debug_light__traits.hpp
[1.942s] -- Up-to-date: /home/rosnoetic/rm_shaobing_vision/install/auto_aim_interfaces/include/auto_aim_interfaces/auto_aim_interfaces/msg/detail/time_series__traits.hpp
[1.942s] -- Up-to-date: /home/rosnoetic/rm_shaobing_vision/install/auto_aim_interfaces/include/auto_aim_interfaces/auto_aim_interfaces/msg/detail/time_series__builder.hpp
[1.942s] -- Up-to-date: /home/rosnoetic/rm_shaobing_vision/install/auto_aim_interfaces/include/auto_aim_interfaces/auto_aim_interfaces/msg/detail/target__traits.hpp
[1.942s] -- Up-to-date: /home/rosnoetic/rm_shaobing_vision/install/auto_aim_interfaces/include/auto_aim_interfaces/auto_aim_interfaces/msg/detail/tracker_info__traits.hpp
[1.942s] -- Up-to-date: /home/rosnoetic/rm_shaobing_vision/install/auto_aim_interfaces/include/auto_aim_interfaces/auto_aim_interfaces/msg/detail/time_info__builder.hpp
[1.942s] -- Up-to-date: /home/rosnoetic/rm_shaobing_vision/install/auto_aim_interfaces/include/auto_aim_interfaces/auto_aim_interfaces/msg/detail/target__struct.hpp
[1.942s] -- Up-to-date: /home/rosnoetic/rm_shaobing_vision/install/auto_aim_interfaces/include/auto_aim_interfaces/auto_aim_interfaces/msg/detail/armors__builder.hpp
[1.942s] -- Up-to-date: /home/rosnoetic/rm_shaobing_vision/install/auto_aim_interfaces/include/auto_aim_interfaces/auto_aim_interfaces/msg/detail/debug_lights__traits.hpp
[1.942s] -- Up-to-date: /home/rosnoetic/rm_shaobing_vision/install/auto_aim_interfaces/include/auto_aim_interfaces/auto_aim_interfaces/msg/detail/time_info__traits.hpp
[1.942s] -- Up-to-date: /home/rosnoetic/rm_shaobing_vision/install/auto_aim_interfaces/include/auto_aim_interfaces/auto_aim_interfaces/msg/detail/armors__struct.hpp
[1.942s] -- Up-to-date: /home/rosnoetic/rm_shaobing_vision/install/auto_aim_interfaces/include/auto_aim_interfaces/auto_aim_interfaces/msg/detail/debug_lights__builder.hpp
[1.942s] -- Up-to-date: /home/rosnoetic/rm_shaobing_vision/install/auto_aim_interfaces/include/auto_aim_interfaces/auto_aim_interfaces/msg/detail/debug_armor__traits.hpp
[1.942s] -- Up-to-date: /home/rosnoetic/rm_shaobing_vision/install/auto_aim_interfaces/include/auto_aim_interfaces/auto_aim_interfaces/msg/detail/armors__traits.hpp
[1.943s] -- Up-to-date: /home/rosnoetic/rm_shaobing_vision/install/auto_aim_interfaces/include/auto_aim_interfaces/auto_aim_interfaces/msg/detail/debug_armors__builder.hpp
[1.943s] -- Up-to-date: /home/rosnoetic/rm_shaobing_vision/install/auto_aim_interfaces/include/auto_aim_interfaces/auto_aim_interfaces/msg/tracker_info.hpp
[1.943s] -- Up-to-date: /home/rosnoetic/rm_shaobing_vision/install/auto_aim_interfaces/include/auto_aim_interfaces/auto_aim_interfaces
[1.943s] -- Up-to-date: /home/rosnoetic/rm_shaobing_vision/install/auto_aim_interfaces/include/auto_aim_interfaces/auto_aim_interfaces/msg
[1.943s] -- Up-to-date: /home/rosnoetic/rm_shaobing_vision/install/auto_aim_interfaces/include/auto_aim_interfaces/auto_aim_interfaces/msg/rosidl_typesupport_fastrtps_cpp__visibility_control.h
[1.943s] -- Up-to-date: /home/rosnoetic/rm_shaobing_vision/install/auto_aim_interfaces/include/auto_aim_interfaces/auto_aim_interfaces/msg/detail
[1.944s] -- Up-to-date: /home/rosnoetic/rm_shaobing_vision/install/auto_aim_interfaces/include/auto_aim_interfaces/auto_aim_interfaces/msg/detail/armor__rosidl_typesupport_fastrtps_cpp.hpp
[1.944s] -- Up-to-date: /home/rosnoetic/rm_shaobing_vision/install/auto_aim_interfaces/include/auto_aim_interfaces/auto_aim_interfaces/msg/detail/target__rosidl_typesupport_fastrtps_cpp.hpp
[1.944s] -- Up-to-date: /home/rosnoetic/rm_shaobing_vision/install/auto_aim_interfaces/include/auto_aim_interfaces/auto_aim_interfaces/msg/detail/armors__rosidl_typesupport_fastrtps_cpp.hpp
[1.944s] -- Up-to-date: /home/rosnoetic/rm_shaobing_vision/install/auto_aim_interfaces/include/auto_aim_interfaces/auto_aim_interfaces/msg/detail/debug_armors__rosidl_typesupport_fastrtps_cpp.hpp
[1.944s] -- Up-to-date: /home/rosnoetic/rm_shaobing_vision/install/auto_aim_interfaces/include/auto_aim_interfaces/auto_aim_interfaces/msg/detail/debug_lights__rosidl_typesupport_fastrtps_cpp.hpp
[1.944s] -- Up-to-date: /home/rosnoetic/rm_shaobing_vision/install/auto_aim_interfaces/include/auto_aim_interfaces/auto_aim_interfaces/msg/detail/debug_light__rosidl_typesupport_fastrtps_cpp.hpp
[1.944s] -- Up-to-date: /home/rosnoetic/rm_shaobing_vision/install/auto_aim_interfaces/include/auto_aim_interfaces/auto_aim_interfaces/msg/detail/time_info__rosidl_typesupport_fastrtps_cpp.hpp
[1.944s] -- Up-to-date: /home/rosnoetic/rm_shaobing_vision/install/auto_aim_interfaces/include/auto_aim_interfaces/auto_aim_interfaces/msg/detail/dds_fastrtps
[1.944s] -- Up-to-date: /home/rosnoetic/rm_shaobing_vision/install/auto_aim_interfaces/include/auto_aim_interfaces/auto_aim_interfaces/msg/detail/time_series__rosidl_typesupport_fastrtps_cpp.hpp
[1.945s] -- Up-to-date: /home/rosnoetic/rm_shaobing_vision/install/auto_aim_interfaces/include/auto_aim_interfaces/auto_aim_interfaces/msg/detail/tracker_info__rosidl_typesupport_fastrtps_cpp.hpp
[1.945s] -- Up-to-date: /home/rosnoetic/rm_shaobing_vision/install/auto_aim_interfaces/include/auto_aim_interfaces/auto_aim_interfaces/msg/detail/debug_armor__rosidl_typesupport_fastrtps_cpp.hpp
[1.945s] -- Up-to-date: /home/rosnoetic/rm_shaobing_vision/install/auto_aim_interfaces/lib/libauto_aim_interfaces__rosidl_typesupport_fastrtps_cpp.so
[1.945s] -- Up-to-date: /home/rosnoetic/rm_shaobing_vision/install/auto_aim_interfaces/include/auto_aim_interfaces/auto_aim_interfaces
[1.945s] -- Up-to-date: /home/rosnoetic/rm_shaobing_vision/install/auto_aim_interfaces/include/auto_aim_interfaces/auto_aim_interfaces/msg
[1.945s] -- Up-to-date: /home/rosnoetic/rm_shaobing_vision/install/auto_aim_interfaces/include/auto_aim_interfaces/auto_aim_interfaces/msg/detail
[1.945s] -- Up-to-date: /home/rosnoetic/rm_shaobing_vision/install/auto_aim_interfaces/include/auto_aim_interfaces/auto_aim_interfaces/msg/detail/armor__type_support.cpp
[1.945s] -- Up-to-date: /home/rosnoetic/rm_shaobing_vision/install/auto_aim_interfaces/include/auto_aim_interfaces/auto_aim_interfaces/msg/detail/debug_armor__type_support.cpp
[1.945s] -- Up-to-date: /home/rosnoetic/rm_shaobing_vision/install/auto_aim_interfaces/include/auto_aim_interfaces/auto_aim_interfaces/msg/detail/debug_armors__type_support.cpp
[1.945s] -- Up-to-date: /home/rosnoetic/rm_shaobing_vision/install/auto_aim_interfaces/include/auto_aim_interfaces/auto_aim_interfaces/msg/detail/armors__rosidl_typesupport_introspection_cpp.hpp
[1.945s] -- Up-to-date: /home/rosnoetic/rm_shaobing_vision/install/auto_aim_interfaces/include/auto_aim_interfaces/auto_aim_interfaces/msg/detail/armors__type_support.cpp
[1.946s] -- Up-to-date: /home/rosnoetic/rm_shaobing_vision/install/auto_aim_interfaces/include/auto_aim_interfaces/auto_aim_interfaces/msg/detail/tracker_info__type_support.cpp
[1.946s] -- Up-to-date: /home/rosnoetic/rm_shaobing_vision/install/auto_aim_interfaces/include/auto_aim_interfaces/auto_aim_interfaces/msg/detail/debug_lights__rosidl_typesupport_introspection_cpp.hpp
[1.946s] -- Up-to-date: /home/rosnoetic/rm_shaobing_vision/install/auto_aim_interfaces/include/auto_aim_interfaces/auto_aim_interfaces/msg/detail/target__type_support.cpp
[1.946s] -- Up-to-date: /home/rosnoetic/rm_shaobing_vision/install/auto_aim_interfaces/include/auto_aim_interfaces/auto_aim_interfaces/msg/detail/time_series__rosidl_typesupport_introspection_cpp.hpp
[1.946s] -- Up-to-date: /home/rosnoetic/rm_shaobing_vision/install/auto_aim_interfaces/include/auto_aim_interfaces/auto_aim_interfaces/msg/detail/debug_light__rosidl_typesupport_introspection_cpp.hpp
[1.946s] -- Up-to-date: /home/rosnoetic/rm_shaobing_vision/install/auto_aim_interfaces/include/auto_aim_interfaces/auto_aim_interfaces/msg/detail/tracker_info__rosidl_typesupport_introspection_cpp.hpp
[1.946s] -- Up-to-date: /home/rosnoetic/rm_shaobing_vision/install/auto_aim_interfaces/include/auto_aim_interfaces/auto_aim_interfaces/msg/detail/debug_light__type_support.cpp
[1.946s] -- Up-to-date: /home/rosnoetic/rm_shaobing_vision/install/auto_aim_interfaces/include/auto_aim_interfaces/auto_aim_interfaces/msg/detail/debug_lights__type_support.cpp
[1.946s] -- Up-to-date: /home/rosnoetic/rm_shaobing_vision/install/auto_aim_interfaces/include/auto_aim_interfaces/auto_aim_interfaces/msg/detail/time_series__type_support.cpp
[1.946s] -- Up-to-date: /home/rosnoetic/rm_shaobing_vision/install/auto_aim_interfaces/include/auto_aim_interfaces/auto_aim_interfaces/msg/detail/time_info__rosidl_typesupport_introspection_cpp.hpp
[1.946s] -- Up-to-date: /home/rosnoetic/rm_shaobing_vision/install/auto_aim_interfaces/include/auto_aim_interfaces/auto_aim_interfaces/msg/detail/debug_armor__rosidl_typesupport_introspection_cpp.hpp
[1.946s] -- Up-to-date: /home/rosnoetic/rm_shaobing_vision/install/auto_aim_interfaces/include/auto_aim_interfaces/auto_aim_interfaces/msg/detail/target__rosidl_typesupport_introspection_cpp.hpp
[1.947s] -- Up-to-date: /home/rosnoetic/rm_shaobing_vision/install/auto_aim_interfaces/include/auto_aim_interfaces/auto_aim_interfaces/msg/detail/debug_armors__rosidl_typesupport_introspection_cpp.hpp
[1.947s] -- Up-to-date: /home/rosnoetic/rm_shaobing_vision/install/auto_aim_interfaces/include/auto_aim_interfaces/auto_aim_interfaces/msg/detail/armor__rosidl_typesupport_introspection_cpp.hpp
[1.947s] -- Up-to-date: /home/rosnoetic/rm_shaobing_vision/install/auto_aim_interfaces/include/auto_aim_interfaces/auto_aim_interfaces/msg/detail/time_info__type_support.cpp
[1.947s] -- Up-to-date: /home/rosnoetic/rm_shaobing_vision/install/auto_aim_interfaces/lib/libauto_aim_interfaces__rosidl_typesupport_introspection_cpp.so
[1.947s] -- Up-to-date: /home/rosnoetic/rm_shaobing_vision/install/auto_aim_interfaces/lib/libauto_aim_interfaces__rosidl_typesupport_cpp.so
[1.947s] -- Up-to-date: /home/rosnoetic/rm_shaobing_vision/install/auto_aim_interfaces/share/auto_aim_interfaces/environment/pythonpath.sh
[1.947s] -- Up-to-date: /home/rosnoetic/rm_shaobing_vision/install/auto_aim_interfaces/share/auto_aim_interfaces/environment/pythonpath.dsv
[1.947s] -- Up-to-date: /home/rosnoetic/rm_shaobing_vision/install/auto_aim_interfaces/local/lib/python3.10/dist-packages/auto_aim_interfaces-2.0.0-py3.10.egg-info
[1.947s] -- Installing: /home/rosnoetic/rm_shaobing_vision/install/auto_aim_interfaces/local/lib/python3.10/dist-packages/auto_aim_interfaces-2.0.0-py3.10.egg-info/top_level.txt
[1.948s] -- Installing: /home/rosnoetic/rm_shaobing_vision/install/auto_aim_interfaces/local/lib/python3.10/dist-packages/auto_aim_interfaces-2.0.0-py3.10.egg-info/dependency_links.txt
[1.948s] -- Installing: /home/rosnoetic/rm_shaobing_vision/install/auto_aim_interfaces/local/lib/python3.10/dist-packages/auto_aim_interfaces-2.0.0-py3.10.egg-info/PKG-INFO
[1.948s] -- Installing: /home/rosnoetic/rm_shaobing_vision/install/auto_aim_interfaces/local/lib/python3.10/dist-packages/auto_aim_interfaces-2.0.0-py3.10.egg-info/SOURCES.txt
[1.948s] -- Up-to-date: /home/rosnoetic/rm_shaobing_vision/install/auto_aim_interfaces/local/lib/python3.10/dist-packages/auto_aim_interfaces
[1.948s] -- Up-to-date: /home/rosnoetic/rm_shaobing_vision/install/auto_aim_interfaces/local/lib/python3.10/dist-packages/auto_aim_interfaces/auto_aim_interfaces_s__rosidl_typesupport_c.cpython-310-x86_64-linux-gnu.so
[1.948s] -- Up-to-date: /home/rosnoetic/rm_shaobing_vision/install/auto_aim_interfaces/local/lib/python3.10/dist-packages/auto_aim_interfaces/libauto_aim_interfaces__rosidl_generator_py.so
[1.948s] -- Up-to-date: /home/rosnoetic/rm_shaobing_vision/install/auto_aim_interfaces/local/lib/python3.10/dist-packages/auto_aim_interfaces/_auto_aim_interfaces_s.ep.rosidl_typesupport_introspection_c.c
[1.948s] -- Up-to-date: /home/rosnoetic/rm_shaobing_vision/install/auto_aim_interfaces/local/lib/python3.10/dist-packages/auto_aim_interfaces/__init__.py
[1.948s] -- Up-to-date: /home/rosnoetic/rm_shaobing_vision/install/auto_aim_interfaces/local/lib/python3.10/dist-packages/auto_aim_interfaces/msg
[1.948s] -- Up-to-date: /home/rosnoetic/rm_shaobing_vision/install/auto_aim_interfaces/local/lib/python3.10/dist-packages/auto_aim_interfaces/msg/_target_s.c
[1.948s] -- Up-to-date: /home/rosnoetic/rm_shaobing_vision/install/auto_aim_interfaces/local/lib/python3.10/dist-packages/auto_aim_interfaces/msg/_target.py
[1.949s] -- Up-to-date: /home/rosnoetic/rm_shaobing_vision/install/auto_aim_interfaces/local/lib/python3.10/dist-packages/auto_aim_interfaces/msg/_armor.py
[1.949s] -- Up-to-date: /home/rosnoetic/rm_shaobing_vision/install/auto_aim_interfaces/local/lib/python3.10/dist-packages/auto_aim_interfaces/msg/_debug_armor_s.c
[1.949s] -- Up-to-date: /home/rosnoetic/rm_shaobing_vision/install/auto_aim_interfaces/local/lib/python3.10/dist-packages/auto_aim_interfaces/msg/_debug_lights.py
[1.949s] -- Up-to-date: /home/rosnoetic/rm_shaobing_vision/install/auto_aim_interfaces/local/lib/python3.10/dist-packages/auto_aim_interfaces/msg/_time_series_s.c
[1.949s] -- Up-to-date: /home/rosnoetic/rm_shaobing_vision/install/auto_aim_interfaces/local/lib/python3.10/dist-packages/auto_aim_interfaces/msg/_armors_s.c
[1.949s] -- Up-to-date: /home/rosnoetic/rm_shaobing_vision/install/auto_aim_interfaces/local/lib/python3.10/dist-packages/auto_aim_interfaces/msg/__init__.py
[1.949s] -- Up-to-date: /home/rosnoetic/rm_shaobing_vision/install/auto_aim_interfaces/local/lib/python3.10/dist-packages/auto_aim_interfaces/msg/_armors.py
[1.949s] -- Up-to-date: /home/rosnoetic/rm_shaobing_vision/install/auto_aim_interfaces/local/lib/python3.10/dist-packages/auto_aim_interfaces/msg/_time_info_s.c
[1.949s] -- Up-to-date: /home/rosnoetic/rm_shaobing_vision/install/auto_aim_interfaces/local/lib/python3.10/dist-packages/auto_aim_interfaces/msg/_tracker_info.py
[1.949s] -- Up-to-date: /home/rosnoetic/rm_shaobing_vision/install/auto_aim_interfaces/local/lib/python3.10/dist-packages/auto_aim_interfaces/msg/_debug_armors.py
[1.950s] -- Up-to-date: /home/rosnoetic/rm_shaobing_vision/install/auto_aim_interfaces/local/lib/python3.10/dist-packages/auto_aim_interfaces/msg/_armor_s.c
[1.950s] -- Up-to-date: /home/rosnoetic/rm_shaobing_vision/install/auto_aim_interfaces/local/lib/python3.10/dist-packages/auto_aim_interfaces/msg/_debug_armors_s.c
[1.950s] -- Up-to-date: /home/rosnoetic/rm_shaobing_vision/install/auto_aim_interfaces/local/lib/python3.10/dist-packages/auto_aim_interfaces/msg/_tracker_info_s.c
[1.950s] -- Up-to-date: /home/rosnoetic/rm_shaobing_vision/install/auto_aim_interfaces/local/lib/python3.10/dist-packages/auto_aim_interfaces/msg/_debug_light_s.c
[1.950s] -- Up-to-date: /home/rosnoetic/rm_shaobing_vision/install/auto_aim_interfaces/local/lib/python3.10/dist-packages/auto_aim_interfaces/msg/_debug_lights_s.c
[1.950s] -- Up-to-date: /home/rosnoetic/rm_shaobing_vision/install/auto_aim_interfaces/local/lib/python3.10/dist-packages/auto_aim_interfaces/msg/_time_info.py
[1.950s] -- Up-to-date: /home/rosnoetic/rm_shaobing_vision/install/auto_aim_interfaces/local/lib/python3.10/dist-packages/auto_aim_interfaces/msg/_debug_armor.py
[1.950s] -- Up-to-date: /home/rosnoetic/rm_shaobing_vision/install/auto_aim_interfaces/local/lib/python3.10/dist-packages/auto_aim_interfaces/msg/_debug_light.py
[1.950s] -- Up-to-date: /home/rosnoetic/rm_shaobing_vision/install/auto_aim_interfaces/local/lib/python3.10/dist-packages/auto_aim_interfaces/msg/_time_series.py
[1.950s] -- Up-to-date: /home/rosnoetic/rm_shaobing_vision/install/auto_aim_interfaces/local/lib/python3.10/dist-packages/auto_aim_interfaces/_auto_aim_interfaces_s.ep.rosidl_typesupport_c.c
[1.950s] -- Up-to-date: /home/rosnoetic/rm_shaobing_vision/install/auto_aim_interfaces/local/lib/python3.10/dist-packages/auto_aim_interfaces/_auto_aim_interfaces_s.ep.rosidl_typesupport_fastrtps_c.c
[1.950s] -- Up-to-date: /home/rosnoetic/rm_shaobing_vision/install/auto_aim_interfaces/local/lib/python3.10/dist-packages/auto_aim_interfaces/auto_aim_interfaces_s__rosidl_typesupport_fastrtps_c.cpython-310-x86_64-linux-gnu.so
[1.951s] -- Up-to-date: /home/rosnoetic/rm_shaobing_vision/install/auto_aim_interfaces/local/lib/python3.10/dist-packages/auto_aim_interfaces/auto_aim_interfaces_s__rosidl_typesupport_introspection_c.cpython-310-x86_64-linux-gnu.so
[1.980s] Listing '/home/rosnoetic/rm_shaobing_vision/install/auto_aim_interfaces/local/lib/python3.10/dist-packages/auto_aim_interfaces'...
[1.980s] Listing '/home/rosnoetic/rm_shaobing_vision/install/auto_aim_interfaces/local/lib/python3.10/dist-packages/auto_aim_interfaces/msg'...
[1.985s] -- Up-to-date: /home/rosnoetic/rm_shaobing_vision/install/auto_aim_interfaces/local/lib/python3.10/dist-packages/auto_aim_interfaces/auto_aim_interfaces_s__rosidl_typesupport_fastrtps_c.cpython-310-x86_64-linux-gnu.so
[1.985s] -- Up-to-date: /home/rosnoetic/rm_shaobing_vision/install/auto_aim_interfaces/local/lib/python3.10/dist-packages/auto_aim_interfaces/auto_aim_interfaces_s__rosidl_typesupport_introspection_c.cpython-310-x86_64-linux-gnu.so
[1.986s] -- Up-to-date: /home/rosnoetic/rm_shaobing_vision/install/auto_aim_interfaces/local/lib/python3.10/dist-packages/auto_aim_interfaces/auto_aim_interfaces_s__rosidl_typesupport_c.cpython-310-x86_64-linux-gnu.so
[1.986s] -- Up-to-date: /home/rosnoetic/rm_shaobing_vision/install/auto_aim_interfaces/lib/libauto_aim_interfaces__rosidl_generator_py.so
[1.987s] -- Up-to-date: /home/rosnoetic/rm_shaobing_vision/install/auto_aim_interfaces/share/auto_aim_interfaces/msg/Armor.idl
[1.987s] -- Up-to-date: /home/rosnoetic/rm_shaobing_vision/install/auto_aim_interfaces/share/auto_aim_interfaces/msg/Armors.idl
[1.988s] -- Up-to-date: /home/rosnoetic/rm_shaobing_vision/install/auto_aim_interfaces/share/auto_aim_interfaces/msg/Target.idl
[1.989s] -- Up-to-date: /home/rosnoetic/rm_shaobing_vision/install/auto_aim_interfaces/share/auto_aim_interfaces/msg/DebugLight.idl
[1.989s] -- Up-to-date: /home/rosnoetic/rm_shaobing_vision/install/auto_aim_interfaces/share/auto_aim_interfaces/msg/DebugLights.idl
[1.989s] -- Up-to-date: /home/rosnoetic/rm_shaobing_vision/install/auto_aim_interfaces/share/auto_aim_interfaces/msg/DebugArmor.idl
[1.989s] -- Up-to-date: /home/rosnoetic/rm_shaobing_vision/install/auto_aim_interfaces/share/auto_aim_interfaces/msg/DebugArmors.idl
[1.989s] -- Up-to-date: /home/rosnoetic/rm_shaobing_vision/install/auto_aim_interfaces/share/auto_aim_interfaces/msg/TrackerInfo.idl
[1.989s] -- Up-to-date: /home/rosnoetic/rm_shaobing_vision/install/auto_aim_interfaces/share/auto_aim_interfaces/msg/TimeInfo.idl
[1.989s] -- Up-to-date: /home/rosnoetic/rm_shaobing_vision/install/auto_aim_interfaces/share/auto_aim_interfaces/msg/TimeSeries.idl
[1.990s] -- Up-to-date: /home/rosnoetic/rm_shaobing_vision/install/auto_aim_interfaces/share/auto_aim_interfaces/msg/Armor.msg
[1.990s] -- Up-to-date: /home/rosnoetic/rm_shaobing_vision/install/auto_aim_interfaces/share/auto_aim_interfaces/msg/Armors.msg
[1.990s] -- Up-to-date: /home/rosnoetic/rm_shaobing_vision/install/auto_aim_interfaces/share/auto_aim_interfaces/msg/Target.msg
[1.990s] -- Up-to-date: /home/rosnoetic/rm_shaobing_vision/install/auto_aim_interfaces/share/auto_aim_interfaces/msg/DebugLight.msg
[1.990s] -- Up-to-date: /home/rosnoetic/rm_shaobing_vision/install/auto_aim_interfaces/share/auto_aim_interfaces/msg/DebugLights.msg
[1.990s] -- Up-to-date: /home/rosnoetic/rm_shaobing_vision/install/auto_aim_interfaces/share/auto_aim_interfaces/msg/DebugArmor.msg
[1.991s] -- Up-to-date: /home/rosnoetic/rm_shaobing_vision/install/auto_aim_interfaces/share/auto_aim_interfaces/msg/DebugArmors.msg
[1.991s] -- Up-to-date: /home/rosnoetic/rm_shaobing_vision/install/auto_aim_interfaces/share/auto_aim_interfaces/msg/TrackerInfo.msg
[1.991s] -- Up-to-date: /home/rosnoetic/rm_shaobing_vision/install/auto_aim_interfaces/share/auto_aim_interfaces/msg/TimeInfo.msg
[1.991s] -- Up-to-date: /home/rosnoetic/rm_shaobing_vision/install/auto_aim_interfaces/share/auto_aim_interfaces/msg/TimeSeries.msg
[1.992s] -- Up-to-date: /home/rosnoetic/rm_shaobing_vision/install/auto_aim_interfaces/share/ament_index/resource_index/package_run_dependencies/auto_aim_interfaces
[1.992s] -- Up-to-date: /home/rosnoetic/rm_shaobing_vision/install/auto_aim_interfaces/share/ament_index/resource_index/parent_prefix_path/auto_aim_interfaces
[1.992s] -- Up-to-date: /home/rosnoetic/rm_shaobing_vision/install/auto_aim_interfaces/share/auto_aim_interfaces/environment/ament_prefix_path.sh
[1.993s] -- Up-to-date: /home/rosnoetic/rm_shaobing_vision/install/auto_aim_interfaces/share/auto_aim_interfaces/environment/ament_prefix_path.dsv
[1.993s] -- Up-to-date: /home/rosnoetic/rm_shaobing_vision/install/auto_aim_interfaces/share/auto_aim_interfaces/environment/path.sh
[1.993s] -- Up-to-date: /home/rosnoetic/rm_shaobing_vision/install/auto_aim_interfaces/share/auto_aim_interfaces/environment/path.dsv
[1.993s] -- Up-to-date: /home/rosnoetic/rm_shaobing_vision/install/auto_aim_interfaces/share/auto_aim_interfaces/local_setup.bash
[1.993s] -- Up-to-date: /home/rosnoetic/rm_shaobing_vision/install/auto_aim_interfaces/share/auto_aim_interfaces/local_setup.sh
[1.994s] -- Up-to-date: /home/rosnoetic/rm_shaobing_vision/install/auto_aim_interfaces/share/auto_aim_interfaces/local_setup.zsh
[1.994s] -- Up-to-date: /home/rosnoetic/rm_shaobing_vision/install/auto_aim_interfaces/share/auto_aim_interfaces/local_setup.dsv
[1.994s] -- Installing: /home/rosnoetic/rm_shaobing_vision/install/auto_aim_interfaces/share/auto_aim_interfaces/package.dsv
[1.995s] -- Up-to-date: /home/rosnoetic/rm_shaobing_vision/install/auto_aim_interfaces/share/ament_index/resource_index/packages/auto_aim_interfaces
[1.995s] -- Up-to-date: /home/rosnoetic/rm_shaobing_vision/install/auto_aim_interfaces/share/auto_aim_interfaces/cmake/export_auto_aim_interfaces__rosidl_generator_cExport.cmake
[1.995s] -- Up-to-date: /home/rosnoetic/rm_shaobing_vision/install/auto_aim_interfaces/share/auto_aim_interfaces/cmake/export_auto_aim_interfaces__rosidl_generator_cExport-noconfig.cmake
[1.995s] -- Up-to-date: /home/rosnoetic/rm_shaobing_vision/install/auto_aim_interfaces/share/auto_aim_interfaces/cmake/export_auto_aim_interfaces__rosidl_typesupport_fastrtps_cExport.cmake
[1.995s] -- Up-to-date: /home/rosnoetic/rm_shaobing_vision/install/auto_aim_interfaces/share/auto_aim_interfaces/cmake/export_auto_aim_interfaces__rosidl_typesupport_fastrtps_cExport-noconfig.cmake
[1.996s] -- Up-to-date: /home/rosnoetic/rm_shaobing_vision/install/auto_aim_interfaces/share/auto_aim_interfaces/cmake/auto_aim_interfaces__rosidl_typesupport_introspection_cExport.cmake
[1.996s] -- Up-to-date: /home/rosnoetic/rm_shaobing_vision/install/auto_aim_interfaces/share/auto_aim_interfaces/cmake/auto_aim_interfaces__rosidl_typesupport_introspection_cExport-noconfig.cmake
[1.996s] -- Up-to-date: /home/rosnoetic/rm_shaobing_vision/install/auto_aim_interfaces/share/auto_aim_interfaces/cmake/auto_aim_interfaces__rosidl_typesupport_cExport.cmake
[1.996s] -- Up-to-date: /home/rosnoetic/rm_shaobing_vision/install/auto_aim_interfaces/share/auto_aim_interfaces/cmake/auto_aim_interfaces__rosidl_typesupport_cExport-noconfig.cmake
[1.996s] -- Up-to-date: /home/rosnoetic/rm_shaobing_vision/install/auto_aim_interfaces/share/auto_aim_interfaces/cmake/export_auto_aim_interfaces__rosidl_generator_cppExport.cmake
[1.996s] -- Up-to-date: /home/rosnoetic/rm_shaobing_vision/install/auto_aim_interfaces/share/auto_aim_interfaces/cmake/export_auto_aim_interfaces__rosidl_typesupport_fastrtps_cppExport.cmake
[1.996s] -- Up-to-date: /home/rosnoetic/rm_shaobing_vision/install/auto_aim_interfaces/share/auto_aim_interfaces/cmake/export_auto_aim_interfaces__rosidl_typesupport_fastrtps_cppExport-noconfig.cmake
[1.996s] -- Up-to-date: /home/rosnoetic/rm_shaobing_vision/install/auto_aim_interfaces/share/auto_aim_interfaces/cmake/auto_aim_interfaces__rosidl_typesupport_introspection_cppExport.cmake
[1.996s] -- Up-to-date: /home/rosnoetic/rm_shaobing_vision/install/auto_aim_interfaces/share/auto_aim_interfaces/cmake/auto_aim_interfaces__rosidl_typesupport_introspection_cppExport-noconfig.cmake
[1.996s] -- Up-to-date: /home/rosnoetic/rm_shaobing_vision/install/auto_aim_interfaces/share/auto_aim_interfaces/cmake/auto_aim_interfaces__rosidl_typesupport_cppExport.cmake
[1.996s] -- Up-to-date: /home/rosnoetic/rm_shaobing_vision/install/auto_aim_interfaces/share/auto_aim_interfaces/cmake/auto_aim_interfaces__rosidl_typesupport_cppExport-noconfig.cmake
[1.996s] -- Up-to-date: /home/rosnoetic/rm_shaobing_vision/install/auto_aim_interfaces/share/auto_aim_interfaces/cmake/export_auto_aim_interfaces__rosidl_generator_pyExport.cmake
[1.996s] -- Up-to-date: /home/rosnoetic/rm_shaobing_vision/install/auto_aim_interfaces/share/auto_aim_interfaces/cmake/export_auto_aim_interfaces__rosidl_generator_pyExport-noconfig.cmake
[1.996s] -- Up-to-date: /home/rosnoetic/rm_shaobing_vision/install/auto_aim_interfaces/share/auto_aim_interfaces/cmake/rosidl_cmake-extras.cmake
[1.997s] -- Up-to-date: /home/rosnoetic/rm_shaobing_vision/install/auto_aim_interfaces/share/auto_aim_interfaces/cmake/ament_cmake_export_dependencies-extras.cmake
[1.997s] -- Up-to-date: /home/rosnoetic/rm_shaobing_vision/install/auto_aim_interfaces/share/auto_aim_interfaces/cmake/ament_cmake_export_include_directories-extras.cmake
[1.997s] -- Up-to-date: /home/rosnoetic/rm_shaobing_vision/install/auto_aim_interfaces/share/auto_aim_interfaces/cmake/ament_cmake_export_libraries-extras.cmake
[1.997s] -- Up-to-date: /home/rosnoetic/rm_shaobing_vision/install/auto_aim_interfaces/share/auto_aim_interfaces/cmake/ament_cmake_export_targets-extras.cmake
[1.997s] -- Up-to-date: /home/rosnoetic/rm_shaobing_vision/install/auto_aim_interfaces/share/auto_aim_interfaces/cmake/rosidl_cmake_export_typesupport_targets-extras.cmake
[1.997s] -- Up-to-date: /home/rosnoetic/rm_shaobing_vision/install/auto_aim_interfaces/share/auto_aim_interfaces/cmake/rosidl_cmake_export_typesupport_libraries-extras.cmake
[1.997s] -- Up-to-date: /home/rosnoetic/rm_shaobing_vision/install/auto_aim_interfaces/share/auto_aim_interfaces/cmake/auto_aim_interfacesConfig.cmake
[1.997s] -- Up-to-date: /home/rosnoetic/rm_shaobing_vision/install/auto_aim_interfaces/share/auto_aim_interfaces/cmake/auto_aim_interfacesConfig-version.cmake
[1.997s] -- Up-to-date: /home/rosnoetic/rm_shaobing_vision/install/auto_aim_interfaces/share/auto_aim_interfaces/package.xml
[2.000s] Invoked command in '/home/rosnoetic/rm_shaobing_vision/build/auto_aim_interfaces' returned '0': CMAKE_PREFIX_PATH=${CMAKE_PREFIX_PATH}:/home/rosnoetic/ros_ws/install/rm_vision_bringup:/home/rosnoetic/ros_ws/install/rm_serial_driver:/home/rosnoetic/ros_ws/install/rm_gimbal_description:/home/rosnoetic/ros_ws/install/hik_camera:/home/rosnoetic/ros_ws/install/armor_tracker:/home/rosnoetic/ros_ws/install/armor_detector:/home/rosnoetic/ros_ws/install/auto_aim_interfaces:/opt/ros/humble /usr/bin/cmake --install /home/rosnoetic/rm_shaobing_vision/build/auto_aim_interfaces
